!	476
!!!!!!!!!!!!!!!!!!!!!!!	1
"	221
#-Adwords	1
#13	1
#2	1
#40dn	1
#6	1
#7	1
#8	1
#ActivistJudges	1
#BBB	1
#Christian	1
#DWTS	2
#FAIL	1
#Homophobia	1
#MLB	2
#Maddie	1
#Mormon	1
#NASCAR	1
#NEWS	1
#NOM	1
#Obama	1
#PALM	1
#PKS	1
#RT	1
#Rush	1
#TCOT	5
#TeaParty	1
#Twitter	1
#amazonfail	3
#aprendiz	1
#ariels	1
#badnamesformonstertrucks	1
#cites	1
#college	1
#ctbo	1
#dailyshow	1
#education	1
#faculty	1
#fb	1
#ghostbusters3	1
#glitchmyass	1
#growth	1
#guns	1
#hhrs	1
#hubspot	2
#idol	1
#indycar	1
#jobs	1
#malartic	2
#msm	1
#music	2
#mylifeissohard	1
#nascar	2
#numberplates	1
#oncology	1
#onlinemarketing	1
#p2	2
#postrank	1
#pray4	1
#properties	1
#quote	1
#radio3	1
#royals	1
#scholarly	1
#sgp	1
#startup	1
#susanboyle	1
#taxes	1
#tcot	14
#teabagging	1
#teaching	1
#teaparty	9
#tlot	2
#tpds	2
#twitter	1
#uie	1
#wa	2
#webpart	1
#x2013	2
$	10
$15	1
$2.00	1
$470	1
$6.80	1
$850m	1
%	20
&	43
&#163;3.90	1
&#163;8.10	1
&#39;	5
&#39;s	8
&#39;v.	1
&#8217;m	1
&#8217;s	1
'	90
'S	9
'd	8
'em	3
'll	15
'm	71
're	17
's	175
'til	1
've	22
(	117
)	167
*	31
+	10
,	619
-	215
--	31
---	1
.	1413
. . .	3
..	1
...	243
....	6
.....	2
......	1
.......	1
........	1
.........	1
.08	5
/	62
0	5
0.2	2
004	1
007	1
01..24	1
01.21	1
01.22	1
01.23	1
01.29	1
04	1
0430	1
0730	1
08	1
0900008774	1
1	25
1.1400	1
1.4	1
1.65	1
1.7	1
1/2	1
10	12
10.30	1
100	8
1000	4
10000	2
101	1
102	1
10:05	1
10:35	1
11	4
110	1
1100	1
11:11	1
12	4
120	1
125th	1
13	5
13th	1
14	6
140	1
14:36	1
14th	3
15	3
15.5	1
150	1
16	2
1621	1
17	2
18	1
19	3
1921	1
1988	1
1st	3
2	43
2.0	4
2/3	1
20	10
200	1
2007	6
2009	14
2009-04-14	1
2010	2
2011	1
207	1
21	2
21st	1
23	2
24	3
243	1
247267102	1
25	3
28	2
29	1
29th	1
2:30	1
2nd	4
3	23
3.0	3
3/4	1
30	8
3000	1
322	1
3301	1
3318	1
340	1
35	1
360	3
386	1
4	19
4.3	1
4.9	1
4/14	1
4/15	1
4/9	1
40	4
401	1
404	1
4040	1
405	1
4100	1
450	2
47	3
48	1
5	18
5.1	1
50	7
500	1
506	1
52	1
543.5	1
55	1
58	1
5:45	1
6	6
6.170	1
60	1
69	1
6:30	1
7	6
70	3
73	1
74	1
7571	1
76	1
79	1
7:30	4
7th	1
8	11
8.6	1
80	1
800	1
808	3
84	1
87	1
8:30	1
9	6
9.30	1
9/10	1
9091	1
9127	1
9156	1
9185	1
93	3
933	1
93rd	1
984	1
:	574
;	42
<	6
=	9
>	22
?	212
??????????	1
????????????	1
?????????????????	1
?????????????????????????????????????????	1
@	9
@12C4	1
@37celsius	2
@ARDELLd	2
@BBHLabs	1
@BuzzEdition	1
@Candice_Jo	1
@CourtneyCooper	1
@DesignNewz	1
@DiabetesSupport	2
@Drupal	1
@EleART	1
@Eric_Holdeman	2
@EwasteSuzie25	1
@Faithable	1
@Figliuolo	1
@FreedomRing	1
@GospelChick	1
@HCAN	1
@HotRodGyrl	1
@JustTravlin	1
@LaneKiffinUT	1
@LayneM	2
@MaraBG	1
@MartyNeumeier	1
@McCainBlogette	1
@MeanBot	1
@MegFitz	1
@Oblique_Chirps	1
@PeteCarroll	1
@PeterSantilli	1
@ProsperbyDesign	1
@RedBull	1
@Republicander	1
@RightGirl	1
@SarcasticMomLC	1
@TechMechanic	1
@TheWorkBuzz	1
@ToddSchager	1
@TonyLoyd	1
@Trish_HR	1
@Twitalyzer	1
@ValerieStevens	1
@WakeUpwithDougK	1
@WendyShanahan	1
@abbyharenberg	1
@airamericamedia	1
@alapoet	2
@alexalbrecht	1
@aplusk	2
@asheresque	1
@auctionwally	1
@bjbyrne	1
@brainpicker	1
@briannack	1
@carogonza	1
@chrisbrogan	2
@chrisonhismac	1
@christianpior	1
@cleshen	1
@cleshen:	1
@corvanleeuwen	1
@creattica	1
@danielshea	1
@danwarp	1
@darylhunter	1
@dmscott	1
@drupal	1
@ecrabb	1
@emmaguy	1
@ericgrant	1
@ericjodom	1
@explorechicago	1
@frugaldougal	1
@getdowntown	1
@groupY	1
@gymicrae	1
@ibored	1
@infidelsarecool	1
@insurgent	1
@itsawomansworld	1
@j_ro	1
@jcran	1
@joe_carney	1
@joeciarallo	1
@junie12e	1
@justincutroni	1
@kansasjackass	1
@kayakforacure	1
@kbondelli	1
@kdwashburn	1
@libertyrant	1
@livedesk	1
@lizziegolightly	1
@lynngg	1
@mamasource	1
@mashable	1
@massgovernor	1
@mattcanale	1
@maudnewton	1
@meanbot	1
@michellemalkin	1
@mike_elgan	1
@mikedish	1
@mtlb	1
@munckytown	1
@myrnaslist	1
@mysolarenergy	1
@neverbloomer	1
@nickroshon	1
@ninjen	1
@om	1
@onlygators	1
@paustin110	1
@pbeaulieu	1
@pgillin	1
@physorg_com	1
@pistachio	1
@ponet	1
@redeyechicago	1
@rhpritchard	1
@ryanaraine	1
@sanuzis	1
@securitytwits	1
@sethisis	1
@shellyroche	1
@skitzzo	1
@starandbucwild	1
@staroflondon	1
@straydog9	1
@technolene	1
@thehillers	1
@themediaisdying	1
@thenascarfiles	3
@turbotax	1
@tweetmeme	1
@watchfiremusic	1
@whitneyhess	1
A	37
A.	1
ABC	1
AC	2
ACS	2
ACT	3
ACTION	1
ADO	1
AFTER	1
AGES	1
AIG	2
AIM	1
AIR	1
AJ	1
AK-	1
AKA	1
AL	1
AM	1
AMAZING	1
AND	6
ANNA	1
ANOTHER	1
AOL	1
AORN	1
AP	2
APIC	1
ARE	1
ASAP	1
ASE	1
ASLA	3
AT	1
AT&T	2
ATB	2
ATL	2
ATTORNEY	1
AUDI	2
AUG	1
AWESOME	2
About	6
Abu	1
AceMoney	1
Acrylic	1
Activists	1
Actu	3
Acumen	1
Ad	2
AdReady	1
Adam	3
Adding	3
Adelaide	1
Adidas	1
Admin	1
Administrator	2
Admits	1
Adobe	2
Adotas	1
Ads	1
Adust	1
Advertising	2
Advice	1
Aerial	1
Affiliate	5
Affiliates	1
Afghan	1
Africa	1
African	1
After	7
Afternoon	1
Again	2
Age	1
Agency	1
Agents	1
Aggregator	1
Agresso	2
Air	2
Aircard	1
Ajax	1
Ajmal	1
Al	3
Alan	2
Album	2
Alert	2
Alex	1
Alexandria	1
Alexis	1
Alienating	1
All	9
Alley	1
Allison	4
Allow	1
Aloha	1
Alright	1
Also	5
Alternatives	1
Although	1
Alto	1
Alvin	1
Always	1
Am	3
Amazing	1
Amazon	4
Ambrose	1
AmerLegion	1
America	2
American	9
American-flagged	1
Americans	1
Amira	1
Amy	1
An	4
Ana	1
Analogue	1
Analyst	4
Analytics	4
And	18
Anderson	4
Andrews	1
Android	1
Anesthesiologist	1
Angeles	2
Ann	2
Announce	2
Announces	1
Anoop	1
Another	1
Anoushka	1
Answer	1
Antenna	1
Any	2
Anyone	2
Apartheid	1
App	1
AppStore	5
Apparel	1
Apparently	1
Apple	3
Applications	1
Approach	1
Approaching	1
Approved	1
Aprendiz	1
April	9
Arabic	1
Arbor	1
Arcade	3
Archimedes	1
Archive	1
Arctic	1
Are	13
Area	1
Armageddon	1
Armin	2
Armstrong	1
Around	1
Arrested	2
Arrests	1
Arsenal	1
Arsene	1
Art	2
Articles	2
Artist	1
As	4
Ash	1
Asher	1
Ashton	1
Aspect	1
Assistant	4
Associate	3
Associated	1
Assumption	1
Astonished	1
At	12
Atap	1
Atlanta	4
Atleast	1
Atonement	1
Attack	1
Attempting	1
Attract	2
Attraction	1
Auctionwally	1
Audi	1
Audio	2
August	1
Augusta	1
Augusten	1
Auriemma	1
Austin	1
AutoblogGreen	3
Automatic	1
Autopia	1
Autopilot	1
Available	1
Awaiting	2
Awards	3
Away	1
Awesome	1
Aww	3
B	3
B2	1
BA-K-	1
BARBECUE	1
BBC	1
BC-STV	1
BELIVE	1
BIG	1
BLESS	1
BMW	1
BOGGLING	1
BONES	1
BOOSH	1
BORK	3
BOTTOM	1
BOYLE	1
BR	4
BRAS	1
BRATZ	1
BRCS	2
BREAKING	1
BRENT	1
BRITAINS	1
BRIXTON	1
BRL	1
BUDWEISER	1
BURRRRNED	1
BUSH	1
BYD	1
BYU	1
BaCKYaRD	1
Babbling	1
Babies	1
Baboon	1
Baby	4
Back	9
Bad	3
Bags	1
Baiki	1
Baking	1
Ball	1
Ballast	1
Bambino	1
Ban	1
BanPuppyMills	1
Band	2
Banks	1
Bankston	1
Barack	2
Barcelona	1
Bass	1
Batphone	1
Battery	1
Battle	1
Battlemodo	1
Bauer	1
Bay	1
Be	2
Beach	2
Beats	1
Beautiful	1
Beauty	1
Beca	1
Because	2
Beck	1
Beckett	1
Become	1
Becomes	1
BecomingWhoYouWantToBe	1
Been	7
Behind	3
Being	3
Beli	1
Belize	6
Bell	1
Bellevue	1
Below	1
Benedict	1
Benefits	2
Berkeley	1
Beside	1
Best	10
Beta	1
Better	2
Between	1
Beverly	1
Beyond	2
Bias	1
Big	1
Biggest	1
Bike	2
Bikini	1
Billboards	1
Billy	1
Bingo	1
BioMed	1
Biodynamic	1
Biofuels	1
Birch	1
Birdhouse	1
Birtish	1
Bishop	1
BitTorrent	1
Bizarre	1
Black	5
Blahblahblahblahsicksicksicksick	1
Blame	1
Bldg	1
Blend	2
Bleugh	1
Blog	16
Bloggers	2
Blogging	2
Blogs	1
Bloody	1
Bloomberg	1
Blue	2
Blues	1
Bo	1
Bocor	1
BofA	1
Bon	1
Boner	1
Book	1
Booking	2
Boost	1
Boosting	1
Borg	1
Born	1
Boston	2
Botha	1
Bother	1
Botti	1
Bought	2
Boundaries	1
Bowel	1
Box	2
Boyle	8
Boys	1
Bradley	1
Brady	2
Brain	2
Brand	1
Branding	1
Brands	1
BreakTheMatrix	1
Breakfast	1
Brian	2
Bricks	1
Brighton	1
Brilliant	2
Bring	1
Britain	2
Britains	1
British	4
Broadcasting	1
Brooklyn	1
Brown	3
Browsing	4
Buddhist	1
Buffet	1
Bugger	1
Buick	1
Building	4
Bull	1
Bullets	1
Bulls	1
Bumbung	1
Bump	1
Bur	1
Burnett	2
Burton	1
Bus	1
Business	9
Bust	1
Bust-	1
Busy	1
But	6
Butler	1
Butterfly	1
Buuren	2
Buying	1
By	6
C	9
C.	1
CA	3
CARMEN	1
CD	1
CEO	5
CERT	1
CHF	1
CIA	1
CJW	3
CL	2
CLIR	1
CMO	1
CMS	1
CN	1
CNBC	1
CNN	5
CNO	1
CONTENTION	1
CORE	1
CPHQ	1
CREGG	1
CRM	1
CROSS	1
CSNY-Carry	1
CSR	1
CSS	1
CUTE	1
CV	3
Ca	2
Cadillac	1
Cafe	1
Cake	1
Cali	1
Caliber	1
California	2
Call	1
Called	1
Calling	1
Cameron	1
Camp	1
Campbell	1
Can	8
Canadian	1
Canberra	1
Candidates	1
Cannes	1
Cant	1
Cantina	1
Cape	1
Capitol	1
Capture	1
Car	4
Careers	1
Carnivore	1
Carpet	1
Carrie	1
Carrol	1
Carrot2	1
Casinos	1
Caspian	1
Castro	2
Casts	1
CatWalk	1
Catapult	1
Catherine	1
Catholic	2
Cathy	1
Caught	1
Causing	1
Celeb	1
Celebrate	1
Celebrity	2
Cellebrating	1
Cellphone	1
Cent	1
Center	8
Central	1
Centres	1
Ch	1
Chad	1
Champions	1
Chanel	1
ChangeCamp	1
Changs	1
Chanteloup-les-	1
Chapter	1
Chardonnay	1
Charge	1
Chariot	1
Charles	2
Chase	1
Chat	1
Check	9
Checking	3
Chesapeake	1
Chevy	1
Chic	1
Chillen	1
Chin	1
Chip	1
Chipmunks	1
Chipotle	1
Choosing	1
Choppers	1
Chosen	1
Chris	2
Christ	2
Christian	4
Christine	1
Christmas	11
Chronicle	1
Chrysler	1
Chuan-	1
Chuck	1
Church	2
Cincinnati	1
Cindy	2
Circa	1
Circles	1
Circling	1
City	3
Civility	1
Cleaned	1
Cleaning	1
Clear	2
Clearinghouse	1
Clears	1
Cleary	1
Cleveland	1
Clever	1
Clothes	1
Cloud	1
Cloudy	3
Club	2
Clustering	1
Clusty	1
CoD4	16
Coast	1
Cobo	1
Coco	1
Code	2
Coffee	2
Cogdogroo	1
Cogitator	1
Colbert	2
Collaboration	2
Collection	1
College	3
Color	1
Columbine	1
Come	1
Comes	2
Comic	2
Coming	1
Command-lines	1
Comment	1
Comments	1
Commercial	2
Community	3
Comodo	1
Companies	1
Comparison	1
Complete	1
Composing	1
Computer	1
Con	1
Concept	1
Concerned	1
Condemn	1
Conduit	1
Conference	3
Conficker	1
Confirmed	1
Congrats	3
Congress	2
Connecticut	1
Connex	1
Consistency	1
Conta	1
Contacts	1
Contemplating	2
Contest	1
Continues	1
Controlled	1
Converj	1
Conversation	1
Coo	1
Cool	3
Cooper	1
Corgi	1
Corn	1
Corporate	10
Cosmetic	1
Cost	2
Costa	1
Cougar	1
Could	1
Council	1
Court	1
Covina	1
Cowboys	1
Coworking	1
Craig	1
Crash	1
Crated	1
Craving	1
Crayon	1
Creating	2
CreativeCrowdsColleague	1
Creativos	1
Credits	1
Crime	2
Croix	1
Cross	3
Crosses	1
Crossover	1
Crowds	1
Crowdsourcing	1
Crunch	1
Crying	1
Crystal	1
Cuba	2
Cundall	2
Current	1
Currently	1
Curse	1
Custom	1
Customers	3
Cutting	1
Cy	1
Cyrus	1
Cystic	1
D	11
D-I	1
D.M.C.	1
DA	1
DAILY	1
DBA	1
DC	1
DETROIT	1
DHS	2
DIA	1
DISCRIMINATION	1
DISPATCH	1
DIV	1
DIY	1
DJ	2
DLF	1
DM	2
DMV	1
DS	2
DS-10	2
DUDE	1
DVD	1
Dad	1
Dale	1
Daley	1
Dallas	2
Dam	1
Damaged	1
Damn	2
Danica	1
Danielle	1
Danity	1
Danville	1
Dargens	1
Dark	1
Darn	1
Dat	1
Database	2
Date	2
Dateline	3
David	2
Day	10
Days	3
Daytona	1
Dead	1
Deal	1
Dear	2
Death	1
Debate	2
Debating	1
Decided	3
Decision	1
Decker	1
Deconstructing	1
Degree	1
Del	1
Delicate	1
Demi	1
Denver	1
Departed	1
Descri	1
Description	2
Design	2
Designer	2
Designers	1
Desk	1
Desperate	1
Despite	1
Dessert	1
Details	2
Detroit	2
Developer	1
Developers	2
Developing	1
Development	1
Diagnostic	1
Diallo	8
Diapers	1
Did	4
Diego	1
Digg	1
DiggBar	1
Digital	4
Dilbert	1
Dinner	1
Director	1
Directories	1
Directors	1
Dirty	2
Disabled	1
Discovering	1
Disgusting	1
DishNetwork	1
Display	1
Diving	1
Divorce	1
Dixon	1
DjTiesto	1
Django	1
Do	18
Doc	2
Dock	1
Doctor	2
Doctors	2
Dodge	1
DoeS	1
Does	6
Doggie	1
Doing	1
Dollar	1
Dolphins	1
Domain	1
Dominate	1
Domino	1
Dominos	1
Don	2
Dont	1
Donuts	1
Doors	1
Double	1
Download	2
Downloading	1
Downs	2
Dr	2
Draw	1
Drawing	1
Dream	2
Dreamed	1
Drinking	2
Driven	1
Driving	2
Drop	1
Drug	1
Drukpa	1
Drums	1
Drupal	1
Dry	1
DuCKs	1
Dubai	1
Dude	1
Dumped	1
Durden	1
Dusty	1
Dynamic	1
Dƒ	1
E	1
E-	2
E-Commerce	1
E-REV	1
E5	1
EBay	1
EC	1
ED	1
EDMONTON	1
EG	1
EOD	1
EPEAT	2
ERP	1
ESPN	2
EST	2
EU	1
EURCHF	1
EURGBP	1
EVER	1
EXECUTE	1
Earned	1
Earnhardt	1
Ease	1
Eastbay	1
Easter	3
Eat	1
Eati	1
Eating	3
Economics	2
Economy	3
Ed	1
Edelman	1
Eden	1
Edge	1
Editing	1
Editor	1
Edwards	1
Effectiveness	1
Efforts	1
Efron	1
Eid	1
Either	1
Ele	1
Elective	1
Electric	2
Electrical	1
Element	1
Elements	1
Elmwood	1
Elvis	1
Email	2
Emily	2
Empire	1
End	2
Energy	3
Engaging	1
Engine	8
Engineer	1
Engines	2
English	1
Enhances	1
Enjoying	1
Enough	1
Enriquez	2
Enrollment	1
Enter	1
Entertain	1
Entertainment	1
Entry	1
Environment	1
Epicenter	1
Er	1
Era	1
Eric	2
Erickson	1
Error	1
Errrrr	1
Escrow	1
Especially	1
Essential	1
Essentials	1
Estate	1
Ethical	1
Euro	1
Europe	2
Eurovision	1
Evaluate	1
Even	1
Ever	1
Everest	2
Evernote	1
Every	2
Every-other-day	1
Everyone	2
Everything	3
Evicted	1
Eww	1
Excelerator	1
Excellent	2
Except	1
Exchange	1
Exclusive	1
Executive	1
Exhibits	2
Exmouth	1
Expert	1
Expired	1
Explorer	2
Expo	1
Express	1
Expression	1
Extends	2
Eye	2
FAIL	2
FB	3
FBC	1
FBI	2
FEINSTEIN	1
FEV	1
FIDM	1
FIRINGS	1
FL	1
FNS	1
FOR	2
FORCAST	1
FOX	1
FREE	1
FRIEND	1
FTC	2
FTL	1
FWIW	1
FXstreet	1
FYI	3
Facebook	10
Faction	1
Fagan	1
Fail	2
Fair	2
Families	1
Family	1
FanHouse	2
Faneca	1
Fans	3
Fast	2
Fat	2
Fe	1
Fear	1
Feb	2
Fed	2
Federated	1
Feeds	1
Feelin	1
Feeling	1
Feels	9
Feist	1
Feld	1
Fenway	1
Fest	1
Festival	1
Festmob	1
FiDi	1
Fibrosis	1
Fickle	1
Fifteen	1
Fight	1
Figure	1
Files	1
Filing	1
Fillmore	1
Film	1
Filmmaker	1
Filmmakers	1
Final	2
Finally	4
Find	5
Finds	1
Finished	3
Finnish	1
Fire	4
Fired	1
Firefox	2
Fires	1
First	3
Fit	1
Fitch	2
Fixed	1
Fixing	1
Flashback	1
Flickr	3
Flight	2
Fling	1
Flock	1
Florida	2
Floyd	1
FlyLip	1
Flying	1
Fog	1
Fold	1
Follow	1
Followers	1
Food	2
Foods	1
Fook	1
Football	3
For	14
Forecast	1
Forever	2
Forex	9
Form	1
Former	1
Formula	1
Forrester	1
Forum	2
Found	1
Foundation	1
Four	2
Fox	3
Foxes	1
Foxx	1
Fr..	1
Fragile	2
Frame	1
France	1
Francisco	2
Frank	1
Franken	2
Frankfort	1
Free	4
Freelance	1
Freeman	1
Freestyle	1
French	2
Frenchman	1
Frequency	1
Fresh	1
Freyja	1
Friend	3
Friends	1
Frogtown	1
From	4
Fu	1
Fuck	1
Full	2
Fun	4
Funeral	1
Funk	1
FutureNow	1
G	2
G.	1
GAL	1
GDP	1
GENTILE	1
GET	1
GIVEAWAY	1
GM	2
GM-VOLT	1
GMKTG@aol.com	1
GO	2
GOD	1
GOING	1
GONZALES	1
GOP	1
GOT	1
GPS	3
GTA	1
GUNS	1
Ga	2
Gadgetwise	1
Gael	1
Gah	1
Gala	1
Gallagher	1
Game	2
Gamer	1
Games	1
Garmin	4
Gators	1
Gave	3
Gay	7
Gaydar	1
Geeking	1
Geeks	1
Geez	1
Gellar	1
Generation	1
Generations	1
Geneva	1
Geno	1
Geoff	1
Geographic	1
George	2
Georgia	1
Geothermal	2
Get	7
Gets	1
Gettin	1
Getting	6
Ghraib	1
Giant	1
Giants	1
Gibbs-	2
GigaOm-twitters	1
Gigs	1
Girl	1
Girlfriend	1
Giveaway	1
Giving	1
Glad	1
Glassware	1
Glenn	1
Gloucester	1
Glover	2
Go	3
God	7
Goes	2
Going	16
Gold	2
Goldie	2
Goldman	1
Golf	2
Gone	1
Gonna	3
Good	11
Goodnight	1
Google	10
GoogleTalk	1
Googled	1
Gooooool	1
Gorgeous	1
Gossip	2
Got	6
Gothic	1
Goto	1
Gotta	3
Government	1
Graham	2
Grand	1
Grans	1
Grant	1
Grants	1
Graphic	1
Graphics	1
Grassley	1
Great	5
Greek	1
Green	3
Greenback	1
Greg	1
Gregg	1
Grilling	1
GrokDotCom	1
Ground	1
Group	2
Growing	1
Guard	1
Guerrilla	1
Guest	1
Guide	2
Guitar	1
Guy	1
Gypsy	1
H	2
HA	1
HAAAAA	1
HAPPEN	1
HATE	2
HAVE	1
HBO	1
HCA	4
HDH	1
HE	1
HEARING	1
HERE	2
HEY	1
HFO	1
HHO	2
HO	1
HOT	3
HP	1
HQ	2
HTML	1
HUB	1
HUGE	2
Ha	1
Hackable	1
Had	3
Haha	2
Halloween	1
Hamilton	1
Hammer	1
Handel	1
Hannity	1
Happened	1
Happy	3
Hard	1
Harder	1
Harris	1
Has	4
Hate	1
Haters	1
Have	3
Having	3
Hawaii	1
He	6
Heading	2
Health	1
Healthcare	1
Hear	1
Hearing	1
Heart	1
Heavy	1
Helft	2
Hello	2
Help	1
Helsinki	4
Henderson-based	1
Hendrix6406	6
Henrico	1
Her	3
Herbert	1
Here	3
Heritage	1
Hermannsburg	1
Herndon	1
Hero	1
Heroes	3
Hewitt	2
Hey	5
Hi	3
Highland	1
Hill	1
Hillary	1
Himself	1
Hip	3
Hip-	1
Hiring	1
His	3
History	2
Hit	1
Hmm	1
Holdeman	1
Holder	1
Hole	1
Hollaback	1
Holler	1
Hollywood	2
Holy	1
Holycow	1
Home	2
Homo	1
Honest	2
Hoo	1
Hooray	1
Hoozie	1
Hop	4
Hope	3
Hopefully	2
Hoping	1
Horn	3
Hornby	1
Hospital	5
Hospitalized	1
Host	2
Hosts	1
Hot	1
Hotels	1
House	2
Houses	1
Housing	1
How	20
Howard	1
Hub	1
Huckabee	2
Hudsucker	1
Huell	2
Huge	1
Humans	2
Humidity	7
Hurdle	1
Huskies	1
Huxley	1
Hydration	1
Hydrogen	1
Hype	1
I	414
I.V.	1
IA	6
IANS	1
IF	3
II	1
IKEA	1
IL	1
IM	2
IMPORTANT	1
IMing	1
IN	3
INSIDE	1
INSIGHT	1
INTO	1
IP	2
IPO	2
IS	1
ISNT	1
IT	9
IV	1
Ian	1
Iconic	1
Idol	7
If	11
Ikan	2
Illinois	1
Im	6
Image	1
Imagine	1
Imasu	1
Important	2
Improve	1
In	20
In-depth	1
In-laws	1
Inaba	1
Inbound	1
Independent	2
India	2
Indian	1
Indiana	1
Indians	3
Industrial	1
Industry	1
Ines	1
Inflation	1
Infrastructure	1
Injured	1
Innocent	1
Innovation	1
Insight	2
Inspiring	1
Installed	1
Installing	1
Integration	1
Interested	2
Interesting	2
Internet	5
Interview	1
Interweb	1
Into	1
Introduce	1
Invest	1
Investments	1
Investors	1
Iowans	1
Iraheta	1
Is	17
Isaac	1
Isiah	2
Islands	1
Israel	1
Issues	1
It	34
Italy	1
Ithink	1
Its	6
Ive	2
J	2
J.	1
JABEZ	1
JMHO	1
JRMC	1
JUST	1
Jackson	2
JacobWolfe@Nessie_Monster	1
Jacqueline	1
Jahit	1
Jaiku	1
James	2
Jamie	3
Jamming	1
Janelle	2
Janet	1
Japan	2
Jason	3
Jay	1
Jazz	1
Jeff	1
Jefferson	1
Jennifer	2
Jessica	2
Jesus	2
Jets	2
Jewelry	1
Jill	1
Jimmy	1
Jo	2
Job	9
Joe	3
John	4
Johnny	1
Johns	1
Johnson	1
Johnston	3
Joined	1
Joins	1
JoltID	1
Jonathan	2
Jones	2
Joost	1
Jordan	1
Journal	2
Journos	1
Jovi	1
Joy	1
Juan	2
Judge	1
Julia	1
Julie	1
Juliette	1
Junie	1
Junior	1
Just	30
K	3
K750i	1
KBCUBS10	1
KFFL	1
KGCUBS10	5
KL	1
KRK	1
KVUE	1
Kahuna	1
Kajaani	1
Kalama	1
Kami	1
Kane	1
Kasab	1
Kata	1
Kate	3
Kathmandu	1
Keep	4
Kejiranan	1
Keli	1
Kelley	1
Kelly	5
Kellys	1
Kenny	1
Kent	1
Ketchup	1
Kevin	2
Kill	1
Killa	1
Killed	1
Kim	1
Kindle	1
King	3
Kiosko	1
Kirkland	1
Kiss	1
Knackered	1
Knicks	1
Know	2
Knowledge	1
Knoxville	1
Konu	1
Korea	4
Korg	2
Kudos	1
Kumar	1
Kumparak	1
Kutcher	1
Kyte	1
L	3
L.A.	1
LA	3
LAST	2
LET	1
LGBT	2
LIBERTY	1
LIVE	1
LMAO	3
LMFAO	1
LOL	9
LOLed	1
LOST	1
LOVE	1
LOVED	1
LPT	1
LSU	2
LW	1
La	1
LaMontagna	1
Lactose	1
Laden	1
Lady	1
Lake	1
Lambert	2
Lancashire	1
Lance	1
Lane	1
Lappeenranta	1
Lar	1
Large	2
Larry	2
Las	6
LasetJet	1
Lash	1
Last	1
Later	1
Latest	1
Latin	1
Launching	1
Laundry	1
Law	3
Lawn	1
Lawsuit	1
Layoffs	1
Lead	1
Leads	2
League	1
Leapord	1
Lear	1
Learn	1
Learning	3
LearningTrends	1
Lecturing	2
Lederman	1
Lee	1
Legislators	1
Leicester	1
Leif	1
Leno	1
Less	1
Let	4
Level	1
Levine	2
LiKe	1
Libraries	1
Library	1
Licensing	1
Lie	1
Life	6
Lift	1
Like	2
Liked	1
Lil	2
Limits	1
Lindsay	2
Lindsey	1
Lines	1
Link	1
LinkedIn	1
Linux	1
List	1
Listening	7
Lit	1
Live	3
LiveScience	1
Living	4
LoOK	1
Lobbyists	1
Location	1
Lock	1
Locked	1
Logies	1
Logo	2
Lohan	4
Lol	2
London	3
Lonely	1
Long	2
Longer	1
Look	3
Looking	7
Looks	2
Looms	2
Lopez	1
Lord	1
Los	2
Lose	1
Losing	1
Loss	1
Lots	2
Lotsa	1
Louisiana	1
Love	9
Lovely	2
Loving	1
Luce	1
Luke	1
Lunch	3
M	4
M.	1
M5	1
MA	1
MAKE	1
MC	1
MD	1
MIAMI	1
MICKEY3	5
MIGHTY	1
MIND	1
MLB	3
MLM	2
MNpublius	1
MONEY	1
MOST	2
MPRE	1
MRSA	1
MS	2
MSN	1
MUCH	1
MUSIC	1
MYTHBUSTERS	1
Mac	2
MacBook	4
Macbreak	1
Machine	1
Macs	1
Maddow	1
Made	1
Magazine	1
Maggie	1
Magnet	4
Magnetic	1
Magnolia	1
Mailbag	1
Main	1
Major	1
Make	4
Makers	1
Makes	1
Making	4
Malama	1
Malfunction	1
Malkin	1
Malouf	2
Man	5
Management	2
Manager	1
Manchester	1
Many	1
Marc	1
March	2
Marcos	1
Marcus	1
Mariehamn	1
Marijuana	1
MarilynMonroe	1
Marist	1
Market	3
Marketer	1
Marketers	2
Marketing	10
Marriage	1
Martha	2
Mascara	1
Mash	1
Mason	1
Massive	1
Master	1
Mateo	2
Matt	2
Mauboy	1
Maui	2
Maxim	1
Maxthon	1
May	7
Maybe	6
Maybelline	1
Mazak	2
McD	1
McLaren	1
McLean	1
Me	5
Meals	1
Meant	1
Meathead	1
MedPACS	1
Media	13
Medical	4
Meeting	1
Membekal	1
Merchant	1
Meredith	1
Merges	1
Merry	1
Mesin	1
Messiah	1
Messin	1
Messy	1
Metrics	1
Mets	1
Mexican	1
Miami	1
MiamiHerald	1
Michael	6
Michelle	2
Michigan	2
Microsoft	4
Midnight	1
Miguel	2
Mike	3
Mikkeli	1
Miley	1
Miliband	1
Milk	2
Million	2
Millville	1
Mindbus	1
Mini	1
Mining	1
Minneapolis	1
Minnesota	2
Minus	1
Minutes	4
Mipcom	1
Misdemeanors	1
Mistical	16
Misty	1
Miva	1
Mix	4
Mizrahi	1
Mmh	1
Mmmmm	1
Mobile	2
MobileCrunch	1
Mobuzz	1
Modern	2
Moennig	1
Mohammad	1
Molly	1
Mom	2
MomIF	1
Moments	1
Moms	1
Monae	1
Monday	4
Money	2
Monkeys	1
Moons	1
Moore	1
Morass	1
More	9
Morning	4
Mornington	1
Mortgage	1
Moseley	1
Mosley	1
Mossberg	1
Most	3
Mostly	2
MotionPlus	3
Movie	3
Mow	1
Mozilla	1
Mr.	1
Mrs	1
Mtn	2
Muffin	1
Mujeres	1
Mull	1
Mullins	1
Mum	1
Murfreesboro	1
Murray	1
Muse	1
MuseGlobal	1
Museum	1
Music	3
Must	3
My	19
MySQL	1
MySpace	1
MyTeamRivals	1
Mythbusters	1
N	1
N'T	1
N.	5
N.Y.	1
N95	1
NAHQ	1
NASA	2
NASHVIILLE	1
NAT	1
NC	2
NEGATIVE	1
NEW	2
NEWS	1
NFCA	1
NFL	1
NG	2
NHA	1
NICER	1
NJ	3
NNE	1
NO	1
NOT	4
NOW	1
NPR	2
NRA	1
NSW	1
NULL	6
NW	1
NY	1
NYT	1
NYTimes	1
Nada	1
Nairns	1
Nak	1
Nambu	1
Names	1
Narnia	1
Nashvillians	1
Nate	1
National	4
Nearly	1
Need	5
Needs	1
Neighborhood	1
Neil	1
Nelson	1
Neo	5
Net	3
Netherlands	1
Network	3
Networking	1
Networks	1
Never	3
Neverland	1
New	27
Newbies	1
Newlands	1
News	20
News-	1
NewsCenter	1
Newsday	1
Newspaper	1
Newsweek	1
Next	3
Next-reserve	1
Nice	8
Nick	1
Night	3
Nightmare	1
Nihili	1
Nikki	1
Nils	1
Nintendo	4
Nishimoto	2
No	13
No-no	2
Noerr	1
Nope	1
Nope-	1
Norbert	1
North	2
Norway	1
Norwegian	1
Not	9
Note	2
November	2
Novia	1
Novogratz	1
Novos	1
Now	17
Nuke	1
Number	2
Nurse	1
Nurses	3
Nursing	3
Nurture	1
Nutrition	1
O	6
O-	1
O.	1
OF	2
OK	3
OMG	2
ON	1
OR	1
ORACLE	1
OS	2
OUTSIDE	1
Obama	5
Obviously	1
Odd	1
Of	8
Off	6
Offers	2
Office	2
Officer	2
Official	1
Officially	1
Offspring	1
Oh	16
Ok	2
Okay	1
Oklahoma	1
Old	1
Olgas	1
On	8
Once	1
One	3
One-	1
Online	6
Only	4
Oopps	1
Oops	1
Open	1
Open@MRH	1
OpenSim	1
Operations	2
Opinions	1
Opportunities	2
Optimization	7
Options	1
Or	5
Oracle	1
Oregon	3
Organic	1
Orig	2
Orleans	3
Orlewicz	1
Orphaned	1
Osama	1
Oscars	1
OuR	2
Oulu	1
Our	2
Ousts	1
Out	1
Outdoor	1
Outlook	1
Outweighs	1
Over	2
Overall	1
Overheard	1
Overreacting	1
Overwhelmed	1
Owned	1
Owners	1
PAC	1
PATIENCE	1
PC	1
PCs	1
PDA	1
PETA	2
PF	1
PHB	1
PHP	1
PICTURE	1
PLS	1
PMS	1
PP	1
PPB	1
PR	4
PTI	1
PTs	1
Pa	1
PaRK	1
Pacific	1
Packaging	1
Packed	1
Pacman	1
Pakistan	1
Palo	1
Panamera	1
Panda	1
Panic	1
Papa	1
Paper	1
Papers	1
Parents	1
Paris	3
Park	6
Part	3
Parteibuch	1
Parties	2
Party	3
Pass	1
Passenger57	1
Passion	3
Patch	1
Patient	1
Patrick	1
Patriots	1
Pats	1
Paul	2
Peace	3
Peek	1
Pensando	1
People	3
Per	1
Perfect	2
Perlin	2
Pesce	1
Peter	2
Pettersen	1
Pharmacy	1
Phil	2
Philad	1
Philippines	1
Philly	3
Phoenix	3
Photo	1
PhotoImpact	1
Photomatix	1
Photoshop	1
Pickups	1
Picture	2
Pictures	1
Pink	1
Pirates	3
Piratpartiet	2
Pistachio	1
Pizza	3
Places	1
Plan	1
Planet	1
Planning	2
Plans	2
Plate	1
Platform	1
Platinum	1
Play	5
Player	1
Playing	4
Pleasant	1
Please	4
Pls	1
Plugins	1
Plus	1
Plz	1
PoND	1
PoOL	1
Podcasts	1
Points	1
Poison	1
Police	2
Pontificator	1
Pop	1
Pope	1
Popular	1
Pori	1
Porsche	1
Portable	1
Position	1
Positive	1
Possible	1
Post	2
Post-	1
Posted	13
Potter	1
Potts	1
Powell	1
Power	5
Pownce	1
Pozytywce	1
Practical	1
Prank	1
Predictions	1
Preictably	1
Prentice	1
Prescott	1
President	2
Press	2
Presumed	1
Pretty	1
Preview	1
Prices	1
Prince	1
Principles	1
Prints	1
Prism	1
Pro	1
ProHipHop	1
Probably	1
Process	1
Product	1
Production	1
Profile	1
Program	3
Programs	1
Progress	1
Project	2
Prom	1
Promises	1
Property	1
Protesters	1
Proverb	1
Pt	1
Publication	1
Pulaski	1
Pumkin	1
Punk	1
Put	2
Putra	3
Pwnd	1
QB	1
QOTD	1
QS	1
Quality	1
Quartet	1
Quebec	1
Quentin	2
Quicksilver	1
R	2
RCA	1
RE	1
RED	1
REMEMVBERD	1
REQUIRED	1
RESULTS	1
RIGHT	1
RIGHTS	1
RN	2
ROI	1
ROOM	1
ROWLAND	2
RSS	3
RSpec-installed	1
RT	94
Rachel	1
Racquetball	1
Rad	1
Radicals	1
Rails	6
Rain	1
Raley	1
Ramsey	1
Randolph	1
Random	1
Randomly	1
Randomness	1
Rangers	1
Raser	1
Rather	1
Rathman44	8
Ravi	1
Ray	1
Razor	1
Re	3
Re-formating	1
Reach	1
Read	5
Readers	1
Reading	22
Reagan	2
Real	4
Really	2
Realness	1
Reason	2
Reasor	1
Rebels	2
Recent	4
Recession	1
Recessionary	2
Recipe	1
Reckon	1
Recommendation	1
Recommended	1
Record	1
Recording	1
Recovering	1
Recruit	3
Red	9
Redman	1
References	1
Regan	1
Regents	2
Regional	1
Register	1
Registration	1
Regretting	1
Relation	1
Relay	1
Release	1
Relent	1
Remember	3
Remixes	1
Remote	1
Removing	1
Renaissance	1
Repeat	1
Report	3
Reporter	1
Reporting	1
Reports	1
Reps	1
Reptile	1
ReqCode	1
Required	1
Requisition	1
Rese	1
Research	11
Researcher	1
Researchers	1
Researching	1
Reset	1
Residency	1
Resort	1
Resorts	1
Response	1
Resting	1
Reston	3
Results	4
Resume	1
Retention-	1
Retreat	1
Retro	2
Retromodo	1
Retweet	2
Reuters	1
Revelation	1
Review	3
Reward	1
Reyes	1
Richard	1
Richmond	3
Ride	2
Ridiculous	1
Rifkind	1
Right	1
Right-wing	1
Rihanna	1
Ringl	1
Ripple	1
Roadhouse	1
Roanoke	1
Robert	1
Rock	1
Rocketboom	1
Roky	1
Romania	2
Rome	2
Ron	1
Room	1
Root	1
Rory	2
Rosanne	1
Rose	1
Rospars	1
Roth	1
Round	1
Rovaniemi	1
Royals	1
Rss	1
Ruby	6
Rumor	1
Run-	1
Running	2
Runway	2
Rural	1
Russell	1
Russian	1
Rwanda	1
Ryukyu	1
S	2
SADDEST	1
SAE	1
SAR	1
SATC	1
SB	1
SBS	3
SC-Talk-Show	1
SD	1
SE	1
SEGA	1
SEO	3
SF	1
SHeeeeeeSH	1
SIGN	1
SKype	1
SM	1
SMS	2
SO	1
SPACE	1
SPM	1
SQL	1
STAR	1
STOPTHEPIKEHIKE	1
STRaiGHT	1
SUNNY	1
SUPER	1
SUSAN	1
SUV	1
SWEET	1
Sa	1
Sabrina	2
Sachs	1
Sadly	1
Safe	1
Said	1
Saints	3
Salam	2
Salem	1
Salesforce	1
Salvador	1
Sam	1
Sami	1
Sammi	2
San	5
Sanjay	1
Sans	1
Santa	1
Sara	1
Sarah	1
Saturda	1
Saturday	4
Sauce	1
Savonlinna	1
Saw	1
Saya	1
Says	5
Sc	1
Scaffold	1
Schmidt	1
Scholarship	1
School	2
Science	2
Scotland	1
Scrabulous	1
Screenings	1
Scripting	1
Scrivere	1
Se	1
Sea	1
Sean	1
Search	13
Searchlight	1
Season	3
Second	1
Secret	1
Secrets	1
Sedar	1
See	11
Seeking	1
Seems	3
Select	1
Semester	1
Semi-manual	1
Seminar	1
Senate	4
Senator	1
Send	6
Sending	4
Senior	2
Sense	1
Seriously	1
Server	1
Servers	1
Service	1
Services	1
Session	1
Sessions	1
Set	1
Seto	1
Setting	2
Setup	1
Sexuality	1
Sexxy	1
Shall	2
Shame	1
Shankar	1
SharePoint	1
Sharing	1
Sharks	1
Sharma	1
Sharon	1
She	3
Sheep	1
Shepard	1
Sherk	1
Shit	2
Shiv	1
Shooting	1
Short	3
Shortage	1
Should	3
Shoulda	1
Show	2
Shut	1
Sick	1
Sickness	1
Siebel	1
Sigh	2
Signal	1
Signals	1
Signed	1
Significant	1
Signing	5
Signs	1
Silent	1
Silky	1
Silver	1
Silversun	1
Simon	3
Simple	1
Simply	1
Simpson	1
Sincerely	1
Singapore	2
Singer	1
Site	2
Sites	2
Sitting	8
Skips	1
Skoll	1
Skrocki	3
Skulduggery	1
Skype	3
Slay	1
Sleeping	2
Slipping	1
Slows	1
Small	1
Smeargate	1
Smith	1
Smoooooth	1
Snaek	1
Snow	1
So	14
Sobule	1
Social	14
Society	1
Software	1
Sol	1
Solar	2
Soldier	1
Soldiers	1
Solid	1
Solution	1
Somali	1
Somalia	1
Some	4
Somebody	1
Someone	1
Song	1
Songsmith	1
Sony	1
Soothing	1
Soros	1
Sorry	6
Sorting	1
Sound	1
SoundScan	1
Sounds	1
Source	1
Sourcing	3
South	2
SouthOz	1
Sox	2
Space	1
Spacey	1
Speakerphone	2
Special	2
Spector	1
Speech	1
Speier	1
Spending	1
Spent	1
Spirit	2
Spock	1
SpongeBob	1
Sport	1
Sports	1
Spread	1
Spring	2
Sprint	1
Stacey	1
Stadium	2
Stainless	1
Standing	1
Star	5
Starbucks	4
Starter	1
Starting	3
State	6
States	9
Station	1
Status	3
Stay	3
Ste-	1
Step	3
Stephanie	1
Stephen	2
Steve	3
Stewart	1
Stijn	1
Stiletto	1
Still	8
Stock	2
Stories	1
Story	4
Strain	1
Strange	1
Strategic	1
Strategies	1
Streamline	1
Street	1
Streets	1
Stress	2
Strikes	1
String	1
Struggling	1
Stubby	1
Stuck	2
Student	1
Students	1
Study	1
Studying	3
Stumbled	1
Style	2
Stylus-	1
Submission	1
Submit	1
Subscribe	2
Successful	1
Sucks	1
Sudbury	1
Sudden	1
Sugar	1
Suit	1
Suite	1
Summer	2
Summit	1
Summits	1
Sums	1
Sun	3
Sundance	2
Sunday	3
Sunny	1
Super	1
Supper	1
Support	3
Supreme	1
Sur	1
Sure	2
Surrounds	1
Surveyors	1
Susan	8
Swahili	1
Sweating	1
Sweden	1
Sweet	3
Switch	1
Sydney	1
Synth	1
Systems	3
T	2
T-	1
T-Shirt	2
TALENT	1
TARP	1
TB	1
TBD	4
TEA	2
TEDTalks	1
TEKsystems	2
TEXAS	1
THA	1
THANK	1
THAT	2
THE	8
THEROCK878	13
THISSSS	1
THU	1
THeRe	1
THere	1
TODAY	1
TOP	1
TUNING	1
TV	11
TWEENS	1
TY	1
TYRANNY	1
Table	2
Tablet	1
Tacate	1
Tag	1
Tail	1
Take	2
Taking	6
Talent	4
Talk	1
Talking	4
Talks	1
Tamworth	1
TapTCP	1
Tarantino	2
Target	1
Tate	1
Tatiana	1
Tattoo	1
Tax	1
Tea	4
Teacher	1
Team	1
Tearing	1
Teasers	1
Tebow	1
Techniques	1
Technologies	1
Ted	1
Teen	1
Telapia	1
Teleconf	2
Tell	1
Tells	1
Telstra	1
Ten	1
Tennant	1
Tennessee	1
Tennis	1
Terrace	1
Test	4
Tested	1
Testing	7
Tevin	1
Texas	2
Th	1
Thailand	1
Thank	5
Thanks	10
Thanx	1
That	16
Thats	1
The	102
TheOnion	1
Theatre	1
Thecrowds	1
Their	1
Theme	1
Then	2
Theology	1
Theory	1
There	6
These	1
They	6
Things	1
Think	3
Thinkig	1
Thinking	3
Third	1
This	16
ThisIs	3
Thom	1
Thomas	4
Those	1
Thoughts	3
Three	4
ThunderCats	1
Thursday	3
Thx	1
Tibetan	1
Tibetans	1
Tim	1
Timbaland	1
Time	4
Times	4
Tips	1
Tired	1
To	14
Today	5
Todoist	1
Tofu	1
Together	2
Toilet	1
Tomorrow	1
Tonight	6
Too	3
Took	1
Tool	1
Top	4
Topic	2
TorrentFreak	1
Toshiba	1
Totally	2
Tough	1
Tour	4
Tourism	1
Tower	1
Tra	1
Track	1
Trade	1
Trader	1
Trading	6
Trailer	1
Trailers	1
Train	1
Training	2
Trait	1
Trance	3
Transit	1
Travel	3
Treadmill	1
Treats	1
Tree	1
Trek	1
Tribune	1
Tried	1
Trips	1
Trout	4
True	2
Trust	1
Try	1
Trying	12
Tuesday	3
Tuesdays	1
Tuna	1
Tuned	1
Turn	2
Turner	1
Turns	1
Tweet	3
TweetDeck	3
Tweetdeck	2
Tweets	2
Twenty	1
Twiiter	1
Twitter	37
Twitter-fam	1
Twitterlings	2
Twitters	1
Twitting	1
Twittr	1
Twizzler	1
Two	1
Tyler	1
U	1
U.S.	3
UAE	1
UB	2
UF	1
UG	1
UI	1
UK	1
UN	1
UNM	1
UP	1
UPA	1
UPDATES	1
US	6
USA	1
USB	1
USD	1
Ubuntu	1
Ugh	1
Uh	1
Ulster	1
Un	1
Uncensoring	1
Uncle	2
Unconfirmed	1
Underground	1
Unemployment	1
Unfortunately	1
Unique	1
United	10
Univ	1
Universal	1
Universe	1
Univesit	1
Unlike	1
Unscientific	1
Until	1
Up	3
Update	2
Updated	1
Updates	1
Updating	1
Uppercut	1
Ups	1
Use	3
Using	1
Usually	1
Utility	1
V-Box	1
V-Machine	1
V-Rack	1
VA	8
VB	1
VENCEDORES	1
VHQC	1
VNC	1
VP	2
VW	1
Vachon	1
Valley	1
Valleywag	1
Vampire	1
Van	2
Variety	2
Vatican	1
Vegas	8
Vehicle	1
Velocity	1
Venti	1
Venus	1
Verizon	1
Verry	1
Very	10
Victor	5
Video	8
Videos	2
View	1
Vignes	1
Vim	1
Vincent	1
Vintage	1
Violations	1
Violence	1
Virginia	1
Virtua	1
Vision	1
Vista	1
Vistronix	1
Visua	1
Visualized	1
Vitale	1
Vivisimo	1
Vod	1
Vodpod	2
Vogue	1
Voiceless	1
Voices	1
Volpi	1
Volt	1
Vonnie	1
Vs	1
W.	2
WA	2
WAHM	1
WAMU	1
WATCHING	1
WAY	2
WEBSITE	1
WHAT	2
WITH	1
WIndows	1
WNW	2
WOOOHOOO	1
WORLD	2
WOW	2
WSJ	1
WTF	1
WWF	1
Wait	1
Waiting	6
Waking	1
Walk	2
Walker	1
Wall	1
Walsh	1
Wang	1
Want	1
Wanting	1
Wants	3
Wardrobe	1
Warren	1
Wars	1
Was	1
Washington	1
Watch	4
Watchdog	1
Watched	1
Watching	27
Watershed	1
Wave	1
Way	3
We	12
WeRe	1
Wearable	1
Weather	7
Web	10
Web2.0	1
Webeo	1
Webinar	1
Weblog	1
Website	3
Wed	1
Wednesday	1
Weeeeeeeeeeeeeeeeeeeeeeeeeeeeeeeeeeeeeeeeeeeeeeee	1
Week	1
Weekend	2
Weekly	1
Weight	2
Welcome	5
Well	6
Welsh	1
Wenger	1
Went	1
Were	1
West	3
What	10
When	7
Whenever	1
Where	2
Whew	1
Which	3
While	1
White	3
Who	4
Whole	1
Whoo	1
Whoops	1
Why	17
WiFi	2
WiMax	1
Wide	1
Wii	6
Wikipedia	1
Wild	2
Wilkins	1
Wilkinson	1
Will	7
Williamsburg	1
Willy	1
Win	2
Winding	1
Windows	1
Winds	7
Winning	1
Winter	2
Wire	1
Wired	2
Wireless	2
Wishing	1
Wishlist	1
Wisin	1
With	8
Without	3
Wizards	1
Wloszczowa	1
Wo	1
WoW	1
Women	2
Wondering	3
Wonka	1
Woo	1
Woodward	1
Woof	1
Woooohooo	1
Word	1
WordPress	2
Work	4
Workforce	1
Working	14
Workplace	1
Works	1
World	5
Worm	1
Worse	1
Worst	2
Worth	1
Wow	3
Writing	1
Written	1
Wrong	1
X	5
X3	1
XSL	1
XY	2
Xbox	1
Y	3
YES	1
YORK	2
YOU	4
Ya	2
Ya-ha	1
Yahoo	3
Yandel	1
Yankee	1
Yankees	1
Yanni	1
Yeah	5
Year	2
Yeeha	1
Yep	1
Yes	9
Yidish	1
York	4
Yorkshireman	1
You	28
YouTube	1
Young	1
Your	11
Yours	1
Yu	1
Yuletide	1
Yum	1
Yusuf	1
Z	1
ZOMG	1
Zac	1
Zappos	1
Zeitgeist	1
Zhena	1
Zig	1
Ziglar	1
Zombiepocalypse	1
Zooey	1
Zoom	1
Zoomi	2
Zootoo	1
Zoya	1
[	21
\	25
]	21
^	4
_	26
`	1
a	454
aaaw	1
aan	1
aaround	1
aaw	1
able	2
abort	1
abortion	1
about	77
above	1
ac	1
accept	1
accepted	1
access	2
accessible	1
accident	1
accidentally	1
according	1
account	5
accounts	1
acct	1
accusations	1
accused	1
acham	1
achieve	1
achievement	1
ack	1
acre	1
across	5
act	1
acting	1
action	1
actress	1
actual	1
actually	9
ad	2
add	3
added	3
adding	5
additional	1
addressing	1
adds	1
addy	1
admin	1
adobo	1
adopted	1
adopter	1
ads	1
advanced	1
advert	1
advertised	1
advertising	2
advice	1
advise	1
advisors	1
adwords	2
aeronaves	1
aerosmith	1
affected	2
affiliate	3
affinity	2
afraid	1
after	18
afternoon	3
ag	1
again	23
against	3
age	1
agencies	1
agency	1
agenda	2
agent	3
agents	1
aging	1
ago	7
agre	1
agree	8
agreed	2
ahahhaha	1
ahead	1
ahem	1
aid	1
air	4
airport	2
airpuffer	1
aka	1
akin	1
albeit	1
album	3
albums	1
alert	1
alive	1
all	50
all-time	1
allegations	1
alliances	1
allow	3
allowed	2
allows	1
almighty	1
almost	5
alone	1
along	2
already	6
alright	1
also	8
alternate	1
although	1
aluminum	1
always	12
am	53
amazing	5
amazon	2
ambek	1
ambiguous	1
amid	1
amidst	1
amigo	1
among	1
amounts	1
an	46
analogies	1
analytics	1
and	289
andar	1
anesthesiologist	1
angel	1
angry	1
anhttp	1
animal	1
animals	1
animatronic	1
anipals	1
anjalis	1
announced	1
announcement	1
announcements	1
announces	1
annoying	1
annual	2
anonmous	1
anonymous	3
another	20
ans	1
answer	2
answered	1
anthology	1
anthrax	1
anti-	1
anti-bikie	1
antibiotics	1
antipathy	1
antique	1
antojo	1
ants	1
any	14
anybody	1
anymore	3
anyone	8
anything	5
anytime	1
anyway	3
apart	1
apartment	1
api	1
apologise	1
app	9
apparently	1
appear	1
appeared	2
appetite	1
apple	2
application	1
applications	1
applied	1
applies	1
apply	1
appreciation	3
apps	2
appt	2
april	1
aqua	1
aquarium	1
aquatic	1
arare	1
architecture	3
are	103
area	1
areif	1
arguably	1
argue	2
arguing	1
armaggedon	1
armed	2
around	8
arrest	1
arrested	1
arrests	1
arrival	1
arrive	1
arrived	4
arsenal	1
art	2
arthur	1
article	5
articles	2
artisan	1
arts	1
arwah	1
as	43
asap	1
asians	2
ask	1
asked	1
asking	3
ass	3
asses	1
assesories	1
asshole	1
assholes	1
assistance	1
assistant	1
associating	1
assure	1
astroturfing	1
at	136
ata	1
atap	1
ate	1
atlas	1
atop	1
attacked	1
attackers	1
attacks	1
attempt	1
attempts	1
attend	1
attendance	1
attending	4
attention	1
auct	1
auction	2
audience	2
audio	3
augusto	1
authenticated	2
authentication	1
authorities	1
auto	1
automatically	1
available	4
awake	1
awarded	1
aware	1
awareness	1
away	7
aweful	1
awesome	6
awkward	2
awry	1
awsome	1
awww	1
b	5
babbling	1
babushka	1
baby	3
back	37
backdrop	1
background	1
backseat	1
backstage	1
backyard	1
bacon	1
bad	7
badly	2
bag	4
bags	2
bailout	1
bailouts	1
baking	1
balance	1
balancing	1
balls	1
ban	1
band	2
bandwidth	1
bank	1
bankrupt	1
banks	1
bankwest	1
banned	2
baroness	1
bars	1
bart	1
baru	1
bas	1
based	3
bash---looking	1
basically	1
basketball	2
battery	1
bb	1
bbcworld	1
bberry	1
bck	1
be	94
beach	3
beans	1
beantownie	1
beard	2
beater	1
beating	1
beautiful	5
beauty	2
because	10
become	5
becoming	1
bed	18
bedroom	1
beebs32	2
been	15
beer	2
before	9
begin	1
begining	1
behavior	1
behaviors	1
behind	1
being	11
belah	1
believe	5
below	2
bem	2
ben	1
benefiting	1
best	10
bestfriend	1
bet	1
beta	4
beta-test	1
bethany	1
bethenny	1
better	10
between	3
beyond	1
bid	2
big	7
bigger	2
biggest	1
bigot	1
bik	1
biker	1
bikini	1
bill	2
billion	1
bills	1
bin	1
bird	1
birthday	3
bit	8
bite	1
bitly	1
bizarre	2
blackdress	1
blame	1
blast	1
bleh	1
blend	1
bless	3
blessed	2
blind	1
blip	10
bloated	1
block	2
blocking	1
blog	19
blogged	1
blogger	1
blogpost	1
blogs	2
blood	2
bloom	1
blowin	1
blowing	2
blown	1
blue	1
bn	1
boa	1
board	1
boats	1
bobbejaanland	1
bobcat	1
bobcats	1
bocor	1
bodily	1
boffins	1
bomb	1
bongos	1
bonuses	1
book	14
bookcase	1
booked	1
booking	1
books	3
bookstore-loving	1
boot	1
booty	1
bored	4
boring	4
borring	1
boss	2
bosslady	1
both	6
bother	1
bothering	1
bothers	1
boucles	1
bought	4
bouncy	1
bourbon	1
bourdain	1
bourroughs	1
bout	2
bowli	1
box	1
boxes	1
boy	2
boys	1
brain	1
brains	1
brainstorming	1
branche	1
branches	1
brand	4
brands	2
break	6
breakfast	3
breaking	1
breaks	2
breakthrough	2
breas	1
breast	1
breath	1
breather	1
breaths	1
brian	1
bridgetowards	1
brief	1
briefing	1
briefly	1
bring	3
brings	1
brits	1
broadband	1
broke	1
broken	1
brother	3
brothers	1
brought	1
brown	1
brownies	1
browse	1
browsing	1
brunch	1
brush	1
brushed	1
brutha	1
bubble	1
bucket	1
buckhead	1
budding	1
buddy	2
budget	2
bugdave	1
buggy	1
bugs	1
build	3
building	3
built-in	1
bulbs	2
bulky	1
bull	1
bumbung	1
bunch	2
bunny	1
burberry	1
burger	1
burglaries	1
burn	1
burning	1
bus	4
busier	1
business	10
businesses	3
busy	5
but	51
but--hope	1
butchered	1
buy	7
buyers	1
buys	1
buzz	1
buzzkill	1
by	51
byk	1
c	4
cARTer	2
ca	10
cable	4
cactus	1
cadaver	1
caesar	1
cafe	1
cake	2
calendar	1
calibre	1
caligraphic	1
call	2
called	5
calling	1
calls	1
calm	1
calming	1
cam	1
came	2
camera	5
cameras	1
camp	2
camping	2
campuses	1
can	51
canals	1
canceled	1
candidate	1
candidate-centric	1
candy	1
canvases	1
cap	1
capabilities	1
capital	1
capitalize	1
car	3
cara	1
caramel	2
card	4
cards	1
care	5
career	4
carey	1
carry	1
carrying	1
cars	3
carter	1
cartoon	1
cas	1
case	5
cases	1
cash	3
cashed	1
casino	1
cat	1
catapult	1
catch	1
catching	2
category	1
catwalk	1
caught	1
cause	3
cd	1
cease	1
cecarian	1
cecerian	1
celebrates	1
celebs	1
cellphone	1
celtics	1
cementing	1
cert	1
certain	1
chablis	1
chaging	1
chainsaw	1
chair	2
challenge	1
challenger	1
chan	1
chance	1
change	5
changed	1
changes	5
changing	3
channel	1
chaperming	1
chaperoning	1
charge	1
charger	2
charity	2
charm	1
chasing	2
chatting	1
cheap	1
check	7
checked	1
checkin	1
checking	8
checkout	1
checkstand	1
cheerios	1
cheers	1
cheese	2
cheesecake	2
chem	3
chese	1
chicks	1
chief	1
childbirth	1
childhood	1
children	3
chile	1
chili	3
chillin	1
chillout	1
chills	1
chinatown	1
chips	1
chocolate	1
choice	2
choinka	1
choix	1
chomping	1
choose	1
choppy	1
chops	1
chore	1
christian	1
christmahannakwanzaa	1
chrome	1
chubby	1
chuck	1
church	3
cider	1
cigarettes	1
cinder-block	1
cited	1
city	4
claim	1
class	3
classic	1
classroom	1
clean	2
cleaning	2
clerk	1
client	2
climate	1
climb	1
climbing	2
clinic	1
clinics	1
clinton	1
close	3
closer	1
closet	1
clue	2
cnn	2
co	1
coach	4
coaster	1
code	6
coding	1
coffee	12
coffeebreak	1
cold	11
colds	1
coleman	1
collaboration	2
collar	2
collars	1
collect	1
collecting	1
collection	1
college	1
colonic	1
color	2
colorful	1
colors	1
com	33
combination	2
come	12
comes	2
comfortable	2
comic	2
coming	11
command-line	1
commas	1
comme	1
comment	3
commented	1
commercial	1
common	1
communicating	1
communications	1
community	1
companies	2
company	4
comparison	1
comparisons	1
compels	1
competition	2
compiling	1
complain	2
complaining	1
complaint	1
complaints	2
completely	2
composing	1
compress	1
compressed-air	1
computer	6
comrades	1
con	1
concentrate	2
concept	4
concerns	1
concert	4
concludes	1
conclustion	1
concrete	1
condition	1
condo	1
conducting	1
conference	6
conferences	1
confess	1
confidence	2
confidential	1
configuration	1
configuring	1
confine	1
confirmed	2
confront	1
congestive	1
congrats	3
connect	2
connection	3
conservatives	1
consider	1
considering	1
considers	1
consignment	1
constant	2
construction	1
consultating	1
consumers	1
consys	1
cont	1
contact	1
contacting	1
content	2
contentious	1
contents	1
contest	1
continuing	1
control	3
controlled	1
conversation	2
cook	1
cookies	1
cooking	4
cookoff	1
cool	19
coordinating	1
copied	1
copters	1
copy	6
core	1
corn	1
corporate	1
corrected	1
correspondents	1
cost	1
costs	1
couch	2
could	13
count	1
counteracts	1
counterform	1
counting	1
country	2
county	1
coupez	1
couple	4
couples	1
courage	1
course	4
cousin	1
cover	4
coverage	1
covered	2
coz	2
crack	1
cracked	2
crafted	1
craig	1
craigslist	1
cranky	2
crap	2
crappy	1
crashing	2
crazy	6
cream	3
create	2
created	1
creates	2
creating	1
creative	2
creativity	1
creepy	1
crew	1
cried	1
crimes	1
crisis	1
criteria	1
croissant	1
cross	4
crossed	1
crosses	1
crossing	1
crossword	1
crouching	1
crowd	1
crowds	1
crucial	1
cruel	2
crushing	2
crutch	1
css	1
culprit	1
cup	2
cup-ha-soup	1
cupcakes	1
curb	1
cure	1
cures--	1
currently	4
cursing	1
custom	1
customer	2
customers	2
cut	2
cvs	2
cylinder	1
d	2
da	2
dahh	1
damaged	1
damn	6
dan	3
dance	1
danger	2
danmccauley.wordpress.com/2009/04/10/easy-eater-dessert/	1
dat	1
data	4
date	2
dates	2
dating	2
daughter	3
dawn	1
day	53
days	16
ddi	1
de	5
dead	2
dead-tree	1
deadline	1
deaf	1
deal	1
dear	1
deathbed	1
debtholder	1
decapitation	1
decide	3
decided	4
decision	1
decisions	2
deck	1
declared	1
dedicate	1
deep	1
deeply	1
def	1
default	1
defending	1
defense	1
defining	1
definitely	4
delivered	1
dell	1
delta	1
delve	1
demande	1
demands	1
demo	1
demonstrate	1
demonstrates	1
depending	1
depends	1
depressed	2
dequacaine	1
derangement	1
derivative	1
describe	1
desert	1
desi	2
design	8
designed	1
designer	2
designers	1
designing	1
designs	2
desire	1
desktop	1
desperation	1
dess	1
dessert	1
destroy	1
details	2
determined	1
deux	1
deve	1
developed	1
developers	2
developing	1
developments	1
device	1
devices	1
dewey	1
dh	1
dhhqtf	1
dialects	1
diapers	1
diarrhea	1
did	18
didn	1
didnt	1
die	1
died	2
dies	1
diff	1
difference	1
difficulties	1
digg	1
digging	1
digital	2
diid	1
dinner	5
dinosaur	1
dioscrimination	1
direct	2
directions	1
disappeared	2
disappointed	1
disaster	1
disavowing	1
disc	1
disclaimer	1
disconcerting	1
discovered	1
discredits	1
discrimination	1
discuss	1
discusses	2
discussing	1
discussion	5
disease	1
disgusting	1
dismiss	1
dispatch	1
displayed	1
distinctive	1
distracting	1
distraction	1
distractions	1
district	1
disturbingly	1
ditch	1
divorcee	1
dizer	1
dns	1
do	82
docs	1
doctor	1
doctors	1
does	23
dog	5
dogs	6
doh	1
doin	1
doing	8
dojo	1
doll	1
dolphins	1
domain	1
domestic	1
dominant	1
done	10
done-	1
dont	1
door	1
doorbell	1
dots	1
double	1
doublechecking	1
doubleheader	1
doubt	1
dow	1
down	13
downloaded	1
downloading	1
downtime	1
downtown	1
doze	1
dozen	1
dozens	1
dr	1
draft	1
draining	1
drawing	1
drawn	1
dreadful	1
dreading	1
dream	1
dreamer	1
dreams	1
dress	1
dressed	1
dresser	1
drink	2
drinking	4
drinks	1
drip	1
drive	3
drivers	2
driving	6
drop	1
dropouts	1
dropped	2
droppin	1
dropping	1
drops	1
drought	1
drudgery	1
drug	2
drummer	1
dry	2
dual-screen	1
dude	2
due	3
duh	1
dump	1
dumping	1
dunk	1
dunno	1
during	2
dusk	2
dust	2
dusty	1
dvd	1
dwiggins	1
dying	1
dynamite	2
e	3
e-ink	1
eBay	4
eICU	1
eLearning	1
eNewsletter	1
eagle	1
earlier	2
early	7
earnings	1
earplugs	2
ears	2
earth	1
earthquake	2
easier	1
easiest	1
easily	2
easy	6
eat	6
eating	2
ebook	1
echo	1
eco	1
economy	2
ecrm	1
edic	1
editing	1
edition	1
educated	1
educating	1
edwards	1
effec	1
effectiveness	1
egg	1
ego	3
eh	1
eid	1
ein	1
either	3
ej	1
el	1
elected	1
election	1
elective	1
electronics	1
elenco	1
else	7
email	16
emailed	1
emailing	1
emails	2
emarketer	1
embark	1
embarrassing	1
emitters	1
emmby	1
emotes	1
employees	2
encourager	1
encyclopedia	1
end	9
ended	2
ends	1
enegetic	1
energy	5
engagement	2
engine	1
enjoy	5
enjoyed	2
enjoying	3
enough	9
enron	1
ensure	1
enter	2
enterprise	3
entire	1
entitled	1
entry	2
environment	1
ep	1
episode	1
episodes	4
epithelia	1
equal	1
equipe	1
equipment	1
er	2
erhead	1
erm	2
error	2
escape	2
especially	1
espresso	2
esse	1
essential	1
est	2
esta	1
et	1
etc	3
eternal	1
ethnic	1
etrade	1
eustacian	1
eve	1
even	9
event	1
event-	1
events	1
ever	10
every	5
everybuddy	1
everyday	2
everyone	13
everything	7
everywhere	1
evidence	1
evil	3
evolution	1
evolutis	1
evolved	1
evry	1
ex	1
exact	1
exam	2
example	1
excelerator	1
excellence	1
excellent	2
except	1
excited	6
exclaimed	1
exclusions	1
excuse	1
executed	1
exhibit	1
exiles	1
exit	1
expect	2
expecting	1
expedition	1
expelling	1
expensive	1
experience	1
experimenting	1
experiments	1
expertise	1
explain	2
exposed	1
expression	1
extend	1
extension	3
external	1
extinct	1
extra	2
extraordinaire	1
extremism	2
extremist	1
eye	1
eyes	2
eziyeti	1
f	1
f-ing	2
fab	2
fabulous	1
face	6
facebook	8
faceboook	1
faces	1
facilities	1
fact	5
factor	1
factories	1
facts	4
fail	3
fails	1
failure	3
failures	1
fainted	1
fair	1
fake	2
fala	1
fall	2
falling	2
falls	1
families	1
family	4
famous	1
fan	4
fantastic-	1
fantasy	1
far	9
farce	1
farther	1
fascinates	1
fashion	2
fast	5
faux	1
fav	3
fave	1
favorite	2
favors	1
favs	1
fear	1
fears	1
feast	1
feathers	1
feature	1
featured	1
features	2
featuring	2
fed	1
federal	2
feds	1
feed	2
feeding	3
feeds	1
feel	12
feeling	8
feels	3
feet	1
fellow	2
felt	2
feminino	1
fenton	1
fentonite	1
ferry	1
fertilizer	1
festivities	1
few	6
fi	1
fiancé	1
ficam	1
fido	1
fielding	1
fiend	1
fierce	1
fight	2
fighting	2
figured	1
file	3
film	2
filter	4
final	2
finally	14
finalsiteu	1
finance	1
finances	1
financing	1
find	9
finding	2
finds	1
fine	4
finest	1
fingers	2
finish	2
finished	13
finishing	3
fire	5
fired	3
firefox	5
firm	2
first	17
fish	5
fishermen	1
fist	1
fit	1
fitting	1
five	1
fix	2
flash	1
flesh	1
flickered	1
flickr	1
flies	1
flight	4
flights	1
flip	1
floats	1
flock	1
flood	3
flow	2
flowers	1
flown	1
flu	1
fluid	1
flute	1
fly	1
flyer	1
flying	1
focus	3
foggy	1
fold	1
folks	2
follow	8
followed	2
followers	7
following	4
follows	1
follows-	1
food	7
fool	2
fools	1
foot	1
football	5
for	293
foreign	1
forensics	1
foresighting	1
forever	2
forget	6
forgive	1
forgot	4
form	1
format	1
formation	1
forms	1
forthcoming	1
forum	2
forward	8
foul	1
found	10
founder	1
fountain	1
four	2
fox	1
fr	1
frame	1
framed	1
framework	1
fran	1
frappaccino	1
frapuccino	1
fratres	2
freaks	1
freazer	1
free	9
freedom	2
freelance	1
freezing	1
french	1
frequency	1
frequently	1
freshman	1
fri	1
friday	1
fridge	1
friend	9
friends	16
fring	1
frite	1
froggy	1
from	82
fron	1
front	4
frustrating	1
fry	1
ft	2
fuck	2
fucking	1
fuckyeahalltimelow	1
fuckyeahjohnohhh	1
fuel	2
fui	1
fulfil	1
full	8
fumi	1
fun	13
function	1
functionality	1
fund	1
fundraiser	1
funds	1
funniest	1
funny	6
furever	1
furikake	1
furious	1
furniture	2
furry	2
further	1
future	1
fuzzier	1
gaan	1
gadget	2
gaga	1
gagn	1
gain	1
gains	1
game	9
games	3
gang	1
garage	1
garbage	1
garden	5
gary	1
gather	1
gave	2
gay	2
gee	1
geek	1
general	1
generated	1
generation	1
genetic	2
genetics	2
genius	1
geniuses	1
geophoto	1
get	55
get-rich-quick	1
gets	6
gettin	2
getting	16
gezellig	1
giant	1
giblet	1
giddy	1
gift	3
gifts	1
gig	1
gigantic	2
gin	1
ginseng	1
girl	3
girlfriend	1
girls	1
give	7
given	1
gives	1
giving	1
gizmodo	1
glad	3
glamorous	1
glasses	3
glitch	1
global	2
globe	1
glossette	1
gmail	1
go	36
goals	1
god	7
goddess	1
godzilla	1
goers	1
goes	3
going	38
goingto	1
golf	1
gone	5
gonna	9
good	38
goodnight	1
gorgeous	1
got	15
got2b	1
gotsta	1
gotta	3
gotten	1
gov	4
government	3
graag	1
grads	1
grainy	1
grammar	1
gran	3
graphics	1
graphs	1
grass	1
grass-roots	1
gravy	1
great	28
green	2
greeting	1
grill	1
grillin	1
grin	1
groove	1
grotesque	1
ground	2
group	4
groups	4
growing	1
growth	1
gtalk	2
guaranteed	1
guess	6
guest	2
gui	1
guide	1
guided	1
guilt	1
guilty	1
guitar	2
gumtree	1
guns	1
gurl	1
gushy	1
gusting	1
guy	9
guys	7
gym	5
h	2
had	21
haha	4
hahaha	1
hahahahahaha	1
hair	5
haircut	1
hairpsray	1
hairspray	1
hairy	2
half	3
halfway	1
hall	1
halloween	1
ham	1
hamburgefonsiv	1
hammock	1
hand	5
hand-watered	1
handing	1
hands	1
handy	1
hang	1
hanging	2
hangover	2
happen	1
happened	1
happening	1
happy	9
happyhappyjoyjoy	1
hard	6
hardcore	1
harder	2
hardly	1
hari	1
haribo	1
harlem	1
harry	1
harvest	1
harvested	1
has	37
hashtag	2
hat	1
hate	11
haute	1
have	77
haven	1
having	8
havoc	2
hazy	1
he	28
head	4
heading	5
heads	1
headscarf	1
headset	1
headtracking	1
health	1
hear	7
heard	7
heart	6
heavily	1
heavy	4
heck	2
hecklers	1
heels	1
heir	1
hell	3
hello	1
hellyeahdude	1
helmets	1
help	10
helped	1
helping	1
helps	1
hendrix6406	1
her	23
here	27
heroin	1
herself	1
het	1
hey	1
hi	1
hide	1
high	5
higher	1
highly	1
highsmith	1
hija	1
hike	1
hiking	1
hill	1
him	9
himself	1
hinder	1
hing	1
hippo	1
hips	1
hiring	1
his	12
historicity	1
history	2
hit	3
hitching	1
hits	1
hitting	1
hockey	1
hogging	1
hold	1
holders	1
holding	1
holds	2
hole	1
holiday	4
holy	2
home	20
home.com	1
homecoming	1
homeless	1
homers	1
hometown	3
homework	2
homie	1
homogenous	1
homosexuals	1
honor	1
hooking	1
hooks	1
hoop-spanner	1
hope	12
hopefully	2
hoping	3
horrible	1
horror	1
horses	1
hospital	2
hospitals	2
host	4
hostel	1
hosting	2
hosts	1
hot	5
hotel	1
hottie	1
hotties	1
hour	2
hours	8
hourse	1
house	11
housewives	1
how	39
howard	1
hr	9
http	2
http"//bit.ly/PHn1	1
http://EzineArticles.com/?id=2210288	1
http://amigopwd.home.att.net/charley.htm	1
http://b	1
http://bit.ly/	1
http://bit.ly/10G5c	1
http://bit.ly/10v8k	1
http://bit.ly/11bSM	1
http://bit.ly/11f8p	1
http://bit.ly/12AHZL	1
http://bit.ly/13PxYD	1
http://bit.ly/13Zj35	1
http://bit.ly/13b5Io	1
http://bit.ly/14HVJo)	1
http://bit.ly/14YYU	1
http://bit.ly/16Tq1G	1
http://bit.ly/16XNY	1
http://bit.ly/173kux	1
http://bit.ly/17MWuS	1
http://bit.ly/17Mhy	1
http://bit.ly/18u4L0	1
http://bit.ly/18uBrU	1
http://bit.ly/19HzlE	1
http://bit.ly/1JWMJ2	1
http://bit.ly/1Q6Vj1	1
http://bit.ly/1ZnVG3	1
http://bit.ly/1ag7E	1
http://bit.ly/1rtsHV	1
http://bit.ly/29HUFQ	1
http://bit.ly/2HXqQO	1
http://bit.ly/2JpN1d	1
http://bit.ly/2MwzUA	1
http://bit.ly/2ODKXY	1
http://bit.ly/2VwJ	1
http://bit.ly/2Wyblx	1
http://bit.ly/2gyiy8	1
http://bit.ly/2urG26	1
http://bit.ly/37qxQ8	1
http://bit.ly/3AUyFv	1
http://bit.ly/3ErL	1
http://bit.ly/3FtRu4	1
http://bit.ly/3IBBTF	1
http://bit.ly/3OqVVv	1
http://bit.ly/3TYJ8	1
http://bit.ly/3UR794	1
http://bit.ly/3b9Oy7	1
http://bit.ly/3jwAAJ	1
http://bit.ly/3kz1kD	1
http://bit.ly/3njJtI	1
http://bit.ly/3ra8V4	1
http://bit.ly/42O41z	1
http://bit.ly/46WUr7	1
http://bit.ly/4bCsJ6	1
http://bit.ly/4bxd7e	1
http://bit.ly/4ufcWe	1
http://bit.ly/5BJqt	1
http://bit.ly/5GYu	1
http://bit.ly/5j6O	1
http://bit.ly/611xB	1
http://bit.ly/643N	1
http://bit.ly/6Cpcd	1
http://bit.ly/70kYY	1
http://bit.ly/7cfNn	1
http://bit.ly/7ggJf	1
http://bit.ly/8m4bL	1
http://bit.ly/9GSUQ	1
http://bit.ly/B24IL	1
http://bit.ly/B5igJ	1
http://bit.ly/C2Pb	1
http://bit.ly/C3NXM	1
http://bit.ly/CrjTc	1
http://bit.ly/DV0Jy	1
http://bit.ly/Drp3M	1
http://bit.ly/DxBk	1
http://bit.ly/E4J	1
http://bit.ly/Fnb2	1
http://bit.ly/IbaZW	1
http://bit.ly/J5ndD	1
http://bit.ly/K7gk	1
http://bit.ly/K9hzF	1
http://bit.ly/Ks2vY	1
http://bit.ly/MEm2	1
http://bit.ly/McxP	1
http://bit.ly/O8UeA	1
http://bit.ly/OIcdV	1
http://bit.ly/PHn1	1
http://bit.ly/Ppe8H	1
http://bit.ly/Q5wAE	1
http://bit.ly/QDGFt	1
http://bit.ly/S52ga	1
http://bit.ly/SSOQ	1
http://bit.ly/Times	1
http://bit.ly/VGKN	1
http://bit.ly/Vj7UZ	1
http://bit.ly/Vmh7H	1
http://bit.ly/WFHx	1
http://bit.ly/X13Vt	1
http://bit.ly/Z3AV	1
http://bit.ly/Z67	1
http://bit.ly/Zepu	1
http://bit.ly/bEAk0	1
http://bit.ly/dOPc6	1
http://bit.ly/eKdNN	1
http://bit.ly/ec1Nd	1
http://bit.ly/etAEX	1
http://bit.ly/f4GnC	1
http://bit.ly/fGslP	1
http://bit.ly/fyQyG	1
http://bit.ly/h9eq	1
http://bit.ly/hMqqc	1
http://bit.ly/i3lHE	1
http://bit.ly/j3Qc	1
http://bit.ly/ktYqG	1
http://bit.ly/lLVp8	1
http://bit.ly/loPtX	1
http://bit.ly/mTJG	1
http://bit.ly/moos9	1
http://bit.ly/nbxLm	1
http://bit.ly/o3SUR	1
http://bit.ly/qc5N	1
http://bit.ly/qgKc3	1
http://bit.ly/schoolofrock	1
http://bit.ly/smcrm	2
http://bit.ly/snSkl	1
http://bit.ly/uNFv	1
http://bit.ly/uwSaV	1
http://bit.ly/x819O	1
http://bit.ly/xF8h	1
http://bit.ly/xe1SS	1
http://bit.ly/xtsC	1
http://bit.ly/zunU	1
http://blip.fm/~4be2h	1
http://blip.fm/~4bf0a	1
http://blip.fm/~4bfer	1
http://blip.fm/~4bffb	1
http://budurl.com/ve53	1
http://cli.gs/3pPTde	1
http://cli.gs/BDJaJ8	1
http://cli.gs/geDB0j	1
http://codebaboon.com/drupal-surfboard	1
http://couponalbum.com/coupons/eastbay.htm	1
http://digg.com/d1ofEb?OTC-twf13	1
http://digg.com/d1ofZc?OTC-twf13	1
http://digg.com/d1oiCm	1
http://digg.com/u110KJ	1
http://ff.im/-279aL	1
http://ff.im/-279qc	1
http://ff.im/-27GWF	1
http://ff.im/-27H2i	1
http://ff.im/-27H3O	1
http://ff.im/279PW	1
http://ff.im/27H2b	1
http://ff.im/27H2d	1
http://flylip.com/t/224983/	1
http://freaklink.com.br/?p=2833	1
http://gamerdna.com/r/sM7	1
http://gonintendo.com/?p=79155	1
http://gonintendo.com/?p=79156	1
http://gonintendo.com/?p=79157	1
http://icerocket.com	1
http://idolfanforum.com/	1
http://is.gd/nNQY	1
http://is.gd/r5KF	1
http://is.gd/rE57	1
http://is.gd/rLI6	1
http://is.gd/rZm2	1
http://is.gd/rydc	1
http://is.gd/s20y	1
http://is.gd/shKz	1
http://is.gd/snaY	1
http://is.gd/spmI	1
http://is.gd/spmK	1
http://is.gd/spoK	1
http://is.gd/spp1	1
http://is.gd/st3m	1
http://is.gd/sufL	1
http://is.gd/sugh	1
http://is.gd/sugi	1
http://is.gd/sugj	1
http://is.gd/sugk	1
http://is.gd/sugl	1
http://is.gd/sugm	1
http://is.gd/sugn	1
http://is.gd/sugo	1
http://is.gd/sugq	1
http://is.gd/sui0	1
http://is.gd/sui8	1
http://jijr.com/hnRN	1
http://organizedtheory.com/	1
http://ow.ly/10Jk	1
http://ow.ly/2CdU	1
http://ow.ly/2QJ2	1
http://ow.ly/2QMX	1
http://ow.ly/2QQ7	1
http://ow.ly/2S4J	1
http://ow.ly/2Tsm	1
http://ow.ly/2TvM	1
http://pestkaj.blogspot.com/	1
http://photofunia.com/	1
http://ping.fm/4fYdR	1
http://ping.fm/MTxzL	1
http://ping.fm/Ss3w5	1
http://plurk.com/p/o7gzn	1
http://plurk.com/p/o7hgk	1
http://plurk.com/p/o8z39	1
http://plurk.com/p/o8z9a	1
http://plurk.com/p/o8z9h	1
http://r.reuters.com/nec24c	1
http://r.reuters.com/pec24c	1
http://r.reuters.com/qec24c	1
http://short.to/3bsq	1
http://short.to/4lve	1
http://sn.im/leakr	1
http://sn.im/trulo	1
http://snipr.com/fu2h2	1
http://snipr.com/fvxvg	1
http://snipr.com/fw1nq	1
http://snipr.com/fwpk0	1
http://snipurl.com/fvlmb	1
http://snipurl.com/fvlnk	1
http://snipurl.com/fvy08	1
http://snipurl.com/fvy0e	1
http://snipurl.com/fwzdu	1
http://snurl.com/fx16e	1
http://t.love.com/204060667	1
http://t.love.com/204067950	1
http://t.love.com/204068476	1
http://theessaycontest.com	1
http://tiny	1
http://tiny.cc/0dTCO	1
http://tiny.cc/ken3	1
http://tiny.cc/ken5	1
http://tinyurl.com/26h5fu	1
http://tinyurl.com/2agwpt	1
http://tinyurl.com/38mqvn	1
http://tinyurl.com/3fjbg2	1
http://tinyurl.com/3o9zrh	1
http://tinyurl.com/3pdvh9	1
http://tinyurl.com/3qmekd	1
http://tinyurl.com/4d6xya	1
http://tinyurl.com/66nny7	1
http://tinyurl.com/6akcfp	1
http://tinyurl.com/6d8q2t	1
http://tinyurl.com/6kpfy5	1
http://tinyurl.com/6x9hx2	1
http://tinyurl.com/a8z7y4/04/14/1630239&from=rss	1
http://tinyurl.com/aat7kx	2
http://tinyurl.com/b7p8na	1
http://tinyurl.com/bqghyt	1
http://tinyurl.com/c23qhp	1
http://tinyurl.com/c26sy4	1
http://tinyurl.com/c2kpce	1
http://tinyurl.com/c2s66v	1
http://tinyurl.com/c3h849	1
http://tinyurl.com/c3qunn	1
http://tinyurl.com/c3zmvv	1
http://tinyurl.com/c49rgl	4
http://tinyurl.com/c4sd57	1
http://tinyurl.com/c4sxer	1
http://tinyurl.com/c56cd5	1
http://tinyurl.com/c5g7yc	1
http://tinyurl.com/c5l99t	1
http://tinyurl.com/c5nltb	1
http://tinyurl.com/c5vnzs	1
http://tinyurl.com/c5xngt	1
http://tinyurl.com/c63o26	1
http://tinyurl.com/c6nbxy	1
http://tinyurl.com/c73za3	1
http://tinyurl.com/c9ng9g	1
http://tinyurl.com/c9qyqb	1
http://tinyurl.com/c9xqu8	1
http://tinyurl.com/cag9oe	1
http://tinyurl.com/cb47d6	1
http://tinyurl.com/cb4tuf	1
http://tinyurl.com/cbgjcf	1
http://tinyurl.com/cbvyx2	1
http://tinyurl.com/cbxud3	1
http://tinyurl.com/cc4xqv	1
http://tinyurl.com/cc8bp8	1
http://tinyurl.com/ccdmbf	1
http://tinyurl.com/ccknmc	1
http://tinyurl.com/cctblx	1
http://tinyurl.com/cd2goz	1
http://tinyurl.com/cda8gq	1
http://tinyurl.com/cdajm9	1
http://tinyurl.com/cdytty	1
http://tinyurl.com/ce6v6g	1
http://tinyurl.com/cg7uyj	1
http://tinyurl.com/cgn6yr	1
http://tinyurl.com/cguftf	1
http://tinyurl.com/ch4jo9	1
http://tinyurl.com/chrcwh	1
http://tinyurl.com/chx7yg)	1
http://tinyurl.com/chxbbz	1
http://tinyurl.com/cjhxfm	1
http://tinyurl.com/ck8436	1
http://tinyurl.com/cktpo7	1
http://tinyurl.com/clt8zt	1
http://tinyurl.com/cmglvf	1
http://tinyurl.com/cmhjye	1
http://tinyurl.com/cmoz9w	1
http://tinyurl.com/cmx2zv	1
http://tinyurl.com/cn4x77	1
http://tinyurl.com/cneg8c	1
http://tinyurl.com/cnutsr	1
http://tinyurl.com/corgy5	1
http://tinyurl.com/cosjjf	1
http://tinyurl.com/cpdoj8	1
http://tinyurl.com/cprb73	1
http://tinyurl.com/cpyblf	1
http://tinyurl.com/cqqex7	1
http://tinyurl.com/cqt9sd	1
http://tinyurl.com/cqvhog	1
http://tinyurl.com/croeg8	1
http://tinyurl.com/cs92x2	1
http://tinyurl.com/csd3l8	1
http://tinyurl.com/cshezs	1
http://tinyurl.com/csnr6l	1
http://tinyurl.com/csqcng	1
http://tinyurl.com/ct8p3c	1
http://tinyurl.com/cta7ed	1
http://tinyurl.com/ctk79s	1
http://tinyurl.com/cuejax	1
http://tinyurl.com/cv7pzo	1
http://tinyurl.com/cvr5qg	1
http://tinyurl.com/cwc5xo	1
http://tinyurl.com/cwudty	1
http://tinyurl.com/cx6jqm	1
http://tinyurl.com/cxescj	1
http://tinyurl.com/cxnxe4	1
http://tinyurl.com/cxqah4	1
http://tinyurl.com/cyntnd	1
http://tinyurl.com/cz3ml9	1
http://tinyurl.com/czqa4f	1
http://tinyurl.com/czudhr	1
http://tinyurl.com/d25dv5	1
http://tinyurl.com/d25edm	1
http://tinyurl.com/d25voa	1
http://tinyurl.com/d3me3u	1
http://tinyurl.com/d3p86u	1
http://tinyurl.com/d3wzor	1
http://tinyurl.com/d3xc6j	1
http://tinyurl.com/d4v6gf	1
http://tinyurl.com/d5fh6t	1
http://tinyurl.com/d5o49u	1
http://tinyurl.com/d5q8do	1
http://tinyurl.com/d658mv	1
http://tinyurl.com/d6kqwk	1
http://tinyurl.com/d7mfdf	1
http://tinyurl.com/d8tjc4	1
http://tinyurl.com/d8vja4	1
http://tinyurl.com/d8w8h7	1
http://tinyurl.com/d8zl9g	1
http://tinyurl.com/d97hep	1
http://tinyurl.com/d97jot	1
http://tinyurl.com/d9l6qa	1
http://tinyurl.com/daf5aw	1
http://tinyurl.com/dalv46	1
http://tinyurl.com/dap2md	1
http://tinyurl.com/davw3s	1
http://tinyurl.com/dbesul	1
http://tinyurl.com/dbkqgv	1
http://tinyurl.com/dcrw7q	1
http://tinyurl.com/dd3jar	1
http://tinyurl.com/dexm9r	1
http://tinyurl.com/dfbyb2	1
http://tinyurl.com/dhp2zj	1
http://tinyurl.com/dhsx5m	1
http://tinyurl.com/dj5ygv	1
http://tinyurl.com/dj7kxq	1
http://tinyurl.com/djb8cm	1
http://tinyurl.com/djo247	1
http://tinyurl.com/djprr6	1
http://tinyurl.com/dk5393	1
http://tinyurl.com/dk9wte	1
http://tinyurl.com/dkdpxe	1
http://tinyurl.com/dkf48p	1
http://tinyurl.com/dkqj52	1
http://tinyurl.com/dl5rjw	1
http://tinyurl.com/dlp46g)	1
http://tinyurl.com/dmg6l7	1
http://tinyurl.com/dmlrv3	1
http://tinyurl.com/dmtc63	1
http://tinyurl.com/dmuvrq	1
http://tinyurl.com/dn44m3	1
http://tinyurl.com/dxopj4	1
http://tinyurl.com/dyf8d3	1
http://tinyurl.com/dysfn5	1
http://tinyurl.com/dyzafs	1
http://tinyurl.com/dyzvh5	1
http://tinyurl.com/dzo6db	1
http://tinyurl.com/dzueuc	1
http://tinyurl.com/ks29y	1
http://tr.im/gY4b	1
http://tr.im/iOCv	1
http://tr.im/iOQ6	1
http://tr.im/iQEC	1
http://tr.im/iQEa	1
http://tr.im/iQEd	1
http://tr.im/iQEe	1
http://tr.im/iQEg	1
http://tr.im/iQEj	1
http://tr.im/iQEm	1
http://tumblr.com/xzf1lcprf	1
http://tumblr.com/xzf1lcprk	1
http://tweet.me.it/8wmphv	1
http://twitpic.com/3bcot	1
http://twitpic.com/3bd8v	1
http://twitpic.com/3bd9w	1
http://twitpic.com/3bddx	1
http://twitpic.com/3bdek	1
http://twitpic.com/3bdf7	1
http://twitpic.com/3c68v	1
http://twitpic.com/3c6lj	1
http://twitpic.com/3c6qq	1
http://twitpic.com/3c6uc	1
http://twitter.com/FuckingBastards/statuses/1518457459	1
http://twitthis.com/nvnnfc)	1
http://twt.fm/49503	1
http://twurl.nl/4i1jp1	1
http://twurl.nl/7ed0eb	1
http://twurl.nl/7omxyw	1
http://twurl.nl/87skym	1
http://twurl.nl/dayvel	1
http://twurl.nl/dgoced.	1
http://twurl.nl/j300sg	1
http://twurl.nl/k0g66f	1
http://twurl.nl/rj1on2	1
http://twurl.nl/vbksqs	1
http://twurl.nl/ve75nb	1
http://uk.reuters.com/article/companyNewsMolt/idUKN1446459120090415	1
http://ur.ly/ghl	1
http://usat.me/?34766274~it	1
http://viigo.im/j96	1
http://viigo.im/j9a	1
http://wigsphere.com	2
http://win2vnc.sourceforge.net/index.html	1
http://www.Bikernews.net/go.cfm/p/11350	1
http://www.Bikernews.net/go.cfm/p/11351	1
http://www.Bikernews.net/go.cfm/p/11352	1
http://www.cert.org/forensics/tools/"	1
http://www.clickaudit.com/goto/?132490	1
http://www.dailymotion.com/swf/x8ymn0	1
http://www.dreampleasuretours.com/index.htm	1
http://www.facebook.com/home.php?#/event.php?eid=71522798569&ref=nf	1
http://www.kffl.com/gnews.php?id=565992	1
http://www.la..	1
http://www.last.fm/music/Run-D.M.C.	1
http://www.last.fm/music/Vampire	1
http://www.malar	1
http://www.malarianomore.org	2
http://www.moderncat.net/category/diy/	1
http://www.postrank.com/twitter	1
http://www.rickey.org/?p=14319	1
http://www.rockafiremovie.com/	1
http://www.thepokeratlas.com	1
http://yes.com/i12305996	1
http://youtube.com/DaniaRamirezTV	1
https	1
hubby	1
huge	2
hugs	3
huh	3
human	3
humans	1
humbolt	1
humored	1
humping	1
hundred	1
hunger	1
hungry	1
hunt	1
hunter	1
hunting	2
hurts	1
husband	3
hybrid	1
hydration	1
hype	1
i	75
i.e.	1
iLBrYnEeLiTeEe	3
iLlByRnEeLiTeEe	2
iMac	1
iN	1
iPhone	10
iPod	3
iPray	1
iain	1
ibm	1
ibook	1
ice	2
iced	1
idea	8
ideas	6
identifiespriorities	1
identity	1
idiot	1
ie	1
if	31
ignorance	1
ignoring	1
ijustine	1
ikan	1
il	1
ill	4
illegal	1
illness	1
illustration	1
im	8
images	1
imagine	1
imediately	1
imma	1
immediate	1
immigration	1
immoral	1
impairment	1
impatient	1
imperator	1
imperfections	1
implanting	1
implementation	1
implementing	1
importance	2
important	2
importer	1
imports	1
impossible	1
impressed	1
impressions	1
improvement	1
improves	1
improving	3
in	265
inability	2
inappropriate	1
inc	1
inch	1
included	1
including	5
incompetent	1
increased	1
indeed	1
indie	1
individual	2
indoors	1
ineffective	1
infamous	1
influence	1
info	3
information	2
informative	1
ing	1
inherited	1
inhospitable	1
innapropriate	1
innards	1
input	1
insane	1
insanely	1
insanity	1
insert	1
inside	1
inspectors	3
inspiration	2
inspiring	3
instability	1
installed	3
installing	2
instance	1
instead	4
instruction	1
instrument	1
insult	1
insurance	1
integrated	1
intention	1
interaction	1
interactive	1
interest	3
interested	1
interesting	11
interface	3
interim	1
interiores	1
international	1
internet	6
interpretation	2
intervew	1
interview	5
intimate	1
into	15
intraffic	1
introduces	1
invented	1
investigates	1
investigating	2
investigator	1
investing	1
investor	1
investors	1
invitational	1
invite	1
invites	1
invoices	1
iphone	5
ipod	2
ipods	1
irate	2
irish	1
irrigation	2
irritating	1
is	243
island	2
issue	1
issues	5
it	166
items	2
its	14
j	1
jacket	2
jacket--crazy	1
jacks	1
jahit	1
jam	1
japanese	1
java	1
jaw	1
jay-z	1
jazz	1
jealous	1
jerk	1
jesse	1
jet	1
jewish	1
jiggle	1
jim	1
job	20
join	2
joined	3
joke	1
jokng	1
jon	1
jonesin	1
jordan	1
jorja	1
journal	1
journey	2
joy	1
jsut	1
judge	3
judging	1
juiced	1
juicing	1
jump	1
jumpa	1
junker	1
just	67
justice	1
justin	1
k	2
kaboodle	1
kat	1
kate	1
keen	2
keep	8
keeping	1
keli	1
kelly	2
ken	1
kepada	1
kerjodando	8
ketchup	1
kettle	2
keyboard	1
keyboards	1
keys	1
keywords	1
kicking	1
kid	1
kidd	1
kidding	3
kiddos	1
kids	9
kill	4
killer	2
killers	1
killing	1
kilogram	1
kind	1
kinda	2
kindness	1
kirk	1
kiss	1
kit	1
kite	1
kiteboarding	1
kiwi	1
km	8
knees	1
knew	2
knitting	1
kno	1
know	32
knowing	1
knowledge	1
ko	1
koalas	1
krk	1
kudos	1
l	3
la	5
lab	1
lack	1
lacking	1
lacrosse	1
lady	5
lag	2
laid	1
lama	1
lame	1
lane	1
language	1
languages	2
laptop	2
large	2
laryngitis	1
last	20
late	7
latency	1
later	2
latest	4
latte	2
latter	1
laugh	2
laughing	1
launch	2
launchy	2
laundry	1
law	1
laws	2
lawyers	2
lazy	1
le	1
lead	1
leader	1
leadership	1
leads	1
learn	3
learning	6
least	6
leather	1
leave	3
leaves	2
leaving	2
lecture	1
lectured	1
left	9
left-especially	1
left-handed	1
left-over	1
leftover	1
legal	1
legs	1
lemonade	2
lenders	2
les	1
less	5
lesson	1
lessons	1
let	10
lets	1
letters	1
letting	1
lettuce	1
lewis	1
li	1
liar	1
lib	1
liberal	1
license	2
liderzinho	1
lie	1
life	11
lifehacker	1
lifesize	1
lift	1
lifted	1
liftoff	1
lifts	2
light	4
lightroom	1
like	54
likely	2
lilac	1
lilacs	1
limits	1
limo	1
lin	1
line	6
lineage	1
lineis	1
linen	1
link	7
linkedin	1
links	1
linux	1
lions	1
liquor	1
lisamac	1
list	8
listen	4
listened	1
listening	7
listings	1
little	11
live	6
living	1
ll	4
load	1
loads	1
loans	2
lobster	2
local	1
locals	1
locating	2
lock	1
logs	1
lol	7
lonely	1
long	19
long-term	1
longer	1
longggggggggggg	1
longing	1
look	10
look-see	1
looked	1
lookin	1
looking	18
looks	6
loooong	1
lord	2
los	1
lose	2
lost	4
lot	7
lots	3
lotta	1
love	19
loved	2
loving	2
low	2
luck	2
luigi	1
lunch	11
lunchbox	1
lunchtime	1
ly	1
lying	1
lymph	1
lyricist	1
m	3
maar	1
mac	3
macciato	1
machine	2
macrumors	1
madam	1
made	12
madness	1
madwoman	1
magazine	1
magazines	1
mags	1
magsulat	1
maher	1
mail	3
mailers	1
mainstream	1
maintain	1
major	2
majority	1
make	20
makeover	1
makes	9
making	13
malicious	1
man	9
man-fish	1
mana	1
managed	1
mangos	1
manufacturers	2
many	10
map	2
mapquest	1
marathon	1
march	1
marines	1
mark	1
mark-to-market	1
market	1
marketers	3
marketing	6
marketing-search-engines	1
marks	1
married	3
mary	1
mas	1
mashed	1
mashup	1
mask	1
massage	2
master	2
masterpiece	1
masters	1
mat---first	1
matress	1
matrix	1
matrixx	1
matter	3
maxim	1
may	11
maybe	5
mayor	2
mchale	1
me	71
meal	2
mean	7
meaning	1
meaningless	1
means	2
meant	4
measure	1
meat	1
meathead	1
mechagodzilla	1
media	7
medical	1
medium	2
meds	1
meet	4
meeting	4
meetings	1
mega	1
meghan	1
melhor	1
membekalkan	1
member	2
members	1
memorial	1
memories	1
memory	1
memory-whore	1
men	2
menace	1
mental	1
mentally	1
mention	2
mentioned	1
mentor	1
menyediakan	1
merchan	1
merci	1
merry	1
mesin	1
mess	3
message	3
messages	2
messaging	1
messed	2
messy	1
met	1
meta	1
metal	1
metamucil	1
metro	1
meyers	1
mgmt	1
miami	2
michael	1
micing	1
microblogging	1
microsite	1
microsoft	1
mid	2
mid-	1
midatlanticdogs	1
middle	1
middleaged	1
midnight	1
might	9
miley	1
milk	1
millennium	1
million	6
miming	1
min	2
mind	4
mindboggling	1
mine	5
mini-oatcakes---verily	1
mins	3
minta	1
minute	2
minutes	3
mio	1
misguided	1
misnomer	1
miss	3
missed	1
missing	2
mission	1
mistake	1
mistakes	2
misunderstand	1
mixed	1
mmm	1
mmmm	1
mmmmmm	1
mmmmmmmmmmmmmmmmdairyqueen	1
mobile	4
mocha	1
mock	1
models	2
modem	1
moderators	1
moderncat	1
modes	1
modification	1
modify	2
module	1
mom	4
moment	1
moments	1
monday	1
money	2
monica	1
monitor	1
monitoring	1
monk	1
monkey	1
monsters	1
month	6
months	6
mood	1
moquerie	1
moratorium	1
more	50
morning	7
morons	3
morrow	2
mort	1
mortgage	1
most	12
mostly	1
moteurs	1
mother	2
motherfucker	1
mothers	1
motion	1
motivation	2
motorized	1
move	2
moved	1
movement	3
moves	1
movie	8
movies	1
moving	3
mp	1
mp4	1
mpg	2
much	16
mucho	1
muddy	1
muffin	1
multi	1
multi-tasks	1
multi-venti	1
multiplayer	1
multipoint	1
murder	1
music	12
musicals	1
musician	1
must	10
muted	1
mutt	1
my	188
myself	5
myspace	1
mysterious	1
n	1
n't	88
n95	1
na	1
nagawa	1
nails	1
nak	3
name	1
named	1
naps	1
nature	1
near	3
nearly	1
nectar	1
need	21
needed	3
needin	1
needs	2
neg-	1
negotiations	1
neighbor	1
neighborhood	1
neither	1
nenek	1
nervouse	1
net	3
net@nite	1
nets	2
network	3
networking	5
networks	1
never	7
new	66
newborn	1
news	17
newsletter	1
newspapers	1
next	13
ng	1
nice	6
nice-	1
nicely	1
nicer	1
nickname	2
night	17
nikita	1
niks	1
nine	1
nipples	1
nit-picki	1
nl	1
no	19
nobody	1
noite	1
nokia	2
nominated	1
nondenominational	1
none	2
nonsense	1
noobz	1
nop	1
normal	1
norms	1
north	1
nossa	1
nostalgia	1
nostalgic	1
not	73
notch	1
notebook	1
notes	2
nothin	1
nothing	2
notice	1
novels	1
now	46
np	1
nuclear	2
nude	1
nueva	1
nuke	2
number	1
numbers	3
nurse	1
nursing	2
nuts	1
o	9
oR	1
obama	3
obvious	2
obviously	1
occupy	1
occurring	1
october	1
oddly	1
odyssey	1
of	284
off	27
offense	1
offer	1
offered	1
offering	3
offertrax	1
office	13
officers	1
offices	1
official	3
officially	3
often	2
oh	3
oil	2
oiled	1
ok	5
okay	1
old	16
olhando	1
omg	1
on	241
once	10
oncology	1
one	40
ones	3
onion	1
onli	1
online	4
onlinechristianshopper	1
only	23
ont	1
onto	2
onw	1
oohh	1
oops	2
open	3
opener	1
openers---already	1
opening	2
opensource	1
operational	1
opinion	1
opinions	2
opportunity	2
opposite	1
opposition	1
optimization	1
options	1
or	50
orange	1
orate	1
ord	1
order	2
ordered	3
orders	2
oreilles	1
org	3
organisation	1
organizing	3
orgs	1
original	1
os	1
other	13
others	6
otherwise	2
ought	3
our	18
ourselves	1
ousts	1
out	76
outages	1
outback	1
outdoor	1
outdoors	2
outlet	1
outlining	1
outs	1
outside	3
outstanding	1
outta	2
oven	1
over	18
overground	1
overlap	1
overly	1
overplays	1
overwhelmed	1
ovulei	1
owed	1
own	5
owner	2
owners	1
p	11
p..	1
p.m.	1
p2	8
pa	1
pablo	1
pace	2
packages	1
packaging	1
packed	1
packing	2
page	11
pages	1
pain	2
painted	1
painting	2
paintings	1
paire	1
pal	1
panel	3
panned	1
pants	1
paper	5
par	1
parents	6
park	1
parmesean	1
parrot	1
part	5
particip	1
parties	2
partner	1
party	8
pass	2
passed	2
past	4
paste	1
pasture	1
path	1
pathology	1
patient	3
pause	1
paw	1
pay	2
pc	1
pcm	1
peace	2
peak	1
peek	1
peer	1
pen	1
penis	1
people	20
people-strategist	1
pepper	1
per	1
perception	1
perennials	4
perfect	5
performance	3
perhaps	2
periodic	1
perkhidmatan	1
person	5
personal	2
personality	2
perspective	1
persuaded	1
perv	1
pet	1
petrol	1
pfpfpf	1
phenomenally	1
phenomenology	1
phew	1
philo	1
phishing	1
phone	8
photo	5
photographs	1
photos	2
physically	1
piano	1
pic	1
pick	5
picked	1
picket	1
picks	1
pickup	1
pics	2
pict	1
picture	2
pictures	2
pie	1
piece	1
pieces	1
piehole	1
pigtailed	1
pijacych	1
pill	1
pillow	2
pillowfight	1
pin	1
pirated	1
pirates	1
pit	1
pizossibly	1
pizza	2
pla	1
place	7
placed	2
placer	1
places	2
plan	8
plane	1
plans	1
planting	1
plants	1
plate	1
platform	1
platforms	1
play	8
played	2
player	1
playin	1
playing	23
playlist	1
plea	1
pleads	1
please	5
pleased	1
pleasure	1
pleaze	1
plenty	3
plug-in	1
pluggin	1
plugin	3
pluging	1
plus	1
plw	1
pm	14
pocast	1
pocket	1
podcast	4
podcasts	1
poetic	1
poetry	1
point	3
pointed	1
police	2
policemans	1
policy	1
political	1
politics	2
poll	1
pols	1
pond	6
ponder	1
pondering	1
pono	1
pool	2
pooped	1
poor	1
popularity	2
pork	4
pos	1
posed	1
poses	1
posing	1
poss	1
possible	2
post	17
posted	2
poster	1
posters	1
posting	4
postmark	1
posts	2
potatoes	1
potential	1
potluck	1
potter	1
pound	1
pour	1
poverty	1
power	3
powered	1
powerful	1
powertwitter	1
ppl	2
pr	2
practice	2
practiced	1
practicing	1
prawn	2
prayers	1
praying	1
pre-pay	1
preach	1
predictably	1
predicted	1
predictions	1
prefer	1
preferably	1
pregnant	1
premarital	2
premiere	1
prepare	2
preparing	1
preps	1
preseason	1
present	1
presentation	3
presently	1
presents	1
presidency	1
president	2
press	3
pressured	1
pretty	10
prevailing	1
previous	1
previously	2
price	2
prices	2
primarily	1
print	1
printed	1
printer	2
priore	1
privacy	1
pro	1
probably	6
problem	3
problems	1
process	1
procrastinating	1
procreate	1
producing	1
product	2
production	1
productive	1
products	1
prof	1
professional	1
professor	2
profile	4
profit	1
profound	1
proftpd	1
program	1
progress	1
progressive	1
proiud	1
project	9
projection	1
projects	2
promise	2
promo	1
proof-of-work	1
properly	2
property	1
proposal	1
protest	4
protests	1
proud	1
prove	1
proven	2
proverbial	1
provocative	1
ps	1
pseudo	1
psychotic	1
pub	2
public	4
publishing	1
puke	1
puking	1
pulled	1
pumping	1
pun	1
punishment	1
puppy	2
purged	1
purple	2
purples	1
pushing	2
pussycat	1
put	6
putrid	1
puts	2
putting	1
puzzle	1
q	1
qedwiki	1
quad	1
quality	1
quantum	1
quarter	2
quarter-final	1
que	1
quesadillas	1
question	3
quick	1
quickest	1
quicksilver	1
quid	1
quietly	1
quinoa	1
quit	2
quite	3
quits	1
quitting	1
quiz	1
quote	1
quotes	1
quoting	1
r	5
race	1
racial	2
racism	2
racketball	1
radio	2
radiohead	1
radiology	1
rag	1
rails	4
rain	6
raining	3
rainy	1
raised	1
raising	2
raisins	1
raking	1
rally	1
ram	1
random	1
ranks	1
rant	1
rapid	1
rascal	1
rate	1
rates	2
rather	4
ratings	1
rationalize	1
raw	1
re	2
re--	1
re-learning	1
reach	2
reaction	1
read	8
reader	1
readers	1
reading	18
readme	1
ready	10
real	13
real-time	1
realise	1
reality	1
realizations	1
really	28
realm	1
realtime	2
reason	3
reasons	2
rebuild	1
rec	1
receive	1
received	2
recession	1
recipes	1
recliner	1
recognized	1
recommendation	1
reconnect	1
record	1
recover	1
recovering	1
recovery	2
recruiting	2
recycle	1
recycling	1
red	7
redirecting	1
references	2
reflecting	1
reform	1
refuse	2
regardless	1
reggae	1
regionalism	1
registering	1
regret	1
regs	1
regularly	1
rehearsal	1
related	2
relationship	2
relationships	6
relative	2
relaxing	4
release	1
released	5
releases	1
relenos	1
relevant	1
relief	1
religion	1
religious	1
remaining	1
remake	1
remarking	1
remember	4
remembered	1
reminder	2
reminds	1
remodel	1
remove	1
removed	1
rename	1
rental	1
renunciando	1
repair	1
replace	1
reply	2
report	3
reported	1
reporter	2
reporting	1
reports	1
repository	1
repotting	1
repressed	1
reputation	1
requests	1
requires	2
reruns	1
rescession	1
rescue	1
research	1
researching	1
resending	1
resistance	1
resolutions	1
resort	1
resources	1
resp	1
response	1
responsibility	1
rest	5
restrictions	1
result	1
results	2
resurrecting	1
retarded	1
retention	1
return	1
returning	1
retweet	1
reunion	1
reunited	1
reverse	1
reverted	1
reviving	1
revolutionaries	1
rhino	1
ri	1
rid	2
ride	4
ridiculous	1
riding	1
righ	1
right	17
right-wing	2
rights	2
rightwing	1
ring	1
ringing	1
rings	1
ringtone	1
rio	2
rise	1
rising	1
risk	2
risks	1
roadmap	1
roadtrip	1
robber	1
robinson	1
robot	1
rock	2
rocked	1
rocker	1
rockin	2
rocks	2
rolling	1
rollingstone	1
romanus	1
room	5
root	1
rotate	1
round	2
row	1
rss	2
rubbing	1
ruby	1
rugby	2
rule	2
rum	1
rumors	2
run	4
runner	1
running	5
runs	2
s	9
sa	1
sack	1
sad	1
saddest	1
sadistic	1
safari	1
safe	1
safest	1
safety	1
sahabat	1
said	10
sailing	1
saja	1
salad	1
sale	1
sales	2
salvage	1
same	6
sample	1
san	1
sanctions	1
sand	1
sandwich	4
sandwiches	1
sans	2
santa	1
sarcasm	1
sarcastic	1
sassy	1
save	2
savin	1
saw	2
say	11
saya	1
saying	3
says	8
scalp	1
scares	1
scenario	1
sched	1
schedule	2
schedule-makers	1
scheduled	1
schedules	1
scholarly	1
school	9
schools	1
sci-fi	1
science	3
scintillating	1
scorches	1
scrabulous	1
scramble	1
scrambling	1
scratch	1
screams	1
screen	1
screening	2
screenplay	2
screwdrivers	1
screwup	1
script	1
sdk	1
seamlessly	1
search	4
searching	1
season	4
seat	1
seaweed	1
second	4
secondary	1
secondlife	1
secret	3
secretly	1
section	2
secure	1
securely	1
security	1
see	30
seeing	1
seek	1
seeking	1
seeks	1
seem	4
seemingly	1
seems	6
seen	2
sees	1
seizes	1
selected	2
selection	1
self	2
self-interest	1
seller	1
sem	1
semanar	2
seminar	2
semua	1
send	6
sending	4
sense	2
sent	4
separate	2
ser	1
serendipitous	1
sergeant	1
serial	2
series	1
serious	3
seriously	3
serve	1
server	3
service	3
servitude	1
sesame-street	1
session	3
sessions	1
set	4
sets	1
setting	6
settings	1
settle	1
settled	1
several	1
severe	2
sex	2
sexy	1
shade	1
shake	1
shakes	1
shakeup	1
shaking	1
shall	1
shape	2
share	2
shared	1
shares	1
sharing	2
shave	1
shaved	2
shaw	1
shawl	1
she	9
sheep	1
sheree	1
shifts	1
shines	2
shirt	6
shirted	1
shirts	1
shit	6
shoes	2
shook	1
shoot	1
shop	2
shopping	8
short	1
shortage	1
shorten	2
shortened	1
shorter	2
shortly	1
shot	2
shotted	1
should	20
show	6
shower	1
showered	1
showing	3
shows	9
shoyu	1
shrek	1
shrugged	1
shut	5
siblings	1
sick	6
sight	1
sighting	1
sign	2
signage	1
signaling	1
signed	3
significant	1
signing	3
silence	1
similar	1
simple	3
simply	1
since	6
sing	1
singer	1
singing	4
single	2
sissors	1
sister	2
sit	1
site	9
sites	2
sitting	7
six	3
size	1
skating	1
sked	1
sketchy	2
skid	1
skilled	1
skills	3
skipped	1
skull	1
sky	1
skydrive	1
skype	1
slab	1
slam	1
sleek	1
sleep	9
sleeping	4
sleepy	2
sleet	1
slips	1
sloppy	1
slot	1
sloth	1
slow	2
slowly	1
sluggish	1
small	5
smart	1
smile	1
smith	1
smoked	1
smooth	2
smoothie	1
snicker	1
sniffles	1
snort	1
snow	2
snowing	1
snug	1
so	61
soaking	1
soc	1
soccer	1
social	8
socialize	1
societal	1
sofa	2
soft	2
softball	2
software	2
sold	2
solo	1
solution	1
some	40
somebody	2
somehow	1
someone	9
something	11
sometimes	1
somewhere	1
son	1
song	7
songs	5
soo	2
soon	9
soprano	1
sorry	5
sort	1
sorted	1
sorting	1
sound	3
sounds	2
source	3
sourceforge	1
sources	1
sources-	1
south	2
space	4
spare	1
sparse	1
sparta	1
speachless	1
speak	2
speaks	1
special	4
specially	1
specifically	1
speech	2
speeds	1
spellbinding	1
spelling	2
spelt	1
spend	1
spending	2
spent	2
spiced	1
spin	1
spindaily	1
spine-tingling	1
spinning	3
spiralling	1
spirit	1
split	1
spoiled	2
sponsor	1
sporadically	1
sporting	1
sports	3
spot	3
spotting	1
sprain	1
spread	1
spreads	1
spreadsheet	3
spree	1
spring	4
springfield	1
springs	1
sqeuazing	1
square	2
squash	1
stabbing	1
staffers	1
stage	4
stalker	1
stalking	1
stalled	1
stand	2
standers	1
stanger	1
starbies	1
starbucks	1
stars	2
start	6
started	2
startup	1
state	1
statehood	1
stating	1
station	1
statue	1
stay	4
staying	1
steal	1
steel	1
stelde	1
step	4
sticking	1
still	15
sting	1
stink	1
stone	1
stop	5
stopped	1
stops	1
storage	1
store	4
stories	1
storm	1
storms	1
story	3
story-telling	1
straight	1
strange	4
stranger	1
strategy	1
strawberrys	1
street	3
streetlights	2
strength	1
stretched-out	1
strike	1
stripped	1
stroke	1
strom	1
stuck	4
student	3
studio	2
studios	1
study	4
studyin	1
studying	5
stuff	12
stuffed	1
stumble	1
stupid	2
style	4
stylehive	1
stylist	1
suHWEET	1
subject	1
submarino	1
submerged	1
subscribe	1
success	1
such	6
suck	1
sucker	1
suckin	1
sudafed-still	1
sues	1
sugar	1
suggested	1
suggesting	1
suggestion	1
suit	2
sulking	1
summer	2
sun	6
sung	2
sunny	1
sunshine	5
super	4
superbug	1
supper	1
support	7
supporting	3
supports	2
suppose	1
supposedly	1
supreme-host	1
suprising	1
sure	7
surfboard	1
surfin	1
surfing	3
surgeons	1
surgery	1
surprise	1
surprised	1
surprisingly	1
survey	1
sushi	1
suspended	1
suspension	1
svn	1
swam	2
swarm	1
sweaty	1
sweet	2
sweetie	2
swimming	3
switch	2
switched	2
switches	1
switching	1
syndrome	1
system	5
t	8
t-shirts	1
tag	1
tagging	1
tahu	1
tak	1
take	20
taken	3
takes	5
taking	4
talent	1
talk	3
talked	1
talking	8
talks	2
tally	1
tank	1
tapi	1
tarde	1
target	2
targeting	1
tasks	1
taste	2
tastes	2
tasty	1
tattoo	1
tax	9
taxation	1
taxes	1
tea	6
teabag	1
teabagging	3
teachers	2
team	7
teams	1
teaser	1
tech	2
technical	2
technology	1
tedious	1
teenage	1
teenager	1
tell	6
tells	2
temperature	1
ten	1
teraace	1
terms	1
terrible	2
terrified	1
test	8
tested	1
testimonial	1
testing	7
tevee	1
text	1
texts	1
th	2
than	22
thank	1
thankful	1
thanks	11
thanx	2
that	125
the	582
their	11
them	21
themed	1
themselves	1
then	19
theory	1
therapy	1
there	27
theres	1
these	9
thesis	1
they	29
thing	15
things	14
think	33
thinkgeek	1
thinking	9
thinks	5
this	81
those	11
though	5
thought	10
thoughts	2
threat	1
threats	1
three	7
threw	1
thriller	1
thro	1
throat	2
through	10
throw	2
thru	2
thus	1
thx	1
tibet	1
ticketed	1
tickets	2
tie	1
tigers	1
til	1
time	41
timer	1
times	5
timetoast	1
tingling	1
tiny	1
tinyurl	1
tired	6
tis	2
tissues	1
tivoed	2
tix	2
tm	1
to	601
tobacco	1
today	38
toed	1
tof	1
together	3
toilet	1
told	6
tolong	1
tomorrow	19
tonig	1
tonight	13
tonite	3
tons	1
too	28
took	1
tool	3
toolkit	1
tools	2
top	3
topic	2
topics	1
torrents	1
torture	1
totally	2
touches	1
tough	1
tour	3
towards	1
town	1
toxic	1
track	3
tracking	3
tracks	2
trade	1
trading	1
traffic	7
traffickers	1
trail	1
trailer	1
train	7
training	10
trance	2
transfer	2
transit	1
transitions	2
transpo	1
travel	6
travels	2
traversal	1
treasury	1
treat	1
treating	1
treatment	1
treats	1
tree	1
tremor	1
trench-evrythng	1
trend	1
tribute	1
trick	1
tried	2
trip	6
trips	2
trouble	2
troubles	1
truck	1
true	1
truly	2
trumps	1
truste	1
trusty	1
truth	1
truths	1
try	6
trying	12
tu	1
tubes	1
tuesdays	1
tuition	1
tumblr	1
turkey	5
turkeys	1
turn	2
turning	1
turnpike	1
turns	5
tv	16
tv-turner	1
tweet	6
tweets	9
twhirl	1
twirl	1
twist	2
twitbin	1
twitpic	1
twitted	1
twitter	60
twitterholics	1
twitterim	1
twittering	2
twitters	1
twittersphere	1
twitting	1
two	13
two-day	1
twttr	1
type	6
typed	2
typeface	3
types	1
typical	1
typically	1
typing	1
typos	1
tyranny	1
u	11
uP	1
ugh	1
uh	1
uh-oh	1
ultimate	2
ultimately	1
ultra-skinny	1
um	1
umbrella	1
una	1
unacceptable	1
unanimous	1
unbelievable	1
under	2
underestimate	1
undersea	1
understand	4
undignified	1
une	2
unemployment	1
unfamiliar	1
unfollow	1
unfollowing	1
unhappiness	1
union	1
unit	2
unity	1
universe	1
unknown	1
unleashed	1
unlikely	1
unplugged	1
unreliable	1
unsuccessful	1
unsuccessfully	1
untested	1
until	3
up	80
upcom	1
update	6
updated	3
updates	4
updating	7
upon	2
uproariously	1
upside	1
ur	1
urban	1
urge	1
url	108
us	10
usability	1
use	15
used	1
user	1
users	3
uses	1
using	6
usual	1
utah	1
utility	1
utterly	1
utube	1
vacation	1
vague	1
valentine	3
validating	1
valued	1
valve	1
van	1
vanilla	1
ve	1
vegetarian	1
veis	1
venes	1
venho	1
venti	2
venture	1
venue	1
verdade	1
vernal	1
version	2
vertigo	1
very	13
vessel	1
vest	1
veut	1
via	15
vibrator	1
video	16
viewers	1
vinegar	1
vintage	1
violence	2
virtual	2
virtue	1
visit	6
visiting	1
visitors	1
visits	2
vista	4
vita	1
vnc	1
voice	3
voor	1
vote	2
votes	2
votos	1
vs	3
w	7
w00	1
waaaaaaaay	1
wabbit	1
wacky	1
wahooooo	1
waist	1
wait	7
waited	1
waiting	8
waitng	1
wake	1
waking	1
wales	1
walgreens	1
walk	1
walkabout	1
walked	1
wall	5
wallet	1
wandering	1
wangling	1
wanna	1
want	19
wanted	2
wanting	1
wants	7
warga	1
warm	5
warning	2
warped	1
warzone	1
was	46
wash	1
waste	1
wasting	2
watch	9
watchdog	1
watched	1
watching	23
water	4
watered	1
watering	1
way	21
ways	1
we	45
wealth	1
wear	1
wearing	2
weasel	1
weather	4
web	17
web-development	1
web2.0	1
webapps	1
webex	1
webinar	5
webpage	1
website	10
websites	1
wedding	2
wee	1
weeee	1
week	12
weekend	7
weekly	2
weeks	8
weighs	1
weird	1
weirdly	1
wel	2
welcome	2
well	14
welsh	1
went	7
weqxmusic	1
were	7
werner	1
west	2
westchester	1
wet	1
what	45
whatcha	1
whatever	1
whats	2
wheelchair	1
wheels	1
when	22
whenever	2
where	12
whether	4
which	4
whil	1
while	8
whip	2
whipped	1
whipping	1
white	4
who	27
whole	3
wholeheartedly	1
whom	1
whos	1
why	25
wich	1
wide	1
widget	1
widgets	3
wife	1
wifi	3
wii	1
wiimote	1
wild	3
wildsingapore	1
will	52
win	8
wind	1
window	1
windows	1
windowside	1
windy	1
wine	4
wing	1
wings	2
wink	2
winner	3
wins	2
winter	1
wireframes	1
wireless	2
wirelessly	1
wish	6
wishes	1
wit	1
with	105
within	1
without	5
witness	1
wo	3
woes	1
woke	2
wolves	1
woman	4
women	3
won	2
wonder	2
wondering	9
wont	1
woot	1
word	6
words	2
wordt	1
wore	1
work	58
worked	3
workflows	1
working	33
workout	1
works	8
workshop	1
world	12
world-class	1
worries	1
worrying	1
worship	1
worshiping	1
worth	5
woud	1
would	22
wow	4
wrapping	1
wreaking	1
wrist	2
write	9
writer	1
writes	1
writing	5
wrong	6
wrote	3
wtg	1
wut	1
wuth	1
www	1
www.AgressoConsultant.com	1
www.AgressoConsultant.com.	1
www.Dargens.com:3000	2
www.NonPerishableMarketing.com	1
www.amazonfail.com	1
www.easywebautomation.com	1
www.flickr.com/photos/gold41	1
www.gmarketingstrategies.com	1
www.itsdargens.com	1
www.klly.com	1
www.last.fm	1
www.onlinechristianshopper.com	1
www.revenue.state.il.us/	1
www.robhooperthemovie.com	1
www.tradekey.com	1
www.tw3t.com/16g	1
www.volorecovery.com	1
www.xtensiv.net..	1
x	7
xD	2
xsl	1
ya	4
yaaa	1
yaaaaaaay	1
yaay	2
yang	1
yard	1
yardwork--	1
yda-discuss	1
ye	1
yeah	9
year	16
year-old	1
yearly	1
years	12
yeeeeeeears	1
yeh	1
yell	1
yes	5
yesterday	8
yet	4
yipeeeeee	1
yoga	1
you	162
young	1
your	54
yourself	1
youth	1
youtube	2
youuuu	1
yr	2
yrs.	1
yum	2
yuo	1
yup	1
z	1
zdrowie	1
zealous	2
zeropaid	1
zeros	1
zinc	1
zippys	1
zoetrope	1
zoo	1
zooey	1
zzzzzzzzzzzz	1
zzzzzzzzzzzzzzzzz	1
{	1
|	35
}	1
~	15
£	1
£350	1
§	4
©	5
ª	7
¬	38
®	5
°	3
±	3
´	1
Äã	1
ÄãJudith	1
Äî	2
Äôt	1
Äû	4
üarkƒ	1
üƒ	1
‚	11
†	9
™	1
∏	8
√	17
∞	4
∫	4
≈	2
≠	1
≥	1
