	1
!	62
"	403
#	4
$	26
%	7
&	19
'	87
'd	27
'em	1
'll	28
'm	47
're	41
's	304
've	37
(	108
)	112
*	6
+	4
,	1619
-	73
--	36
.	1432
..	1
...	65
....	3
.....	1
......	1
/	40
0	2
00	4
000	6
01	10
02	9
03	5
04	8
05	4
06	10
07	5
08	13
09	11
1	18
1,000	1
1,900	3
10	24
100	12
100-level	1
11	19
11th	1
12	15
127	2
13	6
130	1
14	8
14-hour	1
140	1
14th	2
15	2
1500	1
159	1
16	11
16th	2
17	10
1798	1
17th	1
18	6
1805	1
187	2
19	45
1920	1
1968	1
1973	1
1976	1
1979	1
1985	2
1994	1
1996	1
1997	2
1st	2
2	17
2-6	1
2.0	1
20	16
2000	2
2001	2
2002	1
2004	1
2005	4
2006	2
2007	1
2008	6
2009	42
2010	98
2012	1
2014	3
21	6
21st	4
22	5
23	6
24	7
24-hour	1
25	6
26	6
27	13
28	2
29	5
3	25
3,500	1
30	16
300	1
3000	1
31	6
33	1
35	2
36	1
37	2
39	2
3rd	1
4	14
4-part	1
40	4
41	3
42	3
43	3
44	1
45	2
46	2
473	3
48	1
49	2
5	15
50	6
500	1
5034	15
51	1
52	3
53	7
54	2
550	1
56	2
57	3
58	1
59	3
6	7
60	3
600,000	1
66	1
7	11
70	4
75	2
779	1
786	1
79	2
8	6
80	1
8489	1
85	2
86	3
87	1
9	16
90	2
900,000	1
92	1
98	1
982	1
:	344
;	47
=	3
>	4
?	132
???	1
@	5
A	23
A-Rod	3
AB	1
ALL	1
AM	32
AMC	2
AND	2
ANY	1
ARE	1
AT	4
AVA	4
AVAs	5
About	2
Academics	2
According	3
Acephalous	2
Act	2
Actual	1
Actually	1
Adam	1
Adding	1
Additionally	2
Administration	1
Adobe	1
Advisory	1
Afghanistan	1
African-	2
After	4
Ag	2
Agent	1
Agree	1
Ahh	1
Aint	1
Alaska	1
Albany	2
Alcohol	2
Alex	2
Alexander	1
Aliens	1
All	9
All-Encompassing	1
Allah	4
Allonfla	1
Allow	1
Also	3
Alternatively	1
Although	1
Alzheimer	1
Amendment	12
America	9
American	19
Americans	3
An	5
Anarchy	4
And	31
Andrew	7
Angel	1
Angolini	1
Ani	5
Anirban	1
Annarchy	1
Anne	2
Another	2
Anti-	2
Any	1
Anyone	4
Anyway	1
Apocalypse	1
Apocalyptic	3
Apparently	3
April	15
Archive	1
Are	3
Area	2
Arlington	1
Around	1
Arthur	2
Artificial	1
As	19
Asheville	4
Ask	2
Assembly	2
Assemblywoman	1
Associates	1
Association	3
Astros	2
Athenia	1
Athlete	1
Athletes	1
August	10
Austin	1
Australia	2
Avi-	1
Awesome	2
Ayers-wrote-	1
B	2
BACKGROUND	1
BC	2
BEST	1
BIG	1
BS	2
BTW	1
BTYH	1
Badly	1
Baldy	1
Baptists	1
Bardwell	1
Barlow	1
Because	2
Beer	1
Before	1
Beginning	1
Beijing	1
Being	1
Belle	2
Below	1
Belt	3
Ben	1
Best	2
Better	1
Beverly	1
Beyond	1
Bible	2
Bicycle	1
Big	3
Bike	9
Bikes	1
Bill	6
Bite	1
Black	1
Blade	1
Blessings	2
Blog	4
Blogs	1
Blood	1
Bloods	1
Blue	1
Bob	2
Boeing	1
Born	1
Boston	1
Both	2
Bouffant	1
Brad	2
Braves	2
Brian	1
Brighter	1
Bring	1
Britannica.com	1
British	1
Broadway	3
Brother	1
Brute	1
Buddha	3
Buddhism	1
Buddhist	4
Buffy	4
Bull	1
Bush	8
Bush-loving	2
BushCo	1
Business	1
But	56
Buy	1
By	11
CO2	2
CONSIDER	1
COONS	1
CROWD	1
CT	1
Ca	1
Cadman	1
Cafe	5
Café	1
Caio	1
California	9
Californis	1
Can	1
Cape	8
Capitalism	1
Carbon	4
Cardinals	2
Caribbean	1
Carl	3
Carneros	1
Carol	1
Carolyn	6
Cashill	1
Catholic	1
Cavaliers	1
Center	1
Certified	1
Cesca	2
Character	1
Charleston	1
Cheap	1
Cheaper	1
Checks	1
Cheers	1
Chicago	1
Chicken	1
Chief	2
China	4
Chris	1
Christian	2
Christianity	1
Christine	8
Christmas	1
Chuck	2
Church	2
City	4
Cleveland	3
Closest	1
Coalition	1
Coast	5
Cod	3
College	1
Collopy	1
Columbia	1
Combine	1
Come	1
Comfort	2
Comics	1
Commandments	1
Comment	5
Comments	6
Committee	1
Communist	1
Compassion	3
Complex	1
Con	3
Congress	2
Conjunctive	1
Cons	1
Conscription	1
Consequences	1
Constitution	9
Constitutional	9
Consumer	1
Control	1
Coons	5
Coppola	1
Copyright	1
Corporatism	1
County	45
Cover	1
Cowboys	1
Craig	1
Cranberry	1
Creation	1
Creationism	1
Credit	1
Creek	3
Crossing	1
Cruel	1
Culture	2
Cures	1
Currently	1
Customize	1
Cycling	1
D	5
DC	1
DETROIT	1
DO	2
DOWN	1
DUMBASS	1
Daily	1
Dale	1
Daly	2
Damn	1
Dan	2
Dance	1
Data	1
David	13
Davis	1
Dawkins	2
Day	1
Daytime	1
De	1
DeWitt	1
Dead	1
Dec	2
December	3
Decision	1
Delta	1
Democrat	2
Democratic	1
Democrats	2
Dems	1
Derek	1
Design	2
Designism	1
Detroit	35
Detroiters	1
Dharma	1
Did	7
Direct	1
Director	3
Discovery	1
Disease	1
Disingenuous	1
Do	10
Does	2
Dollmaker	1
Domain	2
Donnell	33
Dont	1
Dopplr	1
Dorthy	1
Douls	1
Dover	1
Dreams	1
Driving	1
Drugs	1
Dry	3
Dubai	1
Duh	1
Duhan	1
Dunce	1
During	3
Dust	1
Dutch	1
Dwyane	1
E	2
ELDING	7
EN	1
ESPN	1
EVER	1
EVERYONE	1
EXAMPLE	3
Each	1
Earlier	1
Earp	2
Earth	3
East	2
Effects	1
Effing	1
Either	1
El	1
Elding	1
Election	1
Elm	1
Elvis	2
Embrace	2
Emerson	2
Eminent	2
End	1
Endy	1
Enjoy	1
Enzo	1
Era	1
Eric	2
Erin	1
Especially	1
Estate	1
Estefana	1
Europe	1
European	1
Evans	2
Even	8
Ever	2
Every	2
Everybody	2
Everyone	2
Evidence	1
Evolution	1
Ew	1
Exactly	1
Except	2
Excerpts	1
Executive	1
FAA	1
FACT	2
FERN	1
FMLA	1
FNC	1
FOR	1
Facebook	12
Fact	2
Factory	1
Facts	2
Faded	1
Fair	2
Fall	2
Fan	2
FanWoody	1
Fans	1
Farley	1
Farm	2
Farming	2
Farnsworth	1
February	2
FedEx	1
Federal	1
Fermentation	2
Fiction	1
Fictions	1
Filed	1
Find	1
First	10
Fischer	1
Flash	3
Florida	1
For	13
Forbids	1
Forests	1
Form	1
Fourteen	1
Framed	1
Frankly	2
Freaking	1
Fred	1
Fredric	1
Free	3
Freedom	1
Fresno	1
Friday	14
Friend	1
Fuller	2
Furthermore	1
G	1
G4	1
GMT	1
GOP	1
GPAs	1
GREAT	1
Games	1
Gell-	1
Gertie	1
Gertrude	1
Get	3
Giannini	1
Gift	1
Girl	3
Gita	1
Give	2
Giving	1
Glory	1
Go	4
God	5
Goes	1
Good	3
Google	1
Gore	2
Gotta	1
Governor	1
Govt	1
Gozer	1
Graduate	1
GrafZeppelin	2
GrafZeppellin	1
Granholm-prohibiting	1
Grant	1
Granted	3
Gratitude	1
Great	3
Green	2
Griffith	2
Grimace	1
Guard	1
Guess	1
H	4
H.R.	11
HER	4
HOUSES	1
HOWEVER	1
HP	1
HVAC	1
Ha	1
Halliburton	1
Handsome	1
Hang	1
Hanging	1
Hardy	1
Harris	1
Havarti	1
Have	3
Having	1
Hay	1
He	9
Heald	1
Heat	1
Heatenfreude	1
Heck	1
Helena	1
Helm	1
Hence	1
Henry	2
Her	5
Here	4
Hey	2
Hiatt	1
High	1
Hilarious	1
Hills	1
His	2
History	3
Hit	1
Holiness	1
Holy	2
Home	1
Homer	1
Honda	3
Honey	6
Hong	1
Honore	2
Hotel	1
Hour	1
House	2
Houses	1
Housewife	3
How	6
However	6
HuffPo	2
Humanities	1
Hurricane	1
I	453
ID	1
II	1
IMHO	1
IMMEDIATELY	1
INT	1
IP	1
IS	3
Idiot	1
If	42
Iland	1
Ill	1
Illusions	1
Image	1
Immutable	1
In	33
Incredibly	1
India	2
Industrial	3
Initiative	2
Institute	1
Insult	1
Intelligent	3
Interesting	1
Internet	3
Interview	1
Into	2
Invariably	1
Iraq	2
Ireland	1
Irish	3
Is	10
Islam	2
Isle	2
Israel	5
Israeli	2
It	72
Italy	2
Its	3
James	5
Jan	1
Japan	1
Jardinero	1
Jason	1
Jebus	1
Jefe	1
Jessica	5
Jesus	1
Jet	3
Jeter	1
Jewell	1
Joe	2
Johar	2
John	6
JohnLopresti	7
Johnonwine	1
Jones	1
Joss	1
Journal	1
Joyce	1
Judd	2
Judges	2
Jul	2
July	13
June	3
Just	7
Justifying	1
Jutta	1
K	3
KNOWS	1
Kalsang	4
Karen	1
Kate	2
Kathy	1
Katrina	1
Keeping	1
Kelly	1
Kelo	2
Khenpo	4
Kill	2
Kissinger	1
Knowing	2
Kong	1
Kos	1
Krause	1
Kunchab	1
Kunga	5
L	1
L.A.	2
LATEST	1
LAW	3
LEARN	1
LIBRARY	1
LMAO	1
Label	1
Labelling	1
Lag	1
Lagging	1
Landa	1
Language	1
Last	4
Lastly	1
Later	2
Law	7
Lawrence	2
Laws	1
Lay	1
Lead	1
Lebron	12
Leckrone	1
Legislature	1
Legitimate	1
Lessig	2
Lesson	1
Let	3
Levon	1
Lex	1
Lexaburn	5
Liam	1
Libertarians	1
License	1
Lies	1
Light	4
Ling	1
Litigation	1
Little	1
Live	1
Livernois	1
London	1
Long	1
Look	1
Looking	1
Looks	1
Love	3
LoveAllPeople.org	2
Loved	1
Lowden	1
Lu	1
Lucky	1
Lump	1
Lumpy	5
Luna	1
Lynn	1
M	2
MORE	1
MPs	1
MY	1
MacDonald	1
MacRostie	1
Mad	1
Magistra	1
Maher	2
Make	5
Makes	1
Making	1
MamaHun	1
Man	1
Mangle	2
Mann	1
Mar	2
March	5
Marche	1
Margaret	1
Mart	1
Martin	1
Marxist	1
Matthew	1
May	27
Maybe	3
Maylasia	1
McCain	2
McCann	1
McCracken	1
McDougall	1
McGinnis	2
McGrath	1
McNichols	1
Meanwhile	1
Media	2
Medication	1
Medicine	1
Melatonin	3
Melody	1
Meme	1
Memory	1
Merchant	1
Mets	4
Mexico	1
Meyer	1
Miami	1
Michael	1
Middle	1
Mileage	1
Mine	1
Minute	1
Mississippi	1
Mitch	2
Mix	1
Monday	3
Moran	1
More	6
Most	2
Mother	1
Motivation	1
Motor	1
Mountain	1
MrBrink	4
Ms	5
Mukhopadhyay	5
Murderers	1
Murphy	1
Murray	1
Muslim	1
Muslims	4
My	15
Myself	2
Myth	2
N'T	1
NB	1
NBA	1
NEUTRALIZE	1
NEUTRALIZING	1
NL	1
NOT	2
NOTE	1
NSFW	1
NULL	10
NY	1
NYC	1
NYT	2
NYTBR	1
Nah	1
Nanotyrannus	1
Napa	20
National	1
Native	1
Natural	1
Nature	2
Nazi	1
Neal	1
NeoCons	2
Network	1
Nevada	1
Nevels	1
Never	1
New	12
Next	3
Nick	2
Nicole	6
Ninja	7
Ninjas	4
No	13
No-	1
Nobody	1
Noir	2
Nope	1
Noreen	1
Normally	1
North	6
Northern	1
Noshin	1
Not	7
Nothing	1
Nov	5
November	1
Now	10
Nuclear	1
O	35
OFF	1
OIV	1
OIVV	2
OK	1
ON	1
OPINIONS	1
Oakland	1
Oates	1
Obama	4
Object	1
Oct	8
October	38
Of	2
Offend	1
Officer	1
Offset	1
Oh	7
Oh-	1
Ohio	2
Oil	1
Ok	1
Okay	2
Old	1
On	9
One	6
Only	2
Ooo	1
Or	6
Orange	1
Orange-gold	1
Oregon	1
Organic	1
Otters	1
Our	4
Outer	2
Over	2
Overdetermined	1
Oxford	1
P.E.	2
PA	1
PAGE	1
PDF	6
PG-13	1
PICTURE	1
PM	68
PMCathy	1
PMYaacov	1
POLICE	1
PROTECT	1
Padraic	2
Pagan	1
Pages	1
Paiute	1
Palestine	1
Palestinians	1
Palin	14
Pansy	1
Park	2
Parker	1
Part	1
Parts	2
Party	8
Passed	1
Past	1
Pathophysiology	1
Paul	1
Pay	1
Paying	1
Pea	2
Peace	1
Pendelton	1
Pendleton	1
People	3
Perdiew	2
Perfect	1
Performance	1
Perhaps	2
Personally	3
Peter	1
Philippines	2
Phish	1
Pinot	2
Pirate	2
Pirates	7
Place	1
Playbook	1
Player	3
Please	1
Plus	5
Point	1
Poke	1
Policy	1
Political	1
Poppy	1
Posted	57
Prayers	1
Prejudice	1
Prescribed	1
President	1
Pretty	1
Pride	1
Prof	1
Professor	2
Program	1
Proponents	1
Prosthetic	1
Protection	1
Provincetown	2
Psychologists	1
Pt	1
Public	1
Publishers	1
Pushed	1
Put	2
Quiet	1
Quit	1
Quite	1
Qur	1
R	4
RIGHT	1
RSS	1
Raffaello	1
Raggedy	5
Raina	1
Re	2
Read	2
Reader	1
Real	2
Really	1
Recruit	1
Red	2
Reeder	3
References	1
Regarding	1
Registrar	1
Reid	1
Religion	1
Remember	4
Replace	1
Reports	1
Republican	5
Republicans	2
Rescue	5
Research	1
Reset	1
Resetting	2
Resolutions	2
Resource	1
Responses	4
Retailers	1
Retreat	1
Rev	2
Rice	2
Richard	2
Rick	3
Ride	4
River	3
Riverhead	1
Robert	2
Roberts	1
Rock	1
Rodriguez	2
Ron	1
Route	1
Rove	2
Russell	1
Russia	2
Russian	3
Rust	3
Rutherford	2
Ryan	1
S	3
SCHOOL	1
SCV	1
SEK	3
SEO	1
SHARIA	2
SHE	3
SUPPORT	1
SUPPORTERS	1
Sack	2
Sacramento	1
Sacrifices	1
Sad	1
Sakya	1
Salmon	2
Salt	2
Sambito	3
Sand	2
Sandwich	1
Saper	1
Sarah	8
Saturday	4
Save	2
School	3
Schulman	2
Science	1
Scientists	1
Scot	1
Scott	2
Sea	1
Second	1
See	3
Seedbombing	3
Seems	2
Segway	1
Self-	1
Self-control	1
Self-efficacy	2
Self-preservation	1
Self-sufficiency	1
Selling	1
Seltzer	5
Senate	1
Send	1
Seng	1
Sep	7
Separation	2
September	7
Series	2
Seriously	1
Setting	1
Sexy	1
Shades	1
Shame	2
Shanghai	1
Shaq	2
Shaquille	1
Sharpe	1
She	25
She-	1
Shea	1
Shiite	1
Shinola	1
Shiran	1
ShopGreen	1
Side	1
Simply	2
Since	2
Sisyphian	1
Sjerven	1
Skype	1
Slayer	1
Sleep	2
Slightly	2
Slowly	2
So	19
Social	2
Society	1
Solano	2
Solid	1
Some	5
Somebody	1
Someone	1
Sometimes	1
Somewhere	1
Sonoma	63
SonomaSonoma	1
Sorry	2
Sounds	1
Source	1
South	1
Southern	2
Soviet	1
Sox	1
Spain	1
Specialty	1
Sperling	1
Spray	1
Spridgen	1
Sprow	1
St	1
Stadium	1
Standard	1
Start	1
State	7
States	3
Stay	1
Stefani	1
Stein	1
Stephenie	1
Steve	3
Still	1
Straw	1
Stroh	1
Student	2
Students	5
Studies	1
Study	1
Such	3
Sucker	1
Summer	1
Sunday	4
Sunday-at-the-mall	1
Sundays	1
Sunnydale	1
Sunshine	1
Superb	1
Sure	2
Surely	3
Swearengen	1
Sydney	1
TADA	1
TBR	6
TERRORISM	4
TGI	7
THAT	1
THE	2
THEORY	1
THEY	1
TO	1
TPer	2
TTB	2
TV	3
Tactics	1
Take	3
Tayari	2
Taye	1
Tea	7
Teabagger	2
Teabaggers	1
Teaching	1
Teapublicans	1
Tell	1
Temple	1
Templeton	1
Ten	1
Tennessee	1
Terra	1
Terrell	1
Terrorism	3
Terrorist	2
Terrorists	1
Terry	1
Teubner	1
Texas	3
Thank	4
Thanks	12
That	26
The	128
Their	1
Then	7
Theories	1
Theory	1
There	26
These	5
They	27
Thibodeau	1
Think	3
This	47
Those	1
Thought	1
Three	3
Thrift	1
Through	1
Throw	1
Thursday	2
Tibetan	5
TimeOut	1
Times	5
Timing	1
Timor	1
To	10
Toby	1
Today	2
Together	1
Tom	8
Tom Cruise-Brad Pitt	1
Tom--	2
Tomer	1
Too	1
Tools	1
Toto	1
Tourist	1
Town	1
Tried	1
Trizin	1
Troy	5
True	3
Truro	7
Trust	1
Truth	1
Truthfully	1
Try	1
Tsechen	1
Tuesday	1
Tupelo	6
Turkmenistan	1
Turnbull	1
Turnings	1
Turns	1
Tuscany	1
Twilght	1
Twilight	2
Twitter	3
Types	1
U	2
U.S.	1
UC	1
UCI	1
UPDATE	1
US	3
USA	5
Uber-Rich	1
Ultimately	1
Um	2
Uncle	1
Undermining	1
Understand	1
Unelected	1
Unfortunately	1
Union	1
United	9
University	4
Unless	1
Unresolved	1
Until	1
Update	2
Uprooted	2
Urbino	5
Use	3
Used	1
Usurp	1
V	1
VERY	1
Valley	20
Vampire	5
Vampires	6
Varsity	2
Vassar	2
Venkatarmani	4
Vietnam	1
Vintners	3
Viticultural	2
Vive	1
W	1
WATCHING	1
WHAT	1
WIN	1
WITH	1
WV	1
Wade	1
Wal	1
Walking	1
Wall-	1
Wallace	1
Wallenbrock	1
Walls	1
Want	2
Wark	1
Warrior	1
Was	2
Washington	1
Watchmen	2
Way	1
We	21
Wednesday	10
Welchs	1
Well	11
Were	1
Wesley	1
West	3
What	19
Whedon	2
Wheel	1
When	15
Where	4
Wherever	1
Which	3
While	4
White	1
Who	1
Whoever	1
Wholesalers	3
Whoops	1
Why	7
Widener	3
Wild	1
Will	2
Wine	4
Wingnuts	3
Winkler	2
Winning	3
Wisse	1
With	4
Within	1
Without	3
Wonderful	1
Woody	2
World	3
Would	2
Wow	2
Writer	1
Xander	1
Xbox	1
YOU	4
Yay	1
Yeah	4
Year	4
Years	1
Yes	5
Yet	1
York	4
Yorkers	1
Yorkville	1
You	45
Your	2
Yourself	2
Yuan	1
Zinfandel	2
Zombie	2
Zombies	9
[	10
]	10
_	8
a	640
abandoned	5
abide	1
ability	8
able	3
about	107
above	11
absolutely	6
abundance	1
academic	9
academics	3
accept	2
accepted	1
access	5
acclaimed	1
accommodate	1
accomplish	1
accomplished	3
accord	2
according	2
account	1
accounts	1
accrue	1
accumulates	1
accurate	2
accurately	2
accusation	1
achieve	6
achieved	3
achievement	2
achieving	1
acidic	1
acknowledgement	1
acquired	2
acres	1
across	7
act	4
action	2
actions	4
active	2
actively	1
activists	1
activities	3
activity	3
actress	1
acts	1
actual	6
actually	11
ad	2
ad-libbing	1
add	4
added	4
adding	5
addition	3
address	2
addressed	1
addressing	1
adhering	2
adjacent	1
adjudicate	1
adjust	1
administered	2
administration	5
admit	2
adorable	1
ads	1
adult	2
adults	2
advantage	2
advice	2
advisors	1
advocate	2
advocates	2
adx	1
affable	1
affected	1
affects	1
aforementioned	1
afraid	1
after	28
afternoon	4
again	12
againand	1
against	19
age	4
agenda	1
agent	1
agents	1
ago	4
agrarian	1
agree	8
agreement	1
agrees	1
agriculture	2
ai	1
aim	1
aiming	1
air	2
airwaves	1
akin	1
al	1
alchohol	1
alcohol	28
alcoholic	2
alean	1
alert	3
alerted	1
alerting	1
alkau	2
all	103
all-day	1
allots	1
allow	4
allows	4
almost	2
alone	7
alone--a	1
along	5
alongside	1
already	12
also	24
alter	1
although	4
alum	1
always	11
am	20
amateur	1
amazing	2
ambience	1
amend	3
amendment	2
amendments	6
america	1
among	6
amount	9
an	100
analysis	2
analytical	1
anarchic	1
anarchically	1
anarchist	1
anarchy	2
and	642
anger	3
angles	1
animals	1
animating	1
announced	1
announcement	3
another	11
another--gathered	1
answer	4
answered	1
answers	1
antagonistic	1
anti-capitalist	1
anti-competition	1
anticipates	1
antipathy	1
any	42
anybody	1
anymore	2
anyone	12
anything	15
anyway	3
anywhere	2
apart	1
apartment	2
apeshit	1
apparently	1
appeal	2
appear	2
appearances	4
appeared	3
appears	2
appease	1
appellation	3
appered	1
applauded	1
appliances	2
appreciate	3
appreciated	1
appreciative	1
approach	2
approaches	4
appropriate	2
approval	2
approve	3
approved	2
approves	1
approximately	2
aprons	1
apt	1
arable	1
archetypes	2
architecture	1
archives	2
are	138
area	8
areas	4
arena	2
argue	2
argued	2
argues	1
arguing	3
argument	4
arguments	2
arises	1
arm	1
arms	1
around	18
arrange	1
arranges	1
arrival	1
arrive	2
arson	1
arsonists	1
art	3
article	14
articles	1
artisan	1
artist	5
artists	2
arunrob@gmail.com	1
as	141
ashamed	1
ask	5
asked	7
asking	5
asleep	1
aspirations--someone	1
aspires	1
asses	1
assess	1
assessed	2
assessing	1
assessment	4
associated	3
association	4
associations	1
assume	1
assumes	1
assuming	3
assumptions	1
astonished	1
astounds	1
astute	1
at	230
ate	1
atheist	1
athlete	3
athletes	7
athletic	2
athletics	7
atop	1
attached	1
attack	7
attacked	2
attacks	7
attained	1
attaining	1
attempt	2
attend	1
attended	1
attention	3
attests	1
attitude	2
attorneys	2
attribute	1
attribution	1
auction	1
audible	1
audibly	1
audience	9
audit	1
auditioning	1
aunt	3
authentic	1
author	3
authoress	1
authority	2
authors	1
automotive	1
available	5
avenged	1
average	2
avoid	1
avoidance	1
avoiding	1
awaits	1
awake	2
awarding	3
awards	1
aware	2
away	6
awesome	3
awful	2
awfully	1
awkward	1
awning	1
awoke	1
awol	1
baby	2
back	26
backed	2
backyard	4
bad	8
badly	1
bag	1
bagpipes	1
balance	4
balanced	2
balances	1
balancing	1
ballot	1
balls	1
banger	1
banksters	1
banner	1
banning	1
bare-limbed	1
barely	1
barring	1
bars	1
baseball	6
based	4
basement	2
basic	3
basically	4
basics	1
basis	3
basket	1
basket-handle	1
basketball	2
baskets	1
bat	1
bathroom	1
bathroom-	1
batshit	1
be	175
beach	1
bear	3
beard	1
beat	4
beating	1
beautiful	5
beauty	1
became	1
because	34
beck	1
become	7
becomes	1
bed	3
bedding	1
bedpan	1
bedtime	1
been	37
beer	4
before	23
began	2
begin	1
beginning	1
begins	1
behaved	1
behavior	2
behind	8
being	36
beings	2
belief	3
beliefs	3
belies	1
believe	29
believed	8
believer	1
believes	4
believing	1
belong	2
below	1
bene	1
beneficial	2
benefit	4
benefiting	1
benefits	2
benzodiazepine	1
best	10
bestseller	1
bet	1
better	16
better-established	1
betting	1
between	15
beverage	2
beverages	1
beyond	6
bible	1
biblical	1
bicycle	2
bicycles	1
bidding	1
big	10
biggest	1
bike	27
bikes	5
bill	12
bio-chemical	1
biology	1
bipeds	1
birthday	4
bisnis	1
bit	5
bite	1
black	2
black-themed	1
blame	1
blanket	1
blatant	1
blather	1
blends	2
blighted	1
blind	1
blither	1
blithering	1
block	1
blog	9
blogger	3
blogs	1
blood	1
blow	1
blue	4
blue-white-red-green-yellow	1
bluff	1
board	1
boarded	1
boats	1
body	5
bogs	1
bogus	1
bold	2
bombed	1
bombing	1
bombs	1
boneheaded	1
bonnets	2
bonus	3
bonuses	2
booing	1
book	9
books	5
boomed	1
boost	1
booster	1
boot	1
booths	1
borders	1
boring	2
born	3
botanical	1
both	11
bothersome	1
bottle	5
bottles	2
bottom	1
bought	2
bound	1
bountiful	1
bout	1
boutique	1
box	1
boxed	1
brain	4
brainless	1
brainwashed	1
branches	4
brand	10
brands	3
break	4
breakfast	1
breast	1
breathe	1
bred	1
breeze	1
brewers	1
brian	1
brick	1
bridge	1
bright	3
brilliant	1
bring	6
bringing	1
brings	1
broached	1
broad	2
broadcast	1
broaden	1
broke	1
broken	1
brothers	1
brought	5
brute	2
bubbling	1
buddies	1
buddy	1
budget	1
buff	1
build	2
building	5
buildings	3
built	10
built-in	1
buised	1
bulbs	1
bullshit	1
bums	1
bunch	3
bunker	1
burden	2
burdening	1
burgeoning	1
burgers	2
burglars	1
burial	1
burned	3
burning	1
business	7
businesses	1
businessmen	1
busted	2
busy	3
but	108
buy	10
buyers	2
buying	5
by	160
bygone	1
c	1
ca	19
cabernet	1
cabin	1
cable	2
caffeinated	2
caffeine	3
calculate	4
calculating	1
calculator	1
calibrate	1
call	4
called	4
calling	1
calls	1
cam	1
came	6
camera	4
camera-flash	1
campaign	3
campaigner	1
campaigning	2
campaigns	1
campus	3
can	92
can't	1
cancelled	1
cancers	1
candidate	2
candidates	1
cans	1
cant	1
canvas	1
cap	8
capabilities	1
capable	1
cape	1
capitalism	2
caps	1
car	4
carbon	19
card	1
care	1
cared	1
carefully	1
caring	1
carleen	1
carnage	1
carries	2
carry	4
carrying	1
cars	3
carved	1
case	11
cases	7
cash	1
casings	1
casual	1
catastrophic	1
catcalling	1
catch	1
catch-all	1
catching	1
categories	1
category	1
cause	2
caused	1
causes	2
causing	1
cautiously	1
cave	1
cease	1
celebrity	1
center	3
central	1
certain	2
certainly	6
certainty	2
certificate	1
chains	2
challenge	4
challenged	1
challenges	2
challenging	1
champions	1
championship	1
championships	1
chance	3
chances	1
change	16
changes	1
changing	3
channel	1
channels	1
character	2
characteristics	1
characters	2
charade	1
charge	1
charles	1
charms	1
charred	1
chassis	1
cheap	4
cheaper	2
cheapest	1
check	3
checked	5
checking	2
checkout	1
checks	2
cheerleaders	1
chemical	1
chicken	4
chicken-lady	1
childhood	1
children	1
chill	1
chlorophyll	1
chocolates	1
choice	2
choir	1
choose	5
chooses	1
choosing	1
chops	1
chord	1
chose	3
chosen	1
christ	1
chronicled	1
chuckles	2
chunk	1
chunks	1
church	9
churning	1
cigarettes	1
circadian	11
circle	1
circuit	2
circumstances	1
cities	2
citizen	1
citizens	2
city	17
civil	1
civilians	2
claim	4
claiming	3
claims	1
clarification	1
clarified	1
clarify	1
class	4
classes	1
classic	1
classics	1
classmate	1
classmates	1
clause	1
clawing	1
clay	1
clean	2
cleaner	1
clear	4
clear-headed	1
clearance	1
clearly	6
clicky	2
climate	4
climb	1
cling	1
clinging	1
clip	4
clips	2
clock	9
close	1
club	1
clubs	1
clue	1
clueless	3
cluelessly	1
cluttered	1
co-opt	1
co-opts	1
coach	1
coaches	1
coast	3
cocaine	1
cock	1
codify	1
coffee	2
cognitive	2
cohorts	1
coincidence	1
collapsed	1
collapses	1
colleague	1
collective	1
collectives	1
college	10
color	4
columns	1
com	3
combat	2
combination	1
combined	1
combines	1
come	11
come-hither	1
comedies	1
comedy	2
comes	9
comfy	1
comic	2
comical	2
comics	2
coming	4
comment	4
commenting	1
comments	1
commerce	2
commercial	2
commies	1
commitment	4
committed	1
common	2
commonsense	1
communication	1
communications	1
communicator	1
communists	1
community	9
compact	1
companies	4
companionship	1
company	3
comparable	2
compared	1
comparison	1
compelled	1
compelling	1
compensate	1
compete	1
competed	1
competing	1
competition	5
competitions	1
complement	1
complete	1
completely	8
complex	1
complexity	2
complicated	3
comply	1
component	1
composed	1
compost	4
composting	1
computer	1
con	1
con-servative	1
concept	2
concepts	1
concern	2
concerned	3
concerning	1
concerns	7
concludes	1
conclusion	2
conclusive	1
condemned	1
conditions	1
conduct	1
conducted	1
conferences	1
confidence	1
confined	1
conflate	1
conflict	1
confuse	2
confused	1
confuzzled	1
congress	1
congressional	1
conjunctive	5
connected	1
connection	1
connections	1
consequences	1
conservative	2
conservativism	1
conservatory	1
consider	3
considerable	1
consideration	1
consistent	2
consistently	1
conspiracy	1
constant	2
constitution	16
constitutional	5
constitutionality	1
constructed	1
consultancy	1
consume	3
consumer	5
consumers	11
consuming	3
consumption	1
contained	1
container	1
containers	2
containing	2
content	3
contents	1
context	1
contiguous	1
continent	1
continue	7
continues	2
continuing	1
continuous	1
contradict	1
contrarian	1
contribution	1
contributions	1
control	7
controls	2
converging	1
conversations	2
converted	1
convinced	8
cook	1
cool	1
cools	1
copper	1
cops	1
copyright	1
core	3
corner	4
corporatism	2
corps	1
correct	3
correctly	1
correctly—by	1
correspondent	1
corrupt	1
corrupted	1
corruption	2
cosmology	1
cost	7
costing	1
costs	2
coterie	1
could	37
counted	2
counter	1
counteract	1
counterpoint	1
counties	3
counting	1
countries	3
country	3
counts	1
county	10
couple	4
coupons	4
courage	1
course	17
courses	6
coursework	2
court	6
courtesy	1
courts	3
cousinavi	2
cover	2
covered	2
crackheads	1
crafted	1
cranberry	1
crank	1
cranky	1
crap	2
crappily	2
crazy	3
cream	2
create	4
created	3
creates	1
creating	4
creation	1
creations	1
creative	1
creativity	1
credentials	1
credibility	1
credit	13
credits	3
crew	1
cricket	1
crime	4
criminal	1
crisis	3
crisscross	1
critic	1
critical	1
crops	1
cross-legged	1
crossing	1
crow	1
crowd	6
crowds	1
crowning	1
cruel	1
cruise	1
crumble	1
crumbly	1
crush	1
crushing	1
cry	1
crypto-fascism	1
crystal	1
cues	2
cuisine	1
cultivated	1
culture	6
current	4
currently	4
cushions	2
customer	1
customers	2
cut	2
cute	1
cycle	4
cycles	2
d	2
dad	1
daily	4
damn	3
damned	1
dance	2
danced	1
danger	2
dangerous	2
dark	3
darkness	1
data	3
datapoints	1
date	2
day	18
daylight	2
days	6
daytime	5
dazzling	1
de-politicize	1
dead	3
deal	4
dealing	2
deals	2
dealt	1
dear	1
death	5
debate	9
decade	2
decades	3
decay	2
decaying	2
deceiving	1
decide	2
decided	4
decision	6
decisions	2
decreases	1
dedicate	2
dedicated	2
deeper	1
deer	1
defeat	1
defeated	1
defend	5
defender	2
defense	1
deficiencies	1
deficient	1
defilement	1
defilements	1
define	1
defines	1
definitely	3
definition	1
definitively	1
degree	3
delegating	1
deliberately	1
delicious	3
delight	1
delightful	1
deliver	1
deliveries	1
delivering	1
delivery	1
delusion	1
delved	1
demand	1
demands	4
demo	1
democracy	2
democrats	1
demographic	1
demonstrably	2
deny	1
departments	1
departure	1
dependable	1
depended	1
depict	1
depicting	1
depleted	1
dept	1
depth	1
deregulate	1
derferment	1
derision	2
derived	1
derives	1
descent	1
describe	1
described	2
describes	2
deserted	2
deserve	2
designating	1
designation	4
designed	4
desire	1
desired	1
desk	2
desperately	1
despise	2
despite	1
dessert	2
destination	1
destroy	1
destroys	1
detail	2
detailed	1
detain	1
deteriorates	1
determine	4
determined	1
determines	1
devastation	2
develop	1
developments	1
devotion	2
dictate	1
dictating	1
did	38
didn't	1
die	2
dies	1
difference	4
different	6
difficult	2
difficulty	2
dig	3
digg	1
digital	1
dignify	1
dignity	1
dim	1
dim-witted	1
diminish	3
dimmer	1
dining	1
dinner	2
dioxide	1
dipped	1
direct	3
direction	1
directions	1
directly	1
dirt	3
disaffected	1
disagree	7
disappeared	1
disappointed	3
disappointment	2
disaster	1
discontent	1
discount	1
discounted	1
discourage	1
discover	1
discovery	1
discriminate	5
discrimination	3
discuss	5
discussed	4
discusses	1
discussing	1
discussion	2
discussions	1
disgruntled	1
disinformation	1
disingenuous	1
dismantle	1
dismissing	2
dispute	1
disputes	1
disruption	1
dissent	1
dissertation	2
dissipates	1
distance	1
distant	1
distinction	1
distinctions	1
distinctive	1
distinguish	1
distinguishing	1
distribute	1
distribution	3
distributor	1
distributors	1
district	1
disturbing	1
diverse	1
division	1
do	115
doctor	1
document	3
does	46
dog	1
doing	16
doled	1
dollars	1
domain	3
domestic	1
don't	1
donated	1
donations	1
done	11
door	3
doors	1
dose	3
doses	5
double-post	2
doubt	2
dove	1
down	15
downtown	4
dramatically	1
dream	1
dreams	3
dried	1
drink	1
drive	6
drives	1
driving	10
drool	1
drop	1
dropped	1
dropping	1
drove	1
drug	3
drugs	2
drugstore	2
drum	1
dry	1
ducks	2
dude	1
due	8
dueling	1
dull	1
dumb	4
dumbass	1
dumpster	1
dumpster-salvaged	1
dumpsters	1
dunes	1
duplicitous	1
during	8
dust	2
dying	1
e	2
e-commerce	1
each	11
earlier	3
early	8
earn	1
earned	2
earth	4
easier	1
easily	1
eastward	1
easy	5
eat	3
eating	7
echinacea	1
eco	2
eco-friendly	1
economic	4
economics	1
economy	1
edge	2
editor	1
editors	2
educate	1
educated	3
education	7
effect	8
effective	5
effectively	2
effectiveness	2
effects	3
efficiency	1
effort	7
efforts	4
eight	1
either	8
elbow	1
election	2
electrical	1
electricity	1
elements	1
elevating	1
elevator	2
eliminate	1
eliminated	1
elite	1
else	14
elsewhere	2
email	2
emails	2
embarrassed	1
emerges	1
eminent	1
emissions	3
emo	1
emotion	1
emotions	2
employment	1
empty	3
enacted	2
enclave	1
encompasses	1
encouraging	1
end	13
ended	1
endevor	1
endgame	1
endorsed	1
endorses	1
enemy	1
energy	1
engage	1
engaged	1
enjoy	3
enjoyed	1
enough	17
enricher	1
ensuing	1
ensure	1
enter	5
entered	2
entertain	1
entire	7
entirely	7
entirety	1
entitled	1
entitlement	1
entry	1
environment	3
environmental	1
episodes	1
epistemology	1
equal	2
equalizer	1
equation	1
equipment	1
equipped	1
equivalent	3
era	2
errands	1
erroneous	1
erroneously	1
especially	2
essentially	3
establish	2
established	3
establishing	1
establishment	2
estate	6
estimate	2
et	1
etc	3
eternally	1
ethical	2
ethics	1
even	26
even-handed	1
evening	5
event	4
events	4
eventually	1
ever	11
evergreens	1
every	18
everyone	8
everything	8
everywhere	3
evidence	3
evil	2
evolution	3
evolved	1
evolves	1
ew	2
exactly	9
examine	2
example	9
exceeded	1
excellence	1
excellent	2
except	2
exception	1
exceptions	1
excess	1
exchange	1
exciting	1
exclamation	1
excuse	1
execs	1
exercising	1
exert	1
exhaustive	1
exhibit	1
exist	1
existence	2
existing	1
exists	3
exits	1
expanded	1
expansion	1
expect	7
expectation	1
expectations	1
expected	3
expects	1
experienced	3
experiences	3
experiment	1
experimentation	1
experimenters	1
expert	2
experts	2
explained	2
explaining	1
explains	1
explicit	1
explorer	1
explores	1
exploring	1
explosed	1
explosively	1
exposed	1
exposes	2
exposure	5
extended	1
extent--only	1
external	1
externalities	1
externality	1
externally	1
extracurricular	4
extracurriculars	1
extraordinarily	1
extreme	2
extremely	1
extremist	2
eye	1
eyes	3
faa	1
fabric	1
fabulously	1
face	2
face-to-face	2
faced	3
facial	1
facially	1
fact	27
factor	3
factories	2
factors	2
facts	3
faculty	2
faculty-supervised	1
fail	2
failed	6
failing	2
failure	2
fair	3
fairly	1
fairness	1
faith	3
faithful	2
faking	1
fall	1
falling	2
false	2
falsely	2
fame	1
familiar	1
families	2
family	3
famous	2
fan	4
fancy	1
fans	16
fantastic	1
far	10
far-fetched	1
fares	1
farm	2
farm-to-fork	1
farmer	1
farmers	4
farming	5
fascinating	4
fascination	1
fascism	1
fast	9
fault	1
faulty	1
fauna	1
favor	3
favorite	3
favorites	1
favrd	1
fear	2
fears	1
feats	1
feature	1
featured	1
federal	6
feeblest	1
feedback	2
feeding	1
feel	8
feel-good	1
feeling	5
feels	3
fees	2
feet	2
fell	2
fellow	1
felt	5
fences	1
fertile	3
fertilization	1
fertilizer	1
few	13
fewer	2
fiction	3
fiddled	1
field	2
fifteen	1
fight	5
fighting	2
figures	1
fill	1
filled	3
filling	2
film	1
filters	1
final	1
finale	1
finally	2
finance	3
financial	2
find	11
finds	4
fine	2
finger	2
fingernail	1
fingerprints	1
fingers	1
finish	1
finished	3
finite	1
fire	3
firemen	1
fires	1
firmly	2
first	30
fit	1
fits	1
five	5
fix	2
fixed	4
fixer	1
fixing	1
flag	3
flags	2
flair	1
flashpoint	1
flavors	1
flesh	1
flick	1
flicks	1
flight	3
flights	3
flirting	1
flora	1
flourishing	1
flow	1
flowering	1
flowers	4
flown	4
fluorescent	1
flutter	1
fly	2
focus	3
focused	1
folk	1
folks	5
follies	1
follow	1
followed	2
following	2
follows	1
font	2
food	15
foodies	1
foods	1
fool	2
foolish	1
footprint	6
for	255
foraging	1
forbid	1
force	3
forced	3
forces	2
foreceful	1
foreign	2
forever	1
forget	5
forgetting	2
forgot	2
forgotten	1
fork	1
form	5
formal	1
former	2
forte	1
fortunes	1
forums	3
forward	4
fossil	2
foster	1
found	11
foundation	1
foundational	1
foundations	1
founders	1
four	7
fourth	1
fraction	2
framed	1
frames	1
frantic	1
fraud	1
frauds	2
freak	2
fredric	1
free	19
free-range	1
free-running	1
freedom	3
freegan	1
freely	1
freeway	1
frequent	1
frequently	3
fresh	3
friend	11
friendlier	1
friends	9
frogs	1
from	106
front	7
fruit	1
fruits	1
frustrated	1
frustrating	2
fuck	4
fuckable	1
fucked	1
fucking	3
fucks	1
fuels	2
fulfill	1
fulfilling	1
full	8
fully	3
fun	8
function	1
fundamentally	1
funded	1
funk	1
funny	2
further	3
future	9
g	1
gaffe	3
gain	1
gained	2
gains	1
game	16
gamechangers	1
games	2
gamut	1
gang	4
gangster	1
garden	8
gardeners	1
gardens	2
gas	2
gasp	2
gasps	1
gather	1
gathered	1
gathering	1
gave	2
gay	1
gears	1
geese	1
geezers	1
general	6
generally	1
generate	2
generates	1
generation	1
generations	3
genetic	1
genius	3
genre	3
gentle	1
gently	1
genuinely	1
geography	1
get	53
gets	7
getting	5
ghetto	1
ghost	2
ghosts	1
giant	1
gift	3
gifted	1
gigs	1
gimmick	1
give	15
given	8
gives	5
giving	4
glad	2
gladly	1
gland	1
glasses	1
gleaned	1
glenn	1
global	3
glorified	1
glory	3
gloves	1
go	29
goal	8
goal-setting	1
goals	14
god	1
goddamn	1
goddamned	1
goes	6
going	25
gold	2
gone	9
gonna	1
good	32
goodness	1
goods	1
got	20
gotta	1
gotten	1
government	12
governmental	1
govt	1
grab	1
grad	1
grade	2
graded	1
grading	3
graduation	1
graffiti	2
grammar	2
grand	4
grandfather	2
grandpa	1
granholm	1
granted	4
grape	3
grapes	5
grasp	2
grasses	1
grassroots	1
grassy	1
great	27
greater	4
greatest	2
greatness	2
greed	1
green	10
green-at-heart	1
greenbacks	1
greener	1
greenhouse	1
greenlighting	1
grew	2
grey	2
grievance	1
grievances	1
grilled	1
grin	1
groceries	1
grocery	2
ground	2
group	4
groups	2
growers	1
growing	4
grown	6
grumble	1
guarantee	1
guaranteed	1
guess	3
guessed	3
guessing	1
guest	2
guffaw	1
guffaws	1
guideline	1
guidelines	1
guilty	1
gun	1
gut	1
gutted	1
guy	1
gym	1
ha-ha	2
habit	1
habitable—provided	1
had	48
hail	1
hailed	1
hair	1
half	11
halfway	1
hall	1
halls	1
hallway	1
halos	1
hand	4
hand-wash	1
handed	1
handful	1
handfuls	1
handily	1
handlebars	1
handy	1
happen	6
happened	3
happening	1
happens	4
happier	2
happily	1
happiness	2
happy	5
happyfeet	2
hard	5
hardly	2
hardy	1
harm	2
harvest	2
has	58
hashtag	1
hashtags	1
haste	1
hate	1
hateful	1
hatred	1
haul	1
haunted	1
haunts	1
havarti	1
have	145
having	11
hawing	1
hawks	1
hay	6
haying	3
he	42
head	3
heading	1
health	3
heaped	1
hear	4
heard	4
hearing	1
hears	1
heart	1
heat	1
heathier	1
heating	1
heaven	1
heavily	1
heavy	3
heel	1
heels	1
heirloom	1
held	1
hell	3
help	13
helped	1
helping	2
hemming	1
her	85
here	24
heritage	1
herself	4
hi	1
hidden	1
high	10
high-efficiency	1
higher	2
highlands	1
highlighted	1
highly	3
highway	1
hilarious	2
hill	1
hillarious	1
him	16
himself	6
hints	1
hip	1
hipsters	1
hired	2
his	30
historical	2
history	1
hit	7
hit-or-miss	1
hitherto	1
hitting	1
hoax	1
hobby	2
hoes	1
holding	1
holds	2
hole	2
holes	1
holiday	1
hollow	1
holocaust	1
holy	2
home	7
homeostatic	5
homeowner	1
homepage	1
homes	2
homestyle	1
homework	1
honest	1
honestly	1
honey	2
hoots	1
hooves	1
hop	2
hope	4
hopeful	1
hopes	2
horde	1
hordes	1
hormone	2
horrendous	1
horrible	2
horror	3
horse	2
horses	3
horsewhipped	1
host	2
hosting	1
hosts	1
hot	2
hotel	1
hour	5
hours	6
house	18
house-sized	1
houses	9
how	43
however	2
html	2
http://caselaw.lp.findlaw.com/scripts/getcase.pl?court=us&vol=000&invol=04-108">Kelo	1
http://citizensvoice.com/arts-living/2.212/2.213/fred-franzia-wine-s-archie-bunker-with-a-dose-of-donald-trump-1.564510?	1
http://news.reseau-concept.net/images/oiv_uk/Client/OIV_Wine_Labelling_Standard_EN_2006.pdf	1
http://tinyurl.com/26ddbvd	1
http://www.britannica.com/search?query=terrorism&ct=	1
http://www.facts-about-wine.info/	1
http://www.hr5034.org/	1
http://www.hr5034.org/fact-vs-fiction	1
http://www.hr5034.org/learn-more	1
http://www.law.com/jsp/nlj/PubArticleNLJ.jsp?id=1202463630848&Alcohol_bill_means_happy_hour_for_lobbyists	1
http://www.loveallpeople.org/defeatingterrorism.html	1
http://www.stophr5034.org.	1
http://www.webreference.com/js/	1
hubris	2
huge	6
human	5
humanity	1
humbug	1
hundred	2
hundreds	2
hung	1
hungry	2
hurt	1
hush	1
hype	1
hypnotic	1
hypocrisy	1
hypocritcal	1
hypothesized	1
i	6
ice	2
idea	8
ideal	1
ideally	1
ideas	5
identified	1
identitarian	1
identity	1
idiocy	1
idiot	1
idyllic	1
ie	1
if	71
ignoramuses	2
ignorance	2
ignorant	4
ignore	1
ignored	1
illegal	1
illegitimate	1
illusion	1
illustrates	1
imagery	1
images	1
imagination	1
imagine	1
imbecility	1
immediately	4
imminent	1
impact	2
imparting	2
impediment	1
implements	1
importance	1
important	11
importantly	2
importers	1
impossible	3
impression	1
improve	2
improved	1
improving	1
in	406
in-county	1
in-depth	1
in-fighting	1
in-state	3
in-the-know	2
inch	1
include	2
included	5
includes	2
incompetent	1
inconclusive	1
incorporate	1
increase	2
increased	2
increases	2
increasingly	1
incredible	2
incredibly	3
incredulous	2
incredulously	1
incubators	1
indeed	2
independence	1
independent	1
indicated	1
individual	4
individuals	4
indivisible	2
indoctrination	1
indulge	1
indulgences	1
industrial	2
industries	2
industry	9
ineffective	2
inefficient	1
inevitable	1
inexorable	1
infiltrated	1
infinitely	1
inflates	1
influence	2
influencing	1
info	4
information	5
informative	1
informed	4
infrastructure	2
ingredients	1
inhabited	1
inherent	1
inherently	1
inhibiting	1
initial	1
initiate	1
inject	1
injure	1
injuries	1
innocent	2
innovation	1
innuendo	1
input	1
insane	1
inside	4
inside-the-park	5
insight	2
insist	4
insistence	1
insistent	1
insomnia	2
inspired	3
install	1
installed	1
instance	1
instances	2
instantly	1
instead	14
instinct	1
insufferable	1
insufficient	1
insulating	1
insurance	2
intend	2
intended	3
intends	1
intensities	1
intent	2
intention	1
interact	1
interaction	1
interest	1
interested	2
interesting	4
interests	4
interfere	1
interference	1
internal	3
internalize	1
internalize-your-externality-sort	1
internalizing	1
international	1
internet	1
interpret	2
interpretation	2
interprets	1
interstate	2
into	44
intrepid	1
intrigued	1
introduce	1
introduced	2
introduction	1
introductory	2
intuitions	1
invasion	1
invention	2
invested	1
investment	3
invisibility	1
invisible	1
invite	2
invited	1
involved	2
involving	1
irritation	1
is	347
is--trials	1
isolated	1
issue	4
it	274
it's	1
it-	1
it--you	1
item	2
items	2
iteration	1
its	28
itself	1
jar	1
jars	1
jason	1
jealously	1
jealousy	1
jebus	2
jesus	1
jet	7
jim	1
job	7
jobs	1
join	2
joined	1
joining	1
joke	5
jostled	1
journal	1
journey	1
jousting	1
judgements	1
judges	2
judicial	2
juice	1
juicy	1
jump	3
jumped	3
jungles	1
just	44
justification	3
justifications	2
justified	1
karma	1
keep	20
keeping	3
keeps	3
kept	2
key	2
kick	1
kid	4
kidding	4
kids	7
kill	6
killing	1
kiltman	1
kind	6
kinda	1
king	1
kitchen	1
kitchens	1
knew	4
knocking	1
know	51
knower	2
knowing	13
knowledge	5
knowledgeable	1
known	5
knows	10
koeppel	1
la	2
label	18
labeled	2
labeling	8
labels	5
labels—whether	1
lack	1
ladders	1
lag	8
land	1
landscape	1
lanes	1
language	4
lap	3
large	6
larger	3
lashing	1
last	18
late	5
lately	2
later	9
latest	1
latter	1
laugh	5
laugh-out-loud	1
laughed	2
laughing	12
laughs	2
laughter	5
launch	2
launched	1
law	29
lawmakers	1
laws	26
lawsuits	1
lawyers	3
lay	8
lazily	1
le	1
lead	1
leaders	3
leadership	1
leads	1
leaf	1
learn	4
learned	8
learning	2
least	10
leave	4
leaves	1
leaving	2
lecture	2
led	4
leeway	1
left	12
leftovers	1
leg	1
legal	5
legally	1
legislating	1
legislation	1
legislators	1
legislature	3
legislatures	5
legitimate	3
lesbians	1
less	20
lesser	1
lessig	2
lesson	3
let	12
lets	1
letter	1
lettuce	1
level	8
leviathan	1
liable	1
liar	1
liars	1
liberal	2
liberators	1
libertarian	1
library	1
licensed	1
lie	2
lied	1
lies	1
life	25
lifelong	1
lifestyle	3
lifetime	1
lifted	1
light	13
lightbulbs	1
lighter	1
lights	1
like	69
liked	1
likelihood	1
likely	6
limited	8
limiting	1
line	5
link	5
linked	4
links	1
liqour	1
list	6
listed	3
listen	1
listened	1
listening	2
listing	1
listings	1
lists	1
literally	3
literary	1
litigated	1
litigation	1
little	14
live	10
lived	6
lives	5
livestock	1
living	2
ll	1
load	2
loaded	1
loads	2
loam	2
lobbyists	1
local	9
localLinksEnabled	1
localized	1
locally	1
locally-sourced	1
locals	1
located	2
lock	1
loft	2
lofts	1
lol	1
long	15
long-term	1
longer	5
longest	1
longtime	1
look	15
looked	1
looking	7
looks	9
loonosphere	1
loopholes	1
loopier	1
loosely	1
lord	1
lose	4
loses	2
losing	4
lost	6
lot	9
lots	3
loud	2
louder	1
love	11
lovely	1
loves	1
loving	1
low	4
low-cost	1
low-rent	1
lower	1
lowered	3
loyalty	1
luck	2
lumped	1
lush	1
lux	2
m	4
machines	2
mad	1
made	24
magic	1
magistra	1
mail	1
main	4
mainland	1
mainly	1
mainstream	1
maintain	5
maintenance	1
major	5
majority	3
make	22
makes	13
making	17
mall	1
malleable	6
man	5
manage	1
managed	2
manages	1
mandate	3
mandates	1
mandatory	3
manipulation	1
manner	1
manson	1
manufacturing	1
manure	1
many	27
marches	1
marginally	1
marinated	1
mark	1
market	9
marketing	10
marketplace	1
markets	1
marks	1
marriage	3
marsh	3
marshes	1
martyr	1
marvel	1
mary	1
massive	3
masterpiece	1
masturbation	1
match	2
material	2
maternity	1
matrix	1
matter	10
matters	3
mature	1
matzoh-ball	1
maximum	1
may	33
may--if	1
maybe	7
mayonnaise	1
me	63
meadow	1
meal	1
meals	1
mean	17
meaning	4
meaningful	2
means	13
meantime	1
measure	1
measurement	1
measures	5
mechanism	1
medals	1
media	6
medications	1
medicine	2
medicines	1
meditation	1
meeting	1
meets	1
melancholy	1
melatonin	6
melted	2
member	1
meme	2
memes	1
memoir	1
memories	2
memory	2
mention	2
mentioned	1
menu	1
mercenaries	1
mere	4
merely	5
meridian	1
merit	2
merriment	1
merry-go-round	1
mess	4
message	3
messed	1
met	1
method	1
methods	1
meticulousness	1
metro	1
mg	1
mid	1
middlemen	1
midnight	1
mien	1
might	15
migrated	1
mileage	1
miles	5
militantly	2
military	2
milk	2
milliliters	2
millimeter	1
millimeters	1
million	5
millions	1
mind	13
mine	2
mini-advertisements	1
minimize	1
minus	2
minute	1
minutes	2
miracle	1
mirth	1
misaligned	1
misalignment	1
misappropriating	1
mislead	2
misleading	3
misread	1
misrepresent	1
misrepresentation	2
misrepresentations	2
miss	1
missing	2
mistake	2
mistakes	3
misunderstand	1
mitigate	1
mitigates	1
mix	8
mixed	1
mixing	1
mock-up	1
mode	1
model	2
moderate	2
moderates	1
moderator	1
modern	3
mom	3
moment	6
moments	2
monastery	1
money	9
monopolies	1
monopoly	2
month	1
months	3
monument	1
moral	2
morally	1
more	77
moreso	1
moresuccesful	1
morning	7
mortals	1
mosquito-vector	1
most	21
mostly	4
mother	1
motivation	7
motorized	1
mountains	1
mouth	2
move	3
moved	3
movement	8
moves	1
movie	4
movies	2
moving	3
mpg	1
mslarry	1
much	40
mucho	1
mudbomb-hurling	1
mulch	1
mull	1
murderers	1
muscles	1
music	2
must	10
muster	1
mutating	1
mutter	1
my	94
myself	4
n't	162
naive	2
name	3
named	1
names	1
napkin	1
narrative	1
nation	5
national	5
natural	2
nature	2
near	1
nearby	1
nearing	1
nearly	3
neat	1
necessarily	1
necessary	1
need	18
needed	5
needing	1
needlessly	1
needs	5
negating	1
negative	2
negotiating	1
neighborhood	1
neighborhoods	7
neighboring	1
neighbors	1
neo-cons	1
never	16
new	32
newly	1
news	3
newspaper	2
next	5
nice	7
nicely	1
nicer	1
night	8
nights	1
nine	2
ninja	1
no	44
noble	1
nodes	1
nods	1
noir	1
noises	1
nomenclatures	1
nomination	1
nominee	1
non	1
non-	1
non-benzodiazepine	1
non-blurry	1
non-partisan	1
non-trivial	1
noodling	1
nor	1
normal	1
normally	1
northcoast	1
northeastern	1
northern	1
not	160
nota	1
note	3
noted	3
nothing	16
notice	1
noticed	2
notified	1
noting	1
notion	1
notions	1
nouveau	1
novel	1
novels	2
now	41
nowhere	2
number	5
numbers	2
numerous	2
nun	1
nursery	1
nut	1
nutrients	1
nuts	1
oasis	1
object	1
objective	1
obligation	4
observation	2
observe	1
observed	1
observer	1
observing	2
obstacle	1
obtain	1
obvious	3
obviously	2
occasional	1
occasionally	2
occasions	1
occupy	1
occurred	2
occurrences	1
odd	1
odds	1
of	602
off	14
off-session	1
off-topic	2
offchance	1
offer	2
offers	1
office	4
offices	1
official	1
officially	2
offramps	1
offset	6
offsets	8
offsetting	1
often	7
oh	1
oh-my-god	1
oil	3
ok	3
old	15
older	1
on	220
on-session	1
once	6
one	87
ones	6
ongoing	2
online	2
only	44
onto	1
onward	1
oozes	1
open	2
opened	1
operate	1
operations	1
opinion	3
opponent	2
opportunity	6
oppose	1
opposed	1
opposing	1
opposition	1
optimal	2
optimistic	2
option	4
optional	1
or	97
orchestra	1
orcling	1
order	6
organic	1
organizations	3
organize	1
originally	2
ornamentals	1
ortizz	1
other	37
others	8
otherwise	1
our	29
out	54
out-of-state	6
outdoor	1
outer	1
outgoing	1
output	1
outside	3
outstanding	1
outta	1
over	29
over-reaching	1
over-riding	1
overcome	1
overdue	1
overjoyed	1
overlap	1
overload	2
overnight	3
override	2
overrides	1
overseeing	1
overturn	2
own	26
owner	1
owners	1
owning	1
oxygen	1
p	2
package	1
packed	1
paddle	1
page	7
paid	2
pain	1
painted	1
painting	1
pamphlet	1
panel	1
panels	1
pants	1
paper	5
papers	4
paragraphs	1
paraphrase	1
parent	1
parents	2
park	3
parks	1
parlance	1
parody	1
part	10
parted	1
partial	2
participants	10
participate	2
participating	4
participation	1
particle	1
particular	4
particularly	2
partiers	1
parties	3
partly	2
partner	2
partnerships	1
party	4
pass	4
passage	3
passages	4
passed	4
passing	1
passion	3
passionate	4
passport	1
past	12
paste	1
patch	1
patched	1
path	2
pathophysiology	1
patient	1
patriots	1
pattern	2
pawn	1
pay	4
paying	3
pb	1
pea	3
peace	1
peaceful	1
pedestrians	1
people	40
people--that	1
per	5
perceived	4
perception	1
perennials	1
perfect	3
perfectionist	1
perfections	1
perfectly	6
perform	1
performances	1
performed	2
perhaps	7
period	3
perpetual	2
persistence	1
persistence--will	1
person	23
personality	2
personally	3
perspective	2
perspectives	1
pervades	1
petro	1
phase	1
pheasant	1
philosophy	4
philsophy	1
phones	1
photo	3
photograph	2
photographers	1
photographs	1
photos	1
phrase	1
physical	2
physics	1
physiologic	1
pick	6
picked	1
pickles	1
picnicking	1
picture	7
pictured	1
pictures	3
piece	2
pieces	2
pile	1
pillow	1
pineal	1
pinot	1
pioneer	1
pioneering	1
pioneers	1
pipeline	1
pissed	3
pisses	1
pistol	1
pitch	1
pitched	3
pitcher	2
pitiful	1
pittance	1
place	18
place-name	2
placebo	1
placed	4
places	7
placing	1
plagued	1
plain	1
plan	2
plane	1
planet	2
planned	2
planning	1
plans	3
plant	3
plantations	1
planted	1
plants	3
plate	1
platform	1
play	7
playbook	1
played	1
player	3
players	1
playing	3
playoffs	1
please	4
pleasure	3
pleasures	1
plentiful	1
plenty	4
plot	3
plow	1
plunge	1
plus	1
pm	19
pockets	3
poems	1
poignantly	1
point	22
points	4
polemic	1
polemics	1
police	1
policies	2
policy	4
policy-oriented	1
political	6
politics	3
poll	3
polled	1
polls	1
pollution	1
poof	1
poops	1
poor	2
poorly	2
pop	1
poppies	1
popular	5
popularity	3
population	4
porch	4
portion	1
position	4
positive	2
possess	1
possessed	1
possibilities	1
possible	6
possibly	5
post	27
post-Valdez	1
posted	2
posts	7
potatoes	1
potential	4
potting	1
pounding	2
power	4
powerful	1
practically	1
practice	2
prayer	4
prayers	1
pre-bonus	1
precisely	2
predicated	1
predictable	1
preempt	1
prefer	2
premier	1
premise	2
premium	2
preparations	1
prepared	1
presence	1
present	8
presented	1
presenting	1
presentism	1
presents	1
preserve	1
preserves	1
press	1
pressed	1
pressure	1
pressures	1
prestige	4
presumption	1
pretend	1
pretentious	1
pretty	17
prevail	1
prevent	2
preventing	1
previous	2
previously	2
price	1
pride	1
primarily	1
primary	1
prime	1
principals	1
principle	3
principles	1
prior	1
prism	1
private	2
privileges	1
privy	1
pro	1
pro-cycling	1
probability	1
probably	13
problem	5
problems	1
process	1
processed	1
processes	2
proclaiming	2
prodigious	1
produce	6
produced	3
producer	3
producers	7
producing	1
product	2
production	4
productive	1
products	1
profession	2
professional	1
professor	1
profile	1
profiles	1
profitable	1
profits	3
profoundly	1
program	3
programs	1
progress	1
progressive	2
prohibit	1
prohibition	1
prohibits	1
promise	2
promote	2
promoting	1
promotion	4
promotional	3
proof	3
propaganda	3
proper	2
properly	3
property	8
proponents	1
proposal	2
propose	2
proposed	1
props	1
pros	1
protected	1
protecting	2
protection	2
protectionist	3
protest	1
protocol	1
proud	2
proudly	2
provider	1
provides	2
providing	3
provocative	1
pseudo-	1
psychologists	1
psychology	3
public	13
publish	2
published	5
publishing	2
pulling	1
pulverized	1
pun	2
punish	1
punishable	1
punks	1
purchase	4
purpose	2
purposes	1
push	2
pushed	1
put	13
putting	5
quaint	1
qualification	2
qualifications	2
qualitatively	1
quality	11
quantity	1
quants	2
question	9
questioned	1
questioner	2
questionnaire	2
questionnaires	1
questions	8
quick	1
quickly	4
quiet	1
quit	1
quite	1
quitting	1
quotations	1
quote	2
quotes	1
r	1
race	2
racer	1
racism	1
racist	2
racks	1
radar	1
radical	4
radicalized	1
radicalizes	1
raided	1
rail	1
rainy	1
raise	2
raised	2
rally	3
rambling	1
ranch	1
range	1
ranging	1
ranks	1
rant	1
rape	1
rare	1
rarely	3
rate	1
rated	1
rather	7
rationale	1
ravaged	1
re	2
re-enacter	1
re-purposing	1
re-submitted	1
re-tweeted	1
reached	1
reaching	1
reacting	2
reaction	2
read	13
reader	2
readers	4
reading	5
ready	2
reaffirmation	1
real	20
realign	1
realising	1
realistic	1
realities	1
reality	2
realization	1
realize	2
realizes	1
really	33
realm	1
realtor	1
reason	11
reasoning	1
reasons	5
reassembling	2
reborn	1
rebuilding	2
rebuttal	1
rebutting	1
recall	5
receipt	2
receive	4
received	1
recent	4
recently	3
receptive	1
recessed	1
recipients	1
reclaimed	1
recognition	2
recognize	2
recognizing	1
recoil	1
recommendation	1
reconsider	1
record	1
recordings	1
recovered	1
redemption	1
redesign	1
redistribution	1
redneck	1
reduce	4
reduced	1
reducing	4
reeks	1
refashion	1
referred	1
refreshed	2
refuse	2
regain	1
regard	2
regarding	3
regardless	4
region	4
regions	2
registered	1
regret	3
regular	5
regularly	2
regulate	2
regulation	2
regulations	6
regulators	2
regulatory	4
reject	1
rejected	2
rejecting	1
related	2
relation	1
relationship	7
relative	1
relatively	2
relentlessly	1
relevant	1
religion	3
religious	1
reluctance	1
remain	1
remainders	1
remains	1
remarkable	1
remember	17
remembering	1
reminded	1
reminder	2
reminds	1
remote	1
removed	1
removing	1
render	1
renewal	1
renovate	1
renovated	1
rent	3
rentable	1
repeating	1
repertory	1
replace	1
replaced	2
replacement	1
reply	1
reported	2
reporters	2
repository	1
represent	1
representations	1
representative	2
represents	1
reprimand	1
republicans	4
require	4
required	3
requirement	4
requirements	2
requires	4
rescue	2
research	5
reset	6
resident	2
residential	1
residents	1
resolution	1
resolutions	13
resolved	2
resort	2
resource	2
resources	1
respect	1
respond	1
responded	1
respondents	1
response	4
responsibilities	1
responsibility	2
responsible	1
rest	3
restaurant	5
restaurants	2
restored	1
restoring	1
rests	1
result	9
resulted	1
resulting	1
results	4
retailers	5
retained	1
reticent	2
retool	1
retreat	1
return	2
returned	3
returning	1
returns	1
revealed	2
revenue	1
reversed	1
review	4
revising	1
revival	1
revolve	1
reward	1
rewarded	1
rhythms	5
ribs	1
rich	5
richest	1
rid	1
ride	12
riders	1
rides	3
ridicule	1
ridiculous	1
riding	5
riff	1
right	25
righteousness	1
rightfully	1
rightly	1
rights	3
rigor	1
rigorous	1
ring	1
riots	1
risk	2
risking	1
risks	3
rivals	1
river	1
riverfront	1
roads	2
robber	1
robust	1
rock	1
rode	1
role	4
roll	1
rollers	1
rolling	1
romaine	1
room	5
roommate	1
root	1
rooting	1
roughly	3
roundtables	1
route	3
router	1
routinely	1
row	2
rte	1
rubbish	1
ruined	1
ruins	1
ruled	1
run	6
running	9
runs	3
rusted	1
rusting	1
s	9
sad	2
sadly	1
safe	2
safeguards	1
safely	1
safer	4
safety	1
said	42
sake	6
sale	2
sales	1
salsa	1
salt	1
saltines	1
salutes	1
salvagable	1
same	20
samples	1
sanctioned	1
sand	7
sandwich	2
sane	1
sassy	1
sat	1
satire	2
satisfaction	1
satisfying	1
sauvignon	1
save	1
saves	1
savior	1
savor	1
saw	5
say	22
saying	10
says	20
scale	1
scan	1
scarred	1
scars	1
scary	1
scene	3
scenery	1
scent	1
schedule	4
schedules	1
scheduling	1
scheme	2
schmucks	1
school	11
schooling	1
schools	1
sci-fi	1
science	4
scientist	1
scooter	1
scope	1
scoping	1
scored	2
scorn	1
scratch	1
scream	1
screen	1
screenings	1
screw	1
scribble	1
scruffy	1
scrumptious	1
scrutiny	1
se	1
sea	1
seamlessly	1
search	2
season	6
seat	5
seatbelts	1
second	8
second-greatest	1
seconds	2
secret	3
secreted	1
secretion	1
see	29
seed	1
seedbomb	2
seedbombing	1
seedbombs	4
seeds	5
seeing	1
seek	1
seeking	2
seem	3
seemed	1
seems	11
seen	11
sees	1
selection	2
selections	1
self	6
self-aggrandizing	1
self-control	23
self-defense	1
self-efficacy	9
self-efficacy--people	1
self-esteem	1
self-important	1
self-inflated	1
self-marketing	1
self-reliant	1
self-righteousness	1
sell	3
selling	5
semester	4
semesters	2
semi	1
senate	1
send	1
sensational	1
sense	9
senses	1
sentient	1
sentiment	1
separate	3
separated	1
separation	7
sequestering	1
serendipity	1
series	3
serious	6
seriously	2
serve	2
served	1
server	2
serves	2
service	5
serviced	1
session	5
sessions	1
set	16
sets	2
setting	4
settled	1
seven	1
seventeen	1
several	9
severity	1
sexism	1
sexual	1
shadows	1
shall	2
shallow	1
shame	1
shape	1
share	4
shared	2
shareholders	1
shares	2
sharing	2
shark	1
sharply	1
she	99
shed	2
sheep	1
shelf	2
shell	1
shelter	2
shift	2
shifted	1
shipped	3
shippers	4
shipping	6
shit	1
shocked	3
shockingly	1
shook	1
shop	5
shopping	1
shops	1
short	5
shortly	1
shotgun	1
should	29
shoulders	1
shouldn	1
shout	1
shovels	1
show	4
showing	1
shown	3
shows	3
shrine	1
shrug	1
shysters	1
side	3
sides	1
sidewalks	1
sign	2
signal	4
signature	1
signed	1
significant	3
significantly	1
signs	1
silently	1
silly	1
similar	3
similarities	1
similarly	1
simple	11
simpler	3
simply	9
simultaneously	1
since	9
single	8
sink	1
sir	1
siren	1
sister	1
sit	2
site	3
sites	1
sitting	1
situated	1
situation	2
situations	1
six	4
size	4
skeptical	1
skill	1
skills	1
skin	1
sky	2
skyrocket	1
slam	4
sleep	18
sleep-wake	2
sleepiness	3
sleepless	1
sleeps	1
sleepy	3
slight	1
slightly	1
slim	1
sling-shot-pellet	1
sloth	1
slow	1
slow-release	1
slower	2
slowly	2
small	5
small-time	1
smaller	5
smarter	1
smell	1
smile	3
smiled	1
smoked	1
smothered	1
smug	1
snapped	2
snarky	1
snazzy	1
sneaking	1
sniper	1
snooty	1
snowballs	1
so	70
so-called	1
social	3
socially	1
society	3
sod	1
softball	1
softened	1
soil	9
soiled	1
soils	1
solar	2
sold	1
sole	4
solid	3
solidarity	1
solution	3
some	52
somebody	1
someone	14
someplace	1
something	18
sometime	1
sometimes	5
somewhat	2
son	1
soon	6
sooner	1
sophisticated	1
sorely	1
sorry	1
sort	9
sorts	2
sound	3
sounding	1
soundly	1
sounds	2
source	2
sources	3
sourcing	1
sourdough	1
south	1
space	3
spaces	2
sparks	1
speak	3
special	4
specializes	1
specialty	1
specific	1
spectacular	1
sped	1
speech	1
speechless	1
spend	5
spending	4
spent	5
spike	1
spin	1
spirit	1
spirits	1
spit	1
sponsor	1
spoof	1
sport	10
sports	3
spot	1
spotlight	1
spots	2
spray	1
spreading	1
spreadsheet	1
spring	2
springboarded	1
sprung	1
spurred	1
square	1
squares	1
squeeze	1
stack	2
stacks	1
staggering	1
staid	1
stained	1
stake	2
stamp	1
standard	4
standards	2
standing	1
standpoint	1
staring	1
starkly	1
starring	1
start	7
started	9
starting	4
starved	2
stash	1
state	46
state-based	3
state-granted	1
statement	2
statements	1
states	13
stating	1
statistical	1
status	3
stay	3
stayed	1
staying	1
steady	1
steal	1
stealing	1
stealthily	1
steep	1
stellar	1
stemming	1
stems	1
step	2
steps	1
sterilized	1
stern	1
sticking	1
stifled	1
still	21
stimulants	1
stinking	1
stint	1
stolen	2
stomped	1
stone	2
stop	7
stopped	4
stopping	1
stops	1
store	6
storefront	1
stores	1
story	7
straight	5
strange	1
strategy	2
straw	2
streak	1
street	5
streets	3
strength	2
strengthen	1
stress	1
strike	2
strip	1
stripes	1
stripped	1
striving	1
strong	2
stronger	2
struck	1
structure	1
struggling	2
strung	1
stubbornly	1
stuck	2
student	5
students	8
students--most	1
studied	2
studies	4
studio	1
study	11
stuff	9
stuffy	1
stumped	1
stunned	1
stupid	7
stupidity	2
sub	1
sub-genre	1
subject	4
subjects	3
submit	1
subscription	1
subsides	1
substitute	1
suburb	1
suburban	1
succeed	1
success	6
successful	4
successfully	2
such	28
such—in	1
sucker	1
sued	1
suffered	1
suffering	2
suggest	4
suggested	1
suicidal	1
suits	1
sulfur	1
sully	1
sum	1
summation	1
summer	2
sun	2
sunny	2
sunset	1
superior	1
superiority	1
supplement	1
supplemental	1
supply	2
support	12
supporter	4
supporters	4
supporting	3
supports	1
suppose	1
supposed	3
supposedly	1
suppressed	1
supreme	1
sure	11
surely	4
surface	1
surprise	4
surprised	2
surround	1
surrounding	3
surveillance	1
survey	1
survival	1
survive	1
survivor	1
susceptible	1
suspicious	2
sustainable	2
sutra	2
swath	1
sweeping	1
sweet	1
swing	3
sympathizers	1
synergistic	1
system	21
system--work	1
systematic	1
systems--the	1
t	2
t-shirt	2
t-shirts	1
table	2
tagged	1
take	27
takedown	1
taken	4
takes	2
taking	7
talented	2
tales-from-the-urban-jungle	1
talk	8
talked	3
talking	13
talks	2
tall	1
tame	1
tamping	1
tangible	1
target	3
targets	1
tarts	1
task	1
tasks	1
taste	1
tastes	2
taught	1
taunt	2
tax	3
taxes	5
tea	1
teabaggers	1
teach	2
teaching	1
team	8
teammates	2
teamwork	1
tearing	3
technical	1
technically	2
technique	1
technology	2
telecommute	1
televised	1
television	5
tell	10
telling	6
tells	5
temple	1
ten	3
tend	3
tended	1
tendency	1
tenet	1
tent	1
tents	1
term	4
terminology	1
terrific	2
territorial	2
territory	1
terroir	1
terrorism	11
terrorist	6
terrorists	6
test	2
testing	1
than	56
thank	1
thanking	1
thanks	5
that	392
the	1217
theatre	1
theatrical	1
thei	1
their	98
them	37
theme	1
themselves	4
then	27
theocracy	1
theories	11
theory	2
there	58
thereby	1
thermostat	1
these	30
thewe	1
they	131
thin	1
thing	17
things	25
think	42
thinking	6
thinks	8
third	2
thirty	1
this	132
thoroughly	1
those	41
though	17
thought	10
thoughts	1
thousand	2
thousands	3
threat	4
three	9
three-hour	1
three-part	1
three-walled	1
thrift	1
thrift-store	1
through	28
throughout	1
throw	2
throwing	4
thumbs	1
thus	5
ticket	1
tide	2
tidiness	1
tie	1
tigers	1
tightened	1
till	1
time	65
time-travelling	1
timed	1
timer	1
times	7
timing	2
tingly	1
tinkered	1
tiny	2
tips	2
tired	1
title	4
to	743
today	8
together	4
told	12
tomemos	2
tomorrow	1
tone	1
tonight	1
tons	1
too	23
toodle	1
took	11
tools	2
tooth	1
top	3
topic	6
topics	2
topped	1
torched	1
total	4
totally	5
touch	3
touching	1
tough	2
tour	3
tourism	3
tourists	1
tournaments	1
toward	2
towards	2
town	15
towns	1
toy	1
track	3
trade	12
tradition	1
traditions	2
traffic	2
training	2
traipsing	1
traits	1
transaction	1
transactions	1
transform	1
transformation	1
transitions	1
translated	1
transportation	4
trapped	1
trashed	1
travel	9
traveling	2
treasures	1
treated	1
treatment	1
tree	2
trees	3
trek	1
tremendous	1
trending	1
trends	1
triangulate	1
triangulation	1
tricks	1
tried	1
tries	1
triggering	1
trip	1
triple	1
trips	1
trophy	1
trouble	3
truck	3
truckloads	1
true	7
truism	1
truly	4
trust	2
truth	6
truths	1
try	13
trying	9
tuned	2
tuning	1
tupelo	1
tupelohoneycafe	1
turf	1
turn	4
turned	3
turning	4
turns	4
tv	1
twellow	1
twenty	1
twenty-five	1
twenty-something	1
twice	7
twilight	1
twist	1
twitter	1
two	27
two-wheeled	1
type	5
types	6
typical	3
typically	1
typifies	1
tyranny	1
u	1
uh	1
ultimate	1
ultimately	2
un-fertilized	1
un-greasy	1
unaccustomed	1
unaffected	1
unanimously	2
unaware	1
unbearably	1
unbelievably	1
unchallengeable	1
unchallenged	1
unchanging	1
uncomfortable	1
unconsciously	1
under	8
under-60	1
underdog	1
underground	2
underlying	1
undermines	1
underpinnings	1
understand	5
understanding	4
understands	2
understatement	1
undoubtedly	1
unearned	1
uneducated	1
unelectable	1
unemployment	1
unexpected	1
unfamiliar	1
ungraded	1
unhappy	2
unincorporated	1
union	1
uniqness	1
unique	3
uniqueness	1
unit	6
units	2
universally	1
university	1
unjustified	1
unleash	1
unless	2
unlimited	7
unmidas	2
unnecessarily	2
unnecessary	1
unprecedented	1
unread	1
unregulated	1
unsympathetically	1
untended	1
until	4
untouchable	1
unwavering	1
unwitting	1
unyielding	2
up	52
updates	1
upgrade	1
upheld	1
uphold	3
uplands	1
upon	2
upper	1
upsell	1
upsides	1
upstairs	1
upward	1
urban	6
urchins	1
urge	1
us	20
use	14
used	14
useful	1
useless	2
using	5
usual	1
usurping	1
utterly	1
v	5
vacant	1
vacation	7
vacationing	2
vacuous	1
vague	1
valid	3
validity	1
valley	1
valuable	1
value	10
vampire	1
vampires	1
vandalism	1
vanity	1
varied	1
varietal	1
varieties	1
various	4
varsity	13
vast	1
vegetable	1
veggie	1
veggies	1
vehement	1
vehicle	1
venom	1
venture	1
ventures	1
venue	2
verify	2
version	3
vertically	1
very	15
vetted	1
via	4
vicarious	1
victory	2
video	3
videotaped	1
view	5
viewed	1
views	1
vigilance	1
vile	1
village	1
vines	1
vineyard	2
vintages	1
vintners	8
violence	1
virtually	2
virulently	1
virus	1
vis-à-vis	2
visceral	1
vision	2
visions	1
visit	4
visited	3
visitors	1
viticultural	1
viticulture	2
vive	1
vividly	1
voice	3
voluntarily	1
voluntary	2
volunteers	2
vote	6
voted	3
voters	1
voting	1
vs	1
wading	1
waging	1
wait	2
waited	1
waiting	9
wake	3
walk	1
walked	1
walking	1
walks	1
wall	2
wallet	1
walls	1
wandering	1
want	15
wanted	6
wants	3
war	3
wares	1
warning	2
was	129
waste	2
watch	11
watched	1
watching	7
water	2
waving	1
way	41
ways	3
we	65
wealth	2
wear	2
wearing	1
weather	1
website	10
wee	1
weed	1
week	7
weekend	5
weekends	1
weekly	1
weeks	4
weird	5
welcome	1
welcomed	1
welfare	3
well	24
well-deserved	1
went	11
were	58
west	1
what	80
whatever	3
whatsoever	1
wheels	3
when	56
whence	1
where	27
whereas	2
wherein	1
wherever	1
whether	5
which	43
while	16
whispering	1
white	5
who	85
whole	11
wholesaler	5
wholesaler-sponsored	1
wholesalers	22
wholesales	1
whom	3
whose	5
why	12
wide	1
widespread	1
wife	10
wifi	3
wildflower	1
wilds	1
will	74
willing	1
willingness	1
willpower	1
win	6
wind	1
window	2
windows	4
wine	36
wine-producing	1
winegrape	1
wineries	5
winery	5
wines	20
wingnut	1
winning	3
wins	4
winter	1
wiring	2
wisdom	2
wish	1
wishes	2
wishing	1
wit	1
witch-	1
witchcraft	1
with	183
within	9
without	18
withstand	1
withstanding	1
witness	2
wo	8
wolves	1
woman	3
women	3
won	4
wonder	7
wonderful	1
wonderfully	1
woods	1
word	6
wording	1
words	6
work	17
worked	6
worker	1
working	1
workout	3
works	3
workshop	1
workshops	2
workspace	1
world	16
world-historical	1
world-wide	1
worldwide	1
worm	1
worrying	1
worse	4
worst	2
worth	11
would	72
wow	2
wraps	1
wrestle	1
write	3
writer	1
writers	3
writing	5
written	4
wrong	10
wrong-headed	1
wrote	5
wtih	1
www.hr5034.org	1
y	1
yada	4
yammering	1
yard	1
yards	1
yeah	1
year	12
year-round	1
years	19
yell	1
yes	4
yesterday	1
yet	6
you	282
young	7
younger	1
your	90
yourself	9
yourselves	1
yrs	1
zen	2
zero	1
zinger	1
zombie	1
zone	2
zones	1
zoo	1
|	22
–	1
—	1
’	10
“	6
”	6
