'd	8
'll	10
'm	24
're	40
's	150
've	32
101	1
A	3
Always	1
American	4
Amy	1
BSing	1
Bartman	1
Been	1
Benz	1
Bob	1
C	1
California	4
Chapter	1
Charles	1
Christ	1
Cleveland	2
Cowboys	1
Dallas	4
Dances	1
Day	1
Debbie	1
Dreams	1
E	1
Ellen	1
Enemy	1
Field	1
Florida	1
Fort	1
Garland	1
General	1
Ghost	1
God	3
Has	1
Heroes	1
Holly	1
Jesus	1
Jim	1
Joe	3
Lambs	2
Latter	1
Lubbock	1
Mahals	1
Manson	1
Marge	1
Mercedes	3
Moore	1
Motors	1
Ninja	2
Nolan	1
Oakland	1
Of	6
Ohio	1
Oklahoma	1
One	1
Pirates	1
Plano	2
Price	1
Rangers	3
Ryan	1
Saints	1
Sharon	1
Shoeless	3
Silence	2
Simpsons	1
Sleeping	1
TI	1
TVs	1
Taiwan	1
Taj	1
Texas	2
The	7
Thumb	1
Tom	1
Toyota	2
Toyotas	1
Turtles	2
Uzis	1
V	1
With	2
Wolves	2
Worth	1
X	1
Yankees	1
a	147
able	2
about	47
act	1
activated	1
actually	3
addresses	1
administration	1
administrator	1
advantages	1
after	4
afternoon	1
against	2
ago	2
agree	4
ahead	1
all	30
allow	2
allowed	1
almost	1
already	2
also	3
always	5
am	1
amenities	3
an	11
ananimous	1
and	175
another	3
answer	3
answering	1
antique	1
antlers	1
any	11
anybody	2
anything	7
anyway	2
apartment	4
are	39
area	2
army	1
around	7
as	18
ask	4
asked	1
at	27
author	2
automatic	2
available	1
average	1
awards	1
away	2
back	5
background	2
bad	4
bam	2
ban	1
baseball	6
be	41
beats	1
because	17
become	1
bed	1
been	11
before	5
being	2
believe	5
believes	1
bet	2
better	2
between	1
beyond	1
bid	2
bidder	1
big	4
bigger	1
billboards	1
bit	2
black	1
blacks	1
blank	1
book	7
boring	1
bought	5
boy	2
brake	1
brand	1
break	1
breaking	1
breaks	1
bring	2
brother	1
building	1
bumper	1
bunch	2
bureaucracy	1
burglar	1
but	57
buy	10
buying	3
by	5
bye	3
bye-bye	4
ca	5
call	6
called	4
calls	4
came	1
can	8
cannot	1
car	10
cards	1
care	3
carrying	3
cars	2
case	1
cases	2
cave	1
center	1
centers	1
certain	2
changed	1
changing	1
cheap	1
cheaper	1
children	2
choice	1
choose	2
chopped	1
cities	2
class	1
classroom	2
cleaning	2
clearer	1
click	2
close	2
clutch	3
clutches	1
code	1
college	1
color	1
come	8
comes	1
coming	7
comment	1
commercials	2
communication	1
community	1
company	1
complex	2
computer	4
conscientious	1
consider	4
consideration	1
considered	1
control	4
conversation	1
cooking	1
cool	1
cost	1
costing	1
costs	1
could	12
country	3
couple	2
course	5
court	1
covered	1
crawl	1
crazies	1
crazy	3
criminal	2
criminals	2
crowd	1
curriculum	1
dad	2
darn	1
daughter	1
day	8
death	1
decent	1
decide	1
decided	1
decision	4
deer	2
defense	1
definitely	1
dense	1
deserve	1
deserved	1
deserves	1
diapers	1
did	14
difference	2
different	2
dinner	1
disposable	4
do	100
does	4
dog	1
doggone	1
doing	4
dollar	1
dollars	3
done	3
door	8
door-to-door	2
doubt	1
down	5
drag	1
dragged	1
drawing	1
drove	1
drugs	1
drunk	1
durable	1
during	1
each	1
earlier	1
early	1
earn	1
easy	2
eight	4
either	12
eleven	1
eleventh	1
eligible	1
else	6
emotional	2
end	2
enjoyed	4
enough	1
entirely	1
especially	5
even	19
ever	5
every	6
everybody	4
everyday	2
everyone	1
everything	5
exactly	8
example	1
excellent	1
except	1
exist	1
expected	1
expensive	2
extended	1
extremely	1
fact	1
fame	1
family	3
far	6
father	1
federal	1
feel	5
feelings	1
felt	1
fifteen	1
fifty	1
fighting	1
figured	1
fill	1
finally	1
fine	3
first	6
five	2
flip	1
floors	1
football	3
for	43
foreign	2
forms	1
fortune	3
found	3
four	3
freedom	1
friend	1
from	12
front	4
frustrating	1
fry	1
fun	4
funny	4
gadgets	1
games	2
gangs	1
gas	3
gave	1
generated	2
get	25
gets	3
getting	6
give	2
given	2
go	33
goes	2
going	27
gone	2
gonna	4
good	18
good-bye	2
goodness	3
gosh	4
got	21
gotten	3
graduation	1
great	2
group	1
groups	1
growing	1
guess	10
guessed	1
guide	1
guilty	2
gun	12
guns	4
guy	6
had	17
half	1
hand	3
hands	1
handy	1
hang	2
hanging	1
hangings	1
happened	1
happens	1
happy	2
harassment	2
hard	2
harder	1
hardly	1
has	9
hate	3
have	74
having	2
he	31
hear	5
heard	7
heated	1
heck	3
held	1
hello	2
help	1
her	1
here	6
hers	1
hey	2
high	1
highest	2
him	2
his	7
history	1
hm	3
hobby	1
hold	1
holler	1
home	4
hope	1
horrifying	1
horror	1
hour	2
hours	1
house	5
how	21
huge	2
huh	4
huh-uh	1
hundred	1
hung	2
hunt	1
hunter	2
hunters	1
husband	4
i	285
if	26
illegal	3
impact	1
in	73
incoming	1
inmate	1
instance	1
instead	2
interested	1
interesting	3
intervene	1
into	3
introducing	1
invariably	1
invasion	2
investment	1
is	43
issue	1
it	157
itself	1
jail	1
jails	1
job	2
join	1
joker	1
judge	8
judicial	1
juries	2
jurors	2
jury	6
just	46
keep	3
kids	5
kill	1
killed	1
kind	12
kinds	2
knew	1
know	112
known	1
lake	1
language	1
last	9
lately	2
laundry	1
law	2
lawyers	1
least	2
leeway	1
lenient	1
less	3
let	16
letters	1
life	8
like	50
liked	1
likewise	1
limit	1
line	1
liquor	2
list	4
little	5
live	1
lived	1
lives	1
living	1
locked	1
long	12
long-term	1
longer	1
look	3
looked	1
looking	3
lot	23
lots	1
love	1
luxury	3
machine	2
made	1
major	3
make	7
makers	1
man	2
management	1
manager	1
manner	1
many	4
mark	1
massive	1
matter	1
may	1
me	19
mean	14
message	1
messages	1
middle	1
might	2
mileage	3
miles	1
million	2
mine	1
minor	1
minutes	4
mission	1
missionary	1
mistake	1
mom	3
money	7
months	5
mopping	1
more	8
most	5
move	1
movie	5
movies	4
moving	1
much	9
murder	1
murdered	1
murderer	1
murders	2
music	1
my	30
myself	2
n't	91
name	3
named	1
names	1
neat	1
neck	1
need	2
nerve	1
network	1
never	9
new	8
news	4
next	3
nice	3
night	11
nights	2
nine	1
no	26
nobody	1
normally	1
not	33
now	7
number	4
numbers	2
o'clock	1
obviously	1
occurrence	1
occurrences	1
of	106
off	7
offer	1
offering	1
often	1
oh	53
okay	20
old	4
on	42
once	1
one	38
ones	9
only	3
ooh	2
opinion	1
opportunity	1
or	36
organization	1
organizations	1
other	10
others	3
otherwise	2
ought	2
our	1
ours	1
out	23
outlaw	1
over	5
own	3
owned	2
pads	1
paid	1
pains	1
paper	1
parole	2
paroled	1
part	1
particular	3
particularly	3
parts	1
party	1
passed	1
pathetic	2
patience	1
pay	1
payoff	1
peddling	1
peers	2
penalties	1
penalty	1
pennant	1
penny	1
people	33
percent	2
percentage	2
period	1
personally	1
phone	6
pick	2
pictures	1
places	2
plant	1
play	4
played	1
player	1
players	2
please	1
plug	1
point	1
politics	3
possibly	1
power	1
practically	1
preferences	1
preschoolers	1
presently	1
pretty	6
prevent	1
prevents	1
price	2
prison	1
privacy	2
probably	5
problem	2
problems	2
product	1
products	2
program	1
prolongs	1
public	3
pull	1
purchased	1
pursue	1
put	7
puts	1
quality	2
questions	1
quit	2
quite	3
radicals	1
random	1
rapists	1
rather	1
read	5
reading	4
reads	1
ready	1
real	9
realize	1
really	34
reason	2
reasonable	1
reasons	2
recorded	1
recording	1
red	1
regular	1
religion	3
religious	4
remember	5
rental	1
replace	2
report	2
reputation	1
request	1
required	3
requiring	1
resolution	1
respect	1
restrictions	1
retired	1
retrial	1
reverse	1
ridiculous	1
rifle	1
rig	1
right	24
righty	2
room	2
run	1
running	1
said	15
salesman	2
same	2
sanctity	1
saw	7
say	13
saying	1
says	4
scale	1
scary	1
schools	1
screwing	1
search	1
season	1
second	2
seconds	1
sect	1
see	23
seem	3
seems	3
seen	3
select	1
sell	3
selling	1
sense	1
sentence	4
sentenced	1
sentences	2
sentencing	2
sequence	1
serial	1
serve	1
service	1
services	1
serving	1
set	1
seventy	1
several	2
she	6
shock	1
shoot	2
shooting	1
shopping	1
short	1
should	20
show	1
shower	1
shows	1
side	1
sign	2
signs	2
silver	1
since	2
situation	2
situations	1
six	1
sixty	4
sleep	3
slow	1
small	1
smaller	2
so	44
softball	1
solicitations	1
soliciting	3
some	20
somebody	7
someone	2
something	20
sometimes	5
somewhere	1
son	1
soon	1
sorry	1
sort	6
sounds	1
speak	1
speaking	1
speech	1
spend	3
spending	1
split	1
sport	1
sporty	2
stadium	6
start	5
started	5
starting	1
starving	2
state	1
stay	2
sticker	1
stiff	1
still	5
stop	6
store	1
stores	1
stories	1
storm	2
strongly	1
stuck	1
student	1
stuff	4
stupid	1
subject	1
such	1
summed	1
sun	1
suppose	3
sure	4
system	9
take	5
taken	2
taking	1
talk	7
talked	7
talking	10
taught	2
taxpayers	1
teach	7
teaches	1
teaching	2
teams	3
tears	1
technically	1
teenagers	1
telephone	2
tell	4
telling	2
tells	1
ten	6
than	6
thanks	5
that	193
the	217
their	15
them	35
themselves	1
then	16
there	47
these	11
they	121
thing	5
things	13
think	45
thinking	3
this	19
those	11
though	10
thought	8
thousand	3
three	1
threw	1
through	7
throw	1
throwing	2
thrown	1
tied	1
till	1
time	14
times	1
tired	1
to	170
today	1
together	1
told	1
tonight	4
too	20
took	1
topic	3
totally	2
touched	1
tough	1
tougher	1
towns	1
trial	1
trials	1
tried	1
true	13
try	8
trying	6
turf	1
turn	1
turning	1
twelve	2
twice	1
two	15
type	2
typical	1
uh	72
uh-huh	16
um	33
um-hum	18
unbelievable	2
unconscious	1
under	2
understand	1
understanding	1
unlisted	2
until	1
up	22
us	2
use	1
used	1
useful	1
using	1
usually	2
various	1
verdict	2
very	2
veterinarian	1
victims	1
video	1
voice	2
vote	2
wait	1
waiting	1
walk	3
walks	1
wall	1
wanna	1
want	10
wanted	3
wanting	1
was	58
watch	3
way	10
we	40
weapons	2
weather	1
week	1
weekends	1
weeks	1
weird	1
well	48
went	2
were	8
what	49
whatever	2
whatsoever	1
when	20
whenever	1
where	9
whether	1
whew	1
which	5
while	1
whim	1
who	10
whole	7
will	2
winds	1
wish	1
with	24
within	1
woman	2
won	2
wonder	2
wonderful	1
woods	1
word	1
work	5
worked	2
working	2
works	1
worse	5
would	26
wow	1
writing	1
written	1
wrong	1
wrongly	1
yeah	130
year	9
years	14
yep	3
yes	5
yet	3
you	207
your	10
yours	1
