!	180
"	499
&	15
'	5
'd	13
'll	33
'm	47
're	38
's	115
've	34
(	40
)	42
*	1
,	1553
-	311
--	4
.	2359
...	118
....	6
.......	1
/	4
00	12
01	3
02	4
03	7
04	8
0477	3
05	6
06	9
07	7
08	7
09	58
1	7
10	80
101	1
11	188
1194	1
12	5
1212	1
13	7
131	1
13th	1
14	19
15	22
16	13
17	9
17th	1
18	24
19	18
19451	1
2	17
20	19
2001	1
20011	1
2008	150
21	24
22	25
225	1
23	14
24	8
25	8
26	15
27	3
27th	1
28	4
29	4
3	3
30	4
3001	1
307	12
31	6
32	2
33	9
330891	1
3333	1
34	9
345	2
35	7
36	6
37	5
38	6
39	6
4	16
40	7
41	7
42	5
42136	1
43	5
43098	1
4351	1
43756	1
43780	1
44	6
44835	1
45	3
45094	3
45287	1
45383	1
45445	1
45451	1
45577	1
45582	1
45585	1
45587	1
45609	1
45610	1
45640	1
45646	1
45653	1
45667	1
45697	1
45700	1
45701	1
45706	1
45714	1
45716	1
45717	4
45719	1
45720	2
45721	2
45722	3
45723	1
45724	1
45725	1
45726	1
45727	1
45728	1
45729	1
45730	1
45731	2
45732	2
45733	1
45734	2
45735	1
45736	1
45737	3
45738	2
45739	2
45740	3
45741	3
45742	3
45743	3
45744	2
45745	3
45746	2
45747	3
45748	3
45749	3
45750	3
45751	2
45752	2
45753	3
45754	3
45755	3
45756	3
45757	2
45758	2
45759	3
45760	3
45761	3
45762	4
45763	2
45764	1
45765	2
45766	2
45767	2
45768	3
45769	3
45770	1
45771	1
45772	2
45773	1
45774	1
45775	2
45776	1
45777	2
45778	2
45779	3
45780	1
45781	3
45782	1
45783	3
45784	2
45785	3
45786	3
45787	2
45788	3
45789	3
45790	3
45791	3
45792	3
45793	3
45795	3
45796	3
45797	3
45798	2
45800	3
45801	2
45803	2
45804	1
45805	1
45806	1
45807	1
45808	1
45809	1
45810	3
45811	1
45812	1
45813	1
45814	1
45815	1
45816	1
45817	1
45818	2
45819	3
45820	3
45821	3
45822	3
45823	2
45824	2
45825	1
45826	1
45827	3
45828	3
45829	3
45831	3
45832	3
45833	2
45834	1
45835	3
45836	3
45837	3
45838	3
45839	2
45840	2
45841	3
45842	3
45843	3
45844	3
45845	2
45846	1
45847	1
45848	3
45849	3
45850	2
45851	2
45852	2
45853	3
45854	3
45855	2
45856	1
45857	1
45858	1
45859	3
45860	3
45861	1
45862	2
45863	2
45864	2
45865	3
45866	1
45867	1
45868	3
45869	1
45870	2
45871	3
45872	2
45873	2
45874	1
45875	1
45876	1
45877	1
45881	1
45884	1
45885	1
45896	1
45905	1
45935	1
45939	1
45940	1
45944	1
45949	1
45952	1
45954	1
46	3
46056	1
46123	1
46160	1
46176	1
46178	1
46316	1
46354	1
46517	1
46623	1
46854	1
47	2
47466	1
48	10
49	6
5	3
50	3
500	2
51	10
52	6
53	4
54	4
55	2
56	3
57	3
58	3
59	3
6	3
6161	1
666	1
7	1
714	1
7th	2
9	2
:	822
;	24
=	4
?	474
A	58
ABLE	1
ACTION	1
AIM	2
AL	1
ALL	1
AND	1
ANYTHING	2
ARE	1
AWAY	1
Aapr	3
Abbey	8
About	2
Absolution	3
Acquaintance	1
Actually	1
Adam	1
Adelle	10
Admiring	1
Adrift	1
After	16
Again	1
Age	1
Ah	5
Aha	1
Ahhh	2
Air-ee-el	1
Akinaxx	1
Albertson-	1
Alex	5
Alfred	1
Algebra	2
Alias	1
Alice	9
Aliquam	2
Alisha	1
All	13
Allow	1
Almost	4
Alpha	1
Alright	2
Always	2
Amair	1
Amaron	1
Amazing	1
Amber	14
American	1
An	6
Ana	1
Ana-LYzing	1
Analyzed	1
And	28
Andante	2
Anderson	1
Andiamo	1
Andrew	5
Andy	1
Angel	1
Angela	1
Angry	1
Anna	3
Annoying	1
Another	4
Answer	1
Anthony	1
Anything	1
Anyway	3
Apartment	1
Aphrodite	6
Arched	1
Archie	5
Are	6
Arenn	2
Aretha	1
Argh	1
Armstrong	1
Arrival	1
Artist	1
As	16
Ashton	7
At	11
Auditioning	1
Audrey	1
August	1
Aw	1
Awakening	1
Aydan	1
B	1
BABIES	1
BEAUTY	1
BIG	1
BUT	1
Babbling	1
Band	1
Beaches	1
Beak	1
Beatrice	1
Because	3
Been	1
Beer	1
Before	7
Begins	1
Behavior	1
Being	10
Bella	6
Bellas	1
Below	1
Beth	4
Beyond	1
Big	2
Billie	1
Birth	1
Black	4
Blasting	1
Blinded	1
Bloomfield	3
Blue	1
Blusparrow	5
Bobby	2
Bone	1
Bonesetter	6
Bonfire	2
Bored	1
Both	4
Boulevard	3
Breaking	1
Breathless	1
Bree	2
Brian	1
Brief	1
Brimming	1
British	1
Bucholic	1
Bud	2
Building	1
Burning	1
But	35
ButterfliesSmilesCaringWarmHopefulGiddyRelievedAmazedExcitedLaughingHappyBreathlessHeart-	1
By	2
Bye	1
CAKE	1
CANDY	1
CHOCOLATE	1
CHOICE	1
COMMENT	1
CRYING	1
CW	1
CWS	2
Ca	1
Cafe	1
Caligraphy	1
Call	1
Calm	2
Calvin	4
Calvin—their	1
Cameron	2
Can	4
Carolina	1
Carrying	2
Carter	2
Casar	1
Cassie	1
Catch	1
Catching	1
Ceiling	1
Cerberus	1
Certain	1
Cesar	3
Cest	1
Ch	12
Challenge	9
Charon	1
Chasing	1
Chicago	2
Chicago-based	1
Child	1
Chloe	5
Choosing	1
Chorus	1
Chris	13
Christina	1
Christmas	3
Chuck	1
City	2
Claire	1
Class	1
Claustrophobia	1
Clean	1
Client	1
Cloud	2
Coaching	1
Cocooned	1
Cody	1
Cold	1
Cole	1
Collecting	1
College	1
Colorful	1
Colors	2
Come	7
Commendable	1
Communication	1
Comon	1
Compilation	5
Confusing	1
Connecticut	1
Contoured	1
Contrary	1
Control	1
Cood	2
CookeHer	1
Copy	1
Coudrote	1
Could	2
Counting	1
Cozy	1
Craiggory	1
Crap	2
Cras	1
Crash	1
Crazy	1
Crush	1
Crusty	1
Crutches	1
Curled	1
Curtains	1
Cute	1
Cynthia	1
DAMN	1
DAY	1
DO	2
DON	1
Dallas	1
Dammit	2
Damn	1
Dancing	1
Dark	1
Darn	1
David	1
Dawn	2
Days	2
Dead	2
Decorating	1
Deductions	4
Defeat	1
Defeated	1
Demetria	1
Demi	2
Demosthenes	13
Department	1
Despite	3
Destination	2
Determination	1
Diamond	1
Did	4
Didn	1
Dinner	1
Dirty	1
Discontinued	1
Discovering	1
Diviner	4
Do	12
Doctor	2
Doesn	1
Doing	1
Don	5
Donec	2
Down	1
Dr	1
Dreamer	5
Dreaming	1
Dreams	1
Dress	2
Drew	8
Duche	2
EATING	1
EMBARRASSING	1
END	2
Each	2
Eaden	2
Eagle	1
Earth	2
Eating	1
Eclectic	2
Ecstacy	1
Edward	1
Edwin	18
Edwins	1
Eeedddwwwinnnn	1
Elementary	1
Elinor	1
Emilie	3
Emmett	1
Emotion	1
Enclude	1
End	3
Ending	4
Enemies	1
Engagement	1
English	2
Erg	1
Erickson	1
Eros	19
Errrrrr	1
Especially	1
Etiam	1
Eve	1
Evelyn	3
Even	1
Eventually	1
Every	4
Everyone	5
Everything	1
Ex	1
Except	1
Experiment	1
Ezzie	1
FABULOUS	1
FAITH	1
FIBROMYALGIA	1
FLIRTING	1
FOYER	1
Failure	1
FailureLimited	1
Fallen	1
Fame	10
Fascinating	1
Fast	1
Father	1
Feel	1
Feeling	1
Fer	1
Ficlet	2
Fields	1
Fifth	1
Finally	5
Finding	1
Fine	3
First	1
Fish	1
Five	2
Flannel	1
Fling	1
Flipping	1
Floor	1
Florida	1
Flying	1
Focusing	1
Folding	1
Follow	1
Foolish	1
For	9
Forget	1
Forty	2
Forward	1
Found	1
Franklin	1
Frantic	1
Free	1
Freedom	2
Freezing	1
Freshly	1
Friday	2
Friend	1
Friendships	1
From	2
Fun	1
Fusce	1
G	1
GET	1
GO	1
Gaahhh	1
Gabriel	4
Gail	2
Games	1
Gathering	1
Geez	1
Geography	2
Geometry	1
Get	5
Getting	5
Gia	2
Gianna	14
Giant	1
Gift	2
Girl	1
Girls	2
Giving	3
Go	2
God	8
Gods	1
Going	2
Good	4
Goodbye	2
Grabbing	1
Grace	1
Grandma	1
Grant	2
Great	2
Greek	2
Green	1
Grey	1
Greyhem	6
Grief	1
Growing	1
HA	1
HALLOWEEN	1
HAPPY	1
HAVING	1
HEAR	1
HEART	1
HELP	1
HUGS	1
Had	1
Hades	1
Halloween	1
Hampshire	1
Hampton	2
Hardly	1
Harper	4
Harrisford	1
Hasn	1
Have	6
Having	4
Hazel	5
He	141
Hearing	1
Hearted	5
Heating	1
Heaven	1
Height	1
Heir	1
Hell	1
Hello	12
Help	4
Her	18
Here	6
Hey	8
Hi	4
Hi-liters	1
Him	2
His	18
Hitchcock	1
Hm	3
Holiday	1
Honestly	1
Hoooo	1
Hopefully	1
Hopes	1
Horridly	1
Hot	1
Hotel	2
How	23
However	1
Huge	1
Huh	2
Hurting	1
I	944
I-	1
ID	150
IL	3
IN	2
INCREDIBLE	1
Idiot	1
If	13
Im	3
Imaginatively	1
Immediately	1
Immediatley	1
Impatiently	1
Imperial	1
Important	1
Impulses	1
In	12
In-door	1
Inconspicuously	1
Indeed	1
Innocent	1
Inspiration	2
Instinctively	1
Interesting	1
Intuition	1
Is	8
Isabella	1
Isn	1
It	88
Italy	1
Its	6
Jake	3
Janice	16
Jared	13
Jayden	2
Jeffery	7
Jenna	1
Jersey	3
Jim	9
Jonathon	1
Jueli	3
Juli	2
Julia	1
Julianne	3
Jump	1
Just	9
K	5
KALEIDOSCOPES	1
Kamila	2
Karon	11
Karon-	1
Kermitgorf	1
Kid	1
Kiddo	1
Kill	1
Killer	4
King	4
Kirke	1
Kissed	1
Kitty	2
Knowing	2
Kyle	17
LAUGH	1
LAUGHTER	1
LAVENDER	1
LOSE	1
LOUD	1
LOVED	2
LOVING	2
La	1
Lady	1
Lake	1
Landing	1
Larson	1
Last	2
Late	1
Later	1
Laugh	1
Laughing	1
Lavender	1
Leah	3
Learning	3
Legend	1
Lepic	2
Let	4
Letters	1
Library	1
Life	2
Light	1
Lights	3
Like	4
Lining	1
List	1
Listen	2
Litterally	1
Little	1
Live	6
Lives	1
Lizzio	1
Logic	1
London	1
Long	1
Longhorn	1
Look	3
Looking	1
Lorem	2
Lose	1
Losing	2
Lost	2
Lots	1
Loud	1
Louis	1
Love	6
Luck	1
Lucky	2
Lucy	5
Lullabies	1
Lunch	1
M	1
MAGIC	1
MOMENTS	1
MOST	1
MUSIC	1
Ma'am	1
Mable	1
Mackizme	8
Madam	6
Maecenas	1
Main	1
Maisie	2
Makatrice	2
Make	1
Making	4
Man	2
Many	2
Maple	3
Mariano	2
Marie	4
Mark	1
Marz	1
Marzark	4
Massachusetts	1
Mathematics	1
Matt	1
Maver	1
May	1
Maybe	7
Me	4
Mebane	1
Melody	16
Memory	2
Mental	1
Mentally	1
Middle	3
Midnight	6
Might	1
Mile-a-minute	1
Miles	1
Milkweed	1
Millicent	1
Mind	1
Miranda	1
Miss	2
Mistake	1
Mister	1
Misunderstanding	1
Monkeys	1
Montier	2
Morbi	1
More	3
Morning	1
Most	2
Mouse	1
Moving	1
Mr	12
Mrs	7
Music	3
Music-	5
My	31
Myspace	1
MythBusters	1
NJ	1
NO	3
NOT	1
NaNoWriMo	12
Nam	3
Name	1
Nat	1
Naw	1
Nebraska	2
Never	2
New	5
Newmatter	2
Next	1
Nice	2
Night	5
Nights	1
No	35
Nocturnal	1
Noir	2
None	2
Nonsense	2
Noon	4
Noooo	1
Nope	1
North	1
Not	23
Nothing	7
Notice	1
Nov	2
Novel	12
November	4
Now	12
Nulla	2
Nullam	1
OH	1
OMG	1
OMGitsBeckii	1
ONE	1
OPEN	1
OUT	1
Obama	1
Obsession	4
Occasionally	1
Odd	1
Of	7
Office	1
Oh	39
Ohh	1
Ok	4
Okay	5
On	7
Once	4
One	17
Only	3
Oooooo	1
Oops	2
Opal	1
Or	4
Other	2
Others	2
Our	1
Out	1
Overall	1
Ow	1
Owen	11
Own	1
Owning	1
P	1
PER	1
PERSON	1
PLEASE	2
PM	1
Paga	1
Paige	9
Pair	1
Palace	2
Panic	1
Paradoxical	1
Paralee	1
Part	9
Party	1
Passing	11
Patience	3
Patron	1
Pause	1
Pay	1
Pennsylvania	1
Penny	1
People	3
Persephone	1
Persistent	1
Peyton	3
Phi	1
Physically	1
Pierre	1
Pillowcases	1
Play	2
PlaySam	1
Pleasantries	1
Please	4
Plus	3
Poetry	1
Powell	1
Practical	1
Practically	1
Praying	1
Prequels	150
President-elect	1
Pretty	1
Priscilla	3
Probably	4
Problem	1
Procrastination	1
Profession	1
Proin	1
Prose	1
Protector	1
Psyche	24
Pt	1
Puddle	1
Pulse	1
Pumpkin	1
Pure	1
Queen	3
Quisque	1
RBMI	1
RE	1
REACTION	1
REALLY	1
REMEMBER	1
RICH	1
Rain	3
RainDance	1
Rainbows	1
Rather	1
Raven	1
Reading	2
Ready	5
Real	1
Really	3
Reasons	6
Recovering	1
Red	2
Regan	6
Regan-	2
Regular	1
Remember	2
Remembering	6
Rescue	1
Research	1
Resisting	1
Restaurant	1
Reunion	1
Right	2
Rights	1
Rising	1
Ritalin	1
Rob	1
Robert	3
Rocking	1
Rolex	1
Romance	1
Root	1
Rosalie	1
Routines	1
Rouvelin	2
Run	3
Run-on	1
Running	1
Rust	1
SAC	1
SCREAM	1
SEEM	1
SEX	1
SKC	1
SLEEPING	1
SMILE	1
SMILES	1
SNOWED	1
SOME	2
STARS	1
Saint	3
Same	2
Sandra	1
Sariah	1
Saturn	1
SaveTheUnicorns	1
Scalding	1
School	2
Scrap	1
Search	1
Searching	2
Sears	1
Second	1
Seconds	1
Sed	2
Seeing	1
Self-esteem	1
Selfconsciencely	1
Senior	1
Sequels	150
Serenity	1
Serial	3
Seriously	1
Serves	1
Seth	12
Setting	1
Shae	1
Shards	1
Sharpies	1
Shay	2
She	100
Sheila	2
Shine	1
Shivering	1
Shocked	1
Shoulder	1
Shut	1
Sight	1
Silence	4
Simple	1
Singing	3
Sir	1
Sit	1
Sitting	1
Sixth	1
Sky	1
Slip	1
Slowly	3
Snow	1
Snowing	1
So	21
Sofia	4
Soldiers	1
Some	3
Somebody	2
Someday	1
Someone	5
Something	3
Sometimes	2
Somewhere	1
Sooner	2
Sophomore	1
Sorry	2
Soul	2
Sounds	1
Spanish	1
Specks	1
Spencer	1
Spice	1
Spilling	1
Spinning	1
Spotting	1
Spur	1
Stage	1
Standback	2
Standing	1
Starbucks	1
Staring	2
State	1
States	1
Status	1
Stay	1
Still	2
Stop	5
StopThe	1
Stovohobo	7
Strange	1
Striving	1
Stupid	3
Styx	2
Subject	2
Suddenly	7
Sunglasses	1
Sure	8
Surely	1
Suspendisse	1
Sussex	1
Sweater	1
Swedish	1
Swiftly	1
Swing	1
T	151
TAKE	1
THANK	1
THE	4
THREE	1
THX	3
TIME	1
TO	1
TODAY	1
TONS	1
TV	1
TWO	1
Tad	2
Tag	2
Taking	1
Talk	1
Talker	1
Talking	1
Tall	1
Tangerine	1
Tanning	1
Tea	1
Tears	1
Technically	1
Teenagers	1
Tell	2
Tempation	1
Terrifying	1
Thank	4
Thanks	3
Thanksgiving	1
That	30
The	140
Their	4
Them	1
Then	11
Theo	14
Theodore	2
Theory	1
There	23
These	2
They	37
Thief	1
Things	2
Think	1
Thinking	1
Third	1
Thirteen	1
This	18
Those	1
Though	3
Three	1
Throne	2
Through	3
Throwing	1
Thyme	10
Tickets	3
Ticking	1
Tiled	1
Time	2
Tipping	1
To	7
Todd	9
Tom	8
Tommy	1
Tonight	1
Too	4
Tower	2
Trailer	1
Trees	1
Tricks	1
Trip	1
Tristan	2
Trust	1
Trusting	1
Twain	1
Twistings	1
Two	5
Typical	1
US	1
Uh	1
Uhh	1
Um	6
Unaccounted	1
Understanding	1
Underworld	3
Unfortunately	1
Unhealthily	1
United	1
Unplug	1
Unscrew	1
Until	3
Us	1
Useful	1
User	1
V	1
Vamps	1
Vandals	1
Varsity	1
Very	1
Victory	1
Virginia	1
Vivamus	1
Vocal	1
Vonster	1
W	1
WE	2
WEATHER	1
WHAT	1
WHATEVER	1
WIN	1
WITRSF2BYTC	1
WORDS	1
WUH	1
Wait	5
Walking	1
Wanna	1
Want	1
Warm	2
Warren	1
Was	4
Watching	1
Wayward	3
We	30
Weakly	1
Weekend	1
Welcome	1
Well	15
Were	1
Weren	1
Wet	1
Wha	1
Wha-huh	1
What	53
Whatever	4
Whats	2
Wheel	2
When	10
Where	5
Which	1
While	1
Who	8
Why	18
Widler	2
Wikipedia	1
Wilber	5
Will	2
Window	1
Winslow	2
Wisconsin	1
Wiser	1
Wishing	1
With	4
Without	3
Woman	1
Woohoo	1
Wooooo	1
World	2
Would	3
Wrapped	1
Wrapping	1
Wrinkles	1
Wyatt	3
Wyrmtongue	1
XxjerseyxgirlxX	2
YES	1
YOU	3
YOUR	3
YOURSELF	2
Yah	1
Yay	1
Yea	1
Yeah	16
Yeeeee	1
Yep	2
Yes	8
Yet	2
Yo	1
You	71
Your	14
Z	150
ZAP	1
Zen	2
Zeus	4
[	6
]	6
_	5
a	480
abilities	3
ability	6
able	10
aboard	1
abound	1
abounds	1
about	59
about-	1
above	3
abruptly	2
absent	1
absolutely	3
absorbed	1
abstract	1
abusing	2
accent	1
accepted	3
accessory	2
accident	1
accidental	1
accumsan	1
aches	1
achieve	1
acknowledgment	1
across	7
act	1
acted	2
acting	2
action	1
activity	1
acts	1
actual	1
actually	12
added	1
addictive	1
address	2
adipiscing	1
adjust	1
adjusting	1
admit	3
admitted	1
adolescent	1
adored	1
adults	1
advantage	1
adventure	1
advice	1
affect	1
affectionately	1
affliction	1
afford	1
afor	1
afraid	6
after	25
again	36
againBut	1
againWind	1
against	13
age	1
agent	3
agile	1
ago	6
agony	1
agreed	2
agrees	1
ahead	1
air	11
airline	2
alcohol	1
alike	1
aliquam	1
aliquet	1
alive	1
all	68
alley	2
allow	2
allowing	1
almost	7
alone	12
along	3
alongside	2
alot	1
aloud	2
already	13
alright	1
also	5
although	1
always	22
am	14
amaze	1
amazed	1
amazing	4
amber	2
amet	5
amount	3
amout	1
an	39
and	571
android	4
and—oh	1
angel	13
angels	1
anger	4
angle	1
angrier	1
angrily	1
angry	8
animal	1
animals	1
ankles	1
announced	1
announcement	1
announcing	1
annoy	1
annoyed	3
annoying	2
anonymous	1
another	15
answer	9
answered	5
answers	6
anticipate	1
anxious	2
any	17
anybody	1
anymore	6
anyone	7
anything	23
anyway	3
anyways	1
anywhere	1
apart	1
apartment	2
apologize	1
apparently	1
appear	1
appearance	1
appeared	3
apple	1
application	1
appreciated	1
appreciating	1
apprehended	1
appropriate	1
approximately	1
archway	1
are	63
areas	1
aren	2
arent	1
argue	2
argument	1
arm	11
armed	1
armpits	1
arms	20
army	1
arond	1
around	61
arrival	2
arrive	2
arrived	3
arriving	1
arrogance	1
articles	1
as	141
ascended	1
ashamed	1
ashtonishment	1
ask	13
asked	32
asking	6
asks	5
asleep	7
associated	1
assumed	1
assumptions	1
assure	1
astonished	2
astonishment	1
at	144
attaches	1
attack	2
attacked	1
attatched	1
attempted	2
attending	1
attention	8
aught	1
author	1
authority	1
autumn	1
avoid	1
awaited	3
awaiting	1
awakens	1
aware	3
away	27
awe	1
awesome	4
awful	1
awhile	1
awkward	1
awkwardly	1
awoke	2
awoken	1
babbling	1
baby	9
back	62
backed	2
background	1
backlit	1
backpack	1
backseat	1
bad	9
badIt	1
badly	2
baffled	1
bag	4
bags	2
ball	1
ball-point	1
band	23
bandaged	1
bank	1
bar	1
baredThey	1
barely	2
barge	2
barrel	1
bars	1
base	1
based	1
basically	2
bathroom	9
bathtub	2
battle	1
bawled	1
be	107
beach	5
beak	2
beat	2
beaten	1
beating	1
beautiful	5
beautifully	2
beauty	3
became	3
because	18
beckoning	1
become	1
becomeLet	1
becomes	1
bed	6
bedroom	6
beds	1
bedside	1
beefy	1
been	39
beenteaching	1
beeping	1
beer	2
beers	1
before	34
beg	1
begain	1
began	11
begin	1
begins	6
behavior	1
behind	18
behold	1
being	18
being-	1
believe	10
bell	2
bellezza	1
bells	1
below	2
bench	1
bends	1
beneath	4
bent	1
beside	1
besides	1
besieged	1
best	4
bet	4
better	9
between	5
bewildered	1
beyond	2
bibendum	1
big	8
bigger	1
bike	6
billionth	1
bind	1
biography	1
bios	1
bird	3
birthday	5
bit	6
bitterly	1
black	7
blacked	2
blackness	2
blade	1
blah	2
blahblahblah	1
blandit	2
blankets	1
blaring	1
blasting	1
blasts	1
bleak	1
bleeding	1
blew	1
blind	6
blinded	1
blindfold	1
blinked	2
block	2
blonde	4
blood	4
blood-curdling	1
bloomers	2
blouse	2
blowing	3
blown	1
blows	1
blue	10
blues	1
bluntly	1
blur	1
blush	1
blushing	1
boarding	1
boat	2
boatman	1
bobbing	1
bodice	1
body	7
bold	2
bolt	1
bones	1
boobs	1
book	8
bookcase	1
books	3
booming	3
booze	1
bored	5
boring	1
both	22
bother	2
bothering	2
bottle	2
bottom	4
bouncy	1
bowed	1
bowl	5
bows	1
box	4
boy	19
boyfriend	3
boyhood	1
boyish	1
boys	4
bra	1
braces	1
brain	1
brainwashed	1
branches	4
bravely	1
braver	1
bravest	1
breakdown	1
breaking	2
breasts	1
breath	15
breathe	4
breathed	2
breathing	2
breaths	1
breeze	1
brewed	1
bright	4
brightens	1
brightness	1
brilliant	1
brim	1
bring	4
bringing	1
brisk	1
briskly	1
broke	3
broken	5
brother	1
brow	1
brown	5
brows	1
bruising	1
brunette	1
brushed	1
bucholic	1
bucket	1
building	5
bulged	1
bull	1
bun	1
burberry	1
buried	1
burn	2
burned	4
burning	2
burst	3
bus	1
bush	1
business	2
busted	1
bustling	1
busy	3
but	118
butler	3
button	4
butts	1
by	56
bye	1
c	1
ca	8
cabs	1
cadelliac	1
cafe	1
cake	2
calculation	1
call	6
called	6
calling	1
calloused	1
calls	4
calm	5
calmed	1
calmly	1
came	26
camisole	1
can	63
canadianwriter	5
candy	3
canvas	1
cap	2
captivity	1
captors	1
car	16
caravan	3
carbs	1
card	1
cardiovascular	1
care	3
carefully	5
carelessly	2
caring	1
carried	1
carry	2
carrying	1
cars	7
cast	1
casual	1
cat	4
catalogues	1
catch	9
catches	3
catching	4
categories	1
caught	4
cause	2
caused	4
causing	2
cave	3
ceaseAlas	1
ceased	1
ceiling	8
celebrated	1
cell	2
center	3
centuries	1
certain	2
certainly	1
chair	4
chairs	1
challenge	3
chanced	1
change	6
changed	3
characters	1
charity	1
chased	1
chasing	2
chat	1
chatter	1
chattering	2
chatting	1
check	2
checked	3
cheek	3
cheeks	3
cheerily	1
cheers	1
cheesy	1
cherries	1
chest	10
chests	1
child	5
childishly	1
children	8
chills	1
chirps	1
chocolate	1
choice	1
choir	1
choked	1
choose	1
choosing	1
chopped	1
chortled	1
chorus	1
circle	2
circled	1
circuit	1
citations	1
cite	1
city	5
civilization	1
clacked	1
clams	1
clapped	1
clapping	1
class	8
classroom	1
classrooms	1
claustrophobia	1
clean	2
clearing	1
clearly	1
clenching	1
clichÃ	1
click	2
clicked	2
clicking	1
client	2
cliff	2
climb	1
climbed	4
clip	1
clipboard	1
clippings	1
cloaked	1
clock	3
clone	2
close	7
closed	4
closely	1
closer	4
closet	2
closing	2
cloth	2
clothes	6
clothing	1
cloud	3
clouds	1
cloudy	2
clue	1
clung	1
clutched	2
cluttered	2
coats	2
cocked	2
coherent	1
coiled	1
coin	1
coincidence	1
cold	11
coldly	1
collapsed	2
collarbone	1
college	1
color	2
colored	1
colorful	2
colors	4
columns	1
combinations	1
combined	1
come	17
comes	7
comfort	1
comfortable	3
comfortably	1
comin	1
coming	16
comment	1
commented	1
comments	1
commodo	1
common	1
comon	1
company	3
complaining	1
completed	1
completely	2
complex	2
complicated	1
complications	1
comprehension	1
compromises	1
computer	2
computers	2
concentration	1
concepts	1
concern	1
concerned	1
concerts	3
conclusions	1
condimentum	1
conditioning	1
cone	1
confirm	1
confused	6
confusing	1
confusing--	1
confusion	2
connect	1
connection	1
connections	1
conquest	1
conscious	2
consciousness	1
consectetuer	3
consequat	1
considerable	1
considered	2
considering	1
consolation	1
console	1
conspicuous	1
constantly	2
construction	1
consulation	1
contact	1
containing	2
contemporaries	1
contempt	1
content	1
contentment	1
contents	1
continue	1
continued	4
continues	1
contorted	1
contraption	1
contrary	1
control	8
conversation	3
conversations	2
converted	1
conviction	1
conviently	1
convince	2
convulsed	1
cooks	1
cool	5
cooperate	1
core	1
corner	3
corny	1
cosmetics	2
cost	1
couch	4
could	59
couldn	18
couldnt	1
count	1
counter	2
countered	1
countless	1
couple	2
courage	3
course	14
covered	2
covers	1
crack	1
cracked	2
cracks	1
crafted	1
crammed	1
crap	2
crashed	2
crashing	1
crates	1
crawling	1
crazy	8
creaked	1
creaks	1
create	2
created	2
creature	1
creepy	1
crept	1
cried	6
crinkled	1
croaked	1
croaks	1
crossing	1
crowd	2
cruel	1
crumbs	3
crumpled	1
crunch	1
crunching	1
crunchy-looking	1
crush	1
crushed	1
crutch	1
cry	3
crying	3
cunning	1
curiosity	1
curious	1
curiously	1
curled	1
curls	2
curly	1
cursive	1
cursor	1
cursus	1
curtains	1
curved	1
curves	1
customary	1
cut	2
cute	5
cuts	1
d	19
daddy	1
damn	1
dance	1
dancing	2
dangling	1
dark	11
darkened	1
darkness	3
date	5
dating	2
daughter	3
daughters	1
day	29
daydreaming	2
days	8
daze	1
dead	2
deadA	1
deal	5
decide	2
decided	6
deciding	2
decision	1
declare	1
decorated	1
decorating	1
deduce	1
deductions	1
deed	1
deemed	2
deep	13
deeper	1
deeply	1
defeat	1
defense	1
defiant	1
definetly	2
definitely	1
degree	1
delicate	1
delicious	1
delight	2
delving	1
demeaner	1
denied	1
denim	2
deny	1
depleted	1
deposed	1
depressed	1
depths	1
descended	3
descending	1
descends	1
designs	1
desires	1
desk	2
desperate	1
destination	1
destroyed	1
destruction	1
detective	1
determination	1
determine	1
detour	1
develop	1
device	2
devices	1
di	1
diagrams	1
diam	3
diamond	4
did	46
didn	36
didnt	2
die	7
died	6
difference	1
different	7
difficult	2
difficulties	1
difficulty	1
digestive	1
digging	1
dim	1
directed	1
direction	3
directions	2
dirty	2
disappeared	3
disappearing	1
disappointed	2
disapproves	1
disapproving	1
disbelief	1
discarded	1
discovered	1
discussed	1
discussion	1
disdain	1
disembodied	1
disgusting	1
dish	1
dismal	1
displaying	1
displays	1
disposition	2
disprove	1
distorted	1
distract	1
distracting	2
ditch	1
divert	1
dizzy	1
do	61
doctor	1
doctors	1
document	1
dodged	1
does	10
doesn	10
dog	5
dogged	1
dogs	3
doing	11
dollar	1
dollars	1
dolor	4
domed	1
don	33
done	5
doneYou	1
door	33
doorbell	1
doorknob	1
doors	4
doorway	4
dorm	2
dotted	1
doubt	2
doubted	1
dove	2
down	63
downstairs	1
downstream	1
downward	1
dragged	1
drags	1
drain	1
drama	1
draped	1
draw	2
drawer	1
dreadful	1
dream	2
dreams	3
dreary	1
dress	8
dressed	3
dresses	1
drew	2
drifting	2
drink	1
drive	2
driveway	1
driving	1
drizzle	1
drool	1
dropped	2
dropping	1
drove	1
drug	1
drunken	1
ducks	1
dui	1
dull	3
dumpster	1
dunno	2
during	2
dust	1
dusty	1
dying	2
e	1
each	9
eachother	1
eagle	1
eagles	1
ear	1
earlier	1
earring	3
ears	7
earth	5
ease	1
easier	2
easily	3
easy	5
eat	1
ebony	1
echoed	1
echoing	1
economy	1
ecstatic	1
edge	2
eeeerrrrrrrrr	1
effect	1
effort	1
egestas	1
eget	4
ego	1
eight	2
either	6
elbows	1
electricity	1
elementary	1
elementum	1
elevated	1
elevator	1
elit	2
else	15
elsewhere	1
emanate	1
embarrassed	2
embarrassment	1
embedded	1
embrace	1
embroidered	1
emergency	1
emerging	1
emotion	2
emotionless	1
emotions	1
empire	1
empty	3
encased	1
enclosed	1
encompass	1
end	3
ended	1
endlessly	1
ends	1
enfolding	1
engage	1
engine	2
enim	3
enjoyed	1
enjoying	1
enough	12
enraged	1
enslaved	1
entered	3
entering	2
enters	1
entire	1
entirely	2
entourage	1
entrap	1
entry	1
envious	2
environment	1
epic	1
epiphany	1
episode	1
equals	1
er	1
erat	4
eros	1
escape	3
escaped	2
escapes	1
escaping	1
escort	2
especially	1
essence	1
et	2
etc	1
eternity	2
eu	3
euismod	1
even	27
evening	4
ever	23
every	4
everyday	2
everyone	7
everything	11
everytime	1
everywhere	1
evidence	1
exactly	6
examined	1
except	1
excited	2
excitedly	1
excitement	1
exclaimed	2
exclaims	1
excuse	2
excuses	1
exhaled	1
exhausted	2
exhaustion	2
expect	4
expectations	1
expected	1
experience	2
experiment	1
experiments	1
expertise	1
explain	4
explained	1
explaining	1
explains	2
explanation	2
explore	1
explorer	1
explosion	1
exposed	1
expressions	1
exquisite	1
extensive	1
extent	1
extinguished	1
extremely	2
eye	4
eyebrow	2
eyebrows	1
eyed	2
eyelids	2
eyes	58
face	41
face-up	1
faces	1
facilisi	1
facilisis	2
facing	3
fact	3
fact-	1
facts	2
faded	2
failed	1
faintly	1
fair	3
fairies	1
fairly	1
fairy	2
faithful	1
fake	1
fall	8
fallen	3
falling	4
falls	3
fame	1
families	1
family	3
famous	1
fan	1
fanciest	1
fancy	2
fangs	1
far	9
faraway	1
farming	1
farther	1
fast	7
faster	3
fat	1
fate	2
father	5
favorite	3
fear	2
feared	1
feat	1
features	2
feed	1
feel	13
feeling	6
feelings	2
feels	3
feet	11
fell	13
felt	17
fermentum	1
feverently	1
feverishly	1
few	26
fibers	1
ficlet	4
ficlets	3
field	1
fields	1
fiery	1
fifteen	1
fifth	1
fight	1
fighting	1
figment	1
figuratively	1
figure	2
figured	2
figures	3
files	1
filing	1
filled	10
fills	1
film	1
fin	1
final	1
finally	16
find	12
finding	4
finds	1
fine	3
finger	4
fingers	8
finish	1
finished	2
finishing	1
fire	9
fire-red	1
fireplace	2
firmly	1
first	23
fit	2
fitted	1
five	5
fix	6
flame	2
flameHanging	1
flapping	2
flashlight	1
flat	1
flats	1
flaw	1
fled	2
flew	1
flicking	1
flight	2
flinched	1
flits	1
floated	1
floating	4
floodlamps	1
floor	14
floors	2
flowed	1
flowers	1
flows	1
fluanting	1
fluffy	1
flustered	1
flutter	1
fluttered	1
fly	2
flying	5
focus	2
focused	2
focusing	2
fog	1
folded	2
folding	2
follow	6
followed	10
following	3
follows	1
folly	1
food	2
foolish	1
foot	2
football	4
footsteps	2
for	142
for-ti-five	1
force	2
forced	3
forehead	1
forever	4
forget	6
forgive	1
forgotten	1
form	2
formal	2
formed	1
former	2
forte	1
forty	4
forty-nine	1
forward	2
foul	1
found	4
four	5
fours	1
foyer	2
framing	1
freaked	1
freaking	2
freckles	2
free	8
freed	1
frequent	1
frick	1
friction	1
friday	1
friend	13
friendly-game	1
friends	10
friendships	1
frilly	1
fritter	1
frizzy	1
from	89
front	5
frown	2
frowned	3
frowns	1
froze	1
frozen	3
fuck	1
fucking	1
fuel	1
fueled	1
full	5
full-out	1
fully	4
fumble	1
fumbling	1
fun	10
function	1
functioned	1
funny	4
funny-looking	1
furious	1
furiously	1
furrowed	2
further	1
futile	1
future	3
fuzzy	2
g	10
gag	1
game	6
games	2
gaped	1
gasp	1
gasping	1
gasps	2
gather	1
gathered	2
gave	4
gaze	1
gazed	1
gazing	1
geek	14
geese	1
genderless	1
genius	1
gentle	1
gently	4
gesture	1
gesturing	1
get	53
gets	2
getting	11
giant	2
giants	1
giddy	1
gift	4
gifted	1
gigantic	1
giggled	1
giggling	1
gimmick	1
ginger	1
girl	25
girls	11
give	6
glad	4
gladly	1
glance	3
glances	3
glancing	2
glands	1
glares	1
glass	5
glee	1
glided	1
glimmer	2
glimpse	2
glint	1
glinting	1
gloomy	1
glory	1
gloves	1
glow	2
glowFeed	1
go	41
goKeep	1
goal	1
god	7
god-damn	1
god-like	1
goddess	3
goes	3
going	42
gold	2
golds	1
gone	10
gonna	5
good	20
goodbye	3
goodnight	1
googly	1
goose	1
gorgeous	2
got	21
gotta	2
gotten	2
grab	3
grabbed	7
grabbing	1
grabs	1
graceful	1
gracefully	1
gracing	1
grade	2
grader	1
grafeteed	1
grandma	1
grandmother	1
grant	1
granted	2
graphite	1
grasped	1
grasping	1
grass	5
grasses	3
gravida	3
gravity	2
gray	1
great	8
greatest	3
greed	2
green	3
greeted	2
greeting	1
grew	3
grey	1
greyness	1
grief	1
grieving	1
grin	2
grinning	1
grins	1
grips	1
groaned	1
groans	2
grocery	1
ground	15
group	3
grow	1
growing	1
growled	1
growling	1
gruffly	1
guard	1
guarded	1
guess	9
guessed	1
guiltier	1
guilty	1
gulped	1
gum	1
gus	1
gushes	1
guy	7
guys	4
gypsy	1
habit	1
had	109
hadn	4
hailing	1
hair	25
haircut	1
hairless	1
half	4
hall	2
hallway	6
halt	1
halter	1
hand	26
hand-written	1
handed	1
handing	1
handle	1
hands	22
handy	1
hang	6
hanging	1
hansom	1
happen	4
happened	11
happening	2
happiest	2
happily	3
happiness	1
happy	6
hard	7
harder	3
hardest	1
harmonica	1
harsh	1
has	18
hasn	1
hat	2
hate	4
hated	6
have	77
haven	3
having	11
hawk	1
hazel	1
he	192
head	23
headache	1
headed	3
heading	1
heads	2
heal	1
heals	1
healthy	3
hear	7
heard	15
hearing	1
hears	1
heart	10
hearts	3
hearty	1
heat	3
heavens	2
heavily	2
heaving	1
heavy	4
heck	4
heel	1
heh	1
hehe	1
height	1
heir	5
held	7
helicopters	2
hell	8
hello	1
help	14
helped	3
helping	1
helpless	1
helps	2
her	246
here	32
here-	1
hers	2
herself	3
hesitantly	4
hesitated	1
hey	1
hi	2
hidden	1
hide	1
hideCautious	1
hides	1
hiding	2
high	9
highness	2
hill	2
hillsides	1
him	103
himself	6
hips	2
his	152
hissing	2
history	2
hit	1
hits	3
hoarse	1
hoists	1
hold	5
holding	3
holds	1
holler	1
hollering	1
hologram	2
holovisions	1
home	23
homeland	1
homeroom	2
homes	1
homework	2
homey	1
honest	1
honestly	1
honesty	1
honey	1
hoodie	1
hoooo	1
hoooooo	1
hop	1
hope	6
hopeful	1
hopelessly	2
hopes	3
hoping	1
horrible	2
horribly	1
horridly	1
horrifying	1
horror	3
hospitals	1
hot	1
hotel	1
hour	3
hours	4
house	10
household	1
houses	2
how	42
hub	1
hubby	1
huff	1
hug	2
huge	7
hugged	3
human	6
human-like	1
humans	5
humidity	1
humming	3
humor	1
hun	1
hundred	2
hundred-fifty	1
hundreds	2
hung	2
hunger	1
hungry	1
hurt	8
hurting	1
hurtled	1
hurtling	1
husband	3
hush	1
hyperventilating	2
hypnotizing	1
hysterically	1
i	9
i-in	1
iaculis	1
icy	1
id	3
idea	11
ideal	1
identify	2
idiot	1
idling	1
if	42
igloo	1
ignorant	1
ignored	3
ignoring	2
ill	1
illuminated	1
im	1
imagination	3
imagine	4
imagined	1
imagining	1
immediately	4
immense	2
immerse	1
immortal	1
immortality	2
impeccably	1
important	7
importantly	1
impossible	2
impression	1
imprisonment	1
impulses	1
in	260
incapable	2
including	2
incoherant	1
incoherent	1
incoherently	1
incoming	1
incomprehensible	1
incorrect	1
incredible	1
incredulously	1
indeed	1
industrial	1
inferior	1
inflate	1
information	1
infront	2
initials	1
injure	1
injured	1
ink	1
innocence	1
inquisitive	1
insanely	2
inside	17
insides	1
insist	1
insisted	2
insists	1
insited	1
inspired	2
instead	3
instensly	1
instinct	2
instructed	1
instrument	1
insusceptible	1
intelligent	1
intended	1
intently	4
interacted	1
interested	2
interesting	3
interlude	1
internal	1
internet	2
interrupted	1
intervals	1
into	67
introduced	1
intrude	1
intuition	1
invaluable	1
invisible	1
invisibly	2
invited	5
invitingly	1
ipsum	5
irlandesa	10
iron	1
irony	1
is	143
isles	1
isn	4
issue	1
it	250
itWhen	1
its	19
itself	8
jack	1
jail-like	1
jammed	1
jaw	1
jealous	1
jeans	5
jerked	3
jerking	1
jet	1
jewelry	2
job	1
jobs	2
jock	1
joining	1
joke	1
jolt	1
jotted	2
journey	2
jubilantly	1
jumble	1
jump	2
jumped	8
jumping	2
junior	2
just	95
kay	2
keep	15
kept	5
kernels	1
keyboard	1
keys	1
kid	5
kidding	1
kiddo	1
kidnapped	1
kids	1
kill	6
killed	4
killer	1
kind	10
kindergardners	1
kindest	1
kindly	1
kingdom	1
kiss	1
kissed	4
kisses	3
kissing	2
kitchen	2
kitten	4
kittens	1
knees	5
knelt	1
knew	21
knife	1
knob	1
knock	1
knocked	2
knocker	1
knocking	1
know	70
knowI	1
knowing	6
known	15
knows	8
kwatz	1
kwon	1
l-	1
la	11
lab	1
labeled	1
lace	1
lack	1
lacking	1
lacy	2
lady	1
laid	2
lake	2
lament	1
lamenting	1
lamps	1
land	3
landed	3
landings	1
landscape	1
lane	1
language	3
languages	1
lap	1
lapping	1
laptop	1
large	3
largely	1
larger	2
last	18
lasting	2
lasts	1
late	4
later	8
latte	1
laugh	16
laughed	10
laughing	7
laughs	5
law	1
lay	2
layer	2
lazily	1
lazy	1
leader	2
leading	2
leads	1
leaf	1
leafless	1
leaned	3
leaning	2
leans	1
leaped	1
leaping	1
learn	4
learning	1
leash	1
least	5
leave	9
leaves	5
leaving	5
lectus	1
left	22
lefty	1
leg	5
legend	1
leggy	1
legs	7
less	2
let	18
lets	5
letter	1
letters	2
letting	2
level	4
libero	2
lie	1
lies	1
life	16
lifeless	1
lifted	4
lifting	1
lifts	2
light	8
lightI	1
lightThat	1
lightWith	1
lightness	1
lights	7
ligula	3
like	52
likely	2
likeness	1
likes	2
line	1
lined	1
lines	1
linger	1
lingered	1
lingers	1
linked	3
lips	2
list	5
listen	6
listened	3
listening	1
lit	2
literally	1
littered	1
little	30
live	7
lived	2
lives	1
living	4
loathsome	1
local	1
lock	2
locker	3
lodged	1
log	1
lol	1
loll	1
loneliness	1
lonely	1
long	22
longed	1
longer	6
look	20
looked	44
lookin	1
looking	17
looks	3
loomed	1
loose	1
lorem	1
lose	4
losing	1
loss	2
lost	8
lot	8
lots	1
loud	6
louder	1
loudly	1
lounged	1
love	13
lovebirds	1
loved	5
lovely	2
lovers	1
loves	1
loving	2
lovinglife	12
low	1
lower	1
lowered	1
lucky	3
lunged	1
lungs	3
lurch	1
lust	1
luvs	4
lying	2
mO-ove	1
machine	2
mad	2
made	14
madness	1
magazines	1
magna	3
magnificently	1
main	1
maintained	1
make	24
make-up	1
makes	8
making	5
malesuada	1
malicious	1
maliciously	1
mall	1
man	18
manage	1
managed	3
maneuver	1
maniacal	1
manifested	1
manner	1
mannerisms	1
mansion	1
mansions	1
mantlepiece	1
manwhore	1
many	25
map	1
marble	3
marraige	1
married	2
massa	1
massage	1
masses	1
master	1
match	1
matches	1
matching	1
material	1
matter	7
mattered	1
matters	3
may	8
maybe	8
me	226
meI	1
meadow	1
mean	9
meaness	1
meaning	2
means	2
meant	3
measure	1
mechanical	2
mechanically	1
meek	1
meet	1
melodious	1
melt	2
memories	6
memorized	1
memory	4
men	4
menial	1
ment	1
mentioned	1
mere	1
mess	5
messaged	3
messed	1
messing	1
messy	1
met	8
metal	6
metallic	2
methods	1
microwave	1
mid	1
mid-air	1
mid-dance	1
mid-run	1
middle	5
might	15
mijo	1
milady	1
mile-per-hour	1
miles	2
milimeters	1
million	2
mind	9
mind-twistings	1
minding	1
minds	1
mine	5
mini	1
miniscule	1
minus	1
minute	4
minutes	9
miracle	1
mirror	9
mischevious	2
mismatched	1
miss	2
missed	6
missing	3
mission	1
mistake	1
mistakes	2
mistakes-	1
misunderstanding	1
mixed	1
moan	1
moaning	2
moans	1
mocking	1
mold	1
molded	1
molecular	1
molestie	1
mom	2
moment	11
momentarily	1
momentum	1
mon	1
money	3
monkey	2
monkeys	2
monotonous	1
months	4
moon	5
more	36
morgage	1
morning	8
morphed	1
mortal	4
most	16
mostly	1
mother	9
motion	1
motioned	1
motions	1
mourning	1
mouse	4
mouth	6
move	10
moved	5
movement	1
moves	3
movie	3
moving	6
much	23
muffle	2
multitudes	2
mum	1
mumbled	2
mumbles	1
mumbling	1
murmured	4
murmuring	2
murmurs	1
muscles	1
muscular	1
music	7
musical	1
mussed	1
must	13
mustn	1
musty	1
muttered	3
mutters	1
my	241
myself	15
myselfLike	1
mysterious	1
myth	1
mythology	2
myths	2
n't	56
nOt	1
naive	1
name	18
named	3
names	1
nap	1
napkin	1
nasty	1
natural	1
naturally	2
nature	2
near	2
nearby	2
nearer	1
nearly	5
necessarily	1
necessary-	1
neck	7
necklace	2
necks	1
need	10
needed	8
needle	1
needs	2
negative	1
neighborhood	2
neighbors	3
neither	2
neque	1
nerve	1
nervous	6
nervously	5
never	28
new	21
news	3
newspaper	1
next	14
nibh	2
nice	5
nick	1
nickname	1
night	13
nightIm	1
nine	5
ninth	1
no	48
nobody	3
nod	1
nodded	4
nodding	1
nods	5
noise	4
non	2
none	80
nonetheless	1
nonsense	1
noodles	1
normal	3
normally	1
nose	4
not	83
note	2
notebook	2
notebooks	1
noted	1
notes	6
nothing	28
nothingness	1
notice	4
noticed	4
noticing	1
now	44
nulla	2
number	2
numbered	1
numbers	3
nunc	2
o	3
oak	2
oblige	1
oblivious	1
obscure	1
observant	1
observe	1
observing	1
obvious	1
obviously	1
occasionally	3
occupied	1
occupy	1
odd	2
odio	2
of	414
off	41
off-key	1
offer	1
official	2
oh	5
ok	3
okay	10
old	9
old-fashioned	1
older	2
olds	1
ombra	1
on	171
onTo	1
once	16
once-colorful	1
one	76
ones	2
online	2
onlookers	1
only	41
onto	9
oo	1
open	13
opened	12
opening	4
opens	2
operations	1
opportunity	3
opposite	1
optimistically	1
options	2
or	45
orange	2
orci	2
order	2
ordered	2
orders	2
ordinary	2
organized	1
original	1
ornaments	2
ornare	2
other	27
others	4
our	33
out	136
outburst	1
outfit	1
outgoing	1
outrageously	1
outside	7
over	62
overflowed	1
overhead	1
overheard	1
overpowering	1
overtime	1
overturned	1
overwhelming	1
own	12
owns	1
pace	3
pacing	1
page	5
pages	2
paging	1
paid	1
pain	8
painIn	1
painful	1
paint	1
painted	1
pair	2
paired	1
pairs	2
pal	1
palace	1
pale	1
palms	1
panicked	1
panties	2
pants	2
paper	5
papers	1
paradoxical	1
parallel	1
parenthetical	1
parents	5
park	2
parking	2
part	6
part-robot	1
participate	1
particular	3
parties	1
partly	1
partner	1
parts	2
party	4
pass	1
passed	1
passerby	1
passion	1
past	10
pat	1
path	2
pathetic	1
paths	1
pathway	2
pattern	1
pattern-based	1
paused	1
pay	4
paying	2
peace	1
peanuts	1
pearling	1
peddled	2
pede	2
pen	2
pencil	2
pendant	2
penetrating	1
penguin	2
penguincaptain	7
pennies	1
people	38
people-who-shouldn	1
percent	1
perfect	7
perfecter	1
perfection	1
perfectly	2
perfume	1
perk	1
persistent	1
person	8
personal	2
pestering	1
petitioned	1
pets	1
pharetra	2
phone	2
phones	1
phrase	1
physical	2
physically	1
physics	1
pianista	10
piano	1
pianoman	1
pick	4
picked	10
picking	2
picks	3
picture	2
picturing	1
piece	3
pieces	2
pierced	1
piercing	1
pile	2
piles	1
pillow	2
pillowcase	1
pink	5
pipe	1
pit	1
pitifully	1
pitted	1
pizza	1
place	5
placed	1
places	1
plaid	1
plain	1
plan	2
plane	1
planets	1
planned	1
planning	2
plasters	1
plastic-type	1
plate	1
plausible	1
play	7
played	2
player	2
playground	1
playing	2
plays	2
please	9
pleasure	3
plenty	2
plopped	3
plot	1
plug	2
plugged	1
plumbing	1
plundered	2
plunged	1
plywood	1
pocket	4
pod	2
poem	1
point	1
pointed	3
pointing	1
points	1
poking	1
pole	1
police	1
politely	1
pond	1
ponytail	1
pooch	1
pool	1
poor	3
popcorn	3
popped	1
popping	1
popular	2
porcelain	1
porch	1
porta	1
portals	1
porttitor	1
posed	1
position	1
positioned	1
possessed	1
possessions	1
possible	2
poster	1
posuere	1
potatoes	1
pottery	1
pounded	1
pounding	1
pour	1
pout	1
power	3
powers	2
practically	1
pray	1
prayer	1
praying	1
pre-recorded	1
precious	1
precise	1
predicted	1
prepare	1
prepared	1
present	1
presentable	1
pressed	3
pressure	1
pretend	1
pretended	1
prettiest	2
pretty	6
prevented	1
previously	1
prey	1
preyBefore	1
prick	1
pride	1
print	1
private	1
probably	11
problem	4
problems	2
procedures	1
process	2
professional	1
professionally	1
professor	1
profile	1
programmed	1
programming	3
progressed	1
project	2
promise	1
promises	2
promising	1
promptly	1
proper	1
properly	1
proposal	1
protect	1
protected	1
protector	1
prove	3
proven	1
public	1
puked	1
pull	7
pulled	12
pulling	3
pulls	2
pulvinar	1
pumpkin	2
punched	2
punching	1
pure	1
purest	1
purple	1
purples	1
purr	2
purred	1
push	2
pushed	5
pushing	5
put	11
puts	1
putting	5
quarter	1
quartz	2
queen	1
question	11
questioned	1
questions	5
quick	2
quickly	16
quiet	2
quietI	1
quietly	3
quilt	1
quirky	1
quis	1
quite	7
quote	1
rabbit	1
racing	3
racingDreamingWishingWantingAll	1
racket	1
radio	3
radius	1
rage	1
rail	2
rain	3
rainy	1
raise	1
raised	3
rampaging	1
ran	18
random	1
rang	3
ranted	1
rap	2
rapped	1
rather	3
rats	2
rave	1
raven	1
reach	3
reached	7
reaches	1
reaching	5
react	2
reacted	1
reaction	1
read	4
reading	1
ready	4
real	6
reality	3
realization	3
realize	3
realized	6
realizes	1
really	39
realm	4
reappear	1
reappearing	1
reason	9
reasoning	1
reawakened	1
rebel	1
rebelled	1
rebellious	1
rebuild	1
recall	1
receives	1
recent	1
recieving	1
reckoning	1
recognized	1
recoiled	1
records	2
recruit	1
red	7
redder	1
redhead	1
rediscovering	1
reds	1
reference	1
reflect	2
reflexes	1
refocused	1
refrained	1
refuge	3
regain	1
regarded	1
regret	2
regretted	1
regretting	1
regular	3
reject	1
related	1
relative	1
relax	1
relaxation	1
relaxes	1
release	1
released	1
relief	4
relinquish	1
reluctantly	1
remained	1
remark	1
remember	11
remembered	1
remembering	1
remind	1
reminded	2
repeated	4
replied	10
replies	2
report	1
reporter	1
reprimanded	1
request	1
requests	1
rescue	1
rescuing	1
research	2
resolutely	1
respirator	1
respond	1
responds	1
response	2
rest	6
restaurant	2
restaurants	1
rested	2
restraints	1
retaliated	2
retracted	2
retreat	1
return	3
returned	2
returning	1
reveal	1
reverse	1
rhoncus	2
rhythm	2
rich	1
ride	3
ridiculously	1
right	28
rightly	1
rimmed	1
ring	2
ringing	2
rings	1
ripped	2
ripples	1
rise	2
rises	1
rival	1
river	5
rivers	1
road	5
roads	1
robe	2
robot	3
robotic	2
rock	1
rocket	2
rocking	2
roles	1
roll	6
rolled	1
rolling	1
rolls	3
romance	1
romp	1
roof	1
room	29
room-	1
roommate	3
rooms	1
rope	1
rose	1
rough	2
round	1
route	1
rows	1
royal	2
rub	2
rubbing	3
rude	1
rudely	1
ruin	1
ruined	1
ruins	1
rule	1
rules	2
run	6
rundown	1
running	8
runs	1
rushed	2
rushes	1
rushing	1
russet	1
s	74
sad	2
sadness	3
safe	5
safer	1
sagging	1
said	76
sake	2
salute	1
salvation	1
same	9
sand	2
sandallowing	2
sapien	2
sat	13
satisfaction	1
saved	1
saves	1
saving	2
saw	19
say	43
sayin	1
saying	3
says	24
scampers	1
scare	2
scared	6
scares	1
scarf	1
scaring	1
scarring	1
scene	4
scenery	1
scenes	1
scent	1
schedule	1
school	25
schoolwork	1
science	1
scissors	1
scooping	1
scrap	1
scrapes	1
scratched	2
scratching	1
scrawling	1
scream	1
screamed	3
screaming	4
screams	1
screech	1
screen	6
scribbled	1
scruff	1
scrunched	1
scurried	2
sea	1
seamless	1
search	3
searched	1
seat	3
seats	1
sec	1
second	7
seconds	1
secretive	2
secrets	1
section	2
secure	1
sed	2
see	37
seeds	1
seeing	4
seem	4
seemed	13
seeming	1
seems	1
seen	8
seep	1
seeps	1
sees	1
select	1
self	1
sem	1
semblance	1
send	2
sending	1
sense	5
senses	1
sensitive	1
sent	4
sentences	2
separated	1
seperate	2
sequel	5
sequeled	2
serenity	1
series	1
serious	1
servant	1
set	7
setting	2
settled	3
seven	1
several	3
shadowSitting	1
shadows	4
shake	4
shakes	2
shaking	1
shaky	1
shall	1
shallow	1
shame	1
shameYou	1
shape	3
share	2
sharp	3
sharply	2
she	150
sheepish	1
sheepishly	2
shell	1
shelter	1
shift	1
shifted	1
shifting	1
shifts	1
shimmer	1
shine	2
shiny	1
shirt	3
shivered	1
shivering	1
shivers	1
shock	3
shocked	2
shoes	3
shook	6
shooting	1
shop	1
shopping	2
shore	4
short	3
shot	2
should	21
shoulder	8
shoulders	7
shouldn	2
shouted	3
shoves	1
show	9
showed	2
shower	1
showing	1
shows	2
shrank	2
shreds	1
shriek	1
shrieked	1
shriveled	2
shrugged	2
shrugging	1
shrugs	1
shuffle	1
shuffles	1
shut	6
side	14
side-effect	1
sidelong	1
sidewalk	2
sift	1
sigh	2
sighed	5
sighs	1
sight	3
sign	1
signs	1
silence	7
silent	1
silently	5
silhouette	1
silver	1
similar	2
simply	3
simulated	1
simultaneously	1
sin	1
sinKnowing	1
since	9
sing	2
singing	5
singular	1
sir	1
siren	1
sista	1
sister	4
sit	10
sitting	11
situation	2
six	3
sixteen	1
sixty	1
size	4
skidded	1
skill	1
skin	5
skipped	1
skirt	3
skirts	1
sky	3
skyline	1
slack	1
slamming	2
slams	1
slavery	1
sleep	3
sleeping	3
slept	1
slice	1
slick	1
slid	1
sliding	3
slightest	1
slime	1
slinging	1
slip	1
slipping	1
sliver	1
sloppily	1
slow	1
slowed	1
slower	1
slowly	7
slumped	1
sly	3
small	9
smarty	1
smell	2
smelling	1
smile	19
smiled	10
smiles	3
smiling	4
smirk	1
smirked	1
smoke	1
smoked	1
smoking	1
smoldering	1
smooth	1
smoothing	1
smoothly	1
snake	1
snap	1
snapped	4
snapping	2
snaps	3
snarled	1
snarling	1
snatches	1
sneaking	1
sneered	2
sniffles	2
snippets	1
snips	1
snooty	1
snore	1
snorted	1
snow	2
snow-fall	1
snow-man	1
snowflakes	1
snowing	1
snuck	1
so	78
soaking	1
soap	1
soapy	1
sobbing	1
sobs	1
soda	2
soft	7
softly	5
soiled	1
soldier	1
soles	1
solution	1
some	26
somebody	5
somehow	2
someone	8
something	34
sometimes	1
somewhere	4
son	5
song	9
soon	13
soothing	1
sorry	11
sort	7
sorted	1
soul	2
souls	1
sound	7
sounded	4
soundless	1
sounds	3
sour-faced	1
source	1
sources	1
south	1
space	2
spaceship	2
sparing	1
spark	1
sparked	1
sparkle	1
sparkling	1
sparrow	1
speak	1
speaking	1
special	1
sped	2
speed	4
speggetti	1
spell	1
spend	1
spending	2
spent	2
spill	1
spin	2
spinAddiction	1
spine	2
spinning	2
spiral	1
spirits	1
splashing	2
splendid	1
splinted	1
splintering	1
split	1
splutters	1
spoil	1
spoke	4
spot	4
spouting	1
sprawling	1
spread	1
spun	3
square	1
squeals	1
squeezes	1
stages	1
stain	2
stained	2
stains	1
stairs	5
stake	2
stalks	1
stammering	1
stand	3
stand-up	1
standing	6
stands	4
stanford	1
star	1
stare	4
stared	5
stares	3
staring	4
stark	1
stars	2
start	7
started	14
starting	5
startled	1
startling	1
startlingly	1
starts	2
state	1
stated	1
statement	1
station	3
status	2
stay	7
stayed	4
staying	1
steal	1
stealth	5
step	4
stepped	8
stepping	1
steps	2
stereo	1
sternly	1
stick	1
sticking	2
sticks	1
stiffen	1
stifle	1
stifling	1
still	29
stimulate	1
stinking	1
stock	1
stomach	7
stone	4
stones	1
stood	15
stop	13
stopped	9
stopping	1
stops	3
store	2
stories	5
storm	2
stormed	1
storming	1
story	23
straddled	1
straight	1
straightener	2
straightening	1
straighter	1
strands	1
strange	5
strap	1
straps	1
straw-hair	1
streamed	1
streaming	1
street	1
streets	1
strength	1
stretch	1
stretched	2
strict	1
strider	1
strikeMy	1
string	1
stripped	1
strived	1
strode	4
stroked	1
strolled	1
strong	3
struck	1
struggled	1
struggling	1
strung	1
strutting	1
stubborn	1
stuck	1
student	1
student-council	1
students	1
studied	1
studying	1
stuff	5
stumped	1
stung	1
stunned	1
stupid	4
stylish	2
subject	1
substitute	1
subtle	1
sucessful	1
such	8
suck	1
sucked	1
sudden	2
suddenly	11
suddenly-	1
suffer	2
suffering	1
suggest	1
suggested	1
suggestive	1
suit	1
suitcases	1
suited	1
sun	6
sun-rise	1
sunlight	1
sunny	2
sunset	1
super	1
supervised	1
supported	1
suppose	1
supposed	5
sure	25
surely	2
surface	1
surfaces	1
surprise	3
surprised	3
surrounded	4
surroundings	1
surveying	1
survive	1
survived	2
suspect	1
suspected	2
suspiciously	1
swam	1
swatted	1
swear	1
sweat	1
sweeping	1
sweet	2
sweetest	3
sweetly	2
swept	1
swiftly	1
swimming	1
swing	3
swinging	1
swirling	1
switch	2
switchblade	2
switching	1
swung	1
sydney	2
system	4
t	182
t-care	1
t-shirt	2
table	7
tables	1
tag	1
tagged	13
tags	5
tai	1
take	7
taken	1
takes	3
taking	11
tale	1
talents	3
tales	1
talk	10
talked	5
talking	7
talks	1
tall	3
tan	1
tangled	1
tank	1
tape	2
tapestry	1
tapped	1
tapping	2
taught	1
taunting	1
tcha	1
teacher	4
teachers	2
teaching	1
tear	2
tears	9
teased	2
teases	2
technical	1
teenager	2
teenagers	1
teeth	3
tell	20
telling	1
temper	1
tempermental	2
tempted	2
ten	2
tentatively	1
tenured	1
term	1
terrible	2
terribly	1
terrified	2
terrifying	1
testifying	1
tests	3
text	1
textual	1
than	23
thank	1
thanked	1
thankfull	1
thankfully	1
thanks	4
that	191
the	967
theater	1
their	36
them	43
them-	1
themoon	2
themselves	5
then	50
theoretical	2
theories	2
there	50
these	12
thesis	3
they	62
thick	2
thighs	1
thin	1
thing	19
things	22
think	39
thinking	5
thinks	2
third	3
thirties	1
thirty	2
this	57
this-	1
thornbushes	1
those	10
thoses	1
though	11
thought	28
thoughts	6
thousand	1
threads	1
threadsAnd	1
threat	1
threaten	1
threatening	1
three	11
thrilled	1
throat	4
throbbed	1
throne	1
through	34
throw	2
throwing	1
throws	1
thrust	1
thugs	2
thumb	2
thump	1
tick	1
ticket	1
tickets	2
ticking	1
tickle	1
tie	1
tight	3
tightened	2
tightly	1
tile	1
tiles	1
time	39
timeThen	1
times	6
time—not	1
tincidunt	1
tipping	1
tips	1
tired	6
to	604
to-	1
today	11
together	10
told	15
told-ya-so	1
tomorrow	4
tomorrows	1
ton	1
tone	2
tongue	2
tonight	1
too	31
took	13
tools	1
top	13
tore	1
torrent	1
torso	1
tossed	3
total	1
totally	5
touch	6
touched	1
touching	3
toughened	1
tougher	1
tow	1
toward	6
towards	7
towel	1
tower	1
town	6
trail	1
trails	1
train	3
trainer	2
trait	1
trampling	1
trapped	1
travel	1
traveled	2
traveling	2
treachery	1
treat	3
treatise	1
tree	13
trees	1
trembled	1
trendy	1
trepidation	1
trials	1
trick	2
tricks	1
tried	8
tries	1
tripped	1
tristique	1
trouble	1
truck	1
true	2
trump	1
trust	1
trusted	2
trusty	1
truth	2
try	6
trying	19
tubes	1
tucked	1
tugged	2
tuning	1
turbulent	1
turn	6
turned	18
turning	2
turns	1
turpis	1
twelve	1
twenty	2
twenty-two	2
twigs	1
twins	1
twirling	1
twist	3
twisted	1
twisting	2
two	30
type	2
u	1
ugly	2
uh	2
uhhhhhhh	1
ullamcorper	2
um	5
un	1
un-delighted	1
unattainableYet	1
unbearable	1
unbroken	1
uncertainly	1
uncomfortable	1
uncovers	1
under	9
underneath	3
understand	4
understanding	2
understands	1
understood	3
undid	1
undies	2
undoubtably	1
unexpected	1
unfathomable	1
unimportant	1
unique	1
unison	1
united	2
universe	1
unlatched	1
unless	2
unlikely	1
unpopular	1
unpredictable	1
unpreventable	1
unravel	1
unsuccessful	1
until	11
unusual	1
up	125
upon	5
upright	1
upstairs	4
upswept	1
upward	1
urging	1
urna	1
us	24
use	4
used	5
useful	2
uselessly	1
ushers	1
using	3
usual	1
usually	3
uttered	1
utterly	3
vacation	1
vacuum	1
vainly	1
valor	1
value	1
vanity	1
various	3
vast	1
veered	3
veering	1
vegetables	1
vehicula	1
vel	1
velit	3
venenatis	1
ventured	1
verbal	1
version	2
very	23
vg	1
vial	1
vibrant	1
vibrated	1
vibration	1
video	1
vie	1
view	2
views	1
village	1
violently	2
viper	1
virtue	2
visit	1
vitae	2
viverra	1
vocal	1
voice	26
voices	3
volumes	1
volunteer	1
volutpat	2
waddled	1
waist	4
wait	2
waited	1
waiter	2
waiting	6
wake	2
walk	13
walked	21
walking	7
walks	4
wall	8
wallet	1
walls	5
wander	1
wane	1
wanna	3
want	29
wanted	15
wanting	2
wants	1
war	2
warbling	1
warily	1
warm	5
warmth	2
warn	1
warning	1
was	360
washing	1
wasn	21
wasnt	2
wasps	1
waste	1
wasted	1
watch	2
watched	4
watches	1
watching	10
water	14
waters	1
wave	1
waved	1
wax	1
way	28
wayThat	1
ways	1
we	62
wealthy	1
wear	2
wearing	5
weather	1
weaving	1
website	2
wedding	1
week	2
weeks	5
weight	2
weird	10
weirdos	1
welcome	1
welcomed	1
well	13
well-loved	2
welling	1
went	17
were	72
weren	4
westward	1
wet	2
wetness	1
what	69
whatever-it-was	1
wheedling	1
wheel	1
when	48
whenever	2
where	37
which	13
while	12
whimpered	2
whir	1
whirring	1
whiskey	1
whisper	2
whispered	3
whispering	1
white	8
whites	1
who	37
whoever	1
whole	13
whooping	1
why	20
wich	2
wide	3
widened	1
widening	2
wider	1
wife	5
wildly	1
will	33
willed	1
willingly	1
win	4
wince	1
wind	11
winding	1
window	6
windows	7
window—	1
winds	1
wing	1
winged	1
wings	4
wingspan	1
winked	1
winking	1
winner	2
winter	4
wiped	2
wiping	3
wiser	1
wish	8
wishing	1
with	153
withdrawls	1
withdrew	1
within	5
without	3
wits	1
wo	2
woke	3
woman	10
won	11
wonder	3
wondered	2
wonderful	4
wondering	1
wont	2
wood	1
woods	5
woozy	1
word	3
words	5
wore	2
work	4
workable	1
worked	5
workers	1
working	3
workmen	1
world	10
worn	2
worriedly	1
worry	6
worrying	1
worse	1
worst	2
worth	2
would	47
woulda	1
wouldn	7
wound	1
wrap	3
wraping	1
wrapped	2
wraps	1
wring	1
wrist	1
write	4
writer	1
writers	2
writing	8
written	5
wrong	14
wrote	1
wry	1
wuite	1
ya	5
yahoo	1
yanked	1
yard	1
yards	1
ye	1
yeah	4
year	11
yearbook	1
yearn	1
years	6
yeeeaaaaaahh	1
yell	2
yelled	6
yelling	1
yellow	1
yells	3
yes	5
yesterday	1
yet	9
you	288
you-	1
youIn	1
youMake	1
young	3
youngest	1
your	87
yours	3
yourself	6
youth	3
youths	1
zeal	1
~	2
¦	22
©	1
˜	2
–	10
‘	9
’	296
“	365
”	380
