!	1
$	16
&	2
'll	15
're	2
's	13
(	152
)	152
,	1587
-	19
.	1321
/	4
000	21
020	1
064	1
095	1
1	10
10	29
100	3
1000	1
109	1
1099	1
11	2
1108	1
113	3
1150	1
116	1
1187	1
12	5
120-passenger	1
1200	1
1204	1
122	1
1228	1
1229	1
1234	2
1244	1
1279	1
13	2
1300	1
1309	1
1368	1
1380	1
14	2
140	1
1453	1
1480	1
149	1
14th	1
15	4
150	3
1500	2
1513	1
1517	1
1522	1
1524	1
1557	1
1566	1
1576	1
1580	1
16	3
1622	1
1644	1
165	1
167	1
17	4
1715	1
1770	1
1774	1
1783	1
17th	3
17th-century	1
18	3
18-hole	1
1800	1
1821	1
1829	1
1835	1
1844	2
1847	1
1849	1
1855	1
1858	1
1860	1
1865	2
1866	1
1870	1
1874	1
1888	1
1890	1
19	5
1903	1
1904	2
1905	3
1906	1
1909	1
191	1
1912	1
1915	1
1917	3
1920	1
1922	1
1923	1
1925	1
1926	1
1930	1
1931	3
1933	1
1935	2
1940	2
1941	1
1943	1
1945	2
1946	2
1947	2
1948	1
1949	2
1950	1
1952	1
1957	1
1958	1
1960	2
1966	1
1967	2
1970	1
1974	1
1975	1
1982	1
1990	1
1990s	2
1995	1
1997	1
1998	1
1999	3
19th	5
19th-century	1
2	11
20	5
200	5
2000	2
2001	1
2058	1
20th	1
21	3
2180	1
22	2
220	1
221	1
23	2
230	1
2317	1
235	1
23rd	1
24	3
24-hectare	1
244	1
247	1
25	5
250	1
2508	1
2525	1
2542	1
2570	1
260	1
268	1
2700	2
2812	1
2817	1
2832	1
2859	1
288	1
29	1
2987	1
3	7
30	13
30-ft	1
30-year-long	1
300	2
3000	3
305	1
3081	1
31	1
32	2
326	1
330	1
332	1
3333	1
336	1
34	2
35	1
3500	1
36	1
37	1
398	1
4	6
40	4
400	2
4000	1
401	1
423	1
43-mile	1
431	1
45	3
45-minute	1
450	1
454	1
47	1
475	1
480	1
490	1
5	12
50	4
500	1
5000	1
515	1
52-story	1
539	1
54	2
55	4
587	1
6	21
60	3
60-acre	1
600	1
614	1
6168	1
627	1
629	1
63	1
638	1
640	1
65	1
66	3
68	2
69-km	1
691	1
7	7
70	4
700	1
7000	1
701	1
7070	1
71	1
715	1
72	4
7273	1
74-story	1
75	1
76	1
77	1
776	1
7777	1
78	1
8	5
80	5
800	2
810	1
8188	1
82	1
83	1
8350	1
86	1
88	2
89	1
9	7
9-hole	1
92	1
934	1
94	1
95	1
957	1
960	2
97	1
98	1
99	1
:	36
;	103
?	2
A	27
A-Ma	3
Abbey	1
Aberdeen	3
About	1
Abraham	2
Academy	3
According	2
Across	4
Actually	1
Additional	2
Additionally	2
Adjacent	3
Administrative	1
Admiralty	1
Aegean	22
Aelia	2
Aerial	1
Africa	2
African	1
After	6
Age	5
Ages	1
Agular	1
Air	1
Airfields	1
Akrotiri	3
Aksa	1
Aladdin	2
Albert	2
Alexander	4
All	1
Almei­da	1
Almost	1
Along	4
Alongside	1
Also	4
Alternatively	1
Although	7
Alvares	1
Always	2
Amah	1
America	4
American	5
Amizade	1
Among	2
An	9
Anasazi	5
Anatolia	1
Ancestral	2
And	6
Andreas	1
Andros	1
Angeles	4
Angeles–	2
Anglican	1
Another	2
Antiparos	2
Antiques	2
Antonia	1
Antony	1
Ap	1
Aphrodite	1
Appeal	1
April	4
Arab	5
Arabic	2
Arabs	1
Archaeologists	1
Archaeology	1
Archaic	1
Archaics	2
Archibald	1
Archilochos	1
Area	1
Areas	1
Ark	2
Armenian	1
Around	5
Arriving	2
Art	8
Arts	8
As	14
Ashley	1
Asia	9
Asian	3
Ask	3
Aspirations	1
Association	2
Assyrian	1
At	14
Ataturk	1
Athenian	1
Athens	12
Atherton	1
Athletic	1
Audio	1
August	2
Aussie	1
Austin	1
Australia	1
Australian	1
Authority	2
Avenida	4
Avenue	1
Aw	2
B	1
Babylon	2
Babylonian	1
Balfour	1
Balkans	1
Ballet	1
Balm	2
Bananas	1
Bank	3
Banyan	1
Bar	3
Bargain	1
Baroque	1
Baroque-style	1
Barra	1
Barrier	1
Bars	1
Base	1
Basic	1
Basque	1
Battery	1
Bay	29
Be	3
Beach	3
Beaches	1
Because	3
Beckett	2
Before	5
Behind	1
Beijing	2
Believe	1
Bellagio	3
Beneath	1
Benjamin	1
Bestowed	1
Beth	1
Better	1
Beware	1
Beyond	1
Bible	5
Biblical	1
Big	3
Bird	1
Birds	1
Bishop	1
Black	1
Block	2
Bloom	1
Blue	1
Board	1
Bob	1
Bonham	3
Book	1
Boon	2
Botanical	1
Both	4
Bouillon	1
Boulder	1
Boundary	4
Bowen	1
Brazil	1
Bridge	1
Bridges	1
Brief	2
Brigham	1
British	11
Brocades	1
Bronze	3
Browsing	1
Buddha	6
Buddhas	1
Buddhist	5
Bugsy	1
Building	7
Buildings	1
Built	1
Bun	2
Businesses	1
But	16
Buy	1
Buyer	1
By	7
Byzantine	6
Byzantines	1
Byzantium	2
C	1
CDs	1
CHKC	2
CRC	1
Cafe	1
Caine	1
California	2
Camera	1
Cameras	1
Cameron	1
Camões	3
Canaanite	2
Canals	1
Cani­drome	1
Canton	9
Cantonese	5
Cantonese-speaking	1
Capital	1
Capitolina	2
Captivity	1
Caravan	1
Carpets	1
Carthage	1
Casa	1
Casino	1
Castaways	1
Castle	3
Castletown	1
Cat	4
Cathedral	1
Cathe­dral	1
Causeway	13
Celtic	1
Cemetery	1
Center	4
Central	22
Centre	6
Century	2
Cerco	1
Chai	11
Chaim	1
Chapel	2
Chater	1
Chatham	2
Chau	8
Chek	1
Chen	2
Cheng	1
Cheoc	1
Cheung	8
Chi	1
Children	2
China	49
Chinese	58
Chinese-product	1
Ching	1
Chios	5
Christ	1
Christendom	1
Christian	10
Christianity	3
Christians	4
Chung	4
Church	1
Ci	1
Cidade	1
Citibus	1
City	22
Clan	1
Clans	1
Clark	1
Classical	2
Classical-style	1
Cleopatra	1
Cleverly	1
Closer	1
Clothes	1
Club	10
Co	1
Coast	2
Coffee	1
Colares	1
Coliseum	1
College	2
Coloane	3
Colonels	1
Colony	1
Colorado	2
Col­­o­n­na­­ded	1
Come	1
Coming	2
Commodities	1
Common	1
Commonwealth	1
Communist	1
Company	7
Compare	1
Computer	1
Confucian	2
Connaught	2
Constantine	2
Constantinople	3
Constructed	1
Construction	1
Consulate	1
Consumer	1
Contact	1
Contemporary	1
Continuing	2
Control	1
Convention	1
Coronel	1
Cotton	1
Council	1
Country	1
Countryside	1
County	1
Court	1
Cove	1
Covenant	1
Coward	1
Crafts	1
Crawford	1
Crete	3
Cricket	2
Crown	1
Crusade	1
Crusader	3
Crusaders	3
Crusades	1
Cuisine	1
Cultural	5
Culture	4
Cup	1
Custom-made	1
Cyber	1
Cyclades	5
Cycladic	2
Cyrano	1
D	2
DART	1
Dai-	1
Dam	6
Damascus	1
Dance	3
Dave	1
David	8
Davidic	1
Davis	1
Day	2
Dean	1
Decatur	1
December	1
Declaration	1
Dedication	1
Deep	3
Delaney	1
Delian	1
Delos	4
Department	3
Departures	1
Des	1
Desert	2
Despite	4
Deus	1
Diary	1
Dining	1
Directly	1
Directory	1
Discovery	3
Disease	1
District	3
Do	1
Dodecanese	6
Dogs	1
Dollymount	1
Dolphin	1
Dome	2
Dorians	1
Down	1
Downtown	2
Dr	3
Drink	1
Drive	1
Dublin	29
Dubliner	1
Dubliners	1
Dunes	1
During	6
Dutch	2
Dynasty	4
Dyna­sty	1
Dão	1
EU	1
Early	1
East	18
Easter	1
Eastern	2
East–	1
Economic	2
Edward	2
Edwardian	3
Egypt	4
Egyptian	2
El	1
El-	1
Electronics	2
Elgin	1
Elizabeth	2
Emerging	1
Emperor	4
Empire	15
English	5
English-language	2
Englishmen	1
Enjoying	1
Enlai	1
Entertainment	3
Entrance	1
Entry	1
Equipment	2
Escalator	1
Establishments	1
Eurasia	1
Europe	4
European	13
European-style	1
Europeans	1
Even	1
Ever	1
Every	2
Everything	1
Exam­inations	1
Excalibur	1
Excelsior	1
Exchange	1
Exciting	1
Excursion	4
Exhibition	1
Exhibits	1
Explorer	1
Export	1
F	1
Fabrics	1
Factories	1
Factory	3
Fair	3
Family	1
Fanling	3
Far	1
Farther	6
Fat	1
Fate	1
Feast	1
February	2
Ferries	1
Ferry	10
Festival	5
Few	1
Film	1
Films	1
Final	1
Finally	2
First	1
Fish	1
Five	2
Flagstaff	1
Flamingo	3
Flanked	1
Flower	2
Folk	2
Following	3
Folly	1
Fong	2
Food	1
For	19
Force	1
Fortress	2
Foshan	5
Fossils	1
Foster	1
Fountains	1
Four	2
Francis	1
Frank	2
Frederick	1
Free	2
Freely	1
Fremont	2
French	1
Friday	3
Friday–	1
Friendship	1
Frin	1
Fringe	1
From	13
Frontier	1
Fu	2
Fung	1
Furniture	1
Galilee	5
Galleria	1
Gallery	1
Gambling	2
Gaming	1
Garden	8
Gardens	3
Gass	5
Gate	4
Gau	1
Geldof	1
General	2
Genesis	1
Genoese	3
Georgian	1
Germans	2
Germany	1
Gihon	1
Gloucester	2
Go	3
God	2
Godfrey	2
Golden	3
Golf	5
Golgotha	1
Good	2
Goods	1
Gourmets	1
Government	6
Graffiti	1
Grafton	1
Grand	4
Grande	1
Great	5
Greece	14
Greek	22
Greek-ruled	1
Greeks	2
Green	4
Gregory	1
Grotto	1
Growth	1
Guangdong	1
Guangzhou	24
Guards	1
Guide	2
Guided	1
Gun	1
Gunnery	1
HK	13
HKTA	7
HOllywood	1
Habitation	1
Hac	1
Hadrian	1
Hai	1
Hakka	2
Half	1
Hall	7
Han	3
Handover	1
Hang	2
Hanukkah	1
Happy	3
Harbor	4
Harbour	3
Harlech	1
Hasmonean	2
Hasmoneans	1
Hau	6
Haw	2
Hazor	1
He	6
Heart	1
Heaven	2
Heavens	2
Hebrew	2
Helen	3
Helena	1
Hellenistic	5
Help	1
Henderson	1
Hennessy	1
Henrique	1
Here	3
Heritage	2
Herod	6
Herodian	1
Herzl	2
Hezekiah	1
Highway	2
Hiking	1
Hilton	1
Hing	4
His	3
Historically	1
History	5
Hoi	1
Hollywood	12
Holy	8
Hom	1
Homer	2
Honeychurch	1
Hong	167
Hongkong	1
Hoover	4
Horseracing	2
Hospital	1
Hotel	4
Hotels	1
House	9
Howard	1
However	12
Huaisheng	1
Hughes	7
Hung	2
Hyatt	1
I	5
I.M.	1
II	7
IMAX	1
IV	1
Iam	1
Iberian	1
Idumea	1
Ieoc	1
If	13
Iliad	1
Imperial	1
Imported	1
In	51
Independence	1
India	1
Indians	2
Industrial	2
Inevitably	1
Infante	1
Inflation	1
Inland	1
Inn	2
Inside	1
Institute	4
International	2
Iran	1
Ireland	4
Irish	7
Isaac	1
Islam	2
Islamic	4
Island	19
Islands	11
Israel	5
Israeli	4
Israelite	1
Israelites	1
Istanbul	1
It	33
Italian	1
Italians	1
Italy	1
Its	5
Jack	1
Jade	3
Jaffa	2
Jaffe	1
Jai-alai	1
James	2
January	2
Japan	2
Japanese	7
Jardine	3
Jazz	2
Jebusites	1
Jerusalem	56
Jesuit	1
Jesuits	1
Jesus	8
Jetfoils	1
Jewellery	1
Jewelry	1
Jewish	17
Jews	10
Jia	1
Jockey	2
Joe	1
Joey	1
Jogging	1
John	6
Jones	1
Jordan	2
Jordanian	1
Jorge	1
Joseph	2
Joyce	2
Jr	2
Judah	3
Judaism	1
Judea	3
July	1
June	3
Jupiter	1
Just	6
KCR	3
Kam	1
Kansu	2
Kat	2
Kelly	1
Kemal	1
Keno	1
Kid	1
Killiney	1
King	6
Kingdom	3
Kingdoms	1
Kings	1
Kitchen	1
Knights	2
Knowle­dgeable	1
Knowth	1
Ko	1
Kochba	1
Kok	2
Kollek	1
Kong	167
Koon	1
Koran	1
Kos	1
Kowloon	20
Kowloon-	2
Kowloon–	1
Kun	2
Kung	3
Kwai	4
Kwu	1
LA	1
La	2
Ladder	1
Lake	7
Lamma	7
Lan	2
Land	4
Lane	3
Lantau	13
Lap	1
Large	1
Larger	1
Largo	1
Las	61
Lascar	1
Last	2
Later	2
Latin	1
Law	1
Lawford	1
League	3
Leal	1
Leather	2
Lebanon	1
Lee	1
Legend	1
Legislative	1
Legitimacy	1
Lei	2
Leopold	1
Lesvos	3
Levels	1
Life	1
Liffey	4
Like	1
Lim	1
Lin	1
Ling	1
Linking	1
Lion	1
Lisboa	1
Literally	1
Literature	1
Liu	2
Lo	4
Local	2
Locally	1
Lok	1
Long	1
Look	3
Los	6
Lou	1
Louis	1
Lounge	1
Lover	1
Low	2
Lower	2
Loyal	2
Ltd	1
Luard	1
Luck	2
Lucky	1
Lugard	1
Luhu	1
Lusíadas	1
Luxor	1
Luís	1
Lygdamis	1
Lyndhurst	1
M	1
MGM	1
MTR	3
Ma	4
MacLehose	1
Macabbees	1
Macanese	3
Macau	53
Macau-	1
Maccabee	2
Macedon	1
Macedonia	2
Mad	1
Madeira	1
Mafia	1
Magnesium	1
Magnificent	1
Maiden	2
Mailmen	1
Main	1
Major	1
Malahide	1
Malls	1
Mameluke	2
Mamelukes	1
Man	7
Mandalay	1
Mandarian	1
Mandarin	2
Mandate	1
Many	11
Mao	1
Maps	1
Marathon	1
March	1
Marco	1
Marine	1
Maritime	1
Mark	1
Market	12
Markets	2
Marks	1
Martin	1
Mary	1
Mar­ket	1
Masada	1
Massive	1
Matheson	1
Matthew	1
May	3
Mead	1
Mecca	2
Medical	1
Medina	1
Mediterranean	7
Medit­er­ranean	1
Megiddo	1
Melchzedik	1
Membership	1
Memorial	2
Merrion	1
Mesopotamia	1
Mesquita	1
Messiah	1
Mexican	1
Miao	1
Mid-	1
Mid-Levels	3
Middle	5
Mile	1
Milos	2
Ming	1
Minoan	2
Minoans	1
Minor	4
Mirage	3
Mirs	1
Mission	1
Mithradates	1
Mitsukoshi	1
Mo	4
Mobsters	1
Modern	4
Modernism	1
Monastery	2
Monday	5
Monday–	2
Mongol	1
Monte	1
Moon	2
More	7
Moriah	2
Mormon	3
Mormons	2
Morning	1
Morrison	1
Mosque	2
Most	4
Mount	8
Mountains	2
Movement	1
Mt	2
Much	2
Muhammad	1
Mui	1
Mun	3
Museu	1
Museum	18
Music	1
Musical	1
Muslim	5
Muslims	5
Mussolini	1
Mus­eum	1
Mycenaeans	3
Myceneans	1
Mysteriously	1
NATO	1
NULL	99
Naked	1
Name	1
Natau	1
Nathan	11
National	2
Nations	3
Nature	1
Naxos	4
Nazareth	1
Near	1
Nearby	4
Nebuchadnezzar	1
Ned	1
Needless	1
Negev	1
Nellis	1
Nestorian	1
Nevada	5
New	30
Newgrange	1
Newton	1
Next	3
Night	2
Nightlife	2
No	3
Nobel	1
Noel	1
None	1
Noonday	1
Norman	1
North	2
Northern	1
Not	5
Note	7
November	2
Now	1
Nugget	1
Nuttgens	1
O	2
O'Connell	2
Obsidian	1
Ocean	6
Oceanarium	1
Octavius	1
October	2
Odyssey	1
Of	2
Off	1
Office	3
Offices	1
Official	1
Old	6
Olympic	1
Omnimax	1
On	14
One	6
One-third	1
Only	1
Opera	1
Opposite	2
Orchestra	2
Organized	1
Oriental	1
Originally	1
Orthodox	2
Os	1
Other	3
Others	1
Ottoman	9
Ottomans	4
Outlets	1
Outside	1
Over	1
Overjoy	1
Pacific	6
Pack	2
Packages	1
Packers	1
Pagoda	3
Pai	1
Paiutes	3
Pak	1
Palace	2
Palestine	5
Palestinian	1
Palestinians	1
Papandreou	1
Park	13
Parnell	1
Paros	3
Part	1
Participant	1
Particularly	1
Party	1
Passengers	1
Passover	2
Path	1
Pathological	1
Patmos	2
Paul	2
Paulo	1
Pavilion	1
Pay	1
Peak	17
Pearl	3
Peasant	1
Peasantry	1
Pedder	2
Pedicabs	1
Pedro	1
Pei	2
Peking	1
Peloponnese	1
Peninsula	4
People	3
Performance	1
Performing	4
Perhaps	2
Periods	1
Persian	5
Persians	3
Peter	1
Philharmonic	1
Philip	1
Phoenicia	1
Phoenicians	2
Phoenix	1
Photo	2
Photos	1
Pick	1
Pilgrims	1
Pines	1
Ping	3
Place	5
Plain	1
Players	1
Plaza	2
Plover	1
Po	5
Political	1
Politically	1
Polycrates	1
Pompey	1
Pope	1
Popular	1
Porcelain	4
Portas	1
Portugal	8
Portuguese	13
Post	3
Powerscourt	1
Praia	1
Praya	1
Prehistoric	1
Price	1
Prices	1
Prima	1
Prince	1
Private	1
Prix	1
Prize	1
Problem	1
Promenade	1
Prophet	2
Prophets	1
Prosperity	2
Protestant	2
Providing	1
Province	1
Ptolemies	1
Ptolomeys	1
Publications	1
Pubs	1
Puppet	1
Qing	2
Quarter	1
Queen	6
Queensway	2
Quiet	1
RMB	1
Racecourse	2
Rafael	1
Railroad	1
Railway	3
Rams	1
Ranch	4
Rancho	1
Rapid	1
Rat	3
Rattan	1
Ready-to-wear	1
Real	1
Rebuilt	1
Recent	1
Red	2
Regency	1
Region	1
Religion	1
Repertory	1
Republic	3
Repulse	3
Revelation	1
Revolution	3
Rhodes	1
Ribeiro	1
Rick	1
Ripley	1
Rise	1
Rising	1
River	6
Rivera	1
Riviera	1
Road	44
Robert	1
Rock	7
Roman	19
Romance	1
Romans	1
Rome	5
Row	1
Royal	3
Rua	1
Rugby	2
Rugs	1
Russia	2
Russian	1
SOuth	1
Sa	1
Sacred	1
Sahara	1
Sai	3
Sailing	1
Saladin	1
Salamis	1
Salem	1
Salisbury	1
Salt	5
Sam	1
Sammy	1
Samos	4
San	2
Sands	4
Sandymount	1
Santiago	1
Santorini	2
Sanudo	1
Sappho	1
Saracen	1
Saturday	4
Saturdays	1
Sat­ur­day	1
Scholars	1
School	1
Science	1
Sciences	1
Scientific	1
Scien­ce	1
Sculpture	1
Sea	4
Seac	1
Seasons	1
Seattle	1
Second	1
Seibu	1
Seleucid	1
Seleucids	1
Semitic	1
Senado	2
Senate	2
Seng	1
Sennacherib	1
September	2
September-to-	1
Series	1
Servicemen	1
Set	1
Sevens	1
Several	3
Sha	23
Shaft	1
Shalim	3
Sham	1
Shamian	1
Shan	3
Shanghai	1
Shangri-	2
Shaw	1
She	1
Shean	1
Shechem	2
Shek	2
Shekou	2
Shenzhen	9
Sheraton	1
Sheung	2
Shing	3
Shipping	1
Shop	2
Shopping	7
Shops	2
Shows	1
Shue	2
Shui	3
Shun	1
Side	1
Siegel	4
Sights	3
Sightseeing	1
Signs	1
Silent	1
Silk	1
Silks	1
Silver	1
Silvermine	3
Simon	1
Sinai	1
Sinatra	2
Since	4
Sing	1
Sir	1
Site	1
Siu	1
Six	2
Sixth	1
Sky	1
Slipper	1
Small	1
So	2
Sobo	1
Soho	2
Sok	1
Solomon	5
Some	4
Song	1
South	6
Southern	1
Space	4
Spain	1
Spanish	2
Sparta	1
Special	3
Specialty	1
Spectator	1
Spencer	1
Splendid	1
Spode	1
Sporades	1
Sport	1
Sports	3
Spring	1
Springs	1
Square	5
St	11
Stadium	1
Stand	1
Standard	1
Standing	1
Stanley	6
Star	10
Starbuck	1
State	1
States	3
Station	3
Statue	2
Stauton	1
Stephen	2
Steve	2
Stewart	6
Still	2
Stone	1
Store	1
Stores	2
Strand	1
Street	21
Strip	4
Studies	1
Studio	1
Suleiman	2
Summerlin	1
Summit	1
Sun	3
Sunday	7
Sundays	1
Sung	1
Surprises	1
Surrounded	2
Suzy	1
Syndicate	1
Syrian	1
São	1
T	1
TOTT	1
Tablets	1
Tai	11
Taijiquan	1
Tailor-made	1
Tailoring	1
Taipa	8
Tak	1
Take	1
Tancred	1
Tang	3
Taoist	5
Tap	1
Tara	1
Tea	4
Teaching	1
Teddy	1
Tei	2
Tel	10
Temple	36
Tennis	2
Terminal	5
Terminus	1
Terrace	1
Territories	19
Test	1
Testament	1
Thanks	2
That	3
The	261
Theater	3
Theatre	6
Thee	1
Their	3
Theodor	1
There	27
These	5
They	14
Thira	2
Third	1
This	14
Thomas	1
Those	2
Though	3
Thousands	1
Three	1
Through	1
Throughout	1
Thunderbird	1
Thursday	1
Thus	3
Tiantan	1
Tickets	1
Tiger	3
Time	1
Times	1
Tin	14
Tinos	2
Titus	1
To	8
Today	3
Tolo	1
Tomb	1
Tong	2
Tonkin	1
Tour	2
Tourist	5
Toward	1
Tower	5
Towers	1
Town	6
Tracks	1
Tracts	1
Trade	3
Traders	1
Traditional	1
Trail	3
Tram	5
Transit	1
Trappist	1
Tree	1
Trees	1
Trent	1
Trinity	1
Trip	1
True	2
Try	1
Trying	1
Tseun	1
Tsim	14
Tsuen	2
Tsui	14
Tuen	2
Tuesday	2
Tuesday–	4
Tung	2
Turbo	2
TurboJet	1
Turkey	4
Turkish	3
Turks	5
Turn	1
Twentieth	1
Two	4
U	1
US	2
Uk	2
Ulysses	2
Unable	1
Under	2
Unemployment	1
Unfortunately	1
Union	5
United	4
University	5
Up	2
Upon	1
Ur	1
Usher	1
Valley	7
Van	2
Vaz	1
Vegas	63
Venetian	3
Venetians	1
Venice	1
Venues	1
Vices	1
Victoria	11
Video	1
Vienna	1
Vietnam	1
Vietnamese	1
Views	1
Village	1
Villages	1
Vision	1
Visitors	4
Voeux	1
Wa	1
Wah	1
Wai	5
Walk	3
Walks	1
Wall	3
Wan	18
Wanchai	1
War	9
Ware	1
Warren	1
Warring	1
Wars	1
Wash	1
Watch	2
Watches	1
Water	4
Wayne	1
Web	2
Wedgwood	1
Wednesday	1
Wednesday–	1
Wed­nesday–	1
Weizmann	2
West	15
Western	15
West­ern	1
What	4
Whatever	1
When	9
Where	1
Whether	2
While	4
Whole	1
Wicklow	3
Wing	1
With	5
Within	1
Wo	1
Woks	1
Wong	2
World	13
Wu	1
Wynn	5
XIII	1
Xavier	1
Xian	2
Xing	1
Xubaizhi	1
Yacht	2
Yat-sen	3
Yau	2
Ye	1
Year	1
Yeats	1
Ying	1
York	1
You	20
Young	2
Your	1
Yuan	1
Yuen	2
Yuexiu	1
Yung	2
Zedong	1
Zhenhai	1
Zhou	1
Zhuhai	1
Zionism	1
Zone	2
Zoo	1
Zoological	1
Zu	1
a	523
aNatural	1
abandoned	2
ability	1
able	3
aboard	3
abound	1
about	21
above	5
absorb	1
absorbed	1
abstemious	1
absurd	1
accepted	1
access	3
accessible	2
accessories	1
accident	1
acclaimed	1
accommodate	2
accommodations	2
accompanied	1
accomplishments	1
accounts	2
accustomed	1
achieve	2
achieved	2
achieving	1
acoustics	1
acquired	1
acquisitive	1
acres	6
across	14
act	1
action	4
actions	1
activities	2
activity	2
actual	1
actually	2
add	1
added	1
adding	1
addition	3
additional	1
addressed	1
adds	1
adept	1
adjoining	1
administer	2
administration	1
administratively	1
admired	2
admission	11
adobe	1
adorn	2
adorned	1
adult	4
adults	2
advance	2
advanced	2
advancement	1
advancing	1
adversary	1
advisable	1
advised	1
affords	1
afloat	1
after	11
afternoon	2
again	6
against	10
age	5
ages	4
aggravated	1
ago	3
agreed	1
agreements	2
agricultural	2
agriculture	1
aid	2
aim	1
aimed	1
air	3
air-conditioned	2
airline	1
airmail	1
airmen	1
airport	4
alcohol	1
alertness	1
alike	1
alive	3
all	58
all-night	1
all-risk	1
allegiance	1
alleviate	1
alleys	1
alleyways	1
alliance	2
allied	1
allies	1
allotted	1
allowed	2
allows	1
alluring	1
almost	15
alone	1
along	19
alongside	1
already	4
also	49
altar	2
alternate	1
alternative	1
although	6
always	10
am	5
amalgam	1
amateur	1
ambience	1
ambition	2
ambitious	1
amenities	2
amid	2
among	8
ample	2
am–	21
am–midnight	1
an	91
ancestral	2
anchored	1
ancient	9
and	748
anger	1
angles	1
animal	1
animosity	1
announced	1
annual	2
another	8
answer	1
antennae	1
anti-historical	1
antique	4
antiques	7
antiquities	2
anxious	1
any	14
anyone	2
anything	5
anywhere	2
apart	1
apartment	6
apermaking	1
apologized	1
appallingly	1
appeal	2
appealing	1
appear	1
appeared	1
appetite	1
appreciate	1
approach	4
approached	2
appropriated	1
approximately	2
aptly	1
aquarium	1
archaeological	1
archaeologists	1
arched	1
architect	1
architectural	3
architecture	7
archway	1
are	168
area	21
areas	9
arenas	1
arguments	1
armed	1
armies	2
armistice	2
armory	1
arms	1
army	2
around	22
aroused	1
arrange	1
array	1
arrested	1
arrival	2
arrive	2
arrived	9
arriving	1
art	5
artesian	1
article	1
artifacts	3
artificial	1
artisans	2
artistic	3
artists	4
arts	7
as	112
ascend	1
ascended	2
ash	1
ashore	1
ask	4
asked	1
aspects	1
assembled	1
assist	1
associated	2
assortment	1
assume	1
assumes	1
assured	2
astrologers	1
astronomical	1
at	104
atmosphere	4
atrium	1
attack	1
attacking	1
attacks	1
attempt	3
attempted	2
attend	1
attended	1
attention	1
attitude	2
attitudes	1
attract	2
attracted	2
attraction	4
attractions	7
attractive	3
attracts	2
attributed	2
auction	2
auctioned	1
audio-visual	2
auditorium	1
authentic	1
authentication	1
authenticity	1
authorities	3
authority	2
authorized	1
automatic	1
autonomous	1
autumn	2
available	7
avenue	1
average	1
aviary	1
avoid	2
awakened	1
award	1
aware	2
away	8
azalea	1
azulejos	1
b	34
baby	1
bacalhao	1
baccarat	1
back	5
backlash	1
backwater	1
backwaters	1
baked	1
balance	1
balconies	1
ball	1
ballet-like	1
ballooned	1
balustrades	1
bamboo	4
bamboo-and-paper	1
bananas	1
bands	1
bank	1
banquet	1
banyan	3
bar	2
barbaric	1
barbed	1
bargain	5
bargaining	2
bargains	4
barracks	1
barred	2
barrel-vaulted	1
barrows	1
bars	7
base	3
based	1
basement	1
bases	3
basic	1
bastion	1
bats	1
battles	1
bauhinia	1
bay	1
be	57
beach	3
beaches	6
bears	1
beaten	1
beauties	1
beautiful	8
beautifully	2
beauty	1
became	20
because	4
become	11
becomes	1
becoming	2
been	32
before	14
began	18
begin	4
beginning	9
begins	4
behind	6
being	4
believed	2
bells	1
belong	1
belonged	2
belonging	1
beloved	1
benches	2
benchmark	1
benefactor	1
beneficial	1
benefit	2
bent	1
beside	2
besiege	1
best	7
best-known	1
bet	3
better	5
betting	2
between	13
beyond	2
biblical	3
bid	1
big	6
big-city	1
bigger	1
biggest	3
billion	1
billionaire	1
bingo	1
binoculars	1
birds	3
birdwatching	1
birthday	1
birthplaces	1
bit	2
bites	1
bitterly	1
black	1
blackjack	1
blatant	1
blend	1
blends	1
blessed	1
bling	1
blocks	9
blood	2
bloody	1
blooming	1
blouses	1
blow	1
blue	4
board	1
boards	1
boat	4
boats	8
body	2
bolstering	1
bones	1
bonsai	1
bonus	1
book	1
books	1
boom	1
boomboxes	1
booming	1
boomtown	2
boost	1
border	4
bore	1
born	3
bosses	2
both	15
bought	5
boule	1
boulevard	2
bouncing	1
boundaries	2
boundary	3
boutiques	3
box	4
branches	1
brands	1
brave	1
bread	1
breathtaking	1
breeding	1
breezes	1
brew	1
brick	2
bridge	2
bridges	2
brief	1
briefly	1
brightly	1
bring	1
bringing	1
brings	2
bristles	1
broad	1
brochures	1
broke	2
broken	1
bronze	4
bronzes	2
brothers	1
brought	7
browse	1
brutal	1
bubbled	1
bubonic	1
budget	1
buffalo	1
buffet-style	1
buffs	2
build	4
builder	1
building	19
buildings	13
built	33
bullet	1
buns	1
burgeoning	2
burial	1
burn	1
burned	3
burners	1
burning	1
bus	5
buses	5
busily	1
business	10
businessman	1
busy	7
but	64
buttons	1
buy	12
buying	4
buys	1
buzz	1
buzzes	1
buzzing	1
by	147
bypassed	1
byways	1
c	35
cable-car	1
cafés	3
cages	2
calendar	1
call	4
called	8
calligraphy	2
calling	1
came	16
cameras	2
camp	1
campaign	1
campaigns	2
campus	2
can	52
cannot	1
canyon	1
capital	8
capitalist	1
captivated	1
captured	3
car-racing	1
caravel	1
card	2
cards	2
career	1
carefully	3
cares	1
cargo	1
carnival	1
carpets	2
carry	2
carrying	2
cars	2
carve	1
carved	1
carving	1
carvings	5
cash	4
cashmere	1
casino	2
casinos	12
catalysts	1
catch	1
catches	1
catchment	1
catered	1
catering	1
caters	1
cats	1
cattle	1
caused	2
causeway	1
caves	3
cedar	1
ceiling	3
celebrated	1
celebrates	1
celebration	1
celestial	1
center	30
centered	1
centerpiece	1
centers	4
central	2
centuries	7
century	22
ceramic	1
ceramics	4
ceremony	2
certain	1
certainly	1
certificate	2
chain	1
chains	2
chairs	2
challenges	2
chambers	1
chance	1
change	10
changeable	1
changed	5
changes	2
changing	5
channel	1
channeled	1
chapel	1
chapelwas	1
chapter	1
characterized	1
characterizes	2
charge	2
charges	2
charm	4
chattering	1
cheap	3
cheaper	4
check	3
checkered	1
checkpoint	1
cheerful	1
chickens	1
chief	1
child	2
children	11
china	2
choice	3
choose	2
chooses	1
choosing	1
chop	1
chora	1
chose	1
chronicled	1
chugging	1
chuppies	1
church	7
churches	2
cinemas	2
circuit	1
circular	2
circumstances	2
citadels	1
cities	9
city	78
city-state	1
city-states	2
citywide	1
civil	2
civilians	2
civilization	2
claim	1
claiming	1
claims	1
clan	4
clashed	1
classic	2
classical	2
cleansed	1
clear	1
clearly	1
clientele	1
climate	1
climb	3
climbed	1
climbers	1
clock	2
clocks	1
clockwise	2
cloistered	1
close	5
closed	6
closely	1
clothes	3
clothing	6
cloud	1
club	1
clubs	6
clustered	1
coast	18
coastal	2
coastline	1
coathanger	1
coats	1
cod	1
coffee	1
coils	2
coinage	1
coins	1
colds	1
collapse	1
collapsed	1
collection	15
collections	2
college	1
colonial	10
colonies	1
colony	2
colorful	1
colors	1
combat	1
combination	1
combine	1
combined	2
combines	1
come	12
comes	2
comfortable	3
coming	2
commanding	1
commemorated	2
commemorates	1
commencing	1
commerce	2
commercial	2
common	2
commotion	1
communities	3
community	4
commuter	2
commuters	2
companies	5
comparable	1
compare	2
compatibility	1
competition	2
competitive	2
complaints	1
completed	2
completely	3
complex	8
complexes	2
complimentary	1
composers	1
comprehensive	1
comps	1
computer-controlled	1
conceivable	2
concentration	1
concept	1
concerns	2
concert	2
concerts	7
concessions	1
concluding	1
concourse	1
condemned	1
conducive	1
conducted	1
conductor	1
conflict	1
confronted	1
confuse	1
congested	1
connected	2
connecting	1
connection	2
connects	1
conquer	2
conquered	3
conservative	1
considerable	1
considered	2
consignment	1
consolidated	2
constant	1
constantly	2
consternation	1
constituted	1
constructed	3
constructing	1
construction	10
consult	1
contain	2
container	1
containing	2
contains	9
contemporary	1
content	2
continue	2
continued	7
continues	3
contrast	1
contrasting	1
contrasts	1
contributed	2
contributions	1
control	8
controlled	4
controversies	1
convene	1
conveniences	1
convention	2
conversation	1
converted	2
cookery	1
cooking	1
cool	4
copper	1
copy	2
copying	1
corner	1
corporate	2
corporations	2
corridor	1
cost	1
costs	2
costumes	2
could	7
council	1
count	1
counted	1
counter	3
counter-clockwise	1
counterfeit	1
countries	2
country	8
countryside	3
couple	2
course	5
courses	2
court	1
courts	1
courtyard	1
cover	3
covered	2
covering	1
covers	2
craft	1
crafts	5
craftsmanship	1
craftspeople	1
crane	1
craps	1
create	4
created	8
creating	2
creative	1
credit	2
creek	1
crescent	1
crew	1
crime	1
criminals	1
criticized	2
criticizing	1
crops	2
cross-country	1
cross-harbor	1
crosses	1
crossroads	1
crosswalk	1
croupier	1
crowd	1
crowded	10
crowds	1
crucial	1
crucifixion	4
cruelty	1
cruise	1
cruises	2
crusaders	1
cry	1
crème	2
cuisine	1
cul-de-sacs	1
cultural	6
culturally	1
culture	11
cultured	1
cure	1
curio	2
curiosities	1
curiosity	1
curious	2
currency	5
curtains	1
curves	2
custody	1
custom	1
custom-tailored	1
customers	1
customs	2
cut	1
cutting	2
cy	1
cymbals	1
d	10
da	3
daily	13
damming	1
damp	1
dance	4
dancing	4
daring	1
dark	2
date	2
dated	1
dates	1
dating	1
dawn	1
dawning	1
day	17
day-trip	1
days	5
daytime	1
de	5
deal	1
dealer	2
death	3
debacle	1
decade	1
decades	1
deceptively	1
decision	1
decisions	1
deck	1
deckhands	1
declared	1
declaring	1
decline	2
declining	1
decorated	1
decreased	1
dedicated	9
dedication	2
deemed	1
defaulted	1
defeat	2
defeated	2
defended	2
defenders	2
defense	3
defensive	2
defined	1
definitely	2
deity	1
delicacies	1
delicate	1
delicious	2
deluxe	1
demand	1
demolished	4
demolition	1
demolitions	1
demonstrations	1
demoralize	1
dense	1
densities	1
density	1
depart	2
departed	1
department	5
dependable	1
depending	1
depopulated	1
deposits	1
depot	1
descendants	1
described	4
describes	2
describing	1
desert	8
deserted	1
design	4
designated	1
designed	3
designer	3
designers	1
designs	2
despite	2
destination	3
destinations	2
destined	1
destroyed	5
destruction	2
detail	1
determination	1
determined	1
determinedly	1
determines	1
detour	2
devastating	1
devastation	1
develop	2
developed	4
development	8
devoted	1
devotions	1
devout	1
dialogue	1
diamonds	1
diating	1
dice	2
dictates	1
did	8
didn	2
die	1
died	2
different	4
difficult	1
difficulty	1
diligently	1
diminish	1
dine	3
dining	2
dinner	5
diocese	1
diplomacy	1
direct	1
directed	1
direction	2
directions	1
directly	1
disappeared	1
disastrous	1
discipline	1
disco	1
discount	2
discovered	3
discoveries	1
discovering	1
discovery	1
discreetly	1
discrimination	1
discussions	1
disembark	1
dish	1
disparate	1
display	2
displays	3
displeased	1
dispute	1
disrupting	1
dissatisfied	2
dissidents	1
distance	2
distant	1
distinction	1
distinctive	1
distinctly	1
district	5
divided	7
divorce	1
dizzying	1
do	12
dock	1
document	1
documents	1
does	3
dogs	2
doing	2
dollar	2
dollars	2
dolphins	1
dome	1
dominant	1
dominated	2
domination	1
don	2
donation	1
door	1
doors	3
doorways	1
dose	2
double-decker	2
down	9
downhill	1
downs	1
dragons	1
draining	2
drama	3
dramatic	2
dramatically	2
draw	2
drawing	1
drawn	1
draws	1
dreams	2
dress	1
dried	1
drink	1
drinks	1
drive	1
driven	1
driver	1
drivers	2
driveway	1
drowning	1
drums	1
dry	2
drying	1
dubbed	1
dubbing	1
duck-breeding	1
ducks	2
due	2
duly	1
during	14
dusk	1
duties	1
duty	2
duty-free	5
dynasties	2
dynasty	6
each	6
eager	2
ear	1
earlier	1
earliest	3
early	17
earned	1
earrings	1
earth	2
earthquake	1
eased	1
easier	1
easiest	2
easily	1
east	16
eastern	6
easy	6
eat	1
eating	1
ebbing	1
eccentric	1
economic	3
economies	1
economy	4
education	1
effect	1
effective	1
effects	2
efficient	1
effort	2
eight	3
eight-day	1
either	1
ejected	1
el-aksa	1
elaborate	3
elbow	1
elderly	1
electric	1
electricity	1
electronic	3
electronics	5
elegant	3
elegantly	1
elements	2
eliminating	1
else	3
elsewhere	6
embalmed	1
embattled	1
embroidered	1
embroidery	1
emerald-green	1
emerged	2
emphasis	1
empire	8
employment	1
enclave	4
enclosure	1
end	18
endeavors	1
ended	1
ends	3
enduring	2
enemies	1
energy	1
enforce	1
enjoy	3
enjoyed	2
enlisted	1
enlivened	1
enormous	5
enough	5
ensure	1
ensured	2
enter	4
entered	1
entering	2
enterprises	1
entertain	1
entertainment	7
enthralling	1
entire	1
entirely	1
entrance	1
entry	2
enveloped	1
environment	2
environments	1
epic	3
equipment	5
equipped	1
equivalent	2
era	8
erected	2
erupted	1
eruption	1
escalated	1
escalator	2
escalators	1
escape	2
escaped	2
escaping	1
especially	11
essential	1
essentials	1
establish	1
established	2
establishment	3
estate	1
estimated	1
estuary	1
ethnic	1
ethos	1
evacuated	1
evaporated	1
even	13
evening	2
event	2
events	2
eventually	4
ever	3
ever-changing	1
every	10
everyone	3
everything	1
everywhere	5
evidence	2
evident	1
evocative	1
evoked	1
evolved	1
ex-pats	3
exact	1
exactly	3
examine	1
example	2
examples	3
excavate	1
excavating	1
excellent	2
excels	1
except	1
exception	2
exceptions	1
excess	2
exchange	2
excitement	3
exciting	3
exclusive	2
exclusively	1
excursion	1
excursions	1
executed	1
execution	2
exercises	2
exhibition	4
exhibitions	1
exhibits	5
exhilarating	2
exile	1
exiles	1
existence	2
existing	2
exists	1
exotic	4
expand	1
expanded	6
expanding	1
expansion	1
expect	1
expectations	3
expensive	6
experience	4
expert	3
expertise	1
experts	2
explains	1
explorations	1
explore	2
explored	1
explorer	2
explosive	1
exporter	1
exposure	1
express	2
expressways	1
extension	1
extensive	1
extent	1
extraordinarily	1
extravagant	1
extravaganza	1
extremely	3
eye	1
eye-popping	1
eyes	1
fabled	1
fabrics	2
face	1
facilities	3
facility	2
facing	2
fact	5
factories	1
factors	1
factory	5
failings	1
faint	1
fair	1
faith	4
faithful	1
fake	1
fakes	1
fall	1
familiar	2
families	4
family	3
family-owned	1
famous	11
fancifully	1
fancy	1
fans	1
fantan	1
fantasy	1
far	6
farmed	1
farmer	1
farming	2
farmland	2
farmlands	1
farms	2
farthest	1
fascinate	1
fascinating	2
fashion	2
fashionable	2
fashioned	1
fate	1
favorite	3
façade	3
feature	1
featured	1
features	2
featuring	1
fed	1
feeding	1
feel	1
feels	1
feet	1
fell	3
felt	1
feng	3
ferried	1
ferries	6
ferry	12
ferryboat	1
ferryboats	1
fertile	1
festival	1
festivals	1
feudal	1
feverish	1
few	8
fewer	1
fiefdoms	1
field	1
fierce	1
fifteen	1
fifth	2
fifty	1
fighting	4
figure	2
figures	4
filled	1
film	1
films	4
final	3
finally	5
finance	1
financed	1
financial	2
financially	1
find	20
fine	4
finely	1
finest	1
finished	2
finishing	1
fire	2
fired	2
first	18
first-ever	1
first-rate	1
fish	5
fished	1
fishermen	3
fishing	7
fit	1
fitted	1
five	3
five-story	1
fixed	1
flag	2
flagstoned	1
flair	1
flanked	1
flared	1
flash	1
flashes	1
flat	1
flavor	1
flavors	2
flea	1
fled	1
fleeing	2
fleet	1
flight	1
floating	4
flood	1
floor	3
floors	2
flotilla	1
flourished	5
flowed	1
flower	1
flowered	1
flowers	2
flowing	2
flows	1
focal	1
focus	2
foe	1
fold	1
folk	1
folklore	2
folksong	1
follow	2
followed	5
followers	1
following	1
food	10
food-processing	1
foot	2
foothold	2
for	194
force	4
forced	4
forcefully	1
forces	8
ford	1
forefathers	1
foreign	4
foreigners	1
forever	1
forgotten	1
form	4
formal	4
formation	1
formations	1
formed	1
former	4
formerly	3
formidable	3
forming	1
forms	3
fort	5
fortifications	1
fortified	2
fortress	2
fortress-like	1
fortuitous	1
fortune	2
fortune-tellers	1
fortunes	1
forty	2
fought	1
found	7
foundation	3
founded	7
founder	3
founding	2
fountain	2
fountains	1
four	5
four-level	1
four-story	1
fourth	1
fraction	1
fragile	1
fragmented	1
frame	1
fray	1
free	7
freedom	1
freely	1
freeways	1
freighters	2
frenetic	1
frescoes	1
fresh	4
freshwater	2
friend	1
friendly	2
friezes	1
frolicking	1
from	133
front	3
frontier	1
frontón	1
fruit	1
ft	6
ft-	1
fu	1
fulfillment	1
full	3
full-size	1
fully	1
fun	3
functions	1
fund	1
funerals	1
funerary	1
funicular	1
furnishings	1
furniture	8
further	1
fury	1
fusion	1
future	5
futuristic	1
gadgets	2
gaining	1
galleries	2
gallery	3
galore	1
gam	1
gamblers	1
gambling	9
game	2
games	2
gaming	3
gangplank	1
garden	4
gardens	8
garish	1
garment	1
garments	3
gate	3
gates	2
gateway	2
gathered	1
gathering	3
gave	1
ge	1
geared	1
gemstones	1
general	1
generally	2
generals	1
generation	2
generators	1
genuine	1
geographic	1
geographical	1
geography	2
get	15
getaway	1
getaways	1
giant	3
gift	2
gifts	1
gigantic	1
gilt	1
give	2
given	1
gives	1
glaciers	1
glamorous	2
glass	5
glimpse	5
glimpses	1
glittering	2
glories	1
go	11
goats	1
god	3
goddess	4
gods	3
goes	7
gold	6
gold-plated	1
golden	2
goldfish	1
golf	2
gone	2
good	15
goods	10
got	1
gout	1
government	7
governor	3
grace	1
gracefully	1
gracious	1
gradually	1
graduates	1
grains	1
grams	1
grand	5
grandeur	1
grandstand	1
granted	1
grants	1
grasses	1
graveyard	1
great	15
greater	3
greatest	1
greatness	1
green	2
green-and-white	1
greenhouse	1
greet	1
grew	1
greyhound-racing	1
grossing	1
ground	2
grounds	1
groups	3
grow	3
growing	6
grown	3
grows	1
growth	3
guarantee	5
guaranteed	1
guard	1
guess	1
guest	1
guide	2
guided	1
guides	1
gulls	1
gun	2
gunboats	1
gunwale	2
ha	1
had	37
haggling	1
half	4
half-hour	1
halfway	1
hall	3
halls	5
halt	3
halted	1
hamlets	1
hand	3
hand-carved	1
hand-knotted	1
hand-painted	1
handed	1
handful	1
handicrafts	2
handiest	1
handmade	1
handover	2
hands	4
hang	1
hanging	3
happen	2
happened	1
happening	1
happily	1
harbor	13
harbors	1
hard	2
hardship	1
hardworking	1
harmony	1
harness-racing	1
harsh	1
harshness	1
harvest	2
has	84
hated	1
hats	1
haunting	1
haunts	1
have	56
haven	1
having	1
hawsers	1
he	19
head	2
headaches	1
headed	2
headquarters	1
heads	1
heady	1
health	2
hear	2
heard	1
hearty	2
heavens	1
heavily	2
heavy	3
hectares	5
heirlooms	1
held	9
hello	1
help	2
helped	3
helpful	1
helps	1
her	5
heralded	1
heralding	1
herb	1
herbalists	1
herbs	1
here	37
heritage	1
heroic	1
hewn	1
hidden	1
high	10
high-diving	1
high-rise	2
high-tech	1
highest	3
highland	2
highlight	2
highly	3
highrise	1
highway	3
hike	2
hikers	1
hikes	1
hiking	4
hill	5
hills	1
hillside	2
hillsides	1
hilltop	1
hilltops	1
hilly	1
him	2
himself	2
hinterland	1
his	34
historic	9
historical	3
historically	1
history	18
hold	4
holds	3
hole	1
holes	1
holiday	1
holiest	1
holy	3
home	15
homeland	1
homes	3
homestyle	1
honor	1
honors	1
hope	1
hopes	1
hordes	1
horizon	1
horns	1
horse	1
horses	4
hospitality	2
hospitals	1
host	1
hosted	1
hostess	1
hot	1
hotel	6
hotels	14
hour	6
hours	7
house	4
houseboats	2
houses	10
housing	5
how	8
however	6
huge	2
human	2
humans	1
hundred	1
hundreds	3
hung	1
hungry	2
hunting	2
husband	1
husbands	1
idea	2
ideal	2
ideas	1
identified	3
identify	1
identity	1
idols	1
idyllic	1
if	7
illegal	2
illuminated	1
im	1
image	2
imaginable	1
imagination	1
imaginative	1
imagined	1
immediate	2
immediately	2
immigrants	1
immigration	1
immortalized	1
impact	1
impiety	1
importance	1
important	13
imported	2
importing	1
imports	1
imposes	1
imposing	1
impoverished	1
impression	1
impressive	5
improve	1
in	458
inauguration	1
incense	4
incensed	1
inches	1
incidents	1
incline	1
include	7
included	2
includes	2
including	17
increase	2
increased	1
increasing	1
increasingly	2
indefatigable	1
independence	1
independent	2
indicate	1
indigenous	1
individual	1
industrial	2
industries	2
industry	3
inexpensive	2
inexpensively	1
infant	1
infants	1
infighting	1
infiltrated	1
infiltration	2
influence	10
influenced	2
influences	1
influx	2
information	4
infrastructure	1
ingenious	1
ingredients	2
inhabitants	3
inhabited	4
inherent	1
inheritance	1
initial	2
inland	4
inlet	2
inn	1
innocuous	1
innovative	1
inns	1
inquire	1
inroads	1
inscription	1
inscrutable	1
insect	1
inside	5
installed	2
instant	1
instincts	1
institute	1
instituting	1
institution	2
institutions	1
instruct	1
instruments	1
insurance	2
insurrection	1
intact	3
intensive	1
intent	1
interactive	3
interest	3
interesting	9
interestingly	1
interior	1
internal	1
international	11
international-style	1
interpreted	1
interspersed	1
intimate	1
into	29
intoxicating	1
intricate	1
intrigue	1
intriguing	1
introduced	1
invaded	1
invaders	3
invaluable	1
invasion	3
invasions	1
investigating	1
investigation	1
investment	2
investments	2
inviting	1
iron	3
ironic	1
ironmongers	1
irreverent	1
irrigated	1
irrigates	1
irrigation	1
is	308
island	30
islanders	2
islands	38
isolated	1
isolation	1
issue	1
it	84
item	2
items	2
its	99
itself	3
ivory	1
jackets	1
jade	8
jai-alai	1
jazz	3
jetfoil	1
jewelry	5
jobs	1
jockey	1
jogging	1
joined	2
joss	2
journey	2
joys	1
junction	1
jungle	2
junk	2
junks	6
just	21
justice	1
juxtaposition	1
kafeneion	1
karaoke	1
keep	2
kept	2
killer	1
kind	5
kinds	5
kingdom	5
kingdoms	1
kitchen	1
km	9
knell	1
knights	1
knock-off	1
knocks	1
know	2
know-how	1
known	22
l	1
la	1
labels	1
laboratory	1
labyrinths	1
lacking	1
lacquerware	1
laid	2
laid-back	1
lair	1
lake	3
lakes	2
lamp	1
land	22
landed	2
landlord	1
landmark	1
landmarks	1
lands	3
landscape	1
landscaped	2
lane	1
lanes	3
lanterns	1
large	15
largely	4
larger	1
largest	12
last	6
lasted	1
lasting	2
late	6
later	7
latest	4
launch	1
laws	1
lay	7
lead	1
leader	2
leaders	3
leading	3
leads	2
leaf	1
league	2
leal	1
learn	1
least	3
leather	2
leave	7
leaves	1
leaving	3
lectures	1
led	8
left	5
left-hand	1
leftovers	1
legacy	1
legal	1
legalization	1
legalizing	1
legations	1
legend	1
legendary	3
legends	2
legions	1
legislator	1
legislators	1
legislature	2
legitimacy	1
legitimate	2
legitimization	1
legs	1
leisure	1
lengthiest	1
less	8
lessons	1
lethargy	1
level	1
levels	3
liberated	1
library	1
licensed	1
lies	1
life	15
lifeguards	2
lifestyle	1
light	4
lightning-fast	1
lights	1
like	7
likely	2
likes	1
limit	1
line	6
lined	4
lines	2
linguado	1
lining	2
link	1
links	1
lion	1
lions	1
listed	2
listings	1
literally	2
literary	1
literature	5
little	6
live	14
lived	5
liveliest	2
lively	2
lives	2
living	3
ll	1
loan	1
lobby	2
local	15
locally	2
locals	2
located	3
location	1
lodge	1
logo	1
long	14
long-burning	1
long-time	1
longer	13
longest	1
look	10
looking	2
lookout	3
looks	3
loose	1
losing	2
loss	1
lost	2
lot	1
lots	2
lottery	1
loud	1
love	3
lovely	1
low	1
lower	4
lowering	1
lowland	2
loyal	1
luck	2
lucky	1
lunch	1
luring	1
lush	1
luxurious	2
luxury	6
lying	1
lyrical	1
m	6
m-	1
machine	1
machines	2
made	21
made-to-measure	1
magic	2
magical	2
magnificent	1
mah-jong	3
mail	2
main	12
mainland	6
mainly	2
mainstay	1
mainstream	1
maintain	1
maintaining	1
maintains	2
mais	1
major	17
majority	1
make	12
makers	2
makes	8
making	11
malarial	1
male	1
mall	3
malls	5
mammals	1
man	5
managed	2
management	1
managerial	1
mandarin	1
mandate	1
manipulated	1
mansion	3
mansions	1
manufacturer	2
manufacturing	2
manuscripts	1
many	48
manyof	1
map	2
mapped	1
maps	1
marble	2
marionette	1
mark	1
marked	1
market	17
marketplaces	1
markets	1
marking	1
marks	4
marquees	1
marriage	1
married	1
martyrs	1
mass	1
massacre	2
massive	5
masterworks	1
masts	1
matched	2
matches	2
material	1
materials	1
matter	2
may	20
mayor	1
maze	1
me	1
meadows	1
meager	1
meal	3
mean	1
means	1
meant	2
measured	1
meat	1
mecca	1
mechanical	1
medicinal	1
medicine	2
mediocre	1
mediocrity	1
megalopolis	1
melted	1
member	6
members	3
membership	2
memorabilia	1
memorable	1
men	3
mention	1
mentioned	1
merchandise	2
merchant	1
merchants	1
met	1
metals	1
metamorphosis	1
metropolis	2
metropolises	1
midday	1
middle	2
middleman	1
midnight	1
might	4
migrated	1
migration	1
mildly	1
mile	7
mile-post	1
milepost	1
miles	5
military	3
millennia	1
millennium	4
million	6
millionaire	1
millions	1
minaret	1
mind	1
mineral	1
miners	1
mining	1
minister	2
ministering	1
minor	2
minutes	7
miserable	1
miss	2
missed	1
missing	1
missionaries	3
missionary	1
mix	2
mixture	1
moat	1
mob	9
modeled	1
models	3
moderately	1
modern	25
modernized	1
modest	2
momentous	1
moments	1
monarchists	1
monastery	7
monetary	1
money	2
monkey	1
monkeys	1
month	2
months	1
monument	4
monuments	2
mood	1
moored	1
more	45
morning	1
mosaics	1
mosque	1
mosquitoes	1
most	44
mostly	2
mother	1
motion	1
motorists	1
mountain	3
mountainous	1
mountains	2
mountainside	1
mounts	1
move	1
moved	7
movement	3
movements	1
moving	2
much	20
multinational	2
murdered	1
museum	11
museums	4
music	7
musical	1
musicians	1
must	4
mutual	1
mutuel	2
mysterious	1
mystery	1
mystique	1
myth	1
mythology	1
name	8
named	3
names	3
narrow	7
narrowly	1
nation	2
national	4
nationalism	1
nationalities	2
nationhood	1
nations	1
native	2
natural	5
nature	4
nautical	1
naval	1
near	9
near-monopoly	1
nearby	6
nearer	1
nearest	1
nearly	5
necessarily	2
necks	1
need	6
needed	2
negotiation	1
negotiations	1
neighbor	1
neighborhood	1
neighborhoods	2
neighboring	1
neither	1
neon	1
network	2
neutral	2
neutrality	1
never	6
nevertheless	1
new	49
new-born	1
newer	3
newest	1
newly	2
news	1
next	15
nice	1
night	12
night-and-day	2
nightclub	1
nightclubs	2
nightlife	4
nightmares	1
nine-meter	1
nine-story	1
nineteenth	1
ninety	1
no	20
noblemen	2
nome	1
non-	1
non-native	1
non-stop	2
nonetheless	1
noodle	1
noon	1
north	10
northern	8
northernmost	2
northwest	2
nostalgic	1
not	44
notable	1
nothing	2
notice	1
now	27
nowhere	1
number	8
numbers	2
numerous	3
nurtured	1
não	1
oases	2
oasis	1
objects	1
obligation	1
obscure	1
observe	2
obsidian	2
obstacle	1
obvious	1
occasional	3
occupation	1
occupied	1
occupying	1
odd	1
odds	1
odyssey	1
of	791
off	9
off-track	1
offer	5
offered	4
offering	1
offers	7
office	1
officers	1
offices	2
official	2
officially	2
officials	2
offshore	1
often	6
often-restored	1
old	15
older	3
oldest	11
on	184
once	17
once-glorious	1
one	51
one-hour	2
ones	3
ongoing	1
only	21
open	31
open-air	3
opened	6
opening	1
opera	6
operated	1
operation	1
operations	2
operator	1
operators	1
opportunist	1
opportunities	2
opportunity	3
opposite	2
opposition	1
optical	1
optional	2
opulent	1
or	65
orchestras	1
orchestrating	1
order	3
ordered	3
organize	1
orientation	1
original	4
originally	3
originated	1
ornamental	1
ornate	1
other	24
others	4
otherwise	1
ounces	1
ousted	1
out	28
outbreak	1
outcry	1
outdoor	1
outfitted	1
outings	1
outlawed	3
outlet	2
outlets	3
outlying	6
outpost	1
outra	1
outrage	1
outside	4
outstanding	1
over	27
overhead	1
overland	1
overlooking	3
overnight	1
overpass	1
overran	1
overruns	1
overseas	1
overthrown	1
overtook	1
overview	1
own	12
owned	2
owner	1
owners	1
owning	1
p	1
pace	3
pack	1
package	1
packaging	1
packed	2
padded	1
pagan	2
page	20
pages	1
pagoda	1
pagodas	3
painted	2
painting	4
paintings	1
palace	3
palaces	2
pall	1
palm	1
panda	1
panorama	1
panoramic	2
pants	1
paper	2
par	1
paradise	1
parallel	1
parallels	1
paranoia	1
parents	1
pari	2
park	12
parked	1
parkland	1
parks	6
part	15
particularly	2
parties	1
partition	1
partitioned	1
parts	4
partying	2
pass	1
passengers	2
passion	1
passport	1
past	14
paste	1
pastimes	1
pataca	1
path	3
patriots	1
patron	1
patroness	1
pattern	1
patterns	1
pavilion	1
pavilions	1
pawn	1
pay	4
payable	1
paying	1
peace	3
peaceably	1
peaceful	1
peacefully	2
peak	3
pearls	2
peculiar	1
peddlers	1
pedestrian	1
pedicab	1
pedicabs	1
pegged	1
pelicans	1
pendants	1
peninsula	9
penthouse	1
people	30
peoples	2
per	2
percent	5
perennial	1
perfect	3
perform	3
performance	3
performances	3
performers	1
performing	1
performs	1
perhaps	4
period	10
permanent	3
permitted	3
persecuted	1
pertaining	1
pets	1
pharmacology	1
philatelic	1
photo	2
photographic	2
photographs	1
physical	1
physically	2
physician-revolutionary-statesman	1
pick	3
picking	1
picnicking	1
picture	1
picturesque	5
piece	2
pieces	1
pier	2
pile	2
pilgrimage	1
pilgrimages	1
pilgrims	3
pink	2
pioneer	2
pioneering	1
pira	1
pirate	1
pirates	1
place	25
placed	2
places	10
plague	1
plan	2
planned	1
planning	1
plans	3
plant	1
plantation	1
plants	1
plate	1
play	4
played	2
player	1
players	2
playgrounds	2
playing	2
plays	3
pleasant	2
pleasantly	1
pleasurable	1
pleasure	2
plenipotentiary	1
plentiful	1
plenty	2
plight	1
plots	1
plumage	1
plus	1
pm	29
pockets	1
poems	1
poet	2
poetry	2
poets	2
point	9
pointed	2
points	2
policy	1
polite	1
political	5
politically	1
pollution	1
ponds	3
pools	1
poop	1
pop	3
popular	17
popularly	1
populated	1
population	21
populations	2
porcelain	4
porcelains	1
port	5
portable	1
portent	1
porthole-shaped	1
ports	2
position	1
possessed	1
possibilities	1
possible	1
possibly	1
post-mob	1
pot	1
potent	1
potential	1
pottery	3
poured	1
poverty	1
power	9
powerful	4
powerless	1
powers	1
practically	2
practice	1
pragmatic	1
praise	1
pray	1
prayer	1
pre-dawn	1
precarious	1
predict	1
preeminent	1
prehistoric	1
premier	1
premises	1
prepared	1
preparing	1
presence	3
present	7
present-day	1
presented	3
presently	1
presents	1
preservation	3
preservationists	1
preserve	1
preserved	2
preserves	1
president	1
presides	1
pressure	1
pressures	2
preventing	1
price	4
priced	1
prices	12
pricey	1
priest	1
priests	2
primacy	1
primarily	2
prime	1
primitive	2
princesses	1
principal	2
principally	1
principles	2
prisms	1
prisoner	1
private	3
prized	1
probably	2
problem	2
problems	1
procedures	1
process	3
processions	1
produced	4
producing	4
product	1
productions	2
products	1
professional	2
profits	1
program	2
progress	2
progressive	1
project	3
projected	1
projections	1
projects	5
promenade	3
promenades	1
promise	1
promised	3
promising	1
promote	3
promoters	1
promptly	1
propelled	1
properly	1
properties	3
property	2
proportions	1
prospectors	1
prospects	1
prosperity	5
prosperous	2
prostitution	1
protect	2
protection	1
protesting	1
protests	1
proudly	1
proved	1
proverbial	1
provide	7
provided	1
provides	5
province	1
prowess	1
proximity	1
public	7
published	3
pubs	3
pumice	1
punished	1
puppet	3
purchases	4
purchasing	2
purports	1
push-carts	1
pushed	3
put	7
putting	1
quaint	1
qualities	1
quality	4
quantities	1
quarter	1
quarters	1
question	1
quickly	2
quiet	2
quirk	1
quite	4
race	2
racetrack	2
racetracks	1
racing	1
radio	1
raid	1
raided	1
raiding	1
raids	1
rail	4
railroad	8
railway	4
rain	2
raise	1
raised	4
rampant	3
ran	1
ranch	4
rancher	1
ranching	1
range	3
rangers	1
ranges	1
ranging	1
rank	1
rapid	1
rare	2
rather	4
raunchy	1
ravaged	1
raw	1
razed	1
re-created	1
reach	9
reached	2
reaches	1
readers	1
reading	1
reads	1
ready	2
real	7
really	3
realm	1
reappraised	1
reasonable	1
reassess	1
rebelled	1
rebellion	1
rebuild	1
rebuilding	1
rebuilt	5
recaptured	1
receipt	1
received	1
recent	1
recently	1
recitals	1
reclaimed	3
reclamation	4
reclusive	1
recognizable	1
recognized	1
recommended	1
recorded	1
records	3
recovery	1
recreated	1
recreation	1
recycled	1
red	2
redevelopment	1
redirected	1
redressing	1
reduced	1
reeling	1
references	1
reflected	1
refreshingly	1
refugees	2
regain	1
regime	2
regiments	1
region	4
regions	1
regular	1
regularly	2
reign	1
reigned	1
rein	1
reinforcing	1
reins	1
reinvented	1
reinvigorate	1
relations	1
relatively	1
relax	2
relaxation	1
relaxing	1
releases	1
relegate	1
reliable	1
relic	1
religion	5
religions	1
religious	11
relinquish	1
remain	2
remainder	1
remained	6
remaining	1
remains	9
remarkable	1
remarked	1
remind	1
reminder	1
remote	1
removal	1
renamed	2
renaming	1
renewed	1
renowned	1
rent	2
renting	1
rents	1
repair	3
repercussions	1
replace	1
replaced	5
replacing	1
replicas	2
replicate	1
repopulated	1
report	1
reports	1
represent	2
repressive	1
reproduced	1
reproductions	1
republicans	1
reputable	1
reputation	3
reputed	1
required	2
resemble	1
resembles	2
reservations	1
reserved	1
reservoir	2
residence	2
resident	1
residential	3
residents	5
residing	1
resistance	1
resolve	1
resort	9
resorts	4
resources	1
respect	1
respectable	1
respected	1
respectively	1
responded	1
response	1
rest	5
restaurant	4
restaurants	16
rested	1
restoration	2
restored	6
restrictions	1
result	8
resulted	2
resulting	1
results	1
retail	3
retain	1
retaining	1
retake	1
retaliation	1
retreat	1
retreats	1
return	2
returned	3
returning	2
reunited	1
reveal	1
revenues	2
revered	1
reverted	1
revisit	1
revival	1
revived	1
revolt	2
revolution	1
rheumatism	1
rice	2
rich	2
rickety	1
rickshaws	2
ride	5
rides	2
ridgepoles	1
riding	2
rife	1
right	4
right-of-way	1
rights	2
rigors	1
ring	1
riotous	1
rise	5
risen	1
rising	1
ritual	1
rival	2
rivalry	1
river	2
rivers	1
road	7
roadblock	1
roads	1
roar	1
rock	7
rocks	1
rocky	1
rode	1
rods	1
role	3
roller-coaster	2
rollers	1
rolling	1
roofs	1
rooftops	1
room	2
rooms	2
roomy	1
rose	2
rosewood	1
roulette	1
round	1
round-trips	1
route	3
routes	4
routines	1
roving	1
royal	2
rub	1
rubble	1
rugged	1
rugs	1
ruined	1
ruins	5
rule	9
ruled	6
ruler	2
rulers	3
ruling	2
run	2
running	3
runs	5
rural	2
rush	2
s	231
sacramental	1
sacred	2
sacrifice	1
sacrifices	1
saga	1
said	4
sailing	1
sailor	1
sailors	1
saint	3
saints	1
salaam	1
sale	5
sales	1
salute	1
salvoes	1
same	8
sampans	2
sample	1
sand	3
sandy	1
satirical	1
save	1
saw	3
say	2
saying	1
scaled-down	1
scarce	1
scarves	1
scary	1
scene	8
scenes	1
scenic	2
schedule	1
school	1
schools	3
scientist	1
scion	1
scorpion	1
scout	1
screen	4
screenings	1
scrolls	1
scrub	1
sculpted	1
sculptural	1
sculpture	1
sculptures	1
sea	10
seaborne	1
seafarers	2
seafaring	1
seafood	4
seal	1
seals	2
seam	1
seaport	1
search	1
seas	3
seaside	1
season	1
seat	1
seated	1
seaworthy	1
second	4
secondary	1
secret	1
secretly	1
section	1
sections	3
secular	2
secure	2
secured	1
sedan	2
sedate	1
see	27
seedy	1
seeing	1
seek	1
seem	3
seemed	1
seems	4
seen	6
sees	1
segments	1
selection	1
self-governing	1
sell	4
selling	1
semi-nomadic	1
send-off	1
sending	1
sense	3
sent	4
separate	2
separated	1
series	3
serious	2
seriously	1
serve	2
serves	2
service	4
services	1
set	10
setting	2
settlement	4
settlements	6
settlers	3
seven	1
seven-minute	1
several	14
sewage	1
shaded	2
shadow	1
shalom	1
shaped	1
share	1
sharp	1
she	1
shelter	1
shelters	1
shifts	1
shine	1
ship	1
shipment	2
shipping	2
ships	2
shoot	1
shop	6
shopping	17
shops	27
shore	2
shored	1
shoreline	2
short	7
should	5
shoulders	1
show	2
showcases	1
showed	1
shower	1
showing	1
shown	2
showroom	1
showrooms	1
shows	8
shrimp	1
shrine	1
shrines	1
shui	3
side	8
sides	1
sidewalk	2
siege	4
sight	2
sights	5
sightseeing	2
sign	1
signal	1
signaled	1
signatories	1
signature	2
signed	1
significant	5
signs	3
silhouette	1
silk	4
silk-weaving	2
silver	2
similar	1
simply	3
simultaneously	1
since	4
sinful	1
singing	2
single	1
sinking	1
site	10
sites	8
sits	2
sitting	2
situated	6
situation	4
six	2
size	2
skala	1
skillful	1
skills	1
skimming	1
sky	3
skyline	2
skyrocketed	1
skyscraper	2
skyscrapers	5
slain	1
slaughtered	1
slaughtering	2
slavery	1
sleazy	1
sleep	1
sleepy	1
slender	1
slightly	1
sling	1
slip	1
sloping	1
slot	1
slow	3
slowly	2
small	23
smaller	4
smashing	1
smile	1
smoke	1
smooth	1
smuggling	1
snack	1
snakes	2
sniping	1
so	13
soaring	2
social	1
societies	2
society	3
sold	6
soldiers	4
sole	2
solidifying	1
some	24
something	4
sometimes	8
somewhat	1
son	3
song	1
songbirds	2
songs	1
soon	2
sophisticated	1
sophistication	1
sorts	1
sought	1
sound	2
sounded	1
source	3
south	11
southeast	1
southern	6
southward	1
southwest	2
southwestern	1
souvenir	1
souvenirs	5
sovereignty	1
space	2
spacious	2
sparkling	1
sparsely	1
spas	1
speak	3
speakers	1
speaking	1
special	3
species	2
specifications	1
spectacle	1
spectacular	1
spectators	1
speculate	1
speculation	1
speculators	1
speed	2
speeding	1
spend	2
spent	3
spies	1
spin-off	1
spirit	4
spirits	1
spiritual	2
splendid	1
splendor	1
spoken	2
sponsors	1
sporadic	1
sporting	1
sports	1
spot	6
spotlights	1
spots	2
spouts	1
sprang	1
sprawling	1
spread	4
spreading	1
spree	1
spring	3
springs	4
square	12
squares	2
stabbing	1
stability	1
stable	1
stables	1
stage	1
staged	1
stained	2
staircase	1
stall	1
stalls	3
stamped	1
stand	1
standards	3
stands	6
stars	2
start	4
started	2
startlingly	1
starts	2
starved	1
state	9
state-of-the-art	2
stately	2
states	2
statesmanship	1
station	6
statue	4
statues	8
stature	1
status	2
stay	3
stayed	2
steady	2
steam-powered	1
steep	1
steeped	1
step	1
stepped	1
steps	5
stereotypes	1
stick	2
sticks	2
sticky	1
still	24
stilts	1
stirred	1
stirring	1
stock	2
stone	7
stones	1
stood	2
stop	3
stopover	1
stopped	2
stops	2
store	2
stores	12
stories	2
story	7
storytelling	1
straddles	1
strain	1
strands	1
strange	1
stranger	1
strategists	1
straw	1
streams	1
street	12
street-side	1
streets	10
strength	2
strengthening	1
stretch	2
stretched	3
stretches	2
stretching	1
strictly	1
strife	2
striking	4
strip	1
stripped	1
stroke	1
strollers	1
strong	3
stronghold	1
structure	3
structures	2
struggle	1
struggled	2
struggling	1
student	1
students	2
stunning	1
style	2
styles	1
subdivided	1
subdivision	1
subject	3
subjects	1
submitted	1
subsequent	1
subsequently	2
subsidies	1
substantial	1
substantially	1
subtitles	3
subtle	1
subtropical	2
suburban	1
subway	1
succeeded	1
success	2
successes	1
successful	2
successor	1
successors	1
such	15
sudden	1
suddenly	1
suit	2
suited	1
suits	1
summer	6
summers	1
summit	1
sun	1
sunbathers	1
sunny	2
sunset	1
sunshine	2
superpowers	1
supplies	2
supply	1
support	3
supported	1
supporting	1
sure	12
surface	2
surprise	2
surprising	1
surround	1
surrounded	1
surrounding	5
surroundings	1
survive	1
survived	1
surviving	1
survivor	1
survivors	1
sustain	1
swallowed	1
swampland	1
swarm	1
sway	2
sweeping	2
swept	3
swift	1
swim	2
swimming	2
sword	1
symbol	1
symbols	1
system	4
systems	4
t	8
tabernacle	1
table	1
tables	3
tael	1
tai	1
tai-chi	1
tailor	1
tailors	3
taipans	1
take	14
taken	7
takes	5
taking	5
talent	1
talented	1
tales	1
tallest	1
tank	1
tankers	1
tasks	1
taste	2
taught	1
tax	4
taxed	1
taxis	2
tea	6
teach	1
teak	1
teams	2
techniques	2
technology	2
telephones	1
tell	2
tellers	1
telling	1
tells	2
temple	15
temples	5
temporary	1
ten	1
tend	1
tended	1
tension	1
tent	2
term	1
terminal	12
terminals	1
terminus	1
terms	1
terra-cotta	1
terrifying	1
territorial	1
territories	2
territory	5
terror	1
terrorism	1
test	1
th	6
th-	1
th-century	6
than	39
that	111
the	1638
theater	4
theaters	6
theatrical	1
theimpressive	1
their	64
theirs	1
them	16
theme	2
themed	2
themselves	4
then	8
there	34
these	13
they	37
thing	3
things	2
third	2
third-tallest	1
this	62
thoroughfares	1
those	5
though	4
thought	1
thousand	3
thousands	4
threat	1
threaten	1
threatened	1
threats	1
three	8
three-week	1
thrill	1
thrive	1
thrived	2
thriving	1
throngs	2
through	20
throughout	7
throws	1
thus	2
tidal	1
ties	1
tigers	2
tightly	2
tile	1
tiles	1
time	29
timeless	1
times	3
tins	1
tip	3
tired	1
tirelessly	1
to	503
tobacco	1
today	11
together	4
toilets	1
tolerant	1
toll	3
tomb	3
too	1
took	9
tools	1
toothache	1
top	5
top-end	1
top-line	1
topics	1
topless	1
torpor	1
tortured	1
toss	1
total	3
totally	1
touch	1
touches	1
tour	4
tourism	3
tourist	11
tourists	4
tours	7
toward	1
tower	5
towers	6
town	17
towns	6
toys	2
trace	2
traces	1
track	3
tracks	2
trade	12
traders	2
trading	3
tradition	4
traditional	19
traditionally	3
traditions	1
traffic	7
trail	4
trails	2
train	7
trained	1
trains	1
tram	2
trams	3
transfer	1
transferred	3
transform	1
transit	1
transition	1
translate	1
transport	4
transportation	2
transported	1
transporting	1
travel	3
traveled	1
travelers	3
travels	2
treasures	1
treasury	2
treated	1
treaty	1
treaty-signing	1
tree-lined	1
trees	5
trek	1
tremendous	1
trend	2
trendy	2
trial	1
triangular	1
tribe	1
tribes	2
tricycles	1
trip	6
trips	1
triumphantly	1
triumphed	1
troops	2
tropical	2
troupes	1
true	2
try	6
trying	1
tucked	1
tug	1
tugs	1
tunnel	3
tunnels	1
turn	4
turned	3
turning	1
turns	1
turquoise	1
turtle	1
turtles	1
twelve	1
twice	3
two	29
two-hour	1
two-man	1
two-week	1
tycoon	1
typhoon	1
typhoon-fanned	1
typhoons	1
typical	1
tyrant	1
ubiquitous	1
ultimate	1
ultimately	1
unable	1
unaccustomed	1
unbridled	1
undecided	1
under	21
underfoot	1
undergone	1
underground	1
understand	1
understandably	1
understanding	1
understood	1
undertook	1
undeveloped	1
unequaled	1
unexpected	2
unexplored	1
unfolds	1
unfortunate	1
uniforms	1
unify	1
unimaginative	1
unique	3
uniting	1
universities	2
university	2
unless	1
unlinked	1
unparalled	1
unrest	1
unrivaled	1
unsuccessful	2
until	18
unworthy	1
up	43
up-to-date	1
upheaval	1
uphill	1
upon	1
upper	1
ups	1
upscale	3
upset	1
us	2
usalim	1
use	4
used	9
ushered	1
using	1
usual	3
usually	6
utilized	1
vacate	1
valiantly	1
valley	9
valuable	2
value	1
valued	2
vanished	3
variation	1
varied	1
varieties	1
variety	6
various	2
varying	1
vast	7
vault	1
vegetables	1
vegetarian	2
vehicles	1
venue	3
venues	1
verde	1
version	2
very	13
vessel	1
vessels	1
vibrant	3
vibrantly	1
viceroy	1
victims	1
victors	1
victory	2
video	1
view	6
views	5
village	11
villages	7
vinho	1
violate	1
violence	1
violently	1
visa	2
visible	3
vision	1
visionaries	1
visit	10
visitation	1
visited	1
visiting	4
visitor	6
visitors	15
visits	1
vistas	1
visual	2
vitreous	1
voices	1
volatile	1
volcanic	2
voted	1
wait	1
waiting	1
wake	2
walk	11
walkers	1
walking	1
walks	1
walkway	1
wall	4
walled	5
walls	7
wander	1
want	3
wanted	2
war	14
warfare	1
warm	1
warned	2
warnings	1
warring	1
warrior	2
warriors	1
wars	1
was	156
wasn	1
watch	3
watches	3
watching	1
water	15
waterfront	7
waterfronts	1
waters	1
waterway	2
wave	2
waves	2
way	21
we	1
weakened	2
weakening	1
wealthy	1
weaves	1
week	2
weekdays	1
weekend	1
weekends	3
weekly	1
weeks	4
weightlessness	1
weird	1
welcome	5
welcomes	1
well	22
well-fortified	1
well-known	3
well-made	2
well-protected	1
went	4
were	75
west	13
western	3
whales	1
wharf	1
what	10
wheel	1
wheels	1
when	26
where	26
whereupon	1
whether	3
which	56
while	7
white	1
whitewashed	1
who	26
whole	5
wholesale	2
whom	2
whose	3
wide	3
widely	1
wife	2
wilderness	1
wildlife	2
wildly	1
will	35
winding	3
window	2
windowless	1
windows	3
windsurfing	1
wine	2
wines	2
winged	1
winners	1
wire	1
wise	1
wit	1
with	159
withdrew	1
within	4
without	2
wives	1
woman	3
women	5
won	3
wonder	1
wonderful	4
wondering	1
wondrous	1
wood	2
wooden	2
wool	1
word	1
words	2
wore	1
work	9
workaday	1
worked	3
workers	2
workings	1
works	5
world	17
world-class	1
worlds	1
worldwide	1
worship	2
worshipers	2
worshipped	1
worth	4
would	17
wrangles	1
wrapped	1
wrested	1
written	3
wrote	3
yachts	2
year	6
year-old	1
years	32
yellow	1
yet	6
you	97
young	7
younger	2
your	14
yourself	1
yuan	1
yuppies	1
zeal	1
zealots	2
zone	1
zoo	2
­	1
–	14
—	72
’	213
“	53
”	53
