"	520
#	11
$	198
%	43
&	27
'	50
'S	2
'd	2
'll	4
'm	8
're	9
's	267
've	9
(	65
)	65
,	1621
-	88
--	13
.	1706
/	9
0	2
000	28
0049	1
0050	1
0077	1
0078	1
01	1
0191	1
02	9
0312	1
0371	1
0375	1
0376	1
0408	1
05	1
0671	1
07	27
0711	1
0801	4
09	1
0925	1
0945	1
1	65
10	24
100	7
103	2
105	1
11	12
1111	1
1112	1
113	1
118	1
12	16
125	3
1259	1
128	1
12th	1
13	13
130	2
132	1
133	2
1346	1
1347	1
135	1
14	9
140	2
141	1
144	1
148	1
149	1
15	15
150	1
1501	1
153	1
155	2
158	1
16	9
1600	1
169	1
17	5
170	1
175	1
1792	1
18	12
180	1
1804	1
1808	1
1845	1
1850	1
1892	1
19	4
1907	1
193	1
1933	5
1937	1
1940	1
1944	2
1945	2
195	1
1950	1
1954	1
1960	1
1961	1
1962	1
1963	1
1970	1
1973	2
1980	3
1981	2
1983	1
1984	1
1985	1
1986	2
1988	9
1989	7
1990	8
1991	2
1992	4
1993	2
1995	6
1996	3
1997	4
1998	4
1999	5
1st	2
2	39
20	12
200	6
2000	6
2001	4
2002	20
20020731	9
2008	1
2018	1
208	1
21	6
212	2
2130	1
22	6
220	1
225	1
23	10
2338	1
235	1
2352	1
2353	1
24	8
2420	1
25	6
250	1
256	1
259	1
26	3
260	1
27	4
275	1
28	2
281	1
287	1
29	10
3	27
30	12
300	7
30233331	1
304	1
306	1
31	33
316	1
32	3
33	4
3333	1
34	2
35	9
350	1
352	1
361	1
37	4
38	3
387	1
388	1
39	1
390	2
396	1
4	14
40	3
400	1
41	1
413	1
415	1
42	1
422	1
4250	1
427	1
43	3
430	1
4345	1
4346	1
44	2
4480	1
45	7
450	2
4537	1
45th	1
46	4
4696	1
4697	1
47	4
472	1
4917	1
492	1
4928	1
4931	1
499	1
5	36
50	14
500	8
509th	15
51	2
52	3
53	5
530	1
534	1
54	2
55	7
56	2
57	3
576	1
57th	1
58	2
59	4
590	1
6	26
60	1
600	2
608	1
61	1
62	5
625	3
63	3
64	2
65	7
660	1
666	1
672	1
68	2
69	1
7	18
70	7
700	1
707	1
71	2
72	1
722	1
73	1
732	2
75	4
750	2
76	3
79	1
8	17
80	3
800	2
809	1
816	1
82	2
83	1
84	1
85	3
87	4
875	2
89	3
890	1
9	24
90	4
900	6
90th	2
913	1
92	2
93	1
94	2
95	2
950	1
956	1
967	1
97	1
99	2
992	1
:	78
;	19
>	1
?	12
A	43
ABDULWAHAB	1
ACCURACY	1
AD	1
ADMONISHES	1
AFP	1
AIR	1
AK-47	1
AMERICA	2
AMERICAN	3
AMMAN	1
ANAHEIM	1
AND	2
ANGELS	1
ANXIOUS	1
AP	2
APA	8
ARE	1
ARREST	1
AT	5
ATTENTION	2
AUCTION	1
AUSTIN	2
Abello	1
About	1
According	3
Ackerman	4
Acquisition	6
Act	4
Adam	1
Adventures	1
Affairs	1
After	7
Again	1
Agency	1
Agriculture	1
Air	8
Akerfeldt	1
Akroyd	1
Al	3
Ala	1
Alabama	1
Alan	1
Albar	1
Alex	1
Alfred	2
Ali	2
Alice	1
Alimzhan	1
All	2
Allen	1
Almost	2
Already	1
Also	3
Although	1
Altos	1
Amazing	1
America	18
American	28
Americans	1
Americas	2
Amman	1
Among	3
Amorim	1
An	5
Ana	1
Anaheim	2
Analysts	1
And	13
Andersson	1
Andre	1
Andrea	1
Andrew	1
Angela	1
Angels	10
Anissina	14
Ann	2
Another	1
Antarctic	1
Anton	1
Antonio	1
Anwar	3
Any	1
Appeals	1
Applied	1
April	2
Aquarium	1
Arab	3
Area	3
Arizona	1
Armed	1
Army	5
Arnold	2
Arrives	1
Art	3
Arts	1
As	10
Aseltine	1
Asher	1
Asia	4
Asian	8
Asman	1
Associated	3
Associates	1
Association	13
Astoria	1
At	8
Atlanta	2
Atlantic	2
Auburn	1
Aug	4
August	2
Augustus	1
Austin	2
Authority	3
Automotive	1
Avon	1
Azizah	1
B	7
B-	1
BALLOT	1
BANDAR	1
BASRA	1
BC-ATOMIC-BOMB-	2
BC-BBA-ANGNOTE-LADN	2
BC-CHEFS-SAVINGFISH-NNS	2
BC-FBC-SEC-NOTES-	2
BC-FIG-OLY-ARREST-	2
BC-IBM-CHIPS-	2
BC-JULIACHILD-SF	1
BC-JULIACHILD-SFCHRON	1
BC-PRODUCEBIN-SF	1
BC-PRODUCEBIN-SFCHRON	1
BC-PSYCHOLOGISTS-DRUGS-S	1
BC-PSYCHOLOGISTS-DRUGS-SCIAM-ART-NYTSF	1
BEGAWAN	1
BEGIN	1
BILLION	1
BIN	1
BIRMINGHAM	1
BRIEFS	1
BRUNEI	1
BUT	1
BY	4
Back	2
Baghdad	3
Baking	1
Balaban	2
Ballot	2
Bank	4
Barbara	1
Barco	3
Barron	1
Barth	1
Bartolo	1
Bay	4
Because	1
Beck	1
Behring	1
Bengie	5
Berezhnaya	2
Bernardin	2
Bertholle	1
Beth	3
Between	1
Bill	4
Billy	1
Bin	1
Bitter	4
Black	1
Bleu	1
Blind	1
Bloomberg	1
Bob	1
Bobby	1
Bogota	2
Bolivia	1
Bonneville	1
Book	1
Borge	1
Born	2
Boston	3
Both	2
Bowls	1
Boy	2
Bradley	1
Brewers	2
Brigham	1
Brilla	1
Britain	1
British	1
Brunei	1
Buchanan	1
Buell	1
Burlington	1
Bush	15
But	46
By	21
C	7
CATCH	1
CD	2
CHANGE	1
CHIP	1
CHRISTINE	1
CHRON	1
CHRONICLE	2
CITES	1
CLEAN	1
CO	1
COIN	1
COLE	2
COLLECTING	1
COMMITTEE	1
COMMUNICATIONS	1
CONDUCT	1
COPIA	3
CORRECTION	1
COURT	1
COX	3
CQ	1
CREDIT	2
CRIME	1
Cabbage	1
Cairo	2
Calif	4
California	8
Call	1
Cambridge	1
Camden	1
Campbell	1
Canada	4
Canadian	5
Canadians	2
Cano	1
Cape	1
Capital	2
Cara	2
Care	1
Caribbean	1
Carl	4
Carla	1
Carnival	1
Castro	4
Center	7
Central	4
Certainly	1
Chabon	1
Chairman	2
Chang	38
Chapter	1
Charities	1
Charles	1
Chef	2
Chefs	2
Chief	1
Child	20
Childs	1
Chilean	14
China	1
Chinese	4
Chok	1
Christian	1
Christians	1
Christie	1
Christmas	3
Chronicle	4
Chuck	1
Cincinnati	1
Citadel	3
Citibank	1
Citizen	1
City	11
Claire	1
Class	2
Clay	1
Clean	4
Clear	2
Cleave	1
Cleveland	2
Clients	2
Cliff	1
Clinical	1
Co	9
Coast	1
Cobra	1
Cockcroft	1
Coin	1
Coins	1
Col	1
Cole	1
Coleco	3
Colin	2
Collector	1
Collectors	1
College	1
Colleges	1
Colombia	6
Colombian	3
Colon	2
Columbia	8
Columbus	2
Comey	8
Coming	1
Committee	7
Commodores	1
Communications	2
Competitors	1
Composite	1
Concerned	1
Congress	4
Congressman	1
Conn	2
Continental	1
Continuation	1
Contra	1
Contrary	1
Convention	1
Cooking	3
Cooper	1
Coppola	1
Coptic	1
Cordon	1
Corn	1
Corp	22
Corporations	1
Corps	1
County	2
Court	3
Cox	5
Crawfish	1
Critics	1
Cross	1
Crown	2
Cruise	2
Crum	3
Cuba	2
Cuban	1
Culinary	1
Cuomo	1
Currently	1
Customers	2
Cutcliffe	4
Cx	8
D	7
D-Hawaii	1
D-N.J	1
D-Ohio	2
D-S.D	1
DAY	1
DD	4
DEATH	1
DEBRA	1
DEEPENS	1
DENISE	1
DEPTH	1
DEVICES	1
DEWAN	1
DIALING	1
DIAPER	1
DSM	3
Dakota	1
Dan	1
Daniel	1
Daschle	1
Datapoint	1
Date	1
David	11
Davison	3
Dayton	1
DeShong	1
Deborah	1
Debra	1
Dec	2
Deere	1
Defence	1
Defense	2
Deisher	2
Delaware	1
Democracy	1
Democrat	2
Democratic	2
Democrats	1
Denise	2
Denton	1
Department	8
Depending	1
Desert	1
Despite	1
Development	2
Diamond	1
Dianto	1
Diaper	3
Did	1
Didier	1
Distinguished	1
Distributed	1
District	4
Division	1
Do	1
Doherty	1
Donaldson	1
Donuts	1
Douglas	1
Dow	4
Drew	1
Drink	1
Dubai	20
Duluth	1
Dunkin	5
During	4
Dutch	2
DyDee	1
E	1
E-	2
EAST	1
EDITOR	1
EDITORIAL	3
EDITORS	3
EDS	1
EDT	9
EGYPT	1
END	2
ERA	1
EST	1
ETHICS	2
EX-HOG	1
Each	6
Earlier	2
Early	1
Earnings	2
East	13
Easterling	3
Eat	1
Ecuador	1
Eddin	1
Edelman	4
Edward	2
Egypt	5
Egyptian	2
Egyptians	1
Eight	1
El	4
Elaine	1
Elco	2
Electronic	1
Electronics	2
Eli	2
Elisa	1
Emirates	1
Emory	1
Energy	1
England	1
English	1
Enola	4
Entertainment	2
Environmental	2
Envisioneering	1
Equivalents	1
Equus	4
Erbamont	2
Eric	1
Espectador	3
Esprit	1
Ethics	6
Eurasian	2
European	2
Even	4
Eveready	1
Every	1
Everything	2
Excel	2
Excellence	1
Except	1
Exchange	8
Exhibition	1
Experience	1
Expos	6
FALL	1
FAMILY	1
FBI	8
FETCHES	1
FIGURE	1
FISHKILL	1
FLOYD	1
FOLLOWS	1
FOR	5
FP	1
FRANCISCO	4
Fabregas	5
Faith	1
Falconesque	1
Family	1
Famous	1
Farouk	1
Fasano	1
Features	1
Feb	4
February	1
Federal	5
Federation	7
Feniger	1
Fenton	3
Fidel	1
Fidelity	1
Field	2
Fifth	2
Figure	1
Filed	3
Finally	2
Financial	5
Finland	1
Finnish	2
Fire	1
First	9
Fisheries	3
Fishkill	2
Five	1
Flats	1
Flights	1
Floor	2
Florida	5
Floyd	8
Following	2
Food	2
Foods	1
For	13
Forbidden	1
Force	1
Forces	2
Forcesin	1
Ford	2
Fore	3
Forrester	2
Forster	3
Forte	3
Forty	1
Foundation	3
France	4
Francis	1
Francisco	10
Frank	1
Franklin	1
Free	1
French	21
Fresh	1
Freud	1
FreudToy	1
Friday	2
From	1
Funded	1
Furman	1
Further	1
G	4
GAMINO	1
GED	1
GET	1
GIFTS	1
GOODY	1
GOVERNOR	1
Ga	1
Gabriel	2
Gailhaguet	17
Games	1
Gamino	1
Gang	1
Garcia	1
Garden	1
Gators	2
Gaudens	1
Gay	4
Gelles	1
Gen	2
General	1
Generalized	1
Generally	1
George	6
Georgia	2
Gerald	2
Getix	1
Gibbs	1
Gift	1
Gifts	3
Gingl	1
Gitex	1
Glenn	1
God	1
Goh	1
Going	1
Goode	2
Gorbachev	2
Gougne	7
Gov	2
Government	1
Grande	1
Gras	2
Great	1
Greenville	1
Gross	1
Grossman	2
Group	5
Growth	1
Guam	1
Guber	3
Guillermo	1
Gulf	5
Gwendal	1
H	1
HAAKENSON	1
HASSAN	1
HELPS	1
HOW	1
HUMAN	1
Haddon	1
Haden	1
Hadson	2
Hahn	1
Hale	1
Hall	13
Hallwood	2
Hamid	1
Hammacher	1
Hap	1
Harry	1
Hasbrouk	1
Hawaii	2
He	49
Health	2
Heavy	1
Heiby	1
Heights	2
Heisman	3
Helsinki	1
Henrietta	1
Here	2
Heritage	6
Hersh	3
Hill	1
Hills	1
Hiroshima	8
His	7
History	1
Hitachi	1
Hmong	1
Hogs	1
Holding	2
Holdings	1
Holland	1
Hollis	1
Holloway	1
Hollywood	2
Holsman	1
Hosni	1
Hospital	1
Hostess	1
Hostile	1
Hot	1
Hotel	3
House	3
Houston	1
How	2
Howard	2
However	2
Hudson	1
Hugo	3
Human	1
Hurricane	4
Hurricanes	1
I	88
I-AA	1
IBM	12
II	4
IMMEDIATE	1
IN	2
INTERNATIONAL	1
INTRODUCTION	1
IRAQ-POVERTY	1
ISSUE	1
ISSUES	1
ISU	3
IT	1
Ibrahim	7
If	9
Ill	2
Illinois	1
Impact	1
Impatient	1
Imports	1
In	59
Inauguration	1
Inc	22
Includes	1
Indeed	1
Independent	1
Indian	5
Indonesia	7
Indonesian	1
Industries	4
Infielder	1
Information	3
Innocent	1
Inouye	2
Institute	4
Institution	2
Insurance	1
Integra	2
Intel	1
Intelogic	5
Intending	1
Inter-	1
International	6
Internet	5
Investment	1
Iran-	1
Iraq	21
Iraqi	4
Iraqis	4
Isabel	1
Islamic	1
Island	3
Islands	2
Ismail	1
Israel	3
Israeli	2
It	38
Italian	9
Italian-made	1
Italy	4
Its	3
J	6
JERSEY	2
JL	1
JOE	1
JUDGING	1
JUDGMENT	1
JULY	1
JUMP-START	1
Jabal	1
Jack	3
Jacques	1
Jaime	1
Jakarta	2
Jake	1
James	8
Jamie	1
Jan	1
January	2
Japan	8
Japanese	4
Jeanminette	2
Jebel	1
Jeep	2
Jeffords	4
Jennifer	1
Jenrette	1
Jersey	6
Jewell	1
Jiffy	1
Joe	2
Joel	1
John	3
Johnson	6
Jon	1
Jonathan	1
Jones	4
Jordan	5
Jorge	2
Jose	7
Journal	3
Jr	1
Judah	1
Judy	1
Julia	14
July	7
Jun-song	1
June	3
Just	1
Justice	7
K	2
KAREN	1
KAROLA	2
KIM	1
Kalamazoo	1
Kane	1
Karen	1
Karnes	36
Kavalier	1
Kearny	1
Keith	1
Kelly	5
Kickoff	1
Kiffer	1
Kim	1
King	1
Kingsbridge	1
Kitchen	1
Korea	2
Korean	3
Koskovich	1
Kuwait	2
L	3
LATIN	1
LAURA	1
LIVES	1
LOHR	1
LONG	1
Lake	8
Lama	5
Lanka	1
Lassen	2
Last	1
Later	1
Latin	3
Launching	2
Laurent	1
Law	1
Lawless	1
Lawmaker	1
Lawmakers	1
Lawrence	1
Le	9
League	2
Leape	2
Leone	1
Leonidas	1
Leslie	1
Less	1
Let	1
Library	1
Like	2
Lilienfeld	2
Limited	1
Lines	1
Lisa	1
Little	4
Live	1
Liza	1
Lloyd	1
Loan	2
Lobster	1
London	9
Long	2
Lopez	1
Lorenzo	1
Los	1
Loughlin	1
Louis	1
Louisette	1
Lower	4
Lowering	1
Ltd	2
Lube	1
Lucile	1
Lufkin	1
Luis	1
Luz	1
M	4
M-	1
MAKE	2
MANSNERUS	1
MCCALL	1
MEDICINE	1
MICHELLE	1
MICROSOFT	1
MILLION	1
MONTREAL	1
MUST	2
MacLellan	1
Magazine	1
Magleby	1
Magna	8
Mahathir	3
Maine	3
Making	1
Maktoom	1
Maktoum	1
Malaysia	4
Malaysian	3
Maltese	1
Man	1
Management	1
Manfred	1
Manhattan	13
Manning	1
Mannix	1
Manuel	1
Many	2
March	6
Maria	1
Marina	1
Marine	10
Mark	3
Markets	2
Marlins	2
Marmi	3
Marquis	1
Marriott	1
Marshall	3
Martin	4
Marty	1
Mary	1
Masa	2
Mass	2
Mastering	3
Matchett	2
Maxwell	2
May	4
Mayor	1
McAlpine	8
McCall	7
McGinniss	1
McGuigan	2
Md	1
Medellin	3
Media	1
Medical	2
Megawati	2
Meridian	7
Merkel	1
Mexico	6
Miami	4
Mich	1
Michael	4
Michelle	2
Micronyx	1
Microsoft	10
Microsoft-	1
Middle	4
Midwest	4
Midwestern	1
Miguel	1
Mikhail	1
Milan	2
Miles	1
Miller	2
Milwaukee	2
Mina	1
Minaya	4
Minister	4
Minnelli	1
Mint	2
Mirror	1
Miss	1
Mogavero	1
Mohamad	1
Mohamed	2
Mohammed	2
Molina	4
Momordica	1
Mona	1
Monday	3
Montedison	3
Monterey	1
Monterrey	3
Montgomery	1
Montreal	1
Moore	2
More	5
Moreover	1
Most	3
Mountain	1
Moving	1
Mr	34
Mrs	1
Ms	1
Mubarak	6
Much	1
Museum	1
Muslim	1
My	2
N	18
NEW	5
NEWHOUSE	1
NEWS	4
NL	1
NMFS	1
NONSUBSCRIBERS	1
NORTH	1
NOTE	1
NULL	505
NYT	10
NYT-	9
NYTimes	1
Nafis	1
Nagano	1
Nagasaki	2
Nam	1
Napa	1
National	11
Nations	9
Nationwide	1
Navy	1
Neither	4
Nelson	11
Net	2
Netherlands	1
New	48
Newhouse	1
News	10
Newspapers	3
Next	1
Nicaragua	3
Nieves	1
Nigel	1
Night	1
Ninety	1
No	9
Noel	1
Nokia	1
None	1
Nor	2
Noriega	3
North	7
Not	3
Nov	6
November	1
Now	2
Numismatic	2
Nuys	1
O	2
OF	4
OFFER	1
OFFERS	1
OK	1
OLYMPIC	1
ON	2
OPENS	1
OPTIONAL	3
OUTFIELD	1
OVERTURNS	1
Oats	1
Obviously	1
Ocean	2
Ochoa	8
Oct	1
Of	1
Office	1
Ohio	6
Oklahoma	2
Ole	1
Oliver	1
Olympic	2
Olympics	5
Omar	1
On	12
Once	1
One	4
Only	2
Opening	1
Operations	1
Optional	1
Ore	2
Oregon	1
Oregonian	1
Orellana	2
Organization	2
Oriental	1
Orlando	2
Ortega	1
Oshkosh	3
Other	1
Our	1
Outside	1
Over	5
Oy	3
PALLID	1
PANEL	1
PATAKI	1
PATH	1
PC	1
PCS	1
PERSISTENT	1
PETS	1
PHOTOGRAPH	1
PITCHERS	1
PLAN	1
PLANT	1
PLC	4
POOR	1
POP	5
POWELL	1
PRESCRIPTION	1
PRICE	1
PRIVILEGES	1
PRODUCE	1
PRODUCTS	1
PSYCHOLOGISTS	1
Pa	1
Pacific	3
Packard	3
Packwood	2
Paek	1
Palestinians	1
Palmeiro	2
Palmisano	1
Panama	3
Pardee	1
Paris	5
Parkway	1
Parliament	1
Partnership	1
Pasadena	1
Pascoe	2
Paso	1
Pass	1
Patagonian	1
Pataki	4
Patch	1
Patients	1
Patrick	2
Paul	6
Paulo	1
Paz	1
Peizerat	2
Pelletier	2
Pena	1
Pentagon	1
Peoria	1
Pepin	1
Perpetual	1
Perry	1
Persian	1
Persky	1
Peru	1
Peter	4
Peters	3
Peyton	3
Philadelphia	2
Philip	1
Philippines	3
Phillips	1
Phone	1
Photograph	1
Photography	1
Phyllis	1
Pictures	1
Piscataway	1
Poritz	1
Port	3
Portland	2
Poster	1
Powell	13
Preferences	1
President	12
Press	4
Presumably	1
Pretax	1
Preventive	1
Previously	2
Price	1
Prime	2
Primerica	4
Prince	2
Prize	1
Processors	1
Professionals	1
Program	1
Project	2
Property	1
Psychological	1
Psychology	2
Pulitzer	1
Purina	1
Pusan	1
Q	1
Qaida	1
Quonset	1
R	4
RARE	1
RBI	3
RECORD	1
RED	1
RELATED	1
RELEASE	1
REMAINS	1
RESPONSIBLE	1
RICHARD	1
RIGHTS	1
RMS	3
ROGERS	1
ROSEN	1
RUSSIAN	1
Radio	2
Ralston	6
Randolph	1
Ranger	1
Rare	1
Rashid	2
Ratner	1
Ratners	7
Ray	1
Red	8
Redden	2
Reds	1
Redskin	2
Redskins	3
Reed	3
Renegotiating	1
Rep	4
Report	1
Representative	2
Republican	3
Republicans	1
Resources	1
Responding	1
Restaurant	1
Reupke	6
Reuters	9
Revenue	1
Rex	1
Richard	2
Richardson	3
Right	1
Ripert	3
River	1
Robert	5
Roberta	1
Rochelle	1
Rockford	1
Rod	1
Rogers	1
Rolex	1
Rome	2
Ron	2
Roosevelt	2
Rosen	1
Rouen	1
Royal	1
Rule	4
Rules	1
Russia	2
Russian	29
RxP	7
S	41
SAEKEL	2
SALES	1
SAN	4
SANDOMIR	1
SCANDAL	1
SCIENTIFIC	3
SCORECARD	1
SCREEN	1
SCRIPT	1
SEAFOOD	1
SEASON	1
SEC	1
SELECT	1
SENATE	1
SENATOR	1
SENTENCE	1
SERI	1
SERVICE	4
SERVICES	2
SEVERSON	1
SHAILA	1
SHAME	1
SOARES	1
SOFTWARE	1
SOME	1
SOX	1
SSCP	2
STEVE	1
STLD-	1
STLD-WRITE	1
STLD-WRITETHRU-	1
STLD-WRITETHRU-NYT	1
SUBS	2
SUPREME	1
Saad	1
Sadat	1
Saint-	2
Saipan	1
Sal	1
Sale	2
Sales	6
Salmon	1
Salt	9
Samuel	1
San	12
Sandinistas	2
Santa	1
Sao	1
Saturday	4
Savin	3
Savings	2
Schlemmer	1
Schmidt	1
School	1
Schroder	1
Science	1
Scientific	2
Scott	2
Seabass	1
Seabees	2
Seafood	3
Seattle	2
Secret	3
Secretary	2
Security	4
Selby	1
Semitic	1
Sen	4
Senate	27
Senator	1
Seoul	1
Separately	1
Sept	7
Service	15
Services	3
Seung	1
Seventy	1
She	16
Sheikh	4
Shepperd	1
Sicherle	1
Siegel	2
Sierra	1
Sigmund	1
Sikharulidze	3
Silva	1
Silver	1
Silverplate	2
Simon	2
Simone	1
Since	3
Singapore	3
Skating	9
Skies	2
Smithsonian	3
So	7
Society	2
Soler	1
Some	4
Someone	1
Song	1
Sonoma	1
Sony	5
Sotheby	5
South	3
Southeast	2
Southern	3
Soviet	3
Soviets	2
Sox	7
Spaatz	1
Special	1
Spencer	1
Spirduso	1
Spring	1
Springfield	1
Sprint	2
Sri	1
St	1
Stack	3
Stamford	1
Stanford	2
Starke	14
State	7
States	22
Stephanie	1
Stephen	2
Stern	2
Steve	3
Stieglitz	2
Still	2
Stock	8
Stoneman	1
Stork	1
Story	4
Strategic	1
Street	4
Stronach	5
Students	1
Subcontractors	1
Sukarnoputri	1
Sun	2
Sunday	2
Super	1
Supreme	2
Surrey	1
Susan	2
Susie	1
Swiss	2
Syed	1
Syndicate	5
Syracuse	1
System	1
T	5
TALKS	1
TEAMS	1
TERROR	1
THE	8
TIRED	1
TNT	1
TO	5
TORRICELLI	1
TRADE	1
TRADES	1
TRANSPLANT	1
TRANSSEXUAL	1
TRENTON	1
TRIM	4
TRIMMING	1
TUESDAY	1
TV	2
TWO	1
Taivanchik	2
Taiwanese	2
Take	2
Taking	1
Tashkent	2
Tass	1
Taylor	2
Tech	1
Tech-	1
Technology	3
Telegraph	1
Telephone	1
Telerate	6
Television	1
Tennessee	2
Terms	1
Terrorism	1
Texas	5
Thailand	1
Thanks	1
That	15
The	244
Their	2
Theodore	2
There	3
Therefore	1
They	23
This	23
Thomas	2
Thor	1
Those	2
Though	2
Three	2
Throughout	1
Thursday	4
Thus	1
Tibbets	29
Tigers	1
Tim	1
Time	3
Times	13
Timex	3
Timor	1
Tinian	8
Tiny	1
To	4
Today	1
Tokhtakhounov	31
Tokio	1
Toledo	1
Tom	4
Tompkins	1
Toms	1
Tong	1
Tony	9
Toronto	4
Torricelli	38
Tots	1
Trace	1
Trade	5
Travelers	3
Treasury	3
Tribune	1
Trophy	1
Truck	2
Trust	3
Trustco	1
Tuesday	22
Tulane	1
Turned	1
Twelve	1
Two	2
U	45
U.S.	4
UAE	1
UBS	1
UNDATED	1
UPSTATE	1
US	3
USES	1
Ukrainian	1
Under	6
Unicorp	2
Union	4
United	31
University	10
Upjohn	9
Use	2
Ute	1
Uzbekistan	2
V	3
VCR	1
Valley	7
Van	2
Vanderbilt	2
Vandy	1
Vargas	1
Vegetable	1
Velcro	1
Verizon	1
Vermont	1
Verniero	1
Victory	1
Vietnam	1
Vietnamese	1
Virgilia	1
Virgin	2
Virginia	2
Visit	1
Vt	1
W	1
WASHINGTON	2
WEIGHS	1
WEYDERT	1
WHO	1
WIRELESS	1
WITH	2
Waertsilae	10
Walbrecher	1
Waldorf-	1
Wall	2
Wan	2
War	7
Ward	1
Warner	2
Wartenberg	1
Washington	13
Watch	2
Watching	1
Waters	1
We	16
Web	4
Wednesday	12
Weisfield	3
Wendover	7
Wendy	1
Wertheim	1
West	4
Westchester	1
Western	2
What	5
When	9
Where	1
While	6
White	3
Who	1
Whole	1
Why	2
Wild	1
William	2
Williams	8
Windows	1
Wine	1
Winter	3
Wireless	2
Wis	1
With	4
Within	2
Wolin	1
Woo-kim	1
Words	1
World	8
Writer	1
Xerox	3
Y	4
YORK	3
Yankees	2
Yeah	1
Yelena	1
Yes	1
Yet	1
York	35
Yorkers	1
You	3
Young	1
Your	4
ZALKIN	1
Zamora	1
Zazzali	3
Zimbardo	1
Zone	1
Zook	2
_	1
`	6
a	644
abandon	1
abandoned	1
ability	3
able	4
abortion	1
about	62
above	3
abrogation	1
abundant	1
abuse	1
abuses	2
acceptable	1
acceptance	3
acceptances	1
accepted	3
accepting	2
accepts	1
access	2
accessories	2
accompanying	2
accord	1
according	7
account	3
accountable	1
accounted	1
accounts	1
accrue	1
accurate	1
accusations	1
accused	3
accuser	1
achieve	1
achieved	2
achieving	1
acid	1
acknowledged	1
acquire	1
acquired	2
acquiring	1
acquisition	6
across	1
act	4
acted	1
action	10
actions	7
activated	1
active	5
activism	1
activist	2
activists	1
activities	4
activity	1
acts	1
actual	1
actually	2
acute	1
adapting	1
added	11
adding	3
addition	7
additional	3
address	1
addresses	1
adequately	1
adjustments	1
adjutant	2
administration	3
administrative	3
administrator	1
admired	1
admit	1
admonished	3
admonition	1
adopt	1
adopted	2
adopting	1
adulthood	1
advance	2
advanced	5
advances	1
advantage	5
advertised	1
advertisement	3
advertising	3
advisers	1
affairs	2
affect	4
affidavit	4
affiliate	1
afford	1
affordable	1
affront	1
afloat	1
afraid	1
after	43
after-tax	1
afternoon	1
again	4
against	14
age	5
agencies	2
agency	2
agenda	3
agent	6
agents	2
ages	1
aggravating	1
aggressive	1
ago	12
agree	1
agreed	5
agreeing	1
agreement	2
ahead	3
aid	4
aide	2
aides	2
ailing	1
aimed	3
aims	1
air	1
airfields	1
airing	1
airmen	2
airtight	1
ajc	1
al-	1
aligned	1
alive	1
all	39
all-day	1
allegations	2
alleged	6
allocate	1
allow	2
allowed	1
allowing	3
allows	1
ally	1
almost	3
alone	1
along	6
alongside	1
already	13
also	48
alternatives	1
although	1
always	6
am	5
amateurs	1
ambassador	3
ambiguities	1
ambiguous	1
ambitious	1
ambush	1
amicable	1
amid	1
among	5
amortization	1
amount	6
amounts	1
amplifier	1
an	117
analysis	3
analyst	2
analysts	4
and	608
anecdotal	1
anniversary	1
announce	1
announced	5
announcement	1
annual	5
annulled	1
anonymous	2
another	17
answer	2
anti-	2
anti-aircraft	1
anti-democratic	1
anticipates	1
anticipation	1
antidepressants	1
antique	1
antiterrorism	1
any	21
anything	5
apiece	2
apologize	1
apologized	1
appalled	1
apparently	1
appear	4
appearance	2
appeared	3
appears	4
appetite	1
applause	1
appliances	1
applications	1
appointed	2
appointment	2
approach	2
approached	1
approaching	1
appropriate	2
approval	2
approved	3
aquarium	3
are	96
area	8
areas	3
argues	2
argument	4
arise	1
arm	2
arms	2
around	10
arrangements	1
arranging	1
arrest	2
arrested	6
arresting	1
arrive	1
arrived	5
arrives	1
art	2
article	4
artwork	1
as	113
asked	7
asking	1
assassination	2
assembled	4
assembly	1
assess	1
assessing	3
asset	1
assets	4
assignments	1
assistance	1
assistant	4
assisted	2
associated	1
association	2
associations	2
assume	1
assumed	1
assuming	2
assure	1
assured	3
astonishing	1
at	122
ate	1
atom	1
atomic	4
atrocity	1
attack	4
attacks	2
attained	1
attempt	2
attempting	4
attempts	3
attendance	1
attended	1
attending	1
attention	2
attorney	4
attorneys	1
attract	1
attracted	1
attributed	2
au	1
auction	9
auctioned	2
auctioneer	1
auctions	1
audience	2
author	2
authorities	4
authority	3
auto	2
autographs	2
automated	1
automatic-teller	1
automatically	1
automotive	3
available	6
avert	1
award	2
awarded	2
aware	1
awareness	2
awash	1
away	3
awesome	1
back	12
backed	2
background	2
backing	1
backlash	1
backlog	1
backup	2
bad	5
badly	1
bakery	2
balance	1
ballot	2
ballots	1
bank	3
banker	1
banking	1
bankrupt	1
bankruptcy	5
banks	4
banning	1
barbed	1
barely	1
bargain	1
barrage	1
barred	1
barriers	1
bars	1
base	4
baseball	2
based	17
baserunners	1
bases	2
bash	1
basic	1
basis	2
bat	1
bated	1
battalions	1
batted	1
battery	3
battle	2
be	133
beach	1
bean	1
bear	1
bearing	1
beat	1
beautiful	2
became	3
because	25
become	6
becomes	3
becoming	1
bed	2
beds	1
been	60
before	26
began	4
begin	5
beginning	2
behavior	3
behind	2
being	18
belief	2
believe	4
believed	4
believes	2
below	5
bench	2
beneficiaries	1
benefit	6
benefited	1
benefits	2
besides	1
best	8
best-known	1
best-selling	1
bet	1
betrayal	1
better	5
betting	1
between	14
beyond	1
bid	3
bidder	1
bidders	5
bidding	1
bids	2
big	9
bigger	1
biggest	4
bilingual	1
bill	3
billboard	1
billboards	1
billion	21
billions	2
bin	1
biology	1
biomedical	1
birthday	7
bit	1
bitter	5
bitterness	1
black	4
blackmailing	1
blames	1
blanched	1
bleeding	1
blessing	3
blinding	1
blinds	1
block	2
blockbuster	1
blocking	1
blood	1
bloodthirsty	1
blow	1
blue	1
blunder	1
board	9
boast	1
boat	1
body	1
bolster	1
bomb	13
bombed	2
bomber	2
bombing	3
bombings	2
bombs	2
bonanza	1
bonds	1
bonus	1
book	4
bookkeeper	1
books	1
boom	1
boosts	1
boot-straps	1
boots	1
border	1
borders	1
born	2
bosses	1
botanically	1
both	9
bottle	1
bought	2
bounced	1
bounds	1
boy	1
boycott	4
braced	1
braised	1
bread	1
break	1
breast	1
breeze	1
bribery	1
brief	2
bright	1
bring	2
bringing	1
brings	1
broadcast	2
broadcasting	1
broader	1
broken	2
bronco	1
bronze	3
brother	3
brothers	2
bubble	1
bubbling	1
budget	1
build	1
building	4
built	3
bulk	1
bullpen	1
bullying	1
bunches	1
bunk	1
buoyancy	1
burst	1
bus	2
business	21
businessman	2
buster	1
but	55
butter	2
butters	1
buy	6
buyer	4
buyers	1
buying	2
by	116
c	9
cable	2
cadmium	1
cajoling	1
cake	2
calendar	2
call	8
called	11
caller	1
callers	1
calling	2
calls	3
came	15
camera	1
campaign	16
campaigns	1
can	21
cancel	1
candid	1
candidate	5
canine	1
cannot	6
cap	1
capabilities	1
capability	1
capacity	3
capital	11
capitalize	1
captain	1
captured	1
car	1
carbon	2
card	1
cards	2
care	1
career	6
cargo	1
caring	1
carpet	1
carriers	3
carries	1
carry	2
cartel	4
case	12
cases	3
cash	12
cash-flow	1
casts	1
casualties	2
casualty	3
cataloged	1
catch	3
catcher	3
catches	1
catching	1
categories	1
catering	1
caught	2
cause	1
causes	1
causing	1
caviar	2
cease	1
celebrate	1
celebrates	1
celebration	1
celebrations	1
celebrity	2
cell	3
cellophane	1
censorship	1
censure	1
cent	1
center	3
centers	1
central	1
centralized	1
cents	31
cereal	1
ceremony	6
certain	5
certainly	1
certificate	1
certify	1
chain	3
chairman	6
chairs	1
chamber	1
champion	1
championships	1
chance	3
chances	1
change	5
changed	3
changes	4
changing	3
chapati	1
charantia	1
charge	16
charged	1
charges	10
chassis	3
chastised	1
chatter	1
check	1
checks	1
chef	5
chefs	10
chemical	2
chemicals	1
chief	12
chiefly	1
child	1
children	5
chilling	1
chip	4
chips	7
chocolat	1
chocolate	2
choice	1
choices	1
choosing	2
chopping	1
chose	2
chosen	1
chronic	1
circuitry	1
circuits	1
circulation	2
circumstances	4
cite	1
cited	5
cites	1
cities	1
citizen	4
citizenship	3
citrus	1
city	9
civilian	2
civilians	1
claim	2
claimed	2
claims	5
class	3
classes	3
classic	1
classification	1
classifications	1
classroom	1
clear	4
cleared	2
clearly	1
clears	1
client	2
clients	3
climates	1
climbed	2
climbing	1
clinical	2
clock	1
clone	1
close	12
closed	10
closely	3
closer	1
closing	3
cloth	2
cloud	1
clout	1
club	5
co-authors	1
co-conspirator	2
co-conspirators	2
co-founded	2
coach	2
coaching	1
coastal	1
cocaine-connected	1
cocoa	1
code	2
coffee	1
coin	22
coincided	1
coincides	1
coins	5
collaboration	1
collapse	2
collapsed	1
collected	1
collection	1
collector	1
collectors	3
college	1
colleges	1
color	2
colored	1
com	7
combat	2
come	7
comeback	1
comes	3
coming	2
command	2
commander	2
commanding	1
comment	4
commented	1
commercial	2
commercially	1
commission	2
commit	2
commitment	2
committed	2
committee	25
committees	1
commodities	1
common	18
commonly	1
communications	4
communique	1
communities	1
community	4
compact-disc	2
companies	13
company	67
compared	11
comparison	2
compel	1
compels	1
compensation	1
compete	1
competes	1
competing	1
competition	1
competitions	2
competitive	3
competitors	1
complaint	9
complements	1
complete	2
completed	4
completing	1
completion	2
complex	1
compliance	2
complicated	2
complicity	2
composed	1
composite	6
comptroller	2
comptrollers	1
computer	11
computer-maintenance	1
computer-security	1
computers	1
concede	1
conceived	1
concentrate	1
concern	9
concerned	2
concerning	3
concerns	5
conclude	1
concluded	2
condiment	1
condition	1
conditional	1
condominium	1
conduct	3
conducting	1
conference	8
confidence	1
confident	1
confirm	1
confirmed	2
conflicting	1
conflicts	2
confused	1
confusing	1
congressional	3
congressman	1
congressmen	1
connect	2
connected	3
connection	3
conscience	1
consequently	3
conservation	6
consider	2
considered	5
considers	1
consistent	2
consoles	1
conspiracy	7
conspirators	1
conspired	1
constituencies	1
constitute	1
constraints	1
constricting	1
construction	3
constructive	1
consulting	1
consumer	3
consumers	1
consuming	1
contact	8
contacted	1
contacting	2
container	1
contains	1
contemporary	1
contemptuous	1
contended	1
contender	1
contending	1
contention	1
contents	1
contest	1
contested	1
continue	4
continued	4
continues	1
continuing	3
continuously	1
contract	3
contractor	1
contractors	1
contracts	2
contrast	1
contribute	1
contributed	1
contributions	1
contributor	1
control	1
controlling	1
controls	2
controversy	1
convention	1
conversation	2
conversations	2
conversion	2
convert	1
convertible	3
convicted	5
convicting	1
conviction	2
convinced	1
cook	3
cooking	4
cooks	2
cooperate	1
cooperated	1
cooperating	1
cooperation	5
coordinate	1
coordinated	1
coordinator	1
copia	1
copied	1
copyright	1
cord	1
core	2
corn	1
corporate	6
correct	1
corrupt	2
corruptly	1
cosmetic	2
cost	8
cost-control	1
cost-cutting	1
costing	1
costly	3
costs	13
could	30
counted	1
counter	3
counterpart	2
counters	1
counterterrorism	2
countless	1
countries	2
country	15
couple	2
coupon	1
courage	1
court	18
courts	1
cover	1
coveralls	1
covered	4
coverings	1
covers	1
crabmeat	1
crack	3
cracking	1
craze	1
crazy	1
create	1
created	3
creating	1
creation	3
credibility	3
credible	2
credit	1
creditor	1
creditors	3
crescents	1
crew	7
crews	3
crime	7
crimes	1
criminal	6
crimson	1
crippling	1
crisis	2
crispy	1
critical	2
criticize	1
criticized	3
critics	1
cronyism	1
crop	1
crowd	3
crown	1
crucial	1
crude	1
crudest	1
cruel	1
crust	1
cry	1
cryptographers	1
cue	1
cuisine	1
cuisines	1
culinary	4
cultivated	1
curb	1
currency	1
current	7
currently	6
curriculum	1
curries	1
curtailed	1
custom	2
customary	1
customers	6
customized	1
cut	8
cutthroat	1
cutting	1
cycles	1
cyclical	1
cyst	1
d	2
dads	1
damage	2
damages	1
dame	1
dancer	4
dancers	4
dancing	5
danger	1
dark	2
data	2
daughter	1
daunting	1
day	12
days	9
de	1
dead	1
deadline	4
deal	11
dealer	2
dealers	1
dealership	1
dealings	2
death	13
debate	3
debenture	1
debt	5
debut	1
decade	4
deceit	1
decide	2
decided	4
decision	2
decisions	1
declaration	1
declared	4
decline	1
declined	6
declines	1
decorated	1
dedicated	1
dedication	1
deemed	2
defeat	1
defeats	1
defend	1
defender	1
defense	3
definition	1
degree	1
dei	3
delay	1
deliberations	1
delisted	1
delivered	3
delivery	1
deliverymen	1
deluged	1
demand	8
demanded	1
democracy	4
democratic	2
demonstrate	1
demonstrating	1
demonstration	1
denied	1
departure	6
depend	1
depending	1
depiction	1
depleted	1
depletion	1
deposed	1
depositary	1
depot	1
depreciation	1
depth	1
deputy	3
derived	1
descended	1
describe	2
described	1
describes	1
description	1
descriptions	2
desert	2
deserving	1
design	2
designation	1
designed	5
designers	2
designs	2
desire	1
desk	2
desktop	2
despite	2
dessert	1
destiny	2
destroy	1
destroyed	3
destroying	1
destruction	4
detailed	1
detailing	1
details	3
detention	1
deter	1
determination	1
determine	1
detonation	1
devastation	1
develop	1
developed	3
developer	1
developing	3
development	4
developments	1
devices	3
devoid	1
dgamino	1
dialing	1
diaper	4
dictatorship	1
did	24
die	1
died	2
diets	1
differ	1
difference	4
different	11
differently	1
difficult	2
digging	1
dignity	1
diluted	1
diners	1
dining	1
dinner	4
dinners	2
dioxide	2
diploma	1
diplomatic	3
diplomatically	1
dire	1
direct	3
directed	1
director	13
directors	2
directorship	1
disabled	1
disagreement	1
disappear	1
disappearing	1
disappointed	2
disappointing	1
disappointment	1
disaster	1
disasters	1
disciplined	1
disclose	2
disclosed	1
disclosure	3
discontinued	2
discounted	1
discovered	1
discuss	3
discussed	1
discussing	1
discussion	1
discussions	1
disgruntled	1
dish	1
disks	1
dismantled	1
dismay	1
dismissal	1
disorganized	1
display	1
displayed	5
displays	1
disposables	1
disposal	3
dispute	1
disputing	1
disregarding	1
dissent	1
distanced	1
distribute	1
distributed	1
distributes	1
distributor	1
district	2
disturbance	1
disturbing	1
diversity	1
dividend	6
dividends	1
division	3
do	33
doctorate	1
document	2
documented	1
documents	4
does	12
doing	2
dollar	2
dollars	7
dollop	1
dolls	1
dominated	2
dominates	1
done	5
donor	1
donuts	1
doors	2
double	9
doubling	1
doubt	2
down	19
downs	1
downtown	3
downturn	2
dozen	2
dozens	1
draft	1
drag	1
drain	1
drama	1
dramatic	1
draw	1
drawer	1
dream	3
drift	1
drifts	1
drive	1
driven	1
driver	1
drives	1
driving	2
drop	7
dropped	3
dropping	1
drove	1
drug	12
drug-financed	1
drugs	2
dry	1
dual	1
duck	2
due	7
duplicate	1
during	10
duties	2
duty	1
dwell	1
dynamite	1
dynasty	1
e	1
e-commerce	4
e-mail	3
e-trade	1
eBay	1
each	17
eager	1
eagle	8
eagles	2
ear	1
earlier	11
early	11
earn	1
earned	8
earnings	13
earrings	4
earthquake	2
ease	2
eastward	1
easy	1
eats	1
eavesdropping	1
ebullient	1
economic	6
economy	2
ecosystem	1
ecosystems	1
edge	1
editions	2
editor	3
editorial	4
editorials	1
editors	1
educating	1
education	6
effect	1
effective	4
effects	1
efficacy	1
efficiency	2
efficient	1
effort	3
efforts	8
egg	1
egoless	1
eight	4
eight-person	1
eighth	1
either	3
election	4
elections	4
electronic	9
electronics	1
eligible	2
eliminate	3
eliminated	3
eliminates	1
elite	1
else	1
elsewhere	1
embargo	1
embark	1
embarrassing	1
embarrassment	1
embraced	1
emissions	4
emotional	1
emphasis	2
emphasized	1
emphasizes	1
emphasizing	1
empirically	1
employ	2
employee	4
employees	9
employment	1
en	1
enclosed	1
encrypting	1
end	8
endangered	1
ended	7
ending	2
endorsed	2
endured	1
enemy	1
energized	1
energy	1
enforcement	1
engaged	2
engineering	2
engulf	1
enhance	1
enjoy	2
enormous	1
enormously	1
enough	5
enriched	1
enriching	1
enrolled	1
enshrined	1
ensuing	1
ensure	1
entering	1
enterprise	1
enters	1
entertaining	1
enthusiasts	1
entirely	1
entitles	1
environment	2
environmental	3
environmentalists	1
environmentally	1
episode	1
equal	1
equip	1
equipment	2
equivalency	1
equivalent	1
erased	2
eroding	1
erroneous	1
errors	1
escaped	1
especially	4
espionage	2
esplanade	1
essential	1
essentially	2
establish	1
estate	2
estimate	2
estimated	6
estimates	3
etc	1
etched	1
ethics	8
ethnic	2
evaluating	1
evaluation	1
eve	1
even	16
evening	2
event	1
events	2
eventually	1
ever	6
every	9
everybody	2
everyone	1
everything	5
everywhere	1
evidence	6
evidenced	4
evident	1
exactly	2
examined	1
example	5
exasperation	1
exceeding	1
except	1
exception	1
excerpts	3
excess	2
exchange	2
excited	2
exciting	1
exclusive	1
execute	1
execution	1
executive	15
executives	4
exempt	1
exercise	1
exercised	3
exhaustively	1
exhibit	1
exile	1
existed	2
existence	1
existing	2
exists	1
exodus	1
exotic	1
expand	1
expansion	1
expect	1
expectations	2
expected	19
expects	6
expelled	1
expenditures	1
expense	1
expensive	5
experience	3
experienced	1
experiment	1
expert	2
experts	4
expire	6
explained	1
explains	2
explanation	2
explicit	1
exploded	2
exploit	1
exploited	1
exploration	2
explore	1
explosion	1
export	3
expose	1
express	1
expressed	2
expresses	1
expression	1
expulsion	1
extend	1
extended	4
extension	3
extensive	2
extinction	1
extort	2
extradited	1
extradition	2
extraordinary	4
eye	1
eyeing	1
f	11
fabricating	1
fabrication	1
face	6
faces	1
facilities	3
facility	5
facing	1
fact	1
factor	1
factors	3
factory	12
facts	1
fads	1
failed	3
failing	2
failure	3
fair	6
fairly	1
fake	1
fall	8
falloff	1
falls	2
false	1
familiar	3
familiarity	1
families	1
family	5
famous	3
far	7
farmers	2
fascinating	1
fashion	1
fast	2
fasteners	2
father	1
favorite	3
favorites	2
favors	1
fax	1
fear	2
features	1
federal	17
federation	5
fee	1
feed	1
feel	2
feeling	2
feels	2
feet	3
feline	1
fell	9
fellow	2
fellowships	1
felonies	1
felt	6
female	1
festered	1
fetching	1
few	10
fiasco	1
fibrous	1
field	4
fielder	1
fiercely	1
fight	2
figure	6
filed	4
filing	1
fill	1
filled	1
fillings	1
film	1
final	2
finalized	1
finally	1
finals	1
finance	3
financed	1
financial	6
financial-disclosure	1
financing	3
find	4
findings	2
fine	2
fingers	1
finish	2
finished	1
finishing	1
fire	2
firm	3
firms	4
first	23
fiscal	6
fish	3
fished	1
fisheries	7
fishery	1
fishing	2
fitness	2
five	8
five-year	1
fix	1
fixed	2
flapping	1
flash	1
flat	2
flavor	1
flavored	1
flawed	1
flecked	1
fleets	1
flesh	1
flew	2
flexibly	1
flies	1
flight	5
floor	2
flour	1
flow	2
fluctuation	1
fluke	1
fly	2
flying	1
focal	1
focused	2
folio	1
follow	2
followed	5
following	1
food	8
footage	1
football	2
for	296
forbidden	1
force	4
forced	1
forces	2
foreign	11
foreigners	1
forever	1
forged	1
forgotten	1
form	2
formal	2
formally	1
format	1
formed	1
former	13
forming	1
forms	1
fortunes	1
forum	1
forward	2
forwarded	1
foster	1
fought	1
found	11
foundation	3
founder	1
four	13
fourth	2
fourth-quarter	3
fourth-ranking	1
fr	1
fraud	1
free	10
freedom	2
freedoms	1
freer	1
frequently	1
fresh	2
fried	2
friend	4
friendly	1
friends	4
friendship	1
from	140
front	1
fruit	1
fruits	1
frustrated	1
fueled	1
full	7
full-fledged	1
full-time	1
fully	5
fully-owned	1
functions	1
fund	2
fund-raising	1
fundamentals	1
funds	4
further	4
future	3
gain	5
gained	1
gaining	1
gains	4
galley	1
gambling	1
game	6
games	6
gaping	1
garlic	1
gas	2
gathered	2
gathering	1
gave	8
gavel	2
gearing	1
general	12
generally	1
generate	1
generated	2
generation	2
get	20
gets	3
getting	3
giant	1
gift	3
gifts	13
girlfriends	2
give	4
given	10
gives	5
giving	6
glasnost	1
glass	1
glasses	2
glee	1
glitches	1
global	4
glorious	1
go	10
go-go	1
goal	2
goals	2
goes	1
going	16
gold	11
gone	2
good	16
goodwill	1
got	19
gotten	2
gourd	1
gourds	1
govern	1
governance	1
governing	3
government	27
governments	2
governor	5
graf	1
grandfather	1
grant	2
granted	1
grants	1
grateful	1
gray	1
great	4
greater	2
greatest	4
greatly	1
green	2
grew	1
grim	1
ground	4
grounds	2
groundswell	1
group	15
groups	5
grow	2
growing	6
growth	6
guerrillas	2
guests	1
guidance	2
guides	1
guilders	9
guilty	2
gun	1
guy	4
guys	1
habitat	1
had	100
hair	4
half	3
halibut	1
halved	1
halves	1
hand	2
handball	1
handed	1
handful	1
handle	1
handled	1
handling	1
hands	2
hanging	1
happen	2
happening	1
happens	3
hard	6
harder	1
hardly	2
hardships	2
harsh	1
harvest	1
has	111
hated	2
have	94
having	4
he	166
head	5
headcount-control	1
headed	1
heading	1
headquarters	3
heads	2
health	5
healthy	1
heard	2
hearings	2
heart	1
heavily	1
heavy	3
held	1
hell	1
help	15
helped	2
helping	3
helpings	1
hemisphere	2
her	52
herbs	1
here	15
hereby	1
herself	2
hew	1
high	10
high-level	1
high-ranking	1
higher	7
highest-level	1
highlighted	1
highly	2
him	32
himself	3
hinted	1
hire	1
hiring	1
his	122
historians	1
historic	2
history	10
hit	8
hitech	1
hitter	2
hitting	3
hockey	2
hold	4
holder	1
holders	2
holding	6
holds	2
hole	1
holes	1
home	20
homeless	1
homers	3
honesty	1
honorary	1
honoree	2
honoring	1
hoopla	1
hope	2
hopes	1
horoscopes	1
horrified	1
hospital	1
hospitals	3
host	2
hotel	2
hotels	1
hottest	1
hour	7
hours	5
house	3
houses	1
housing	1
how	15
however	2
http	1
huge	4
human	9
humanitarian	5
hundreds	5
hurt	5
husband	2
hut	1
i	1
ice	11
icon	2
idea	7
ideas	2
identified	2
identities	2
if	16
ignores	1
illegal	1
illegally	1
image	3
images	2
imagine	1
immediately	2
impact	3
implement	1
implementation	1
implicated	3
important	10
imported	1
imports	4
impose	1
imposed	1
imprisonment	1
improper	1
impropriety	2
improved	1
improvement	1
improving	1
in	504
inadequate	2
inaugurated	1
inauguration	2
include	3
included	7
includes	3
including	18
income	14
income-tax	1
incomplete	1
incongruities	2
inconsistencies	2
inconsistent	1
incorporated	1
increase	5
increased	2
increases	1
increasing	1
increasingly	1
independence	1
independent	3
independently	1
indicate	1
indicating	1
indictments	1
indirect	1
individual	2
individuals	2
industrial	4
industry	9
industry-government	1
ineffective	1
inevitably	1
inexcusable	1
inexperienced	1
infant	1
infiltrated	2
influence	2
influential	1
influx	1
information	26
informed	1
informs	1
infrastructure	1
ingratiate	2
ingredients	1
initial	1
initiative	1
initiatives	3
injecting	1
injured	1
injury	1
inmate	1
innocent	1
innovate	1
innovations	1
inquiries	1
inquiry	5
inscribed	1
inserted	1
insisted	2
inspectors	2
install	1
installation	1
installed	1
instances	1
instantly	1
institute	1
institution	2
institutions	1
instruction	1
instructions	3
instrument	1
insufficient	1
insulated	1
insulation	1
insurance	7
insurer	1
intact	1
intends	1
intensified	1
intention	1
inter	1
interest	7
interested	1
interests	2
interim	1
international	9
internationally	3
internet	1
intertwine	1
intervals	1
interventions	2
interview	3
interviewed	1
into	34
intricacies	1
intriguing	1
introduction	2
introductions	1
invaluable	1
invasion	2
investigate	1
investigation	5
investigator	2
investigators	4
investment	4
investments	2
invests	1
invited	1
involved	6
involves	2
involving	2
irrelevant	1
is	234
island	2
isolation	2
issue	9
issued	5
issues	5
it	151
item	1
items	6
its	78
itself	3
jail	1
jailing	1
jealous	1
jeopardize	1
jeweler	2
job	11
jobs	8
join	5
joined	2
joining	1
joint	2
jointly	2
jolly	1
journalists	4
journey	1
joy	1
jubilant	1
judge	8
judges	4
judging	3
judgment	7
jumped	2
jury	6
just	15
justice	2
justices	1
keep	6
keeping	1
keeps	2
key	1
kicked	1
kid	1
kidnapped	1
kids	5
kill	1
killed	6
killing	1
killings	1
kind	5
kindred	1
kinds	2
king	2
kitchen	9
knew	6
know	10
knowledgeable	1
known	8
knows	2
krosen	1
la	1
laboratories	1
labs	1
lack	4
laid	1
landfills	1
landing	2
landmark	2
large	2
large-screen	2
largely	2
larger	1
largest	5
last	21
late	6
later	21
latest	6
laugh	1
launch	1
launched	4
launching	1
law	6
lawmaker	1
lawmakers	1
laws	1
lawyer	3
lay	1
laying	1
lead	4
leader	3
leadership	3
leading	4
league	2
leans	1
learn	2
learned	1
lease	1
leaseholders	1
leases	1
least	6
leather	1
leave	1
leaving	1
led	8
left	7
left-wing	1
leftist	1
legacy	1
legal	4
legally	4
legation	1
legend	2
legislation	3
legislators	1
legislatures	1
legitimate	1
legs	1
legwork	2
leisurely	1
lengthwise	1
lengthy	1
lent	1
less	6
let	3
letter	6
letters	4
level	3
levels	1
liabilities	1
license	3
lieutenant	2
life	9
lifetime	1
lifted	1
lifting	1
light	8
lightly	2
lights	1
like	27
liked	3
likely	4
likeness	1
limit	2
limited	2
limits	2
line	3
lines	6
lineup	1
lining	1
link	1
linked	2
links	1
liquidation	1
list	6
listed	1
listen	1
lists	1
lit	1
literature	1
litigation	1
little	8
live	2
lived	4
lives	5
living	4
load	2
loan	6
loans	3
lobby	1
lobbying	1
local	3
located	1
locked	1
logical	1
lone	1
long	14
long-awaited	1
long-range	1
long-term	1
longer	1
longstanding	1
longtime	1
look	7
looked	2
looking	3
looks	1
lords	2
lose	2
losing	1
loss	15
losses	5
lost	2
lot	9
louder	1
love	3
loves	1
low	1
lower	6
lowest	1
lucky	1
lunch	2
m	5
macerate	1
machinery	1
machines	3
made	22
magazine	3
magnified	1
mail	3
mailing	1
main	3
mainframe	1
mainly	1
maintain	1
maintained	1
maintaining	1
major	7
majority	4
majors	1
make	22
maker	6
makers	1
makes	5
making	8
male	1
malnourishment	1
malnutrition	2
man	8
manageable	1
managed	2
management	8
manager	11
managers	1
managing	1
manipulating	1
manufacture	1
manufactured	1
manufacturer	1
manufacturing	3
many	22
margin	1
margins	1
marine	3
marjolaine	2
mark	1
market	20
market-based	1
marketed	2
marketing	1
marketplace	1
markets	4
markkaa	3
marks	1
marlin	1
mass	3
master	1
masters	1
match	1
matched	1
material	3
materialized	1
materials	3
matter	3
matters	3
maturity	1
maudlin	1
maximize	1
maximum	3
may	15
mayor	1
me	18
meal	2
mean	1
meaning	1
means	2
meant	2
measure	2
meat	1
mechanics	1
mechanisms	1
medal	5
media	5
medical	6
medicalization	1
medications	2
medicine	3
medium-range	1
meet	1
meeting	6
meetings	3
melon	6
melons	2
melted	2
member	6
members	9
memoir	1
memories	2
memory	1
men	8
mental	1
mention	1
menu	3
merchandising	1
merchant	1
mercury	1
merged	1
meringue	1
merit	1
mess	1
message	4
met	5
metal	1
methodology	1
michellecole	1
microwave	1
mid	1
mid-	1
middle	3
midsized	1
might	7
migrate	1
mild	1
miles	2
militant	1
militants	1
military	10
millennium	1
millimeter	1
million	137
millions	2
minceur	1
mind	5
minded	1
minds	1
mine	2
minister	3
ministers	2
minority	2
mint	3
minute	3
minutes	3
miraculously	1
miscalculated	1
misconduct	1
misinformation	1
missiles	1
mission	7
mistaken	1
mitigating	1
mix	1
mixed	1
mixture	1
mixtures	1
mmm-mm	1
mob	1
mobile	1
mobster	6
mobsters	1
mocks	1
models	1
moderate	1
modern	2
modest	1
modified	1
monetized	1
money	5
monies	1
monitor	2
monitored	1
month	5
months	17
mood	1
moral	1
morality	1
more	48
morning	1
mortality	1
mortgage	1
most	25
mother	8
motivation	1
motivational	1
motor	2
mousse	2
mouth	1
move	14
moved	6
movement	2
moves	4
movie	1
movies	2
moving	2
much	12
multinational	1
murder	3
murdered	1
murders	1
museum	1
museums	1
mushroom	1
mushrooms	1
music	1
must	7
my	12
mysterious	1
n	1
n't	54
naan	1
name	6
named	9
names	3
narrowed	1
narrowly	1
nation	2
national	6
nations	7
nationwide	4
native	1
natives	1
natural	4
naturally	1
nature	1
near	9
nearby	1
nearly	5
need	16
needed	7
needs	4
needy	1
negotiations	1
neither	1
nephews	1
net	20
nets	1
network	3
neuroscience	1
never	11
new	32
news	14
newspaper	3
newspapers	1
next	12
nice	2
nickel	1
nicknamed	1
nicoise	1
nieces	1
night	15
nightclub	1
nine	5
nine-minute	1
nitrogen	1
no	23
nomination	1
noncommittal	1
nonmedically	1
nonrecurring	1
nonsense	1
nonwaiver	1
noodles	1
nor	6
norm	2
normal	2
north	2
not	74
notables	1
note	3
noted	2
notes	1
nothing	4
noting	1
notion	1
notoriety	1
now	16
number	5
numerous	2
numismatic	1
nurse	1
nylon	1
nytimes	3
objection	1
obligations	3
observances	1
observers	1
obtain	1
obtained	1
obvious	2
occasionally	1
ocean	1
oceans	2
odd	1
of	736
off	17
offense	2
offensive	1
offer	21
offered	5
offering	4
offers	4
office	14
officer	11
officers	3
offices	4
official	18
officially	1
officials	20
offset	4
offspring	1
often	7
oil	2
oil-for-food	1
oil-producing	1
oilmen	1
old	7
older	3
omission	1
on	164
once	7
one	53
one-lot	1
one-time	1
ones	3
onions	1
only	33
open	6
opened	5
opening	2
openly	3
openness	1
opens	2
operate	1
operates	4
operating	8
operation	1
operations	9
operator	1
operators	3
opinion	3
opponent	1
opponents	4
opportunities	1
opportunity	4
oppose	1
opposition	1
option	2
options	3
or	101
orange	2
order	5
ordered	4
orders	2
ordinary	2
ordnance	1
oregonian	1
org	1
organic	1
organization	7
organize	2
organized	8
original	3
other	47
others	1
our	8
ours	2
oust	1
out	31
outbid	1
outcome	1
outfield	1
outfielder	6
outfielders	3
outfit	1
outgoing	1
outlay	1
outrage	1
outside	3
outstanding	11
over	27
overdue	1
overexploited	1
overfished	1
overfishing	2
overhead	3
overland	1
overnight	1
overturned	3
owed	3
own	18
owned	5
owner	1
ownership	4
owns	6
oxides	1
p	3
package	3
packaging	1
page	1
pages	1
paid	7
paintings	1
pair	3
pairs	4
palm	1
pancake	1
pancetta	1
panel	11
paper	4
papers	1
paperwork	1
parboiled	1
pared-down	1
parent	2
parents	2
park	1
parks	1
part	19
partial	3
participants	1
participate	2
participating	1
particular	5
particularly	5
partly	3
partner	5
partners	1
partnership	3
partnerships	1
passed	1
past	13
pastry	2
patients	3
patrolman	1
patted	1
pattern	2
pay	11
payable	1
paying	3
payment	1
payments	6
peace	3
peaked	1
pecan	3
peculiar	1
penalty	3
pence	10
pending	1
pennant	2
pension	1
people	21
per	2
percent	10
perfect	1
perfection	1
perhaps	1
period	8
permission	1
permitted	1
perpetual	1
person	8
personal	11
personality	1
personally	2
personnel	1
persuade	2
pet	3
petition	3
pharmaceutical	1
pharmaceuticals	1
pharmacology	1
phase-out	1
phasing	1
philanthropy	1
philosophical	1
phone	6
phones	1
photograph	1
photographed	1
photographs	2
photos	1
phrased	1
physics	1
physiology	1
pick	1
picked	2
picking	1
pickled	1
picks	1
picnic	1
picture	1
piece	2
pieces	1
pill	2
pillow	2
pills	1
pilot	4
pin	1
pinch	1
pins	1
pipe	1
pirate	1
pirated	1
pitcher	1
pitchers	2
pivotal	1
pizza	2
place	11
placed	1
placement	1
plagued	1
plan	14
plane	3
planes	1
planned	3
planners	1
planning	2
plans	10
plant	6
plants	3
plastic	2
play	8
played	6
player	6
players	6
playful	1
playing	2
playoff	1
plays	2
plea	1
pleaded	1
please	1
pleased	2
plenty	1
plight	1
plot	2
plug	1
plunged	2
plus	1
pneumatic	1
podium	1
pods	1
point	3
points	2
poison	2
police	2
policy	6
political	9
politically	2
politicians	1
politics	1
polls	1
pollutants	2
pollution	3
pools	1
poor	9
poorly	1
popular	1
popularity	1
population	2
populous	1
pork	2
portions	1
position	4
positions	1
possessions	1
possibility	3
possible	6
possibly	1
post	3
posted	2
posters	1
posting	1
postseason	1
potent	1
potential	6
potentially	1
pound	1
pounds	5
power	4
powerful	1
powerhouse	1
practice	2
practicing	2
practitioners	1
praised	1
pre-tax	1
precautions	1
predecessor	1
predicts	1
prefer	1
preference	1
preferences	1
preferred	8
preliminary	1
prepare	3
prepared	3
preparing	2
prescribe	2
prescribers	2
prescribing	1
prescription	5
prescriptions	1
prescriptive	2
presence	1
present	3
presented	3
preservation	1
preserving	1
president	21
presidential	1
press	8
pressure	5
pressured	1
pressures	2
presumably	1
pretax	1
pretending	1
pretty	2
prevent	5
preventative	1
previous	3
previously	3
price	14
prices	3
pricing	1
primarily	1
prince	1
principal	4
principle	1
prints	3
prior	1
priority	2
prison	2
private	6
privileges	4
probably	3
problem	4
problems	7
procedures	1
proceedings	1
proceeds	1
process	7
processing	3
produce	6
produced	3
producer	1
producers	3
produces	1
product	2
production	4
products	5
profession	1
professional	4
professor	1
proficient	1
profit	9
profits	1
program	12
programs	4
progress	1
progressive	1
progressively	1
project	4
projects	1
prominently	1
promises	2
promising	1
promote	2
promoting	1
promotion	2
promotional	1
promotions	1
prompted	1
promptly	1
prompts	1
propaganda	1
property	2
proposal	5
proposals	2
proposed	4
prosecution	2
prosecutor	4
prosecutors	2
protection	1
proteges	1
protests	1
protocols	1
proud	1
prove	2
provide	6
provided	3
providers	1
provides	3
providing	2
provision	2
provisions	1
prudent	1
pry	1
psychiatrists	1
psychological	5
psychologist	2
psychologists	7
psychology	6
psychopharmacology	1
psychotherapeutic	1
psychotropic	2
public	14
publication	1
publicized	1
publicly	3
publisher	2
publishers	2
publishes	1
publishing	1
pulled	3
pulp	1
punish	1
punishment	2
purchased	1
purchasing	1
purple	1
purposes	1
pursuant	1
pursue	2
pursued	1
push	2
pushed	3
pushing	2
put	8
puts	1
putting	1
quality	2
quantities	2
quarter	15
quarterback	2
quarterly	2
quarters	2
question	7
questioned	2
questions	1
quickly	2
quiet	1
quinine	1
quite	1
quotation	1
quoted	1
r	5
race	1
radiation	1
radical	1
radio	3
rain	1
raise	2
raised	3
raises	1
raising	2
ran	1
range	2
ranging	1
rank	1
rapidly	1
rarities	1
ratcheting	1
rate	4
rates	5
rather	3
re-election	1
re-sentencing	1
reach	2
reached	6
reaches	1
reaching	2
read	3
readers	1
ready	1
reaffirmed	1
real	4
realestate	1
realistic	2
reality	1
realization	1
realize	1
realized	2
really	3
reared	1
reason	2
reasons	4
reassurance	1
rebuilding	5
rebuilt	1
recall	1
recalls	1
recanted	1
receipt	1
receipts	1
receive	8
received	3
receiver	1
receivers	1
receiving	1
recent	12
recently	7
receptive	1
rechargeable	1
recipes	1
reclusive	1
recognition	1
recognize	1
recognized	1
recognizing	1
recommended	1
record	13
recorded	2
recorder	1
records	2
recover	2
recovering	1
recovery	1
red	2
redeem	1
redeemed	1
redesigned	1
reduce	3
reduced	2
reducing	1
reduction	1
reductions	2
reference	1
referenda	1
referendum	1
referred	2
referring	1
reflect	2
reflecting	1
reflects	1
reform	2
refugees	1
refuse	2
refused	1
regard	3
regarded	1
region	3
regional	4
regions	1
register	1
registration	1
regulated	1
regulations	4
regulators	2
regulatory	3
reimburse	1
reimbursed	1
reinstalled	2
rejected	2
rejoin	1
related	5
relationship	2
relationships	1
relative	2
relatively	4
release	1
released	1
relentlessly	1
relief	3
reliever	1
reluctant	1
remain	1
remaining	1
remains	1
remarks	2
remedy	1
remember	1
reminded	1
reminisced	1
remote	1
remove	2
removed	1
renewing	2
reorganization	1
reorganized	1
repaid	1
repair	1
repairs	1
repayment	1
repayments	1
repeatedly	2
replace	2
replaced	1
report	6
reported	12
reporters	4
reporting	1
reports	6
represent	1
representative	2
representatives	5
representing	1
represents	1
repression	1
reproduce	1
reputation	1
request	2
requested	1
require	1
required	1
requirement	1
requirements	2
research	6
resemble	1
resented	2
resentencing	1
reservations	1
reserve	2
reserved	1
reserves	5
residences	2
resigned	5
resist	1
resort	1
resource	1
resources	1
respond	1
response	1
responses	1
responsibilities	1
responsibility	2
responsible	1
rest	3
restaurant	6
restaurants	7
restricted	1
restructuring	6
result	5
resulted	4
resulting	1
results	7
resume	4
resuming	1
retail	4
retailer	1
retailers	7
retain	1
retell	1
rethinking	1
retired	2
retirement	10
retractable	1
retrieved	1
return	7
returned	4
returning	1
returns	1
reunion	1
reunions	1
reveal	1
revenue	6
review	6
reviewed	2
reviewing	3
revisionists	1
revived	1
revolution	1
revolutionized	1
reward	1
rewriting	1
rhythm	1
ribbon-cutting	1
rice	1
rid	1
ride	1
rifle	1
rigging	1
right	10
right-handed	1
right-hander	1
rights	12
rinsed	1
ripens	2
rise	1
rising	1
risk	2
risky	1
rival	1
rivals	1
road	1
role	5
roll	3
rolled	1
romance	1
rookie	1
room	2
rose	8
roster	4
roughy	1
route	1
routine	1
routinely	2
row	2
royal	1
rubs	1
rule	2
ruled	2
rules	17
ruling	2
rumor	1
run	3
running	2
runs	4
rush	1
s	15
sacrifice	1
saddest	1
safe	1
safety	2
said	256
saint-andre	1
saints	2
salad	1
salade	1
sale	13
sales	9
salted	1
same	12
sanctions	8
sat	1
satellite	1
satisfaction	1
satisfactory	1
satisfying	1
sauce	2
save	1
saved	1
savings	1
savory	1
saw	2
say	13
saying	5
says	30
scandal	1
scandals	1
scapegoat	2
scare	1
scared	1
schedule	3
scheduled	6
scheme	3
scholarship	1
school	14
sciam	1
science	6
scientists	1
scores	2
screen	3
scrutinized	1
sculptor	1
seabass	14
seafood	8
seafoods	2
searching	1
season	13
seasoned	1
seasoning	1
seasons	1
seat	2
second	12
second-largest	1
seconds	3
secrecy	3
secret	5
secretary	1
secrets	3
section	1
sector	3
secure	1
security	4
see	12
seeds	3
seeing	1
seek	3
seeking	4
seem	2
seemed	2
seemingly	1
seems	3
seen	5
seep	1
segments	3
seize	1
seized	2
selected	1
selfish	1
sell	4
seller	1
selling	2
semi	1
semiconductor	7
semiconductors	1
seminal	1
senator	7
send	1
sends	2
senior	6
sense	2
sensitive	1
sent	4
sentence	8
sentenced	4
sentencing	1
separate	4
separation	1
sergeants	1
series	5
serious	7
serve	4
served	1
service	14
servicemen	1
services	12
servicing	1
serving	2
set	13
settle	2
settlement	1
seven	2
several	6
severance	1
severe	1
severely	2
sex	1
sexual	1
shaken	1
share	55
shared	1
shareholder	5
shareholder-rights	1
shareholders	9
shares	43
sharing	2
shark	1
she	30
sheathed	1
sheet	1
shell	1
shift	1
shifts	3
ship	1
shipbuilding	1
shipping	1
ships	3
shipyard	4
shipyards	1
shock	1
shocked	1
shocking	1
shoe	1
shooting	1
shopped	1
shopping	1
short	2
short-term	2
shortage	1
shortages	1
shot	2
should	11
show	4
showed	5
showing	2
shown	2
shows	4
shrinking	1
shuttled	1
sicheia	1
sides	1
sign	4
signals	1
signed	7
significant	2
significantly	1
signing	2
silicon	1
silver	2
similar	1
simplify	1
simply	2
simulates	1
since	18
single	3
singled	2
singular	1
sister	4
site	5
sites	3
sits	1
situated	2
situation	3
situations	1
six	17
sizable	1
size	4
skated	1
skaters	1
skating	5
skill	1
skilled	2
skills	1
skimmed	1
skin	1
skirting	1
slaughter	1
sledgehammer	1
sleep	1
sliced	3
slightly	3
slipped	4
slow	1
slowly	1
slump	3
small	6
smart	2
smog	1
smuggling	2
snacking	1
snapshots	1
so	18
so-called	1
social	2
socialite	1
society	1
sociologist	1
sodomy	1
softening	2
softer	1
software	6
sold	6
solidifying	1
solution	1
some	31
somebody	3
somehow	1
someone	1
something	6
sometimes	1
soon	2
sooner	1
sophisticated	1
sophomore	1
sorbet	1
sort	1
sorts	1
sought	2
sounded	1
soup	1
soups	1
sour	1
source	4
sources	4
sown	1
space	1
spades	1
spark	1
speak	2
speaker	1
speakers	1
speaking	1
speaks	1
special	5
specialized	1
specialty	2
species	6
specific	1
specification	1
specify	2
spectacular	1
speculation	2
speech	1
speed	1
spend	5
spending	4
spent	6
spices	1
spies	2
spinal	1
spirit	1
spite	1
split	3
spoke	2
spoken	2
spokesman	11
spokeswoman	3
sponsored	2
sport	3
sports	3
spot	2
sprawling	1
spread	2
spring	3
spurned	1
spurred	1
spurring	1
spy	1
squandered	1
square	1
squashes	1
squeeze	1
stability	2
stabilizing	1
stable	1
staff	12
staff-reduction	1
staffer	1
stage	2
stages	1
staging	1
stainless	1
stake	2
stall	1
stance	1
standard	2
standards	3
standing	2
standoff	1
standpoint	1
staple	1
start	2
started	2
starting	4
starvation	1
state	18
state-of-the-art	1
statement	5
statements	2
states	1
statesman	1
stating	2
station	1
stations	1
statues	4
stature	1
status	3
statute	1
statutes	2
stay	2
stayed	1
staying	1
steady	2
steal	2
stealing	3
steel	1
stem	1
stemmed	1
stemming	2
step	1
stepmother	1
stepped	2
stepping	1
steps	1
stereo	2
stifled	1
still	7
sting	1
stock	19
stockholders	1
stocks	1
stolen	2
stood	1
stop	1
stopped	4
storage	1
store	4
stores	3
story	4
stove	1
straightforward	2
strategic	1
strategy	9
streamlining	1
strengthen	1
stresses	1
string	1
strong	4
strong-arm	1
stronger	1
stronghold	1
strongly	1
structure	2
struggle	1
struggled	2
struggles	1
stuck	1
students	6
studied	2
studio	2
study	1
stuff	2
stuffed	1
stunned	2
subject	5
submit	2
subordinated	1
subscribe	2
subscribed	1
subsidiaries	1
subsidiary	2
subsidy	1
substantial	4
substantially	3
suburban	1
subway	2
succeed	1
succeeded	1
succeeds	2
success	1
successful	1
successor	1
such	16
suffer	2
suffering	1
sufficient	1
suggest	1
suggested	1
suggestion	1
suggests	2
suit	2
suitors	1
suits	2
sulfur	1
sultanate	1
summation	1
summer	4
supervised	1
suppliers	1
supplies	4
supply	1
support	6
supporters	2
supposed	1
sure	8
surely	1
surfaced	1
surge	1
surged	1
surgery	2
surprised	3
surprising	1
surrendered	2
surrounded	2
surrounding	1
survival	1
surviving	1
suspect	1
suspected	1
suspended	4
suspension	2
sustainability	1
swap	1
swear	1
swearing-in	1
sweet	1
sweetened	1
swelled	1
swept	1
swift	1
swordfish	2
sworn	1
syndicate	1
system	5
systems	1
tab-z	2
table	1
tablecloth	1
tackle	1
tackled	1
tactics	1
tad-z	2
taf-z	2
tainted	1
take	10
taken	7
takeover	3
takes	2
taking	9
tale	1
talk	2
talked	1
talking	1
talks	4
tame	1
tanker	1
taped	1
tar	1
target	4
tariff	2
task	1
taste	1
tasted	1
taught	2
taunts	1
tax	5
teacher	1
teachers	1
teaching	1
team	20
teammates	1
teams	3
technical	1
technician	3
technicians	1
technological	1
technology	11
teeth	2
telecommunications	1
telephone	7
television	9
telex	1
tell	3
tempo	1
tender	3
tendered	3
tendering	1
tens	1
tension	1
tent	1
tenth	2
tenure	1
term	2
termed	1
terminated	1
terms	4
terrible	1
terrify	1
territory	1
terrorism	7
terrorist	1
test	1
testament	1
testimony	5
text	1
than	42
thank	1
thanks	2
that	271
the	1332
theft	2
their	41
them	18
themselves	2
then	12
then-	1
therapy	1
there	21
these	9
they	62
thick	1
thief	1
thing	3
things	5
think	14
thinks	1
third	7
third-quarter	1
this	55
thorough	1
thoroughly	1
those	10
though	10
thought	6
thoughtful	1
thousand	1
thousands	4
thousandth	1
threat	3
threaten	1
threatening	1
threats	1
three	31
three-page	1
thrift	4
thrilled	2
thrived	1
throaty	1
through	15
throughout	5
thrown	1
thumbed	1
thwart	1
thwarted	2
ties	1
tight	1
tightening	1
time	28
times	5
timetable	1
timing	1
tingled	1
tired	2
title	1
to	714
to-	1
toads	1
today	8
together	2
told	20
tolerant	1
tomorrow	1
tonight	1
tons	3
tony	1
too	6
took	11
tool	2
toothfish	1
toothpicks	1
top	6
topics	2
torchbearer	1
tortured	1
total	4
totaled	2
totaling	1
totally	1
touched	2
touching	1
tough	3
tour	1
toward	1
town	1
toy	1
traces	2
tracking	1
tracks	1
trade	11
traded	2
trader	2
trades	1
trading	16
traditional	1
trafficker	1
traffickers	3
trafficking	1
train	2
trained	1
training	4
transaction	4
transactions	2
transcript	2
transfer	3
transfers	1
transit	2
transition	2
translucent	1
transmitted	1
transnational	1
transport	1
transportation	1
transsexual	1
travel	3
traveled	1
treatment	7
treaty	3
tree	2
trends	2
trial	4
trials	2
tried	4
trim	2
trimmed	1
trip	4
troops	1
troopship	1
tropical	1
trouble	1
troubled	4
truck	1
true	1
trusted	1
try	1
trying	6
ttc-z	1
ttd-z	2
turkey	2
turn	4
turned	4
turning	1
tutorials	1
tweaking	1
twice	1
twists	1
two	28
two-year	3
types	4
typically	1
u	4
ultimately	1
unable	1
unaffiliated	1
unbelievable	1
uncertain	2
unchanged	1
unconvinced	1
undelivered	1
under	24
undercover	1
undergoing	1
underground	2
undermine	1
underperforming	1
understand	1
understanding	1
understands	2
understood	1
undertaken	1
undervalued	1
undistinguished	1
undoubtedly	1
unearthed	1
uneasiness	1
unfairly	2
uniform	1
uniforms	2
unique	2
unit	8
units	4
universal	1
unknown	1
unnamed	2
unprecedented	1
unresolved	1
unsecured	2
unshakable	1
unspecified	1
unsuccessful	1
unsuccessfully	1
unsuspecting	1
untangle	1
until	9
unusual	6
unveiled	2
unwanted	1
up	49
upcoming	1
upgrade	1
upheld	2
upon	2
upstate	2
uranium	1
urban	1
urgent	1
urges	1
us	9
use	10
used	8
uses	2
using	3
utilities	1
vacating	1
validity	1
valuable	1
value	12
valued	2
values	1
vanished	1
variables	1
varieties	1
various	2
vast	2
vastly	1
vault	1
vegetables	1
vehicle	2
vein	1
ventures	1
venues	1
verdict	2
version	2
versus	1
very	13
veteran	1
via	1
vice	6
vichyssoise	2
victim	1
victimized	1
victory	2
viewership	1
vindicates	2
vines	1
violate	1
violated	2
violation	7
violations	3
violence	2
virtually	1
visa	4
visibility	1
vision	2
visit	5
visited	1
visiting	1
visitor	1
visitors	1
visual	1
vivid	2
vocal	1
vogue	1
voice	1
voiced	1
volume	2
voluminous	1
vote	4
voted	2
voters	4
votes	1
wading	1
wafer	1
wafers	2
wait	1
waivers	3
walked	1
walking	2
walks	1
wall	1
wallet	1
wallowing	1
walls	1
want	11
wanted	11
wants	2
war	8
ward	1
warm	2
warming	1
warrant	1
warrants	2
wartime	1
was	168
wasover	1
watch	5
watchers	1
watches	6
watching	1
waters	2
wave	2
way	10
ways	1
we	32
weapons	6
wear	2
weather	2
web	1
website	2
week	18
weeklong	1
weekly	1
weeks	7
weighed	1
weighs	1
weight	2
welfare	1
well	13
went	7
were	74
weyded	1
what	24
whatever	2
when	27
whence	1
whenever	1
where	16
wherever	1
whether	4
which	77
while	13
white	2
who	75
wholesale	1
wholly	1
whom	3
whose	8
why	2
wide	1
wider	2
width	1
wife	5
wild	1
will	103
win	4
windows	1
wine	1
wings	2
winner	2
winning	2
winters	1
wire	2
wireless	5
wires	1
wiretaps	4
wisdom	2
wish	2
wishes	1
with	190
withdrawal	2
withdrawals	1
within	6
without	8
witness	5
witnessed	1
witnesses	2
wo	3
woke	1
woman	3
women	1
won	6
word	5
words	3
wore	1
work	6
worked	3
workers	3
working	4
works	1
workshop	1
world	12
world-wide	1
worry	1
worse	1
worst	1
worth	2
would	55
wounded	1
wrangle	1
write	5
writer	1
writers	1
writes	2
writing	3
written	4
wrong	2
wrote	3
www	3
x	1
year	62
year-earlier	2
year-old	4
yearning	1
yearof	1
years	30
yellow	1
yesterday	13
yet	3
yogurt	1
you	45
young	8
your	16
zero	2
zinc	1
zone	9
