!	25
"	146
'	2
'd	27
'll	28
'm	37
're	73
's	257
've	20
(	2
)	2
,	1667
-	720
.	1643
...	2
/	2
10	6
13	1
15	4
150	1
16	3
17	3
18	2
19	1
1986	1
1992	1
1993	1
19th	1
2	7
2000	1
2005	1
3	1
30	2
35	1
4	1
40	1
5	3
7	2
8	1
80	1
9	1
95	1
:	1
;	10
?	350
A	8
AND	1
A_	3
Abbott	1
About	1
Actually	5
Admin	1
After	7
Again	1
Ah	4
Aha	2
Alarm	1
All	7
Allright	1
Alright	6
Also	5
Although	2
America	1
American	11
Americanism	1
Americans	1
Ami	2
An-	1
Anant	3
And	162
Andrea	3
Andreas	2
Antonio	1
Any	4
Anyone	1
Anyway	4
Approach	2
Are	9
As	9
Ashley	1
Assume	1
Assuming	1
At	8
Audrey	1
Australia	1
Ba-	1
Baby	1
Bandw-	1
Based	2
Basically	2
Basman	3
Bayes	28
Because	10
Beetle	2
Before	2
Being	1
Believe	1
Belle	2
Berryhill	5
Betty	2
Bhaskara	4
Bolivia	2
Bonnie	1
Broadcast	2
Buddhism	5
Buildings	1
Bus	1
But	75
C	7
C.	2
C_Struct	1
Ca	2
Ca-	1
Can	6
Cantonese	1
Cao	2
Car	1
Career	1
Carolina	1
Catholic	2
Caucasus	2
Central	1
Century	1
Channeltrans	2
Charlotte	5
Chauvinist	1
Chi	1
Chile	2
China	5
Chinese	2
Chirac	1
Christian	2
Christianity	2
Christmas	3
Chuck	6
Church	1
Circumstances	1
City	1
College	1
Coming	1
Computer	1
Concatenating	1
Cool	2
Cottonville	1
Could	2
County	1
Couple	1
Crown	7
Cultural	1
Culture	1
Cuz	13
D	5
D-	1
D_	3
Daddy	2
Dai	1
Daisme	1
Dan	3
Dark	2
Dave	3
Day	1
Depression	1
Did	12
Digits	1
Dilworth	3
Disasters	1
Discourse	1
Do	18
Does	8
Don	1
During	4
E	6
E.	2
EVA	1
E_V_A	1
Easter	1
Eastern	2
Ellis	1
Elm	1
Enderly	2
Endpoint	2
England	1
English	4
Enter	4
Europe	6
European	6
Europeans	1
Eva	8
Even	1
Every	3
Everybody	2
Everyone	1
Everything	1
Exactly	2
Excellent	2
Except	3
Excuse	1
F	1
F.	1
F_	3
Face	1
Fairs	1
False	1
Feacalc	3
Fff	1
File	1
Find	1
Finding	1
Fine	1
Football	1
For	12
Forget	1
Four	3
France	14
French	9
Friday	5
From	3
Function	1
Furthermore	3
G	1
Gaston	1
Gaussians	2
Ge-	1
Gelbart	1
General	1
German	3
Germans	1
Germany	4
Get	1
Ghi	1
Girls	1
Given	1
Globalization	1
Go	23
Go-there	2
God	2
Good	2
Gosh	1
Great	3
H	1
H-	1
H_	4
Ha	1
Had	2
Halloween	1
Hard	2
Have	3
He	14
Henry	1
Hepburn	1
Her	1
Here	2
Hhh	1
Hi	1
High	4
History	1
Hmm	16
Ho	2
Hole	1
Hood	5
Hotel	1
How	17
However	1
Hugin	2
Huh	3
Humanism	1
Hut	1
I	785
I-	1
I.	1
ICSI	14
If	21
Im	1
In	15
Income	1
Indeed	2
Info	6
Info-on	1
Interesting	1
Interview	1
Is	32
It	55
Italia	1
Italy	1
Its	2
Ive	1
Jacques	1
Jane	1
Japan	2
Japanese	1
Java	7
Jerry	3
Jewish	2
Jill	2
Johno	3
Johnson	3
Josey	1
Ju-	1
Just	13
K	2
K.	3
Kabala	1
Kathy	5
Keith	4
Killing	2
Kind	1
Kissinger	1
Kitchen	2
L	14
L-	1
L.	2
La	1
Le-	1
Leave	1
Let	10
Like	13
Little	3
Living	1
Livingstone	1
Liz	4
Lo-	1
Location	7
Look	3
Looks	1
Luckily	1
M	6
M-	1
MO	1
Maid	3
Mainly	1
Makes	1
Mama	1
Mandarin	2
Manor	2
Mao	1
Maria	2
Marion	3
Maybe	4
Me	1
Memorial	1
Mexico	1
Michael	1
Minh	2
Mm	1
Mm-hmm	39
Mmm	8
Monaco	1
Monday	1
Morgan	2
Moscow	2
Most	1
Mostly	2
Motion	1
Ms	1
My	19
N	2
NC	1
NIST	4
NULL	8
Nah	1
Nancy	4
Nanny	1
Nathan	1
Naturally	1
Never	2
New	4
News	2
Nightmare	1
No	25
No-	2
No.	9
Norwood	1
Not	7
Nothing	1
Now	14
Nuh	6
O	36
OK	7
O_	3
O_K	101
Occasionally	1
Of	1
Off	1
Oh	62
Oil	1
On	2
Once	3
One	5
Only	1
Oops	3
Open	2
Or	23
Orthodox	1
Otherwise	1
Our	1
Oural	1
Out	2
P	11
P.	2
Paris	3
Park	3
Parking	1
Part	1
Pasta	1
Paz	1
People	6
Perfect	2
Perl	2
Peru	4
Phoneme	1
Physical	1
Piedmont	1
Pizza	1
Poetic	1
Point	2
Polk	2
Polkton	1
Pop	1
Popcorn	1
Pope	1
Pre-crashed	1
Probably	3
Prune	1
Queen	2
R	20
RASTA	3
ROVER	2
Raleigh	1
Really	2
Recently	1
Red	2
Regardle-	1
Reid	1
Restroom	1
Rhetorical	1
Riding	2
Right	56
Rindner	1
Riots	1
Robert	1
Robin	3
Roll	2
Russia	15
Russian	13
S	20
S-	2
Saigon	1
San	1
Sandra	3
Santa	1
Saretha	3
Saturday	6
Say	1
Scream	1
See	2
She	10
Shorten	1
Shortening	1
Should	2
Show	1
Shure	4
Shures	1
Siberia	1
Since	1
Sit	1
Situation	3
Smith	2
So	195
Somebody	1
Someone	3
Sony	13
Sonys	1
Sorry	4
Soviet	1
Sphere	3
Spirituality	1
Stanley	1
Start	1
States	1
Steve	1
Street	1
Strikes	1
Struct	7
Structure	1
Stuart	1
Student	1
Sunday	1
Sure	6
Switchboard	2
Switchboard-two	1
Sys	1
T	9
TX	1
Take	1
Tcl-	1
Tell	4
Test	1
Th-	3
Thailand	1
Thank	1
Thanks	2
That	54
The	44
The-	1
Theatre	5
Their	1
Then	4
There	15
These	2
They	15
Thilo	1
Thirty-seven	1
This	30
Those	3
Throw	1
Thursday	1
Timing	3
To	6
Tootsie	2
Transcriber	2
Transcript	7
Transmission	1
Tricky	1
True	2
Tse	1
Tuesday	5
Tung	1
Turn	2
Two	1
U	4
U-	1
UNIX	1
US	5
USSR	2
Ugh	1
Uh	27
Uh-huh	9
Um	76
Um-hmm	1
Unfortunately	1
Union	1
Until	2
User	2
V	4
VW	2
V_	2
Vacation	1
Vector	1
Venkataraman	1
Very	1
Vietnam	5
View	1
Vocal	1
Voiced	1
W	2
W-	1
Wait	4
Watching	1
We	46
Wel-	3
Welcome	1
Well	77
Went	1
Were	2
Western	1
Wh-	3
Wha-	1
What	34
When	11
Whenever	1
Where	22
Where-	1
Which	11
While	1
Who	4
Why	8
Wi-	1
Windows	1
With	1
Without	1
World	1
Would	2
Wow	6
X	7
X_	7
X_M_L	8
X_S_L	1
Xerxes	1
Y-	3
Yay	1
Yea-	1
Yeah	193
Yep	32
Yes	15
Yet	1
York	4
You	46
Your	1
Z	1
_	138
a	377
a-	3
abbreviate	1
abbreviated	1
able	9
about	79
abroad	1
absence	1
absolutely	1
abstract	1
accepted	3
accessed	1
accessible	1
accidentally	1
accompany	1
account	2
achieve	1
acoustics	1
acres	1
across	4
acted	1
activation	1
actual	3
actually	35
adaptation	8
add	3
added	3
adding	1
additional	1
adjust	1
admonish	1
adopts	1
adult	2
advance	2
advent	1
affect	2
affects	1
afraid	4
after	18
afterwards	1
again	11
age	4
agenda	2
ages	1
agnosticism	1
agree	4
agreeing	1
ah	2
ahead	6
air	1
alarm	1
all	107
allocation	1
allowed	3
allows	1
almost	2
alone	1
along	1
already	5
alright	2
also	35
altar	1
although	2
always	34
am	10
amazed	1
amazing	2
ambitious	1
american	1
americans	1
amount	4
an	42
an-	2
analysis	3
and	475
angle	2
angry	1
annoying	1
another	19
answer	7
answered	3
any	30
anybody	1
anymore	5
anything	11
anytime	1
anyway	4
apartment	4
apparently	4
apples	1
applicable	1
applied	1
apply	4
applying	1
appreciate	1
appreciative	1
approach	1
appropriate	2
appropriately	2
arbitrary	4
are	87
area	2
areas	1
arent	1
arms	1
army	1
around	18
arrows	2
artic	1
as	77
as-	2
ask	6
asked	14
asking	3
aspects	1
asset	2
assigning	1
assistant	4
assistants	1
assume	8
assuming	2
assumption	1
at	92
atheist	1
atom	1
attachement	2
attribute	1
auditory	2
auto	1
automatic	1
automatically	1
available	3
avant	1
average	2
avoid	1
away	7
awhile	2
ax	1
b-	3
back	17
back-up	2
backed	1
background	3
backgrounds	1
backgrouns	1
backpacking	2
backround	1
backup	1
backwards	1
bad	7
badly	1
bag	1
bags	1
bakery	3
baking	1
balcony	1
bandwidth	6
banisters	2
bank	1
banks	1
baptized	1
barely	1
based	7
baseline	1
basically	10
bask	1
batteries	1
battery	1
be	125
beads	1
bear	1
beautiful	1
became	2
because	74
become	3
becomes	2
becoming	1
bed	1
been	22
beep	1
before	10
beg	1
began	2
begging	1
beginning	1
behaves	1
behind	1
behold	1
being	25
belief	9
beliefs	2
believe	9
believing	1
belong	1
belonged	1
best	5
better	14
between	12
bicycle	1
big	13
binary	1
bit	7
bleep	2
block	1
blow	1
blue	1
boat	1
boggled	1
boggling	1
bone	1
book	2
books	6
border	1
born	10
both	9
bother	1
bothered	1
bottom	2
bought	1
bound	1
bowel	1
box	2
boy	1
brain	2
brain-dead	1
branches	4
breath	1
breathtaking	1
brief	1
briefly	1
bring	4
brink	1
broken	3
brother	3
brothers	2
brought	5
bucks	1
build	2
building	1
built	5
bump	1
bunch	1
burning	1
bus	4
buses	1
business	3
businesswomen	1
busy	1
but	104
but-	1
butcher	3
butt	1
buy	6
buying	1
buzz	1
by	21
c-	6
ca	10
ca-	1
cab	1
cafeteria	1
calc	1
calculation	2
call	7
called	7
came	13
camping	1
campus	1
can	75
cancellation	1
cancer	2
candle	1
candy	1
capability	1
capital	1
car	3
card	1
care	6
career	1
careers	1
cares	2
cars	2
case	12
cashier	1
castle	1
catholic	2
caused	2
causing	2
ceilings	1
celebrate	2
cent	3
central	1
centralized	1
cents	3
cepstra	2
certain	11
certainly	9
cha-	1
chain	1
chairs	1
chambers	1
chance	5
change	7
changed	1
changing	2
channel	4
channels	5
charge	1
chat	1
check	8
chessplayer	1
child	6
childhood	3
children	9
chit	1
choice	1
choices	1
choose	1
chose	1
christian	1
church	3
circle	1
circled	2
circumstances	2
citizen	3
city	1
civil	2
class	1
classes	1
classmates	1
classroom	4
cleaning	1
clear	3
cleared	1
climb	2
climbable	1
close	5
closed	4
closely	1
closest	2
closure	1
clothes	1
cluster	1
clustering	1
coding	1
cold	1
collectively	1
college	6
color	1
colorful	1
combination	4
combinations	1
combine	4
combined	1
combining	3
come	17
comes	2
comfortable	1
coming	3
commandments	1
comment	1
commodity	1
common	1
communicative	1
communion	2
communist	2
comp-	1
comparable	2
compared	2
compilers	1
complained	1
complaining	1
complete	2
completel-	1
completely	1
complex	2
complicated	2
compose	1
compress	2
compressed	3
compression	1
computational	1
compute	4
computing	1
con-	1
concatenating	1
conceivable	1
concepts	1
conclude	3
conditions	1
conference	1
configuration	2
confiscated	1
conflictuous	1
confused	2
confusing	2
confusion	1
connected	2
connection	1
consider	3
considered	4
consistent	3
constantly	3
construction	22
constructions	11
content	1
context	2
continue	2
continued	3
continuing	1
contracts	1
control	1
conventions	6
conversation	2
conversations	1
convert	2
cook	1
cookies	1
cooking	1
copy	2
corpus	1
correct	3
correctly	3
correspond	1
cost	3
could	55
couldnt	1
count	2
counter	1
countries	1
country	8
couple	5
course	4
courses	2
cousins	2
crash	1
crashed	1
crashes	1
cream	3
cried	1
critical	1
crown	2
crucial	1
crying	3
cultural	6
culturally	1
culture	5
cultures	4
curiosity	1
currently	1
cut	6
cute	1
cutting	2
cuz	7
d-	14
dad	8
damper	1
dangerous	1
dash	1
data	5
date	1
daughters	1
day	8
days	4
de-	1
dead	1
deal	9
dealerships	1
dealing	2
debugging	1
decide	4
decided	12
decision	16
decisions	2
declare	1
decode	1
decompress	2
decompression	1
define	4
defines	1
definetly	1
defining	1
definite	1
definitely	7
degree	1
dehydrated	1
deism	1
delete	2
delicate	1
delivered	1
delivers	1
demonstrated	1
depend	2
depending	1
depends	6
describe	2
described	2
design	1
detect	1
detects	1
developed	2
diagnostic	1
did	57
didnt	1
dies	2
difference	12
differences	1
different	31
differently	2
difficult	1
difficulty	1
digest	1
digits	3
directional	2
directories	2
dirty	1
dis-	3
disappoint	1
disappointed	1
disappointing	1
discard	2
discount	2
discourse	7
discover	2
discovered	2
discovering	1
discrepancies	1
discussing	2
dishes	7
disk	15
disks	1
disliked	1
disorganized	1
distinction	1
dit-	1
ditransitive	1
diverse	1
divine	1
do	221
do-	1
document	2
does	36
doesn	1
dog	4
dogma	1
doing	8
don	5
done	14
dont	1
door	3
door-slam	4
double	4
down	11
downfall	1
downtown	1
drama	1
drawer	1
dream	3
dress	4
drifted	1
drifting	1
drink	1
drinking	1
drive	1
drivers	1
driving	2
drop	1
dummy	1
dump	1
dumps	1
duplicates	1
during	8
e-	4
each	11
earlier	1
early	3
earth	1
earthquake	1
easier	2
easiest	2
easily	1
easy	5
eat	1
eating	1
economics	1
edge	1
edges	2
education	2
educational	1
effect	1
egg	1
eh	2
eight	56
eighteen	1
eighty	3
either	7
electric	1
element	3
elements	1
elephant	1
else	8
email	6
embarrassed	1
embarrassing	1
emotion	1
emotionnal	1
enables	1
encode	3
encoding	1
encounter	3
encountering	1
encouraged	1
encyclopedias	1
encyclopedias--	1
end	7
endpoint	2
energy	1
engender	1
enjoy	3
enjoyed	1
enjoying	1
enough	5
enriching	1
enter	2
entertained	2
entire	1
entity	1
entrance	1
entries	1
episode	1
epsilons	1
equally	1
equals	1
equivalent	1
er	3
er-	1
error	5
especially	1
essentially	1
estimate	1
etc.	1
european	1
eval	1
evaluation	1
even	27
evenly	2
eventually	4
ever	9
every	19
everybody	4
everyone	6
everything	16
evolving	1
exactly	6
example	4
excellent	2
except	3
excitement	1
exclusive	3
expand	2
expanded	1
expanding	1
expect	2
expected	1
expedition	1
expensive	3
experience	4
experiences	1
experiment	4
experimentation	1
experimenting	1
experiments	4
expert	3
explain	3
explained	1
express	1
extending	1
extensive	1
extent	1
extra	3
extremely	4
eye	1
f-	8
face	1
fact	6
factors	2
fair	1
fake	1
false	2
family	21
fancy	1
far	8
farmers	2
fast	2
fasting	2
fat	1
father	12
favorite	3
favorites	1
feature	7
features	8
feed	3
feedback	1
feel	11
feeling	11
feels	3
fell	1
felt	4
female	1
females	1
few	4
fewer	1
fiddle	1
fifty	4
fifty-one	1
fifty-two	1
figure	7
figured	2
file	11
filed	1
files	13
fill	3
filled	2
fills	1
filter	2
final	3
finally	1
financial	1
find	4
fine	5
finish	3
finished	3
finishing	4
finite	9
fire	1
first	26
fit	2
five	53
fixable	1
fixed	3
flash	1
flew	1
floating	1
flowers	2
fluently	1
fly	4
foam	1
follow	3
followed	2
following	2
food	2
foot	2
for	116
for-	2
forces	1
foreigner	1
foreigners	2
forged	1
forget	1
forgotten	2
form	4
form-	1
format	3
former	1
formerly	1
forth	2
fortunate	1
forty-eight	1
forty-nine	1
forty-seven	1
forty-six	1
found	6
foundation	1
foundations	1
four	41
free	2
french	6
frequently	1
fried	1
friend	4
friendly	1
friends	7
from	46
front	3
front-end	18
full	3
fully	1
fumbling	1
fun	3
function	1
further	2
future	1
g-	2
gain	3
gained	1
game	1
games	1
garde	1
gave	5
geek	1
gender-dep-	1
gender-dependent	1
general	2
generate	1
generation	4
get	73
gets	7
getting	7
giant	1
gifts	1
gig	2
gigabytes	2
giggling	1
girl	9
girlfriends	1
girls	8
give	7
given	3
gives	4
giving	1
global	5
glory	1
go	75
god	1
goes	3
going	37
golly	1
gone	7
gonna	34
good	28
got	24
gotta	2
grade	1
grades	2
graduated	1
gram	1
grandfather	2
grandmother	2
grandparents	1
grant	4
granted	1
grasp	1
great	9
greater	1
greatly	1
greatness	1
green	1
grew	3
ground	1
group	14
groups	4
grow	2
growing	2
guess	25
guy	1
guys	5
gym	2
h	1
h-	7
habits	1
hack	1
had	84
half	2
hand	3
handle	1
hanging	1
happen	2
happened	4
happening	6
happens	3
happier	1
happy	4
hard	7
harder	1
has	25
hasnt	1
hate	2
have	178
havent	1
having	9
he	62
head	8
headache	1
headed	1
header	1
headered	1
headphone	2
headphones	1
hear	1
heat	1
heaven	1
heavily	1
heck	2
height	1
held	1
hell	1
helped	3
hence	1
her	22
here	32
hero	1
herself	1
hertz	1
high	8
highly	2
highways	1
him	12
himself	1
hired	1
his	7
historical	1
history	4
hold	1
holds	1
home	5
honor	1
hook	1
hope	7
hopefully	1
horrible	1
horror	1
horses	1
hour	1
hours	2
house	7
how	36
how-	1
however	3
huge	1
huh	1
huh-uh	1
human	1
humanity	3
humble	1
hundred	3
hundreds	1
hung	1
hurt	2
hurts	4
husband	2
hype	1
i	2
i-	16
ice	3
idea	10
ideas	1
identical	1
identically	1
identify	6
identifying	1
identity	3
if	112
ignore	2
ill	1
illuminated	1
imagine	2
immediately	1
immediatly	1
important	4
impossible	1
impressions	2
improvements	1
in	240
inadequate	1
indicating	1
indices	2
indifferent	1
individual	1
inequalities	1
infin-	1
infinite	3
influenced	1
info	1
information	6
input	11
inputs	5
inside	1
inspiration	1
inspired	1
install	4
installed	1
instance	5
instead	4
instinct	1
intend	2
intense	1
intent	2
intentionally	1
interconnectivity	1
interdependencies	1
interested	4
interesting	4
interestingly	1
interface	2
interfaces	1
international	3
interpret	1
interprets	1
intimidating	1
into	32
intriguing	1
inverse	1
involved	1
iron	1
irrelevant	2
is	246
isn	2
isnt	2
issue	3
issues	3
it	380
it-	2
item	1
items	1
iterations	2
its	7
itself	1
j-	1
jewel	1
job	4
join	1
joint	1
jointly	1
joking	1
joy	1
judeo	3
juice	1
jungle	1
jus-	1
just	149
k-	6
keep	5
kept	2
key	1
kg	1
kid	1
kids	8
kill	1
killed	1
kind	21
kinda	1
kindergarten	2
kinds	2
km	1
kn-	1
knew	8
knife	4
knocks	1
know	143
knowing	1
knowledge	1
knows	4
l-	4
lack	1
lady	1
land	2
landscapes	1
language	10
languages	1
lapel	1
large	3
larger	1
last	7
late	1
lately	1
later	6
latter	1
laughed	1
laughing	1
laziest	1
lazy	1
lead	1
leading	1
learned	2
least	4
leave	10
leaves	1
leaving	1
led	1
left	6
leg	2
lemme	1
length	3
less	7
let	12
lets	1
letters	1
level	7
levels	3
library	4
lie	1
life	12
life-changing	1
like	100
liked	4
likely	2
likes	4
liking	1
line	3
linear	1
link	1
linked	1
list	8
listen	1
listened	1
lists	1
literally	5
little	32
live	1
lived	7
living	4
local	3
localized	1
locals	2
located	2
location	2
lollipops	1
long	11
longer	2
look	22
looked	5
looks	3
loop	1
loss	1
lost	4
lot	15
lots	1
love	5
loved	2
low	1
lowball	1
lucky	1
m-	2
machine	1
machines	4
mad	2
made	6
mail	1
mailed	1
main	1
mainly	2
majority	1
make	30
makes	3
making	4
male	1
males	2
mama	1
man	4
managed	1
manufacturer	2
many	18
map	1
marginalized	1
mark	1
marks	3
married	2
masterpieces	1
matter	3
matters	2
maturity	1
max	2
maximum	2
may	7
may-	1
maybe	18
me	71
mea-	1
mean	88
meaning	1
means	1
meant	2
meantime	2
mechanism	2
meet	6
meeting	19
meetings	6
mel	2
melt	1
members	1
memories	2
memory	1
men	1
mention	1
mentioned	1
merely	4
merge	2
merges	1
mes-	1
mess	2
message	1
met	8
meta	1
meter	1
methods	1
micr-	1
microphone	6
microphones	3
middle	3
might	14
mighty	1
migrated	1
mike	15
mikes	7
military	2
mill	1
million	1
mind	9
mine	1
minister	1
minority	2
minus	1
minutes	2
mispronounce	2
miss	1
missed	1
missing	1
mistaken	1
mistakes	1
mix	1
mixed	1
mmm	1
mobs	1
model	1
models	3
module	1
mom	14
moment	2
money	6
monk	1
monks	1
months	5
moral	1
more	48
morning	2
mornings	1
most	8
mostly	2
mother	18
mothers	1
mountains	1
mouth	2
move	4
moved	8
movements	1
movie	24
movies	3
moving	4
much	23
multicultural	2
multiple	3
must	5
mutu-	1
mutual-	1
mutually	3
my	120
my-	1
myself	10
n't	195
n-	6
name	14
named	1
names	3
naming	7
nannies	1
narrow	1
national	2
nationalist	1
nationalities	3
nationals	1
naturally	1
nature	1
nauseous	1
nay	1
near	1
neat	1
necessarily	4
necessary	1
necklace	3
need	18
needed	5
needs	4
negatives	1
neighbor	1
neither	1
nephew	1
net	28
nets	2
neural	1
neurons	4
never	15
new	6
newly	1
news	1
next	11
nice	7
nicest	1
nickel	3
niece	2
night	10
nights	1
nine	64
ninety	2
no	30
nobody	1
node	31
nodes	23
noise	3
non-deterministic	1
non-speech-meetings	1
nonspeech	1
norma-	1
normal	1
normalization	9
normalized	1
north	2
not	90
nothing	5
notice	1
noticed	3
noticing	1
noun	2
now	33
number	13
o-	3
oak	1
object	3
obligatory	1
obliterated	1
observe	2
observed	1
obvious	1
obviously	1
odd	2
of	352
off	10
off-load	1
offered	1
office	2
often	1
oh	2
oil	1
old	15
old-	1
on	128
once	8
one	168
one-ninety	1
one-on-one	1
one-to-	1
ones	29
only	33
onto	1
ontology	2
operate	2
operator	1
opinion	4
opportunity	3
option	2
or	117
orange	1
oranges	1
order	2
oriented	1
origin	1
original	4
originally	2
origins	2
orthogonal	1
oth-	1
other	33
our	28
ourselves	1
out	68
output	8
outputs	1
outputted	1
outside	3
over	14
overall	2
own	2
owned	1
owners	1
p-	3
pain	2
painful	3
pair	2
paper	3
parent	1
parents	3
park	1
parser	5
part	12
particular	6
particularly	1
partitions	2
passed	4
passion	2
passions	1
passport	3
past	3
paths	2
patriotic	1
pavement	1
pay	1
pearls	1
penny	1
people	37
per	2
perceive	2
percent	3
perform	1
performance	1
perhaps	1
period	1
permissible	1
person	11
personalities	1
personally	1
perspective	2
peruvian	1
philosophy	1
phone	8
photos	1
physical	2
pick	2
picture	3
pictures	3
piece	2
pieces	1
pigtail	1
pinches	2
pipelines	3
pizza	4
place	11
places	2
plane	1
planned	1
plans	1
planted	1
platonic	1
play	7
played	3
playing	2
please	2
plug	4
plugged	1
pluricultural	2
poems	2
point	14
pointers	2
pointing	2
political	2
politics	1
polling	1
poor	5
pop	1
pop-out	1
popcorn	1
popular	1
population	1
porch	3
position	1
positive	1
possibilities	3
possibility	1
possible	12
possibly	4
posterior	15
postulate	1
potential	3
potentially	1
power	1
pr-	1
practical	1
practice	3
prayer	1
prayers	1
praying	1
pre-crashed	1
prefer	3
pregnant	1
preliminary	1
presence	1
present	1
presents	3
president	1
pressure	1
prestigious	1
presumably	2
pretend	6
pretending	1
pretty	16
prices	1
pride	2
priest	1
prime	1
princess	2
principal	3
printed	1
prior	2
priori	1
prison	1
private	1
prizes	4
pro-	1
proba-	1
probab-	1
probabilistic	1
probabilities	9
probability	6
probably	20
problem	13
problematic	1
problems	4
process	1
processes	1
processing	3
program	3
programs	1
progressively	2
projects	1
prompt	2
pronou-	1
pronounce	2
proofread	1
propose	1
proposing	2
proprietary	2
prosody	1
proud	3
provision	1
pru-	1
prune	2
pull	2
purpose	3
purposes	3
pursued	2
put	13
quality	3
queen	1
query	5
question	38
questions	1
quick	5
quickly	1
quite	2
r-	6
rRoads	1
radically	1
raining	1
raised	9
ran	1
random	2
randomly	2
rare	1
rarely	1
rate	4
rather	2
re-	3
re-nice	1
re-run	1
reached	2
read	13
reading	4
reads	1
ready	1
real	7
reality	1
realize	2
realized	3
really	66
reason	12
reasonable	1
reasoning	3
recently	2
recognition	4
recognizer	1
record	1
recorded	2
recording	4
recordings	1
recursive	1
red	1
reduce	1
reduced	1
reduces	1
referred	1
reflect	1
refreshment	1
regarding	1
regardless	1
regards	1
regenerating	1
regime	2
regions	1
reincarnation	1
relevant	5
reliable	1
relieve	1
religion	8
religions	1
religious	9
remained	2
remaining	1
remarked	1
remedied	1
remember	27
remind	1
remote	1
remove	1
rename	1
rendered	1
reorganization	3
reorganize	1
reorganized	1
replace	2
replaced	1
representative	1
repressed	1
require	1
rerun	1
res-	1
reside	2
respected	1
respond	1
responded	2
response	2
responses	1
responsibility	1
rest	4
result	1
results	4
retire	1
retraining	1
return-	1
returned	1
reverse	1
ride	2
rides	1
right	62
rings	1
rise	1
risk	1
roads	2
rocking	1
role	1
roll	1
room	2
root	2
roots	3
roughly	2
routine	1
row	2
ruled	1
run	10
run-	1
running	7
runs	2
russian	1
s	2
s-	22
sad	2
said	27
same	26
samples	1
sandwiches	3
sat	2
saved	1
saver	1
saves	1
saving	1
saw	1
say	36
saying	16
says	6
scale	1
scare	1
scared	2
scary	7
scenario	2
scene	1
scenery	1
schedule	1
scheduled	1
schema	1
schemata	1
scholarship	3
school	22
schools	2
scorching	1
score	1
scoring	1
scraps	1
scratch	1
screamed	1
screen	2
script	3
sear-	1
search	2
search-replace	1
seat	1
seats	1
second	1
section	1
see	32
seeing	6
seek	1
seem	5
seemed	2
seems	11
seen	1
segment	5
segmentation	1
segmented	2
send	5
sense	12
sent	2
sentence	1
sentiment	1
serials	1
serious	1
set	5
sets	2
setting	1
seven	61
several	3
sh-	4
shame	1
shape	1
share	3
shared	2
she	52
shell	1
shi-	1
shifting	1
shock	1
short	5
short-term	1
shorten	6
shortened	2
shortening	2
should	38
shouldn	1
show	3
showing	1
sick	1
side	6
sides	1
sign	1
signal	3
significant	1
silences	1
similar	1
simple	2
simultaneous	1
since	11
singing	1
single	2
sister	3
sisters	2
sit	3
sitting	2
situation	15
situational	2
situations	4
six	39
sk-	1
skate	1
skillful	1
skirts	2
slam	1
slash	2
sleep	1
slight	1
slightest	1
slightly	1
slip	1
smaller	3
snack	1
snow	1
so	118
so-called	2
social	2
society	1
software	4
soldiers	1
solely	1
solid	1
solution	2
solve	1
som-	1
some	58
somebody	1
someone	9
something	46
sometime	3
sometimes	2
somewha-	1
somewhat	2
somewhere	5
sooner	1
sophisticated	1
sorry	2
sort	23
sorta	1
soul	1
sound	5
sounds	6
south	1
space	7
speak	3
speakers	1
speaking	1
spec	1
special	3
specific	8
specifically	2
specification	1
specify	2
specifying	2
spectacle	1
speech	2
spelling	1
spend	3
spent	1
spinning	1
spirited	1
spiritual	1
spirituality	4
spit	1
spits	1
spitting	1
split	2
spoke	6
sponsor	1
sponsors	1
stable	1
staff	1
stage	2
stagnating	1
stairs	3
stand	1
standard	3
standards	1
stands	1
star	1
stars	1
start	8
started	12
starts	1
state	2
stay	2
staying	2
step	1
sti-	1
stick	1
sticks	2
still	13
stirs	1
stomach	1
stomping	1
stood	1
stop	1
stories	9
story	11
storyteller	1
straddle	2
straightforward	2
strange	4
street	2
strengthens	2
strong	3
stronger	2
strongly	2
structure	4
structured	1
structures	2
struggled	1
stubborn	1
stuck	1
students	1
stuff	15
stump	4
sub	3
sub-	1
subject	2
subnet	1
suboptimal	1
subset	3
subtract	5
subtraction	2
such	8
sucker	5
suckers	3
sudden	1
suggest	1
suggestion	1
summer	4
supplies	1
suppose	1
sure	15
surprise	1
surrounding	1
surroundings	1
survival	1
suspenseful	3
suspicious	2
switch	3
switching	1
synchronized	1
system	25
systems	1
t	14
t-	7
ta-	1
table	2
take	19
taken	2
takes	3
taking	5
talk	11
talking	10
tandem	5
tanks	1
tastes	1
taught	1
tax	1
tea	2
teach	3
teacher	9
teachings	1
teenage	2
teenager	2
tell	16
telling	3
temples	3
temporary	3
ten	1
ten-	1
tend	1
tends	1
term	2
terms	6
test	3
th-	18
than	18
thank	1
that	457
thats	1
the	893
the-	4
theater	2
theatre	4
their	11
them	46
themselves	4
then	82
theoretically	1
there	136
thes-	1
these	40
they	102
thick	1
thing	26
things	32
thingy	1
think	74
thinking	6
thinks	1
third	1
thirteen	1
thirty-se-	1
thirty-seven	1
this	147
those	32
though	8
thought	10
thoughts	1
thousands	1
threatening	1
three	74
threshold	1
throne	3
through	10
throughout	1
throwing	1
thus	1
ticket	1
tickets	1
tight	1
till	1
time	50
timed	1
times	2
timing	1
tips	1
to	552
today	4
together	7
told	15
tomorrow	2
tongue	1
too	17
took	6
tool	1
tools	3
top	2
topics	1
tore	1
totally	2
touch	1
touched	1
tough	1
tourist	1
toward	1
towards	5
town	1
tr-	1
tract	4
tradition	1
traditions	2
traffic	1
train	2
trained	4
training	4
transcript	2
transcripts	2
transfer	3
transferred	1
transform	1
transformation	1
transformations	1
transmitter	1
transparently	2
travel	3
traveled	1
traveling	1
travelled	1
treasures	1
treat	1
treats	1
tree	8
trend	1
tried	5
tries	1
trip	2
trips	4
trivial	1
trouble	3
true	11
truly	2
trump	1
trusted	2
try	11
trying	4
turmoil	1
turn	2
turned	5
twelve	2
twenty	1
twenty-four	1
two	84
two-fifty	1
type	4
types	1
typo	1
u-	9
uh	146
um	101
un-	1
unblacked	1
uncertainty	1
uncle	1
uncompressed	1
under	5
understand	10
understanding	2
uneasy	1
union	1
universal	1
universe	2
unpleasant	1
unplug	2
unsafe	2
unshortening	1
until	11
unvoiced	1
unwieldy	1
up	50
upcoming	1
update	1
upon	6
ups	2
upwards	1
ur	1
us	37
use	23
useable	1
used	23
user	4
uses	2
using	7
usually	4
utterance	2
v-	2
vacation	1
vague	1
value	3
values	17
var-	1
various	1
vector	2
vectors	3
ver-	1
version	2
versions	2
versus	2
very	33
view	3
views	2
vision	2
visions	1
visit	4
visiting	4
visual	1
vividly	1
vocal	3
voiced	1
w-	16
wait	5
waiting	1
waitresses	2
wake	1
wanna	19
want	27
wanted	12
wanting	1
wants	25
war	3
warmth	3
warn	1
warning	1
warping	2
was	227
was-	1
wash	6
wasn	4
wasted	1
watched	1
water	4
wave	2
wavefile	5
wavefiles	1
waveform	8
waveforms	2
way	35
ways	4
we	358
we-	1
wealth	2
wealthy	1
wear	7
wearing	4
weary	2
week	8
weekend	3
weeks	3
weight	4
weighted	3
weights	2
weird	3
well	12
went	26
were	66
western	1
wha-	1
what	125
whatever	15
whatsoever	2
when	46
whenever	1
where	33
whereas	1
whether	14
which	43
while	12
white	1
who	20
who-	1
whoever	1
whol-	1
whole	16
whose	1
why	23
wide	1
widens	1
will	11
win	1
winner	7
wired	6
wireless	6
wiring	1
with	135
withering	1
within	1
without	8
wo	8
wonderful	4
wondering	2
word	2
wore	1
work	14
worked	3
workers	1
working	12
works	5
world	11
worn	1
worry	4
worrying	1
worse	2
worshipers	1
worst	1
worth	2
would	166
wouldn	1
wouldnt	2
wow	1
write	6
writing	1
written	3
wrong	3
wrote	1
y-	11
yard	2
yards	1
yarn	1
yeah	41
year	7
years	20
yep	1
yes	3
yet	8
you	356
young	3
younger	2
youngest	2
your	46
yours	3
yourself	4
zap	1
zero	36
zeros	3
zest	1
’	15
’m	2
’s	4
