!	.	180
"	''	499
&	CC	15
'	POS	4	''	1
'd	MD	11	NNP	2
'll	MD	10
'm	VBP	17
're	VBP	12
's	VBZ	26	POS	21
've	VBP	7
(	(	40
)	)	42
*	NN	1
,	,	1552
-	:	11
--	:	4
.	.	2337
...	...	118
....	.	5	...	1
.......	.	1
.35	CD	1
.4	CD	11
/	NN	1
00:01:51	NN	1
00:21:38	NN	1
03:24:02	NN	1
0477	CD	3
06:18:57	NN	1
06:47:42	NN	1
09:58:40	NN	1
1	CD	5
101	CD	1
10:00:42	NN	1
10:14:53	NN	1
10:24:38	NN	1
10:26:25	NN	1
10:38:37	NN	1
10:53:49	NN	1
10:53:56	NN	1
11	CD	2
1194	CD	1
11:18:34	NN	1
11:45:08	NN	1
12/1/08	CD	1
1212	CD	1
12:30:04	NN	1
12:35:04	NN	1
12:51:34	NN	1
13	CD	1
131	CD	1
13:05:26	NN	1
13:06:49	NN	1
13:21:20	NN	1
13:45:51	NN	1
13:52:24	NN	1
13th	JJ	1
14	CD	2
14:05:29	NN	1
14:10:25	NN	1
14:17:06	NN	1
14:21:02	NN	1
14:24:52	NN	1
14:26:17	NN	1
14:26:47	NN	1
14:29:07	NN	1
14:37:49	NN	1
14:39:15	NN	1
14:42:35	NN	1
14:42:36	NN	1
14:51:48	NN	1
14:55:22	NN	1
14:57:11	NN	1
15	CD	1
15:03:25	NN	1
15:08:18	NN	1
15:09:29	NN	1
15:09:51	NN	1
15:12:39	NN	1
15:18:34	NN	1
15:23:44	NN	1
15:26:50	NN	1
15:31:02	NN	1
15:33:03	NN	1
15:36:26	NN	1
15:39:25	NN	1
15:40:11	NN	1
15:41:07	NN	1
15:56:41	NN	1
16	CD	2
16:11:31	NN	1
16:22:57	NN	1
16:23:55	NN	1
16:25:01	NN	1
16:26:00	NN	1
16:30:05	NN	1
16:32:33	NN	1
16:49:19	NN	1
16:51:33	NN	1
17	CD	1
17:18:21	NN	1
17:19:10	NN	1
17:28:10	NN	1
17:28:35	NN	1
17th	JJ	1
18	CD	8
18:00:26	NN	1
18:00:48	NN	1
18:04:41	NN	1
18:09:26	NN	1
18:28:26	NN	1
18:33:03	NN	1
18:34:20	NN	1
18:38:52	NN	1
18:40:51	NN	1
19	CD	1
19451	CD	1
19:01:39	NN	1
19:05:24	NN	1
19:06:04	NN	1
19:08:31	NN	1
19:11:34	NN	1
19:13:52	NN	1
19:15:25	NN	1
19:15:43	NN	1
19:17:26	NN	1
19:40:33	NN	2
19:41:37	NN	1
19:54:59	NN	1
1:00	NN	1
2	CD	16
2,500	CD	1
20	CD	1
2001	CD	1
20011	CD	1
2008-11-09	NN	53
2008-11-10	NN	68
2008-11-11	NN	29
20:00:07	NN	1
20:05:43	NN	1
20:06:07	NN	1
20:17:03	NN	1
20:20:48	NN	1
20:23:43	NN	1
20:27:03	NN	1
20:32:04	NN	1
20:34:24	NN	1
20:36:44	NN	1
20:41:43	NN	1
20:48:06	NN	1
20:48:18	NN	1
20:48:30	NN	1
21:00:53	NN	1
21:02:34	NN	1
21:04:23	NN	1
21:06:40	NN	1
21:08:04	NN	1
21:10:19	NN	1
21:14:22	NN	1
21:15:37	NN	1
21:16:51	NN	1
21:29:37	NN	1
21:36:10	NN	1
21:39:15	NN	1
21:43:00	NN	1
21:44:35	NN	1
21:46:31	NN	1
21:46:33	NN	1
21:46:49	NN	1
21:50:05	NN	1
21:58:26	NN	1
22	CD	2
225	CD	1
22:03:00	NN	1
22:06:18	NN	1
22:07:16	NN	1
22:07:45	NN	1
22:08:04	NN	1
22:08:38	NN	1
22:22:58	NN	1
22:25:54	NN	1
22:27:34	NN	1
22:27:52	NN	1
22:31:50	NN	1
22:35:07	NN	1
22:41:36	NN	1
22:44:52	NN	1
22:48:36	NN	1
22:48:41	NN	1
22:54:11	NN	1
22:56:51	NN	1
22:59:59	NN	1
23:19:21	NN	1
23:20:49	NN	1
23:30:09	NN	1
23:33:28	NN	1
23:39:35	NN	1
23:40:34	NN	1
23:42:15	NN	1
23:44:33	NN	1
23:48:38	NN	1
23:54:44	NN	1
24	CD	2
25	CD	1
26	CD	3
27th	JJ	1
3	CD	2
3/4	CD	1
3001	CD	1
307	CD	12
31	CD	1
330891	CD	1
3333	CD	1
345.6	CD	1
345.9	CD	1
4	CD	4
42136	CD	1
43098	CD	1
4351	CD	1
43756	CD	1
43780	CD	1
44835	CD	1
45094	CD	3
45287	CD	1
45383	CD	1
45445	CD	1
45451	CD	1
45577	CD	1
45582	CD	1
45585	CD	1
45587	CD	1
45609	CD	1
45610	CD	1
45640	CD	1
45646	CD	1
45653	CD	1
45667	CD	1
45697	CD	1
45700	CD	1
45701	CD	1
45706	CD	1
45714	CD	1
45716	CD	1
45717	CD	4
45719	CD	1
45720	CD	2
45721	CD	2
45722	CD	3
45723	CD	1
45724	CD	1
45725	CD	1
45726	CD	1
45727	CD	1
45728	CD	1
45729	CD	1
45730	CD	1
45731	CD	2
45732	CD	2
45733	CD	1
45734	CD	2
45735	CD	1
45736	CD	1
45737	CD	3
45738	CD	2
45739	CD	2
45740	CD	3
45741	CD	3
45742	CD	3
45743	CD	3
45744	CD	2
45745	CD	3
45746	CD	2
45747	CD	3
45748	CD	3
45749	CD	3
45750	CD	3
45751	CD	2
45752	CD	2
45753	CD	3
45754	CD	3
45755	CD	3
45756	CD	3
45757	CD	2
45758	CD	2
45759	CD	3
45760	CD	3
45761	CD	3
45762	CD	4
45763	CD	2
45764	CD	1
45765	CD	2
45766	CD	2
45767	CD	2
45768	CD	3
45769	CD	3
45770	CD	1
45771	CD	1
45772	CD	2
45773	CD	1
45774	CD	1
45775	CD	2
45776	CD	1
45777	CD	2
45778	CD	2
45779	CD	3
45780	CD	1
45781	CD	3
45782	CD	1
45783	CD	3
45784	CD	2
45785	CD	3
45786	CD	3
45787	CD	2
45788	CD	3
45789	CD	3
45790	CD	3
45791	CD	3
45792	CD	3
45793	CD	3
45795	CD	3
45796	CD	3
45797	CD	3
45798	CD	2
45800	CD	3
45801	CD	2
45803	CD	2
45804	CD	1
45805	CD	1
45806	CD	1
45807	CD	1
45808	CD	1
45809	CD	1
45810	CD	3
45811	CD	1
45812	CD	1
45813	CD	1
45814	CD	1
45815	CD	1
45816	CD	1
45817	CD	1
45818	CD	2
45819	CD	3
45820	CD	3
45821	CD	3
45822	CD	3
45823	CD	2
45824	CD	2
45825	CD	1
45826	CD	1
45827	CD	3
45828	CD	3
45829	CD	3
45831	CD	3
45832	CD	3
45833	CD	2
45834	CD	1
45835	CD	3
45836	CD	3
45837	CD	3
45838	CD	3
45839	CD	2
45840	CD	2
45841	CD	3
45842	CD	3
45843	CD	3
45844	CD	3
45845	CD	2
45846	CD	1
45847	CD	1
45848	CD	3
45849	CD	3
45850	CD	2
45851	CD	2
45852	CD	2
45853	CD	3
45854	CD	3
45855	CD	2
45856	CD	1
45857	CD	1
45858	CD	1
45859	CD	3
45860	CD	3
45861	CD	1
45862	CD	2
45863	CD	2
45864	CD	2
45865	CD	3
45866	CD	1
45867	CD	1
45868	CD	3
45869	CD	1
45870	CD	2
45871	CD	3
45872	CD	2
45873	CD	2
45874	CD	1
45875	CD	1
45876	CD	1
45877	CD	1
45881	CD	1
45884	CD	1
45885	CD	1
45896	CD	1
45905	CD	1
45935	CD	1
45939	CD	1
45940	CD	1
45944	CD	1
45949	CD	1
45952	CD	1
45954	CD	1
46056	CD	1
46123	CD	1
46160	CD	1
46176	CD	1
46178	CD	1
46316	CD	1
46354	CD	1
46517	CD	1
46623	CD	1
46854	CD	1
47466	CD	1
48	CD	1
5	CD	3
500	CD	1
51	CD	1
6	CD	2
6161	CD	1
666	CD	1
7	CD	1
714	CD	1
7th	CD	2
9:00	NN	1
:	:	520
;	:	24
=	SYM	4
?	.	474
[	NN	6
]	NN	6
_	NN	5
a	DT	538
aapr	NNP	3
abbey	NNP	8
abilities	NNS	3
ability	NN	6
able	JJ	10	NNP	1
aboard	RB	1
abound	VBP	1
abounds	VBZ	1
about	IN	60	RP	1
about-	NN	1
above	IN	3
abruptly	RB	2
absent	JJ	1
absolutely	RB	3
absolution	NNP	3
absorbed	VBN	1
abstract	JJ	1
abusing	VBG	2
accent	NN	1
accepted	VBD	2	VBN	1
accessory	JJ	2
accident	NN	1
accidental	NN	1
accumsan	NN	1
aches	NNS	1
achieve	VBP	1
acknowledgment	NN	1
acquaintance	NNP	1
across	IN	7
act	VBP	1
acted	VBN	1	VBD	1
acting	VBG	2
action	NNP	1	NN	1
activity	NN	1
acts	NNS	1
actual	JJ	1
actually	RB	13
adam	NNP	1
added	VBD	1
addictive	JJ	1
address	VB	1	NN	1
adelle	NNP	10
adipiscing	VBG	1
adjust	VB	1
adjusting	VBG	1
admiring	NNP	1
admit	VBP	2	VB	1
admitted	VBN	1
adolescent	JJ	1
adored	JJ	1
adrift	NNP	1
adults	NNS	1
advantage	NN	1
adventure	NN	1
advice	NN	1
affect	NN	1
affectionately	RB	1
affliction	NN	1
afford	VB	1
afor	NN	1
afraid	JJ	6
after	IN	41
again	RB	37
againbut	NN	1
against	IN	13
againwind	NN	1
age	NNP	1	NN	1
agent	NN	3
agile	NN	1
ago	RB	6
agony	NN	1
agreed	VBD	2
agrees	VBZ	1
ah	UH	5
aha	NNP	1
ahead	RB	1
ahhh	NNP	2
aim	NNP	2
air	NN	11
air-ee-el	NNP	1
airline	NN	2
akinaxx	NNP	1
al	NNP	1
albertson-	NNP	1
alcohol	NN	1
alex	NNP	5
alfred	NNP	1
algebra	NNP	2
alias	NNP	1
alice	NNP	9
alike	RB	1
aliquam	NNP	2	NN	1
aliquet	NN	1
alisha	NNP	1
alive	JJ	1
all	DT	69	PDT	12	NNP	1
alley	NN	2
allow	VB	3
allowing	VBG	1
almost	RB	11
alone	RB	12
along	IN	2	RB	1
alongside	IN	2
alot	NN	1
aloud	RB	2
alpha	NNP	1
already	RB	13
alright	NNP	2	NN	1
also	RB	5
although	IN	1
always	RB	24
am	VBP	14
amair	NNP	1
amaron	NNP	1
amaze	VB	1
amazed	VBN	1
amazing	JJ	5
amber	NNP	14	NN	2
american	JJ	1
amet	NN	5
amount	NN	3
amout	NN	1
an	DT	45
ana	NNP	1
ana-lyzing	NNP	1
analyzed	NNP	1
and	CC	600
andante	NNP	2
anderson	NNP	1
andiamo	NNP	1
andrew	NNP	5
android	NN	4
andy	NNP	1
and—oh	NN	1
angel	NN	13	NNP	1
angela	NNP	1
angels	NNS	1
anger	NN	4
angle	NN	1
angrier	NN	1
angrily	RB	1
angry	JJ	8	NNP	1
animal	NN	1
animals	NNS	1
ankles	NNS	1
anna	NNP	3
announced	VBD	1
announcement	NN	1
announcing	VBG	1
annoy	NN	1
annoyed	JJ	1	VBN	1	VBD	1
annoying	JJ	2	NNP	1
anonymous	JJ	1
another	DT	19
answer	NN	6	VB	2	VBP	1	NNP	1
answered	VBD	4	VBN	1
answers	NNS	5	VBZ	1
anthony	NNP	1
anticipate	VB	1
anxious	JJ	2
any	DT	16	RB	1
anybody	NN	1
anymore	RB	6
anyone	NN	7
anything	NN	24	NNP	2
anyway	RB	6
anyways	NNS	1
anywhere	RB	1
apart	RB	1
apartment	NN	2	NNP	1
aphrodite	NNP	6
apologize	VB	1
apparently	RB	1
appear	VB	1
appearance	NN	1
appeared	VBD	2	VBN	1
apple	NN	1
application	NN	1
appreciated	VBN	1
appreciating	VBG	1
apprehended	JJ	1
appropriate	JJ	1
approximately	RB	1
arched	NNP	1
archie	NNP	5
archway	NN	1
are	VBP	70
areas	NNS	1
aren	NN	2
arenn	NNP	2
arent	NN	1
aretha	NNP	1
argh	NNP	1
argue	VB	2
argument	NN	1
arm	NN	11
armed	VBN	1
armpits	NNS	1
arms	NNS	20
armstrong	NNP	1
army	NN	1
arond	NN	1
around	IN	59	RB	1	RP	1
arrival	NN	2	NNP	1
arrive	VBP	2
arrived	VBD	3
arriving	VBG	1
arrogance	NN	1
articles	NNS	1
artist	NNP	1
as	IN	136	RB	21
ascended	JJ	1
ashamed	JJ	1
ashton	NNP	7
ashtonishment	NN	1
ask	VB	7	VBP	6
asked	VBD	30	VBN	2
asking	VBG	6
asks	VBZ	5
asleep	RB	7
associated	VBN	1
assumed	VBD	1
assumptions	NNS	1
assure	VB	1
astonished	JJ	2
astonishment	NN	1
at	IN	155
attaches	VBZ	1
attack	VB	1	NN	1
attacked	VBN	1
attatched	JJ	1
attempted	JJ	1	VBD	1
attending	VBG	1
attention	NN	8
auditioning	NNP	1
audrey	NNP	1
aught	NN	1
august	NNP	1
author	NN	1
authority	NN	1
autumn	NN	1
avoid	VB	1
aw	UH	1
awaited	VBD	3
awaiting	VBG	1
awakening	NNP	1
awakens	NNS	1
aware	JJ	3
away	RB	27	NNP	1
awe	NN	1
awesome	JJ	4
awful	JJ	1
awhile	RB	1
awkward	JJ	1
awkwardly	RB	1
awoke	VBD	2
awoken	NN	1
aydan	NNP	1
b	NNP	1
babbling	NNP	1	VBG	1
babies	NNP	1
baby	NN	9
back	RB	52	NN	8	RP	1	VB	1
backed	VBN	2
background	NN	1
backlit	JJ	1
backpack	NN	1
backseat	NN	1
bad	JJ	8	RB	1
badit	NN	1
badly	RB	2
baffled	JJ	1
bag	NN	4
bags	NNS	2
ball	NN	1
ball-point	JJ	1
band	NN	23	NNP	1
bandaged	JJ	1
bank	NN	1
bar	NN	1
baredthey	NN	1
barely	RB	2
barge	NN	2
barrel	NN	1
bars	NNS	1
base	NN	1
based	VBN	1
basically	RB	2
bathroom	NN	9
bathtub	NN	2
battle	NN	1
bawled	JJ	1
be	VB	104	VBG	2	VBP	1
beach	NN	5
beaches	NNP	1
beak	NN	2	NNP	1
beat	VB	1	NN	1
beaten	VBN	1
beating	VBG	1
beatrice	NNP	1
beautiful	JJ	5
beautifully	RB	2
beauty	NN	3	NNP	1
became	VBD	3
because	IN	21
beckoning	VBG	1
become	VB	1
becomelet	NN	1
becomes	VBZ	1
bed	NN	6
bedroom	NN	6
beds	NNS	1
bedside	NN	1
beefy	JJ	1
been	VBN	40
beenteaching	VBG	1
beeping	NN	1
beer	NN	2	NNP	1
beers	NNS	1
before	IN	33	RB	7	RP	1
beg	VB	1
begain	NN	1
began	VBD	11
begin	VBP	1
begins	VBZ	7
behavior	NNP	1	NN	1
behind	IN	18
behold	NN	1
being	VBG	26	NN	2
being-	NN	1
believe	VBP	5	VB	5
bell	NN	2
bella	NNP	6
bellas	NNP	1
bellezza	NN	1
bells	NNS	1
below	IN	2	NNP	1
bench	NN	1
bends	NNS	1
beneath	IN	4
bent	NN	1
beside	IN	1
besides	IN	1
besieged	VBN	1
best	JJS	4
bet	NN	3	VBD	1
beth	NNP	4
better	JJR	9
between	IN	5
bewildered	VBN	1
beyond	IN	3
bibendum	NN	1
big	JJ	9	NNP	2
bigger	JJR	1
bike	NN	6
billie	NNP	1
billionth	NN	1
bind	NN	1
biography	NN	1
bios	NNS	1
bird	NN	3
birth	NNP	1
birthday	NN	5
bit	NN	6
bitterly	RB	1
black	JJ	7	NNP	4
blacked	VBN	2
blackness	NNS	2
blade	NN	1
blah	NN	2
blahblahblah	NN	1
blandit	NN	2
blankets	NNS	1
blaring	VBG	1
blasting	NNP	1	VBG	1
blasts	NNS	1
bleak	JJ	1
bleeding	VBG	1
blew	VBD	1
blind	JJ	6
blinded	NNP	1	JJ	1
blindfold	NN	1
blinked	VBD	2
block	NN	2
blonde	JJ	4
blood	NN	4
blood-curdling	JJ	1
bloomers	NNS	2
bloomfield	NNP	3
blouse	NN	2
blowing	VBG	3
blown	VBN	1
blows	NNS	1
blue	JJ	10	NNP	1
blues	NNS	1
bluntly	RB	1
blur	VB	1
blush	NN	1
blushing	VBG	1
blusparrow	NNP	5
boarding	VBG	1
boat	NN	2
boatman	NN	1
bobbing	VBG	1
bobby	NNP	2
bodice	NN	1
body	NN	7
bold	JJ	2
bolt	NN	1
bone	NNP	1
bones	NNS	1
bonesetter	NNP	6
bonfire	NNP	2
boobs	NNS	1
book	NN	8
bookcase	NN	1
books	NNS	3
booming	JJ	3
booze	NN	1
bored	VBN	5	NNP	1
boring	JJ	1
both	DT	26
bother	VBP	1	VB	1
bothering	VBG	2
bottle	NN	2
bottom	NN	4
boulevard	NNP	3
bouncy	NN	1
bowed	VBD	1
bowl	NN	5
bows	NNS	1
box	NN	4
boy	NN	19
boyfriend	NN	3
boyhood	NN	1
boyish	JJ	1
boys	NNS	4
bra	NN	1
braces	NNS	1
brain	NN	1
brainwashed	JJ	1
branches	NNS	4
bravely	RB	1
braver	NN	1
bravest	JJS	1
breakdown	NN	1
breaking	VBG	3
breasts	NNS	1
breath	NN	15
breathe	VB	4
breathed	VBD	2
breathing	VBG	2
breathless	NNP	1
breaths	NNS	1
bree	NNP	2
breeze	NN	1
brewed	VBN	1
brian	NNP	1
brief	NNP	1
bright	JJ	4
brightens	NNS	1
brightness	NNS	1
brilliant	JJ	1
brim	NN	1
brimming	NNP	1
bring	VB	4
bringing	VBG	1
brisk	JJ	1
briskly	RB	1
british	JJ	1
broke	VBD	3
broken	VBN	3	JJ	2
brother	NN	1
brow	NN	1
brown	JJ	5
brows	NNS	1
bruising	JJ	1
brunette	NN	1
brushed	VBD	1
bucholic	NNP	1	JJ	1
bucket	NN	1
bud	NNP	2
building	NN	5	VBG	1
bulged	JJ	1
bull	NN	1
bun	NN	1
burberry	NN	1
buried	VBN	1
burn	VBP	2
burned	VBD	2	VBN	2
burning	NN	2	VBG	1
burst	NN	2	VBD	1
bus	NN	1
bush	NN	1
business	NN	2
busted	JJ	1
bustling	JJ	1
busy	JJ	3
but	CC	153	NNP	1
butler	NN	3
butterfliessmilescaringwarmhopefulgiddyrelievedamazedexcitedlaughinghappybreathlessheart-	NNP	1
button	NN	4
butts	NNS	1
by	IN	58
bye	NNP	1	NN	1
c	SYM	1
ca	MD	9
cabs	NNS	1
cadelliac	NN	1
cafe	NNP	1	NN	1
cake	NN	2	NNP	1
calculation	NN	1
caligraphy	NNP	1
call	NN	4	VBP	2	VB	1
called	VBD	3	VBN	3
calling	VBG	1
calloused	JJ	1
calls	VBZ	3	NNS	1
calm	VB	5	NNP	2
calmed	VBN	1
calmly	RB	1
calvin	NNP	4
calvin—their	NNP	1
came	VBD	26
cameron	NNP	2
camisole	NN	1
can	MD	67
canadianwriter	NN	5
candy	NN	3	NNP	1
canvas	NN	1
cap	NN	2
captivity	NN	1
captors	NNS	1
car	NN	16
caravan	NN	3
carbs	NNS	1
card	NN	1
cardiovascular	JJ	1
care	NN	3
carefully	RB	5
carelessly	RB	2
caring	VBG	1
carolina	NNP	1
carried	VBD	1
carry	VBP	1	VB	1
carrying	VBG	3
cars	NNS	7
carter	NNP	2
casar	NNP	1
cassie	NNP	1
cast	NN	1
casual	JJ	1
cat	NN	4
catalogues	NNS	1
catch	VB	8	NNP	1	NN	1
catches	VBZ	3
catching	VBG	5
categories	NNS	1
caught	VBD	3	VBN	1
cause	VB	1	NN	1
caused	VBN	3	VBD	1
causing	VBG	2
cave	NN	3
ceasealas	NNS	1
ceased	VBD	1
ceiling	NN	8	NNP	1
celebrated	JJ	1
cell	NN	2
center	NN	3
centuries	NNS	1
cerberus	NNP	1
certain	JJ	2	NNP	1
certainly	RB	1
cesar	NNP	3
cest	NNP	1
ch	NNP	12
chair	NN	4
chairs	NNS	1
challenge	NNP	9	NN	3
chanced	JJ	1
change	VB	3	NN	3
changed	VBN	2	VBD	1
characters	NNS	1
charity	NN	1
charon	NNP	1
chased	VBD	1
chasing	VBG	2	NNP	1
chat	VB	1
chatter	NN	1
chattering	VBG	2
chatting	VBG	1
check	VB	1	NN	1
checked	VBN	3
cheek	NN	3
cheeks	NNS	3
cheerily	RB	1
cheers	NNS	1
cheesy	JJ	1
cherries	NNS	1
chest	NN	10
chests	NNS	1
chicago	NNP	2
chicago-based	JJ	1
child	NN	5	NNP	1
childishly	RB	1
children	NNS	8
chills	NNS	1
chirps	NNS	1
chloe	NNP	5
chocolate	NNP	1	NN	1
choice	NNP	1	NN	1
choir	NN	1
choked	VBD	1
choose	VB	1
choosing	NNP	1	NN	1
chopped	VBN	1
chortled	VBD	1
chorus	NNP	1	NN	1
chris	NNP	13
christina	NNP	1
christmas	NNP	3
chuck	NNP	1
circle	NN	2
circled	VBD	1
circuit	NN	1
citations	NNS	1
cite	VB	1
city	NN	5	NNP	2
civilization	NN	1
clacked	JJ	1
claire	NNP	1
clams	NNS	1
clapped	JJ	1
clapping	VBG	1
class	NN	8	NNP	1
classroom	NN	1
classrooms	NNS	1
claustrophobia	NNP	1	NN	1
clean	JJ	3
clearing	NN	1
clearly	RB	1
clenching	VBG	1
clichã	NN	1
click	NN	2
clicked	VBD	2
clicking	VBG	1
client	NN	2	NNP	1
cliff	NN	2
climb	NN	1
climbed	VBD	4
clip	NN	1
clipboard	NN	1
clippings	NNS	1
cloaked	JJ	1
clock	NN	3
clone	NN	2
close	VBP	2	RB	2	VB	1	JJ	1	NN	1
closed	VBD	3	VBN	1
closely	RB	1
closer	JJR	4
closet	NN	2
closing	VBG	2
cloth	NN	2
clothes	NNS	6
clothing	NN	1
cloud	NN	3	NNP	2
clouds	NNS	1
cloudy	JJ	2
clue	NN	1
clung	NN	1
clutched	JJ	2
cluttered	VBN	2
coaching	NNP	1
coats	NNS	2
cocked	JJ	2
cocooned	NNP	1
cody	NNP	1
coherent	JJ	1
coiled	JJ	1
coin	NN	1
coincidence	NN	1
cold	JJ	8	NN	3	NNP	1
coldly	RB	1
cole	NNP	1
collapsed	VBD	2
collarbone	NN	1
collecting	NNP	1
college	NNP	1	NN	1
color	NN	2
colored	VBN	1
colorful	JJ	2	NNP	1
colors	NNS	4	NNP	2
columns	NNS	1
combinations	NNS	1
combined	VBN	1
come	VB	12	VBN	10	VBP	2
comes	VBZ	7
comfort	NN	1
comfortable	JJ	3
comfortably	RB	1
comin	NN	1
coming	VBG	16
commendable	NNP	1
comment	NNP	1	NN	1
commented	VBD	1
comments	NNS	1
commodo	NN	1
common	NN	1
communication	NNP	1
comon	NNP	1	NN	1
company	NN	3
compilation	NNP	5
complaining	VBG	1
completed	VBN	1
completely	RB	2
complex	JJ	1	NN	1
complicated	VBN	1
complications	NNS	1
comprehension	NN	1
compromises	NNS	1
computer	NN	2
computers	NNS	2
concentration	NN	1
concepts	NNS	1
concern	NN	1
concerned	VBN	1
concerts	NNS	3
conclusions	NNS	1
condimentum	NN	1
conditioning	NN	1
cone	NN	1
confirm	VB	1
confused	VBN	5	JJ	1
confusing	NNP	1	JJ	1
confusing--	JJ	1
confusion	NN	2
connect	VBP	1
connecticut	NNP	1
connection	NN	1
connections	NNS	1
conquest	NN	1
conscious	JJ	2
consciousness	NN	1
consectetuer	NN	3
consequat	NN	1
considerable	JJ	1
considered	VBN	1	VBD	1
considering	VBG	1
consolation	NN	1
console	VB	1
conspicuous	JJ	1
constantly	RB	2
construction	NN	1
consulation	NN	1
contact	NN	1
containing	VBG	2
contemporaries	NNS	1
contempt	NN	1
content	NN	1
contentment	NN	1
contents	NNS	1
continue	VB	1
continued	VBD	4
continues	VBZ	1
contorted	JJ	1
contoured	NNP	1
contraption	NN	1
contrary	JJ	1	NN	1
control	NN	5	VB	3	NNP	1
conversation	NN	3
conversations	NNS	2
converted	VBN	1
conviction	NN	1
conviently	RB	1
convince	VB	2
convulsed	JJ	1
cood	NNP	2
cookeher	NNP	1
cooks	NNS	1
cool	NN	3	VB	1	JJ	1
cooperate	VB	1
copy	NNP	1
core	NN	1
corner	NN	3
corny	NN	1
cosmetics	NNS	2
cost	NN	1
couch	NN	4
coudrote	NNP	1
could	MD	61
couldn	NN	18
couldnt	NN	1
count	NN	1
counter	NN	2
countered	VBD	1
counting	VBG	1
countless	JJ	1
couple	NN	2
courage	NN	3
course	NN	14
covered	VBN	1	VBD	1
covers	NNS	1
cozy	NNP	1
crack	VB	1
cracked	VBD	2
cracks	NNS	1
crafted	VBN	1
craiggory	NNP	1
crammed	VBD	1
crap	NNP	2	NN	2
cras	NNP	1
crash	NNP	1
crashed	VBD	2
crashing	VBG	1
crates	NNS	1
crawling	VBG	1
crazy	JJ	8	NNP	1
creaked	JJ	1
creaks	NNS	1
create	VB	2
created	VBN	2
creature	NN	1
creepy	NN	1
crept	VBN	1
cried	JJ	6
crinkled	JJ	1
croaked	JJ	1
croaks	NNS	1
crossing	VBG	1
crowd	NN	2
cruel	JJ	1
crumbs	NNS	3
crumpled	VBN	1
crunch	NN	1
crunching	VBG	1
crunchy-looking	JJ	1
crush	NNP	1	NN	1
crushed	VBN	1
crusty	NNP	1
crutch	NN	1
crutches	NNP	1
cry	VBP	2	NN	1
crying	VBG	3	NNP	1
cunning	JJ	1
curiosity	NN	1
curious	JJ	1
curiously	RB	1
curled	NNP	1	VBD	1
curls	NNS	2
curly	JJ	1
cursive	JJ	1
cursor	NN	1
cursus	JJ	1
curtains	NNP	1	NNS	1
curved	JJ	1
curves	NNS	1
customary	JJ	1
cut	VB	2
cute	JJ	5	NNP	1
cuts	NNS	1
cw	NNP	1
cws	NNP	2
cynthia	NNP	1
d	SYM	19
daddy	NN	1
dallas	NNP	1
dammit	NNP	2
damn	NNP	2	RB	1
dance	NN	1
dancing	NN	2	NNP	1
dangling	VBG	1
dark	JJ	11	NN	1
darkened	JJ	1
darkness	NNS	3
darn	NNP	1
date	NN	5
dating	VBG	2
daughter	NN	3
daughters	NNS	1
david	NNP	1
dawn	NNP	2
day	NN	29	NNP	1
daydreaming	VBG	2
days	NNS	10
daze	NN	1
dead	NNP	2	JJ	1	VBN	1
deada	NN	1
deal	NN	5
decide	VB	2
decided	VBD	4	VBN	2
deciding	VBG	2
decision	NN	1
declare	VB	1
decorated	VBN	1
decorating	NNP	1	VBG	1
deduce	NN	1
deductions	NNS	5
deed	JJ	1
deemed	VBN	1	VBD	1
deep	JJ	13
deeper	JJR	1
deeply	RB	1
defeat	NNP	1	NN	1
defeated	NNP	1
defense	NN	1
defiant	NN	1
definetly	RB	2
definitely	RB	1
degree	NN	1
delicate	JJ	1
delicious	JJ	1
delight	NN	2
delving	NN	1
demeaner	NN	1
demetria	NNP	1
demi	NNP	2
demosthenes	NNP	13
denied	VBD	1
denim	NN	2
deny	VB	1
department	NNP	1
depleted	VBN	1
deposed	VBN	1
depressed	VBN	1
depths	NNS	1
descended	VBD	3
descending	VBG	1
descends	VBZ	1
designs	NNS	1
desires	NNS	1
desk	NN	2
desperate	JJ	1
despite	IN	3
destination	NNP	2	NN	1
destroyed	JJ	1
destruction	NN	1
detective	NN	1
determination	NNP	1	NN	1
determine	VB	1
detour	NN	1
develop	VB	1
device	NN	2
devices	NNS	1
di	FW	1
diagrams	NNS	1
diam	NN	3
diamond	NN	4	NNP	1
did	VBD	50
didn	NN	36	NNP	1
didnt	NN	2
die	VB	5	NN	2
died	VBD	5	VBN	1
difference	NN	1
different	JJ	7
difficult	JJ	2
difficulties	NNS	1
difficulty	NN	1
digestive	JJ	1
digging	NN	1
dim	NN	1
dinner	NNP	1
directed	VBD	1
direction	NN	3
directions	NNS	2
dirty	JJ	2	NNP	1
disappeared	VBD	3
disappearing	VBG	1
disappointed	VBN	2
disapproves	VBZ	1
disapproving	JJ	1
disbelief	NN	1
discarded	VBN	1
discontinued	NNP	1
discovered	VBD	1
discovering	NNP	1
discussed	VBD	1
discussion	NN	1
disdain	NN	1
disembodied	JJ	1
disgusting	JJ	1
dish	NN	1
dismal	JJ	1
displaying	VBG	1
displays	NNS	1
disposition	NN	2
disprove	VB	1
distorted	VBN	1
distract	VB	1
distracting	VBG	2
ditch	NN	1
divert	VB	1
diviner	NNP	4
dizzy	NN	1
do	VBP	41	VB	32	NNP	2
doctor	NNP	2	NN	1
doctors	NNS	1
document	NN	1
dodged	VBD	1
does	VBZ	10
doesn	NN	10	NNP	1
dog	NN	5
dogged	JJ	1
dogs	NNS	3
doing	VBG	12
dollar	NN	1
dollars	NNS	1
dolor	NN	4
domed	JJ	1
don	VB	33	NNP	6
done	VBN	5
donec	NNP	2
doneyou	NN	1
door	NN	33
doorbell	NN	1
doorknob	NN	1
doors	NNS	4
doorway	NN	4
dorm	NN	2
dotted	JJ	1
doubt	VBP	1	NN	1
doubted	VBD	1
dove	VBD	2
down	RB	41	RP	21	JJ	1	IN	1
downstairs	NN	1
downstream	JJ	1
downward	JJ	1
dr	NNP	1
dragged	VBD	1
drags	VBZ	1
drain	NN	1
drama	NN	1
draped	JJ	1
draw	VB	2
drawer	NN	1
dreadful	JJ	1
dream	NN	2
dreamer	NNP	5
dreaming	NNP	1
dreams	NNS	4
dreary	JJ	1
dress	NN	8	NNP	2
dressed	VBN	2	VBD	1
dresses	NNS	1
drew	NNP	8	VBD	2
drifting	VBG	2
drink	NN	1
drive	VB	1	NN	1
driveway	NN	1
driving	VBG	1
drizzle	NN	1
drool	NN	1
dropped	VBD	2
dropping	VBG	1
drove	VBD	1
drug	NN	1
drunken	JJ	1
duche	NNP	2
ducks	VBZ	1
dui	NN	1
dull	JJ	3
dumpster	NN	1
dunno	NN	2
during	IN	2
dust	NN	1
dusty	JJ	1
dying	VBG	2
e	SYM	1
each	DT	11
eachother	NN	1
eaden	NNP	2
eagle	NNP	1	NN	1
eagles	NNS	1
ear	NN	1
earlier	RBR	1
earring	NN	3
ears	NNS	7
earth	NN	5	NNP	2
ease	NN	1
easier	RBR	1	JJR	1
easily	RB	3
easy	JJ	5
eat	VB	1
eating	NNP	2
ebony	NN	1
echoed	VBN	1
echoing	VBG	1
eclectic	NNP	2
economy	NN	1
ecstacy	NNP	1
ecstatic	JJ	1
edge	NN	2
edward	NNP	1
edwin	NNP	18
edwins	NNP	1
eeedddwwwinnnn	NNP	1
eeeerrrrrrrrr	NN	1
effect	NN	1
effort	NN	1
egestas	NNS	1
eget	NN	4
ego	NN	1
eight	CD	2
either	DT	3	CC	2	RB	1
elbows	NNS	1
electricity	NN	1
elementary	NNP	1	JJ	1
elementum	NN	1
elevated	VBD	1
elevator	NN	1
elinor	NNP	1
elit	NN	2
else	RB	15
elsewhere	RB	1
emanate	NN	1
embarrassed	JJ	2
embarrassing	NNP	1
embarrassment	NN	1
embedded	VBN	1
embrace	VB	1
embroidered	JJ	1
emergency	NN	1
emerging	VBG	1
emilie	NNP	3
emmett	NNP	1
emotion	NN	2	NNP	1
emotionless	JJ	1
emotions	NNS	1
empire	NN	1
empty	JJ	3
encased	JJ	1
enclosed	VBN	1
enclude	NNP	1
encompass	VB	1
end	NN	5	NNP	2	VB	1
ended	VBD	1
ending	VBG	4
endlessly	RB	1
ends	VBZ	1
enemies	NNP	1
enfolding	VBG	1
engage	VB	1
engagement	NNP	1
engine	NN	2
english	NNP	2
enim	NN	3
enjoyed	VBD	1
enjoying	VBG	1
enough	RB	10	JJ	2
enraged	JJ	1
enslaved	JJ	1
entered	VBD	2	VBN	1
entering	VBG	2
enters	VBZ	1
entire	JJ	1
entirely	RB	2
entourage	NN	1
entrap	NN	1
entry	NN	1
envious	JJ	2
environment	NN	1
epic	NN	1
epiphany	NN	1
episode	NN	1
equals	VBZ	1
er	UH	1
erat	NN	4
erg	NNP	1
erickson	NNP	1
eros	NNP	19	NNS	1
errrrrr	NNP	1
escape	VB	2	NN	1
escaped	VBD	2
escapes	NNS	1
escaping	VBG	1
escort	NN	2
especially	RB	2
essence	NN	1
et	CC	2
etc	FW	1
eternity	NN	2
etiam	NNP	1
eu	NN	3
euismod	NN	1
eve	NNP	1
evelyn	NNP	3
even	RB	28
evening	NN	4
eventually	RB	1
ever	RB	23
every	DT	8
everyday	JJ	2
everyone	NN	12
everything	NN	12
everytime	NN	1
everywhere	RB	1
evidence	NN	1
ex	NNP	1
exactly	RB	6
examined	VBD	1
except	IN	2
excited	VBN	2
excitedly	RB	1
excitement	NN	1
exclaimed	JJ	2
exclaims	VBZ	1
excuse	VB	1	NN	1
excuses	NNS	1
exhaled	VBD	1
exhausted	VBN	2
exhaustion	NN	2
expect	VBP	2	VB	2
expectations	NNS	1
expected	VBN	1
experience	VB	1	NN	1
experiment	NNP	1	NN	1
experiments	NNS	1
expertise	NN	1
explain	VB	3	VBP	1
explained	VBD	1
explaining	VBG	1
explains	VBZ	2
explanation	NN	2
explore	VB	1
explorer	NN	1
explosion	NN	1
exposed	VBN	1
expressions	NNS	1
exquisite	JJ	1
extensive	JJ	1
extent	NN	1
extinguished	JJ	1
extremely	RB	2
eye	NN	4
eyebrow	NN	2
eyebrows	NNS	1
eyed	VBD	2
eyelids	NNS	2
eyes	NNS	58
ezzie	NNP	1
fabulous	NNP	1
face	NN	38	VB	3
face-up	JJ	1
faces	NNS	1
facilisi	NN	1
facilisis	NNS	2
facing	VBG	3
fact	NN	3
fact-	NN	1
facts	NNS	2
faded	VBD	1	VBN	1
failed	VBD	1
failure	NN	1
failurelimited	NNP	1
faintly	RB	1
fair	JJ	3
fairies	NNS	1
fairly	RB	1
fairy	NN	2
faith	NNP	1
faithful	NN	1
fake	JJ	1
fall	NN	4	VBP	3	VB	1
fallen	VBN	3	NNP	1
falling	VBG	4
falls	VBZ	3
fame	NNP	10	NN	1
families	NNS	1
family	NN	3
famous	JJ	1
fan	NN	1
fanciest	JJS	1
fancy	JJ	2
fangs	NNS	1
far	RB	8	JJ	1
faraway	JJ	1
farming	NN	1
farther	RBR	1
fascinating	NNP	1
fast	RB	7	NNP	1
faster	RBR	3
fat	NN	1
fate	NN	2
father	NN	5	NNP	1
favorite	JJ	2	NN	1
fear	NN	2
feared	VBD	1
feat	NN	1
features	NNS	2
feed	VB	1
feel	VBP	7	VB	6	NNP	1
feeling	NN	5	VBG	2
feelings	NNS	2
feels	VBZ	3
feet	NNS	11
fell	VBD	12	VBN	1
felt	VBD	17
fer	NNP	1
fermentum	NN	1
feverently	RB	1
feverishly	RB	1
few	JJ	26
fibers	NNS	1
fibromyalgia	NNP	1
ficlet	NN	4	NNP	2
ficlets	NNS	3
field	NN	1
fields	NNP	1	NNS	1
fiery	NN	1
fifteen	NN	1
fifth	NNP	1	JJ	1
fight	VB	1
fighting	NN	1
figment	NN	1
figuratively	RB	1
figure	VB	1	NN	1
figured	VBD	2
figures	NNS	3
files	NNS	1
filing	NN	1
filled	VBD	5	VBN	5
fills	VBZ	1
film	NN	1
fin	NN	1
final	JJ	1
finally	RB	21
find	VB	11	VBP	1
finding	VBG	5
finds	VBZ	1
fine	NNP	3	NN	3
finger	NN	4
fingers	NNS	8
finish	VB	1
finished	VBD	1	VBN	1
finishing	VBG	1
fire	NN	9
fire-red	JJ	1
fireplace	NN	2
firmly	RB	1
first	JJ	20	RB	3	LS	1
fish	NN	1
fit	VB	1	NN	1
fitted	JJ	1
five	CD	7
fix	VB	5	NN	1
flame	NN	2
flamehanging	VBG	1
flannel	NNP	1
flapping	VBG	2
flashlight	NN	1
flat	JJ	1
flats	NNS	1
flaw	NN	1
fled	VBD	1	VBN	1
flew	VBD	1
flicking	VBG	1
flight	NN	2
flinched	JJ	1
fling	NNP	1
flipping	NNP	1
flirting	NNP	1
flits	NNS	1
floated	VBD	1
floating	VBG	4
floodlamps	NNS	1
floor	NN	14	NNP	1
floors	NNS	2
florida	NNP	1
flowed	VBD	1
flowers	NNS	1
flows	NNS	1
fluanting	VBG	1
fluffy	JJ	1
flustered	JJ	1
flutter	NN	1
fluttered	JJ	1
fly	NN	2
flying	VBG	5	NNP	1
focus	VB	1	NN	1
focused	VBN	2
focusing	VBG	3
fog	NN	1
folded	VBD	2
folding	VBG	2	NNP	1
follow	VB	5	VBP	2
followed	VBD	7	VBN	3
following	NN	2	VBG	1
follows	VBZ	1
folly	NN	1
food	NN	2
foolish	NNP	1	JJ	1
foot	NN	2
football	NN	4
footsteps	NNS	2
for	IN	151
for-ti-five	JJ	1
force	NN	2
forced	VBN	2	VBD	1
forehead	NN	1
forever	RB	4
forget	VB	5	VBP	2
forgive	VB	1
forgotten	VBN	1
form	NN	2
formal	JJ	2
formed	VBD	1
former	JJ	2
forte	NN	1
forty	NN	4	CD	2
forty-nine	JJ	1
forward	RB	2	NNP	1
foul	JJ	1
found	VBD	3	NNP	1	VBN	1
four	CD	5
fours	NNS	1
foyer	NN	2	NNP	1
framing	VBG	1
franklin	NNP	1
frantic	NNP	1
freaked	VBN	1
freaking	VBG	2
freckles	NNS	2
free	JJ	8	RB	1
freed	VBN	1
freedom	NNP	2
freezing	NNP	1
frequent	JJ	1
freshly	NNP	1
frick	NN	1
friction	NN	1
friday	NNP	2	NN	1
friend	NN	13	NNP	1
friendly-game	JJ	1
friends	NNS	10
friendships	NNP	1	NNS	1
frilly	RB	1
fritter	NN	1
frizzy	NN	1
from	IN	91
front	NN	5
frown	NN	2
frowned	JJ	3
frowns	NNS	1
froze	VBD	1
frozen	VBN	2	JJ	1
fuck	NN	1
fucking	VBG	1
fuel	NN	1
fueled	VBN	1
full	JJ	5
full-out	JJ	1
fully	RB	4
fumble	JJ	1
fumbling	VBG	1
fun	NN	10	NNP	1
function	VBP	1
functioned	VBD	1
funny	JJ	4
funny-looking	JJ	1
furious	JJ	1
furiously	RB	1
furrowed	JJ	2
further	JJ	1
fusce	NNP	1
futile	JJ	1
future	NN	2	JJ	1
fuzzy	JJ	2
g	SYM	10	NNP	1
gaahhh	NNP	1
gabriel	NNP	4
gag	NN	1
gail	NNP	2
game	NN	6
games	NNS	2	NNPS	1
gaped	VBN	1
gasp	VB	1
gasping	VBG	1
gasps	NNS	2
gather	VB	1
gathered	VBD	2
gathering	NNP	1
gave	VBD	4
gaze	VBP	1
gazed	JJ	1
gazing	VBG	1
geek	NN	14
geese	NN	1
geez	NNP	1
genderless	JJ	1
genius	NN	1
gentle	JJ	1
gently	RB	4
geography	NNP	2
geometry	NNP	1
gesture	NN	1
gesturing	VBG	1
get	VB	48	VBP	11
gets	VBZ	2
getting	VBG	16
gia	NNP	2
gianna	NNP	14
giant	NNP	1	JJ	1	NN	1
giants	NNS	1
giddy	JJ	1
gift	NN	4	NNP	2
gifted	JJ	1
gigantic	JJ	1
giggled	JJ	1
giggling	VBG	1
gimmick	NN	1
ginger	NN	1
girl	NN	25	NNP	1
girls	NNS	11	NNP	2
give	VB	3	VBP	2	VBG	1
giving	VBG	3
glad	JJ	4
gladly	RB	1
glance	NN	3
glances	NNS	3
glancing	VBG	2
glands	NNS	1
glares	VBZ	1
glass	NN	5
glee	NN	1
glided	JJ	1
glimmer	NN	2
glimpse	NN	2
glint	NN	1
glinting	VBG	1
gloomy	JJ	1
glory	NN	1
gloves	NNS	1
glow	NN	2
glowfeed	JJ	1
go	VB	27	NN	7	VBP	6	NNP	2	VBG	2
goal	NN	1
god	NNP	8	NN	7
god-damn	JJ	1
god-like	JJ	1
goddess	NN	3
gods	NNS	1
goes	VBZ	3
going	VBG	43	NN	1
gokeep	NN	1
gold	NN	2
golds	NNS	1
gone	VBN	10
gonna	VBG	5
good	JJ	23	NNP	1
goodbye	UH	3	NNP	2
goodnight	NN	1
googly	RB	1
goose	NN	1
gorgeous	JJ	2
got	VBD	17	VBN	4
gotta	VB	2
gotten	VBN	2
grab	VBP	1	VB	1	NN	1
grabbed	VBD	7
grabbing	NNP	1	VBG	1
grabs	NNS	1
grace	NNP	1
graceful	JJ	1
gracefully	RB	1
gracing	VBG	1
grade	NN	2
grader	NN	1
grafeteed	JJ	1
grandma	NNP	1	NN	1
grandmother	NN	1
grant	NNP	2	VB	1
granted	VBN	2
graphite	NN	1
grasped	JJ	1
grasping	VBG	1
grass	NN	5
grasses	NNS	3
gravida	NN	3
gravity	NN	2
gray	JJ	1
great	JJ	8	NNP	2
greatest	JJS	3
greed	NN	2
greek	JJ	2
green	JJ	2	NN	2
greeted	VBN	1	VBD	1
greeting	VBG	1
grew	VBD	3
grey	NNP	1	JJ	1
greyhem	NNP	6
greyness	NNS	1
grief	NNP	1	NN	1
grieving	VBG	1
grin	NN	2
grinning	VBG	1
grins	NNS	1
grips	NNS	1
groaned	JJ	1
groans	VBZ	2
grocery	NN	1
ground	NN	15
group	NN	3
grow	VBP	1
growing	VBG	2
growled	JJ	1
growling	VBG	1
gruffly	RB	1
guard	NN	1
guarded	VBD	1
guess	VBP	9
guessed	VBD	1
guiltier	NN	1
guilty	JJ	1
gulped	JJ	1
gum	NN	1
gus	JJ	1
gushes	VBZ	1
guy	NN	7
guys	NNS	4
gypsy	NN	1
ha	NNP	1
habit	NN	1
had	VBD	110
hades	NNP	1
hadn	NN	4
hailing	VBG	1
hair	NN	25
haircut	NN	1
hairless	JJ	1
half	JJ	2	PDT	1	NN	1
hall	NN	2
halloween	NNP	2
hallway	NN	6
halt	NN	1
halter	NN	1
hampshire	NNP	1
hampton	NNP	2
hand	NN	24	VB	2
hand-written	JJ	1
handed	VBD	1
handing	VBG	1
handle	VB	1
hands	NNS	21	VBZ	1
handy	JJ	1
hang	VB	6
hanging	VBG	1
hansom	NN	1
happen	VB	3	VBP	1
happened	VBD	6	VBN	5
happening	NN	1	VBG	1
happiest	NN	2
happily	RB	3
happiness	NN	1
happy	JJ	6	NNP	1
hard	JJ	7
harder	RBR	3
hardest	JJS	1
hardly	RB	1
harmonica	NN	1
harper	NNP	4
harrisford	NNP	1
harsh	JJ	1
has	VBZ	18
hasn	NNP	1	NN	1
hat	NN	2
hate	VBP	3	VB	1
hated	VBN	6
have	VBP	51	VB	32
haven	NN	3
having	VBG	15	NNP	1
hawk	NN	1
hazel	NNP	5	NN	1
he	PRP	333
head	NN	23
headache	NN	1
headed	VBD	2	VBN	1
heading	VBG	1
heads	VBZ	2
heal	VB	1
heals	NNS	1
healthy	JJ	3
hear	VB	5	VBP	2	NNP	1
heard	VBD	13	VBN	2
hearing	VBG	2
hears	VBZ	1
heart	NN	10	NNP	1
hearted	NNP	5
hearts	NNS	3
hearty	JJ	1
heat	NN	2	VB	1
heating	NN	1
heaven	NNP	1
heavens	NNS	2
heavily	RB	2
heaving	VBG	1
heavy	JJ	4
heck	NN	4
heel	NN	1
heh	NN	1
hehe	NN	1
height	NNP	1	NN	1
heir	NN	5	NNP	1
held	VBD	7
helicopters	NNS	2
hell	NN	8	NNP	1
hello	UH	13
help	VB	12	NN	6	NNP	1
helped	VBD	3
helping	VBG	1
helpless	JJ	1
helps	VBZ	2
her	PRP$	216	PRP	48
here	RB	38
here-	NN	1
hers	PRP	2
herself	PRP	3
hesitantly	RB	4
hesitated	JJ	1
hey	NNP	8	UH	1
hi	NNP	4	NN	2
hi-liters	NNP	1
hidden	VBN	1
hide	VB	1
hidecautious	JJ	1
hides	NNS	1
hiding	VBG	2
high	JJ	8	NN	1
highness	NNS	2
hill	NN	2
hillsides	NNS	1
him	PRP	105
himself	PRP	6
hips	NNS	2
his	PRP$	169	PRP	1
hissing	VBG	2
history	NN	2
hit	VBD	1
hitchcock	NNP	1
hits	NNS	2	VBZ	1
hm	NNP	3
hoarse	NN	1
hoists	NNS	1
hold	VB	2	NN	2	VBP	1
holding	VBG	3
holds	VBZ	1
holiday	NNP	1
holler	VB	1
hollering	VBG	1
hologram	NN	2
holovisions	NNS	1
home	NN	23
homeland	NN	1
homeroom	NN	2
homes	NNS	1
homework	NN	2
homey	NN	1
honest	JJ	1
honestly	RB	1	NNP	1
honesty	NN	1
honey	NN	1
hoodie	NN	1
hoooo	NNP	1	NN	1
hoooooo	NN	1
hop	NN	1
hope	VBP	5	NN	1
hopeful	JJ	1
hopefully	NNP	1
hopelessly	RB	2
hopes	NNS	3	VBZ	1
hoping	VBG	1
horrible	JJ	2
horribly	RB	1
horridly	RB	1	NNP	1
horrifying	JJ	1
horror	NN	3
hospitals	NNS	1
hot	JJ	2
hotel	NNP	2	NN	1
hour	NN	3
hours	NNS	4
house	NN	10
household	NN	1
houses	NNS	2
how	WRB	65
however	RB	1
hub	NN	1
hubby	NN	1
huff	NN	1
hug	NN	2
huge	JJ	8
hugged	VBD	3
hugs	NNP	1
huh	NNP	2
human	JJ	5	NN	1
human-like	JJ	1
humans	NNS	5
humidity	NN	1
humming	VBG	3
humor	NN	1
hun	NN	1
hundred	CD	2
hundred-fifty	JJ	1
hundreds	NNS	2
hung	VBD	2
hunger	NN	1
hungry	JJ	1
hurt	VBN	7	VBD	1
hurting	NNP	1	VBG	1
hurtled	JJ	1
hurtling	VBG	1
husband	NN	3
hush	JJ	1
hyperventilating	NN	2
hypnotizing	VBG	1
hysterically	RB	1
i	PRP	943	NNP	9
i-	NNP	1
i-in	JJ	1
i.	NN	1
iaculis	NNS	1
icy	NN	1
id	NNP	150	NN	3
idea	NN	11
ideal	JJ	1
identify	VB	2
idiot	NNP	1	NN	1
idling	VBG	1
if	IN	55
igloo	NN	1
ignorant	NN	1
ignored	VBD	3
ignoring	VBG	2
il	NNP	3
ill	JJ	1
illuminated	JJ	1
im	NNP	3	NN	1
imagination	NN	3
imaginatively	NNP	1
imagine	VB	4
imagined	VBN	1
imagining	VBG	1
immediately	RB	5
immediatley	NNP	1
immense	JJ	2
immerse	NN	1
immortal	NN	1
immortality	NN	2
impatiently	NNP	1
impeccably	RB	1
imperial	NNP	1
important	JJ	7	NNP	1
importantly	RB	1
impossible	JJ	2
impression	NN	1
imprisonment	NN	1
impulses	NNP	1	NNS	1
in	IN	273	RB	1
in-door	NNP	1
incapable	JJ	2
including	VBG	2
incoherant	NN	1
incoherent	JJ	1
incoherently	RB	1
incoming	JJ	1
incomprehensible	NN	1
inconspicuously	NNP	1
incorrect	JJ	1
incredible	NNP	1	JJ	1
incredulously	RB	1
indeed	RB	2
industrial	JJ	1
inferior	JJ	1
inflate	VB	1
information	NN	1
infront	NN	2
initials	NNS	1
injure	VB	1
injured	JJ	1
ink	NN	1
innocence	NN	1
innocent	JJ	1
inquisitive	JJ	1
insanely	RB	2
inside	IN	16	JJ	1
insides	NNS	1
insist	VBP	1
insisted	VBD	2
insists	VBZ	1
insited	JJ	1
inspiration	NNP	2
inspired	VBN	2
instead	RB	3
instensly	RB	1
instinct	NN	2
instinctively	NNP	1
instructed	VBD	1
instrument	NN	1
insusceptible	JJ	1
intelligent	JJ	1
intended	VBN	1
intently	RB	4
interacted	JJ	1
interested	JJ	1	VBN	1
interesting	JJ	4
interlude	NN	1
internal	JJ	1
internet	NN	2
interrupted	VBN	1
intervals	NNS	1
into	IN	67
introduced	VBD	1
intrude	VBP	1
intuition	NNP	1	NN	1
invaluable	JJ	1
invisible	JJ	1
invisibly	RB	2
invited	VBD	4	VBN	1
invitingly	RB	1
ipsum	NN	5
irlandesa	NN	10
iron	NN	1
irony	NN	1
is	VBZ	151
isabella	NNP	1
isles	NNS	1
isn	NN	4	NNP	1
issue	NN	1
it	PRP	338
italy	NNP	1
its	PRP$	25
itself	PRP	8
itwhen	NN	1
jack	NN	1
jail-like	JJ	1
jake	NNP	3
jammed	JJ	1
janice	NNP	16
jared	NNP	13
jaw	NN	1
jayden	NNP	2
jealous	JJ	1
jeans	NNS	5
jeffery	NNP	7
jenna	NNP	1
jerked	VBN	3
jerking	VBG	1
jersey	NNP	3
jet	NN	1
jewelry	NN	2
jim	NNP	9
job	NN	1
jobs	NNS	2
jock	NN	1
joining	VBG	1
joke	NN	1
jolt	NN	1
jonathon	NNP	1
jotted	JJ	2
journey	NN	2
jubilantly	RB	1
jueli	NNP	3
juli	NNP	2
julia	NNP	1
julianne	NNP	3
jumble	JJ	1
jump	NN	3
jumped	VBD	7	VBN	1
jumping	VBG	2
junior	JJ	1	NN	1
just	RB	103	JJ	1
k	NNP	5
kaleidoscopes	NNP	1
kamila	NNP	2
karon	NNP	11
karon-	NNP	1
kay	NN	2
keep	VB	12	VBP	3
kept	VBD	5
kermitgorf	NNP	1
kernels	NNS	1
keyboard	NN	1
keys	NNS	1
kid	NN	5	NNP	1
kidding	VBG	1
kiddo	NNP	1	NN	1
kidnapped	VBD	1
kids	NNS	1
kill	VB	6	VBP	1
killed	VBD	3	VBN	1
killer	NNP	4	NN	1
kind	NN	10
kindergardners	NNS	1
kindest	NN	1
kindly	RB	1
king	NNP	4
kingdom	NN	1
kirke	NNP	1
kiss	NNS	1
kissed	JJ	4	NNP	1
kisses	NNS	3
kissing	VBG	2
kitchen	NN	2
kitten	NN	4
kittens	NNS	1
kitty	NNP	2
knees	NNS	5
knelt	NN	1
knew	VBD	21
knife	NN	1
knob	NN	1
knock	NN	1
knocked	VBD	2
knocker	NN	1
knocking	VBG	1
know	VBP	36	VB	34
knowi	NN	1
knowing	VBG	8
known	VBN	15
knows	VBZ	8
kwatz	NN	1
kwon	NN	1
kyle	NNP	17
l-	NN	1
la	FW	11	NNP	1
lab	NN	1
labeled	VBD	1
lace	NN	1
lack	NN	1
lacking	VBG	1
lacy	NN	2
lady	NNP	1	NN	1
laid	VBD	1	VBN	1
lake	NN	2	NNP	1
lament	NN	1
lamenting	VBG	1
lamps	NNS	1
land	NN	3
landed	VBD	2	VBN	1
landing	NNP	1
landings	NNS	1
landscape	NN	1
lane	NN	1
language	NN	3
languages	NNS	1
lap	NN	1
lapping	VBG	1
laptop	NN	1
large	JJ	3
largely	RB	1
larger	JJR	2
larson	NNP	1
last	JJ	16	VB	2	NN	2
lasting	JJ	2
lasts	VBZ	1
late	RB	3	JJ	2
later	RB	9
latte	NN	1
laugh	NN	15	NNP	2	VB	1
laughed	VBD	10
laughing	VBG	7	NNP	1
laughs	VBZ	5
laughter	NNP	1
lavender	NNP	2
law	NN	1
lay	VB	2
layer	NN	2
lazily	RB	1
lazy	JJ	1
leader	NN	2
leading	VBG	2
leads	VBZ	1
leaf	NN	1
leafless	JJ	1
leah	NNP	3
leaned	VBD	3
leaning	VBG	2
leans	VBZ	1
leaped	VBD	1
leaping	VBG	1
learn	VB	3	VBP	1
learning	NNP	2	VBG	2
leash	NN	1
least	JJS	5
leave	VB	8	NN	1
leaves	VBZ	4	NNS	1
leaving	VBG	4	NN	1
lectus	JJ	1
left	VBD	11	VBN	8	NN	2	JJ	1
lefty	NN	1
leg	NN	5
legend	NNP	1	NN	1
leggy	NN	1
legs	NNS	7
lepic	NNP	2
less	JJR	2
let	VB	17	VBP	4	VBN	1
lets	VBZ	5
letter	NN	1
letters	NNS	3
letting	VBG	2
level	NN	4
libero	NN	2
library	NNP	1
lie	VB	1
lies	VBZ	1
life	NN	16	NNP	2
lifeless	JJ	1
lifted	VBD	2	VBN	2
lifting	VBG	1
lifts	VBZ	1	NNS	1
light	JJ	4	NN	3	NNP	1	VB	1
lighti	NN	1
lightness	NNS	1
lights	NNS	7	NNP	3
lightthat	NN	1
lightwith	NN	1
ligula	NN	3
like	IN	53	VBP	3
likely	RB	1	JJ	1
likeness	NN	1
likes	VBZ	1	NNS	1
line	NN	1
lined	VBD	1
lines	NNS	1
linger	VB	1
lingered	JJ	1
lingers	VBZ	1
lining	NNP	1
linked	VBN	3
lips	NNS	2
list	NN	6
listen	VB	6	VBP	2
listened	VBD	3
listening	VBG	1
lit	JJ	1	VBD	1
literally	RB	1
litterally	NNP	1
littered	VBN	1
little	JJ	21	RB	9	NNP	1
live	NNP	6	VBP	4	VB	3
lived	VBD	2
lives	NNS	2
living	VBG	3	NN	1
lizzio	NNP	1
loathsome	JJ	1
local	JJ	1
lock	VB	1	NN	1
locker	NN	3
lodged	VBN	1
log	NN	1
logic	NNP	1
lol	NN	1
loll	NN	1
london	NNP	1
loneliness	NNS	1
lonely	JJ	1
long	JJ	16	RB	6	NNP	1
longed	JJ	1
longer	RBR	5	JJR	1
longhorn	NNP	1
look	VB	14	VBP	5	NN	4
looked	VBD	44
lookin	NN	1
looking	VBG	18
looks	VBZ	2	NNS	1
loomed	JJ	1
loose	JJ	1
lorem	NNP	2	NN	1
lose	VB	3	NNP	2	VBP	1
losing	NNP	2	VBG	1
loss	NN	2
lost	VBD	6	VBN	3	JJ	1
lot	NN	8
lots	NNS	2
loud	JJ	7	NNP	1
louder	RBR	1
loudly	RB	1
louis	NNP	1
lounged	JJ	1
love	NN	12	VBP	4	VB	2	NNP	1
lovebirds	NNS	1
loved	VBD	4	NNP	2	VBN	1
lovely	JJ	2
lovers	NNS	1
loves	VBZ	1
loving	NNP	2	JJ	2
lovinglife	NN	12
low	JJ	1
lower	JJR	1
lowered	VBD	1
luck	NNP	1
lucky	JJ	4	NNP	1
lucy	NNP	5
lullabies	NNP	1
lunch	NNP	1
lunged	VBD	1
lungs	NNS	3
lurch	VBP	1
lust	NN	1
luvs	NNS	4
lying	VBG	2
m	NNP	1
ma'am	NNP	1
mable	NNP	1
machine	NN	2
mackizme	NNP	8
mad	JJ	2
madam	NNP	6
made	VBD	10	VBN	4
madness	NN	1
maecenas	NNP	1
magazines	NNS	1
magic	NNP	1
magna	NN	3
magnificently	RB	1
main	NNP	1	JJ	1
maintained	VBN	1
maisie	NNP	2
makatrice	NNP	2
make	VB	18	VBP	4	NN	3
make-up	JJ	1
makes	VBZ	8
making	VBG	9
malesuada	NN	1
malicious	JJ	1
maliciously	RB	1
mall	NN	1
man	NN	18	NNP	2
manage	VB	1
managed	VBD	2	VBN	1
maneuver	VB	1
maniacal	NN	1
manifested	JJ	1
manner	NN	1
mannerisms	NNS	1
mansion	NN	1
mansions	NNS	1
mantlepiece	NN	1
manwhore	NN	1
many	JJ	27
map	NN	1
maple	NNP	3
marble	NN	3
mariano	NNP	2
marie	NNP	4
mark	NNP	1
marraige	NN	1
married	JJ	1	VBN	1
marz	NNP	1
marzark	NNP	4
massa	NN	1
massachusetts	NNP	1
massage	VB	1
masses	NNS	1
master	NN	1
match	NN	1
matches	VBZ	1
matching	VBG	1
material	NN	1
mathematics	NNP	1
matt	NNP	1
matter	NN	6	VBP	1
mattered	VBN	1
matters	VBZ	2	NNS	1
maver	NNP	1
may	MD	8	NNP	1
maybe	RB	15
me	PRP	230
meadow	NN	1
mean	VBP	7	VB	2
meaness	NNS	1
meaning	VBG	2
means	VBZ	2
meant	VBN	2	VBD	1
measure	VB	1
mebane	NNP	1
mechanical	JJ	2
mechanically	RB	1
meek	NN	1
meet	VB	1
mei	NN	1
melodious	JJ	1
melody	NNP	16
melt	VB	2
memories	NNS	6
memorized	JJ	1
memory	NN	6
men	NNS	4
menial	JJ	1
ment	NN	1
mental	NNP	1
mentally	NNP	1
mentioned	VBN	1
mere	JJ	1
mess	NN	3	VB	2
messaged	JJ	3
messed	JJ	1
messing	VBG	1
messy	NN	1
met	VBD	7	VBN	1
metal	NN	6
metallic	JJ	2
methods	NNS	1
microwave	NN	1
mid	JJ	1
mid-air	JJ	1
mid-dance	JJ	1
mid-run	JJ	1
middle	JJ	3	NN	3	NNP	2
midnight	NNP	6
might	MD	15	NNP	1
mijo	NN	1
milady	NN	1
mile-a-minute	NNP	1
mile-per-hour	JJ	1
miles	NNS	2	NNP	1
milimeters	NNS	1
milkweed	NNP	1
millicent	NNP	1
million	CD	2
mind	NN	9	VB	1
mind-twistings	JJ	1
minding	VBG	1
minds	NNS	1
mine	NN	5
mini	NN	1
miniscule	JJ	1
minus	CC	1
minute	NN	4
minutes	NNS	9
miracle	NN	1
miranda	NNP	1
mirror	NN	6	VBP	3
mischevious	JJ	2
mismatched	JJ	1
miss	NNP	2	VBP	1	VB	1
missed	VBD	6
missing	VBG	3
mission	NN	1
mistake	NNP	1	NN	1
mistakes	NNS	2
mistakes-	NN	1
mister	NNP	1
misunderstanding	VBG	2
mixed	JJ	1
mo-ove	JJ	1
moan	VB	1
moaning	VBG	2
moans	VBZ	1
mocking	VBG	1
mold	NN	1
molded	VBN	1
molecular	JJ	1
molestie	NN	1
mom	NN	2
moment	NN	11
momentarily	RB	1
moments	NNP	1
momentum	NN	1
mon	NN	1
money	NN	3
monkey	NN	2
monkeys	NNS	2	NNP	1
monotonous	JJ	1
months	NNS	4
montier	NNP	2
moon	NN	5
morbi	NNP	1
more	JJR	33	RBR	6
morgage	NN	1
morning	NN	8	NNP	1
morphed	JJ	1
mortal	NN	4
most	JJS	11	RBS	8
mostly	RB	1
mother	NN	9
motion	NN	1
motioned	JJ	1
motions	VBZ	1
mourning	VBG	1
mouse	NN	4	NNP	1
mouth	NN	6
move	VB	5	VBP	4	NN	1
moved	VBD	5
movement	NN	1
moves	VBZ	3
movie	NN	3
moving	VBG	7
mr	NNP	12
mrs	NNP	7
much	JJ	13	RB	10
muffle	NN	2
multitudes	NNS	2
mum	JJ	1
mumbled	VBN	2
mumbles	NNS	1
mumbling	VBG	1
murmured	JJ	4
murmuring	VBG	2
murmurs	NNS	1
muscles	NNS	1
muscular	JJ	1
music	NN	7	NNP	4
music-	NNP	5
musical	JJ	1
mussed	JJ	1
must	MD	13
mustn	NN	1
musty	NN	1
muttered	JJ	3
mutters	NNS	1
my	PRP$	272
myself	PRP	15
myselflike	NN	1
myspace	NNP	1
mysterious	JJ	1
myth	NN	1
mythbusters	NNP	1
mythology	NN	2
myths	NNS	2
n't	RB	56
naive	JJ	1
nam	NNP	3
name	NN	19
named	VBD	2	VBN	1
names	NNS	1
nanowrimo	NNP	12
nap	NN	1
napkin	NN	1
nasty	JJ	1
nat	NNP	1
natural	JJ	1
naturally	RB	2
nature	NN	2
naw	NNP	1
near	IN	2
nearby	JJ	2
nearer	IN	1
nearly	RB	5
nebraska	NNP	2
necessarily	RB	1
necessary-	NN	1
neck	NN	7
necklace	NN	2
necks	NNS	1
need	VBP	8	VB	1	NN	1
needed	VBD	8
needle	NN	1
needs	VBZ	2
negative	JJ	1
neighborhood	NN	2
neighbors	NNS	3
neither	DT	2
neque	NN	1
nerve	NN	1
nervous	JJ	6
nervously	RB	5
never	RB	30
new	JJ	21	NNP	5
newmatter	NNP	2
news	NN	3
newspaper	NN	1
next	JJ	13	RB	1	IN	1
nibh	NN	2
nice	JJ	5	NNP	2
nick	NN	1
nickname	NN	1
night	NN	13	NNP	5
nightim	NN	1
nights	NNPS	1
nine	CD	5
ninth	JJ	1
nj	NNP	1
no	DT	75	UH	4	RB	1
no.	NN	6
nobody	NN	3
nocturnal	NNP	1
nod	NN	1
nodded	JJ	4
nodding	VBG	1
nods	VBZ	5
noir	NNP	2
noise	NN	4
non	NN	2
none	NN	82
nonetheless	RB	1
nonsense	NN	3
noodles	NNS	1
noon	NNP	4
noooo	NNP	1
nope	UH	1
normal	JJ	3
normally	RB	1
north	NNP	1
nose	NN	4
not	RB	106	NNP	1	NN	1
note	NN	2
notebook	NN	2
notebooks	NNS	1
noted	VBD	1
notes	NNS	5	VBZ	1
nothing	NN	35
nothingness	NNS	1
notice	VB	2	NN	2	NNP	1
noticed	VBD	3	VBN	1
noticing	VBG	1
nov	NNP	2
novel	NNP	12
november	NNP	4
now	RB	56
nulla	NNP	2	NN	2
nullam	NNP	1
number	NN	2
numbered	VBN	1
numbers	NNS	3
nunc	NN	2
o	NN	3
oak	NN	2
obama	NNP	1
oblige	NN	1
oblivious	JJ	1
obscure	JJ	1
observant	NN	1
observe	VB	1
observing	VBG	1
obsession	NNP	4
obvious	JJ	1
obviously	RB	1
occasionally	RB	4
occupied	JJ	1
occupy	VB	1
odd	JJ	2	NNP	1
odio	NN	2
of	IN	420	RP	1
off	RP	30	IN	11
off-key	JJ	1
offer	VB	1
office	NNP	1
official	JJ	1	NN	1
oh	UH	44	NNP	1
ohh	NNP	1
ok	NN	4	JJ	3
okay	JJ	10	UH	5
old	JJ	9
old-fashioned	JJ	1
older	JJR	2
olds	NNS	1
ombra	NN	1
omg	NNP	1
omgitsbeckii	NNP	1
on	IN	175	RP	3
once	RB	20
once-colorful	JJ	1
one	CD	83	NN	6	PRP	5
ones	NNS	2
online	NN	2
onlookers	NNS	1
only	RB	38	JJ	6
onto	IN	9	NN	1
oo	NN	1
oooooo	NNP	1
oops	NNP	2
opal	NNP	1
open	JJ	10	VB	2	NNP	1	NN	1
opened	VBD	9	VBN	3
opening	NN	3	VBG	1
opens	VBZ	2
operations	NNS	1
opportunity	NN	3
opposite	JJ	1
optimistically	RB	1
options	NNS	2
or	CC	49
orange	NN	2
orci	NN	2
order	NN	2
ordered	VBD	1	VBN	1
orders	NNS	2
ordinary	JJ	2
organized	VBD	1
original	JJ	1
ornaments	NNS	2
ornare	NN	2
other	JJ	29
others	NNS	6
our	PRP$	34
out	IN	88	RP	43	RB	6	NNP	1
outburst	NN	1
outfit	NN	1
outgoing	JJ	1
outrageously	RB	1
outside	IN	6	JJ	1
over	IN	56	RB	5	RP	1
overall	RB	1
overflowed	JJ	1
overhead	NN	1
overheard	NN	1
overpowering	VBG	1
overtime	NN	1
overturned	VBD	1
overwhelming	JJ	1
ow	NNP	1
owen	NNP	11
own	JJ	12	VB	1
owning	VBG	1
owns	VBZ	1
p	NN	1
pace	NN	3
pacing	NN	1
paga	NNP	1
page	NN	5
pages	NNS	2
paging	NN	1
paid	VBN	1
paige	NNP	9
pain	NN	8
painful	JJ	1
painin	NN	1
paint	NN	1
painted	VBN	1
pair	NN	2	NNP	1
paired	VBN	1
pairs	NNS	2
pal	NN	1
palace	NNP	2	NN	1
pale	JJ	1
palms	NNS	1
panic	NN	1
panicked	VBD	1
panties	NNS	2
pants	NNS	2
paper	NN	5
papers	NNS	1
paradoxical	NNP	1	JJ	1
paralee	NNP	1
parallel	JJ	1
parenthetical	JJ	1
parents	NNS	5
park	NN	2
parking	NN	2
part	NN	15
part-robot	JJ	1
participate	VBP	1
particular	NN	2	JJ	1
parties	NNS	1
partly	RB	1
partner	NN	1
parts	NNS	2
party	NN	4	NNP	1
pass	NN	1
passed	VBN	1
passerby	NN	1
passing	NNP	11
passion	NN	1
past	JJ	8	NN	2
pat	NN	1
path	NN	2
pathetic	JJ	1
paths	NNS	1
pathway	NN	2
patience	NNP	3
patron	NNP	1
pattern	NN	1
pattern-based	JJ	1
pause	NNP	1
paused	VBD	1
pay	VB	3	NN	2
paying	VBG	2
peace	NN	1
peanuts	NNS	1
pearling	VBG	1
peddled	VBN	2
pede	NN	2
pen	NN	2
pencil	NN	2
pendant	NN	2
penetrating	VBG	1
penguin	NN	2
penguincaptain	NN	7
pennies	NNS	1
pennsylvania	NNP	1
penny	NNP	1
people	NNS	41
people-who-shouldn	JJ	1
per	NNP	1
percent	NN	1
perfect	JJ	7
perfecter	NN	1
perfection	NN	1
perfectly	RB	2
perfume	NN	1
perk	JJ	1
persephone	NNP	1
persistent	NNP	1	JJ	1
person	NN	8	NNP	1
personal	JJ	2
pestering	VBG	1
petitioned	VBD	1
pets	NNS	1
peyton	NNP	3
pharetra	NN	2
phi	NNP	1
phone	NN	2
phones	NNS	1
phrase	NN	1
physical	JJ	2
physically	RB	1	NNP	1
physics	NN	1
pianista	NN	10
piano	NN	1
pianoman	NN	1
pick	VBP	2	VB	2
picked	VBD	9	VBN	1
picking	VBG	2
picks	VBZ	3
picture	NN	2
picturing	VBG	1
piece	NN	3
pieces	NNS	2
pierced	JJ	1
piercing	VBG	1
pierre	NNP	1
pile	NN	2
piles	NNS	1
pillow	NN	2
pillowcase	NN	1
pillowcases	NNP	1
pink	JJ	5
pipe	NN	1
pit	NN	1
pitifully	RB	1
pitted	VBD	1
pizza	NN	1
place	NN	5
placed	VBD	1
places	NNS	1
plaid	NN	1
plain	JJ	1
plan	NN	2
plane	NN	1
planets	NNS	1
planned	VBD	1
planning	VBG	2
plasters	NNS	1
plastic-type	JJ	1
plate	NN	1
plausible	JJ	1
play	VB	5	VBP	2	NNP	2
played	VBD	2
player	NN	2
playground	NN	1
playing	VBG	2
plays	VBZ	2
playsam	NNP	1
pleasantries	NNP	1
please	VB	12	NNP	2	VBP	1
pleasure	NN	3
plenty	NN	2
plopped	JJ	3
plot	NN	1
plug	VBP	1	VB	1
plugged	VBD	1
plumbing	NN	1
plundered	JJ	2
plunged	VBN	1
plus	NNP	3
plywood	NN	1
pm	NNP	1
pocket	NN	4
pod	NN	2
poem	NN	1
poetry	NNP	1
point	NN	1
pointed	VBD	3
pointing	VBG	1
points	VBZ	1
poking	VBG	1
pole	NN	1
police	NN	1
politely	RB	1
pond	NN	1
ponytail	NN	1
pooch	NN	1
pool	NN	1
poor	JJ	3
popcorn	NN	3
popped	JJ	1
popping	VBG	1
popular	JJ	2
porcelain	NN	1
porch	NN	1
porta	NN	1
portals	NNS	1
porttitor	NN	1
posed	VBD	1
position	NN	1
positioned	VBD	1
possessed	VBD	1
possessions	NNS	1
possible	JJ	2
poster	NN	1
posuere	NN	1
potatoes	NNS	1
pottery	NN	1
pounded	VBN	1
pounding	VBG	1
pour	VB	1
pout	NN	1
powell	NNP	1
power	NN	3
powers	NNS	2
practical	NNP	1
practically	RB	1	NNP	1
pray	NN	1
prayer	NN	1
praying	NNP	1	VBG	1
pre-recorded	JJ	1
precious	JJ	1
precise	JJ	1
predicted	VBD	1
prepare	VB	1
prepared	VBN	1
prequels	NNP	150
present	JJ	1
presentable	JJ	1
president-elect	NNP	1
pressed	VBN	3
pressure	NN	1
pretend	VB	1
pretended	JJ	1
prettiest	NN	2
pretty	RB	5	NNP	1	JJ	1
prevented	VBN	1
previously	RB	1
prey	NN	1
preybefore	NN	1
prick	NN	1
pride	NN	1
print	NN	1
priscilla	NNP	3
private	JJ	1
probably	RB	15
problem	NN	4	NNP	1
problems	NNS	2
procedures	NNS	1
process	NN	2
procrastination	NNP	1
profession	NNP	1
professional	JJ	1
professionally	RB	1
professor	NN	1
profile	NN	1
programmed	VBN	1
programming	NN	3
progressed	VBD	1
proin	NNP	1
project	NN	2
promise	VBP	1
promises	VBZ	1	NNS	1
promising	JJ	1
promptly	RB	1
proper	JJ	1
properly	RB	1
proposal	NN	1
prose	NNP	1
protect	VB	1
protected	VBN	1
protector	NNP	1	NN	1
prove	VB	3
proven	VBN	1
psyche	NNP	24
pt	NNP	1
public	JJ	1
puddle	NNP	1
puked	JJ	1
pull	VBP	4	VB	2	NN	1
pulled	VBD	10	VBN	2
pulling	VBG	3
pulls	VBZ	2
pulse	NNP	1
pulvinar	NN	1
pumpkin	NN	2	NNP	1
punched	VBD	2
punching	NN	1
pure	NNP	1	JJ	1
purest	NN	1
purple	JJ	1
purples	NNS	1
purr	NN	2
purred	JJ	1
push	VB	2
pushed	VBD	5
pushing	VBG	5
put	VBP	8	VB	3
puts	VBZ	1
putting	VBG	5
quarter	NN	1
quartz	NN	2
queen	NNP	3	NN	1
question	NN	11
questioned	VBD	1
questions	NNS	5
quick	JJ	2
quickly	RB	16
quiet	JJ	2
quieti	NN	1
quietly	RB	3
quilt	NN	1
quirky	JJ	1
quis	NNS	1
quisque	NNP	1
quite	RB	7
quote	NN	1
rabbit	NN	1
racing	VBG	2	NN	1
racingdreamingwishingwantingall	NN	1
racket	NN	1
radio	NN	3
radius	JJ	1
rage	NN	1
rail	NN	2
rain	NN	6
rainbows	NNP	1
raindance	NNP	1
rainy	NN	1
raise	VB	1
raised	VBD	3
rampaging	VBG	1
ran	VBD	18
random	JJ	1
rang	VBD	3
ranted	JJ	1
rap	NN	2
rapped	JJ	1
rather	RB	4
rats	NNS	2
rave	VB	1
raven	NNP	1	NN	1
rbmi	NNP	1
re	NNP	1
reach	VBP	2	VB	1
reached	VBD	5	VBN	2
reaches	VBZ	1
reaching	VBG	5
react	VB	2
reacted	VBN	1
reaction	NNP	1	NN	1
read	VBP	2	VB	2
reading	VBG	3
ready	JJ	9
real	JJ	7
reality	NN	3
realization	NN	3
realize	VB	3
realized	VBD	6
realizes	VBZ	1
really	RB	42	NNP	1
realm	NN	4
reappear	NN	1
reappearing	VBG	1
reason	NN	9
reasoning	NN	1
reasons	NNS	6
reawakened	JJ	1
rebel	NN	1
rebelled	VBD	1
rebellious	JJ	1
rebuild	VB	1
recall	VBP	1
receives	VBZ	1
recent	JJ	1
recieving	VBG	1
reckoning	NN	1
recognized	VBD	1
recoiled	JJ	1
records	NNS	2
recovering	VBG	1
recruit	NN	1
red	JJ	6	NNP	2	NN	1
redder	JJR	1
redhead	NN	1
rediscovering	VBG	1
reds	NNS	1
reference	NN	1
reflect	VB	2
reflexes	NNS	1
refocused	VBN	1
refrained	VBN	1
refuge	NN	3
regain	VB	1
regan	NNP	6
regan-	NNP	2
regarded	VBD	1
regret	NN	2
regretted	VBD	1
regretting	VBG	1
regular	JJ	4
reject	VBP	1
related	VBN	1
relative	JJ	1
relax	VBP	1
relaxation	NN	1
relaxes	NNS	1
release	VB	1
released	VBN	1
relief	NN	4
relinquish	VB	1
reluctantly	RB	1
remained	VBD	1
remark	NN	1
remember	VBP	8	VB	5	NNP	1
remembered	VBD	1
remembering	NNP	6	VBG	1
remind	VBP	1
reminded	VBD	2
repeated	VBD	3	VBN	1
replied	VBD	10
replies	VBZ	2
report	NN	1
reporter	NN	1
reprimanded	JJ	1
request	NN	1
requests	NNS	1
rescue	NN	2
rescuing	VBG	1
research	NN	2	NNP	1
resisting	NNP	1
resolutely	RB	1
respirator	NN	1
respond	VBP	1
responds	VBZ	1
response	NN	2
rest	NN	6
restaurant	NN	2	NNP	1
restaurants	NNS	1
rested	VBD	2
restraints	NNS	1
retaliated	JJ	2
retracted	VBD	2
retreat	NN	1
return	VB	2	VBP	1
returned	VBD	2
returning	VBG	1
reunion	NNP	1
reveal	VBP	1
reverse	VB	1
rhoncus	JJ	2
rhythm	NN	2
rich	NNP	1	JJ	1
ride	NN	3
ridiculously	RB	1
right	NN	17	RB	8	JJ	5
rightly	RB	1
rights	NNP	1
rimmed	JJ	1
ring	NN	2
ringing	VBG	2
rings	NNS	1
ripped	VBD	2
ripples	NNS	1
rise	VB	1	NN	1
rises	VBZ	1
rising	VBG	1
ritalin	NNP	1
rival	JJ	1
river	NN	5
rivers	NNS	1
road	NN	5
roads	NNS	1
rob	NNP	1
robe	NN	2
robert	NNP	3
robot	NN	3
robotic	JJ	2
rock	NN	1
rocket	NN	2
rocking	VBG	2	NNP	1
roles	NNS	1
rolex	NNP	1
roll	VBP	4	NN	2
rolled	VBD	1
rolling	VBG	1
rolls	NNS	2	VBZ	1
romance	NNP	1	NN	1
romp	VBP	1
roof	NN	1
room	NN	29
room-	NN	1
roommate	NN	3
rooms	NNS	1
root	NN	1
rope	NN	1
rosalie	NNP	1
rose	JJ	1
rough	JJ	2
round	NN	1
route	NN	1
routines	NNP	1
rouvelin	NNP	2
rows	NNS	1
royal	JJ	2
rub	VBP	1	VB	1
rubbing	VBG	3
rude	JJ	1
rudely	RB	1
ruin	VB	1
ruined	VBN	1
ruins	NNS	1
rule	NN	1
rules	NNS	2
run	VBP	3	VB	3	NNP	3
run-on	NNP	1
rundown	NN	1
running	VBG	9
runs	VBZ	1
rushed	VBD	2
rushes	VBZ	1
rushing	VBG	1
russet	NN	1
rust	NNP	1
s	VBZ	74
sac	NNP	1
sad	JJ	2
sadness	NNS	3
safe	JJ	5
safer	JJR	1
sagging	NN	1
said	VBD	72	VBN	4
saint	NNP	3
sake	NN	2
salute	NN	1
salvation	NN	1
same	JJ	11
sand	NN	2
sandallowing	VBG	2
sandra	NNP	1
sapien	NN	2
sariah	NNP	1
sat	VBD	12	VBN	1
satisfaction	NN	1
saturn	NNP	1
saved	VBN	1
saves	VBZ	1
savetheunicorns	NNP	1
saving	VBG	2
saw	VBD	19
say	VBP	28	VB	15
sayin	NN	1
saying	VBG	3
says	VBZ	24
scalding	NNP	1
scampers	NNS	1
scare	VB	2
scared	VBN	4	VBD	2
scares	VBZ	1
scarf	NN	1
scaring	VBG	1
scarring	VBG	1
scene	NN	4
scenery	NN	1
scenes	NNS	1
scent	NN	1
schedule	NN	1
school	NN	22	VB	3	NNP	2
schoolwork	NN	1
science	NN	1
scissors	NNS	1
scooping	VBG	1
scrap	NN	2
scrapes	NNS	1
scratched	VBN	2
scratching	VBG	1
scrawling	VBG	1
scream	NNP	1	VB	1
screamed	VBD	3
screaming	VBG	4
screams	VBZ	1
screech	NN	1
screen	NN	6
scribbled	VBD	1
scruff	NN	1
scrunched	JJ	1
scurried	JJ	2
sea	NN	1
seamless	JJ	1
search	NN	3	NNP	1
searched	VBD	1
searching	NNP	2
sears	NNP	1
seat	NN	3
seats	NNS	1
sec	NN	1
second	JJ	6	RB	1	NN	1
seconds	NNS	2
secretive	JJ	2
secrets	NNS	1
section	NN	2
secure	VB	1
sed	NNP	2	JJ	2
see	VB	30	VBP	7
seeds	NNS	1
seeing	VBG	5
seem	VBP	3	VB	1	NNP	1
seemed	VBD	12	VBN	1
seeming	JJ	1
seems	VBZ	1
seen	VBN	8
seep	NN	1
seeps	NNS	1
sees	VBZ	1
select	VB	1
self	NN	1
self-esteem	NNP	1
selfconsciencely	NNP	1
sem	NN	1
semblance	NN	1
send	VBP	1	VB	1
sending	VBG	1
senior	NNP	1
sense	NN	5
senses	NNS	1
sensitive	JJ	1
sent	VBD	4
sentences	NNS	2
separated	JJ	1
seperate	NN	2
sequel	NN	4	VB	1
sequeled	JJ	2
sequels	NNP	150
serenity	NNP	1	NN	1
serial	JJ	3
series	NN	1
serious	JJ	1
seriously	NNP	1
servant	NN	1
serves	NNP	1
set	VBN	3	VBD	2	JJ	1	NN	1
seth	NNP	12
setting	VBG	3
settled	VBN	2	VBD	1
seven	CD	1
several	JJ	3
sex	NNP	1
shadows	NNS	4
shadowsitting	VBG	1
shae	NNP	1
shake	VB	3	VBP	1
shakes	VBZ	2
shaking	VBG	1
shaky	JJ	1
shall	MD	1
shallow	JJ	1
shame	NN	1
shameyou	NN	1
shape	NN	3
shards	NNP	1
share	VB	2
sharp	JJ	3
sharpies	NNP	1
sharply	RB	2
shay	NNP	2
she	PRP	250
sheepish	NN	1
sheepishly	RB	2
sheila	NNP	2
shell	NN	1
shelter	NN	1
shift	NN	1
shifted	VBD	1
shifting	VBG	1
shifts	NNS	1
shimmer	NN	1
shine	VBP	1	NNP	1	NN	1
shiny	JJ	1
shirt	NN	3
shivered	JJ	1
shivering	NNP	1	VBG	1
shivers	NNS	1
shock	NN	3
shocked	VBN	3
shoes	NNS	3
shook	VBD	6
shooting	VBG	1
shop	NN	1
shopping	NN	2
shore	NN	4
short	JJ	3
shot	NN	1	VBD	1
should	MD	21
shoulder	NN	8	NNP	1
shoulders	NNS	7
shouldn	NN	2
shouted	VBD	3
shoves	VBZ	1
show	VB	4	NN	3	VBP	2
showed	VBD	2
shower	VB	1
showing	VBG	1
shows	VBZ	2
shrank	VBD	2
shreds	NNS	1
shriek	NN	1
shrieked	VBD	1
shriveled	VBD	2
shrugged	VBD	2
shrugging	VBG	1
shrugs	NNS	1
shuffle	NN	1
shuffles	NNS	1
shut	VBD	6	NNP	1
side	NN	14
side-effect	JJ	1
sidelong	NN	1
sidewalk	NN	2
sift	VB	1
sigh	NN	2
sighed	VBD	5
sighs	VBZ	1
sight	NN	3	NNP	1
sign	NN	1
signs	NNS	1
silence	NN	7	NNP	4
silent	JJ	1
silently	RB	5
silhouette	NN	1
silver	NN	1
similar	JJ	2
simple	NN	1
simply	RB	3
simulated	JJ	1
simultaneously	RB	1
sin	NN	1
since	IN	9
sing	VBP	1	VB	1
singing	VBG	4	NNP	3	NN	1
singular	NN	1
sinknowing	VBG	1
sir	NNP	1	NN	1
siren	NN	1
sista	NN	1
sister	NN	4
sit	VB	7	VBP	3	NNP	1
sitting	VBG	12
situation	NN	2
six	CD	3
sixteen	NN	1
sixth	NNP	1
sixty	NN	1
size	NN	4
skc	NNP	1
skidded	VBD	1
skill	NN	1
skin	NN	5
skipped	VBD	1
skirt	NN	3
skirts	VBZ	1
sky	NN	3	NNP	1
skyline	NN	1
slack	NN	1
slamming	VBG	2
slams	NNS	1
slavery	NN	1
sleep	VB	3
sleeping	VBG	2	NNP	1	NN	1
slept	VBD	1
slice	NN	1
slick	JJ	1
slid	VBD	1
sliding	VBG	3
slightest	JJS	1
slime	NN	1
slinging	VBG	1
slip	NNP	1	NN	1
slipping	VBG	1
sliver	NN	1
sloppily	RB	1
slow	JJ	1
slowed	VBD	1
slower	JJR	1
slowly	RB	7	NNP	3
slumped	VBD	1
sly	JJ	3
small	JJ	9
smarty	NN	1
smell	VBP	1	NN	1
smelling	VBG	1
smile	NN	16	VBP	3	NNP	1
smiled	VBD	10
smiles	VBZ	3	NNP	1
smiling	VBG	4
smirk	NN	1
smirked	JJ	1
smoke	NN	1
smoked	VBD	1
smoking	VBG	1
smoldering	VBG	1
smooth	JJ	1
smoothing	VBG	1
smoothly	RB	1
snake	NN	1
snap	NN	1
snapped	VBD	4
snapping	VBG	2
snaps	VBZ	3
snarled	JJ	1
snarling	VBG	1
snatches	NNS	1
sneaking	VBG	1
sneered	JJ	2
sniffles	NNS	2
snippets	NNS	1
snips	NNS	1
snooty	JJ	1
snore	NN	1
snorted	JJ	1
snow	NN	2	NNP	1
snow-fall	JJ	1
snow-man	JJ	1
snowed	NNP	1
snowflakes	NNS	1
snowing	NNP	1	VBG	1
snuck	NN	1
so	RB	73	IN	26
soaking	VBG	1
soap	NN	1
soapy	NN	1
sobbing	VBG	1
sobs	NNS	1
soda	NN	2
sofia	NNP	4
soft	JJ	7
softly	RB	5
soiled	VBD	1
soldier	NN	1
soldiers	NNS	1
soles	NNS	1
solution	NN	1
some	DT	29	NNP	2
somebody	NN	7
someday	RB	1
somehow	RB	2
someone	NN	13
something	NN	37
sometimes	RB	3
somewhere	RB	5
son	NN	5
song	NN	9
soon	RB	13
sooner	NNP	2
soothing	JJ	1
sophomore	NN	1
sorry	JJ	13
sort	NN	7
sorted	VBN	1
soul	NNP	2	NN	2
souls	NNS	1
sound	NN	7
sounded	VBD	4
soundless	JJ	1
sounds	VBZ	3	NNS	1
sour-faced	JJ	1
source	NN	1
sources	NNS	1
south	RB	1
space	NN	2
spaceship	NN	2
spanish	JJ	1
sparing	VBG	1
spark	NN	1
sparked	VBN	1
sparkle	NN	1
sparkling	JJ	1
sparrow	NN	1
speak	VB	1
speaking	VBG	1
special	JJ	1
specks	NNP	1
sped	VBN	1	VBD	1
speed	NN	4
speggetti	NN	1
spell	VB	1
spencer	NNP	1
spend	VB	1
spending	NN	2
spent	VBD	2
spice	NNP	1
spill	NN	1
spilling	NNP	1
spin	VB	2
spinaddiction	NN	1
spine	NN	2
spinning	JJ	2	NNP	1
spiral	NN	1
spirits	NNS	1
splashing	VBG	2
splendid	JJ	1
splinted	JJ	1
splintering	VBG	1
split	NN	1
splutters	NNS	1
spoil	VBP	1
spoke	VBD	4
spot	NN	4
spotting	NNP	1
spouting	VBG	1
sprawling	VBG	1
spread	VBP	1
spun	VBD	3
spur	NNP	1
square	NN	1
squeals	NNS	1
squeezes	VBZ	1
stage	NN	1
stages	NNS	1
stain	VB	2
stained	JJ	2
stains	NNS	1
stairs	NNS	5
stake	NN	2
stalks	NNS	1
stammering	VBG	1
stand	VBP	2	VB	1
stand-up	JJ	1
standback	NNP	2
standing	NN	5	VBG	2
stands	VBZ	3	NNS	1
stanford	NN	1
star	NN	1
starbucks	NNP	1
stare	VBP	4
stared	VBD	5
stares	NNS	3
staring	VBG	4	NNP	2
stark	JJ	1
stars	NNS	2	NNP	1
start	VBP	3	VB	3	NN	1
started	VBD	13	VBN	1
starting	VBG	5
startled	VBD	1
startling	JJ	1
startlingly	RB	1
starts	VBZ	2
state	NNP	1	NN	1
stated	VBN	1
statement	NN	1
states	NNPS	1
station	NN	3
status	NN	2	NNP	1
stay	VB	7	NNP	1
stayed	VBD	4
staying	VBG	1
steal	VB	1
stealth	NN	5
step	NN	3	VB	1
stepped	VBD	8
stepping	VBG	1
steps	NNS	2
stereo	NN	1
sternly	RB	1
stick	VBP	1
sticking	VBG	2
sticks	VBZ	1
stiffen	NN	1
stifle	VB	1
stifling	VBG	1
still	RB	30	JJ	1
stimulate	VB	1
stinking	VBG	1
stock	NN	1
stomach	NN	7
stone	NN	4
stones	NNS	1
stood	VBD	14	VBN	1
stop	VB	8	NNP	5	VBP	3	NN	2
stopped	VBD	7	VBN	2
stopping	NN	1
stops	VBZ	3
stopthe	NNP	1
store	NN	2
stories	NNS	5
storm	NN	2
stormed	VBD	1
storming	VBG	1
story	NN	23
stovohobo	NNP	7
straddled	JJ	1
straight	JJ	1
straightener	NN	2
straightening	VBG	1
straighter	RBR	1
strands	NNS	1
strange	JJ	5	NNP	1
strap	NN	1
straps	NNS	1
straw-hair	JJ	1
streamed	VBD	1
streaming	VBG	1
street	NN	1
streets	NNS	1
strength	NN	1
stretch	VB	1
stretched	VBD	2
strict	JJ	1
strider	NN	1
strikemy	NN	1
string	NN	1
stripped	VBD	1
strived	JJ	1
striving	NNP	1
strode	VBD	4
stroked	JJ	1
strolled	JJ	1
strong	JJ	3
struck	VBD	1
struggled	VBD	1
struggling	VBG	1
strung	NN	1
strutting	VBG	1
stubborn	JJ	1
stuck	VBN	1
student	NN	1
student-council	JJ	1
students	NNS	1
studied	VBD	1
studying	VBG	1
stuff	NN	5
stumped	JJ	1
stung	VBN	1
stunned	VBD	1
stupid	JJ	4	NNP	3
stylish	JJ	2
styx	NNP	2
subject	NNP	2	NN	1
substitute	VB	1
subtle	JJ	1
sucessful	JJ	1
such	JJ	7	PDT	1
suck	NN	1
sucked	JJ	1
sudden	JJ	2
suddenly	RB	18
suddenly-	NN	1
suffer	VB	2
suffering	VBG	1
suggest	VBP	1
suggested	VBD	1
suggestive	JJ	1
suit	NN	1
suitcases	NNS	1
suited	VBN	1
sun	NN	6
sun-rise	JJ	1
sunglasses	NNP	1
sunlight	NN	1
sunny	JJ	2
sunset	NN	1
super	JJ	1
supervised	JJ	1
supported	VBD	1
suppose	VBP	1
supposed	VBN	4	VBD	1
sure	JJ	25	RB	8
surely	RB	3
surface	NN	1
surfaces	VBZ	1
surprise	NN	3
surprised	VBN	3
surrounded	VBN	4
surroundings	NNS	1
surveying	VBG	1
survive	VB	1
survived	VBD	2
suspect	VB	1
suspected	VBD	2
suspendisse	NNP	1
suspiciously	RB	1
sussex	NNP	1
swam	NN	1
swatted	JJ	1
swear	VBP	1
sweat	NN	1
sweater	NNP	1
swedish	JJ	1
sweeping	JJ	1
sweet	JJ	2
sweetest	NN	3
sweetly	RB	2
swept	VBD	1
swiftly	RB	1	NNP	1
swimming	NN	1
swing	NN	3	NNP	1
swinging	VBG	1
swirling	VBG	1
switch	NN	2
switchblade	NN	2
switching	VBG	1
swung	VBD	1
sydney	NN	2
system	NN	4
t	NN	333
t-care	JJ	1
t-shirt	JJ	2
table	NN	7
tables	NNS	1
tad	NNP	2
tag	NNP	2	NN	1
tagged	VBN	13
tags	NNS	5
tai	NN	1
take	VB	6	NNP	1	NN	1
taken	VBN	1
takes	VBZ	3
taking	VBG	12
tale	NN	1
talents	NNS	3
tales	NNS	1
talk	VB	8	NN	2	VBP	1
talked	VBD	4	VBN	1
talker	NNP	1
talking	VBG	8
talks	VBZ	1
tall	JJ	3	NNP	1
tan	NN	1
tangerine	NNP	1
tangled	JJ	1
tank	NN	1
tanning	NNP	1
tape	NN	2
tapestry	NN	1
tapped	VBD	1
tapping	VBG	2
taught	VBD	1
taunting	NN	1
tcha	NN	1
tea	NNP	1
teacher	NN	4
teachers	NNS	2
teaching	NN	1
tear	VB	2
tears	NNS	9	NNP	1
teased	VBN	2
teases	NNS	2
technical	JJ	1
technically	RB	1
teenager	NN	2
teenagers	NNP	1	NNS	1
teeth	NNS	3
tell	VB	20	VBP	2
telling	VBG	1
tempation	NNP	1
temper	NN	1
tempermental	NN	2
tempted	VBD	2
ten	CD	2
tentatively	RB	1
tenured	JJ	1
term	NN	1
terrible	JJ	2
terribly	RB	1
terrified	JJ	1	VBN	1
terrifying	NNP	1	JJ	1
testifying	VBG	1
tests	NNS	3
text	NN	1
textual	NN	1
than	IN	23
thank	VB	5	NNP	1
thanked	VBD	1
thankfull	NN	1
thankfully	RB	1
thanks	NNS	7
thanksgiving	NNP	1
that	DT	104	IN	78	WDT	37	RB	2
the	DT	1111
theater	NN	1
their	PRP$	40
them	PRP	43	NNP	1
them-	NN	1
themoon	NN	2
themselves	PRP	5
then	RB	61
theo	NNP	14
theodore	NNP	2
theoretical	JJ	2
theories	NNS	2
theory	NNP	1
there	EX	52	RB	21
these	DT	14
thesis	NN	3
they	PRP	99
thick	JJ	2
thief	NN	1
thighs	NNS	1
thin	JJ	1
thing	NN	19
things	NNS	24
think	VBP	32	VB	8
thinking	VBG	3	NN	2	NNP	1
thinks	VBZ	2
third	JJ	3	NNP	1
thirteen	CD	1
thirties	NNS	1
thirty	CD	2
this	DT	75
this-	NN	1
thornbushes	NNS	1
those	DT	11
thoses	NNS	1
though	IN	10	RB	4
thought	VBD	23	VBN	3	NN	2
thoughts	NNS	6
thousand	CD	1
threads	NNS	1
threadsand	NN	1
threat	NN	1
threaten	VB	1
threatening	VBG	1
three	CD	13
thrilled	VBN	1
throat	NN	4
throbbed	JJ	1
throne	NNP	2	NN	1
through	IN	37
throw	VB	2
throwing	VBG	2
throws	VBZ	1
thrust	VBD	1
thugs	NNS	2
thumb	NN	2
thump	NN	1
thx	NNP	3
thyme	NNP	10
tick	NN	1
ticket	NN	1
tickets	NNP	3	NNS	2
ticking	NNP	1	VBG	1
tickle	NN	1
tie	NN	1
tight	JJ	3
tightened	VBD	2
tightly	RB	1
tile	NN	1
tiled	NNP	1
tiles	NNS	1
time	NN	39	NNP	3
times	NNS	6
timethen	NN	1
time—not	NN	1
tincidunt	NN	1
tipping	NNP	1	VBG	1
tips	NNS	1
tired	JJ	6
to	TO	612
to-	NN	1
today	NN	11	NNP	1
todd	NNP	9
together	RB	10
told	VBD	12	VBN	3
told-ya-so	JJ	1
tom	NNP	8
tommy	NNP	1
tomorrow	NN	4
tomorrows	NNS	1
ton	NN	1
tone	NN	2
tongue	NN	2
tonight	NNP	1	NN	1
tons	NNP	1
too	RB	35
took	VBD	13
tools	NNS	1
top	JJ	9	NN	4
tore	VBD	1
torrent	NN	1
torso	NN	1
tossed	VBD	3
total	JJ	1
totally	RB	5
touch	NN	6
touched	VBD	1
touching	VBG	3
toughened	JJ	1
tougher	JJR	1
tow	NN	1
toward	IN	6
towards	IN	7
towel	NN	1
tower	NNP	2	NN	1
town	NN	6
trail	NN	1
trailer	NNP	1
trails	NNS	1
train	NN	3
trainer	NN	2
trait	NN	1
trampling	VBG	1
trapped	VBN	1
travel	VB	1
traveled	VBD	1	VBN	1
traveling	VBG	2
treachery	NN	1
treat	VB	2	NN	1
treatise	NN	1
tree	NN	13
trees	NNP	1	NNS	1
trembled	JJ	1
trendy	JJ	1
trepidation	NN	1
trials	NNS	1
trick	NN	2
tricks	NNP	1	NNS	1
tried	VBD	8
tries	VBZ	1
trip	NNP	1
tripped	VBN	1
tristan	NNP	2
tristique	NN	1
trouble	NN	1
truck	NN	1
true	JJ	2
trump	NN	1
trust	VBP	1	NNP	1
trusted	VBN	2
trusting	NNP	1
trusty	NN	1
truth	NN	2
try	VB	4	VBP	1	NN	1
trying	VBG	19
tubes	NNS	1
tucked	VBD	1
tugged	VBD	2
tuning	VBG	1
turbulent	JJ	1
turn	VB	4	VBP	2
turned	VBD	15	VBN	3
turning	VBG	2
turns	VBZ	1
turpis	NNS	1
tv	NNP	1
twain	NNP	1
twelve	CD	1
twenty	CD	2
twenty-two	JJ	2
twigs	NNS	1
twins	NNS	1
twirling	VBG	1
twist	NN	3
twisted	JJ	1
twisting	VBG	2
twistings	NNP	1
two	CD	36
type	NN	2
typical	JJ	1
u	NN	1
ugly	JJ	2
uh	UH	2	NNP	1
uhh	NNP	1
uhhhhhhh	NN	1
ullamcorper	NN	2
um	NNP	6	UH	5
un	NN	1
un-delighted	JJ	1
unaccounted	NNP	1
unattainableyet	NN	1
unbearable	JJ	1
unbroken	JJ	1
uncertainly	RB	1
uncomfortable	JJ	1
uncovers	NNS	1
under	IN	9
underneath	IN	3
understand	VB	4
understanding	NN	2	NNP	1
understands	VBZ	1
understood	VBD	2	VBN	1
underworld	NNP	3
undid	VBD	1
undies	NNS	2
undoubtably	RB	1
unexpected	JJ	1
unfathomable	JJ	1
unfortunately	RB	1
unhealthily	NNP	1
unimportant	JJ	1
unique	JJ	1
unison	NN	1
united	VBN	2	NNP	1
universe	NN	1
unlatched	JJ	1
unless	IN	2
unlikely	JJ	1
unplug	NNP	1
unpopular	JJ	1
unpredictable	JJ	1
unpreventable	JJ	1
unravel	VB	1
unscrew	NNP	1
unsuccessful	JJ	1
until	IN	14
unusual	JJ	1
up	RP	57	RB	55	IN	13
upon	IN	5
upright	NN	1
upstairs	NN	3	RB	1
upswept	NN	1
upward	RB	1
urging	VBG	1
urna	NN	1
us	PRP	24	NNP	2
use	VB	3	VBP	1
used	VBN	3	VBD	2
useful	JJ	2	NNP	1
uselessly	RB	1
user	NNP	1
ushers	VBZ	1
using	VBG	3
usual	JJ	1
usually	RB	3
uttered	VBD	1
utterly	RB	3
v.	NN	1
vacation	NN	1
vacuum	NN	1
vainly	RB	1
valor	NN	1
value	VBP	1
vamps	NNP	1
vandals	NNP	1
vanity	NN	1
various	JJ	3
varsity	NNP	1
vast	JJ	1
veered	JJ	3
veering	VBG	1
vegetables	NNS	1
vehicula	NN	1
vel	NN	1
velit	NN	3
venenatis	NNS	1
ventured	JJ	1
verbal	JJ	1
version	NN	2
very	RB	24
vg	NN	1
vial	NN	1
vibrant	JJ	1
vibrated	JJ	1
vibration	NN	1
victory	NNP	1
video	NN	1
vie	NN	1
view	NN	2
views	NNS	1
village	NN	1
violently	RB	2
viper	NN	1
virginia	NNP	1
virtue	NN	2
visit	VB	1
vitae	NN	2
vivamus	NNP	1
viverra	NN	1
vocal	NNP	1	JJ	1
voice	NN	26
voices	NNS	3
volumes	NNS	1
volunteer	VB	1
volutpat	NN	2
vonster	NNP	1
w	NNP	1
waddled	JJ	1
waist	NN	4
wait	NN	5	VBP	1	VB	1
waited	VBD	1
waiter	NN	2
waiting	VBG	6
wake	VBP	1	NN	1
walk	VBP	9	VB	2	NN	2
walked	VBD	21
walking	VBG	8
walks	VBZ	4
wall	NN	8
wallet	NN	1
walls	NNS	5
wander	VBP	1
wane	VBP	1
wanna	VB	3	NNP	1
want	VBP	21	VB	8	NNP	1
wanted	VBD	14	VBN	1
wanting	VBG	2
wants	VBZ	1
war	NN	2
warbling	VBG	1
warily	RB	1
warm	JJ	7
warmth	NN	2
warn	VB	1
warning	NN	1
warren	NNP	1
was	VBD	364
washing	VBG	1
wasn	NN	21
wasnt	NN	2
wasps	NNS	1
waste	NN	1
wasted	VBD	1
watch	VB	1	NN	1
watched	VBD	3	VBN	1
watches	VBZ	1
watching	VBG	11
water	NN	14
waters	NNS	1
wave	NN	1
waved	VBD	1
wax	NN	1
way	NN	28
ways	NNS	1
waythat	NN	1
wayward	NNP	3
we	PRP	92	NNP	2
weakly	NNP	1
wealthy	JJ	1
wear	VB	2
wearing	VBG	5
weather	NNP	1	NN	1
weaving	VBG	1
website	NN	2
wedding	NN	1
week	NN	2
weekend	NNP	1
weeks	NNS	5
weight	NN	2
weird	JJ	10
weirdos	NNS	1
welcome	VB	1	JJ	1
welcomed	VBD	1
well	RB	28
well-loved	JJ	2
welling	VBG	1
went	VBD	17
were	VBD	73
weren	NN	4	NNP	1
westward	RB	1
wet	JJ	2	NNP	1
wetness	NNS	1
wha	NNP	1
wha-huh	NNP	1
what	WP	122	WDT	1
whatever	WDT	4	NNP	1
whatever-it-was	JJ	1
whats	NNP	2
wheedling	VBG	1
wheel	NNP	2	NN	1
when	WRB	58
whenever	WRB	2
where	WRB	42
which	WDT	14
while	IN	11	NN	2
whimpered	JJ	2
whir	NN	1
whirring	VBG	1
whiskey	NN	1
whisper	NN	2
whispered	VBN	3
whispering	VBG	1
white	JJ	8
whites	NNS	1
who	WP	45
whoever	WP	1
whole	JJ	13
whooping	JJ	1
why	WRB	38
wich	NN	2
wide	JJ	3
widened	VBN	1
widening	VBG	1	NN	1
wider	JJR	1
widler	NNP	2
wife	NN	5
wikipedia	NNP	1
wilber	NNP	5
wildly	RB	1
will	MD	35
willed	JJ	1
willingly	RB	1
win	VBP	3	NNP	1	VB	1
wince	NN	1
wind	NN	10	VB	1
winding	VBG	1
window	NN	6	NNP	1
windows	NNS	7
window—	NN	1
winds	NNS	1
wing	NN	1
winged	JJ	1
wings	NNS	4
wingspan	NN	1
winked	JJ	1
winking	VBG	1
winner	NN	2
winslow	NNP	2
winter	NN	4
wiped	VBD	2
wiping	VBG	3
wisconsin	NNP	1
wiser	JJR	1	NNP	1
wish	VBP	7	VB	1
wishing	NNP	1	VBG	1
with	IN	157
withdrawls	NNS	1
withdrew	VBD	1
within	IN	5
without	IN	6
witrsf2bytc	NNP	1
wits	NNS	1
wo	MD	2
woke	VBD	3
woman	NN	10	NNP	1
won	VBD	11
wonder	VBP	2	NN	1
wondered	VBD	2
wonderful	JJ	4
wondering	VBG	1
wont	NN	2
wood	NN	1
woods	NNS	5
woohoo	NNP	1
wooooo	NNP	1
woozy	NN	1
word	NN	3
words	NNS	5	NNP	1
wore	VBD	2
work	NN	2	VBP	1	VB	1
workable	JJ	1
worked	VBD	5
workers	NNS	1
working	VBG	3
workmen	NNS	1
world	NN	10	NNP	2
worn	JJ	2
worriedly	RB	1
worry	VB	4	VBP	2
worrying	VBG	1
worse	JJR	1
worst	JJS	2
worth	JJ	2
would	MD	50
woulda	NN	1
wouldn	NN	7
wound	VBD	1
wrap	VB	2	NN	1
wraping	VBG	1
wrapped	VBD	2	NNP	1
wrapping	NNP	1
wraps	VBZ	1
wring	VB	1
wrinkles	NNP	1
wrist	NN	1
write	VB	4
writer	NN	1
writers	NNS	2
writing	VBG	7	NN	1
written	VBN	5
wrong	JJ	13	NN	1
wrote	VBD	1
wry	NN	1
wuh	NNP	1
wuite	NN	1
wyatt	NNP	3
wyrmtongue	NNP	1
xxjerseyxgirlxx	NNP	2
ya	PRP	5
yah	NNP	1
yahoo	NN	1
yanked	VBD	1
yard	NN	1
yards	NNS	1
yay	NNP	1
ye	NN	1
yea	NNP	1
yeah	UH	20
year	NN	11
yearbook	NN	1
yearn	NN	1
years	NNS	6
yeeeaaaaaahh	NN	1
yeeeee	NNP	1
yell	VB	2
yelled	VBD	6
yelling	VBG	1
yellow	JJ	1
yells	VBZ	3
yep	NNP	2
yes	UH	13	NNP	1
yesterday	NN	1
yet	RB	10	CC	1
yo	NNP	1
you	PRP	362
you-	NN	1
youin	NN	1
youmake	NN	1
young	JJ	3
youngest	JJS	1
your	PRP$	101	JJ	3
yours	NNS	3
yourself	PRP	6	NNP	2
youth	NN	3
youths	NNS	1
z	NNP	150
zap	NNP	1
zeal	NN	1
zen	NNP	2
zeus	NNP	4
~	NN	2
¦	NN	22
©	NN	1
˜	NN	2
–	NN	10
‘	NN	9
’	NN	296
’ll	MD	23
’m	VBP	30
’re	VBP	26
’s	VBZ	68
’ve	VBP	27
“	NN	365
”	NN	380
