"	''	8
%	NN	125
'	POS	19	''	4
's	POS	18
(	(	295
(cox)-2	NNP	1
)	)	299
+	NN	95
,	,	897	:	1
-	:	91	-	13
.	.	748
.05	CD	2
.25	CD	1
.29	CD	1
.7	CD	1
.84	CD	1
/	NN	54
0	CD	2
0.001	CD	1
0.007	CD	1
0.02	CD	1
0.025	CD	2
0.028	CD	1
0.04	CD	1
0.045	CD	1
0.048	CD	2
0.05	CD	2
0.08	CD	2
0.09	CD	1
0.1	CD	6
0.11	CD	1
0.12	CD	1
0.15	CD	2
0.17	CD	1
0.2	CD	1
0.21	CD	2
0.24	CD	1
0.25	CD	2
0.26	CD	1
0.4	CD	1
0.46	CD	1
0.5	CD	3
0.50	CD	1
0.51	CD	1
0.52	CD	1
0.57	CD	1
0.59	CD	1
0.6	CD	1
0.61	CD	2
0.70	CD	1
0.74	CD	1
0.75	CD	2
0.77	CD	1
0.8	CD	2
0.84	CD	1
0.89	CD	1
0.95	CD	1
0.99	CD	1
1	CD	160
1.00	CD	1
1.08	CD	1
1.1	CD	1
1.27	CD	1
1.3	CD	1
1.44	CD	2
1.5	CD	3
1.53	CD	1
1.6	CD	2
1.64	CD	2
1.73	CD	1
1.8	CD	1
1.92	CD	1
1.937	CD	1
1.9410	CD	2
1.9435	CD	1
1.9455	CD	2
1.946	CD	1
1.96	CD	1
10	CD	39
10.35	CD	1
10.5	CD	6
10.51	CD	2
100	CD	5
1000	CD	1
11	CD	12
11.4	CD	1
11.5	CD	4
115	CD	1
12	CD	16
12.1	CD	1
12.5	CD	7
120	CD	3
1200	CD	1
124	CD	1
13	CD	12
13.5	CD	2
135	CD	1
137	CD	1
14	CD	14
14.5	CD	5
14.8	CD	1
142	CD	1
15	CD	17
15,000	CD	1
150	CD	1
16	CD	19
17	CD	11
17.12	CD	1
17.4	CD	1
18	CD	14
18.5	CD	5
19	CD	13
1960	CD	2
1970	CD	1
1986	CD	1
1989	CD	1
1990	CD	5
1990s	NN	2
1995	CD	4
1997	CD	7
1998	CD	4
2	CD	213
2.0	CD	1
2.2	CD	1
2.47	CD	2
2.5	CD	4
2.53	CD	1
2.57	CD	1
2.58	CD	2
2.6	CD	1
2.84	CD	1
2/.29	CD	1
20	CD	34
20.3	CD	2
20.5	CD	1
200	CD	1
2000	CD	5
2001	CD	10
2002	CD	6
2003	CD	2
2041	CD	1
21	CD	20
22	CD	12
23	CD	7
23.33	CD	1
24	CD	15
24.9	CD	2
247	CD	1
25	CD	21
26	CD	8
260	CD	1
27	CD	10
27.96	CD	1
270	CD	1
28	CD	6
28.35	CD	1
29	CD	8
29.33	CD	1
29.9	CD	2
3	CD	41
3,086	CD	1
3-hydroxy-3-methylgluatryl	NN	1
3.28	CD	1
3.3	CD	1
3.31	CD	1
3.4	CD	1
3.5	CD	2
3.79	CD	1
3/2	CD	1
30	CD	24
30.0	CD	1
300	CD	1
31	CD	5
313	CD	1
32	CD	4
33	CD	3
34	CD	3
35	CD	4
36	CD	3
36.6	CD	1
37	CD	5
37.5	CD	2
38	CD	2
39	CD	3
4	CD	46
4,000	CD	1
4,500	CD	1
4,878	CD	1
4.2	CD	1
4.5	CD	2
4.50	CD	2
4.9	CD	2
4.92	CD	2
40	CD	11
4000	CD	1
41	CD	4
42	CD	3
43	CD	2
438	CD	1
44	CD	3
45	CD	1
4742	CD	1
486	CD	1
489.5	CD	2
49.1	CD	1
490.01	CD	1
5	CD	35
5,201	CD	1
5,888	CD	1
5.0	CD	2
5.2	CD	1
5.3	CD	1
5.45	CD	1
5/2	CD	3
50	CD	11
504.25	CD	2
51	CD	3
521.78	CD	1
524/528	CD	1
53	CD	1
54	CD	1
55	CD	1
569/573	CD	1
57	CD	1
58	CD	1
59	CD	3
59173	CD	1
6	CD	31
6-keto-pgf	NN	7
6.0	CD	1
6.06	CD	1
6.2	CD	1
6.3	CD	1
6.5	CD	2
6.52	CD	1
6.6	CD	1
6.8	CD	2
60	CD	6
614/618	CD	1
62	CD	1
62.5	CD	1
63	CD	1
65	CD	6
65.5	CD	1
67	CD	3
68	CD	1
687	CD	1
69	CD	1
697	CD	1
7	CD	28
7.0	CD	1
7.1	CD	1
7.4	CD	1
7.5	CD	3
7.6	CD	2
7/2	CD	2
70	CD	11
71	CD	1
72	CD	2
73	CD	4
73.1	CD	1
75	CD	2
78	CD	1
79	CD	1
8	CD	18
8.4	CD	1
8.5	CD	4
8.58	CD	1
80	CD	4
80.8	CD	1
81	CD	1
82	CD	2
84	CD	2
84.2	CD	1
86	CD	1
88	CD	1
89.09	CD	1
9	CD	10
9.0	CD	7
9.09	CD	1
9.5	CD	4
90	CD	3
93	CD	4
95	CD	6
96	CD	1
:	:	25
;	:	65
<	NN	5
=	SYM	45
>	NN	2
?	.	11
[	NN	197
]	NN	198
a	DT	285
a-	NNP	5
a-d	JJ	1
a-sepharose	NNP	1
aand	NNP	1	NN	1
abbreviations	NNP	3
aberrant	NN	1
ability	NN	1
able	JJ	2
abnormal	JJ	18
abnormalities	NNS	12	NNP	1
abnormality	NN	1
about	IN	25
above	IN	7
absence	NN	8
absolute	JJ	2
absorbance	NN	1
abundance	NN	1
abuse	NN	1
accept	VB	1
accession	NN	1
accidents	NNS	1
accompanied	VBN	1
accomplished	VBN	1
accordance	NN	1
according	VBG	4
account	VB	3	NN	2
accounted	VBD	9
accrue	VB	2
accumulate	VBP	1
accuracy	NN	1
acetate	NN	3
acetonitrile	NN	1
achieve	VBP	1
acid	NN	5
acidification	NN	1
acr	NNP	1
acr1	NN	7
acr3	NN	3
acr4	NN	4
acr5	NN	3
across	IN	3
acs	NNP	2
act	VBP	1
actin	NN	1
activated	VBN	5
activation	NN	3
active	JJ	6
activities	NNS	8
activity	NN	17
activity-dependent	JJ	1
acts	NNS	2
actual	JJ	1
actually	RB	4
acute	JJ	18
add	VBP	1
added	VBN	5	VBD	1
adding	VBG	1
addition	NN	7
additional	JJ	10
address	VB	3	VBP	2
addressing	VBG	2
adenosylmethionine	NN	1
adenylyl	NN	1
adhesion	NN	1
adjacent	JJ	4
adjust	VB	1
adjusted	VBN	14	JJ	2	NNP	1
adjusting	VBG	1
adjustment	NN	4	NNP	1
admission	NN	4
adomet	NNP	1
adp	NNP	27
adpase	NNP	4
adpnp	NNP	9
adrenal	NN	1
adult	NN	2	JJ	1
adults	NNS	19
advance	VB	1
advanced	JJ	1	VBN	1
advances	NNS	3
adverse	JJ	7
advisory	JJ	1
aer	NNP	7
affect	VB	2	VBP	1
affected	VBN	4
affecting	VBG	2
affects	VBZ	1
affiliated	VBN	1
affinity	NN	3
afford	VB	1
aforementioned	JJ	1
african	NNP	3
after	IN	29
again	RB	1
against	IN	4
agarose	NN	1
age	NN	25	VBP	1
aged	VBN	2
agencies	NNS	1
agenda	NN	1
agendas	NNS	1
agents	NNS	6
ages	NNS	1
aggrastat	NNP	2
aggressive	JJ	3	NNP	2
ago	RB	1
ahead	RB	1
aids	NNS	1
al	NN	2
al.	NN	6
albornoz	NNP	2
albumin	NN	1
alcohol	NN	2
alcoholic	JJ	1
aldolase	NN	1
aliquots	NNS	1
all	DT	29	PDT	1
allay	VB	1
allison	NNP	1
allocated	VBN	1
allow	VB	1
almost	RB	1
alone	RB	1
along	IN	1
alonso	NNP	1
already	RB	1
also	RB	44
alt	NNP	2
alteration	NN	3
alterations	NNS	1
altered	VBN	3
alternate	JJ	1
alternative	JJ	1	NN	1
alternatively	RB	1
although	IN	16
ama	NNP	2
amas	NNP	1
america	NNP	31
american	JJ	10	NNP	3
americas	NNPS	5
amersham	NNP	3
amino	JJ	7
amino-transferases	JJ	1
ammonium	NN	1
among	IN	14
amongst	IN	1
amount	NN	9
amounted	VBD	1
amounts	NNS	2
amp	NNP	2
ampcp	NNP	11
amppnp	NNP	4
an	DT	69
analog	NN	5
analogs	NNS	2
analyses	NNS	8
analysis	NN	18	NNP	2
analytical	JJ	1
analyze	VB	1
analyzed	VBD	1
analyzing	VBG	1
and	CC	590
andres	NNP	1
angina	NN	3
angioplasty	NN	2
anion	NN	1
anlagen	NN	1
ann	NNP	1
annan	NNP	8
annual	JJ	2
annually	RB	2
another	DT	5
answer	VB	1	NN	1
antagonistic	JJ	1
antedated	JJ	1
anterior	NN	2
anthony	NNP	1
anti-	NN	10
anti-mitochondrial	NNP	1	JJ	1
anti-smooth	JJ	1
antibodies	NNS	6
anticipated	VBN	1
antifibrogenic	JJ	1
antifibrotic	JJ	2
antigen	NN	2
antisense	NN	1
any	DT	9
ap	NNP	2
apical	JJ	2
apparent	JJ	1
appear	VB	1
appeared	VBN	1
appears	VBZ	5
applied	VBN	1
apply	VBP	2
approach	NN	2
approaches	NNS	1
appropriate	JJ	2
approximately	RB	4
apyrase	NN	2
aqueous	JJ	1
arachidonic	JJ	1
arbor	NNP	1
arches	NNS	1
are	VBP	102
area	NN	2
areas	NNS	4
argue	VB	2
argument	NN	1
arm	NN	1
aronow	NNP	1
around	IN	6
arrangement	NN	1
arrhythmias	NNS	1
arrived	VBD	1
artery	NN	3
arthritis	NN	2
article	NN	1
as	IN	115	RB	12
ascertain	VB	1
ascertainment	NN	1
ashows	NNS	1
asia	NNP	2
asma	NNP	2
aspartate	NN	2
aspirated	JJ	1
assay	NNP	1	NN	1
assays	NNS	1
asserting	VBG	1
assess	VB	3	VBP	1
assessing	VBG	1
assign	VB	1
assigns	VBZ	1
assisted	VBN	1
associated	VBN	20
association	NN	14	NNP	1
associations	NNS	1
ast	NNP	2
at	IN	95
atherosclerosis	NNS	1
atmosphere	NN	1
atorvastatin	NN	8	NNP	4
atorvastatin-treated	JJ	2
atp	NNP	29
atpase	NNP	10
atpases	NNP	2
attack	NN	1
attain	VB	1
attending	VBG	1
attention	NN	4
attributable	JJ	1
attributed	VBD	2
authors	NNS	5	NNP	1
autoantibodies	NNS	1
autocrine	NN	1
autoimmune	JJ	9
autoimmunity	NN	3
autopsy	NN	1
autoregulate	NN	1
availability	NN	1
available	JJ	5
average	JJ	3
averaged	VBD	8
avoid	VB	1
away	RB	1
axial	NN	1
axis	NNS	2
b	NNP	16	SYM	10
b.g.c.	NN	1
back	RB	1
background	NNP	3
balance	NN	3
balart	NNP	1
band	NN	1
barring	VBG	1
bars	NNS	2
base	NN	2
based	VBN	8	VBD	2
baseline	NN	21	NNP	2	JJ	1
basic	JJ	2
be	VB	82
became	VBD	2
because	IN	17
become	VB	4
becoming	VBG	1
been	VBN	45
before	IN	13
began	VBD	1
begin	VBP	1
beginning	NN	1
behavior	NN	1
being	VBG	11
believe	VBP	1
below	IN	3
beneficial	JJ	1
benefit	NN	8	VB	1
benefits	NNS	5
best	JJS	5	RBS	1
betaprost	NNP	1
better	JJR	2
between	IN	31
bfgf	NN	2
bias	NN	1
biases	NNP	1
bibliometric	JJ	1
biggest	JJS	1
biliary	JJ	5
bilirubins	NNS	2
bind	NN	2
binding	JJ	9
binds	NNS	3
bio-rad	NNP	1
biochemical	JJ	1
biodiversity	NN	2
biology	NN	3
biomedical	JJ	1
biopsies	NNS	3
biopsy	NN	5
biosynthesis	NNS	1
biotech	NNP	1
black	JJ	6	NN	1
blacks	NNS	5
blank	NN	1
blindness	NN	1
blocking	VBG	1
blood	NN	4	NNP	1
blot	NN	2
blue	JJ	2
bmi	NNP	36
board	NN	1
body	NN	3	NNP	1
boiled	VBD	1
bond	NN	3
bonded	VBN	1
boston	NNP	1
both	DT	24
bound	VBN	34
bovine	JJ	1
brain	NN	1
brazil	NNP	2
bridges	NNS	2
brief	JJ	1
briefly	NNP	2
bring	VB	1
bringing	VBG	1
broad	JJ	1
bromide	NN	1
bromophenol	NN	2
brought	VBN	1
brown	NNP	1
bruker	NNP	1
bsa	NNP	1
bud	NN	6
buds	NNS	4
buffer	NN	6
building	NN	1
built	VBN	1
burden	NN	6	NNP	1
burdens	NNS	3
but	CC	34
butyric	JJ	1
bx	NNP	1
by	IN	101
bypass	NN	2	VB	1
c	NNP	21	SYM	2
c-18	NNP	1
c-fos	JJ	1
c-myc	JJ	1
c.	NN	5
ca	MD	12	NNP	1
cabg	NNP	2
calc	NN	1
calculate	VBP	1	VB	1
calculated	VBD	6	VBN	5
calculations	NNS	1
called	VBN	6
camera	NN	2
camp	NN	1
can	MD	21
canada	NNP	13
cancer	NN	1
cand	NN	1
capable	JJ	1
capacity	NN	2
capillary	JJ	1
capture	VB	1
carboxyl	NN	16
carboxypeptidase	NN	2
cardiac	JJ	5
cardiology	NNP	1
cardiovascular	JJ	6	NNP	3
care	NN	4
carlsbad	NNP	1
carotid	NN	1
carried	VBN	3	VBD	1
carry	VBP	1
case	NN	6
cases	NNS	14
castro	NNP	1
catalysis	NNS	5
catalytic	JJ	16
catalyzes	NNS	1
categoric	JJ	1
categories	NNS	2	NNP	1
category	NN	5
cation	NN	2
cations	NNS	4
caucasian	NNP	1
caudal	NN	1
causally	RB	1
cause	NN	1
caused	VBN	1	VBD	1
caveats	NNS	1
cavity	NN	1
cayman	NNP	1
cd-epr	NNP	1
cd39	NN	25
cdna	NN	1
cell	NN	16	NNP	2
cells	NNS	29
center	NN	5	NNP	1
centers	NNS	1
central	JJ	4	NNP	1
centricon	NN	1
centrifuged	JJ	1
cerebrovascular	NN	1
certain	JJ	2
certainly	RB	1
cesd	NNP	2
cf	NNP	1
challenge	NN	1
challenges	NNS	1
change	NN	10	VB	3
changed	VBN	2	JJ	1	VBD	1
changes	NNS	4
characteristic	NN	1
characteristics	NNS	2
characterization	NNP	2	NN	1
characterized	VBN	6	VBD	1
charts	NNS	1
cheaper	JJR	1
chelator	NN	2
chemical	NNP	2	JJ	1
chemiluminescence	NN	1
chemokines	NNS	1
chen	NNP	1
chicken	NN	1
childbirth	NN	1
childhood	NN	2
children	NNS	3
chile	NNP	2
china	NNP	1
chloride	NN	1
chloroform	NN	1
cholangitis	NNS	2
cholestatic	JJ	4
cholesterol	NN	13	NNP	2
chose	VBD	1
chromatography	NN	2
chronic	JJ	6
chs	NNP	3
ci	NNP	4
ciencia	NNP	1
circulating	VBG	1
cirrhosis	NNS	8
citation	NNP	1
citations	NNS	1
cited	VBN	2	VBD	1
classes	NNS	1
classified	VBN	2
classifies	VBZ	1
clear	JJ	2
clearing	NN	1
clearly	RB	2
cleavage	NN	1
cleaved	JJ	1
cleft	NN	4
climate	NN	2
clinic	NN	1
clinical	JJ	22	NNP	5
clinically	RB	1
clone	NN	1
close	JJ	1
closer	JJR	2
closure	NN	1
cm	NN	1
cns	NNP	11
co	NNP	1
co-existence	NN	1
co-workers	NNS	1
coa	NNP	2
coding	VBG	1
codon	NN	1
coenzyme	NN	2
cofactor	NN	6
cohort	NN	6
cohorts	NNS	1
collaborations	NNS	1
collaborators	NNS	1
collagen	NN	7
collagenase	NN	1
colleagues	NNS	2
collected	VBN	8
collection	NN	1
collects	VBZ	1
college	NNP	1
column	NN	5
columns	NNS	4
combination	NN	4
combined	VBN	2	VBD	1
come	VB	1
common	JJ	4
community	NN	6
comparable	JJ	1
comparative	JJ	1
compare	VBP	1	VB	1
compared	VBN	16	VBD	2
comparing	VBG	7
comparison	NN	3	NNP	1
comparisons	NNS	2	NNP	1
compelling	JJ	2
competing	VBG	3
compiled	VBN	1
complaints	NNS	1
complete	JJ	3
completed	VBN	1
completely	RB	1
complex	JJ	5	NN	3
complexed	JJ	1
complexes	NNS	3
complication	NN	1
complications	NNS	3
compose	NN	1
composite	JJ	1	NN	1
comprehensive	JJ	1
comprising	VBG	1
computer	NN	1
concanavalin	NN	1
concentration	NN	6
concentrations	NNS	2	NNP	1
concept	NN	2
concern	NN	2
concluded	VBD	1
conclusion	NNP	2	NN	2
conclusions	NNP	3	NNS	1
condition	NN	1
conditions	NNS	5
conducted	VBN	3
confer	VBP	1
conferred	VBD	1
confidence	NN	6
confirmation	NN	1
confirmatory	NN	1
confirmed	VBD	3	VBN	1
confirms—and	NN	1
conflicting	JJ	1
confluency	NN	1
confluent	NN	1
conformation	NN	9
conformations	NNS	5
confounding	VBG	1
consequently	RB	2
conservation	NN	1
conserved	JJ	3
consider	VBP	2	VB	1
consideration	NN	1
considered	VBN	10
consistent	JJ	6
conspiracy	NN	1
constant	JJ	2
constants	NNS	1
consumption	NN	1
contain	VB	2
containing	VBG	5
contains	VBZ	2
continued	VBD	1
continuous	JJ	2
contraindications	NNS	1
contrast	NN	3
contribute	VBP	1
contributed	VBD	5	VBN	3
contributes	VBZ	1
contributing	VBG	1
contribution	NN	2
contributions	NNS	7
control	VB	1	NN	1
controlled	VBN	1
controlling	VBG	2
controversial	JJ	1
conversely	RB	1
converted	VBN	4
cooperation	NN	2
coordinate	VB	1
coordination	NN	3
cord	NN	1
coronary	JJ	40
corp	NNP	1
correct	VB	1
corrected	VBN	3
correcting	VBG	1
correlate	VBP	1
correlated	JJ	1
correspond	VB	2
corresponded	VBD	1
corresponding	JJ	5
corresponds	NNS	3
cortex	NN	2
cost	NN	1	VBN	1
costa	NNP	1
costly	JJ	1
costs	NNS	1
could	MD	26
counseled	VBN	1
counteract	VB	1
counties	NNS	1
countries	NNS	16
country	NN	1
coupling	NN	2
couplings	NNS	1
course	NN	1
covariate	NN	1
covariates	NNS	10	NNP	1
cox	NNP	2
cox-2	NNP	23
cpk	NNP	1
cranial	NN	1
creatinine	NN	1
credit	NN	1
credited	VBD	1
crescent	NN	1
crest	NN	1
criteria	NNS	4
critical	JJ	2
critically	RB	1
criticized	VBN	1
crosslinking	VBG	1
cryostat	NN	1
cryptogenic	JJ	1
cuba	NNP	3
cultural	NNP	1
culture	NNP	1	NN	1
cultured	JJ	7
cultures	NNS	1
current	JJ	3
currently	RB	1
curve	NN	1
cut	VB	1
cw-epr	NNP	3
cyanol	NN	1
cyclase	NN	1
cycle	NN	1
cyclooxygenase	NN	3
cytokine	NN	2
cytokines	NNS	4
d	NNP	6	SYM	1
d1	NN	19
d2	NN	22
d213	NN	2
d219	NN	2
d62	NN	2
daily	JJ	5	RB	1	NN	1
dalys—the	NNP	1
damage	NN	7
dand	NNP	1
data	NNS	29	NNP	2	NN	1
database	NN	2	NNP	1
databases	NNS	1
date	NN	3
day	NN	1
days	NNS	2
de	IN	2
dead	JJ	1
death	NN	16
deaths	NNS	1
decade	NN	2
decarboxylase	NN	2
declared	VBD	1
declining	VBG	1
decrease	VB	2	NN	1
decreased	VBN	10	VBD	8
decreases	NNS	3
decreasing	VBG	3
defect	NN	2
defective	JJ	1
define	VB	1
defined	VBN	6	VBD	1
defining	VBG	1
definition	NN	4
definitive	JJ	1
degradation	NN	1
degree	NN	5
delayed	VBN	1
deletion	NN	1
demonstrate	VBP	1	VB	1
demonstrated	VBN	3	VBD	1
demonstrates	VBZ	3
denatured	JJ	1
denko	NNP	1
density	NN	4
dependent	JJ	3
depends	VBZ	1
deposition	NN	1
depressed	VBN	1
depression	NN	2	NNP	1
derivative	JJ	1	NN	1
derivatives	NNS	2
derivatization	NNP	1
derived	VBN	11	VBD	1
described	VBN	8	VBD	4
description	NN	1
descriptive	JJ	2
design	NN	2
designed	VBN	2
desirable	JJ	4
despite	IN	7
destabilize	VB	1
destruction	NN	1
detail	NN	2
detailed	JJ	1
details	NNS	2
detect	VB	5
detectable	JJ	3
detected	VBN	17	VBD	6
detection	NNP	1
determinant	NN	1
determinants	NNS	1
determination	NN	1
determinations	NNS	1
determine	VB	5
determined	VBN	4
determining	VBG	1
deuterium	NN	1
deuterium-labeled	JJ	1
develop	VBP	2	VB	1
developed	JJ	6	VBN	6
developing	VBG	31	NN	5
development	NN	34
developmental	NN	4
deviation	NN	2
deviations	NNS	1
diabetes	NN	2
diagnosis	NN	6
diagnostic	NNP	1	JJ	1
diarrhea	NN	1
did	VBD	11
died	VBN	1
diet	NN	1
diethyldithiocarbamic	JJ	1
differ	VBP	1	VB	1
differed	VBD	3
difference	NN	11
differences	NNS	16
different	JJ	36
differentiated	JJ	1
differentiation	NN	2
difficult	JJ	3
diffuse	NN	4
digital	JJ	2
digoxygenin	NNP	1
digoxygenin-	NN	1
diligent	NN	1
dilution	NN	3
dimethylformamide	NN	1
diminished	VBN	1
diphosphohydrolases	NNS	1
direct	JJ	3
directed	VBD	1
direction	NN	1
directions	NNS	2
disability	NN	1
disability-adjusted	JJ	1
disappeared	VBD	1
discharge	NN	2
discipline	NN	1
disclosed	VBD	1
discouraging	VBG	1
discrepancies	NNS	1
discrepancy	NN	1
discriminate	JJ	1
discussed	VBN	2
discussion	NNP	5
disease	NN	52	NNP	1
diseases	NNS	3
dismal	JJ	1
disopropylethylamine	NN	1
disorder	NN	1
disorders	NNS	1
disparate	JJ	1
disparity	NN	3
displayed	VBD	1
dissect	NN	1
dissecting	VBG	1
dissolved	NNP	1
distinctive	JJ	1
distinguish	VB	2
distorted	JJ	1
distribution	NN	6
divalent	NN	4	NNP	1
divided	VBN	3
divisions	NNS	1
dl	NN	4
dmem	NNP	5
dmso	NNP	1
dna	NNP	1
dnase	NNP	1
do	VBP	8	VB	1
document	NN	1
documented	VBN	2
does	VBZ	4
doing	VBG	1
dollar	NN	3
dollars	NNS	1
domains	NNS	1
domestic	JJ	1
dominant	JJ	1
dominate	VBP	2
dominated	VBN	1
done	VBN	8
donor	NN	2
dorsal	NN	2
double-bounded	JJ	1
dr	NNP	1
dramatic	JJ	1
dramatically	RB	2
drawback	NN	1
drawn	VBN	1
drew	VBD	1
driven	VBN	1
drug	NN	1
drugs	NNS	3
dry	JJ	3
due	JJ	8
dupont	NNP	1
duration	NN	2
during	IN	17
dynamic	JJ	2
dysfunction	NN	1
díaz-	NNP	1
e	NNP	45	NN	1
e-ntpdase1	NN	2
e-ntpdase2	NN	1
e-ntpdase3	NN	1
e-ntpdases	NNP	1
e.g.	NN	4
e174	NN	2
each	DT	18
earlier	JJR	4	RBR	2
early	JJ	7	RB	5
easily	RB	1
ecg	NNP	2
echoed	VBN	1
ecl	NNP	1
ecological	JJ	6
ecology	NN	3
economic	JJ	1
ecto-	NN	2	NNP	1
ecto-mesenchyme	JJ	1
ectoderm	NN	4
ectodermal	NN	9
ectokinases	NNS	1
edta	NNP	1
education	NN	3
educational	NNP	1
eecc	NNP	2
effect	NN	25
effective	JJ	3
effectiveness	NN	1
effector	NN	3
effects	NNS	8
efficacy	NN	6
efficient	JJ	1
efficiently	RB	1
effort	NN	1
efforts	NNS	2
eg	NN	1
egr-1	NN	1
eicosanoid	NN	3
eicosanoids	NNP	1	NNS	1
eight	CD	1
either	CC	7	DT	2
elderly	JJ	2
electrocardiogram	NN	2
electrocardiographic	JJ	1
electrophoresis	NNS	2
electrophoretically	RB	1
elevated	JJ	2	VBD	1
elevation	NN	2
elicited	JJ	1
eligibility	NN	1
eligible	JJ	2
elsewhere	RB	2
eluted	JJ	1
embedded	VBN	1
embryo	NN	7
embryogenesis	NNS	1
embryonic	JJ	5
embryos	NNS	15	NNP	2
emergent	NN	2
emphasizes	VBZ	1
emphasizing	VBG	1
ena	NNP	4
ena-negative	NNP	1
ena-positive	NNP	1
enas	NNP	1
encode	NN	1
encodes	NNS	1
encoding	VBG	1
end	NN	5
endoderm	NN	4
endpoint	NN	5
endpoints	NNS	5
ends	VBZ	1
energy	NN	1
enough	RB	2
enrolled	VBD	2
enrollment	NN	2
ensure	VB	1
entire	JJ	3
entry	NN	1
envelope	NN	1
environmental	JJ	1
enzymatic	JJ	2
enzyme	NN	10
enzymes	NNS	5
epidemiologic	NNP	1
epidemiological	JJ	1
epidemiologist	NN	1
epidermal	NN	1
episode	NN	1
epithelial	NN	4	NNP	1
epithelium	NN	3
epr	NNP	32
eq	NN	3	NNP	1
equal	NNP	1	JJ	1
equally	RB	2
equations	NNS	1
equatorial	NN	26
equilibrated	JJ	1
equilibration	NNP	1
equitable	JJ	1
equivalents	NNS	1
error	NN	1
especially	RB	4
essential	JJ	1
est	NNP	1
establish	VB	1
established	VBN	4
ester	NN	1
estimate	VB	3
estimated	VBD	4	VBN	2
estimates	NNS	1
estimation	NN	1
et	CC	8
etc	FW	1
ethanol	NN	1
ether	NN	1
ethyl	NN	3
etiopathogenesis	NNS	1
europe	NNP	5
european	JJ	2
evaluate	VB	1
evaluated	VBN	2
evaluating	VBG	1
evaluation	NNP	2	NN	1
evaluations	NNS	3
evaporation	NN	3
even	RB	9
event	NN	1
events	NNS	15
every	DT	5
evgfp	NNP	10
evidence	NN	17
evidenced	VBN	2
evident	JJ	2
evolutionary	JJ	1
evolved	VBN	1
exact	JJ	1
exactly	RB	1
examination	NNP	1
examinations	NNS	1
examine	VB	4
examined	VBD	4	VBN	1
examining	VBG	1
example	NN	9
examples	NNS	2
example—the	NN	1
excellent	JJ	5
except	IN	5
excepting	VBG	1
exception	NN	1
excess	JJ	2
exchange	NN	1
excised	VBD	1
exclude	VB	1
excluded	VBN	3	VBD	2
excluding	VBG	1
exclusion	NN	1
exclusive	JJ	1
exercise	NN	1
exert	VB	1
existing	VBG	2
exists	VBZ	1
exocrine	NN	3
exocrinopathy	NN	2
exon	NN	1
expectancy	NN	2
expected	VBN	1
experienced	VBN	1
experiment	NN	1
experimental	JJ	1
experimentally	RB	1
experiments	NNS	6
explain	VB	5
explained	VBN	1
explaining	VBG	2
explanation	NN	3
explored	JJ	1
exposed	VBN	4
exposure	NN	2
expressed	VBN	12
expressing	VBG	1
expression	NN	50	NNP	7
extend	VB	1
extends	VBZ	2
extensive	NNP	1	JJ	1
extensively	RB	1
extra	JJ	1
extracellular	NN	2
extract	NN	1
extracted	VBD	1	VBN	1
extracting	VBG	1
extraction	NN	1
extractions	NNS	1
extrapolate	NN	1
extremely	RB	2
eyes	NNS	1
f	NN	9
f-	NNP	1
fact	NN	7
factor	NN	8
factors	NNS	23
facts	NNS	1
fading	VBG	1
fail	VBP	1
failure	NN	4
faintly	RB	1
fair	JJ	6	NNP	1
fairly	RB	1
falling	VBG	1
family	NN	1
far	RB	2
fashion	NN	1
fatal	JJ	1
fbs	NNP	3
fears	NNS	1
feature	NN	4
features	NNS	11
feel	VBP	2
felt	VBN	1
females	NNS	1
fernández-	NNP	1
fetal	JJ	1
few	JJ	2
fewer	JJR	2
fewest	JJS	2
fibers	NNS	2
fibroblast	NN	7
fibroblasts	NNS	39	NNP	2
fibrogenesis	NNS	1
fibrosis	NNS	4
fibrotic	JJ	5
field	NN	3
fields	NNS	2
fig	NNP	16
figure	NN	41
figures	NNS	2
film	NN	1
filters	NNS	2
filtration	NN	1
final	JJ	4
finally	RB	2
financial	JJ	1
find	VB	1
finding	NN	1
findings	NNS	17
finely	RB	1
first	JJ	10	RB	3	LS	2	CD	1
fisher	NNP	2
fit	NN	3	VB	1
fitted	JJ	2
five	CD	4
fixed	VBN	2
flat	JJ	1
floor	NN	1
flow	NN	2
fluoride	NN	1
focus	NN	1
focusing	VBG	1
fold	VB	2
folding	VBG	1
follow	VB	4
follow-up	JJ	7
followed	VBN	4
following	VBG	8
follows	VBZ	1
for	IN	239
forelimb	NN	6
foremost	RB	1
form	VB	1	NN	1
formaldehyde	NN	2
formamide	NN	5
formation	NN	4
former	JJ	5
formerly	RB	1
forums	NNS	1
found	VBN	16	VBD	15
four	CD	6
fourth	JJ	2
fractioned	JJ	1
fractions	NNS	1
framework	NN	1
free	JJ	7	NNP	2
frequently	RB	1
fresh	JJ	1
from	IN	132
frozen	VBN	4
fruitless	JJ	2
fulfill	VB	1
fulfilled	VBN	1
function	NN	20
functional	JJ	1
functionally	RB	3
functions	NNS	3
funding	NN	4	NNP	1
funds	NNS	2
further	JJ	7	RB	3	RBR	2	VB	1
furthermore	RB	5
future	JJ	4	NNP	1
g	SYM	15	NNP	5
g221	NN	1
g64	NN	1
gaba	NNP	18
gaba-mediated	NNP	2
gabaergic	NNP	1
gad	NNP	61
gain	NN	2	VB	1
gap	NN	1
gaps	NNS	1
gas	NN	2
gastrointestinal	NN	1
gdp	NNP	4
gel	NN	5
gender	NN	3
gene	NN	5
general	JJ	5	NNP	1
generalizability	NN	1
generate	VB	2
generated	VBN	2
generates	VBZ	2
genes	NNS	2
genetic	JJ	2
geoffrey	NNP	1
geographic	JJ	1
germ	NN	2
gestation	NN	1
ghz	NNP	1
gibbs	NNP	3
give	VBP	2
given	VBN	5
gizzard	NN	1
glamorous	JJ	1
gland	NN	4
glands	NNS	4
global	JJ	9	NNP	1
glomerular	NN	2
glutamate	NN	4	NNP	1
glycerol	NN	2
glycoprotein	NN	2
glycosaminoglycane	NN	1
go	VB	1
goal	NN	2
goldemberg	NNP	3
good	JJ	9
gradient	NN	1
gradual	JJ	2
graft	NN	3
grand	JJ	1
gravity	NN	1
greater	JJR	13
greatest	JJS	2
greatly	RB	1
gross	JJ	1
group	NN	37
groups	NNS	33
growth	NN	6
guidelines	NNS	6
guides	NNS	1
guiding	VBG	1
guidotti	NNP	1
h	NNP	6
h59	NN	1
had	VBD	46
half	PDT	1
hamamatsu	NNP	1
hampered	VBN	1
hand	NN	1
hard	JJ	1
harm	NN	2
harmful	JJ	1
hartwick	NNP	1
harvested	VBN	3
has	VBZ	35
have	VBP	39	VB	23
having	VBG	2
hb6	NN	1
hcl	NNP	2
hcv	NNP	6
hcv-infection	NN	1
hcv-patients	NNP	1
hdl	NNP	4
heading	VBG	1
healing	VBG	1
health	NN	29	NNP	4
health-related	JJ	1
healthier	JJR	1
healthy	JJ	18
heart	NN	6	NNP	3
heat	NN	1
height	NN	1
help	VB	2
hematological	JJ	1
hemostasis	NNS	1
hence	RB	4
heparin	NN	1
hepatic	JJ	4
hepatitis	NN	13	NNP	6
hepatocellular	NN	3
hepatomegaly	RB	2
hepatosplenomegaly	RB	1
hepatotoxic	JJ	1
hepes	NNP	1
hepes-tris	NNP	1
here	RB	10
herein	NN	1
heterogeneous	JJ	1
hf	NNP	1
hf-ipf	NNP	18
hf-nl	NNP	17
high	JJ	18
high-	NNP	1
high-dose	JJ	1
high-profile	JJ	1
higher	JJR	11
highest	JJS	1
highfive	NNP	1
highlighted	VBN	1
highly	RB	3
highway	NN	1
hindgut	NN	1
hindlimb	NN	2
hints	NNS	1
his	PRP$	1
histopathologic	JJ	1
histopathological	JJ	1
history	NN	2
hla	NNP	1
hmg	NNP	2
hold	VB	1
home	NN	1
honoraria	NN	1
horseradish	NN	1
hospital	NN	2
hospitalization	NN	2
hour	NN	2
hours	NNS	5
houseman	NNP	1
how	WRB	1
however	RB	18
hplc	NNP	2
hr	NNP	1
huge	JJ	1
human	JJ	4
humidified	JJ	1
hundred	CD	1
hyb	NNP	1
hybond-	NNP	1
hybridization	NN	14
hybridizations	NNS	2
hybridized	JJ	3
hydrochloride	NN	1
hydrogen	NN	2
hydrolysis	NNS	5
hydrolyze	NN	5
hydrolyzes	NNS	2
hydrolyzing	VBG	1
hydroxy-	NNP	1
hydroxyl	NN	7
hyperfine	NN	3
hyperplasia	NN	1
hypertension	NN	1
hypofunction	NN	1
hypothesize	NN	1
hypothesized	VBN	1
i	NNP	7	PRP	5
i.e.	NN	1
iberoamericana	NNP	1
ice	NN	3
identical	JJ	1
identified	VBN	3
identify	VB	1
idiopathic	JJ	2
ie	NN	2
if	IN	15
ifn	NNP	1
ifn-γ	NNP	1
ignored	VBN	1
ii	NNP	3
iib	NNP	2
iii	NNP	2
iiia	NNP	2
il	NNP	1
il-1β	NNP	13
il-1β-stimulated	NNP	2
immediately	RB	4
immune	JJ	2
immunobed	NNP	1
immunohistochemistry	NN	1
immunosuppressants	NNS	1
immunosuppressive	JJ	2
impact	NN	8	NNP	1
implicated	VBN	1
implications	NNP	1
implied	VBN	1
implies	VBZ	1
implying	VBG	1
importance	NN	1
important	JJ	26
impressive	JJ	1
improve	VB	2
improved	VBN	2
improvements	NNS	1
improving	VBG	1
in	IN	559
in-hospital	JJ	1
inappropriately	RB	1
inc.	NN	1
incidence	NN	6
include	VBP	6	VB	2
included	VBN	3	VBD	2
includes	VBZ	1
including	VBG	8
inclusion	NN	1
income	NN	3
incomplete	JJ	1
inconsistent	JJ	1
increase	NN	8	VB	4
increased	VBN	8	VBD	3	JJ	2
increases	NNS	3	VBZ	1
increasing	VBG	3
incremental	JJ	4
increments	NNS	1
incubated	JJ	10
incubating	VBG	1
incubation	NN	6	NNP	1
indeed	RB	4
independent	JJ	1
independently	RB	1
index	NN	4	NNP	1
indicadores	NNP	1
indicate	VBP	6	VB	1
indicates	VBZ	3
indicator	NN	1
indicators	NNS	1
individual	JJ	1
individuals	NNS	2
induced	VBD	1
inducer	NN	1
inducible	NNP	1
induction	NN	2
industrial	JJ	1
industrialized	JJ	1
inequalities	NNS	2
infarction	NN	14
infection	NNP	2	NN	2
infiltrating	VBG	1
infiltration	NN	1
inflammation	NN	4
inflammatory	JJ	4
influence	VB	1
influenced	VBN	1
information	NN	3	NNP	1
infra-orbital	JJ	1
inherent	JJ	1
inhibited	VBD	1
inhibiting	VBG	1
inhibition	NN	2
inhibitor	NN	1
inhibitors	NNS	3
inhibitory	NN	1
initially	RB	2
initiated	VBN	6	VBD	1
initiating	VBG	1
initiation	NN	2
injuries	NNS	1
innovations	NNS	1
inpatient	NN	1
input	NN	4
insect	NN	2
insensitive	JJ	1
inserts	NNS	1
insight	NN	1
instead	RB	1
institute	NNP	2
institution	NN	1
institutions	NNS	2
instructions	NNS	1
instrumental	JJ	1
instruments	NNP	2
intact	JJ	2
intake	NN	1
intense	JJ	1
intensifier	NN	1
intensities	NNS	2
intensity	NN	17
intention	NN	1
interaction	NN	4
interactions	NNS	1
interacts	NNS	1
interest	NN	2
interesting	JJ	2
interestingly	RB	2
interests	NNS	2	VBZ	1
interferon	NN	1
interferon-alpha	JJ	1
interleukin	NN	1
intermediate	JJ	5
intermediate-term	JJ	1
intermediates	NNS	1
intermittent	JJ	2
internal	JJ	3
international	JJ	6	NNP	1
interpolation	NN	1
interval	NN	3
intervals	NNS	3
intervention	NN	1
interventions	NNS	7
interview	NN	2
into	IN	8
intriguing	JJ	1
introducing	VBG	1
introduction	NNP	2
invaginate	NN	1
invasive	JJ	1
inverse	NN	1
invest	VB	2
invested	VBN	6
investigate	VB	1
investigated	VBN	1
investigators	NNS	1
investment	NN	8
invitrogen	NNP	1
involved	VBN	5
involvement	NN	7
involving	VBG	1
ion	NN	1
ionization	NN	1
ions	NNS	1
ipf	NNP	24
irreversible	JJ	1
is	VBZ	162	NNS	1
ischemia	NN	4	NNP	2
ischemic	JJ	1
isi	NNP	3
islets	NNS	1
isoform	NN	1
isoforms	NNS	2
isopropyl	NNP	1	NN	1
isotope	NN	1
issue	NN	1
it	PRP	55
its	PRP$	11
itself	PRP	2
iv	NNP	1
j.j.	NN	1
journals	NNS	22
juricic	NNP	1
just	RB	2
k.	NN	1
kcl	NNP	3
kda	NN	1
keerthisingam	NNP	2
keratoconjunctivitis	NNS	2
key	JJ	1
kidney	NN	4
kilograms	NNS	1
kinase	NN	3
knockout	NN	1
knowledge	NN	1
known	VBN	8
kodak	NNP	1
kofi	NNP	1
kumar	NNP	1
la	NNP	2
labeled	JJ	1
labeling	VBG	1
labial	NN	4
laboratory	NN	2
lachrymal	NN	1
lack	NN	3
lacked	VBD	1
lacz	NN	1
lane	NN	1
large	JJ	10	RB	1
largely	RB	2
larger	JJR	1
largest	JJS	1
last	JJ	3
late	JJ	1
later	RB	4
lateral	NN	3
latest	JJS	1
latin	NNP	32
latter	JJ	1
lawn	NNP	1
layers	NNS	2
ldl	NNP	6
lead	NN	1
leading	VBG	1
least	JJS	3
leaving	VBG	1
left	VBN	1	VBD	1
leica	NNP	1
lengthy	JJ	1
lens	NN	3
lesions	NNS	2
less	RBR	3	JJR	1
leupeptin	NN	1
level	NN	8
levels	NNS	14
level—previous	JJ	1
lft	NNP	3
lfts	NNP	7
life	NN	19
life-years	JJ	2
life—they	NN	1
ligand	NN	3
ligands	NNS	18
light	NN	2	JJ	1
like	IN	7
likely	JJ	14	RB	2
limb	NN	7
limbs	NNS	2
limit	NN	1
limitations	NNS	5	NNPS	1
limited	JJ	3
limits	NNS	1
linear	JJ	2
lines	NNS	2
linked	VBN	3	VBD	1
lion	NN	1
lipid	NN	5
lipid-lowering	JJ	9
lipid-lowing	JJ	1
lipoprotein	NN	4
liquid	JJ	3
list	NN	1
listed	VBN	3
lists	NNS	1
little	JJ	5
lived	VBD	1
liver	NN	59	NNP	3
living	NN	2	VBG	1
loaded	VBN	1
loading	NN	3
local	JJ	1
localized	JJ	4	VBN	2
locally	RB	1
long	JJ	2	NNP	1
long-term	JJ	2
longer	RB	3	RBR	2
longitudinal	NN	1
look	VB	1	NN	1
looking	VBG	1
lose	VB	1
loss	NN	11
lost	VBD	8	VBN	2
louis	NNP	1
low	JJ	14
lower	JJR	15	RBR	1	VB	1
lowering	NNP	2	VBG	2
lowermost	NN	1
luminol	NN	1
lung	NN	23	NNP	2
lungs	NNS	8
lymphocytes	NNS	3
lymphocytic	JJ	2
lysine	NN	2
lyzed	JJ	2
m	NNP	3	NN	3
ma	NNP	1
macroscopically	RB	1
made	VBN	4	VBD	1
magnetic	JJ	2
magnitude	NN	1
mail	NN	1
main	JJ	1
mainly	RB	1
mainstream	NN	1
maintained	VBN	2
major	JJ	5
majority	NN	2
make	VB	3	VBP	1
makes	VBZ	2
making	VBG	2
males	NNS	2
malnutrition	NN	1
mammals	NNS	1
manifestations	NNS	4
mann	NNP	1
manner	NN	2
manthorpe	NNP	1
manufacturer	NN	2
many	JJ	19
marginally	RB	1
markers	NNS	7	NNP	1
mass	NN	4
matched	VBD	1
material	NN	1
materials	NNS	4
matrix	NN	2
mature	VBP	1
maxillary	JJ	3
maximal	NN	1
maximum	NN	2
may	MD	25	NNP	4
mean	NN	12	VB	5	JJ	3
means	VBZ	2	NNS	1
measure	NN	12	VB	1
measured	VBN	8
measurement	NN	2	NNP	1
measurements	NNS	1
measures	NNS	8
measuring	VBG	3
mechanical	JJ	1
mechanism	NN	7
mechanisms	NNS	3
media	NNS	3
median	JJ	1
medians	NNS	1
mediated	JJ	1
medicare	NNP	1
medication	NN	1
medications	NNS	2
medium	NN	3
meet	VB	1
meetings	NNS	2
megaprime	NNP	1
member	NN	1
members	NNS	1
membrane	NN	4
membranes	NNS	2
men	NNS	20	NN	1
mention	VBP	2	VB	1
mentioned	VBN	4	VBD	1
merck	NNP	2
merely	RB	2
mesangial	NN	2
mesenchymal	NN	1
mesenchyme	NN	11
mesoderm	NN	2
metabolite	NN	4
metabolites	NNS	2
metal	NN	7
metal-	NN	2
metal-ligands	JJ	1
metals	NNS	2
meters	NNS	1
methanol	NN	1
method	NN	3
methodology	NN	1
methods	NNS	5	NNP	3
methoxamine	NN	1
methoxime	NN	1
methylgluatryl	NN	1
mg	NN	11	NNP	6
mhz	NNP	8
mi	NNP	1
mice	NNS	3
microscope	NN	1
microscopically	RB	1
might	MD	13
migration	NN	1
milk	NN	1
million	CD	1
millipore	NNP	1
min	NN	11
min.	NN	5
minimal	JJ	1
minor	JJ	1
minus	CC	3
minutes	NNS	8
miracl	NNP	11
miracles	NNP	1
miraculous	NNP	2
misinterpreted	VBN	1
missed	VBN	1
missing	VBG	2
mitogenic	JJ	3
mix	NN	1
mixed	JJ	4	VBN	1
mixing	VBG	1
mixture	NN	1
ml	NN	9
mm	NN	21
mn	NNP	1
mo	NNP	1
model	NN	3
models	NNS	1
moderately	RB	3
modestly	RB	1
modification	NN	3
modifications	NNS	1
modified	VBN	2
modulate	VBP	3
molar	NN	3
molecular	JJ	1
molecule	NN	2
molecules	NNS	6
money	NN	5
monomer	NN	1
month	NN	1
months	NNS	8
mops	NNP	2
morbidity	NN	3
more	RBR	25	JJR	18
moreover	RB	1
morning	NN	1
morphogenesis	NNS	1
mortality	NN	10
most	JJS	9	RBS	9
most-cited	JJ	1
motility	NN	1
mount	VB	5
mounts	VBZ	1
mouse	NN	12
mouth	NN	1
mr	NNP	5
mrna	NN	8
much	RB	8	JJ	1
much-quoted	JJ	1
multiple	JJ	3
muscle	NN	9
must	MD	1
mutagenesis	NNS	1
mutants	NNS	2
mutated	VBN	1
mutation	NN	2	NNP	1
mutations	NNP	1	NNS	1
mutually	RB	1
myocardial	NN	17	NNP	2
mystacial	NN	2
mzfl	NNP	1
n	NN	11	NNP	1
n,o-bis	NNP	2
nacl	NNP	3
nasal	NN	3
national	NNP	1	JJ	1
nations	NNPS	3	NNS	3
nature	NNP	4	NN	3
nearly	RB	2
necessarily	RB	1
need	NN	4	VBP	2	VB	1
needed	VBN	2
negative	JJ	1
neglected	VBN	1
nen	NNP	1
neocortex	NN	1
nervous	JJ	4
neural	NN	4
neuron	NN	2
neuronal	NN	1
neurons	NNS	1
neurotransmitter	NN	1
neutral	JJ	1
never	RB	3
nevertheless	RB	2
new	JJ	1
newer	JJR	2
next	RB	1	JJ	1
nf-κb	NNP	2
ng	NN	7
nh	NNP	2
nhlbi	NNP	2
nickel	NN	1
nitrocellulose	NN	1
nitrogen	NN	7
nj	NNP	1
nl	NNP	1
nm	NN	1
no	DT	23	RB	2
nodular	NN	1
nomenclature	NN	1
non-	NN	9
non-exocrine	JJ	8
non-fatal	JJ	3
non-hydrolysable	JJ	2
non-hydrolyzable	JJ	1
non-neural	JJ	5
non-pharmacologic	JJ	1
non-significant	JJ	1
non-smoking	JJ	1
nondeuterated	JJ	1
none	NN	4
nonfatal	NN	1
nonfibrotic	JJ	1
nonsynaptic	JJ	1
normal	JJ	35	RB	2
normal-weight	JJ	1
normalized	JJ	1
normals	NNS	1
normative	JJ	1
north	NNP	5	JJ	1
northern	NNP	1	JJ	1
nose	NN	1
not	RB	93
notable	JJ	1
note	VB	1
noted	VBN	1
noteworthy	JJ	1
noting	VBG	2
notochord	NN	2
notoriously	RB	1
novel	NN	3
now	RB	1
nsaids	NNP	1
ntpdases	NNP	8
nucleoside	NNP	1
nucleotidase	NNP	2	NN	2
nucleotide	NN	11
nucleotide-binding	JJ	1
nucleotides	NNS	5	NNP	1
null	NN	1
number	NN	43
numerous	JJ	1
nylon	NN	1
o	NNP	3
obese	NN	10
obesity	NN	8
objective	NN	4
observational	NN	1
observed	VBD	6	VBN	5
obstacle	NN	1
obtained	VBN	7	VBD	1
obvious	JJ	1
occasion	NN	1
occupies	VBZ	1
occurred	VBD	5	VBN	1
occurrence	NN	2
occurs	VBZ	1
of	IN	747
offset	VBN	1
often	RB	4
oh	NNP	1
old	JJ	1
older	JJR	23
olfactory	NN	3
olympus	NNP	1
on	IN	67
once	RB	5
oncogenes	NNS	1
one	CD	38	PRP	2
ongoing	JJ	1
only	RB	38	JJ	1
onset	NN	2
open	JJ	2	NN	1
openlab	NNP	1
operating	VBG	1
opportunities	NNS	1
opposed	VBN	1
opposing	VBG	1
optimal	NNP	1	NN	1
optimistic	JJ	2
or	CC	103
oral	JJ	1
order	NN	4
organization	NNP	2
organs	NNS	3
oriented	VBN	2
origin	NN	1
osteo-arthritis	JJ	1
otc	NNP	1
other	JJ	42
others	NNS	4
otherwise	RB	1
our	PRP$	19
ours	PRP	1
out	IN	8	RB	1
out-published	JJ	1
outcome	NN	7
outgrowth	NN	1
outpacing	VBG	1
output	NN	4
outside	IN	7
outstanding	JJ	1
over	IN	11	JJ	1
over-adjustment	JJ	2
over-the-counter	JJ	1
overall	JJ	2	RB	1
overhead	NN	1
overlap	VB	3
overlooked	VBN	1
overnight	JJ	5
overweight	NN	13
overwhelming	JJ	3
oviduct	NN	1
oxygen	NN	9
oxygens	NNS	4
p	NN	13
p-	NNP	1
pain	NN	1
palate	NN	6
panama	NNP	1
pancreatic	JJ	1
paper	NN	2
papers	NNS	1
paracrine	NN	1
paraformaldehyde	NN	1
parallel	JJ	6	RB	1
parameters	NNS	1
paraxial	NN	2
part	NN	3
partial	JJ	1
partially	RB	2
participants	NNS	2
particular	JJ	2
particularly	RB	10
passage	NN	3
passages	NNS	2
passed	VBN	2
passive	JJ	1
past	JJ	1
pathogenesis	NNS	4
pathologic	JJ	1
pathology	NN	2
pathway	NN	2
patient	NN	7
patients	NNS	86
pattern	NN	10
patterning	VBG	1
patterns	NNS	1
pbc	NNP	2
pbc-type	NNP	1
pbs	NNP	2
pdgf	NNP	1
peak	NN	4
peers	NNS	2
pellets	NNS	2
penicillin	NN	1
pentafluorobenzyl	NN	2
people	NNS	3
pepstatin	NN	1
per	IN	10
percent	NN	2
percentage	NN	3
perception	NN	2
perchloroacetic	JJ	1
percutaneous	JJ	3
performed	VBN	10	VBD	1
perhaps	RB	1
pericholangial	NN	1
period	NN	4
peripheral	JJ	1
permit	VB	1
peroxidase	NN	1
perpendicular	NN	2
perpetuating	VBG	1
persistent	JJ	2
persists	VBZ	1
person	NN	7
persons	NNS	15
pfizer	NNP	1
pg	NNP	4
pge	NNP	17
pgf	NNP	6
pgi	NNP	13
pgs	NNP	3
ph	NN	10
ph3.8	NN	1
ph4.95	NN	1
ph7.0	NN	1
ph7.5	NN	2
ph8.0	NN	1
pharmacia	NNP	2
pharmacologic	JJ	1
pharyngeal	NN	9
phase	NN	2
phenomenon	NN	1
phenotype	NN	3
phenotypic	JJ	2	NNP	1
phenotypical	JJ	2
phenotypically	RB	1
phenylmethylsulphonyl	NN	1
phosphate	NN	7
phosphates	NNS	6
phosphorylated	JJ	1
photographed	VBN	1
phtotographed	JJ	1
physiologic	JJ	1
physiological	JJ	2
pi	NNP	1
picked	VBD	1
picture	NN	1
pioneering	JJ	1
pit	NN	2
placebo	NN	6
placebo-controlled	JJ	3
placebo-treated	JJ	2
placed	VBN	1
placodes	NNS	7
planned	VBN	2
plaque	NN	1
plastic	NN	1
plasticity	NN	1
plate	NN	1
platelet	NN	3
plates	NNS	3
plays	VBZ	2
please	VB	1
plot	NN	1
plotted	VBD	2
plug	NN	1
plus	CC	3
po	NNP	2
point	NN	2
pointed	VBN	1
points	VBZ	1
policies	NNS	1
polyclonal	NN	1
polysciences	NNP	1
pooled	VBN	1
poor	JJ	6
population	NN	9
population-based	JJ	2
populations	NNS	2
portion	NN	3
positive	JJ	7	NN	1
positively	RB	1
positivity	NN	1
possibility	NN	6
possible	JJ	12
post-oral	JJ	1
post-transcriptional	JJ	2
post-viral	JJ	2
posterior	NN	3
postnatal	NN	1
potato	NN	1
potent	JJ	1
potential	JJ	4	NN	1
potentially	RB	1
potentiated	JJ	1
pouch	NN	3
pouches	NNS	2
pounds	NNS	3
powdered	JJ	1
power	NN	1
powered	VBN	1
powerful	JJ	1
practice	NN	1
pravastatin	NNP	2	NN	1
pre-	NN	2
pre-apical	JJ	2
precipitate	NN	1
precipitated	VBD	1
precipitation	NN	1
preconditioned	JJ	1
predicted	VBD	1
predictive	JJ	1
prednisone	NN	1
predominance	NN	1
predominant	NN	2
prehybridization	NNP	1
preliminary	JJ	1
premature	JJ	1
preparation	NNP	1	NN	1
prepared	VBN	1
prepsep	NNP	1
presence	NN	18	NNP	1
present	JJ	11	VB	2	NN	1
presented	VBN	6
presents	VBZ	1
pressure	NN	1
presumably	RB	3
prevalence	NN	10
prevalent	JJ	3
prevent	VB	1
prevented	VBN	1
prevention	NN	6
previous	JJ	11
previously	RB	7
prewarmed	JJ	1
primarily	RB	2
primary	JJ	16
primed	VBN	1
prior	RB	1
priority	NN	1
probable	JJ	1
probably	RB	8
probe	NN	9
probes	NNS	1
problem	NN	1
problems	NNS	2
procedure	NN	1
proceeded	VBD	1
process	NN	3
processed	VBN	1
processes	VBZ	4	NNS	1
procollagen	NN	1
produce	VB	3
produced	VBD	5	VBN	3
producing	VBG	1
product	NN	3
production	NN	25
productive	JJ	1
productivity	NN	8	NNP	1
products	NNPS	1	NNS	1
profibrotic	JJ	2
profiles	NNS	1
progenitor	NN	1
progenitors	NNS	3
prognostic	JJ	1
program	NN	1
programs	NNS	3
progression	NN	1
proinflammatory	NN	1
proliferation	NN	13
prolonged	JJ	2
prominence	NN	1
prominent	JJ	1
promote	VB	2
pronounced	JJ	1
properly	RB	1
properties	NNS	2
proportion	NN	11
proportional	JJ	3
proportionally	RB	1
proposed	VBN	4	VBD	2
prostacyclin	NN	3
prostaglandin	NNP	1	NN	1
prostanoid	NN	1
prostanoids	NNP	2	NNS	1
protection	NNP	1
protein	NN	10	NNP	1
proteins	NNS	6
prothrombotic	JJ	1
proto	JJ	1
protocol	NN	2
prove	NNP	2
proven	VBN	2
provide	VB	6	VBP	1
provided	VBN	1
proximal	NN	4
ptca	NNP	2
publication	NN	5
publications	NNS	41
published	VBN	4
publishing	NN	3	NNP	2	VBG	2
pulmonary	JJ	3
purchased	VBN	2
purging	VBG	1
purified	JJ	7
push	NN	1
pyridine	NN	3
pyruvate	NN	2
q	NNP	1
q-	NNP	6
qaly	NNP	1
qiagen	NNP	1
qpowa	NNP	2
quality	NN	3
quality-adjusted	NNP	1	JJ	1
quantification	NN	1
quantified	VBN	2
quaternary	JJ	1
question	NN	6
questionnaire	NN	1
quick	NNP	1
quiescent	JJ	1
quite	RB	1
quo	NN	1
rabbit	NN	1
race	NN	5
rainin	NNP	1
random	JJ	2
randomized	JJ	5
randomizing	VBG	1
range	NN	6
ranges	NNS	3
ranging	VBG	2
rapid	JJ	1
rapidly	RB	1
rare	JJ	1
rarely	RB	1
rate	NN	7
rather	RB	11
ratio	NN	17
ratios	NNS	1
rats	NNS	1
reach	VB	1
reached	VBN	2
reaching	VBG	1
reaction	NN	1
reactions	NNS	3
read	VBP	1
readily	RB	2
reagent	NN	1
reagents	NNP	1	NNS	1
realized	VBN	1
reason	NN	2
reasonably	RB	1
reasoned	VBD	1
reasons	NNS	4	VBZ	1
receive	VB	2
received	VBN	3
receiving	VBG	2
recent	JJ	9
recently	RB	8
receptor	NN	3
receptors	NNS	4
recombinant	JJ	1
recommendations	NNP	1	NNS	1
recommended	VBD	1	VBN	1
recruited	VBN	2
recruits	VBZ	1
rectangular	JJ	1
recurrent	JJ	3
red	NNP	1
reduce	VB	2
reduced	VBN	1	VBD	1
reducing	VBG	1
reductase	NN	1
reduction	NN	3	NNP	2
reductions	NNS	3
reference	NN	2
referral	NN	1
referred	VBD	1
reflect	VB	1
reflecting	VBG	1
reflects	VBZ	1
regarding	VBG	2
regardless	RB	1
regenerative	JJ	1
region	NN	13
regional	JJ	2
regions	NNS	17
registered	VBN	1
regressed	JJ	1
regression	NN	2
regulate	VB	1
regulated	VBN	2
regulation	NN	3
regulators	NNS	2
rehospitalization	NN	4
related	VBN	5
relation	NN	2
relationship	NN	3
relationships	NNS	1
relative	JJ	11
relatively	RB	5
release	VB	2
released	VBN	1
releases	NNS	3	VBZ	1
relevant	JJ	2
remain	VBP	1
remained	VBD	1
remaining	VBG	2
remains	VBZ	2
remarkable	JJ	1
remove	VB	2
removed	VBN	3
renal	JJ	1
render	VB	1
renewable	JJ	1
repair	NN	1
repeated	VBN	2	VBD	1
replace	VB	1
replaced	VBN	1
replaces	VBZ	2
report	VBP	4	NN	2
reported	VBD	13	VBN	7
reports	NNS	3
represent	VBP	1
represented	VBD	2
representing	VBG	1
represents	VBZ	2
require	VB	4
required	VBN	6	VBD	1
requires	VBZ	3
research	NN	24	VB	1	NNP	1
researcher	NN	3
researchers	NNS	8
resembles	VBZ	1
residual	JJ	1
residue	NN	1
residues	NNS	3	NNP	1
resin	NN	1
resolved	VBN	1
resources	NNS	2
respect	NN	1
respectively	RB	19
respond	VBP	1	VB	1
response	NN	3
rest	NN	3
restenosis	NNS	1
result	NN	7	VB	2
resulted	VBD	2
resulting	VBG	3
results	NNS	39	VBZ	1
resuscitated	JJ	3
resuspended	JJ	3
retrospective	NN	1
revascularization	NN	8
reveal	VB	2
revealed	VBD	3
reveals	VBZ	1
reversible	JJ	1
review	NN	3
reviewed	VBN	1
rheumatoid	NN	1
rhinal	NN	2
rica	NNP	1
richer	JJR	1
ricyt	NNP	4
riddoch	NNP	1
ridge	NN	3
right	JJ	1	NN	1
rise	NN	2
risk	NN	27	VB	1
risk-factor-attributable	JJ	1
risks	NNS	6
rna	NNP	14
rnase	NNP	3
rneasy	NNP	1
rnp	NNP	2
ro	NNP	3
road	NNP	1	NN	1
robust	JJ	2
rodent	NN	1
rodgers	NNP	2
role	NN	10
roles	NNS	1
room	NN	7
rose	NNP	1
row	NN	1
rows	NNS	3
rr	NNP	5
s-	NNP	1
s218	NN	5
safe	JJ	1
safety	NN	3
salaries	NNS	1
saline	NN	1
salivary	JJ	7
salt	NN	1
same	JJ	6
sample	NN	15
samples	NNS	2
saved	VBN	1
sax	NNP	1
saying	NN	1
scale	NNP	1	NN	1
scd	NN	1
scd39	NN	35
scheduled	JJ	1
sci	NNP	6
science	NN	13	NNP	5
sciences	NNS	3
scientific	JJ	41	NNP	4
scientist	NN	1
scientists	NNS	8
scissors	NNS	1
sclerosing	VBG	1
sclerosis	NN	1
scope	NN	1
score	NN	2
screen	NN	1
sds	NNP	3
sds-page	NNP	1
search	NN	1
second	JJ	8
secondary	JJ	12
seconds	NNS	1
secretary-	NNP	1
secretion	NN	2
section	NN	2
sectioned	JJ	1
sectioning	VBG	1
sections	NNP	4	NNS	2
sedimentation	NN	2
see	VB	1
seen	VBN	12
selection	NN	2
self-image	JJ	1
self-rated	JJ	2
self-reported	NNP	1
senescence	NN	1
sense	NN	4
sensitive	JJ	4
sensitivity	NN	1
sentiments	NNS	1
separate	JJ	1
separated	VBN	3
separately	RB	2
separating	VBG	1
separation	NN	1
sequence	NNP	1	NN	1
sera	NN	1
series	NN	1
serious	JJ	3
serological	JJ	4
serum	NN	9
serve	VBP	4	VB	1
serves	VBZ	2
set	VBN	5	NN	3
sets	NNS	4
setting	NN	4	VBG	3
seven	CD	3
several	JJ	11
severe	JJ	1
severely	RB	1
severity	NN	2
sex	NN	5
sexes	NNS	1
share	VBP	2	NN	2
shift	NN	2
shock	NN	1
short	JJ	2
short-term	JJ	3
shorter	JJR	2
shortly	RB	1
should	MD	10
show	NN	4	VBP	3	VB	1
showed	VBD	7
showing	VBG	1
shown	VBN	32
shows	VBZ	4
shying	VBG	1
sialadenitis	NNS	1
sicca	NN	4
side-chain	JJ	1
sigma	NNP	2
signal	NN	7
signaling	VBG	6
signals	NNS	6
significance	NN	2
significant	JJ	20
significantly	RB	20
signs	NNS	1
similar	JJ	31
similarities	NNS	1
simple	JJ	2
simpler	JJR	1
simulation	NN	1
simulations	NNP	1
simultaneously	RB	1
simvastatin	NN	5
since	IN	24
single	JJ	3
site	NN	10
sites	NNS	10
situ	NN	9
situations	NNS	1
six	CD	3
sixth	JJ	1
size	NN	12
sizes	NNS	8
sjögren	NNP	6
slightly	RB	2
slowly	RB	1
small	JJ	10
smaller	JJR	2
smokers	NNS	2
smoking	NN	6
smooth	JJ	7
so	RB	8
social	JJ	1
sodium	NN	1
software	NN	1
solubilization	NN	1
soluble	JJ	8	NNP	2
solution	NN	7
solutions	NNS	1
solved	VBN	1
solvent	JJ	2
some	DT	14
sometimes	RB	1
somewhat	RB	3
sonicated	JJ	1
soon	RB	2
sort	NN	1
sought	VBN	4	VBD	1
sources	NNS	4
south	NNP	1
speaker	NN	2
specialized	JJ	2
species	NNS	50
specific	JJ	4
specifically	RB	5
spectra	NN	5
spectrometer	NN	1
spectrometry	NN	1
spectroscopic	JJ	1
spectrum	NN	15
speeding	VBG	1
spent	VBN	1
spinal	JJ	1
spliced	JJ	1
splicing	VBG	1
split	NN	1
splitting	NN	2
spot	NNP	1
square	NN	1
squared	JJ	1	VBD	1
ss	NNP	41
ssc	NNP	5
st	NNP	2
stability	NN	1
stable	JJ	11
stacking	VBG	1
stage	NN	6
stages	NNS	1
staining	VBG	3
standard	JJ	4
standards	NNS	4
started	VBN	1
state	NN	1
states	NNPS	18
statin	NN	9
statin-mediated	JJ	1
statins	NNS	9
statistical	NNP	2	JJ	2
statistically	RB	5
statistics	NNS	1
status	NN	3
stem	VB	1	NN	1
stems	VBZ	1
sterile	JJ	1
still	RB	5
stimulate	VB	1
stimulated	VBN	10
stimulates	NNS	2
stimulation	NN	4
stimulus	NN	3
stirring	VBG	1
stock	NN	1
stop	NN	1
stopped	VBN	1
stored	VBD	1
strand	NN	2
stratagene	NNP	1
stratalinker	NNP	1
strategies	NNS	1
strategy	NN	2
streptomycin	NN	1
stressed	VBD	1
strikingly	RB	1
stringency	NN	2
stringent	JJ	1
stripe	NN	2
stroke	NN	3
strong	JJ	5
strongest	JJS	1
strongly	RB	2
structure	NN	3
structures	NNS	5
studied	VBN	7	VBD	1
studies	NNS	28	NNPS	1
study	NN	29	NNP	4	VB	2	VBP	1
studying	VBG	1
sub	NN	1
subclinical	JJ	1
subcontinents	NNS	1
subgroup	NN	3
subgroups	NNS	1
subject	JJ	1
subjected	VBN	1
subjects	NNS	12	NNP	1
submental	NN	2
subregions	NNS	1
subsequent	JJ	2
subsets	NNS	1
substantial	JJ	4
substantive	JJ	1
substantively	RB	1
substitute	VB	2
substitution	NNP	1
substrate	NN	2
substrates	NNS	2
subunit	NN	2
subunits	NNS	1
subventricular	NN	1
successful	JJ	1
successfully	RB	1
such	JJ	18
sudden	JJ	3
sugar	NN	1
suggest	VBP	10	VB	3
suggested	VBN	5	VBD	1
suggesting	VBG	6
suggests	VBZ	8
sulfate	NN	1
summarizes	NNS	1
superfamily	RB	1
superiority	NN	2
supernatant	NN	2
supernatants	NNS	2
superose-12	NN	1
supported	VBN	2
supporting	VBG	1
supra-orbital	JJ	1
surely	RB	1
surface	NN	5
surgery	NN	1
surgical	JJ	1
surprising	JJ	2	VBG	1
surprisingly	RB	1
surrounding	VBG	1
surveyed	VBD	1
survival	NN	5
surviving	VBG	1
swap	NN	1
swinbanks	NNP	1
swiss	NNP	1
symptomatic	JJ	2
symptoms	NNS	1
syndrome	NN	19
syndromes	NNS	3
synthesis	NN	6
synthetase	NN	2
system	NN	5
systemic	JJ	6
systolic	JJ	1
t	NN	13
t-tests	JJ	2
t.	NN	2
table	NNP	12
tables	NNP	1
tail	NN	6
tailbud	NN	4
take	VB	1
takes	VBZ	1
taking	VBG	1
target	NN	2	VB	1
targeted	VBN	2	NNP	1
targets	NNS	2
tbs	NNP	1
te102	NN	1
technical	JJ	2
technology	NN	1
tecnología	NNP	1
telephone	NN	1
tell	VB	1
temperature	NN	7
temporal	JJ	1
ten	CD	2
tended	VBD	1
tendency	NN	1
tends	VBZ	1
tensors	NNS	4
terms	NNS	1
tertiary	JJ	3
test	NN	5
tested	VBN	2	VBD	1
testis	NNS	1
tests	NNS	15	VBZ	2
tgfβ	NNP	4
than	IN	47
that	IN	123	WDT	46	DT	34
thawed	JJ	3
the	DT	1037
their	PRP$	18
them	PRP	6
themselves	PRP	1
then	RB	14
theoretical	JJ	2
therapy	NN	19	NNP	2
there	EX	28
thereafter	RB	1
therefore	RB	2
these	DT	60
they	PRP	12
thickness	NN	1
think	VBP	1
third	JJ	4	NNP	2
thirds	NNS	1
this	DT	73
thoroughly	RB	1
those	DT	31
though	IN	2
thought	VBN	1
thousand	CD	1
three	CD	16
thromboxane	NN	3	NNP	1
through	IN	7
throughout	IN	7
thus	RB	7
thyroid	NN	1
time	NN	10	NNP	1
times	NNS	3
tissue	NN	4
tissues	NNS	16
tlc	NNP	1
tnf-α	NNP	2
tnf-α-stimulated	NNP	1
to	TO	327
tobacco	NN	3
together	RB	1
too	RB	1
took	VBD	1
top	JJ	20
top-ranked	JJ	1
torula	NN	1
total	JJ	8	NN	2
tough	JJ	1
towards	IN	3
toxic	JJ	1
toxicity	NN	1
traditional	JJ	1
transaminase	NN	1
transbronchial	NN	1
transcript	NN	2
transcription	NN	1
transcripts	NNS	6	NNP	2
transfected	JJ	1
transfer	NN	2
transferred	VBN	4
transforming	VBG	1
transgenes	NNS	1
transgenic	NNP	1
transient	JJ	1
transitions	NNS	6
translation	NN	1
translational	NN	1
translocation	NN	1
transluminal	NN	2
transplant	NN	2
transplantation	NN	3
transplanted	VBN	1
travel	VB	1	NNP	1
treated	VBN	6
treatment	NN	14
trend	NN	3
trends	NNS	3	NNP	1
trial	NN	11
trials	NNS	20	NNP	2
trifluoroacetamide	NN	2
triglyceride	NN	1
trimethylsilyl	NN	4
triphosphate	NN	1
tris	NNP	3
tris-	NNP	2
tris-hcl	NNP	1
troubling	JJ	1
true	JJ	2
truncated	JJ	1
trypsin	NN	1
tsianos	NNP	1
tube	NN	2
tubes	NNS	2
turned	VBD	1
tween	NNP	3
twice	RB	2
two	CD	48
two-thirds	NNS	1
tx	NNP	2
txa	NNP	13
txb	NNP	11
type	NN	5
types	NNS	9
typically	RB	1
ultimately	RB	1
unbalanced	JJ	1
unbiased	JJ	1
uncertain	JJ	1
unchanged	JJ	2
unclear	JJ	2
uncommon	JJ	1
unconcerned	JJ	1
under	IN	4
undergo	VBP	1
undergone	VBN	1
underlying	VBG	2
underrepresented	JJ	1
understand	VB	1
understanding	NNP	1
undertaken	VBN	2
underweight	NN	15	NNP	2
underwent	VBD	3
undetectable	JJ	1
undoubtedly	RB	1
unequivocally	RB	1
unesco	NNP	4
unethical	JJ	1
unexplained	JJ	1
unfortunately	RB	1
unhealthy	JJ	5
unintended	JJ	4
unintentionally	RB	1
unique	JJ	2
united	NNP	21
units	NNS	3
universal	JJ	1
universally	RB	1
unlike	IN	1
unlikely	JJ	2	RB	1
unpublished	JJ	1
unreliable	JJ	1
unsafe	JJ	1
unspecific	JJ	1
unstable	JJ	9
unstimulated	JJ	2	NNP	1
until	IN	3
unusual	JJ	1
up	RB	4	RP	1
upon	IN	1
upper	JJ	1
uppermost	NN	1
upregulated	JJ	1
upregulates	NNS	1
upregulation	NN	2
upwards	NNS	1
urgently	RB	2
ursodeoxycolic	JJ	1
uruguay	NNP	1
us	NNP	1	PRP	1
use	NN	5
used	VBN	13	VBD	6
using	VBG	28
utilization	NN	2
utp	NNP	1
uv	NNP	1
v	NNP	8
v-	NNP	1
vaginal	JJ	1
validated	JJ	1
value	NN	4
values	NNS	8
vanadate	NN	1
vanadyl	NNP	4	NN	2
vancheri	NNP	1
variability	NN	1
variable	JJ	2	NN	1
variables	NNS	4
variance	NN	1
varies	VBZ	1
variety	NN	1
various	JJ	2
vary	VBP	1
vascular	NN	5
vasculature	NN	1
ventral	NN	1
ventrally	RB	1
ventricular	NN	3
versus	CC	11
very	RB	14
vessel	NN	1
vessels	NNS	1
via	IN	2
vibrissae	NN	12
vibrissal	NN	3
vigorous	JJ	1
viral	JJ	4
virtually	RB	2
virus	NN	6
viruses	NNS	1
visit	NN	1
visual	JJ	1
vitro	NN	4
vivo	NN	3
vo	NNP	72
vohora	NNP	2
vol	NN	4
volume	NN	1
vs.	NN	5
w	NNP	1
w187	NN	1
w459	NN	1
warrant	NN	1
was	VBD	161
wash	NN	3	VB	2
washed	VBN	6
washing	VBG	2
water	NN	7
wave	NN	6
waves	NNS	1
way	NN	2
ways	NNS	1
we	PRP	65
weak	JJ	2
webster	NNP	1
week	NN	1
weeks	NNS	6
weight	NN	30	NNP	1
weight-loss	JJ	1
well	RB	14
well-established	JJ	1
well-known	JJ	1
were	VBD	163
western	JJ	2
westmoreland	NNP	1
whaley	NNP	1
what	WP	2
when	WRB	33
where	WRB	3
whereas	IN	2
whether	IN	9
which	WDT	39
while	IN	22
white	JJ	5
whites	NNS	5	NNP	1
whitney	NNP	1
who	WP	31
whole	JJ	6	NN	2
whom	WP	5
whose	WP$	2
why	WRB	3
wide	JJ	1
widely	RB	2
wider	JJR	1
wilborn	NNP	1
will	MD	16
with	IN	217
withhold	VB	2
within	IN	10
without	IN	10
women	NNS	33	NNP	1
work	NN	3
working	VBG	1
world	NN	20	NNP	1
worlds	NNS	1
worldwide	NN	5
worse	JJR	1
worsening	VBG	4
worth	JJ	2
would	MD	28
wrap	NN	1
wrapped	VBN	1
written	VBN	1
x	NNP	6	SYM	2
x-	NNP	1
xerostomia	NN	1
xr	NNP	1
xylene	NN	1
y	NN	1
year	NN	13
years	NNS	45	NNPS	2
yet	RB	2
yhl	NNP	63
yield	VB	1
yielded	VBD	1
ym30	NN	1
yol	NNP	50
your	PRP$	2
z	NNP	5	SYM	3
zeocin	NNP	1
zero	CD	3
zocor	NNP	2
zone	NN	2
|	NN	64
®	NN	3
°	NN	46
±	NN	4
×	NN	1
α	NN	13
β	NN	3
β-	NN	1
β-mercaptoethanol	JJ	1
β-phosphate	JJ	1
γ-	NN	1
γ-amino	JJ	1
γ-phosphate	JJ	3
ε-amino	JJ	1
μg	NN	6
μj	NN	1
μl	NN	2
μm	NN	2
σ	NN	1
–	NN	7
“	NN	1
”	NN	1
™	NN	1
≥	NN	1
⊥	NN	2
