'd	MD	6	NNP	2
'll	MD	10
'm	VBP	24
're	VBP	40
's	VBZ	130	POS	18	NNP	2
've	VBP	30	VB	2
101	CD	1
a	DT	148	NNP	2
able	JJ	2
about	IN	46	JJ	1
act	VB	1
activated	VBN	1
actually	RB	3
addresses	NNS	1
administration	NN	1
administrator	NN	1
advantages	NNS	1
after	IN	4
afternoon	NN	1
against	IN	2
ago	RB	2
agree	VBP	4
ahead	RB	1
all	DT	23	PDT	7
allow	VB	2
allowed	VBN	1
almost	RB	1
already	RB	2
also	RB	3
always	RB	6
am	VBP	1
amenities	NNS	3
american	NNP	3	JJ	1
amy	NNP	1
an	DT	11
ananimous	JJ	1
and	CC	175
another	DT	3
answer	NN	2	VB	1
answering	VBG	1
antique	JJ	1
antlers	NNS	1
any	DT	11
anybody	NN	2
anything	NN	7
anyway	RB	2
apartment	NN	4
are	VBP	38	NN	1
area	NN	2
army	NN	1
around	IN	7
as	IN	12	RB	6
ask	VB	4
asked	VBN	1
at	IN	27
author	NN	2
automatic	JJ	2
available	JJ	1
average	JJ	1
awards	NNS	1
away	RB	2
back	RB	5
background	NN	2
bad	JJ	4
bam	NN	2
ban	NN	1
bartman	NNP	1
baseball	NN	6
be	VB	41
beats	VBZ	1
because	IN	17
become	VB	1
bed	NN	1
been	VBN	12
before	IN	5
being	VBG	2
believe	VB	3	VBP	2
believes	VBZ	1
benz	NNP	1
bet	NN	2
better	JJR	2
between	IN	1
beyond	IN	1
bid	VB	2
bidder	NN	1
big	JJ	4
bigger	JJR	1
billboards	NNS	1
bit	NN	2
black	JJ	1
blacks	NNS	1
blank	JJ	1
bob	NNP	1
book	NN	7
boring	JJ	1
bought	VBD	5
boy	NN	2
brake	NN	1
brand	NN	1
break	NN	1
breaking	VBG	1
breaks	NNS	1
bring	VBP	1	VB	1
brother	NN	1
bsing	NNP	1
building	VBG	1
bumper	NN	1
bunch	NN	2
bureaucracy	NN	1
burglar	NN	1
but	CC	52	RB	5
buy	VB	8	VBP	2
buying	VBG	3
by	IN	5
bye	NN	3
bye-bye	JJ	4
c	NNP	1
ca	MD	5
california	NNP	4
call	VB	4	VBP	2
called	VBN	4
calls	VBZ	3	NNS	1
came	VBD	1
can	MD	8
cannot	NN	1
car	NN	10
cards	NNS	1
care	VB	2	NN	1
carrying	VBG	3
cars	NNS	2
case	NN	1
cases	NNS	2
cave	NN	1
center	NN	1
centers	NNS	1
certain	JJ	2
changed	VBD	1
changing	VBG	1
chapter	NN	1
charles	NNP	1
cheap	NN	1
cheaper	RBR	1
children	NNS	2
choice	NN	1
choose	VBP	1	VB	1
chopped	VBN	1
christ	NNP	1
cities	NNS	2
class	NN	1
classroom	NN	2
cleaning	VBG	2
clearer	JJR	1
cleveland	NNP	2
click	NN	2
close	RB	1	VB	1
clutch	NN	3
clutches	NNS	1
code	NN	1
college	NN	1
color	NN	1
come	VB	4	VBP	3	VBN	1
comes	VBZ	1
coming	VBG	7
comment	NN	1
commercials	NNS	2
communication	NN	1
community	NN	1
company	NN	1
complex	JJ	2
computer	NN	4
conscientious	JJ	1
consider	VB	3	VBP	1
consideration	NN	1
considered	VBN	1
control	NN	4
conversation	NN	1
cooking	NN	1
cool	VB	1
cost	VBD	1
costing	VBG	1
costs	VBZ	1
could	MD	12
country	NN	3
couple	NN	2
course	NN	5
court	VB	1
covered	VBN	1
cowboys	NNPS	1
crawl	VB	1
crazies	NNS	1
crazy	JJ	3
criminal	JJ	2
criminals	NNS	2
crowd	NN	1
curriculum	NN	1
dad	NN	2
dallas	NNP	4
dances	NNP	1
darn	NN	1
daughter	NN	1
day	NN	8	NNP	1
death	NN	1
debbie	NNP	1
decent	JJ	1
decide	VB	1
decided	VBD	1
decision	NN	4
deer	NNS	2
defense	NN	1
definitely	RB	1
dense	JJ	1
deserve	VB	1
deserved	VBD	1
deserves	VBZ	1
diapers	NNS	1
did	VBD	14
difference	NN	2
different	JJ	2
dinner	NN	1
disposable	JJ	4
do	VBP	89	VB	11
does	VBZ	4
dog	NN	1
doggone	NN	1
doing	VBG	4
dollar	NN	1
dollars	NNS	3
done	VBN	3
door	NN	8
door-to-door	JJ	2
doubt	NN	1
down	RB	3	RP	2
drag	VB	1
dragged	VBD	1
drawing	VBG	1
dreams	NNS	1
drove	VBD	1
drugs	NNS	1
drunk	JJ	1
durable	JJ	1
during	IN	1
e	NNP	1
each	DT	1
earlier	RBR	1
early	RB	1
earn	VB	1
easy	JJ	2
eight	CD	4
either	CC	9	RB	2	DT	1
eleven	CD	1
eleventh	NN	1
eligible	JJ	1
ellen	NNP	1
else	RB	6
emotional	JJ	2
end	VBP	1	NN	1
enemy	NNP	1
enjoyed	VBN	2	VBD	2
enough	RB	1
entirely	RB	1
especially	RB	5
even	RB	19
ever	RB	5
every	DT	6
everybody	NN	4
everyday	JJ	2
everyone	NN	1
everything	NN	5
exactly	RB	8
example	NN	1
excellent	JJ	1
except	IN	1
exist	VB	1
expected	VBD	1
expensive	JJ	2
extended	VBN	1
extremely	RB	1
fact	NN	1
fame	NN	1
family	NN	3
far	RB	6
father	NN	1
federal	JJ	1
feel	VBP	3	VB	2
feelings	NNS	1
felt	VBD	1
field	NNP	1
fifteen	CD	1
fifty	CD	1
fighting	VBG	1
figured	VBD	1
fill	VB	1
finally	RB	1
fine	NN	3
first	JJ	5	RB	1
five	CD	2
flip	JJ	1
floors	NNS	1
florida	NNP	1
football	NN	3
for	IN	43
foreign	JJ	2
forms	NNS	1
fort	NNP	1
fortune	NN	3
found	VBD	2	VBN	1
four	CD	3
freedom	NN	1
friend	NN	1
from	IN	12
front	JJ	2	NN	2
frustrating	JJ	1
fry	NN	1
fun	NN	4
funny	JJ	4
gadgets	NNS	1
games	NNS	2
gangs	NNS	1
garland	NNP	1
gas	NN	3
gave	VBD	1
general	NNP	1
generated	VBN	2
get	VB	17	VBP	8
gets	VBZ	3
getting	VBG	6
ghost	NN	1
give	VBP	1	VB	1
given	VBN	2
go	VB	18	VBP	14	NN	1
god	NNP	3
goes	VBZ	2
going	VBG	27
gone	VBN	2
gonna	NN	4
good	JJ	16	NN	2
good-bye	JJ	2
goodness	NN	3
gosh	NN	4
got	VBD	12	VBN	9
gotten	VBN	3
graduation	NN	1
great	JJ	2
group	NN	1
groups	NNS	1
growing	VBG	1
guess	VBP	10
guessed	VBD	1
guide	NN	1
guilty	JJ	2
gun	NN	12
guns	NNS	4
guy	NN	6
had	VBD	13	VBN	4
half	NN	1
hand	NN	3
hands	NNS	1
handy	JJ	1
hang	VBP	1	VB	1
hanging	VBG	1
hangings	NNS	1
happened	VBD	1
happens	VBZ	1
happy	JJ	2
harassment	NN	2
hard	JJ	2
harder	RBR	1
hardly	RB	1
has	VBZ	10
hate	VBP	3
have	VBP	40	VB	34
having	VBG	2
he	PRP	31
hear	VBP	4	VB	1
heard	VBD	4	VBN	3
heated	JJ	1
heck	NN	3
held	VBD	1
hello	UH	2
help	VB	1
her	PRP$	1
here	RB	6
heroes	NNP	1
hers	PRP	1
hey	UH	2
high	JJ	1
highest	JJS	2
him	PRP	2
his	PRP$	7
history	NN	1
hm	NN	3
hobby	NN	1
hold	VB	1
holler	VB	1
holly	NNP	1
home	NN	4
hope	VBP	1
horrifying	JJ	1
horror	NN	1
hour	NN	2
hours	NNS	1
house	NN	5
how	WRB	21
huge	JJ	2
huh	NN	4
huh-uh	JJ	1
hundred	CD	1
hung	VBD	1	VBN	1
hunt	NN	1
hunter	NN	2
hunters	NNS	1
husband	NN	4
i	NNP	285
if	IN	26
illegal	JJ	3
impact	NN	1
in	IN	73
incoming	JJ	1
inmate	NN	1
instance	NN	1
instead	RB	2
interested	VBN	1
interesting	JJ	3
intervene	VB	1
into	IN	3
introducing	VBG	1
invariably	RB	1
invasion	NN	2
investment	NN	1
is	VBZ	43
issue	NN	1
it	PRP	157
itself	PRP	1
jail	NN	1
jails	NNS	1
jesus	NNP	1
jim	NNP	1
job	NN	2
joe	NNP	3
join	VB	1
joker	NN	1
judge	NN	8
judicial	JJ	1
juries	NNS	2
jurors	NNS	2
jury	NN	6
just	RB	46
keep	VB	3
kids	NNS	5
kill	NN	1
killed	VBN	1
kind	NN	12
kinds	NNS	2
knew	VBD	1
know	VBP	71	VB	41
known	VBN	1
lake	NN	1
lambs	NNP	2
language	NN	1
last	JJ	9
lately	RB	2
latter	NNP	1
laundry	NN	1
law	NN	2
lawyers	NNS	1
least	JJS	2
leeway	NN	1
lenient	JJ	1
less	RBR	2	JJR	1
let	VB	12	VBP	2	VBD	1	VBN	1
letters	NNS	1
life	NN	8
like	IN	47	VB	2	VBP	1
liked	VBD	1
likewise	RB	1
limit	NN	1
line	NN	1
liquor	NN	2
list	NN	4
little	JJ	5
live	VB	1
lived	VBD	1
lives	VBZ	1
living	NN	1
locked	VBN	1
long	JJ	9	RB	3
long-term	JJ	1
longer	JJR	1
look	VBP	1	VB	1	NN	1
looked	VBD	1
looking	VBG	3
lot	NN	23
lots	NNS	1
love	VB	1
lubbock	NNP	1
luxury	NN	3
machine	NN	2
made	VBN	1
mahals	NNP	1
major	JJ	3
make	VB	7
makers	NNS	1
man	NN	2
management	NN	1
manager	NN	1
manner	NN	1
manson	NNP	1
many	JJ	4
marge	NNP	1
mark	NN	1
massive	JJ	1
matter	NN	1
may	MD	1
me	PRP	19
mean	VB	13	VBP	1
mercedes	NNP	3
message	NN	1
messages	NNS	1
middle	NN	1
might	MD	2
mileage	NN	3
miles	NNS	1
million	CD	2
mine	NN	1
minor	JJ	1
minutes	NNS	4
mission	NN	1
missionary	JJ	1
mistake	NN	1
mom	NN	3
money	NN	7
months	NNS	5
moore	NNP	1
mopping	VBG	1
more	JJR	6	RBR	2
most	JJS	3	RBS	2
motors	NNPS	1
move	VB	1
movie	NN	5
movies	NNS	4
moving	VBG	1
much	RB	6	JJ	3
murder	NN	1
murdered	VBN	1
murderer	NN	1
murders	NNS	2
music	NN	1
my	PRP$	30
myself	PRP	2
n't	RB	91
name	NN	3
named	VBD	1
names	VBZ	1
neat	JJ	1
neck	NN	1
need	VBP	2
nerve	NN	1
network	NN	1
never	RB	9
new	JJ	8
news	NN	4
next	JJ	3
nice	JJ	3
night	NN	11
nights	NNS	2
nine	CD	1
ninja	NNP	2
no	DT	26
nobody	NN	1
nolan	NNP	1
normally	RB	1
not	RB	33
now	RB	7
number	NN	4
numbers	NNS	2
o'clock	RB	1
oakland	NNP	1
obviously	RB	1
occurrence	NN	1
occurrences	NNS	1
of	IN	112
off	RP	5	IN	2
offer	VB	1
offering	VBG	1
often	RB	1
oh	UH	53
ohio	NNP	1
okay	JJ	20
oklahoma	NNP	1
old	JJ	4
on	IN	42
once	RB	1
one	CD	39
ones	NNS	9
only	JJ	3
ooh	NN	2
opinion	NN	1
opportunity	NN	1
or	CC	36
organization	NN	1
organizations	NNS	1
other	JJ	10
others	NNS	3
otherwise	RB	2
ought	MD	2
our	PRP$	1
ours	PRP	1
out	IN	22	RP	1
outlaw	NN	1
over	IN	5
own	JJ	2	VB	1
owned	VBN	2
pads	NNS	1
paid	VBN	1
pains	NNS	1
paper	NN	1
parole	NN	2
paroled	JJ	1
part	NN	1
particular	JJ	3
particularly	RB	3
parts	NNS	1
party	NN	1
passed	VBN	1
pathetic	JJ	2
patience	NN	1
pay	VB	1
payoff	NN	1
peddling	VBG	1
peers	NNS	2
penalties	NNS	1
penalty	NN	1
pennant	NN	1
penny	NN	1
people	NNS	33
percent	NN	2
percentage	NN	2
period	NN	1
personally	RB	1
phone	NN	6
pick	VBP	2
pictures	NNS	1
pirates	NNP	1
places	NNS	2
plano	NNP	2
plant	NN	1
play	VBP	3	VB	1
played	VBD	1
player	NN	1
players	NNS	2
please	VB	1
plug	NN	1
point	NN	1
politics	NNS	3
possibly	RB	1
power	NN	1
practically	RB	1
preferences	NNS	1
preschoolers	NNS	1
presently	RB	1
pretty	RB	6
prevent	VB	1
prevents	VBZ	1
price	NN	2	NNP	1
prison	NN	1
privacy	NN	2
probably	RB	5
problem	NN	2
problems	NNS	2
product	NN	1
products	NNS	2
program	NN	1
prolongs	NNS	1
public	JJ	2	NN	1
pull	VB	1
purchased	VBD	1
pursue	VB	1
put	VBP	3	VB	2	VBN	1	VBD	1
puts	VBZ	1
quality	NN	2
questions	NNS	1
quit	VBD	2
quite	RB	3
radicals	NNS	1
random	JJ	1
rangers	NNPS	3
rapists	NNS	1
rather	RB	1
read	VBP	2	VBN	2	VB	1
reading	NN	2	VBG	2
reads	VBZ	1
ready	JJ	1
real	JJ	9
realize	VB	1
really	RB	34
reason	NN	2
reasonable	JJ	1
reasons	NNS	2
recorded	VBN	1
recording	NN	1
red	JJ	1
regular	JJ	1
religion	NN	3
religious	JJ	4
remember	VB	4	VBP	1
rental	JJ	1
replace	VB	2
report	VB	1	NN	1
reputation	NN	1
request	NN	1
required	VBN	3
requiring	VBG	1
resolution	NN	1
respect	VB	1
restrictions	NNS	1
retired	VBN	1
retrial	NN	1
reverse	VB	1
ridiculous	JJ	1
rifle	NN	1
rig	NN	1
right	NN	13	JJ	8	RB	3
righty	NN	2
room	NN	2
run	VB	1
running	VBG	1
ryan	NNP	1
said	VBD	15
saints	NNP	1
salesman	NN	2
same	JJ	2
sanctity	NN	1
saw	VBD	7
say	VB	8	VBP	5
saying	VBG	1
says	VBZ	4
scale	NN	1
scary	JJ	1
schools	NNS	1
screwing	VBG	1
search	NN	1
season	NN	1
second	JJ	2
seconds	NNS	1
sect	NN	1
see	VB	21	VBP	2
seem	VB	2	VBP	1
seems	VBZ	3
seen	VBN	3
select	JJ	1
sell	VB	3
selling	VBG	1
sense	NN	1
sentence	NN	4
sentenced	VBN	1
sentences	NNS	2
sentencing	NN	2
sequence	NN	1
serial	NN	1
serve	VB	1
service	NN	1
services	NNS	1
serving	VBG	1
set	VB	1
seventy	CD	1
several	JJ	2
sharon	NNP	1
she	PRP	6
shock	NN	1
shoeless	NNP	3
shoot	VBP	1	VB	1
shooting	VBG	1
shopping	NN	1
short	JJ	1
should	MD	20
show	NN	1
shower	VB	1
shows	VBZ	1
side	NN	1
sign	NN	2
signs	NNS	2
silence	NNP	2
silver	NN	1
simpsons	NNP	1
since	IN	2
situation	NN	2
situations	NNS	1
six	CD	1
sixty	CD	4
sleep	VB	2	NN	1
sleeping	VBG	1
slow	JJ	1
small	JJ	1
smaller	JJR	2
so	RB	37	IN	7
softball	NN	1
solicitations	NNS	1
soliciting	VBG	3
some	DT	20
somebody	NN	7
someone	NN	2
something	NN	20
sometimes	RB	5
somewhere	RB	1
son	NN	1
soon	RB	1
sorry	JJ	1
sort	NN	6
sounds	VBZ	1
speak	VB	1
speaking	VBG	1
speech	NN	1
spend	VB	2	VBP	1
spending	NN	1
split	NN	1
sport	NN	1
sporty	JJ	2
stadium	NN	6
start	VB	4	NN	1
started	VBD	5
starting	VBG	1
starving	VBG	2
state	NN	1
stay	VB	2
sticker	NN	1
stiff	JJ	1
still	RB	5
stop	VB	4	NN	2
store	NN	1
stores	NNS	1
stories	NNS	1
storm	NN	2
strongly	RB	1
stuck	VBN	1
student	NN	1
stuff	NN	4
stupid	JJ	1
subject	JJ	1
such	JJ	1
summed	VBD	1
sun	NN	1
suppose	VBP	3
sure	JJ	3	RB	1
system	NN	9
taiwan	NNP	1
taj	NNP	1
take	VB	4	VBP	1
taken	VBN	2
taking	VBG	1
talk	VB	5	VBP	1	NN	1
talked	VBD	5	VBN	2
talking	VBG	9	NN	1
taught	VBN	1	VBD	1
taxpayers	NNS	1
teach	VB	5	VBP	2
teaches	VBZ	1
teaching	VBG	1	NN	1
teams	NNS	3
tears	NNS	1
technically	RB	1
teenagers	NNS	1
telephone	NN	2
tell	VB	3	VBP	1
telling	VBG	2
tells	VBZ	1
ten	CD	6
texas	NNP	2
than	IN	6
thanks	NNS	5
that	DT	88	IN	58	WDT	47
the	DT	224
their	PRP$	15
them	PRP	35
themselves	PRP	1
then	RB	16
there	EX	34	RB	13
these	DT	11
they	PRP	121
thing	NN	5
things	NNS	13
think	VBP	32	VB	13
thinking	VBG	2	NN	1
this	DT	19
those	DT	11
though	IN	10
thought	VBD	7	VBN	1
thousand	CD	3
three	CD	1
threw	VBD	1
through	IN	7
throw	VBP	1
throwing	NN	1	VBG	1
thrown	VBN	1
thumb	NNP	1
ti	NNP	1
tied	VBN	1
till	IN	1
time	NN	14
times	NNS	1
tired	JJ	1
to	TO	170
today	NN	1
together	RB	1
told	VBN	1
tom	NNP	1
tonight	NN	4
too	RB	20
took	VBD	1
topic	NN	3
totally	RB	2
touched	VBD	1
tough	JJ	1
tougher	JJR	1
towns	NNS	1
toyota	NNP	2
toyotas	NNP	1
trial	NN	1
trials	NNS	1
tried	VBD	1
true	JJ	13
try	VB	6	VBP	2
trying	VBG	6
turf	NN	1
turn	VB	1
turning	VBG	1
turtles	NNPS	2
tvs	NNS	1
twelve	CD	2
twice	RB	1
two	CD	15
type	NN	2
typical	JJ	1
uh	UH	72
uh-huh	JJ	16
um	NN	33
um-hum	JJ	18
unbelievable	JJ	2
unconscious	JJ	1
under	IN	2
understand	VB	1
understanding	NN	1
unlisted	JJ	2
until	IN	1
up	RP	13	RB	8	IN	1
us	PRP	2
use	VB	1
used	VBN	1
useful	JJ	1
using	VBG	1
usually	RB	2
uzis	NNP	1
v	NNP	1
various	JJ	1
verdict	NN	2
very	RB	2
veterinarian	NN	1
victims	NNS	1
video	NN	1
voice	NN	2
vote	VB	1	NN	1
wait	NN	1
waiting	VBG	1
walk	VBP	2	VB	1
walks	VBZ	1
wall	NN	1
wanna	NN	1
want	VBP	8	VB	2
wanted	VBD	3
wanting	VBG	1
was	VBD	58
watch	VBP	1	VB	1	NN	1
way	NN	10
we	PRP	40
weapons	NNS	2
weather	NN	1
week	NN	1
weekends	NNS	1
weeks	NNS	1
weird	JJ	1
well	RB	47	NN	1
went	VBD	2
were	VBD	8
what	WP	49
whatever	WDT	2
whatsoever	RB	1
when	WRB	20
whenever	WRB	1
where	WRB	9
whether	IN	1
whew	NN	1
which	WDT	5
while	NN	1
whim	NN	1
who	WP	10
whole	JJ	7
will	MD	2
winds	NNS	1
wish	VBP	1
with	IN	26
within	IN	1
wolves	NNP	2
woman	NN	2
won	VBN	1	VBD	1
wonder	NN	2
wonderful	JJ	1
woods	NNS	1
word	NN	1
work	NN	5
worked	VBN	2
working	VBG	2
works	VBZ	1
worse	JJR	5
worth	NNP	1
would	MD	26
wow	UH	1
writing	VBG	1
written	VBN	1
wrong	JJ	1
wrongly	RB	1
x	NNP	1
yankees	NNPS	1
yeah	NN	130
year	NN	9
years	NNS	14
yep	NN	3
yes	UH	5
yet	RB	3
you	PRP	207
your	PRP$	10
yours	NNS	1
