!	.	1
$	$	16
&	CC	2
'll	MD	15
're	VBP	2
's	VBZ	13
(	(	152
)	)	152
,	,	1587
-	:	19
.	.	1321
/	NN	4
000	CD	21
020	CD	1
064	CD	1
095	CD	1
1	CD	10
10	CD	29
100	CD	3
1000	CD	1
109	CD	1
1099	CD	1
11	CD	2
1108	CD	1
113	CD	3
1150	CD	1
116	CD	1
1187	CD	1
12	CD	5
120-passenger	JJ	1
1200	CD	1
1204	CD	1
122	CD	1
1228	CD	1
1229	CD	1
1234	CD	2
1244	CD	1
1279	CD	1
13	CD	2
1300	CD	1
1309	CD	1
1368	CD	1
1380	CD	1
14	CD	2
140	CD	1
1453	CD	1
1480	CD	1
149	CD	1
14th	JJ	1
15	CD	4
150	CD	3
1500	CD	2
1513	CD	1
1517	CD	1
1522	CD	1
1524	CD	1
1557	CD	1
1566	CD	1
1576	CD	1
1580	CD	1
16	CD	3
1622	CD	1
1644	CD	1
165	CD	1
167	CD	1
17	CD	4
1715	CD	1
1770	CD	1
1774	CD	1
1783	CD	1
17th	JJ	3
17th-century	JJ	1
18	CD	3
18-hole	NN	1
1800	CD	1
1821	CD	1
1829	CD	1
1835	CD	1
1844	CD	2
1847	CD	1
1849	CD	1
1855	CD	1
1858	CD	1
1860	CD	1
1865	CD	2
1866	CD	1
1870	CD	1
1874	CD	1
1888	CD	1
1890	CD	1
19	CD	5
1903	CD	1
1904	CD	2
1905	CD	3
1906	CD	1
1909	CD	1
191	CD	1
1912	CD	1
1915	CD	1
1917	CD	3
1920	CD	1
1922	CD	1
1923	CD	1
1925	CD	1
1926	CD	1
1930	CD	1
1931	CD	3
1933	CD	1
1935	CD	2
1940	CD	2
1941	CD	1
1943	CD	1
1945	CD	2
1946	CD	2
1947	CD	2
1948	CD	1
1949	CD	2
1950	CD	1
1952	CD	1
1957	CD	1
1958	CD	1
1960	CD	2
1966	CD	1
1967	CD	2
1970	CD	1
1974	CD	1
1975	CD	1
1982	CD	1
1990	CD	1
1990s	CD	2
1995	CD	1
1997	CD	1
1998	CD	1
1999	CD	3
19th	JJ	5
19th-century	JJ	1
2	CD	11
20	CD	5
200	CD	5
2000	CD	2
2001	CD	1
2058	CD	1
20th	JJ	1
21	CD	3
2180	CD	1
22	CD	2
220	CD	1
221	CD	1
23	CD	2
230	CD	1
2317	CD	1
235	CD	1
23rd	CD	1
24	CD	3
24-hectare	NN	1
244	CD	1
247	CD	1
25	CD	5
250	CD	1
2508	CD	1
2525	CD	1
2542	CD	1
2570	CD	1
260	CD	1
268	CD	1
2700	CD	2
2812	CD	1
2817	CD	1
2832	CD	1
2859	CD	1
288	CD	1
29	CD	1
2987	CD	1
3	CD	7
30	CD	13
30-ft	NN	1
30-year-long	JJ	1
300	CD	2
3000	CD	3
305	CD	1
3081	CD	1
31	CD	1
32	CD	2
326	CD	1
330	CD	1
332	CD	1
3333	CD	1
336	CD	1
34	CD	2
35	CD	1
3500	CD	1
36	CD	1
37	CD	1
398	CD	1
4	CD	6
40	CD	4
400	CD	2
4000	CD	1
401	CD	1
423	CD	1
43-mile	JJ	1
431	CD	1
45	CD	3
45-minute	NN	1
450	CD	1
454	CD	1
47	CD	1
475	CD	1
480	CD	1
490	CD	1
5	CD	12
50	CD	4
500	CD	1
5000	CD	1
515	CD	1
52-story	JJ	1
539	CD	1
54	CD	2
55	CD	4
587	CD	1
6	CD	21
60	CD	3
60-acre	JJ	1
600	CD	1
614	CD	1
6168	CD	1
627	CD	1
629	CD	1
63	CD	1
638	CD	1
640	CD	1
65	CD	1
66	CD	3
68	CD	2
69-km	JJ	1
691	CD	1
7	CD	7
70	CD	4
700	CD	1
7000	CD	1
701	CD	1
7070	CD	1
71	CD	1
715	CD	1
72	CD	4
7273	CD	1
74-story	JJ	1
75	CD	1
76	CD	1
77	CD	1
776	CD	1
7777	CD	1
78	CD	1
8	CD	5
80	CD	5
800	CD	2
810	CD	1
8188	CD	1
82	CD	1
83	CD	1
8350	CD	1
86	CD	1
88	CD	2
89	CD	1
9	CD	7
9-hole	NN	1
92	CD	1
934	CD	1
94	CD	1
95	CD	1
957	CD	1
960	CD	2
97	CD	1
98	CD	1
99	CD	1
:	:	36
;	:	103
?	.	2
a	DT	550
a-ma	NNP	3
abandoned	VBN	1	VBD	1
abbey	NNP	1
aberdeen	NNP	3
ability	NN	1
able	JJ	3
aboard	IN	3
abound	VBP	1
about	IN	22
above	IN	5
abraham	NNP	2
absorb	VB	1
absorbed	VBN	1
abstemious	JJ	1
absurd	JJ	1
academy	NNP	3
accepted	VBN	1
access	NN	2	VB	1
accessible	JJ	2
accessories	NNS	1
accident	NN	1
acclaimed	JJ	1
accommodate	VB	2
accommodations	NNS	2
accompanied	VBN	1
accomplishments	NNS	1
according	VBG	2
accounts	NNS	2
accustomed	JJ	1
achieve	VB	2
achieved	VBD	2
achieving	VBG	1
acoustics	NNS	1
acquired	VBD	1
acquisitive	JJ	1
acres	NNS	6
across	IN	18
act	NN	1
action	NN	4
actions	NNS	1
activities	NNS	2
activity	NN	2
actual	JJ	1
actually	RB	3
add	VB	1
added	VBN	1
adding	VBG	1
addition	NN	3
additional	JJ	3
additionally	RB	2
addressed	VBD	1
adds	VBZ	1
adept	JJ	1
adjacent	NNP	3
adjoining	JJ	1
administer	VB	2
administration	NN	1
administrative	NNP	1
administratively	RB	1
admiralty	NNP	1
admired	VBN	2
admission	NN	11
adobe	NN	1
adorn	VB	2
adorned	VBN	1
adult	NN	4
adults	NNS	2
advance	NN	2
advanced	JJ	1	VBN	1
advancement	NN	1
advancing	VBG	1
adversary	NN	1
advisable	JJ	1
advised	VBN	1
aegean	NNP	22
aelia	NNP	2
aerial	NNP	1
affords	NNS	1
afloat	RB	1
africa	NNP	2
african	JJ	1
after	IN	17
afternoon	NN	2
again	RB	6
against	IN	10
age	NNP	5	NN	5
ages	NNS	4	NNPS	1
aggravated	VBN	1
ago	RB	3
agreed	VBD	1
agreements	NNS	2
agricultural	JJ	2
agriculture	NN	1
agular	NNP	1
aid	VB	1	NN	1
aim	NN	1
aimed	VBN	1
air	NN	3	NNP	1
air-conditioned	JJ	2
airfields	NNP	1
airline	NN	1
airmail	NN	1
airmen	NNS	1
airport	NN	4
akrotiri	NNP	3
aksa	NNP	1
aladdin	NNP	2
albert	NNP	2
alcohol	NN	1
alertness	NNS	1
alexander	NNP	4
alike	RB	1
alive	JJ	3
all	DT	50	PDT	9
all-night	JJ	1
all-risk	JJ	1
allegiance	NN	1
alleviate	VB	1
alleys	NNS	1
alleyways	NNS	1
alliance	NN	2
allied	VBD	1
allies	NNS	1
allotted	JJ	1
allowed	VBN	2
allows	VBZ	1
alluring	JJ	1
almei­da	NNP	1
almost	RB	16
alone	RB	1
along	IN	23
alongside	IN	2
already	RB	4
also	RB	53
altar	NN	2
alternate	JJ	1
alternative	NN	1
alternatively	RB	1
although	IN	13
alvares	NNP	1
always	RB	12
am	VBP	5
amah	NNP	1
amalgam	NN	1
amateur	JJ	1
ambience	NN	1
ambition	NN	2
ambitious	JJ	1
amenities	NNS	2
america	NNP	4
american	NNP	3	JJ	2
amid	IN	2
amizade	NNP	1
among	IN	10
ample	JJ	2
am–	NN	21
am–midnight	NN	1
an	DT	100
anasazi	NNP	5
anatolia	NNP	1
anatural	NN	1
ancestral	NNP	2	JJ	2
anchored	VBN	1
ancient	JJ	9
and	CC	754
andreas	NNP	1
andros	NNP	1
angeles	NNP	4
angeles–	NNP	2
anger	NN	1
angles	NNS	1
anglican	NNP	1
animal	NN	1
animosity	NN	1
announced	VBN	1
annual	JJ	2
another	DT	10
answer	NN	1
antennae	NN	1
anti-historical	JJ	1
antiparos	NNP	2
antique	JJ	3	NN	1
antiques	NNS	7	NNPS	2
antiquities	NNS	2
antonia	NNP	1
antony	NNP	1
anxious	JJ	1
any	DT	14
anyone	NN	2
anything	NN	5
anywhere	RB	2
ap	NNP	1
apart	RB	1
apartment	NN	6
apermaking	VBG	1
aphrodite	NNP	1
apologized	VBD	1
appallingly	RB	1
appeal	NN	2	VB	1
appealing	VBG	1
appear	VB	1
appeared	VBD	1
appetite	NN	1
appreciate	VB	1
approach	VBP	2	NN	2
approached	VBN	2
appropriated	VBN	1
approximately	RB	2
april	NNP	4
aptly	RB	1
aquarium	NN	1
arab	JJ	4	NNP	1
arabic	NNP	2
arabs	NNPS	1
archaeological	JJ	1
archaeologists	NNP	1	NNS	1
archaeology	NNP	1
archaic	NNP	1
archaics	NNP	2
arched	JJ	1
archibald	NNP	1
archilochos	NNP	1
architect	NN	1
architectural	JJ	3
architecture	NN	7
archway	NN	1
are	VBP	168
area	NN	21	NNP	1
areas	NNS	10
arenas	NNS	1
arguments	NNS	1
ark	NNP	2
armed	VBN	1
armenian	JJ	1
armies	NNS	2
armistice	NN	2
armory	NN	1
arms	NNS	1
army	NN	2
around	IN	26	RB	1
aroused	VBD	1
arrange	VB	1
array	NN	1
arrested	VBN	1
arrival	NN	2
arrive	VBP	1	VB	1
arrived	VBD	9
arriving	NNP	2	VBG	1
art	NNP	8	NN	5
artesian	NN	1
article	NN	1
artifacts	NNS	3
artificial	JJ	1
artisans	NNS	2
artistic	JJ	3
artists	NNS	4
arts	NNP	8	NNS	7
as	IN	109	RB	17
ascend	NN	1
ascended	JJ	2
ash	NN	1
ashley	NNP	1
ashore	RB	1
asia	NNP	9
asian	JJ	2	NNP	1
ask	VB	7
asked	VBN	1
aspects	NNS	1
aspirations	NNP	1
assembled	VBN	1
assist	VB	1
associated	VBN	2
association	NNP	2
assortment	NN	1
assume	VB	1
assumes	VBZ	1
assured	VBD	1	VBN	1
assyrian	NNP	1
astrologers	NNS	1
astronomical	JJ	1
at	IN	118
ataturk	NNP	1
athenian	JJ	1
athens	NNP	12
atherton	NNP	1
athletic	NNP	1
atmosphere	NN	4
atrium	NN	1
attack	NN	1
attacking	VBG	1
attacks	NNS	1
attempt	NN	3
attempted	VBD	2
attend	VB	1
attended	VBD	1
attention	NN	1
attitude	NN	2
attitudes	NNS	1
attract	VBP	1	VB	1
attracted	VBN	2
attraction	NN	4
attractions	NNS	7
attractive	JJ	3
attracts	VBZ	2
attributed	VBN	1	VBD	1
auction	NN	2
auctioned	VBD	1
audio	NNP	1
audio-visual	JJ	2
auditorium	NN	1
august	NNP	2
aussie	NNP	1
austin	NNP	1
australia	NNP	1
australian	JJ	1
authentic	JJ	1
authentication	NN	1
authenticity	NN	1
authorities	NNS	3
authority	NNP	2	NN	2
authorized	VBD	1
automatic	JJ	1
autonomous	JJ	1
autumn	NN	2
available	JJ	7
avenida	NNP	4
avenue	NNP	1	NN	1
average	JJ	1
aviary	JJ	1
avoid	VBP	1	VB	1
aw	UH	2
awakened	VBN	1
award	NN	1
aware	JJ	2
away	RB	8
azalea	NN	1
azulejos	NNS	1
b	SYM	34	NNP	1
baby	NN	1
babylon	NNP	2
babylonian	NNP	1
bacalhao	NN	1
baccarat	NN	1
back	RB	4	VB	1
backlash	NN	1
backwater	NN	1
backwaters	NNS	1
baked	JJ	1
balance	NN	1
balconies	NNS	1
balfour	NNP	1
balkans	NNP	1
ball	NN	1
ballet	NNP	1
ballet-like	JJ	1
ballooned	VBN	1
balm	NNP	2
balustrades	NNS	1
bamboo	NN	4
bamboo-and-paper	JJ	1
bananas	NNP	1	NNS	1
bands	NNS	1
bank	NNP	3	NN	1
banquet	NN	1
banyan	NN	3	NNP	1
bar	NNP	3	NN	2
barbaric	JJ	1
barbed	VBN	1
bargain	NN	6
bargaining	NN	2
bargains	NNS	4
baroque	NNP	1
baroque-style	NNP	1
barra	NNP	1
barracks	NN	1
barred	VBN	2
barrel-vaulted	JJ	1
barrier	NNP	1
barrows	NNS	1
bars	NNS	6	VBZ	1	NNP	1
base	NN	3	NNP	1
based	VBN	1
basement	NN	1
bases	NNS	3
basic	NNP	1	JJ	1
basque	NNP	1
bastion	NN	1
bats	NNS	1
battery	NNP	1
battles	NNS	1
bauhinia	NN	1
bay	NNP	29	NN	1
be	VB	60
beach	NNP	3	NN	3
beaches	NNS	6	NNP	1
bears	VBZ	1
beaten	JJ	1
beauties	NNS	1
beautiful	JJ	8
beautifully	RB	2
beauty	NN	1
became	VBD	20
because	IN	7
beckett	NNP	2
become	VBN	6	VB	5
becomes	VBZ	1
becoming	VBG	2
been	VBN	32
before	IN	19
began	VBD	18
begin	VBP	4
beginning	NN	5	VBG	4
begins	VBZ	4
behind	IN	7
beijing	NNP	2
being	VBG	4
believe	NNP	1
believed	VBN	2
bellagio	NNP	3
bells	NNS	1
belong	VB	1
belonged	VBD	2
belonging	VBG	1
beloved	JJ	1
benches	NNS	2
benchmark	NN	1
beneath	IN	1
benefactor	NN	1
beneficial	JJ	1
benefit	NN	2
benjamin	NNP	1
bent	NN	1
beside	IN	2
besiege	NN	1
best	JJS	7
best-known	JJS	1
bestowed	NNP	1
bet	VB	2	VBP	1
beth	NNP	1
better	JJR	4	RBR	1	NNP	1
betting	VBG	1	NN	1
between	IN	13
beware	VB	1
beyond	IN	3
bible	NNP	5
biblical	JJ	3	NNP	1
bid	NN	1
big	JJ	6	NNP	3
big-city	JJ	1
bigger	JJR	1
biggest	JJS	3
billion	CD	1
billionaire	NN	1
bingo	NN	1
binoculars	NNS	1
bird	NNP	1
birds	NNS	3	NNP	1
birdwatching	VBG	1
birthday	NN	1
birthplaces	NNS	1
bishop	NNP	1
bit	NN	2
bites	VBZ	1
bitterly	RB	1
black	NNP	1	JJ	1
blackjack	NN	1
blatant	JJ	1
blend	NN	1
blends	NNS	1
blessed	VBN	1
bling	VBG	1
block	NNP	1	NN	1
blocks	NNS	9
blood	NN	2
bloody	JJ	1
bloom	NNP	1
blooming	VBG	1
blouses	NNS	1
blow	NN	1
blue	JJ	4	NNP	1
board	NNP	1	NN	1
boards	NNS	1
boat	NN	4
boats	NNS	8
bob	NNP	1
body	NN	2
bolstering	VBG	1
bones	NNS	1
bonham	NNP	3
bonsai	NN	1
bonus	NN	1
book	NNP	1	NN	1
books	NNS	1
boom	NN	1
boomboxes	NNS	1
booming	JJ	1
boomtown	NN	2
boon	NNP	2
boost	VB	1
border	NN	4
bore	VBD	1
born	VBN	3
bosses	NNS	2
botanical	NNP	1
both	DT	19
bought	VBD	5
bouillon	NNP	1
boulder	NNP	1
boule	NN	1
boulevard	NN	2
bouncing	VBG	1
boundaries	NNS	2
boundary	NNP	4	NN	3
boutiques	NNS	3
bowen	NNP	1
box	NN	4
branches	NNS	1
brands	NNS	1
brave	VB	1
brazil	NNP	1
bread	NN	1
breathtaking	JJ	1
breeding	VBG	1
breezes	NNS	1
brew	VB	1
brick	NN	2
bridge	NN	2	NNP	1
bridges	NNS	2	NNPS	1
brief	NNP	2	JJ	1
briefly	NN	1
brigham	NNP	1
brightly	RB	1
bring	VB	1
bringing	VBG	1
brings	VBZ	2
bristles	VBZ	1
british	JJ	10	NNP	1
broad	JJ	1
brocades	NNP	1
brochures	NNS	1
broke	VBD	2
broken	VBN	1
bronze	NN	4	NNP	3
bronzes	NNS	2
brothers	NNS	1
brought	VBD	5	VBN	2
browse	VB	1
browsing	NNP	1
brutal	JJ	1
bubbled	JJ	1
bubonic	JJ	1
buddha	NNP	6
buddhas	NNP	1
buddhist	NNP	5
budget	NN	1
buffalo	NN	1
buffet-style	JJ	1
buffs	NNS	2
bugsy	NNP	1
build	VB	4
builder	NN	1
building	NN	18	NNP	7	VBG	1
buildings	NNS	14
built	VBN	30	VBD	4
bullet	NN	1
bun	NNP	2
buns	NNS	1
burgeoning	VBG	2
burial	NN	1
burn	VB	1
burned	VBN	2	VBD	1
burners	NNS	1
burning	NN	1
bus	NN	5
buses	NNS	5
busily	RB	1
business	NN	10
businesses	NNS	1
businessman	NN	1
busy	JJ	7
but	CC	80
buttons	NNS	1
buy	VBP	8	VB	5
buyer	NNP	1
buying	VBG	4
buys	VBZ	1
buzz	NN	1
buzzes	VBZ	1
buzzing	VBG	1
by	IN	154
bypassed	JJ	1
byways	NNS	1
byzantine	JJ	6
byzantines	NNP	1
byzantium	NNP	2
c	SYM	35	NNP	1
cable-car	JJ	1
cafe	NNP	1
cafés	NNS	3
cages	NNS	2
caine	NNP	1
calendar	NN	1
california	NNP	2
call	NN	3	VB	1
called	VBN	8
calligraphy	NN	2
calling	VBG	1
came	VBD	16
camera	NNP	1
cameras	NNS	2	NNP	1
cameron	NNP	1
camp	NN	1
campaign	NN	1
campaigns	NNS	2
campus	NN	2
camões	NNP	3
can	MD	52
canaanite	NNP	2
canals	NNP	1
cani­drome	NNP	1
cannot	NN	1
canton	NNP	9
cantonese	NNP	5
cantonese-speaking	NNP	1
canyon	NN	1
capital	NN	8	NNP	1
capitalist	JJ	1
capitolina	NNP	2
captivated	JJ	1
captivity	NNP	1
captured	VBD	3
car-racing	JJ	1
caravan	NNP	1
caravel	NN	1
card	NN	2
cards	NNS	2
career	NN	1
carefully	RB	3
cares	VBZ	1
cargo	NN	1
carnival	NN	1
carpets	NNS	2	NNP	1
carry	VBP	2
carrying	VBG	2
cars	NNS	2
carthage	NNP	1
carve	VBP	1
carved	VBN	1
carving	VBG	1
carvings	NNS	5
casa	NNP	1
cash	NN	4
cashmere	NN	1
casino	NN	3
casinos	NNS	12
castaways	NNP	1
castle	NNP	3
castletown	NNP	1
cat	NNP	4
catalysts	NNS	1
catch	VB	1
catches	VBZ	1
catchment	NN	1
catered	VBD	1
catering	VBG	1
caters	VBZ	1
cathedral	NNP	1
cathe­dral	NNP	1
cats	NNS	1
cattle	NNS	1
caused	VBD	2
causeway	NNP	13	NN	1
caves	NNS	3
cds	NNS	1
cedar	NN	1
ceiling	NN	3
celebrated	JJ	1
celebrates	VBZ	1
celebration	NN	1
celestial	NN	1
celtic	NNP	1
cemetery	NNP	1
center	NN	30	NNP	4
centered	VBN	1
centerpiece	NN	1
centers	NNS	4
central	NNP	22	JJ	2
centre	NNP	6
centuries	NNS	7
century	NN	22	NNP	2
ceramic	JJ	1
ceramics	NNS	4
cerco	NNP	1
ceremony	NN	2
certain	JJ	1
certainly	RB	1
certificate	NN	2
chai	NNP	11
chaim	NNP	1
chain	NN	1
chains	NNS	2
chairs	NNS	2
challenges	NNS	2
chambers	NNS	1
chance	NN	1
change	VB	7	NN	3
changeable	JJ	1
changed	VBN	3	VBD	2
changes	NNS	2
changing	VBG	5
channel	NN	1
channeled	VBD	1
chapel	NNP	2	NN	1
chapelwas	NNS	1
chapter	NN	1
characterized	VBN	1
characterizes	VBZ	2
charge	NN	2
charges	NNS	2
charm	NN	4
chater	NNP	1
chatham	NNP	2
chattering	VBG	1
chau	NNP	8
cheap	JJ	3
cheaper	JJR	3	RBR	1
check	NN	2	VB	1
checkered	JJ	1
checkpoint	NN	1
cheerful	JJ	1
chek	NNP	1
chen	NNP	2
cheng	NNP	1
cheoc	NNP	1
cheung	NNP	8
chi	NNP	1
chickens	NNS	1
chief	NN	1
child	NN	2
children	NNS	11	NNP	2
china	NNP	49	NN	2
chinese	JJ	42	NNP	12	NN	3	NNPS	1
chinese-product	NNP	1
ching	NNP	1
chios	NNP	5
chkc	NNP	2
choice	NN	3
choose	VBP	1	VB	1
chooses	VBZ	1
choosing	VBG	1
chop	VB	1
chora	NN	1
chose	VBD	1
christ	NNP	1
christendom	NNP	1
christian	NNP	10
christianity	NNP	3
christians	NNS	4
chronicled	JJ	1
chugging	VBG	1
chung	NNP	4
chuppies	NNS	1
church	NN	7	NNP	1
churches	NNS	2
ci	NNP	1
cidade	NNP	1
cinemas	NNS	2
circuit	NN	1
circular	JJ	2
circumstances	NNS	2
citadels	NNS	1
citibus	NNP	1
cities	NNS	9
city	NN	78	NNP	22
city-state	JJ	1
city-states	JJ	2
citywide	JJ	1
civil	JJ	2
civilians	NNS	2
civilization	NN	2
claim	NN	1
claiming	VBG	1
claims	NNS	1
clan	NN	4	NNP	1
clans	NNP	1
clark	NNP	1
clashed	VBN	1
classic	JJ	2
classical	NNP	2	JJ	2
classical-style	NNP	1
cleansed	VBD	1
clear	JJ	1
clearly	RB	1
cleopatra	NNP	1
cleverly	NNP	1
clientele	NNS	1
climate	NN	1
climb	NN	3
climbed	VBD	1
climbers	NNS	1
clock	NN	2
clocks	NNS	1
clockwise	NN	2
cloistered	JJ	1
close	RB	2	VBP	1	VB	1	JJ	1
closed	VBD	4	JJ	1	VBN	1
closely	RB	1
closer	RBR	1
clothes	NNS	3	NNPS	1
clothing	NN	6
cloud	NN	1
club	NNP	10	NN	1
clubs	NNS	6
clustered	VBN	1
co	NNP	1
coast	NN	18	NNP	2
coastal	JJ	2
coastline	NN	1
coathanger	NN	1
coats	NNS	1
cod	NN	1
coffee	NNP	1	NN	1
coils	NNS	2
coinage	NN	1
coins	NNS	1
colares	NNP	1
colds	NNS	1
coliseum	NNP	1
collapse	VB	1
collapsed	VBD	1
collection	NN	15
collections	NNS	2
college	NNP	2	NN	1
coloane	NNP	3
colonels	NNP	1
colonial	NN	10
colonies	NNS	1
colony	NN	2	NNP	1
colorado	NNP	2
colorful	JJ	1
colors	NNS	1
col­­o­n­na­­ded	NNP	1
combat	VB	1
combination	NN	1
combine	VBP	1
combined	VBN	2
combines	VBZ	1
come	VB	9	VBP	3	VBN	1
comes	VBZ	2
comfortable	JJ	3
coming	VBG	4
commanding	JJ	1
commemorated	VBD	2
commemorates	NNS	1
commencing	VBG	1
commerce	NN	2
commercial	JJ	2
commodities	NNP	1
common	JJ	2	NNP	1
commonwealth	NNP	1
commotion	NN	1
communist	NNP	1
communities	NNS	3
community	NN	4
commuter	NN	2
commuters	NNS	2
companies	NNS	5
company	NNP	4	NN	3
comparable	JJ	1
compare	VB	2	VBP	1
compatibility	NN	1
competition	NN	2
competitive	JJ	2
complaints	NNS	1
completed	VBN	2
completely	RB	3
complex	NN	6	JJ	2
complexes	NNS	2
complimentary	JJ	1
composers	NNS	1
comprehensive	JJ	1
comps	NNS	1
computer	NNP	1
computer-controlled	JJ	1
conceivable	JJ	2
concentration	NN	1
concept	NN	1
concerns	NNS	2
concert	NN	2
concerts	NNS	7
concessions	NNS	1
concluding	VBG	1
concourse	NN	1
condemned	VBN	1
conducive	JJ	1
conducted	VBN	1
conductor	NN	1
conflict	NN	1
confronted	VBN	1
confucian	NNP	2
confuse	VB	1
congested	JJ	1
connaught	NNP	2
connected	VBN	2
connecting	VBG	1
connection	NN	2
connects	VBZ	1
conquer	VB	2
conquered	JJ	3
conservative	JJ	1
considerable	JJ	1
considered	VBN	2
consignment	NN	1
consolidated	JJ	2
constant	JJ	1
constantine	NNP	2
constantinople	NNP	3
constantly	RB	2
consternation	NN	1
constituted	VBD	1
constructed	VBN	3	NNP	1
constructing	VBG	1
construction	NN	10	NNP	1
consulate	NNP	1
consult	VB	1
consumer	NNP	1
contact	NN	1
contain	VBP	1	VB	1
container	NN	1
containing	VBG	2
contains	VBZ	9
contemporary	NNP	1	JJ	1
content	NN	2
continue	VBP	1	VB	1
continued	VBD	7
continues	VBZ	3
continuing	VBG	2
contrast	NN	1
contrasting	VBG	1
contrasts	VBZ	1
contributed	VBN	1	VBD	1
contributions	NNS	1
control	NN	7	NNP	1	VB	1
controlled	VBD	3	VBN	1
controversies	NNS	1
convene	VBP	1
conveniences	NNS	1
convention	NN	2	NNP	1
conversation	NN	1
converted	VBN	2
cookery	NN	1
cooking	NN	1
cool	VB	3	JJ	1
copper	NN	1
copy	NN	2
copying	NN	1
corner	NN	1
coronel	NNP	1
corporate	JJ	2
corporations	NNS	2
corridor	NN	1
cost	NN	1
costs	VBZ	1	NNS	1
costumes	NNS	2
cotton	NNP	1
could	MD	7
council	NNP	1	NN	1
count	NN	1
counted	VBN	1
counter	VB	3
counter-clockwise	JJ	1
counterfeit	NN	1
countries	NNS	2
country	NN	8	NNP	1
countryside	NN	3	NNP	1
county	NNP	1
couple	NN	2
course	NN	5
courses	NNS	2
court	NNP	1	NN	1
courts	NNS	1
courtyard	NN	1
cove	NNP	1
covenant	NNP	1
cover	VB	2	NN	1
covered	VBN	2
covering	VBG	1
covers	VBZ	2
coward	NNP	1
craft	NN	1
crafts	NNS	5	NNP	1
craftsmanship	NN	1
craftspeople	NN	1
crane	NN	1
craps	NNS	1
crawford	NNP	1
crc	NNP	1
create	VBP	2	VB	2
created	VBD	4	VBN	4
creating	VBG	2
creative	JJ	1
credit	NN	2
creek	NN	1
crescent	NN	1
crete	NNP	3
crew	NN	1
cricket	NNP	2
crime	NN	1
criminals	NNS	1
criticized	VBN	2
criticizing	VBG	1
crops	NNS	2
cross-country	JJ	1
cross-harbor	JJ	1
crosses	VBZ	1
crossroads	NNS	1
crosswalk	NN	1
croupier	NN	1
crowd	NN	1
crowded	VBN	8	JJ	1	VBD	1
crowds	NNS	1
crown	NNP	1
crucial	JJ	1
crucifixion	NN	4
cruelty	NN	1
cruise	NN	1
cruises	NNS	2
crusade	NN	1
crusader	NNP	3
crusaders	NNPS	3	NNS	1
crusades	NNP	1
cry	NN	1
crème	NN	2
cuisine	NNP	1	NN	1
cul-de-sacs	JJ	1
cultural	JJ	6	NNP	5
culturally	RB	1
culture	NN	11	NNP	4
cultured	JJ	1
cup	NNP	1
cure	VB	1
curio	NN	2
curiosities	NNS	1
curiosity	NN	1
curious	JJ	2
currency	NN	5
curtains	NNS	1
curves	NNS	2
custody	NN	1
custom	NN	1
custom-made	NNP	1
custom-tailored	JJ	1
customers	NNS	1
customs	NNS	2
cut	VB	1
cutting	VBG	2
cy	NN	1
cyber	NNP	1
cyclades	NNP	5
cycladic	NNP	2
cymbals	NNS	1
cyrano	NNP	1
d	SYM	10	NNP	2
da	NNP	3
dai-	NNP	1
daily	JJ	13
dam	NNP	6
damascus	NNP	1
damming	VBG	1
damp	VB	1
dance	NN	5	NNP	2
dancing	NN	4
daring	JJ	1
dark	JJ	2
dart	NNP	1
date	NN	2
dated	VBN	1
dates	NNS	1
dating	VBG	1
dave	NNP	1
david	NNP	8
davidic	NNP	1
davis	NNP	1
dawn	NN	1
dawning	VBG	1
day	NN	17	NNP	2
day-trip	JJ	1
days	NNS	5
daytime	JJ	1
de	IN	5
deal	NN	1
dealer	NN	2
dean	NNP	1
death	NN	3
debacle	NN	1
decade	NN	1
decades	NNS	1
decatur	NNP	1
december	NNP	1
deceptively	RB	1
decision	NN	1
decisions	NNS	1
deck	NN	1
deckhands	NNS	1
declaration	NNP	1
declared	VBN	1
declaring	VBG	1
decline	NN	2
declining	VBG	1
decorated	VBN	1
decreased	VBN	1
dedicated	VBN	9
dedication	NN	3
deemed	VBN	1
deep	NNP	3
defaulted	VBD	1
defeat	NN	2
defeated	VBN	2
defended	VBD	1	VBN	1
defenders	NNS	2
defense	NN	3
defensive	JJ	2
defined	VBN	1
definitely	RB	2
deity	NN	1
delaney	NNP	1
delian	NNP	1
delicacies	NNS	1
delicate	JJ	1
delicious	JJ	2
delos	NNP	4
deluxe	JJ	1
demand	NN	1
demolished	VBN	3	VBD	1
demolition	NN	1
demolitions	NNS	1
demonstrations	NNS	1
demoralize	NN	1
dense	JJ	1
densities	NNS	1
density	NN	1
depart	VB	2
departed	VBD	1
department	NN	5	NNP	3
departures	NNP	1
dependable	JJ	1
depending	VBG	1
depopulated	JJ	1
deposits	NNS	1
depot	NN	1
des	NNP	1
descendants	NNS	1
described	VBN	4
describes	VBZ	2
describing	VBG	1
desert	NN	8	NNP	2
deserted	VBN	1
design	NN	4
designated	JJ	1
designed	VBN	3
designer	NN	3
designers	NNS	1
designs	NNS	2
despite	IN	6
destination	NN	3
destinations	NNS	2
destined	VBN	1
destroyed	VBN	3	VBD	2
destruction	NN	2
detail	NN	1
determination	NN	1
determined	VBN	1
determinedly	RB	1
determines	VBZ	1
detour	NN	2
deus	NNP	1
devastating	JJ	1
devastation	NN	1
develop	VB	2
developed	VBN	3	JJ	1
development	NN	8
devoted	VBN	1
devotions	NNS	1
devout	JJ	1
dialogue	NN	1
diamonds	NNS	1
diary	NNP	1
diating	VBG	1
dice	NNS	2
dictates	VBZ	1
did	VBD	8
didn	NN	2
die	VB	1
died	VBD	2
different	JJ	4
difficult	JJ	1
difficulty	NN	1
diligently	RB	1
diminish	VB	1
dine	NN	3
dining	NN	2	NNP	1
dinner	NN	5
diocese	NN	1
diplomacy	NN	1
direct	JJ	1
directed	VBD	1
direction	NN	2
directions	NNS	1
directly	RB	1	NNP	1
directory	NNP	1
disappeared	VBD	1
disastrous	JJ	1
discipline	NN	1
disco	NN	1
discount	NN	2
discovered	VBN	3
discoveries	NNS	1
discovering	VBG	1
discovery	NNP	3	NN	1
discreetly	RB	1
discrimination	NN	1
discussions	NNS	1
disease	NNP	1
disembark	VBP	1
dish	NN	1
disparate	JJ	1
display	NN	2
displays	NNS	3
displeased	JJ	1
dispute	VB	1
disrupting	VBG	1
dissatisfied	VBN	2
dissidents	NNS	1
distance	NN	2
distant	JJ	1
distinction	NN	1
distinctive	JJ	1
distinctly	RB	1
district	NN	5	NNP	3
divided	VBN	7
divorce	NN	1
dizzying	JJ	1
do	VBP	10	VB	3
dock	NN	1
document	NN	1
documents	NNS	1
dodecanese	NNP	6
does	VBZ	3
dogs	NNS	3
doing	VBG	2
dollar	NN	2
dollars	NNS	2
dollymount	NNP	1
dolphin	NNP	1
dolphins	NNS	1
dome	NNP	2	NN	1
dominant	JJ	1
dominated	VBN	2
domination	NN	1
don	VB	2
donation	NN	1
door	NN	1
doors	NNS	3
doorways	NNS	1
dorians	NNP	1
dose	NN	2
double-decker	JJ	2
down	RB	5	RP	3	IN	2
downhill	RB	1
downs	NNS	1
downtown	NN	2
dr	NNP	3
dragons	NNS	1
draining	VBG	2
drama	NN	3
dramatic	JJ	2
dramatically	RB	2
draw	VB	1	NN	1
drawing	VBG	1
drawn	VBN	1
draws	VBZ	1
dreams	NNS	2
dress	NN	1
dried	VBD	1
drink	NN	2
drinks	NNS	1
drive	NNP	1	NN	1
driven	VBN	1
driver	NN	1
drivers	NNS	2
driveway	NN	1
drowning	VBG	1
drums	NNS	1
dry	VB	1	JJ	1
drying	VBG	1
dubbed	VBD	1
dubbing	VBG	1
dublin	NNP	29
dubliner	NNP	1
dubliners	NNP	1
duck-breeding	JJ	1
ducks	NNS	2
due	JJ	2
duly	RB	1
dunes	NNPS	1
during	IN	20
dusk	NN	1
dutch	NNPS	1	JJ	1
duties	NNS	1
duty	NN	2
duty-free	JJ	5
dynasties	NNS	2
dynasty	NN	6	NNP	4
dyna­sty	NNP	1
dão	NNP	1
each	DT	6
eager	JJ	2
ear	NN	1
earlier	JJR	1
earliest	JJS	3
early	JJ	16	RB	2
earned	VBD	1
earrings	NNS	1
earth	NN	2
earthquake	NN	1
eased	VBN	1
easier	JJR	1
easiest	JJS	2
easily	RB	1
east	NNP	18	JJ	16
easter	NNP	1
eastern	JJ	6	NNP	2
east–	NNP	1
easy	JJ	6
eat	VB	1
eating	VBG	1
ebbing	VBG	1
eccentric	JJ	1
economic	JJ	3	NNP	2
economies	NNS	1
economy	NN	4
education	NN	1
edward	NNP	2
edwardian	NNP	3
effect	NN	1
effective	JJ	1
effects	NNS	2
efficient	JJ	1
effort	NN	2
egypt	NNP	4
egyptian	NNP	1	JJ	1
eight	CD	3
eight-day	JJ	1
either	CC	1
ejected	VBN	1
el	NNP	1
el-	NNP	1
el-aksa	JJ	1
elaborate	VB	3
elbow	NN	1
elderly	JJ	1
electric	JJ	1
electricity	NN	1
electronic	JJ	3
electronics	NNS	5	NNP	2
elegant	JJ	3
elegantly	RB	1
elements	NNS	2
elgin	NNP	1
eliminating	VBG	1
elizabeth	NNP	2
else	RB	3
elsewhere	RB	6
embalmed	JJ	1
embattled	JJ	1
embroidered	JJ	1
embroidery	NN	1
emerald-green	JJ	1
emerged	VBD	2
emerging	VBG	1
emperor	NNP	4
emphasis	NN	1
empire	NNP	15	NN	8
employment	NN	1
enclave	NN	4
enclosure	NN	1
end	NN	17	VB	1
endeavors	NNS	1
ended	VBD	1
ends	VBZ	3
enduring	VBG	2
enemies	NNS	1
energy	NN	1
enforce	VB	1
english	NNP	5
english-language	JJ	2
englishmen	NNP	1
enjoy	VBP	2	VB	1
enjoyed	VBN	1	VBD	1
enjoying	VBG	1
enlai	NNP	1
enlisted	VBD	1
enlivened	JJ	1
enormous	JJ	5
enough	RB	5
ensure	VB	1
ensured	JJ	2
enter	VB	4
entered	VBN	1
entering	VBG	2
enterprises	NNS	1
entertain	VB	1
entertainment	NN	7	NNP	3
enthralling	VBG	1
entire	JJ	1
entirely	RB	1
entrance	NNP	1	NN	1
entry	NN	2	NNP	1
enveloped	JJ	1
environment	NN	2
environments	NNS	1
epic	NN	3
equipment	NN	5	NNP	2
equipped	VBN	1
equivalent	NN	2
era	NN	8
erected	VBN	2
erupted	VBD	1
eruption	NN	1
escalated	VBN	1
escalator	NN	2	NNP	1
escalators	NNS	1
escape	VB	1	NN	1
escaped	VBD	2
escaping	VBG	1
especially	RB	11
essential	JJ	1
essentials	NNS	1
establish	VB	1
established	VBN	1	VBD	1
establishment	NN	3
establishments	NNP	1
estate	NN	1
estimated	VBN	1
estuary	JJ	1
ethnic	JJ	1
ethos	NN	1
eu	NNP	1
eurasia	NNP	1
europe	NNP	4
european	JJ	10	NNP	3
european-style	NNP	1
europeans	NNPS	1
evacuated	VBN	1
evaporated	VBD	1
even	RB	13	JJ	1
evening	NN	2
event	NN	2
events	NNS	2
eventually	RB	4
ever	RB	4
ever-changing	JJ	1
every	DT	12
everyone	NN	3
everything	NN	2
everywhere	RB	5
evidence	NN	2
evident	JJ	1
evocative	JJ	1
evoked	JJ	1
evolved	VBD	1
ex-pats	JJ	3
exact	JJ	1
exactly	RB	3
examine	VB	1
example	NN	2
examples	NNS	3
exam­inations	NNP	1
excalibur	NNP	1
excavate	NN	1
excavating	VBG	1
excellent	JJ	2
excels	NNS	1
excelsior	NNP	1
except	IN	1
exception	NN	2
exceptions	NNS	1
excess	JJ	1	NN	1
exchange	NN	2	NNP	1
excitement	NN	3
exciting	JJ	3	NNP	1
exclusive	JJ	2
exclusively	RB	1
excursion	NNP	4	NN	1
excursions	NNS	1
executed	VBN	1
execution	NN	2
exercises	VBZ	2
exhibition	NN	4	NNP	1
exhibitions	NNS	1
exhibits	VBZ	4	NNP	1	NNS	1
exhilarating	JJ	2
exile	NN	1
exiles	NNS	1
existence	NN	2
existing	VBG	2
exists	VBZ	1
exotic	JJ	4
expand	VB	1
expanded	VBN	4	VBD	2
expanding	VBG	1
expansion	NN	1
expect	VBP	1
expectations	NNS	3
expensive	JJ	6
experience	NN	3	VB	1
expert	NN	3
expertise	NN	1
experts	NNS	2
explains	VBZ	1
explorations	NNS	1
explore	VB	2
explored	JJ	1
explorer	NN	2	NNP	1
explosive	JJ	1
export	NNP	1
exporter	NN	1
exposure	NN	1
express	VB	1	JJ	1
expressways	NNS	1
extension	NN	1
extensive	JJ	1
extent	NN	1
extraordinarily	RB	1
extravagant	JJ	1
extravaganza	NN	1
extremely	RB	3
eye	NN	1
eye-popping	JJ	1
eyes	NNS	1
f	NN	1
fabled	JJ	1
fabrics	NNS	2	NNP	1
face	NN	1
facilities	NNS	3
facility	NN	2
facing	VBG	2
fact	NN	5
factories	NNS	2
factors	NNS	1
factory	NN	5	NNP	3
failings	NNS	1
faint	JJ	1
fair	NNP	3	JJ	1
faith	NN	4
faithful	NN	1
fake	NN	1
fakes	NNS	1
fall	VB	1
familiar	JJ	2
families	NNS	4
family	NN	3	NNP	1
family-owned	JJ	1
famous	JJ	11
fancifully	RB	1
fancy	JJ	1
fanling	NNP	3
fans	NNS	1
fantan	NN	1
fantasy	NN	1
far	RB	6	NNP	1
farmed	JJ	1
farmer	NN	1
farming	NN	1	VBG	1
farmland	NN	2
farmlands	NNS	1
farms	NNS	2
farther	NNP	6
farthest	JJS	1
fascinate	NN	1
fascinating	JJ	2
fashion	NN	2
fashionable	JJ	2
fashioned	VBN	1
fat	NNP	1
fate	NNP	1	NN	1
favorite	JJ	3
façade	NN	3
feast	NNP	1
feature	VBP	1
featured	VBN	1
features	VBZ	2
featuring	VBG	1
february	NNP	2
fed	VBN	1
feeding	VBG	1
feel	VBP	1
feels	VBZ	1
feet	NNS	1
fell	VBD	3
felt	VBD	1
feng	NN	3
ferried	JJ	1
ferries	NNS	6	NNP	1
ferry	NN	12	NNP	10
ferryboat	NN	1
ferryboats	NNS	1
fertile	JJ	1
festival	NNP	5	NN	1
festivals	NNS	1
feudal	JJ	1
feverish	NN	1
few	JJ	9
fewer	JJR	1
fiefdoms	NNS	1
field	NN	1
fierce	JJ	1
fifteen	NN	1
fifth	JJ	2
fifty	NN	1
fighting	VBG	3	NN	1
figure	NN	2
figures	NNS	4
filled	VBN	1
film	NNP	1	NN	1
films	NNS	4	NNP	1
final	JJ	4
finally	RB	7
finance	VB	1
financed	VBD	1
financial	JJ	2
financially	RB	1
find	VB	17	VBP	3
fine	NN	4
finely	RB	1
finest	JJS	1
finished	VBN	2
finishing	VBG	1
fire	NN	2
fired	VBD	2
first	JJ	15	RB	3	CD	1
first-ever	JJ	1
first-rate	JJ	1
fish	NN	6
fished	JJ	1
fishermen	NNS	3
fishing	NN	5	VBG	2
fit	VB	1
fitted	JJ	1
five	CD	5
five-story	JJ	1
fixed	VBN	1
flag	NN	2
flagstaff	NNP	1
flagstoned	JJ	1
flair	NN	1
flamingo	NNP	3
flanked	JJ	1	VBN	1
flared	VBN	1
flash	VBP	1
flashes	NNS	1
flat	JJ	1
flavor	NN	1
flavors	NNS	2
flea	NN	1
fled	VBD	1
fleeing	VBG	2
fleet	NN	1
flight	NN	1
floating	VBG	4
flood	NN	1
floor	NN	3
floors	NNS	2
flotilla	NN	1
flourished	VBN	4	VBD	1
flowed	VBD	1
flower	NNP	2	NN	1
flowered	JJ	1
flowers	NNS	2
flowing	VBG	2
flows	NNS	1
focal	JJ	1
focus	NN	2
foe	NN	1
fold	VB	1
folk	NNP	2	NN	1
folklore	NN	2
folksong	NN	1
follow	VBP	1	VB	1
followed	VBN	5
followers	NNS	1
following	VBG	4
folly	NNP	1
fong	NNP	2
food	NN	10	NNP	1
food-processing	NN	1
foot	NN	2
foothold	NN	2
for	IN	213
force	NN	4	NNP	1
forced	VBN	4
forcefully	RB	1
forces	NNS	8
ford	NN	1
forefathers	NNS	1
foreign	JJ	4
foreigners	NNS	1
forever	RB	1
forgotten	VBN	1
form	NN	4
formal	JJ	4
formation	NN	1
formations	NNS	1
formed	VBN	1
former	JJ	4
formerly	RB	3
formidable	JJ	3
forming	VBG	1
forms	NNS	2	VBZ	1
fort	NN	5
fortifications	NNS	1
fortified	VBN	2
fortress	NNP	2	NNS	2
fortress-like	JJ	1
fortuitous	JJ	1
fortune	NN	2
fortune-tellers	JJ	1
fortunes	NNS	1
forty	NN	2
foshan	NNP	5
fossils	NNP	1
foster	NNP	1
fought	VBD	1
found	VBD	5	VBN	2
foundation	NN	3
founded	VBD	5	VBN	2
founder	NN	3
founding	NN	2
fountain	NN	2
fountains	NNP	1	NNS	1
four	CD	7
four-level	JJ	1
four-story	JJ	1
fourth	JJ	1
fraction	NN	1
fragile	JJ	1
fragmented	VBN	1
frame	NN	1
francis	NNP	1
frank	NNP	2
fray	NN	1
frederick	NNP	1
free	JJ	8	NNP	1
freedom	NN	1
freely	RB	1	NNP	1
freeways	NNS	1
freighters	NNS	2
fremont	NNP	2
french	NNP	1
frenetic	JJ	1
frescoes	NNS	1
fresh	JJ	4
freshwater	NN	2
friday	NNP	3
friday–	NNP	1
friend	NN	1
friendly	JJ	2
friendship	NNP	1
friezes	NNS	1
frin	NNP	1
fringe	NNP	1
frolicking	VBG	1
from	IN	146
front	NN	2	JJ	1
frontier	NNP	1	NN	1
frontón	NN	1
fruit	NN	1
ft	NN	6
ft-	NN	1
fu	NNP	2	NN	1
fulfillment	NN	1
full	JJ	3
full-size	JJ	1
fully	RB	1
fun	NN	3
functions	NNS	1
fund	VB	1
funerals	NNS	1
funerary	JJ	1
fung	NNP	1
funicular	NN	1
furnishings	NNS	1
furniture	NN	8	NNP	1
further	JJ	1
fury	NN	1
fusion	NN	1
future	NN	4	JJ	1
futuristic	JJ	1
gadgets	NNS	2
gaining	VBG	1
galilee	NNP	5
galleria	NNP	1
galleries	NNS	2
gallery	NN	3	NNP	1
galore	NN	1
gam	NN	1
gamblers	NNS	1
gambling	NN	9	NNP	2
game	NN	2
games	NNS	2
gaming	NN	4
gangplank	NN	1
garden	NNP	8	NN	4
gardens	NNS	8	NNPS	3
garish	NN	1
garment	NN	1
garments	NNS	3
gass	NNP	5
gate	NNP	4	NN	3
gates	NNS	2
gateway	NN	2
gathered	VBD	1
gathering	NN	3
gau	NNP	1
gave	VBD	1
ge	NN	1
geared	VBN	1
geldof	NNP	1
gemstones	NNS	1
general	NNP	2	JJ	1
generally	RB	2
generals	NNS	1
generation	NN	2
generators	NNS	1
genesis	NNP	1
genoese	NNP	3
genuine	JJ	1
geographic	JJ	1
geographical	JJ	1
geography	NN	2
georgian	JJ	1
germans	NNPS	2
germany	NNP	1
get	VB	12	VBP	3
getaway	NN	1
getaways	NNS	1
giant	NN	2	JJ	1
gift	NN	2
gifts	NNS	1
gigantic	JJ	1
gihon	NNP	1
gilt	JJ	1
give	VBP	1	VB	1
given	VBN	1
gives	VBZ	1
glaciers	NNS	1
glamorous	JJ	2
glass	NN	5
glimpse	NN	5
glimpses	NNS	1
glittering	VBG	2
glories	NNS	1
gloucester	NNP	2
go	VB	9	VBP	3	NNP	1	NN	1
goats	NNS	1
god	NN	3	NNP	2
goddess	NN	4
godfrey	NNP	2
gods	NNS	3
goes	VBZ	7
gold	NN	6
gold-plated	JJ	1
golden	NNP	3	JJ	2
goldfish	NN	1
golf	NNP	5	NN	2
golgotha	NNP	1
gone	VBN	2
good	JJ	16	NNP	1
goods	NNS	10	NNP	1
got	VBD	1
gourmets	NNP	1
gout	NN	1
government	NN	7	NNP	6
governor	NN	3
grace	NN	1
gracefully	RB	1
gracious	JJ	1
gradually	RB	1
graduates	NNS	1
graffiti	NNP	1
grafton	NNP	1
grains	NNS	1
grams	NNS	1
grand	JJ	5	NNP	4
grande	NNP	1
grandeur	NN	1
grandstand	NN	1
granted	VBD	1
grants	NNS	1
grasses	NNS	1
graveyard	NN	1
great	JJ	15	NNP	5
greater	JJR	3
greatest	JJS	1
greatness	NN	1
greece	NNP	14
greek	JJ	20	NNP	2
greek-ruled	NNP	1
greeks	NNPS	2
green	NNP	4	JJ	2
green-and-white	JJ	1
greenhouse	NN	1
greet	VB	1
gregory	NNP	1
grew	VBD	1
greyhound-racing	JJ	1
grossing	VBG	1
grotto	NNP	1
ground	NN	2
grounds	NNS	1
groups	NNS	3
grow	VB	2	VBP	1
growing	VBG	6
grown	VBN	3
grows	VBZ	1
growth	NN	4
guangdong	NNP	1
guangzhou	NNP	24
guarantee	NN	4	VBP	1
guaranteed	VBN	1
guard	NN	1
guards	NNPS	1
guess	VBP	1
guest	NN	1
guide	NNP	2	NN	2
guided	NNP	1	VBN	1
guides	NNS	1
gulls	NNS	1
gun	NN	2	NNP	1
gunboats	NNS	1
gunnery	NNP	1
gunwale	NN	2
ha	NN	1
habitation	NNP	1
hac	NNP	1
had	VBD	36	VBN	1
hadrian	NNP	1
haggling	VBG	1
hai	NNP	1
hakka	NNP	2
half	NN	3	PDT	2
half-hour	NN	1
halfway	RB	1
hall	NNP	7	NN	3
halls	NNS	5
halt	NN	2	VB	1
halted	VBD	1
hamlets	NNS	1
han	NNP	3
hand	NN	3
hand-carved	JJ	1
hand-knotted	JJ	1
hand-painted	JJ	1
handed	VBN	1
handful	NN	1
handicrafts	NNS	2
handiest	NN	1
handmade	JJ	1
handover	NN	2	NNP	1
hands	NNS	4
hang	NNP	2	VBP	1
hanging	VBG	3
hanukkah	NNP	1
happen	VB	2
happened	VBD	1
happening	VBG	1
happily	RB	1
happy	NNP	3
harbor	NN	13	NNP	4
harbors	NNS	1
harbour	NNP	3
hard	JJ	2
hardship	NN	1
hardworking	JJ	1
harlech	NNP	1
harmony	NN	1
harness-racing	JJ	1
harsh	JJ	1
harshness	NN	1
harvest	NN	2
has	VBZ	84
hasmonean	NNP	2
hasmoneans	NNP	1
hated	VBN	1
hats	NNS	1
hau	NNP	6
haunting	NN	1
haunts	NNS	1
have	VBP	40	VB	16
haven	NN	1
having	VBG	1
haw	NNP	2
hawsers	NNS	1
hazor	NNP	1
he	PRP	25
head	NN	2
headaches	NNS	1
headed	VBN	2
headquarters	NN	1
heads	VBZ	1
heady	JJ	1
health	NN	2
hear	VB	2
heard	VBN	1
heart	NNP	1
hearty	JJ	2
heaven	NNP	2
heavens	NNP	2	NNS	1
heavily	RB	2
heavy	JJ	3
hebrew	NNP	2
hectares	NNS	5
heirlooms	NNS	1
held	VBN	6	VBD	3
helen	NNP	3
helena	NNP	1
hellenistic	NNP	5
hello	UH	1
help	VB	3
helped	VBD	2	VBN	1
helpful	JJ	1
helps	VBZ	1
henderson	NNP	1
hennessy	NNP	1
henrique	NNP	1
her	PRP$	5
heralded	VBN	1
heralding	VBG	1
herb	NN	1
herbalists	NNS	1
herbs	NNS	1
here	RB	40
heritage	NNP	2	NN	1
herod	NNP	6
herodian	NNP	1
heroic	JJ	1
herzl	NNP	2
hewn	VBN	1
hezekiah	NNP	1
hidden	VBN	1
high	JJ	10
high-diving	JJ	1
high-rise	JJ	2
high-tech	JJ	1
highest	JJS	3
highland	NN	2
highlight	NN	2
highly	RB	3
highrise	NN	1
highway	NN	3	NNP	2
hike	NN	2
hikers	NNS	1
hikes	NNS	1
hiking	NN	4	NNP	1
hill	NN	5
hills	NNS	1
hillside	NN	2
hillsides	NNS	1
hilltop	NN	1
hilltops	NNS	1
hilly	JJ	1
hilton	NNP	1
him	PRP	2
himself	PRP	2
hing	NNP	4
hinterland	NN	1
his	PRP$	37
historic	JJ	9
historical	JJ	3
historically	RB	1	NNP	1
history	NN	23
hk	NNP	13
hkta	NNP	7
hoi	NNP	1
hold	VBP	2	VB	1	NN	1
holds	VBZ	3
hole	NN	1
holes	NNS	1
holiday	NN	1
holiest	JJS	1
hollywood	NNP	13
holy	NNP	8	JJ	3
hom	NNP	1
home	NN	15
homeland	NN	1
homer	NNP	2
homes	NNS	3
homestyle	NN	1
honeychurch	NNP	1
hong	NNP	167
hongkong	NNP	1
honor	NN	1
honors	NNS	1
hoover	NNP	4
hope	NN	1
hopes	VBZ	1
hordes	NNS	1
horizon	NN	1
horns	NNS	1
horse	NN	1
horseracing	NNP	2
horses	NNS	4
hospital	NNP	1
hospitality	NN	2
hospitals	NNS	1
host	NN	1
hosted	VBD	1
hostess	NNS	1
hot	JJ	1
hotel	NN	6	NNP	4
hotels	NNS	14	NNPS	1
hour	NN	6
hours	NNS	7
house	NNP	9	NN	4
houseboats	NNS	2
houses	NNS	6	VBZ	4
housing	NN	5
how	WRB	8
howard	NNP	1
however	RB	18
huaisheng	NNP	1
huge	JJ	2
hughes	NNP	7
human	JJ	2
humans	NNS	1
hundred	CD	1
hundreds	NNS	3
hung	NNP	2	VBN	1
hungry	JJ	2
hunting	NN	1	VBG	1
husband	NN	1
husbands	NNS	1
hyatt	NNP	1
i	PRP	5
i.m.	PRP	1
iam	NNP	1
iberian	NNP	1
idea	NN	2
ideal	JJ	2
ideas	NNS	1
identified	VBN	3
identify	VB	1
identity	NN	1
idols	NNS	1
idumea	NNP	1
idyllic	JJ	1
ieoc	NNP	1
if	IN	20
ii	NNP	7
iliad	NNP	1
illegal	JJ	2
illuminated	JJ	1
im	NN	1
image	NN	2
imaginable	JJ	1
imagination	NN	1
imaginative	JJ	1
imagined	VBD	1
imax	NNP	1
immediate	JJ	2
immediately	RB	2
immigrants	NNS	1
immigration	NN	1
immortalized	JJ	1
impact	NN	1
imperial	NNP	1
impiety	NN	1
importance	NN	1
important	JJ	13
imported	VBN	2	NNP	1
importing	VBG	1
imports	NNS	1
imposes	VBZ	1
imposing	VBG	1
impoverished	VBN	1
impression	NN	1
impressive	JJ	5
improve	VBP	1
in	IN	509
inauguration	NN	1
incense	NN	4
incensed	JJ	1
inches	NNS	1
incidents	NNS	1
incline	NN	1
include	VBP	6	VB	1
included	VBD	1	VBN	1
includes	VBZ	2
including	VBG	17
increase	VB	1	NN	1
increased	VBN	1
increasing	VBG	1
increasingly	RB	2
indefatigable	JJ	1
independence	NNP	1	NN	1
independent	JJ	2
india	NNP	1
indians	NNPS	2
indicate	VBP	1
indigenous	JJ	1
individual	JJ	1
industrial	NNP	2	JJ	2
industries	NNS	2
industry	NN	3
inevitably	RB	1
inexpensive	JJ	2
inexpensively	RB	1
infant	NN	1
infante	NNP	1
infants	NNS	1
infighting	NN	1
infiltrated	VBN	1
infiltration	NN	2
inflation	NN	1
influence	NN	10
influenced	VBN	2
influences	VBZ	1
influx	NN	2
information	NN	4
infrastructure	NN	1
ingenious	JJ	1
ingredients	NNS	2
inhabitants	NNS	3
inhabited	VBN	4
inherent	JJ	1
inheritance	NN	1
initial	JJ	2
inland	RB	4	NNP	1
inlet	NN	2
inn	NNP	2	NN	1
innocuous	JJ	1
innovative	JJ	1
inns	NNS	1
inquire	NN	1
inroads	NNS	1
inscription	NN	1
inscrutable	JJ	1
insect	NN	1
inside	IN	5	JJ	1
installed	VBN	1	VBD	1
instant	JJ	1
instincts	NNS	1
institute	NNP	4	NN	1
instituting	VBG	1
institution	NN	2
institutions	NNS	1
instruct	VB	1
instruments	NNS	1
insurance	NN	2
insurrection	NN	1
intact	JJ	3
intensive	JJ	1
intent	NN	1
interactive	JJ	3
interest	NN	2	VB	1
interesting	JJ	9
interestingly	RB	1
interior	NN	1
internal	JJ	1
international	JJ	11	NNP	2
international-style	JJ	1
interpreted	VBN	1
interspersed	VBN	1
intimate	JJ	1
into	IN	29
intoxicating	VBG	1
intricate	JJ	1
intrigue	NN	1
intriguing	JJ	1
introduced	VBD	1
invaded	VBD	1
invaders	NNS	3
invaluable	JJ	1
invasion	NN	3
invasions	NNS	1
investigating	VBG	1
investigation	NN	1
investment	NN	2
investments	NNS	2
inviting	VBG	1
iran	NNP	1
ireland	NNP	4
irish	JJ	7
iron	NN	3
ironic	JJ	1
ironmongers	NNS	1
irreverent	JJ	1
irrigated	JJ	1
irrigates	NNS	1
irrigation	NN	1
is	VBZ	307	NNS	1
isaac	NNP	1
islam	NNP	2
islamic	NNP	4
island	NN	30	NNP	19
islanders	NNS	2
islands	NNS	38	NNP	11
isolated	VBN	1
isolation	NN	1
israel	NNP	5
israeli	JJ	4
israelite	NNP	1
israelites	NNP	1
issue	VB	1
istanbul	NNP	1
it	PRP	117
italian	JJ	1
italians	NNPS	1
italy	NNP	1
item	NN	2
items	NNS	2
its	PRP$	104
itself	PRP	3
iv	NNP	1
ivory	NN	1
jack	NNP	1
jackets	NNS	1
jade	NN	8	NNP	3
jaffa	NNP	2
jaffe	NNP	1
jai-alai	NNP	1	JJ	1
james	NNP	2
january	NNP	2
japan	NNP	2
japanese	JJ	6	NN	1
jardine	NNP	3
jazz	NN	5
jebusites	NNP	1
jerusalem	NNP	56
jesuit	NNP	1
jesuits	NNP	1
jesus	NNP	8
jetfoil	NN	1
jetfoils	NNP	1
jewellery	NNP	1
jewelry	NN	6
jewish	JJ	16	NNP	1
jews	NNPS	9	NNS	1
jia	NNP	1
jobs	NNS	1
jockey	NNP	2	NN	1
joe	NNP	1
joey	NNP	1
jogging	NNP	1	NN	1
john	NNP	6
joined	VBN	1	VBD	1
jones	NNP	1
jordan	NNP	2
jordanian	NNP	1
jorge	NNP	1
joseph	NNP	2
joss	NNS	2
journey	NN	2
joyce	NNP	2
joys	NNS	1
jr	NNP	2
judah	NNP	3
judaism	NNP	1
judea	NNP	3
july	NNP	1
junction	NN	1
june	NNP	3
jungle	NN	2
junk	NN	2
junks	NNS	6
jupiter	NNP	1
just	RB	27
justice	NN	1
juxtaposition	NN	1
kafeneion	NN	1
kam	NNP	1
kansu	NNP	2
karaoke	FW	1
kat	NNP	2
kcr	NNP	3
keep	VBP	1	VB	1
kelly	NNP	1
kemal	NNP	1
keno	NNP	1
kept	VBD	2
kid	NNP	1
killer	NN	1
killiney	NNP	1
kind	NN	5
kinds	NNS	5
king	NNP	6
kingdom	NN	5	NNP	3
kingdoms	NNP	1	NNS	1
kings	NNPS	1
kitchen	NN	2
km	NN	9
knell	NN	1
knights	NNP	2	NNS	1
knock-off	NN	1
knocks	VBZ	1
know	VBP	2
know-how	NN	1
knowle­dgeable	NNP	1
known	VBN	21	JJ	1
knowth	NNP	1
ko	NNP	1
kochba	NNP	1
kok	NNP	2
kollek	NNP	1
kong	NNP	167
koon	NNP	1
koran	NNP	1
kos	NNP	1
kowloon	NNP	20
kowloon-	NNP	2
kowloon–	NNP	1
kun	NNP	2
kung	NNP	3
kwai	NNP	4
kwu	NNP	1
l	NN	1
la	NNP	3	FW	1
labels	NNS	1
laboratory	NN	1
labyrinths	NNS	1
lacking	VBG	1
lacquerware	NN	1
ladder	NNP	1
laid	VBN	1	VBD	1
laid-back	JJ	1
lair	NN	1
lake	NNP	7	NN	3
lakes	NNS	2
lamma	NNP	7
lamp	NN	1
lan	NNP	2
land	NN	23	NNP	3
landed	VBD	2
landlord	NN	1
landmark	JJ	1
landmarks	NNS	1
lands	NNS	3
landscape	NN	1
landscaped	JJ	2
lane	NNP	3	NN	1
lanes	NNS	3
lantau	NNP	13
lanterns	NNS	1
lap	NNP	1
large	JJ	16
largely	RB	4
larger	JJR	1	NNP	1
largest	JJS	12
largo	NNP	1
las	NNP	61
lascar	NNP	1
last	JJ	5	NN	3
lasted	VBD	1
lasting	JJ	2
late	JJ	6
later	RB	9
latest	JJS	4
latin	NNP	1
launch	VB	1
law	NNP	1
lawford	NNP	1
laws	NNS	1
lay	VB	5	VBP	1	VBD	1
lead	VB	1
leader	NN	2
leaders	NNS	3
leading	VBG	3
leads	VBZ	2
leaf	NN	1
league	NNP	3	NN	2
leal	NNP	1	NN	1
learn	VB	1
least	JJS	3
leather	NNP	2	NN	2
leave	VB	5	VBP	2
leaves	VBZ	1
leaving	VBG	3
lebanon	NNP	1
lectures	VBZ	1
led	VBN	6	VBD	2
lee	NNP	1
left	VBN	3	VBD	2
left-hand	JJ	1
leftovers	NNS	1
legacy	NN	1
legal	JJ	1
legalization	NN	1
legalizing	VBG	1
legations	NNS	1
legend	NNP	1	NN	1
legendary	JJ	3
legends	NNS	2
legions	NNS	1
legislative	NNP	1
legislator	NN	1
legislators	NNS	1
legislature	NN	2
legitimacy	NNP	1	NN	1
legitimate	JJ	2
legitimization	NN	1
legs	NNS	1
lei	NNP	2
leisure	NN	1
lengthiest	NN	1
leopold	NNP	1
less	RBR	5	JJR	3
lessons	NNS	1
lesvos	NNP	3
lethargy	NN	1
level	NN	1
levels	NNS	3	NNP	1
liberated	VBD	1
library	NN	1
licensed	VBN	1
lies	VBZ	1
life	NN	15	NNP	1
lifeguards	NNS	2
lifestyle	NN	1
liffey	NNP	4
light	JJ	4
lightning-fast	JJ	1
lights	NNS	1
like	IN	8
likely	JJ	2
likes	NNS	1
lim	NNP	1
limit	VB	1
lin	NNP	1
line	NN	6
lined	VBN	4
lines	NNS	2
ling	NNP	1
linguado	NN	1
lining	VBG	1	NN	1
link	NN	1
linking	VBG	1
links	VBZ	1
lion	NNP	1	NN	1
lions	NNS	1
lisboa	NNP	1
listed	VBN	2
listings	NNS	1
literally	RB	3
literary	JJ	1
literature	NN	5	NNP	1
little	JJ	6
liu	NNP	2
live	VB	12	VBP	1	JJ	1
lived	VBD	4	VBN	1
liveliest	JJS	2
lively	JJ	2
lives	NNS	2
living	VBG	3
ll	NN	1
lo	NNP	4
loan	NN	1
lobby	NN	2
local	JJ	17
locally	RB	3
locals	NNS	2
located	VBN	3
location	NN	1
lodge	VB	1
logo	NN	1
lok	NNP	1
long	JJ	10	RB	4	NNP	1
long-burning	JJ	1
long-time	JJ	1
longer	RB	8	JJR	3	RBR	2
longest	JJS	1
look	VB	9	NN	3	VBP	1
looking	VBG	2
lookout	NN	3
looks	VBZ	3
loose	JJ	1
los	NNP	6
losing	VBG	2
loss	NN	1
lost	VBD	2
lot	NN	1
lots	NNS	2
lottery	NN	1
lou	NNP	1
loud	JJ	1
louis	NNP	1
lounge	NNP	1
love	NN	2	VBP	1
lovely	JJ	1
lover	NNP	1
low	NNP	2	NN	1
lower	JJR	6
lowering	VBG	1
lowland	NN	2
loyal	NNP	2	JJ	1
ltd	NNP	1
luard	NNP	1
luck	NNP	2	NN	2
lucky	NNP	1	JJ	1
lugard	NNP	1
luhu	NNP	1
lunch	NN	1
luring	VBG	1
lush	JJ	1
lusíadas	NNP	1
luxor	NNP	1
luxurious	JJ	2
luxury	NN	6
luís	NNP	1
lygdamis	NNP	1
lying	VBG	1
lyndhurst	NNP	1
lyrical	JJ	1
m	NN	6	NNP	1
m-	NN	1
ma	NNP	4
macabbees	NNP	1
macanese	NNP	3
macau	NNP	53
macau-	NNP	1
maccabee	NNP	2
macedon	NNP	1
macedonia	NNP	2
machine	NN	1
machines	NNS	2
maclehose	NNP	1
mad	JJ	1
made	VBN	12	VBD	9
made-to-measure	JJ	1
madeira	NNP	1
mafia	NNP	1
magic	JJ	1	NN	1
magical	JJ	2
magnesium	NNP	1
magnificent	NNP	1	JJ	1
mah-jong	JJ	3
maiden	NNP	2
mail	NN	2
mailmen	NNP	1
main	JJ	12	NNP	1
mainland	NN	6
mainly	RB	2
mainstay	NN	1
mainstream	NN	1
maintain	VB	1
maintaining	VBG	1
maintains	VBZ	2
mais	NNS	1
major	JJ	16	NNP	1	NN	1
majority	NN	1
make	VB	5	VBP	4	NN	3
makers	NNS	2
makes	VBZ	7	NNS	1
making	VBG	11
malahide	NNP	1
malarial	NN	1
male	JJ	1
mall	NN	3
malls	NNS	5	NNP	1
mameluke	NNP	2
mamelukes	NNP	1
mammals	NNS	1
man	NN	8	NNP	4
managed	VBN	1	VBD	1
management	NN	1
managerial	JJ	1
mandalay	NNP	1
mandarian	NNP	1
mandarin	NNP	2	NN	1
mandate	NNP	1	NN	1
manipulated	VBN	1
mansion	NN	3
mansions	NNS	1
manufacturer	NN	2
manufacturing	NN	2
manuscripts	NNS	1
many	JJ	56	DT	2	RB	1
manyof	NN	1
mao	NNP	1
map	NN	2
mapped	VBN	1
maps	NNP	1	NNS	1
marathon	NNP	1
marble	NN	2
march	NNP	1
marco	NNP	1
marine	NNP	1
marionette	NN	1
maritime	NNP	1
mark	VB	1	NNP	1
marked	JJ	1
market	NN	17	NNP	12
marketplaces	NNS	1
markets	NNP	2	NNS	1
marking	VBG	1
marks	VBZ	3	NNP	1	NNS	1
marquees	NNS	1
marriage	NN	1
married	VBN	1
martin	NNP	1
martyrs	NNS	1
mary	NNP	1
mar­ket	NNP	1
masada	NNP	1
mass	NN	1
massacre	NN	2
massive	JJ	6
masterworks	NNS	1
masts	NNS	1
matched	VBN	2
matches	VBZ	2
material	NN	1
materials	NNS	1
matheson	NNP	1
matter	NN	2
matthew	NNP	1
may	MD	20	NNP	3
mayor	NN	1
maze	NN	1
me	PRP	1
mead	NNP	1
meadows	NNS	1
meager	JJ	1
meal	NN	3
mean	NN	1
means	NNS	1
meant	VBN	2
measured	VBN	1
meat	NN	1
mecca	NNP	2	NN	1
mechanical	JJ	1
medical	NNP	1
medicinal	NN	1
medicine	NN	2
medina	NNP	1
mediocre	JJ	1
mediocrity	NN	1
mediterranean	NNP	7
medit­er­ranean	NNP	1
megalopolis	NNS	1
megiddo	NNP	1
melchzedik	NNP	1
melted	JJ	1
member	NN	6
members	NNS	3
membership	NN	2	NNP	1
memorabilia	NNS	1
memorable	JJ	1
memorial	NNP	2
men	NNS	3
mention	NN	1
mentioned	VBN	1
merchandise	NN	2
merchant	NN	1
merchants	NNS	1
merrion	NNP	1
mesopotamia	NNP	1
mesquita	NNP	1
messiah	NNP	1
met	VBD	1
metals	NNS	1
metamorphosis	NNS	1
metropolis	NNS	2
metropolises	NNS	1
mexican	JJ	1
mgm	NNP	1
miao	NNP	1
mid-	NNP	1
mid-levels	NNP	2	JJ	1
midday	NN	1
middle	NNP	5	NN	2
middleman	NN	1
midnight	NN	1
might	MD	4
migrated	JJ	1
migration	NN	1
mildly	RB	1
mile	NN	7	NNP	1
mile-post	JJ	1
milepost	NN	1
miles	NNS	5
military	JJ	2	NN	1
millennia	NN	1
millennium	NN	4
million	CD	6
millionaire	NN	1
millions	NNS	1
milos	NNP	2
minaret	NN	1
mind	NN	1
mineral	NN	1
miners	NNS	1
ming	NNP	1
mining	NN	1
minister	NN	2
ministering	VBG	1
minoan	NNP	2
minoans	NNP	1
minor	NNP	4	JJ	2
minutes	NNS	7
mirage	NNP	3
mirs	NNP	1
miserable	JJ	1
miss	VBP	1	VB	1
missed	VBN	1
missing	VBG	1
mission	NNP	1
missionaries	NNS	3
missionary	JJ	1
mithradates	NNP	1
mitsukoshi	NNP	1
mix	NN	2
mixture	NN	1
mo	NNP	4
moat	NN	1
mob	NN	9
mobsters	NNP	1
modeled	VBD	1
models	NNS	3
moderately	RB	1
modern	JJ	25	NNP	4
modernism	NNP	1
modernized	VBN	1
modest	JJ	2
momentous	JJ	1
moments	NNS	1
monarchists	NNS	1
monastery	NN	7	NNP	2
monday	NNP	5
monday–	NNP	2
monetary	JJ	1
money	NN	2
mongol	NNP	1
monkey	NN	1
monkeys	NNS	1
monte	NNP	1
month	NN	2
months	NNS	1
monument	NN	4
monuments	NNS	2
mood	NN	1
moon	NNP	2
moored	JJ	1
more	JJR	36	RBR	16
moriah	NNP	2
mormon	NNP	3
mormons	NNP	2
morning	NNP	1	NN	1
morrison	NNP	1
mosaics	NNS	1
mosque	NNP	2	NN	1
mosquitoes	NNS	1
most	RBS	35	JJS	13
mostly	RB	2
mother	NN	1
motion	NN	1
motorists	NNS	1
mount	NNP	8
mountain	NN	3
mountainous	JJ	1
mountains	NNPS	2	NNS	2
mountainside	NN	1
mounts	VBZ	1
move	NN	1
moved	VBD	4	VBN	3
movement	NN	3	NNP	1
movements	NNS	1
moving	VBG	2
mt	NNP	2
mtr	NNP	3
much	JJ	13	RB	9
muhammad	NNP	1
mui	NNP	1
multinational	JJ	2
mun	NNP	3
murdered	VBN	1
museu	NNP	1
museum	NNP	18	NN	11
museums	NNS	4
music	NN	7	NNP	1
musical	JJ	2
musicians	NNS	1
muslim	NNP	5
muslims	NNPS	5
mussolini	NNP	1
must	MD	4
mus­eum	NNP	1
mutual	JJ	1
mutuel	NN	2
mycenaeans	NNP	3
myceneans	NNP	1
mysterious	JJ	1
mysteriously	NNP	1
mystery	NN	1
mystique	NN	1
myth	NN	1
mythology	NN	1
naked	NNP	1
name	NN	9
named	VBN	2	VBD	1
names	NNS	3
narrow	JJ	7
narrowly	RB	1
natau	NNP	1
nathan	NNP	11
nation	NN	2
national	JJ	4	NNP	2
nationalism	NN	1
nationalities	NNS	2
nationhood	NN	1
nations	NNPS	3	NNS	1
native	JJ	2
nato	NNP	1
natural	JJ	5
nature	NN	4	NNP	1
nautical	JJ	1
naval	JJ	1
naxos	NNP	4
nazareth	NNP	1
near	IN	10
near-monopoly	NN	1
nearby	JJ	10
nearer	IN	1
nearest	JJS	1
nearly	RB	5
nebuchadnezzar	NNP	1
necessarily	RB	2
necks	NNS	1
ned	NNP	1
need	VBP	4	VB	1	NN	1
needed	VBD	2
needless	JJ	1
negev	NNP	1
negotiation	NN	1
negotiations	NNS	1
neighbor	NN	1
neighborhood	NN	1
neighborhoods	NNS	2
neighboring	VBG	1
neither	DT	1
nellis	NNP	1
neon	NN	1
nestorian	NNP	1
network	NN	2
neutral	JJ	2
neutrality	NN	1
nevada	NNP	5
never	RB	6
nevertheless	RB	1
new	JJ	51	NNP	28
new-born	JJ	1
newer	JJR	3
newest	JJS	1
newgrange	NNP	1
newly	RB	2
news	NN	1
newton	NNP	1
next	JJ	17	RB	1
nice	JJ	1
night	NN	12	NNP	2
night-and-day	JJ	2
nightclub	NN	1
nightclubs	NNS	2
nightlife	NN	6
nightmares	NNS	1
nine-meter	JJ	1
nine-story	JJ	1
nineteenth	NN	1
ninety	CD	1
no	RB	11	DT	10	UH	2
nobel	NNP	1
noblemen	NNS	2
noel	NNP	1
nome	NN	1
non-	NN	1
non-native	JJ	1
non-stop	JJ	2
none	NN	1
nonetheless	RB	1
noodle	NN	1
noon	NN	1
noonday	NNP	1
norman	NNP	1
north	RB	5	NN	5	NNP	2
northern	JJ	8	NNP	1
northernmost	NN	2
northwest	RB	2
nostalgic	JJ	1
not	RB	49
notable	JJ	1
note	VB	6	NN	1
nothing	NN	2
notice	NN	1
november	NNP	2
now	RB	28
nowhere	RB	1
nugget	NNP	1
null	-	34	NN	22	JJ	18	NNP	5	CD	4	RB	3	VBN	3	NNS	3	DT	3	IN	1	JJR	1	NNPS	1	VBG	1
number	NN	8
numbers	NNS	2
numerous	JJ	3
nurtured	VBD	1
nuttgens	NNP	1
não	NN	1
o	NNP	2
o'connell	NNP	2
oases	NNS	2
oasis	NN	1
objects	NNS	1
obligation	NN	1
obscure	JJ	1
observe	VB	2
obsidian	NN	2	NNP	1
obstacle	NN	1
obvious	JJ	1
occasional	JJ	3
occupation	NN	1
occupied	JJ	1
occupying	VBG	1
ocean	NNP	6
oceanarium	NNP	1
octavius	NNP	1
october	NNP	2
odd	JJ	1
odds	NNS	1
odyssey	NNP	1	NN	1
of	IN	791	RP	2
off	IN	6	RP	4
off-track	JJ	1
offer	VBP	3	NN	2
offered	VBN	3	VBD	1
offering	NN	1
offers	VBZ	7
office	NNP	3	NN	1
officers	NNS	1
offices	NNS	3
official	NNP	1	JJ	1	NN	1
officially	RB	2
officials	NNS	2
offshore	RB	1
often	RB	6
often-restored	JJ	1
old	JJ	16	NNP	5
older	JJR	3
oldest	JJS	11
olympic	NNP	1
omnimax	NNP	1
on	IN	197	RB	1
once	RB	17
once-glorious	JJ	1
one	CD	57
one-hour	JJ	2
one-third	NNP	1
ones	NNS	3
ongoing	JJ	1
only	RB	18	JJ	4
open	JJ	31
open-air	JJ	3
opened	VBD	6
opening	NN	1
opera	NN	6	NNP	1
operated	VBN	1
operation	NN	1
operations	NNS	2
operator	NN	1
operators	NNS	1
opportunist	NN	1
opportunities	NNS	2
opportunity	NN	3
opposite	NNP	2	JJ	2
opposition	NN	1
optical	JJ	1
optional	JJ	2
opulent	JJ	1
or	CC	65
orchestra	NNP	2
orchestras	NNS	1
orchestrating	VBG	1
order	NN	3
ordered	VBD	3
organize	VB	1
organized	NNP	1
oriental	JJ	1
orientation	NN	1
original	JJ	4
originally	RB	4
originated	VBN	1
ornamental	JJ	1
ornate	JJ	1
orthodox	NNP	2
os	NNP	1
other	JJ	27
others	NNS	5
otherwise	RB	1
ottoman	NNP	9
ottomans	NNP	4
ounces	NNS	1
ousted	VBN	1
out	IN	22	RP	6
outbreak	NN	1
outcry	NN	1
outdoor	JJ	1
outfitted	JJ	1
outings	NNS	1
outlawed	VBD	3
outlet	NN	2
outlets	NNS	3	NNP	1
outlying	JJ	6
outpost	NN	1
outra	NN	1
outrage	NN	1
outside	IN	4	JJ	1
outstanding	JJ	1
over	IN	27	JJ	1
overhead	NN	1
overjoy	NNP	1
overland	NN	1
overlooking	VBG	3
overnight	JJ	1
overpass	NN	1
overran	NN	1
overruns	NNS	1
overseas	JJ	1
overthrown	VBN	1
overtook	NN	1
overview	NN	1
own	JJ	9	VBN	2	VB	1
owned	VBN	1	VBD	1
owner	NN	1
owners	NNS	1
owning	NN	1
p	NN	1
pace	NN	3
pacific	NNP	6
pack	NNP	2	VB	1
package	NN	1
packages	NNS	1
packaging	VBG	1
packed	VBN	2
packers	NNPS	1
padded	JJ	1
pagan	NN	2
page	NN	20
pages	NNS	1
pagoda	NNP	3	NN	1
pagodas	NNS	3
pai	NNP	1
painted	VBD	1	VBN	1
painting	NN	4
paintings	NNS	1
paiutes	NNP	3
pak	NNP	1
palace	NN	3	NNP	2
palaces	NNS	2
palestine	NNP	5
palestinian	NNP	1
palestinians	NNPS	1
pall	NN	1
palm	NN	1
panda	NN	1
panorama	NN	1
panoramic	JJ	2
pants	NNS	1
papandreou	NNP	1
paper	NN	2
par	NN	1
paradise	NN	1
parallel	JJ	1
parallels	VBZ	1
paranoia	NN	1
parents	NNS	1
pari	NN	2
park	NNP	13	NN	12
parked	VBD	1
parkland	NN	1
parks	NNS	6
parnell	NNP	1
paros	NNP	3
part	NN	16
participant	NNP	1
particularly	RB	3
parties	NNS	1
partition	NN	1
partitioned	JJ	1
parts	NNS	4
party	NNP	1
partying	VBG	2
pass	VB	1
passengers	NNS	2	NNP	1
passion	NN	1
passover	NNP	2
passport	NN	1
past	JJ	11	NN	2	RB	1
paste	NN	1
pastimes	NNS	1
pataca	NN	1
path	NN	3	NNP	1
pathological	NNP	1
patmos	NNP	2
patriots	NNS	1
patron	NN	1
patroness	NNS	1
pattern	NN	1
patterns	NNS	1
paul	NNP	2
paulo	NNP	1
pavilion	NNP	1	NN	1
pavilions	NNS	1
pawn	NN	1
pay	VB	4	NN	1
payable	JJ	1
paying	VBG	1
peace	NN	3
peaceably	RB	1
peaceful	JJ	1
peacefully	RB	2
peak	NNP	17	NN	3
pearl	NNP	3
pearls	NNS	2
peasant	NNP	1
peasantry	NNP	1
peculiar	JJ	1
pedder	NNP	2
peddlers	NNS	1
pedestrian	JJ	1
pedicab	NN	1
pedicabs	NNP	1	NNS	1
pedro	NNP	1
pegged	VBN	1
pei	NNP	2
peking	NNP	1
pelicans	NNS	1
peloponnese	NNP	1
pendants	NNS	1
peninsula	NN	9	NNP	4
penthouse	NN	1
people	NNS	32	NNP	1
peoples	NNS	2
per	IN	2
percent	NN	5
perennial	JJ	1
perfect	JJ	3
perform	VB	2	VBP	1
performance	NN	3	NNP	1
performances	NNS	3
performers	NNS	1
performing	VBG	5
performs	VBZ	1
perhaps	RB	6
period	NN	10
periods	NNS	1
permanent	JJ	3
permitted	VBN	2	VBD	1
persecuted	VBN	1
persian	NNP	5
persians	NNP	3
pertaining	VBG	1
peter	NNP	1
pets	NNS	1
pharmacology	NN	1
philatelic	JJ	1
philharmonic	NNP	1
philip	NNP	1
phoenicia	NNP	1
phoenicians	NNP	2
phoenix	NNP	1
photo	NNP	2	NN	2
photographic	JJ	2
photographs	NNS	1
photos	NNP	1
physical	JJ	1
physically	RB	2
physician-revolutionary-statesman	JJ	1
pick	VB	3	NN	1
picking	VBG	1
picnicking	VBG	1
picture	NN	1
picturesque	NN	5
piece	NN	2
pieces	NNS	1
pier	NN	2
pile	NN	2
pilgrimage	NN	1
pilgrimages	NNS	1
pilgrims	NNS	3	NNP	1
pines	NNP	1
ping	NNP	3
pink	JJ	2
pioneer	NN	2
pioneering	JJ	1
pira	NN	1
pirate	NN	1
pirates	NNS	1
place	NN	26	NNP	4
placed	VBN	2
places	NNS	10
plague	VB	1
plain	NNP	1
plan	VBP	1	VB	1
planned	VBN	1
planning	VBG	1
plans	NNS	3
plant	NN	1
plantation	NN	1
plants	NNS	1
plate	NN	1
play	VB	4
played	VBD	2
player	NN	1
players	NNS	3
playgrounds	NNS	2
playing	VBG	2
plays	VBZ	3
plaza	NNP	2
pleasant	JJ	2
pleasantly	RB	1
pleasurable	JJ	1
pleasure	NN	2
plenipotentiary	JJ	1
plentiful	JJ	1
plenty	RB	1	NN	1
plight	NN	1
plots	NNS	1
plover	NNP	1
plumage	NN	1
plus	CC	1
pm	NN	29
po	NNP	5
pockets	NNS	1
poems	NNS	1
poet	NN	2
poetry	NN	2
poets	NNS	2
point	NN	7	VBP	2
pointed	VBN	2
points	NNS	2
policy	NN	1
polite	JJ	1
political	JJ	6
politically	RB	2
pollution	NN	1
polycrates	NNP	1
pompey	NNP	1
ponds	NNS	3
pools	NNS	1
poop	NN	1
pop	NN	3
pope	NNP	1
popular	JJ	17	NNP	1
popularly	RB	1
populated	VBN	1
population	NN	21
populations	NNS	2
porcelain	NNP	4	NN	4
porcelains	NNS	1
port	NN	5
portable	JJ	1
portas	NNP	1
portent	NN	1
porthole-shaped	JJ	1
ports	NNS	2
portugal	NNP	8
portuguese	NNP	13
position	NN	1
possessed	VBN	1
possibilities	NNS	1
possible	JJ	1
possibly	RB	1
post	NNP	3
post-mob	JJ	1
pot	NN	1
potent	JJ	1
potential	NN	1
pottery	NN	3
poured	VBD	1
poverty	NN	1
power	NN	8	VB	1
powerful	JJ	4
powerless	JJ	1
powers	NNS	1
powerscourt	NNP	1
practically	RB	2
practice	NN	1
pragmatic	JJ	1
praia	NNP	1
praise	NN	1
pray	NN	1
praya	NNP	1
prayer	NN	1
pre-dawn	JJ	1
precarious	JJ	1
predict	VBP	1
preeminent	NN	1
prehistoric	NNP	1	JJ	1
premier	NN	1
premises	NNS	1
prepared	VBN	1
preparing	VBG	1
presence	NN	3
present	JJ	5	VB	1	NN	1
present-day	JJ	1
presented	VBN	3
presently	RB	1
presents	VBZ	1
preservation	NN	3
preservationists	NNS	1
preserve	VB	1
preserved	VBN	2
preserves	VBZ	1
president	NN	1
presides	VBZ	1
pressure	NN	1
pressures	NNS	2
preventing	VBG	1
price	NN	4	NNP	1
priced	VBN	1
prices	NNS	13
pricey	JJ	1
priest	NN	1
priests	NNS	2
prima	NNP	1
primacy	NN	1
primarily	RB	2
prime	JJ	1
primitive	JJ	2
prince	NNP	1
princesses	NNS	1
principal	JJ	2
principally	RB	1
principles	NNS	2
prisms	NNS	1
prisoner	NN	1
private	JJ	4
prix	NNP	1
prize	NNP	1
prized	VBN	1
probably	RB	2
problem	NN	2	NNP	1
problems	NNS	1
procedures	NNS	1
process	NN	3
processions	NNS	1
produced	VBN	3	VBD	1
producing	VBG	4
product	NN	1
productions	NNS	2
products	NNS	1
professional	JJ	2
profits	NNS	1
program	NN	2
progress	NN	2
progressive	JJ	1
project	NN	3
projected	JJ	1
projections	NNS	1
projects	NNS	5
promenade	NN	3	NNP	1
promenades	NNS	1
promise	NN	1
promised	VBN	2	VBD	1
promising	JJ	1
promote	VB	3
promoters	NNS	1
promptly	RB	1
propelled	VBN	1
properly	RB	1
properties	NNS	3
property	NN	2
prophet	NNP	2
prophets	NNP	1
proportions	NNS	1
prospectors	NNS	1
prospects	NNS	1
prosperity	NN	5	NNP	2
prosperous	JJ	2
prostitution	NN	1
protect	VB	2
protection	NN	1
protestant	JJ	2
protesting	VBG	1
protests	NNS	1
proudly	RB	1
proved	VBD	1
proverbial	JJ	1
provide	VB	7
provided	VBN	1
provides	VBZ	5
providing	NNP	1
province	NNP	1	NN	1
prowess	NN	1
proximity	NN	1
ptolemies	NNP	1
ptolomeys	NNP	1
public	JJ	6	NN	1
publications	NNP	1
published	VBN	2	VBD	1
pubs	NNS	3	NNP	1
pumice	NN	1
punished	VBN	1
puppet	NN	3	NNP	1
purchases	NNS	4
purchasing	VBG	2
purports	VBZ	1
push-carts	JJ	1
pushed	VBD	2	VBN	1
put	VB	3	VBP	1	NN	1	VBD	1	VBN	1
putting	VBG	1
qing	NNP	2
quaint	JJ	1
qualities	NNS	1
quality	NN	4
quantities	NNS	1
quarter	NN	2
quarters	NNS	1
queen	NNP	6
queensway	NNP	2
question	NN	1
quickly	RB	2
quiet	JJ	2	NNP	1
quirk	NN	1
quite	RB	4
race	NN	2
racecourse	NNP	2
racetrack	NN	2
racetracks	NNS	1
racing	VBG	1
radio	NN	1
rafael	NNP	1
raid	NN	1
raided	VBD	1
raiding	VBG	1
raids	NNS	1
rail	NN	4
railroad	NN	9
railway	NN	4	NNP	3
rain	NN	2
raise	VBP	1
raised	VBD	3	VBN	1
rampant	JJ	3
rams	NNP	1
ran	VBD	1
ranch	NNP	4	NN	4
rancher	NN	1
ranching	VBG	1
rancho	NNP	1
range	NN	3
rangers	NNS	1
ranges	NNS	1
ranging	VBG	1
rank	NN	1
rapid	NNP	1	JJ	1
rare	JJ	2
rat	NNP	3
rather	RB	4
rattan	NNP	1
raunchy	NN	1
ravaged	VBN	1
raw	JJ	1
razed	VBN	1
re-created	JJ	1
reach	VB	7	VBP	2
reached	VBD	2
reaches	VBZ	1
readers	NNS	1
reading	NN	1
reads	VBZ	1
ready	JJ	2
ready-to-wear	NNP	1
real	JJ	8
really	RB	3
realm	NN	1
reappraised	VBN	1
reasonable	JJ	1
reassess	VB	1
rebelled	VBD	1
rebellion	NN	1
rebuild	VB	1
rebuilding	VBG	1
rebuilt	VBN	5	NNP	1
recaptured	JJ	1
receipt	NN	1
received	VBD	1
recent	JJ	2
recently	RB	1
recitals	NNS	1
reclaimed	VBN	3
reclamation	NN	4
reclusive	JJ	1
recognizable	JJ	1
recognized	VBN	1
recommended	VBN	1
recorded	VBN	1
records	NNS	3
recovery	NN	1
recreated	JJ	1
recreation	NN	1
recycled	VBN	1
red	NNP	2	JJ	2
redevelopment	NN	1
redirected	VBN	1
redressing	VBG	1
reduced	VBN	1
reeling	VBG	1
references	NNS	1
reflected	VBN	1
refreshingly	RB	1
refugees	NNS	2
regain	VB	1
regency	NNP	1
regime	NN	2
regiments	NNS	1
region	NN	4	NNP	1
regions	NNS	1
regular	JJ	1
regularly	RB	2
reign	NN	1
reigned	VBD	1
rein	NN	1
reinforcing	VBG	1
reins	NNS	1
reinvented	VBD	1
reinvigorate	VB	1
relations	NNS	1
relatively	RB	1
relax	VB	2
relaxation	NN	1
relaxing	VBG	1
releases	NNS	1
relegate	NN	1
reliable	JJ	1
relic	JJ	1
religion	NN	5	NNP	1
religions	NNS	1
religious	JJ	11
relinquish	VB	1
remain	VBP	2
remainder	NN	1
remained	VBD	5	VBN	1
remaining	VBG	1
remains	NNS	5	VBZ	4
remarkable	JJ	1
remarked	VBD	1
remind	VB	1
reminder	NN	1
remote	JJ	1
removal	NN	1
renamed	VBN	1	VBD	1
renaming	VBG	1
renewed	VBN	1
renowned	VBN	1
rent	NN	2
renting	VBG	1
rents	NNS	1
repair	NN	3
repercussions	NNS	1
repertory	NNP	1
replace	VB	1
replaced	VBN	5
replacing	VBG	1
replicas	NNS	2
replicate	VB	1
repopulated	JJ	1
report	NN	1
reports	NNS	1
represent	VBP	1	VB	1
repressive	JJ	1
reproduced	VBD	1
reproductions	NNS	1
republic	NNP	3
republicans	NNS	1
repulse	NNP	3
reputable	JJ	1
reputation	NN	3
reputed	VBN	1
required	VBN	2
resemble	VBP	1
resembles	VBZ	2
reservations	NNS	1
reserved	VBN	1
reservoir	NN	2
residence	NN	2
resident	NN	1
residential	JJ	3
residents	NNS	5
residing	VBG	1
resistance	NN	1
resolve	NN	1
resort	NN	9
resorts	NNS	4
resources	NNS	1
respect	NN	1
respectable	JJ	1
respected	VBD	1
respectively	RB	1
responded	VBD	1
response	NN	1
rest	NN	5
restaurant	NN	4
restaurants	NNS	16
rested	VBD	1
restoration	NN	2
restored	VBN	4	JJ	1	VBD	1
restrictions	NNS	1
result	NN	8
resulted	VBD	2
resulting	VBG	1
results	NNS	1
retail	JJ	3
retain	VBP	1
retaining	VBG	1
retake	NN	1
retaliation	NN	1
retreat	NN	1
retreats	NNS	1
return	VB	1	NN	1
returned	VBD	3
returning	VBG	2
reunited	VBN	1
reveal	VBP	1
revelation	NNP	1
revenues	NNS	2
revered	JJ	1
reverted	VBN	1
revisit	VB	1
revival	NN	1
revived	VBN	1
revolt	NN	2
revolution	NNP	3	NN	1
rheumatism	NN	1
rhodes	NNP	1
ribeiro	NNP	1
rice	NN	2
rich	JJ	2
rick	NNP	1
rickety	JJ	1
rickshaws	NNS	2
ride	NN	5
rides	NNS	2
ridgepoles	NNS	1
riding	VBG	2
rife	JJ	1
right	NN	3	RB	1
right-of-way	JJ	1
rights	NNS	2
rigors	NNS	1
ring	NN	1
riotous	JJ	1
ripley	NNP	1
rise	NN	5	VB	1
risen	VBN	1
rising	VBG	2
ritual	NN	1
rival	JJ	2
rivalry	NN	1
river	NNP	6	NN	2
rivera	NNP	1
rivers	NNS	1
riviera	NNP	1
rmb	NNP	1
road	NNP	44	NN	7
roadblock	NN	1
roads	NNS	1
roar	NN	1
robert	NNP	1
rock	NNP	7	NN	7
rocks	NNS	1
rocky	JJ	1
rode	VBD	1
rods	NNS	1
role	NN	3
roller-coaster	NN	2
rollers	NNS	1
rolling	VBG	1
roman	NNP	19
romance	NNP	1
romans	NNP	1
rome	NNP	5
roofs	NNS	1
rooftops	NNS	1
room	NN	2
rooms	NNS	2
roomy	NN	1
rose	VBD	2
rosewood	NN	1
roulette	NN	1
round	VB	1
round-trips	JJ	1
route	NN	3
routes	NNS	4
routines	NNS	1
roving	VBG	1
row	NNP	1
royal	NNP	3	JJ	2
rua	NNP	1
rub	NN	1
rubble	NN	1
rugby	NNP	2
rugged	JJ	1
rugs	NNP	1	NNS	1
ruined	VBN	1
ruins	NNS	5
rule	NN	8	VB	1
ruled	VBD	3	VBN	3
ruler	NN	2
rulers	NNS	3
ruling	NN	2
run	VBP	1	VB	1
running	VBG	3
runs	VBZ	5
rural	JJ	2
rush	NN	2
russia	NNP	2
russian	JJ	1
s	VBZ	231
sa	NNP	1
sacramental	NN	1
sacred	JJ	2	NNP	1
sacrifice	VB	1
sacrifices	VBZ	1
saga	NN	1
sahara	NNP	1
sai	NNP	3
said	VBD	2	VBN	2
sailing	NNP	1	NN	1
sailor	NN	1
sailors	NNS	1
saint	NN	3
saints	NNS	1
salaam	NN	1
saladin	NNP	1
salamis	NNP	1
sale	NN	5
salem	NNP	1
sales	NNS	1
salisbury	NNP	1
salt	NNP	5
salute	NN	1
salvoes	NNS	1
sam	NNP	1
same	JJ	8
sammy	NNP	1
samos	NNP	4
sampans	NNS	2
sample	NN	1
san	NNP	2
sand	NN	3
sands	NNP	4
sandy	JJ	1
sandymount	NNP	1
santiago	NNP	1
santorini	NNP	2
sanudo	NNP	1
sappho	NNP	1
saracen	NNP	1
satirical	JJ	1
saturday	NNP	4
saturdays	NNP	1
sat­ur­day	NNP	1
save	VB	1
saw	VBD	3
say	VBP	1	VB	1
saying	VBG	1
scaled-down	JJ	1
scarce	JJ	1
scarves	NN	1
scary	JJ	1
scene	NN	8
scenes	NNS	1
scenic	JJ	2
schedule	NN	1
scholars	NNP	1
school	NNP	1	NN	1
schools	NNS	3
science	NNP	1
sciences	NNPS	1
scientific	NNP	1
scientist	NN	1
scien­ce	NNP	1
scion	NN	1
scorpion	NN	1
scout	NN	1
screen	NN	4
screenings	NNS	1
scrolls	NNS	1
scrub	NN	1
sculpted	JJ	1
sculptural	NN	1
sculpture	NNP	1	NN	1
sculptures	NNS	1
sea	NN	10	NNP	4
seaborne	JJ	1
seac	NNP	1
seafarers	NNS	2
seafaring	VBG	1
seafood	NN	4
seal	NN	1
seals	NNS	2
seam	NN	1
seaport	NN	1
search	NN	1
seas	NNS	3
seaside	NN	1
season	NN	1
seasons	NNPS	1
seat	NN	1
seated	VBN	1
seattle	NNP	1
seaworthy	NN	1
second	JJ	4	NNP	1
secondary	JJ	1
secret	JJ	1
secretly	RB	1
section	NN	1
sections	NNS	3
secular	NN	2
secure	VB	2
secured	VBD	1
sedan	NN	2
sedate	JJ	1
see	VB	27
seedy	JJ	1
seeing	VBG	1
seek	VBP	1
seem	VBP	2	VB	1
seemed	VBD	1
seems	VBZ	4
seen	VBN	6
sees	VBZ	1
segments	NNS	1
seibu	NNP	1
selection	NN	1
seleucid	NNP	1
seleucids	NNP	1
self-governing	JJ	1
sell	VBP	3	VB	1
selling	VBG	1
semi-nomadic	JJ	1
semitic	NNP	1
senado	NNP	2
senate	NNP	2
send-off	JJ	1
sending	VBG	1
seng	NNP	1
sennacherib	NNP	1
sense	NN	3
sent	VBD	3	VBN	1
separate	JJ	2
separated	JJ	1
september	NNP	2
september-to-	NNP	1
series	NN	3	NNP	1
serious	JJ	2
seriously	RB	1
serve	VB	2
serves	VBZ	2
service	NN	4
servicemen	NNP	1
services	NNS	1
set	VBN	5	VBD	5	NNP	1
setting	VBG	2
settlement	NN	4
settlements	NNS	6
settlers	NNS	3
seven	CD	1
seven-minute	JJ	1
sevens	NNP	1
several	JJ	17
sewage	NN	1
sha	NNP	23
shaded	JJ	2
shadow	NN	1
shaft	NNP	1
shalim	NNP	3
shalom	NN	1
sham	NNP	1
shamian	NNP	1
shan	NNP	3
shanghai	NNP	1
shangri-	NNP	2
shaped	VBN	1
share	NN	1
sharp	JJ	1
shaw	NNP	1
she	PRP	2
shean	NNP	1
shechem	NNP	2
shek	NNP	2
shekou	NNP	2
shelter	NN	1
shelters	NNS	1
shenzhen	NNP	9
sheraton	NNP	1
sheung	NNP	2
shifts	NNS	1
shine	VB	1
shing	NNP	3
ship	NN	1
shipment	NN	2
shipping	NN	2	VBG	1
ships	NNS	2
shoot	VBP	1
shop	NN	4	NNP	2	VB	2
shopping	NN	17	NNP	7
shops	NNS	27	NNPS	2
shore	NN	2
shored	JJ	1
shoreline	NN	2
short	JJ	7
should	MD	5
shoulders	NNS	1
show	VBP	1	VB	1
showcases	NNS	1
showed	VBD	1
shower	VB	1
showing	VBG	1
shown	VBN	2
showroom	NN	1
showrooms	NNS	1
shows	VBZ	7	NNS	2
shrimp	NN	1
shrine	NN	1
shrines	NNS	1
shue	NNP	2
shui	NNP	3	NN	3
shun	NNP	1
side	NN	7	VBP	1	NNP	1
sides	NNS	1
sidewalk	NN	2
siege	NN	4
siegel	NNP	4
sight	NN	2
sights	NNS	5	NNP	3
sightseeing	NN	2	NNP	1
sign	NN	1
signal	VB	1
signaled	VBD	1
signatories	NNS	1
signature	NN	2
signed	VBN	1
significant	JJ	5
signs	NNS	4
silent	NNP	1
silhouette	NN	1
silk	NN	4	NNP	1
silk-weaving	JJ	2
silks	NNP	1
silver	NN	2	JJ	1
silvermine	NNP	3
similar	JJ	1
simon	NNP	1
simply	RB	3
simultaneously	RB	1
sinai	NNP	1
sinatra	NNP	2
since	IN	8
sinful	JJ	1
sing	NNP	1
singing	VBG	2
single	JJ	1
sinking	VBG	1
sir	NNP	1
site	NN	10	NNP	1
sites	NNS	8
sits	VBZ	2
sitting	VBG	2
situated	VBN	6
situation	NN	4
siu	NNP	1
six	CD	4
sixth	NNP	1
size	NN	2
skala	NN	1
skillful	JJ	1
skills	NNS	1
skimming	VBG	1
sky	NN	3	NNP	1
skyline	NN	2
skyrocketed	VBD	1
skyscraper	NN	2
skyscrapers	NNS	5
slain	VBN	1
slaughtered	VBN	1
slaughtering	VBG	2
slavery	NN	1
sleazy	JJ	1
sleep	VB	1
sleepy	JJ	1
slender	JJ	1
slightly	RB	1
sling	VBG	1
slip	VB	1
slipper	NNP	1
sloping	VBG	1
slot	NN	1
slow	JJ	3
slowly	RB	2
small	JJ	24
smaller	JJR	4
smashing	NN	1
smile	VBP	1
smoke	NN	1
smooth	JJ	1
smuggling	NN	1
snack	NN	1
snakes	NNS	2
sniping	NN	1
so	RB	12	IN	3
soaring	VBG	2
sobo	NNP	1
social	JJ	1
societies	NNS	2
society	NN	3
soho	NNP	2
sok	NNP	1
sold	VBN	4	VBD	2
soldiers	NNS	4
sole	JJ	2
solidifying	VBG	1
solomon	NNP	5
some	DT	28
something	NN	4
sometimes	RB	8
somewhat	RB	1
son	NN	3
song	NN	2
songbirds	NNS	2
songs	NNS	1
soon	RB	2
sophisticated	JJ	1
sophistication	NN	1
sorts	NNS	1
sought	VBD	1
sound	VB	1	NN	1
sounded	VBN	1
source	NN	3
south	RB	7	NNP	7	NN	4
southeast	NN	1
southern	JJ	6	NNP	1
southward	NN	1
southwest	JJS	2
southwestern	JJ	1
souvenir	NN	1
souvenirs	NNS	5
sovereignty	NN	1
space	NNP	4	NN	2
spacious	JJ	2
spain	NNP	1
spanish	NNP	1	JJ	1
sparkling	JJ	1
sparsely	RB	1
sparta	NNP	1
spas	NNS	1
speak	VBP	2	VB	1
speakers	NNS	1
speaking	VBG	1
special	JJ	6
specialty	NNP	1
species	NNS	2
specifications	NNS	1
spectacle	NN	1
spectacular	JJ	1
spectator	NNP	1
spectators	NNS	1
speculate	VB	1
speculation	NN	1
speculators	NNS	1
speed	VB	1	NN	1
speeding	VBG	1
spencer	NNP	1
spend	VBP	2
spent	VBD	2	VBN	1
spies	NNS	1
spin-off	NN	1
spirit	NN	4
spirits	NNS	1
spiritual	NN	2
splendid	NNP	1	JJ	1
splendor	NN	1
spode	NNP	1
spoken	VBN	2
sponsors	VBZ	1
sporades	NNP	1
sporadic	JJ	1
sport	NNP	1
sporting	VBG	1
sports	NNP	3	NNS	1
spot	NN	6
spotlights	NNS	1
spots	NNS	2
spouts	NNS	1
sprang	VBD	1
sprawling	VBG	1
spread	VBP	1	VB	1	VBN	1	VBD	1
spreading	VBG	1
spree	NN	1
spring	NN	3	NNP	1
springs	VBZ	4	NNP	1
square	JJ	8	NNP	5	NN	3	RB	1
squares	NNS	2
st	NNP	11
stabbing	VBG	1
stability	NN	1
stable	JJ	1
stables	NNS	1
stadium	NNP	1
stage	NN	1
staged	VBD	1
stained	JJ	2
staircase	NN	1
stall	NN	1
stalls	NNS	3
stamped	JJ	1
stand	VB	2
standard	NNP	1
standards	NNS	3
standing	VBG	1
stands	VBZ	4	NNS	2
stanley	NNP	6
star	NNP	10
starbuck	NNP	1
stars	NNS	2
start	VB	2	NN	2
started	VBD	2
startlingly	RB	1
starts	VBZ	2
starved	VBN	1
state	NN	9	NNP	1
state-of-the-art	JJ	2
stately	JJ	2
states	NNPS	3	NNS	2
statesmanship	NN	1
station	NN	6	NNP	3
statue	NN	4	NNP	2
statues	NNS	8
stature	NN	1
status	NN	2
stauton	NNP	1
stay	NN	2	VB	1
stayed	VBN	1	VBD	1
steady	JJ	2
steam-powered	JJ	1
steep	JJ	1
steeped	JJ	1
step	NN	1
stephen	NNP	2
stepped	VBN	1
steps	NNS	5
stereotypes	NNS	1
steve	NNP	2
stewart	NNP	6
stick	VBP	1	VB	1
sticks	VBZ	2
sticky	JJ	1
still	RB	26
stilts	NNS	1
stirred	VBD	1
stirring	VBG	1
stock	NN	2
stone	NN	7	NNP	1
stones	NNS	1
stood	VBD	2
stop	VB	2	NN	1
stopover	NN	1
stopped	VBN	2
stops	VBZ	2
store	NN	2	NNP	1
stores	NNS	12	NNPS	2
stories	NNS	2
story	NN	7
storytelling	NN	1
straddles	NNS	1
strain	NN	1
strand	NNP	1
strands	NNS	1
strange	JJ	1
stranger	NN	1
strategists	NNS	1
straw	NN	1
streams	NNS	1
street	NNP	21	NN	12
street-side	JJ	1
streets	NNS	10
strength	NN	2
strengthening	VBG	1
stretch	NN	2
stretched	VBD	3
stretches	VBZ	2
stretching	VBG	1
strictly	RB	1
strife	NN	2
striking	JJ	4
strip	NNP	4	NN	1
stripped	VBD	1
stroke	NN	1
strollers	NNS	1
strong	JJ	3
stronghold	NN	1
structure	NN	3
structures	NNS	2
struggle	NN	1
struggled	VBD	2
struggling	VBG	1
student	NN	1
students	NNS	2
studies	NNPS	1
studio	NN	1
stunning	JJ	1
style	NN	2
styles	NNS	1
subdivided	JJ	1
subdivision	NN	1
subject	JJ	2	NN	1
subjects	NNS	1
submitted	VBD	1
subsequent	JJ	1
subsequently	RB	2
subsidies	NNS	1
substantial	JJ	1
substantially	RB	1
subtitles	NNS	3
subtle	JJ	1
subtropical	JJ	2
suburban	JJ	1
subway	NN	1
succeeded	VBD	1
success	NN	2
successes	NNS	1
successful	JJ	2
successor	NN	1
successors	NNS	1
such	JJ	15
sudden	JJ	1
suddenly	RB	1
suit	VB	1	NN	1
suited	VBN	1
suits	NNS	1
suleiman	NNP	2
summer	NN	6
summerlin	NNP	1
summers	NNS	1
summit	NNP	1	NN	1
sun	NNP	3	NN	1
sunbathers	NNS	1
sunday	NNP	7
sundays	NNS	1
sung	NNP	1
sunny	JJ	2
sunset	NN	1
sunshine	NN	2
superpowers	NNS	1
supplies	NNS	2
supply	NN	1
support	NN	2	VB	1
supported	VBD	1
supporting	VBG	1
sure	JJ	12
surface	NN	2
surprise	NN	2
surprises	NNS	1
surprising	JJ	1
surround	VBP	1
surrounded	VBN	3
surrounding	VBG	5
surroundings	NNS	1
survive	VB	1
survived	VBN	1
surviving	VBG	1
survivor	NN	1
survivors	NNS	1
sustain	VB	1
suzy	NNP	1
swallowed	VBN	1
swampland	NN	1
swarm	NN	1
sway	VB	2
sweeping	JJ	2
swept	VBD	3
swift	JJ	1
swim	VBP	2
swimming	NN	2
sword	NN	1
symbol	NN	1
symbols	NNS	1
syndicate	NNP	1
syrian	JJ	1
system	NN	4
systems	NNS	4
são	NNP	1
t	NN	9
tabernacle	NN	1
table	NN	1
tables	NNS	3
tablets	NNP	1
tael	NN	1
tai	NNP	11	NN	1
tai-chi	JJ	1
taijiquan	NNP	1
tailor	NN	1
tailor-made	NNP	1
tailoring	NNP	1
tailors	NNS	3
taipa	NNP	8
taipans	NNS	1
tak	NNP	1
take	VB	10	VBP	4	NN	1
taken	VBN	7
takes	VBZ	5
taking	VBG	4	NN	1
talent	NN	1
talented	JJ	1
tales	NNS	1
tallest	JJS	1
tancred	NNP	1
tang	NNP	3
tank	NN	1
tankers	NNS	1
taoist	NNP	5
tap	VB	1
tara	NNP	1
tasks	NNS	1
taste	VB	1	NN	1
taught	VBD	1
tax	NN	3	VB	1
taxed	VBD	1
taxis	NNS	2
tea	NN	6	NNP	4
teach	VB	1
teaching	NNP	1
teak	NN	1
teams	NNS	2
techniques	NNS	2
technology	NN	2
teddy	NNP	1
tei	NNP	2
tel	NNP	10
telephones	NNS	1
tell	VBP	1	VB	1
tellers	NNS	1
telling	VBG	1
tells	VBZ	2
temple	NNP	36	NN	15
temples	NNS	5
temporary	JJ	1
ten	CD	1
tend	VBP	1
tended	VBN	1
tennis	NNP	2
tension	NN	1
tent	NN	2
term	NN	1
terminal	NN	12	NNP	5
terminals	NNS	1
terminus	NNP	1	JJ	1
terms	NNS	1
terra-cotta	JJ	1
terrace	NNP	1
terrifying	JJ	1
territorial	NN	1
territories	NNPS	19	NNS	2
territory	NN	5
terror	NN	1
terrorism	NN	1
test	VB	1	NNP	1
testament	NNP	1
th	NN	6
th-	NN	1
th-century	JJ	6
than	IN	39
thanks	NNS	2
that	IN	56	WDT	47	DT	11
the	DT	1899
theater	NN	4	NNP	3
theaters	NNS	6
theatre	NNP	6
theatrical	JJ	1
thee	NNP	1
theimpressive	JJ	1
their	PRP$	67
theirs	PRP	1
them	PRP	16
theme	NN	2
themed	VBN	2
themselves	PRP	4
then	RB	8
theodor	NNP	1
there	EX	58	RB	3
these	DT	18
they	PRP	51
thing	NN	3
things	NNS	2
thira	NNP	2
third	JJ	2	NNP	1
third-tallest	JJ	1
this	DT	76
thomas	NNP	1
thoroughfares	NNS	1
those	DT	7
though	IN	7
thought	NN	1
thousand	CD	3
thousands	NNS	5
threat	NN	1
threaten	VB	1
threatened	VBN	1
threats	NNS	1
three	CD	9
three-week	JJ	1
thrill	NN	1
thrive	VBP	1
thrived	VBD	2
thriving	VBG	1
throngs	NNS	2
through	IN	21
throughout	IN	8
throws	VBZ	1
thunderbird	NNP	1
thursday	NNP	1
thus	RB	5
tiantan	NNP	1
tickets	NNP	1
tidal	JJ	1
ties	NNS	1
tiger	NNP	3
tigers	NNS	2
tightly	RB	2
tile	NN	1
tiles	NNS	1
time	NN	29	NNP	1
timeless	JJ	1
times	NNS	3	NNP	1
tin	NNP	14
tinos	NNP	2
tins	NNS	1
tip	NN	3
tired	JJ	1
tirelessly	RB	1
titus	NNP	1
to	TO	511
tobacco	NN	1
today	NN	13	NNP	1
together	RB	4
toilets	NNS	1
tolerant	NN	1
toll	NN	3
tolo	NNP	1
tomb	NN	3	NNP	1
tong	NNP	2
tonkin	NNP	1
too	RB	1
took	VBD	9
tools	NNS	1
toothache	NN	1
top	NN	3	JJ	2
top-end	JJ	1
top-line	JJ	1
topics	NNS	1
topless	JJ	1
torpor	NN	1
tortured	JJ	1
toss	VB	1
total	NN	2	JJ	1
totally	RB	1
tott	NNP	1
touch	NN	1
touches	NNS	1
tour	NN	4	NNP	2
tourism	NN	3
tourist	NN	11	NNP	5
tourists	NNS	4
tours	NNS	7
toward	IN	2
tower	NNP	5	NN	5
towers	NNS	6	NNP	1
town	NN	17	NNP	6
towns	NNS	6
toys	NNS	2
trace	VB	2
traces	VBZ	1
track	NN	3
tracks	VBZ	2	NNP	1
tracts	NNP	1
trade	NN	10	NNP	3	VB	2
traders	NNS	3
trading	NN	3
tradition	NN	4
traditional	JJ	19	NNP	1
traditionally	RB	3
traditions	NNS	1
traffic	NN	7
trail	NN	4	NNP	3
trails	NNS	2
train	NN	7
trained	VBN	1
trains	NNS	1
tram	NNP	5	NN	2
trams	NNS	3
transfer	NN	1
transferred	VBN	3
transform	VB	1
transit	NNP	1	NN	1
transition	NN	1
translate	VB	1
transport	NN	4
transportation	NN	2
transported	VBN	1
transporting	VBG	1
trappist	JJ	1
travel	NN	2	VBP	1
traveled	VBD	1
travelers	NNS	3
travels	VBZ	2
treasures	NNS	1
treasury	NN	2
treated	VBN	1
treaty	NN	1
treaty-signing	JJ	1
tree	NN	1
tree-lined	JJ	1
trees	NNS	5	NNP	1
trek	NN	1
tremendous	JJ	1
trend	NN	2
trendy	JJ	2
trent	NNP	1
trial	NN	1
triangular	NN	1
tribe	NN	1
tribes	NNS	2
tricycles	NNS	1
trinity	NNP	1
trip	NN	6	NNP	1
trips	NNS	1
triumphantly	RB	1
triumphed	VBD	1
troops	NNS	2
tropical	JJ	2
troupes	NNS	1
true	JJ	4
try	VB	6	VBP	1
trying	VBG	2
tseun	NNP	1
tsim	NNP	14
tsuen	NNP	2
tsui	NNP	14
tucked	VBN	1
tuen	NNP	2
tuesday	NNP	2
tuesday–	NNP	4
tug	NN	1
tugs	NNS	1
tung	NNP	2
tunnel	NN	3
tunnels	NNS	1
turbo	NNP	2
turbojet	NNP	1
turkey	NNP	4
turkish	JJ	3
turks	NNPS	5
turn	NN	3	VB	2
turned	VBN	3
turning	NN	1
turns	VBZ	1
turquoise	NN	1
turtle	NN	1
turtles	NNS	1
twelve	CD	1
twentieth	NNP	1
twice	RB	3
two	CD	33
two-hour	JJ	1
two-man	JJ	1
two-week	JJ	1
tycoon	NN	1
typhoon	NN	1
typhoon-fanned	JJ	1
typhoons	NNS	1
typical	JJ	1
tyrant	NN	1
u	NNP	1
ubiquitous	JJ	1
uk	NNP	2
ultimate	JJ	1
ultimately	RB	1
ulysses	NNP	2
unable	JJ	2
unaccustomed	JJ	1
unbridled	JJ	1
undecided	JJ	1
under	IN	23
underfoot	NN	1
undergone	VBN	1
underground	JJ	1
understand	VB	1
understandably	RB	1
understanding	NN	1
understood	VBN	1
undertook	VBD	1
undeveloped	JJ	1
unemployment	NN	1
unequaled	JJ	1
unexpected	JJ	2
unexplored	JJ	1
unfolds	VBZ	1
unfortunate	JJ	1
unfortunately	RB	1
uniforms	NNS	1
unify	VB	1
unimaginative	JJ	1
union	NNP	5
unique	JJ	3
united	NNP	4
uniting	VBG	1
universities	NNS	2
university	NNP	5	NN	2
unless	IN	1
unlinked	JJ	1
unparalled	JJ	1
unrest	NN	1
unrivaled	JJ	1
unsuccessful	JJ	2
until	IN	18
unworthy	NN	1
up	RB	18	RP	18	IN	9
up-to-date	JJ	1
upheaval	NN	1
uphill	JJ	1
upon	IN	2
upper	JJ	1
ups	NNS	1
upscale	JJ	3
upset	VBD	1
ur	NNP	1
us	NNP	2	PRP	2
usalim	NN	1
use	VB	3	NN	1
used	VBN	9
usher	NNP	1
ushered	VBD	1
using	VBG	1
usual	JJ	3
usually	RB	6
utilized	JJ	1
vacate	VB	1
valiantly	RB	1
valley	NN	9	NNP	7
valuable	JJ	2
value	NN	1
valued	VBN	2
van	NNP	2
vanished	VBN	2	VBD	1
variation	NN	1
varied	JJ	1
varieties	NNS	1
variety	NN	6
various	JJ	2
varying	VBG	1
vast	JJ	7
vault	NN	1
vaz	NNP	1
vegas	NNP	63
vegetables	NNS	1
vegetarian	NN	2
vehicles	NNS	1
venetian	JJ	3
venetians	NNP	1
venice	NNP	1
venue	NN	3
venues	NNP	1	NNS	1
verde	NN	1
version	NN	2
very	RB	12	JJ	1
vessel	NN	1
vessels	NNS	1
vibrant	JJ	3
vibrantly	RB	1
viceroy	NN	1
vices	NNP	1
victims	NNS	1
victoria	NNP	11
victors	NNS	1
victory	NN	2
video	NNP	1	NN	1
vienna	NNP	1
vietnam	NNP	1
vietnamese	JJ	1
view	NN	4	VB	2
views	NNS	6
village	NN	11	NNP	1
villages	NNS	8
vinho	NN	1
violate	VBP	1
violence	NN	1
violently	RB	1
visa	NN	2
visible	JJ	3
vision	NNP	1	NN	1
visionaries	NNS	1
visit	VB	6	NN	4
visitation	NN	1
visited	VBD	1
visiting	VBG	4
visitor	NN	6
visitors	NNS	19
visits	NNS	1
vistas	NNS	1
visual	JJ	2
vitreous	JJ	1
voeux	NNP	1
voices	NNS	1
volatile	JJ	1
volcanic	JJ	2
voted	VBD	1
wa	NNP	1
wah	NNP	1
wai	NNP	5
wait	NN	1
waiting	VBG	1
wake	NN	2
walk	VB	6	VBP	4	NN	4
walkers	NNS	1
walking	VBG	1
walks	VBZ	1	NNP	1
walkway	NN	1
wall	NN	4	NNP	3
walled	JJ	5
walls	NNS	7
wan	NNP	18
wanchai	NNP	1
wander	VB	1
want	VBP	2	VB	1
wanted	VBN	1	VBD	1
war	NN	13	NNP	9	VB	1
ware	NNP	1
warfare	NN	1
warm	JJ	1
warned	VBN	2
warnings	NNS	1
warren	NNP	1
warring	NNP	1	VBG	1
warrior	NN	2
warriors	NNS	1
wars	NNPS	1	NNS	1
was	VBD	156
wash	NNP	1
wasn	NN	1
watch	NNP	2	VB	2	NN	1
watches	NNS	3	NNP	1
watching	VBG	1
water	NN	14	NNP	4	VB	1
waterfront	NN	7
waterfronts	NNS	1
waters	NNS	1
waterway	NN	2
wave	NN	2
waves	NNS	2
way	NN	21
wayne	NNP	1
we	PRP	1
weakened	VBD	1	VBN	1
weakening	VBG	1
wealthy	JJ	1
weaves	VBZ	1
web	NNP	2
wedgwood	NNP	1
wednesday	NNP	1
wednesday–	NNP	1
wed­nesday–	NNP	1
week	NN	2
weekdays	NNS	1
weekend	NN	1
weekends	NNS	3
weekly	JJ	1
weeks	NNS	4
weightlessness	NNS	1
weird	JJ	1
weizmann	NNP	2
welcome	JJ	4	NN	1
welcomes	VBZ	1
well	RB	22
well-fortified	JJ	1
well-known	JJ	3
well-made	JJ	2
well-protected	JJ	1
went	VBD	4
were	VBD	75
west	NNP	15	NN	13
western	NNP	9	JJ	9
west­ern	NNP	1
whales	NNS	1
wharf	NN	1
what	WP	14
whatever	WDT	1
wheel	NN	1
wheels	NNS	1
when	WRB	35
where	WRB	27
whereupon	NN	1
whether	IN	5
which	WDT	56
while	IN	11
white	JJ	1
whitewashed	VBN	1
who	WP	26
whole	JJ	6
wholesale	JJ	2
whom	WP	2
whose	WP$	3
wicklow	NNP	3
wide	JJ	3
widely	RB	1
wife	NN	2
wilderness	NN	1
wildlife	NN	2
wildly	RB	1
will	MD	35
winding	VBG	3
window	NN	2
windowless	JJ	1
windows	NNS	3
windsurfing	VBG	1
wine	NN	2
wines	NNS	2
wing	NNP	1
winged	JJ	1
winners	NNS	1
wire	NN	1
wise	JJ	1
wit	NN	1
with	IN	164
withdrew	VBD	1
within	IN	5
without	IN	2
wives	NNS	1
wo	NNP	1
woks	NNP	1
woman	NN	3
women	NNS	5
won	VBD	3
wonder	VBP	1
wonderful	JJ	4
wondering	VBG	1
wondrous	JJ	1
wong	NNP	2
wood	NN	2
wooden	JJ	2
wool	NN	1
word	NN	1
words	NNS	2
wore	VBD	1
work	NN	5	VB	4
workaday	NN	1
worked	VBD	3
workers	NNS	2
workings	NNS	1
works	VBZ	4	NNS	1
world	NN	17	NNP	13
world-class	JJ	1
worlds	NNS	1
worldwide	NN	1
worship	NN	2
worshipers	NNS	2
worshipped	JJ	1
worth	JJ	4
would	MD	17
wrangles	NNS	1
wrapped	VBN	1
wrested	VBN	1
written	VBN	3
wrote	VBD	3
wu	NNP	1
wynn	NNP	5
xavier	NNP	1
xian	NNP	2
xiii	NNP	1
xing	NNP	1
xubaizhi	NNP	1
yacht	NNP	2
yachts	NNS	2
yat-sen	NNP	3
yau	NNP	2
ye	NNP	1
year	NN	6	NNP	1
year-old	JJ	1
years	NNS	32
yeats	NNP	1
yellow	JJ	1
yet	RB	6
ying	NNP	1
york	NNP	1
you	PRP	117
young	JJ	7	NNP	2
younger	JJR	2
your	PRP$	15
yourself	PRP	1
yuan	NNP	1	NN	1
yuen	NNP	2
yuexiu	NNP	1
yung	NNP	2
yuppies	NNS	1
zeal	NN	1
zealots	NNS	2
zedong	NNP	1
zhenhai	NNP	1
zhou	NNP	1
zhuhai	NNP	1
zionism	NNP	1
zone	NNP	2	NN	1
zoo	NN	2	NNP	1
zoological	NNP	1
zu	NNP	1
­	NN	1
–	NN	14
—	NN	72
’	NN	213
“	NN	43	"	10
”	NN	43	"	10
