	VBP	1
!	.	62
"	''	403
#	#	4
$	$	26
%	NN	7
&	CC	19
'	POS	72	''	15
'd	MD	27
'em	PRP	1
'll	MD	28
'm	VBP	47
're	VBP	41
's	VBZ	186	POS	117	PRP	1
've	VBP	36	VB	1
(	(	108
)	)	112
*	NN	6
+	NN	4
,	,	1619
-	:	73
--	:	36
.	.	1432
..	.	1
...	...	59	.	6
....	.	3
.....	.	1
......	.	1
/	NN	40
0	CD	2
00	CD	4
000	CD	6
01	CD	10
02	CD	9
03	CD	5
04	CD	8
05	CD	4
06	CD	10
07	CD	5
08	CD	13
09	CD	11
1	CD	16	LS	2
1,000	CD	1
1,900	CD	3
10	CD	24
100	CD	12
100-level	CD	1
11	CD	19
11th	JJ	1
12	CD	15
127	CD	2
13	CD	6
130	CD	1
14	CD	8
14-hour	JJ	1
140	CD	1
14th	JJ	2
15	CD	2
1500	CD	1
159	CD	1
16	CD	11
16th	JJ	2
17	CD	9	NN	1
1798	CD	1
17th	JJ	1
18	CD	6
1805	CD	1
187	CD	2
19	CD	45
1920	CD	1
1968	CD	1
1973	CD	1
1976	CD	1
1979	CD	1
1985	CD	2
1994	CD	1
1996	CD	1
1997	CD	2
1st	CD	2
2	CD	14	LS	3
2-6	CD	1
2.0	CD	1
20	CD	16
2000	CD	2
2001	CD	2
2002	CD	1
2004	CD	1
2005	CD	4
2006	CD	2
2007	CD	1
2008	CD	6
2009	CD	42
2010	CD	98
2012	CD	1
2014	CD	3
21	CD	6
21st	JJ	4
22	CD	5
23	CD	6
24	CD	7
24-hour	CD	1
25	CD	6
26	CD	6
27	CD	13
28	CD	2
29	CD	5
3	CD	23	LS	2
3,500	CD	1
30	CD	16
300	CD	1
3000	CD	1
31	CD	6
33	CD	1
35	CD	2
36	CD	1
37	CD	2
39	CD	2
3rd	CD	1
4	CD	14
4-part	JJ	1
40	CD	4
41	CD	3
42	CD	3
43	CD	3
44	CD	1
45	CD	2
46	CD	2
473	CD	3
48	CD	1
49	CD	2
5	CD	15
50	CD	6
500	CD	1
5034	CD	15
51	CD	1
52	CD	3
53	CD	7
54	CD	2
550	CD	1
56	CD	2
57	CD	3
58	CD	1
59	CD	3
6	CD	7
60	CD	3
600,000	CD	1
66	CD	1
7	CD	11
70	CD	4
75	CD	2
779	CD	1
786	CD	1
79	CD	2
8	CD	6
80	CD	1
8489	CD	1
85	CD	2
86	CD	3
87	CD	1
9	CD	16
90	CD	2
900,000	CD	1
92	CD	1
98	CD	1
982	CD	1
:	:	344
;	:	47
=	SYM	3
>	NN	4
?	.	132
???	.	1
@	IN	5
[	NN	10
]	NN	10
_	NN	8
a	DT	660	NNP	3
a-rod	NNP	3
ab	NNP	1
abandoned	VBN	3	JJ	2
abide	VB	1
ability	NN	8
able	JJ	3
about	IN	108	RP	1
above	IN	8	JJ	3
absolutely	RB	6
abundance	NN	1
academic	JJ	9
academics	NNS	5
accept	VBP	1	VB	1
accepted	VBD	1
access	NN	4	VB	1
acclaimed	JJ	1
accommodate	VB	1
accomplish	VB	1
accomplished	VBN	3
accord	VB	1	NN	1
according	VBG	5
account	NN	1
accounts	NNS	1
accrue	VB	1
accumulates	NNS	1
accurate	JJ	2
accurately	RB	2
accusation	NN	1
acephalous	NNP	2
achieve	VB	6
achieved	VBN	3
achievement	NN	2
achieving	VBG	1
acidic	JJ	1
acknowledgement	NN	1
acquired	JJ	2
acres	NNS	1
across	IN	7
act	NN	3	NNP	2	VBP	1
action	NN	2
actions	NNS	4
active	JJ	2
actively	RB	1
activists	NNS	1
activities	NNS	3
activity	NN	3
actress	NN	1
acts	NNS	1
actual	JJ	7
actually	RB	12
ad	NN	2
ad-libbing	JJ	1
adam	NNP	1
add	VB	4
added	JJ	2	VBD	2
adding	VBG	6
addition	NN	3
additionally	RB	2
address	VB	1	NN	1
addressed	VBN	1
addressing	VBG	1
adhering	VBG	2
adjacent	JJ	1
adjudicate	NN	1
adjust	VB	1
administered	VBN	2
administration	NN	5	NNP	1
admit	VBP	2
adobe	NNP	1
adorable	JJ	1
ads	NNS	1
adult	NN	2
adults	NNS	2
advantage	NN	2
advice	NN	2
advisors	NNS	1
advisory	NNP	1
advocate	NN	2
advocates	NNS	2
adx	NN	1
affable	JJ	1
affected	VBN	1
affects	VBZ	1
afghanistan	NNP	1
aforementioned	JJ	1
afraid	JJ	1
african-	NNP	2
after	IN	32
afternoon	NN	4
ag	NNP	2
again	RB	12
againand	NN	1
against	IN	19
age	NN	4
agenda	NN	1
agent	NNP	1	NN	1
agents	NNS	1
ago	RB	4
agrarian	NN	1
agree	VBP	6	VB	2	NNP	1
agreement	NN	1
agrees	VBZ	1
agriculture	NN	2
ahh	NNP	1
ai	VBP	1
aim	VB	1
aiming	VBG	1
aint	NNP	1
air	NN	2
airwaves	NNS	1
akin	JJ	1
al	NN	1
alaska	NNP	1
albany	NNP	2
alchohol	NN	1
alcohol	NN	28	NNP	2
alcoholic	JJ	2
alean	NN	1
alert	VB	3
alerted	VBD	1
alerting	VBG	1
alex	NNP	2
alexander	NNP	1
aliens	NNP	1
alkau	NN	2
all	DT	96	PDT	16	NNP	1
all-day	JJ	1
all-encompassing	JJ	1
allah	NNP	4
allonfla	NNP	1
allots	VBZ	1
allow	VB	3	VBP	2
allows	VBZ	4
almost	RB	2
alone	RB	7
alone--a	JJ	1
along	IN	4	RB	1
alongside	IN	1
already	RB	12
also	RB	27
alter	VB	1
alternatively	RB	1
although	IN	5
alum	NN	1
always	RB	11
alzheimer	NNP	1
am	NNP	32	VBP	20
amateur	JJ	1
amazing	JJ	2
ambience	NN	1
amc	NNP	2
amend	VB	3
amendment	NNP	12	NN	2
amendments	NNS	6
america	NNP	9	NN	1
american	JJ	13	NNP	6
americans	NNPS	3
among	IN	6
amount	NN	9
an	DT	105
analysis	NN	2
analytical	JJ	1
anarchic	JJ	1
anarchically	RB	1
anarchist	NN	1
anarchy	NNP	4	NN	2
and	CC	675
andrew	NNP	7
angel	NNP	1
anger	NN	3
angles	NNS	1
angolini	NNP	1
ani	NNP	5
animals	NNS	1
animating	VBG	1
anirban	NNP	1
annarchy	NNP	1
anne	NNP	2
announced	VBD	1
announcement	NN	3
another	DT	13
another--gathered	JJ	1
answer	NN	3	VB	1
answered	VBN	1
answers	NNS	1
antagonistic	JJ	1
anti-	NNP	2
anti-capitalist	JJ	1
anti-competition	JJ	1
anticipates	VBZ	1
antipathy	NN	1
any	DT	42	RB	1	NNP	1
anybody	NN	1
anymore	RB	2
anyone	NN	16
anything	NN	15
anyway	RB	4
anywhere	RB	2
apart	RB	1
apartment	NN	2
apeshit	NN	1
apocalypse	NNP	1
apocalyptic	NNP	3
apparently	RB	4
appeal	NN	2
appear	VB	2
appearances	NNS	4
appeared	VBD	3
appears	VBZ	2
appease	VB	1
appellation	NN	3
appered	JJ	1
applauded	VBD	1
appliances	NNS	2
appreciate	VB	3
appreciated	VBD	1
appreciative	JJ	1
approach	VB	1	NN	1
approaches	NNS	3	VBZ	1
appropriate	JJ	2
approval	NN	2
approve	VB	3
approved	VBD	2
approves	VBZ	1
approximately	RB	2
april	NNP	15
aprons	NNS	1
apt	JJ	1
arable	JJ	1
archetypes	NNS	2
architecture	NN	1
archive	NNP	1
archives	NNS	2
are	VBP	142
area	NN	8	NNP	2
areas	NNS	4
arena	NN	2
argue	VB	2
argued	VBD	1	VBN	1
argues	VBZ	1
arguing	VBG	3
argument	NN	4
arguments	NNS	2
arises	VBZ	1
arlington	NNP	1
arm	NN	1
arms	NNS	1
around	IN	18	RB	1
arrange	VB	1
arranges	VBZ	1
arrival	NN	1
arrive	VBP	1	VB	1
arson	NN	1
arsonists	NNS	1
art	NN	3
arthur	NNP	2
article	NN	14
articles	NNS	1
artificial	NNP	1
artisan	NN	1
artist	NN	5
artists	NNS	2
arunrob@gmail.com	NN	1
as	IN	138	RB	22
ashamed	JJ	1
asheville	NNP	4
ask	VBP	4	VB	3
asked	VBD	5	VBN	2
asking	VBG	5
asleep	RB	1
aspirations--someone	JJ	1
aspires	VBZ	1
assembly	NNP	2
assemblywoman	NNP	1
asses	NNS	1
assess	VB	1
assessed	VBN	2
assessing	VBG	1
assessment	NN	4
associated	VBN	3
associates	NNPS	1
association	NN	4	NNP	3
associations	NNS	1
assume	VB	1
assumes	VBZ	1
assuming	VBG	3
assumptions	NNS	1
astonished	JJ	1
astounds	VBZ	1
astros	NNP	2
astute	JJ	1
at	IN	230	NNP	4
ate	VBD	1
atheist	NN	1
athenia	NNP	1
athlete	NN	3	NNP	1
athletes	NNS	7	NNP	1
athletic	JJ	2
athletics	NNS	7
atop	IN	1
attached	JJ	1
attack	NN	6	VB	1
attacked	VBN	2
attacks	NNS	7
attained	VBN	1
attaining	VBG	1
attempt	NN	2
attend	VB	1
attended	VBN	1
attention	NN	3
attests	VBZ	1
attitude	NN	2
attorneys	NNS	2
attribute	VBP	1
attribution	NN	1
auction	NN	1
audible	JJ	1
audibly	RB	1
audience	NN	9
audit	NN	1
auditioning	VBG	1
august	NNP	10
aunt	NN	3
austin	NNP	1
australia	NNP	2
authentic	JJ	1
author	NN	3
authoress	NNS	1
authority	NN	2
authors	NNS	1
automotive	JJ	1
ava	NNP	4
available	JJ	5
avas	NNP	5
avenged	JJ	1
average	JJ	2
avi-	NNP	1
avoid	VB	1
avoidance	NN	1
avoiding	VBG	1
awaits	VBZ	1
awake	JJ	2
awarding	VBG	3
awards	NNS	1
aware	JJ	2
away	RB	6
awesome	JJ	3	NNP	2
awful	JJ	2
awfully	RB	1
awkward	JJ	1
awning	VBG	1
awoke	VBD	1
awol	NN	1
ayers-wrote-	NNP	1
b	NNP	2
baby	NN	2
back	RB	21	NN	3	RP	1	JJ	1
backed	VBN	1	VBD	1
background	NNP	1
backyard	NN	4
bad	JJ	8
badly	RB	2
bag	NN	1
bagpipes	NNS	1
balance	VB	2	NN	2
balanced	JJ	2
balances	NNS	1
balancing	VBG	1
baldy	NNP	1
ballot	NN	1
balls	NNS	1
banger	NN	1
banksters	NNS	1
banner	NN	1
banning	VBG	1
baptists	NNP	1
bardwell	NNP	1
bare-limbed	JJ	1
barely	RB	1
barlow	NNP	1
barring	VBG	1
bars	NNS	1
baseball	NN	6
based	VBN	3	VBD	1
basement	NN	2
basic	JJ	3
basically	RB	4
basics	NNS	1
basis	NN	3
basket	NN	1
basket-handle	JJ	1
basketball	NN	2
baskets	NNS	1
bat	NN	1
bathroom	NN	1
bathroom-	NN	1
batshit	NN	1
bc	NNP	2
be	VB	175
beach	NN	1
bear	VB	2	NN	1
beard	NN	1
beat	VBP	2	VB	2
beating	NN	1
beautiful	JJ	5
beauty	NN	1
became	VBD	1
because	IN	36
beck	NN	1
become	VBN	4	VB	2	VBP	1
becomes	VBZ	1
bed	NN	3
bedding	NN	1
bedpan	NN	1
bedtime	NN	1
been	VBN	37
beer	NN	4	NNP	1
before	IN	20	RB	4
began	VBD	2
begin	VB	1
beginning	NN	1	VBG	1
begins	VBZ	1
behaved	VBN	1
behavior	NN	2
behind	IN	6	RB	2
beijing	NNP	1
being	VBG	37
beings	NNS	2
belief	NN	3
beliefs	NNS	3
belies	NNS	1
believe	VBP	15	VB	14
believed	VBD	4	VBN	4
believer	NN	1
believes	VBZ	4
believing	VBG	1
belle	NNP	2
belong	VBP	1	VB	1
below	NNP	1	IN	1
belt	NNP	3
ben	NNP	1
bene	NN	1
beneficial	JJ	2
benefit	NN	4
benefiting	VBG	1
benefits	NNS	2
benzodiazepine	NN	1
best	JJS	12	NNP	1
bestseller	NN	1
bet	VBD	1
better	JJR	16	NNP	1
better-established	JJ	1
betting	VBG	1
between	IN	15
beverage	NN	2
beverages	NNS	1
beverly	NNP	1
beyond	IN	7
bible	NNP	2	NN	1
biblical	JJ	1
bicycle	NN	2	NNP	1
bicycles	NNS	1
bidding	NN	1
big	JJ	10	NNP	4
biggest	JJS	1
bike	NN	27	NNP	9
bikes	NNS	5	NNP	1
bill	NN	12	NNP	6
bio-chemical	JJ	1
biology	NN	1
bipeds	NNS	1
birthday	NN	4
bisnis	NNS	1
bit	NN	5
bite	NNP	1	NN	1
black	NN	2	NNP	1
black-themed	JJ	1
blade	NNP	1
blame	VB	1
blanket	NN	1
blatant	JJ	1
blather	NN	1
blends	NNS	2
blessings	NNP	2
blighted	JJ	1
blind	JJ	1
blither	NN	1
blithering	VBG	1
block	NN	1
blog	NN	9	NNP	4
blogger	NN	3
blogs	NNP	1	NNS	1
blood	NNP	1	NN	1
bloods	NNP	1
blow	VB	1
blue	JJ	4	NNP	1
blue-white-red-green-yellow	JJ	1
bluff	NN	1
board	NN	1
boarded	JJ	1
boats	NNS	1
bob	NNP	2
body	NN	5
boeing	NNP	1
bogs	NNS	1
bogus	JJ	1
bold	JJ	2
bombed	JJ	1
bombing	NN	1
bombs	NNS	1
boneheaded	JJ	1
bonnets	NNS	2
bonus	NN	3
bonuses	NNS	2
booing	VBG	1
book	NN	9
books	NNS	5
boomed	VBD	1
boost	NN	1
booster	NN	1
boot	NN	1
booths	NNS	1
borders	NNS	1
boring	JJ	2
born	VBN	4
boston	NNP	1
botanical	JJ	1
both	DT	13
bothersome	JJ	1
bottle	NN	5
bottles	NNS	2
bottom	NN	1
bouffant	NNP	1
bought	VBD	2
bound	VBN	1
bountiful	JJ	1
bout	NN	1
boutique	NN	1
box	NN	1
boxed	JJ	1
brad	NNP	2
brain	NN	4
brainless	JJ	1
brainwashed	JJ	1
branches	NNS	4
brand	NN	10
brands	NNS	3
braves	NNPS	2
break	VB	2	VBP	1	NN	1
breakfast	NN	1
breast	NN	1
breathe	VB	1
bred	VBN	1
breeze	NN	1
brewers	NNS	1
brian	NNP	1	NN	1
brick	NN	1
bridge	NN	1
bright	JJ	3
brighter	NNP	1
brilliant	JJ	1
bring	VB	5	VBP	1	NNP	1
bringing	VBG	1
brings	VBZ	1
britannica.com	NNP	1
british	JJ	1
broached	JJ	1
broad	JJ	2
broadcast	NN	1
broaden	VB	1
broadway	NNP	3
broke	VBD	1
broken	JJ	1
brother	NNP	1
brothers	NNS	1
brought	VBN	3	VBD	2
brute	JJ	2	NNP	1
bs	NNP	2
btw	NN	1
btyh	NNP	1
bubbling	VBG	1
buddha	NNP	3
buddhism	NNP	1
buddhist	NNP	4
buddies	NNS	1
buddy	NN	1
budget	NN	1
buff	NN	1
buffy	NNP	4
build	VB	2
building	NN	3	VBG	2
buildings	NNS	3
built	VBN	7	VBD	3
built-in	JJ	1
buised	JJ	1
bulbs	NNS	1
bull	NN	1
bullshit	NN	1
bums	NNS	1
bunch	NN	3
bunker	NN	1
burden	NN	2
burdening	VBG	1
burgeoning	VBG	1
burgers	NNS	2
burglars	NNS	1
burial	NN	1
burned	VBN	2	JJ	1
burning	VBG	1
bush	NNP	8
bush-loving	NNP	2
bushco	NNP	1
business	NN	7	NNP	1
businesses	NNS	1
businessmen	NNS	1
busted	JJ	2
busy	JJ	3
but	CC	164
buy	VB	10	NN	1
buyers	NNS	2
buying	VBG	4	NN	1
by	IN	170	RB	1
bygone	JJ	1
c	SYM	1
ca	MD	20
cabernet	NN	1
cabin	NN	1
cable	NN	2
cadman	NNP	1
cafe	NNP	5
caffeinated	JJ	2
caffeine	NN	3
café	NNP	1
caio	NNP	1
calculate	VB	4
calculating	VBG	1
calculator	NN	1
calibrate	NN	1
california	NNP	9
californis	NNP	1
call	VB	2	NN	2
called	VBN	3	VBD	1
calling	VBG	1
calls	NNS	1
cam	NN	1
came	VBD	6
camera	NN	4
camera-flash	JJ	1
campaign	NN	3
campaigner	NN	1
campaigning	NN	2
campaigns	NNS	1
campus	NN	3
can	MD	93
can't	MD	1
cancelled	JJ	1
cancers	NNS	1
candidate	NN	2
candidates	NNS	1
cans	NNS	1
cant	NN	1
canvas	NN	1
cap	NN	7	VB	1
capabilities	NNS	1
capable	JJ	1
cape	NNP	8	NN	1
capitalism	NN	3
caps	NNS	1
car	NN	4
carbon	NN	19	NNP	4
card	NN	1
cardinals	NNPS	2
care	VB	1
cared	VBD	1
carefully	RB	1
caribbean	NNP	1
caring	VBG	1
carl	NNP	3
carleen	NN	1
carnage	NN	1
carneros	NNP	1
carol	NNP	1
carolyn	NNP	6
carries	VBZ	2
carry	VB	4
carrying	VBG	1
cars	NNS	3
carved	VBN	1
case	NN	11
cases	NNS	7
cash	NN	1
cashill	NNP	1
casings	NNS	1
casual	JJ	1
catastrophic	JJ	1
catcalling	VBG	1
catch	VB	1
catch-all	JJ	1
catching	VBG	1
categories	NNS	1
category	NN	1
catholic	NNP	1
cause	VBP	1	VB	1
caused	VBD	1
causes	NNS	2
causing	VBG	1
cautiously	RB	1
cavaliers	NNP	1
cave	VB	1
cease	VB	1
celebrity	NN	1
center	NN	3	NNP	1
central	JJ	1
certain	JJ	2
certainly	RB	6
certainty	NN	2
certificate	NN	1
certified	NNP	1
cesca	NNP	2
chains	NNS	2
challenge	VB	3	NN	1
challenged	VBD	1
challenges	VBZ	1	NNS	1
challenging	VBG	1
champions	NNS	1
championship	NN	1
championships	NNS	1
chance	NN	2	VBP	1
chances	NNS	1
change	VB	8	NN	8
changes	NNS	1
changing	VBG	3
channel	NN	1
channels	NNS	1
character	NN	3
characteristics	NNS	1
characters	NNS	2
charade	NN	1
charge	NN	1
charles	NNS	1
charleston	NNP	1
charms	NNS	1
charred	JJ	1
chassis	NN	1
cheap	JJ	5
cheaper	JJR	3
cheapest	JJS	1
check	NN	2	VB	1
checked	VBD	4	VBN	1
checking	VBG	1	NN	1
checkout	NN	1
checks	NNS	2	NNP	1
cheerleaders	NNS	1
cheers	NNS	1
chemical	NN	1
chicago	NNP	1
chicken	NN	4	NNP	1
chicken-lady	JJ	1
chief	NNP	1	JJ	1
childhood	NN	1
children	NNS	1
chill	NN	1
china	NNP	4
chlorophyll	NN	1
chocolates	NNS	1
choice	NN	2
choir	NN	1
choose	VBP	3	VB	2
chooses	VBZ	1
choosing	VBG	1
chops	NNS	1
chord	NN	1
chose	VBD	3
chosen	VBN	1
chris	NNP	1
christ	NN	1
christian	NNP	2
christianity	NNP	1
christine	NNP	8
christmas	NNP	1
chronicled	JJ	1
chuck	NNP	2
chuckles	VBZ	1	NNS	1
chunk	NN	1
chunks	NNS	1
church	NN	9	NNP	2
churning	VBG	1
cigarettes	NNS	1
circadian	NN	11
circle	NN	1
circuit	NN	2
circumstances	NNS	1
cities	NNS	2
citizen	NN	1
citizens	NNS	2
city	NN	17	NNP	4
civil	JJ	1
civilians	NNS	2
claim	NN	2	VBP	1	VB	1
claiming	VBG	3
claims	NNS	1
clarification	NN	1
clarified	VBN	1
clarify	VB	1
class	NN	4
classes	NNS	1
classic	JJ	1
classics	NNS	1
classmate	NN	1
classmates	NNS	1
clause	NN	1
clawing	VBG	1
clay	NN	1
clean	VBP	1	VB	1
cleaner	JJR	1
clear	JJ	3	VB	1
clear-headed	JJ	1
clearance	NN	1
clearly	RB	6
cleveland	NNP	3
clicky	NN	2
climate	NN	4
climb	VB	1
cling	VB	1
clinging	VBG	1
clip	NN	4
clips	NNS	2
clock	NN	9
close	JJ	1
closest	NNP	1
club	NN	1
clubs	NNS	1
clue	NN	1
clueless	JJ	3
cluelessly	RB	1
cluttered	VBN	1
co-opt	JJ	1
co-opts	JJ	1
co2	NNP	2
coach	NN	1
coaches	NNS	1
coalition	NNP	1
coast	NNP	5	NN	3
cocaine	NN	1
cock	NN	1
cod	NNP	3
codify	NN	1
coffee	NN	2
cognitive	JJ	2
cohorts	NNS	1
coincidence	NN	1
collapsed	JJ	1
collapses	VBZ	1
colleague	NN	1
collective	JJ	1
collectives	NNS	1
college	NN	10	NNP	1
collopy	NNP	1
color	NN	4
columbia	NNP	1
columns	NNS	1
com	NN	3
combat	VB	1	NN	1
combination	NN	1
combine	NNP	1
combined	VBN	1
combines	VBZ	1
come	VB	8	VBP	2	VBN	2
come-hither	JJ	1
comedies	NNS	1
comedy	NN	2
comes	VBZ	9
comfort	NNP	2
comfy	NN	1
comic	JJ	2
comical	JJ	2
comics	NNS	2	NNPS	1
coming	VBG	4
commandments	NNP	1
comment	NN	7	NNP	1	VB	1
commenting	VBG	1
comments	NNS	6	NNP	1
commerce	NN	2
commercial	JJ	2
commies	NNS	1
commitment	NN	4
committed	JJ	1
committee	NNP	1
common	JJ	1	NN	1
commonsense	NN	1
communication	NN	1
communications	NNS	1
communicator	NN	1
communist	NNP	1
communists	NNS	1
community	NN	9
compact	JJ	1
companies	NNS	4
companionship	NN	1
company	NN	3
comparable	JJ	2
compared	VBN	1
comparison	NN	1
compassion	NNP	3
compelled	VBN	1
compelling	JJ	1
compensate	VB	1
compete	VBP	1
competed	VBD	1
competing	VBG	1
competition	NN	5
competitions	NNS	1
complement	VB	1
complete	JJ	1
completely	RB	8
complex	JJ	2
complexity	NN	2
complicated	VBN	3
comply	VB	1
component	NN	1
composed	VBN	1
compost	NN	4
composting	NN	1
computer	NN	1
con	NN	3	JJ	1
con-servative	JJ	1
concept	NN	2
concepts	NNS	1
concern	NN	2
concerned	VBN	3
concerning	VBG	1
concerns	NNS	7
concludes	VBZ	1
conclusion	NN	2
conclusive	JJ	1
condemned	JJ	1
conditions	NNS	1
conduct	VB	1
conducted	VBN	1
conferences	NNS	1
confidence	NN	1
confined	VBN	1
conflate	NN	1
conflict	NN	1
confuse	VB	2
confused	VBN	1
confuzzled	JJ	1
congress	NNP	2	NN	1
congressional	JJ	1
conjunctive	JJ	5	NNP	1
connected	VBN	1
connection	NN	1
connections	NNS	1
cons	NNP	1
conscription	NN	1
consequences	NNP	1	NNS	1
conservative	JJ	2
conservativism	NN	1
conservatory	NN	1
consider	VB	2	VBP	1	NNP	1
considerable	JJ	1
consideration	NN	1
consistent	JJ	2
consistently	RB	1
conspiracy	NN	1
constant	JJ	2
constitution	NN	16	NNP	9
constitutional	NNP	9	JJ	5
constitutionality	NN	1
constructed	VBN	1
consultancy	NN	1
consume	VB	3
consumer	NN	5	NNP	1
consumers	NNS	11
consuming	NN	2	VBG	1
consumption	NN	1
contained	VBD	1
container	NN	1
containers	NNS	2
containing	VBG	2
content	NN	3
contents	NNS	1
context	NN	1
contiguous	JJ	1
continent	NN	1
continue	VB	7
continues	VBZ	2
continuing	VBG	1
continuous	JJ	1
contradict	VB	1
contrarian	JJ	1
contribution	NN	1
contributions	NNS	1
control	NN	7	NNP	1
controls	NNS	2
converging	VBG	1
conversations	NNS	2
converted	VBN	1
convinced	VBN	7	VBD	1
cook	NN	1
cool	VB	1
cools	VBZ	1
coons	NNP	6
copper	NN	1
coppola	NNP	1
cops	NNS	1
copyright	NNP	1	NN	1
core	NN	3
corner	NN	4
corporatism	NN	3
corps	NN	1
correct	JJ	3
correctly	RB	1
correctly—by	NN	1
correspondent	NN	1
corrupt	JJ	1
corrupted	JJ	1
corruption	NN	2
cosmology	NN	1
cost	NN	5	VBP	1	VBD	1
costing	VBG	1
costs	NNS	2
coterie	NN	1
could	MD	37
counted	VBD	2
counter	NN	1
counteract	VB	1
counterpoint	NN	1
counties	NNS	3
counting	VBG	1
countries	NNS	3
country	NN	3
counts	VBZ	1
county	NNP	45	NN	10
couple	NN	4
coupons	NNS	4
courage	NN	1
course	NN	17
courses	NNS	6
coursework	NN	2
court	NN	5	VB	1
courtesy	NN	1
courts	NNS	3
cousinavi	NN	2
cover	VB	2	NNP	1
covered	VBN	2
cowboys	NNPS	1
crackheads	NNS	1
crafted	VBN	1
craig	NNP	1
cranberry	NNP	1	NN	1
crank	VB	1
cranky	NN	1
crap	NN	2
crappily	RB	2
crazy	JJ	3
cream	NN	2
create	VB	4
created	VBN	3
creates	VBZ	1
creating	VBG	4
creation	NN	2
creationism	NNP	1
creations	NNS	1
creative	JJ	1
creativity	NN	1
credentials	NNS	1
credibility	NN	1
credit	NN	13	VBP	1
credits	NNS	3
creek	NNP	3
crew	NN	1
cricket	NN	1
crime	NN	4
criminal	JJ	1
crisis	NN	3
crisscross	NNS	1
critic	NN	1
critical	JJ	1
crops	NNS	1
cross-legged	JJ	1
crossing	NNP	1	VBG	1
crow	NN	1
crowd	NN	6	NNP	1
crowds	NNS	1
crowning	JJ	1
cruel	NNP	1	JJ	1
cruise	VB	1
crumble	VB	1
crumbly	RB	1
crush	VB	1
crushing	VBG	1
cry	VB	1
crypto-fascism	JJ	1
crystal	NN	1
ct	NNP	1
cues	NNS	2
cuisine	NN	1
cultivated	VBN	1
culture	NN	6	NNP	2
cures	NNP	1
current	JJ	4
currently	RB	5
cushions	NNS	2
customer	NN	1
customers	NNS	2
customize	NNP	1
cut	VB	2
cute	JJ	1
cycle	NN	4
cycles	NNS	2
cycling	NNP	1
d	NNP	5	SYM	2
dad	NN	1
daily	JJ	4	NNP	1
dale	NNP	1
daly	NNP	2
damn	JJ	2	RB	1	NNP	1
damned	RB	1
dan	NNP	2
dance	NN	3
danced	JJ	1
danger	NN	2
dangerous	JJ	2
dark	JJ	3
darkness	NNS	1
data	NNS	3	NN	1
datapoints	NNS	1
date	NN	2
david	NNP	13
davis	NNP	1
dawkins	NNP	2
day	NN	18	NNP	1
daylight	NN	2
days	NNS	6
daytime	JJ	6
dazzling	JJ	1
dc	NNP	1
de	NNP	1
de-politicize	JJ	1
dead	JJ	3	NNP	1
deal	NN	3	VB	1
dealing	VBG	2
deals	NNS	2
dealt	VBN	1
dear	RB	1
death	NN	5
debate	NN	9
dec	NNP	2
decade	NN	2
decades	NNS	3
decay	NN	2
decaying	JJ	2
deceiving	VBG	1
december	NNP	3
decide	VB	2
decided	VBD	3	VBN	1
decision	NN	6	NNP	1
decisions	NNS	2
decreases	VBZ	1
dedicate	VBP	1	NN	1
dedicated	JJ	1	VBN	1
deeper	JJR	1
deer	NNS	1
defeat	NN	1
defeated	VBN	1
defend	VB	5
defender	NN	2
defense	NN	1
deficiencies	NNS	1
deficient	NN	1
defilement	NN	1
defilements	NNS	1
define	VB	1
defines	VBZ	1
definitely	RB	3
definition	NN	1
definitively	RB	1
degree	NN	3
delegating	VBG	1
deliberately	RB	1
delicious	JJ	3
delight	NN	1
delightful	JJ	1
deliver	VB	1
deliveries	NNS	1
delivering	VBG	1
delivery	NN	1
delta	NNP	1
delusion	NN	1
delved	VBN	1
demand	NN	1
demands	NNS	4
demo	NN	1
democracy	NN	2
democrat	NNP	2
democratic	NNP	1
democrats	NNPS	3
demographic	JJ	1
demonstrably	RB	2
dems	NNPS	1
deny	VB	1
departments	NNS	1
departure	NN	1
dependable	JJ	1
depended	VBD	1
depict	VB	1
depicting	VBG	1
depleted	VBN	1
dept	NN	1
depth	NN	1
deregulate	VB	1
derek	NNP	1
derferment	NN	1
derision	NN	2
derived	VBN	1
derives	VBZ	1
descent	NN	1
describe	VBP	1
described	VBN	1	VBD	1
describes	VBZ	2
deserted	JJ	2
deserve	VBP	2
design	NNP	2
designating	VBG	1
designation	NN	4
designed	VBN	4
designism	NNP	1
desire	NN	1
desired	JJ	1
desk	NN	2
desperately	RB	1
despise	VB	2
despite	IN	1
dessert	NN	2
destination	NN	1
destroy	VBP	1
destroys	VBZ	1
detail	NN	2
detailed	JJ	1
detain	NN	1
deteriorates	VBZ	1
determine	VB	4
determined	VBN	1
determines	VBZ	1
detroit	NNP	36
detroiters	NNPS	1
devastation	NN	2
develop	VB	1
developments	NNS	1
devotion	NN	2
dewitt	NNP	1
dharma	NNP	1
dictate	VB	1
dictating	NN	1
did	VBD	45
didn't	VBD	1
die	VBP	1	VB	1
dies	VBZ	1
difference	NN	4
different	JJ	6
difficult	JJ	2
difficulty	NN	2
dig	NN	2	VB	1
digg	NN	1
digital	JJ	1
dignify	VB	1
dignity	NN	1
dim	NN	1
dim-witted	JJ	1
diminish	VB	3
dimmer	NN	1
dining	NN	1
dinner	NN	2
dioxide	NN	1
dipped	VBD	1
direct	JJ	3	NNP	1
direction	NN	1
directions	NNS	1
directly	RB	1
director	NNP	3
dirt	NN	3
disaffected	JJ	1
disagree	VB	4	VBP	3
disappeared	VBD	1
disappointed	VBN	3
disappointment	NN	2
disaster	NN	1
discontent	NN	1
discount	NN	1
discounted	VBD	1
discourage	VB	1
discover	VB	1
discovery	NNP	1	NN	1
discriminate	JJ	5
discrimination	NN	3
discuss	VB	3	VBP	2
discussed	VBN	3	VBD	1
discusses	NNS	1
discussing	VBG	1
discussion	NN	2
discussions	NNS	1
disease	NNP	1
disgruntled	JJ	1
disinformation	NN	1
disingenuous	NNP	1	JJ	1
dismantle	VB	1
dismissing	VBG	2
dispute	NN	1
disputes	NNS	1
disruption	NN	1
dissent	NN	1
dissertation	NN	2
dissipates	VBZ	1
distance	NN	1
distant	JJ	1
distinction	NN	1
distinctions	NNS	1
distinctive	JJ	1
distinguish	VB	1
distinguishing	VBG	1
distribute	VB	1
distribution	NN	3
distributor	NN	1
distributors	NNS	1
district	NN	1
disturbing	JJ	1
diverse	JJ	1
division	NN	1
do	VBP	93	VB	33	NNP	1
doctor	NN	1
document	NN	3
does	VBZ	48
dog	NN	1
doing	VBG	16
doled	VBD	1
dollars	NNS	1
dollmaker	NNP	1
domain	NN	3	NNP	2
domestic	JJ	1
don't	VBP	1
donated	VBN	1
donations	NNS	1
done	VBN	11
donnell	NNP	33
dont	NNP	1
door	NN	3
doors	NNS	1
dopplr	NNP	1
dorthy	NNP	1
dose	NN	3
doses	NNS	5
double-post	JJ	2
doubt	NN	2
douls	NNP	1
dove	VBD	1
dover	NNP	1
down	RB	10	RP	4	JJ	1	IN	1
downtown	NN	4
dramatically	RB	1
dream	NN	1
dreams	NNS	3	VBZ	1
dried	VBD	1
drink	NN	1
drive	NN	4	VB	2
drives	VBZ	1
driving	VBG	11
drool	NN	1
drop	VB	1
dropped	VBD	1
dropping	VBG	1
drove	VBD	1
drug	NN	3
drugs	NNS	3
drugstore	NN	2
drum	VB	1
dry	NNP	3	VB	1
dubai	NNP	1
ducks	VBZ	1	NNS	1
dude	NN	1
due	JJ	8
dueling	NN	1
duh	NNP	1
duhan	NNP	1
dull	JJ	1
dumb	JJ	4
dumbass	NNP	1	NNS	1
dumpster	NN	1
dumpster-salvaged	JJ	1
dumpsters	NNS	1
dunce	NNP	1
dunes	NNS	1
duplicitous	JJ	1
during	IN	11
dust	NN	2	NNP	1
dutch	NNP	1
dwyane	NNP	1
dying	VBG	1
e	SYM	2	NNP	2
e-commerce	JJ	1
each	DT	12
earlier	RBR	2	JJR	2
early	JJ	7	RB	1
earn	VBP	1
earned	VBN	1	VBD	1
earp	NNP	2
earth	NN	5	NNP	2
easier	JJR	1
easily	RB	1
east	NNP	2
eastward	RB	1
easy	JJ	5
eat	VB	3
eating	VBG	7
echinacea	NN	1
eco	NN	2
eco-friendly	JJ	1
economic	JJ	4
economics	NNS	1
economy	NN	1
edge	NN	2
editor	NN	1
editors	NNS	2
educate	VB	1
educated	VBN	2	JJ	1
education	NN	7
effect	NN	8
effective	JJ	5
effectively	RB	2
effectiveness	NN	2
effects	NNS	3	NNPS	1
efficiency	NN	1
effing	NNP	1
effort	NN	7
efforts	NNS	4
eight	CD	1
either	CC	4	DT	4	RB	1
el	NNP	1
elbow	NN	1
elding	NNP	8
election	NN	2	NNP	1
electrical	JJ	1
electricity	NN	1
elements	NNS	1
elevating	VBG	1
elevator	NN	2
eliminate	VBP	1
eliminated	VBN	1
elite	NN	1
elm	NNP	1
else	RB	14
elsewhere	RB	2
elvis	NNP	2
email	NN	2
emails	NNS	2
embarrassed	VBN	1
embrace	NNP	2
emerges	VBZ	1
emerson	NNP	2
eminent	NNP	2	JJ	1
emissions	NNS	3
emo	NN	1
emotion	NN	1
emotions	NNS	2
employment	NN	1
empty	JJ	3
en	NNP	1
enacted	VBN	1	VBD	1
enclave	NN	1
encompasses	VBZ	1
encouraging	VBG	1
end	NN	11	VB	2	VBP	1
ended	VBD	1
endevor	NN	1
endgame	NN	1
endorsed	VBD	1
endorses	VBZ	1
endy	NNP	1
enemy	NN	1
energy	NN	1
engage	VB	1
engaged	VBN	1
enjoy	VB	2	VBP	1	NNP	1
enjoyed	VBD	1
enough	RB	16	JJ	1
enricher	NN	1
ensuing	VBG	1
ensure	VB	1
enter	VB	4	VBP	1
entered	VBD	2
entertain	VB	1
entire	JJ	7
entirely	RB	7
entirety	NN	1
entitled	VBN	1
entitlement	NN	1
entry	NN	1
environment	NN	3
environmental	JJ	1
enzo	NNP	1
episodes	NNS	1
epistemology	NN	1
equal	JJ	2
equalizer	NN	1
equation	NN	1
equipment	NN	1
equipped	JJ	1
equivalent	NN	3
era	NN	2	NNP	1
eric	NNP	2
erin	NNP	1
errands	NNS	1
erroneous	JJ	1
erroneously	RB	1
especially	RB	3
espn	NNP	1
essentially	RB	3
establish	VB	2
established	VBD	2	JJ	1
establishing	VBG	1
establishment	NN	2
estate	NN	6	NNP	1
estefana	NNP	1
estimate	VBP	1	VB	1
et	CC	1
etc	FW	3
eternally	RB	1
ethical	JJ	2
ethics	NNS	1
europe	NNP	1
european	NNP	1
evans	NNP	2
even	RB	34
even-handed	JJ	1
evening	NN	5
event	NN	4
events	NNS	4
eventually	RB	1
ever	RB	13	NNP	1
evergreens	NNS	1
every	DT	20
everybody	NN	2
everyone	NN	11
everything	NN	8
everywhere	RB	3
evidence	NN	4
evil	JJ	2
evolution	NN	3	NNP	1
evolved	VBD	1
evolves	NNS	1
ew	NN	2	NNP	1
exactly	RB	10
examine	VB	2
example	NN	9	NNP	3
exceeded	VBD	1
excellence	NN	1
excellent	JJ	2
except	IN	4
exception	NN	1
exceptions	NNS	1
excerpts	NNS	1
excess	NN	1
exchange	NN	1
exciting	JJ	1
exclamation	NN	1
excuse	NN	1
execs	NNS	1
executive	NNP	1
exercising	VBG	1
exert	VB	1
exhaustive	JJ	1
exhibit	VB	1
exist	VB	1
existence	NN	2
existing	VBG	1
exists	VBZ	3
exits	VBZ	1
expanded	VBN	1
expansion	NN	1
expect	VB	4	VBP	3
expectation	NN	1
expectations	NNS	1
expected	VBN	2	VBD	1
expects	VBZ	1
experienced	VBN	3
experiences	NNS	3
experiment	NN	1
experimentation	NN	1
experimenters	NNS	1
expert	NN	2
experts	NNS	2
explained	VBD	2
explaining	VBG	1
explains	VBZ	1
explicit	JJ	1
explorer	NN	1
explores	VBZ	1
exploring	VBG	1
explosed	JJ	1
explosively	RB	1
exposed	VBN	1
exposes	NNS	2
exposure	NN	5
extended	JJ	1
extent--only	JJ	1
external	JJ	1
externalities	NNS	1
externality	NN	1
externally	RB	1
extracurricular	JJ	4
extracurriculars	NNS	1
extraordinarily	RB	1
extreme	JJ	1	NN	1
extremely	RB	1
extremist	NN	2
eye	NN	1
eyes	NNS	3
faa	NNP	1	NN	1
fabric	NN	1
fabulously	RB	1
face	NN	2
face-to-face	JJ	2
facebook	NNP	12
faced	VBD	2	VBN	1
facial	JJ	1
facially	RB	1
fact	NN	27	NNP	4
factor	NN	3
factories	NNS	2
factors	NNS	2
factory	NN	1
facts	NNS	3	NNP	2
faculty	NN	2
faculty-supervised	JJ	1
faded	NNP	1
fail	VBP	2
failed	VBD	3	VBN	3
failing	VBG	2
failure	NN	2
fair	JJ	3	NNP	2
fairly	RB	1
fairness	NN	1
faith	NN	3
faithful	NN	2
faking	VBG	1
fall	NN	2	VB	1
falling	NN	1	VBG	1
false	JJ	2
falsely	RB	2
fame	NN	1
familiar	JJ	1
families	NNS	2
family	NN	3
famous	JJ	2
fan	NN	4	NNP	2
fancy	JJ	1
fans	NNS	17
fantastic	JJ	1
fanwoody	NNP	1
far	RB	10
far-fetched	JJ	1
fares	NNS	1
farley	NNP	1
farm	NNP	2	NN	2
farm-to-fork	JJ	1
farmer	NN	1
farmers	NNS	4
farming	NN	5	NNP	2
farnsworth	NNP	1
fascinating	JJ	4
fascination	NN	1
fascism	NN	1
fast	RB	9
fault	NN	1
faulty	JJ	1
fauna	NNS	1
favor	NN	2	VBP	1
favorite	NN	2	JJ	1
favorites	NNS	1
favrd	NN	1
fear	VB	1	NN	1
fears	NNS	1
feats	NNS	1
feature	NN	1
featured	VBN	1
february	NNP	2
federal	JJ	6	NNP	1
fedex	NNP	1
feeblest	NN	1
feedback	NN	2
feeding	NN	1
feel	VBP	6	VB	2
feel-good	JJ	1
feeling	NN	3	VBG	2
feels	VBZ	3
fees	NNS	2
feet	NNS	2
fell	VBD	2
fellow	NN	1
felt	VBD	4	VBN	1
fences	NNS	1
fermentation	NNP	2
fern	NNP	1
fertile	JJ	3
fertilization	NN	1
fertilizer	NN	1
few	JJ	13
fewer	JJR	2
fiction	NN	3	NNP	1
fictions	NNP	1
fiddled	JJ	1
field	NN	2
fifteen	NN	1
fight	NN	3	VBP	1	VB	1
fighting	VBG	2
figures	NNS	1
filed	NNP	1
fill	VB	1
filled	VBD	2	VBN	1
filling	VBG	2
film	NN	1
filters	NNS	1
final	JJ	1
finale	NN	1
finally	RB	2
finance	NN	3
financial	JJ	2
find	VB	10	VBP	2
finds	VBZ	4
fine	JJ	1	NN	1
finger	NN	2
fingernail	NN	1
fingerprints	NNS	1
fingers	NNS	1
finish	VB	1
finished	JJ	1	VBD	1	VBN	1
finite	JJ	1
fire	NN	3
firemen	NNS	1
fires	NNS	1
firmly	RB	2
first	JJ	30	CD	9	LS	1
fischer	NNP	1
fit	VB	1
fits	VBZ	1
five	CD	5
fix	VB	1	NN	1
fixed	VBN	4
fixer	NN	1
fixing	VBG	1
flag	NN	3
flags	NNS	2
flair	NN	1
flash	NNP	3
flashpoint	NN	1
flavors	NNS	1
flesh	NN	1
flick	NN	1
flicks	NNS	1
flight	NN	3
flights	NNS	3
flirting	VBG	1
flora	NNS	1
florida	NNP	1
flourishing	JJ	1
flow	NN	1
flowering	VBG	1
flowers	NNS	4
flown	VBN	4
fluorescent	NN	1
flutter	NN	1
fly	VB	2
fmla	NNP	1
fnc	NNP	1
focus	VBP	1	VB	1	NN	1
focused	VBD	1
folk	NN	1
folks	NNS	5
follies	NNS	1
follow	VBP	1
followed	VBN	2
following	JJ	1	NN	1
follows	VBZ	1
font	NN	2
food	NN	15
foodies	NNS	1
foods	NNS	1
fool	NN	2
foolish	JJ	1
footprint	NN	6
for	IN	268	RP	1
foraging	VBG	1
forbid	NN	1
forbids	NNP	1
force	NN	3
forced	VBN	3
forces	VBZ	1	NNS	1
foreceful	JJ	1
foreign	JJ	2
forests	NNP	1
forever	RB	1
forget	VB	3	VBP	2
forgetting	VBG	2
forgot	VBD	1	VBN	1
forgotten	VBN	1
fork	VB	1
form	NN	6
formal	JJ	1
former	JJ	2
forte	NN	1
fortunes	NNS	1
forums	NNS	3
forward	RB	4
fossil	JJ	2
foster	JJ	1
found	VBD	8	VBN	3
foundation	NN	1
foundational	NN	1
foundations	NNS	1
founders	NNS	1
four	CD	7
fourteen	CD	1
fourth	JJ	1
fraction	NN	2
framed	NNP	1	VBN	1
frames	NNS	1
frankly	RB	2
frantic	JJ	1
fraud	NN	1
frauds	NNS	2
freak	NN	2
freaking	JJ	1
fred	NNP	1
fredric	NNP	1	JJ	1
free	JJ	21	NNP	1
free-range	JJ	1
free-running	JJ	1
freedom	NN	4
freegan	NN	1
freely	RB	1
freeway	NN	1
frequent	JJ	1
frequently	RB	3
fresh	JJ	3
fresno	NNP	1
friday	NNP	14
friend	NN	11	NNP	1
friendlier	JJR	1
friends	NNS	9
frogs	NNS	1
from	IN	106
front	JJ	6	NN	1
fruit	NN	1
fruits	NNS	1
frustrated	VBN	1
frustrating	JJ	2
fuck	NN	4
fuckable	JJ	1
fucked	VBD	1
fucking	VBG	3
fucks	NNS	1
fuels	NNS	2
fulfill	VB	1
fulfilling	VBG	1
full	JJ	8
fuller	NNP	2
fully	RB	3
fun	NN	8
function	NN	1
fundamentally	RB	1
funded	VBD	1
funk	NN	1
funny	JJ	2
further	JJ	2	VB	1
furthermore	RB	1
future	JJ	6	NN	3
g	SYM	1	NNP	1
g4	NNP	1
gaffe	NN	3
gain	VB	1
gained	VBD	2
gains	VBZ	1
game	NN	16
gamechangers	NNS	1
games	NNS	2	NNPS	1
gamut	NN	1
gang	NN	4
gangster	NN	1
garden	NN	8
gardeners	NNS	1
gardens	NNS	2
gas	NN	2
gasp	VB	2
gasps	NNS	1
gather	VB	1
gathered	VBD	1
gathering	NN	1
gave	VBD	2
gay	JJ	1
gears	VBZ	1
geese	NN	1
geezers	NNS	1
gell-	NNP	1
general	JJ	6
generally	RB	1
generate	VB	2
generates	VBZ	1
generation	NN	1
generations	NNS	3
genetic	JJ	1
genius	NN	3
genre	NN	3
gentle	JJ	1
gently	RB	1
genuinely	RB	1
geography	NN	1
gertie	NNP	1
gertrude	NNP	1
get	VB	41	VBP	15
gets	VBZ	7
getting	VBG	5
ghetto	NN	1
ghost	NN	2
ghosts	NNS	1
giannini	NNP	1
giant	JJ	1
gift	NN	3	NNP	1
gifted	JJ	1
gigs	NNS	1
gimmick	NN	1
girl	NNP	3
gita	NNP	1
give	VB	15	VBP	2
given	VBN	8
gives	VBZ	5
giving	VBG	4	NN	1
glad	JJ	2
gladly	RB	1
gland	NN	1
glasses	NNS	1
gleaned	VBN	1
glenn	NN	1
global	JJ	3
glorified	JJ	1
glory	NN	3	JJ	1
gloves	NNS	1
gmt	NNP	1
go	VB	25	VBP	7	NN	1
goal	NN	8
goal-setting	JJ	1
goals	NNS	14
god	NNP	5	NN	1
goddamn	NN	1
goddamned	JJ	1
goes	VBZ	7
going	VBG	25
gold	JJ	1	NN	1
gone	VBN	9
gonna	VBG	1
good	JJ	30	NN	4	RB	1
goodness	NN	1
goods	NNS	1
google	NNP	1
gop	NNP	1
gore	NNP	2
got	VBD	15	VBN	4	VB	1
gotta	VBP	1	NNP	1
gotten	VBN	1
government	NN	12
governmental	JJ	1
governor	NNP	1
govt	NNP	1	NN	1
gozer	NNP	1
gpas	NNPS	1
grab	VB	1
grad	NN	1
grade	NN	2
graded	VBN	1
grading	VBG	3
graduate	NNP	1
graduation	NN	1
graffiti	NN	2
grafzeppelin	NNP	2
grafzeppellin	NNP	1
grammar	NN	2
grand	JJ	3	NN	1
grandfather	NN	2
grandpa	NN	1
granholm	NN	1
granholm-prohibiting	NNP	1
grant	NNP	1
granted	NNP	3	VBN	3	VBD	1
grape	NN	3
grapes	NNS	5
grasp	NN	2
grasses	NNS	1
grassroots	NNS	1
grassy	JJ	1
gratitude	NN	1
great	JJ	30	NNP	1
greater	JJR	4
greatest	JJS	2
greatness	NN	2
greed	NN	1
green	JJ	11	NNP	1
green-at-heart	JJ	1
greenbacks	NNS	1
greener	JJR	1
greenhouse	NN	1
greenlighting	VBG	1
grew	VBD	2
grey	JJ	2
grievance	NN	1
grievances	NNS	1
griffith	NNP	2
grilled	JJ	1
grimace	NNP	1
grin	NN	1
groceries	NNS	1
grocery	NN	2
ground	NN	2
group	NN	4
groups	NNS	2
growers	NNS	1
growing	VBG	4
grown	VBN	6
grumble	VBP	1
guarantee	VB	1
guaranteed	VBN	1
guard	NNP	1
guess	VBP	1	VB	1	NNP	1	NN	1
guessed	VBD	3
guessing	VBG	1
guest	NN	2
guffaw	NN	1
guffaws	NNS	1
guideline	NN	1
guidelines	NNS	1
guilty	JJ	1
gun	NN	1
gut	NN	1
gutted	VBN	1
guy	NN	1
gym	NN	1
h	NNP	4
h.r.	NNP	11
ha	NNP	1
ha-ha	JJ	2
habit	NN	1
habitable—provided	JJ	1
had	VBD	42	VBN	6
hail	NN	1
hailed	VBN	1
hair	NN	1
half	NN	5	PDT	4	JJ	2
halfway	RB	1
hall	NN	1
halliburton	NN	1
halls	NNS	1
hallway	NN	1
halos	NNS	1
hand	NN	3	VB	1
hand-wash	JJ	1
handed	VBN	1
handful	NN	1
handfuls	NNS	1
handily	RB	1
handlebars	NNS	1
handsome	NNP	1
handy	JJ	1
hang	NNP	1
hanging	NNP	1
happen	VB	6
happened	VBD	3
happening	VBG	1
happens	VBZ	4
happier	JJR	2
happily	RB	1
happiness	NN	2
happy	JJ	5
happyfeet	NN	2
hard	JJ	3	RB	2
hardly	RB	2
hardy	NNP	1	JJ	1
harm	NN	2
harris	NNP	1
harvest	NN	2
has	VBZ	58
hashtag	NN	1
hashtags	NNS	1
haste	NN	1
hate	VB	1
hateful	JJ	1
hatred	NN	1
haul	NN	1
haunted	VBN	1
haunts	VBZ	1
havarti	NNP	1	NN	1
have	VBP	93	VB	55
having	VBG	12
hawing	VBG	1
hawks	NNS	1
hay	NN	6	NNP	1
haying	VBG	3
he	PRP	51
head	VBP	1	VB	1	NN	1
heading	VBG	1
heald	NNP	1
health	NN	3
heaped	VBN	1
hear	VB	4
heard	VBD	2	VBN	2
hearing	NN	1
hears	VBZ	1
heart	NN	1
heat	NNP	1	NN	1
heatenfreude	NNP	1
heathier	NN	1
heating	NN	1
heaven	NN	1
heavily	RB	1
heavy	JJ	3
heck	NNP	1
heel	NN	1
heels	NNS	1
heirloom	NN	1
held	VBN	1
helena	NNP	1
hell	NN	3
helm	NNP	1
help	VB	11	VBP	1	NN	1
helped	VBD	1
helping	VBG	2
hemming	VBG	1
hence	RB	1
henry	NNP	2
her	PRP$	74	PRP	16	NNP	4
here	RB	28
heritage	NN	1
herself	PRP	4
hey	NNP	2
hi	NN	1
hiatt	NNP	1
hidden	JJ	1
high	JJ	10	NNP	1
high-efficiency	JJ	1
higher	JJR	2
highlands	NNS	1
highlighted	VBN	1
highly	RB	3
highway	NN	1
hilarious	JJ	2	NNP	1
hill	NN	1
hillarious	JJ	1
hills	NNP	1
him	PRP	16
himself	PRP	6
hints	NNS	1
hip	NN	1
hipsters	NNS	1
hired	VBN	2
his	PRP$	32
historical	JJ	2
history	NN	4
hit	VBD	5	VBP	1	VB	1	NN	1
hit-or-miss	JJ	1
hitherto	NN	1
hitting	VBG	1
hoax	NN	1
hobby	NN	2
hoes	NNS	1
holding	VBG	1
holds	VBZ	2
hole	NN	2
holes	NNS	1
holiday	NN	1
holiness	NNP	1
hollow	JJ	1
holocaust	NN	1
holy	NNP	2	JJ	2
home	NN	7	NNP	1
homeostatic	JJ	5
homeowner	NN	1
homepage	NN	1
homer	NNP	1
homes	NNS	2
homestyle	NN	1
homework	NN	1
honda	NNP	3
honest	JJ	1
honestly	RB	1
honey	NNP	6	NN	2
hong	NNP	1
honore	NNP	2
hoots	NNS	1
hooves	NNS	1
hop	NN	2
hope	NN	2	VBP	1	VB	1
hopeful	JJ	1
hopes	VBZ	2
horde	NN	1
hordes	NNS	1
hormone	NN	2
horrendous	JJ	1
horrible	JJ	2
horror	NN	3
horse	NN	2
horses	NNS	3
horsewhipped	JJ	1
host	NN	2
hosting	VBG	1
hosts	VBZ	1
hot	JJ	2
hotel	NNP	1	NN	1
hour	NN	5	NNP	1
hours	NNS	6
house	NN	20
house-sized	JJ	1
houses	NNS	11
housewife	NNP	3
how	WRB	49
however	RB	8	NNP	1
hp	NNP	1
html	NN	2
http://caselaw.lp.findlaw.com/scripts/getcase.pl?court=us&vol=000&invol=04-108">kelo	NN	1
http://citizensvoice.com/arts-living/2.212/2.213/fred-franzia-wine-s-archie-bunker-with-a-dose-of-donald-trump-1.564510?	NN	1
http://news.reseau-concept.net/images/oiv_uk/client/oiv_wine_labelling_standard_en_2006.pdf	NN	1
http://tinyurl.com/26ddbvd	NN	1
http://www.britannica.com/search?query=terrorism&ct=	NN	1
http://www.facts-about-wine.info/	NN	1
http://www.hr5034.org/	NN	1
http://www.hr5034.org/fact-vs-fiction	NN	1
http://www.hr5034.org/learn-more	NN	1
http://www.law.com/jsp/nlj/pubarticlenlj.jsp?id=1202463630848&alcohol_bill_means_happy_hour_for_lobbyists	NN	1
http://www.loveallpeople.org/defeatingterrorism.html	NN	1
http://www.stophr5034.org.	NN	1
http://www.webreference.com/js/	NN	1
hubris	NNS	1	NN	1
huffpo	NNP	2
huge	JJ	6
human	JJ	4	NN	1
humanities	NNP	1
humanity	NN	1
humbug	NN	1
hundred	CD	2
hundreds	NNS	2
hung	VBN	1
hungry	JJ	2
hurricane	NNP	1
hurt	VBD	1
hush	VB	1
hvac	NNP	1
hype	NN	1
hypnotic	JJ	1
hypocrisy	NN	1
hypocritcal	NN	1
hypothesized	VBN	1
i	PRP	449	NNP	6	NN	4
ice	NN	2
id	NNP	1
idea	NN	8
ideal	JJ	1
ideally	RB	1
ideas	NNS	5
identified	VBN	1
identitarian	NN	1
identity	NN	1
idiocy	NN	1
idiot	NNP	1	NN	1
idyllic	JJ	1
ie	NN	1
if	IN	113
ignoramuses	NNS	2
ignorance	NN	2
ignorant	NN	4
ignore	VBP	1
ignored	VBN	1
ii	NNP	1
iland	NNP	1
ill	NNP	1
illegal	JJ	1
illegitimate	JJ	1
illusion	NN	1
illusions	NNP	1
illustrates	VBZ	1
image	NN	1
imagery	NN	1
images	NNS	1
imagination	NN	1
imagine	VBP	1
imbecility	NN	1
imho	NNP	1
immediately	RB	4	NNP	1
imminent	JJ	1
immutable	NNP	1
impact	NN	2
imparting	VBG	2
impediment	NN	1
implements	VBZ	1
importance	NN	1
important	JJ	11
importantly	RB	2
importers	NNS	1
impossible	JJ	3
impression	NN	1
improve	VB	2
improved	VBN	1
improving	VBG	1
in	IN	438	RP	1
in-county	JJ	1
in-depth	JJ	1
in-fighting	JJ	1
in-state	JJ	3
in-the-know	JJ	2
inch	NN	1
include	VB	2
included	VBN	3	VBD	2
includes	VBZ	2
incompetent	JJ	1
inconclusive	JJ	1
incorporate	VB	1
increase	VB	2
increased	VBD	1	VBN	1
increases	NNS	2
increasingly	RB	1
incredible	JJ	2
incredibly	RB	3	NNP	1
incredulous	JJ	2
incredulously	RB	1
incubators	NNS	1
indeed	RB	2
independence	NN	1
independent	JJ	1
india	NNP	2
indicated	VBD	1
individual	JJ	4
individuals	NNS	4
indivisible	JJ	2
indoctrination	NN	1
indulge	VB	1
indulgences	NNS	1
industrial	JJ	3	NNP	2
industries	NNS	2
industry	NN	9
ineffective	JJ	2
inefficient	JJ	1
inevitable	JJ	1
inexorable	JJ	1
infiltrated	VBN	1
infinitely	RB	1
inflates	VBZ	1
influence	NN	2
influencing	VBG	1
info	NN	4
information	NN	5
informative	JJ	1
informed	JJ	2	VBN	2
infrastructure	NN	2
ingredients	NNS	1
inhabited	VBN	1
inherent	JJ	1
inherently	RB	1
inhibiting	VBG	1
initial	JJ	1
initiate	VB	1
initiative	NNP	2
inject	VB	1
injure	VB	1
injuries	NNS	1
innocent	JJ	2
innovation	NN	1
innuendo	NN	1
input	NN	1
insane	JJ	1
inside	JJ	3	IN	1
inside-the-park	JJ	5
insight	NN	2
insist	VBP	4
insistence	NN	1
insistent	JJ	1
insomnia	NN	2
inspired	VBN	2	VBD	1
install	VB	1
installed	VBN	1
instance	NN	1
instances	NNS	2
instantly	RB	1
instead	RB	14
instinct	NN	1
institute	NNP	1
insufferable	JJ	1
insufficient	JJ	1
insulating	VBG	1
insult	NNP	1
insurance	NN	2
int	NNP	1
intelligent	NNP	3
intend	VBP	1	VB	1
intended	VBN	3
intends	VBZ	1
intensities	NNS	1
intent	NN	2
intention	NN	1
interact	NN	1
interaction	NN	1
interest	VB	1
interested	JJ	2
interesting	JJ	5
interests	NNS	4
interfere	VB	1
interference	NN	1
internal	JJ	3
internalize	NN	1
internalize-your-externality-sort	JJ	1
internalizing	VBG	1
international	JJ	1
internet	NN	4
interpret	VB	2
interpretation	NN	2
interprets	VBZ	1
interstate	JJ	2
interview	NNP	1
into	IN	46
intrepid	JJ	1
intrigued	JJ	1
introduce	VB	1
introduced	VBN	2
introduction	NN	1
introductory	JJ	2
intuitions	NNS	1
invariably	RB	1
invasion	NN	1
invention	NN	2
invested	VBN	1
investment	NN	3
invisibility	NN	1
invisible	JJ	1
invite	VB	2
invited	VBN	1
involved	VBN	2
involving	VBG	1
ip	NNP	1
iraq	NNP	2
ireland	NNP	1
irish	NNP	3
irritation	NN	1
is	VBZ	360
is--trials	JJ	1
islam	NNP	2
isle	NNP	2
isolated	VBN	1
israel	NNP	5
israeli	JJ	2
issue	NN	2	VBP	1	VB	1
it	PRP	346
it's	PRP	1
it-	NN	1
it--you	JJ	1
italy	NNP	2
item	NN	2
items	NNS	2
iteration	NN	1
its	PRP$	31
itself	PRP	1
james	NNP	5
jan	NNP	1
japan	NNP	1
jar	NN	1
jardinero	NNP	1
jars	NNS	1
jason	NNP	1	NN	1
jealously	RB	1
jealousy	NN	1
jebus	JJ	2	NNP	1
jefe	NNP	1
jessica	NNP	5
jesus	NNP	1	JJ	1
jet	NN	7	NNP	3
jeter	NNP	1
jewell	NNP	1
jim	NN	1
job	NN	7
jobs	NNS	1
joe	NNP	2
johar	NNP	2
john	NNP	6
johnlopresti	NNP	7
johnonwine	NNP	1
join	VBP	1	VB	1
joined	VBD	1
joining	VBG	1
joke	NN	5
jones	NNP	1
joss	NNP	1
jostled	JJ	1
journal	NNP	1	NN	1
journey	NN	1
jousting	VBG	1
joyce	NNP	1
judd	NNP	2
judgements	NNS	1
judges	NNS	3	NNPS	1
judicial	JJ	2
juice	NN	1
juicy	JJ	1
jul	NNP	2
july	NNP	13
jump	VB	3
jumped	VBD	3
june	NNP	3
jungles	NNS	1
just	RB	50	JJ	1
justification	NN	3
justifications	NNS	2
justified	JJ	1
justifying	NNP	1
jutta	NNP	1
k	NNP	3
kalsang	NNP	4
karen	NNP	1
karma	NN	1
kate	NNP	2
kathy	NNP	1
katrina	NNP	1
keep	VB	16	VBP	4
keeping	VBG	4
keeps	VBZ	3
kelly	NNP	1
kelo	NNP	2
kept	VBD	2
key	JJ	1	NN	1
khenpo	NNP	4
kick	VB	1
kid	NN	4
kidding	VBG	4
kids	NNS	7
kill	VB	7	NN	1
killing	VBG	1
kiltman	NN	1
kind	NN	6
kinda	NN	1
king	NN	1
kissinger	NNP	1
kitchen	NN	1
kitchens	NNS	1
knew	VBD	4
knocking	VBG	1
know	VB	26	VBP	25
knower	NN	2
knowing	VBG	15
knowledge	NN	5
knowledgeable	JJ	1
known	VBN	5
knows	VBZ	10	NNP	1
koeppel	NN	1
kong	NNP	1
kos	NNP	1
krause	NNP	1
kunchab	NNP	1
kunga	NNP	5
l	NNP	1
l.a.	NNP	2
la	FW	2
label	NN	18	NNP	1
labeled	VBN	2
labeling	VBG	8
labelling	NNP	1
labels	NNS	5
labels—whether	NN	1
lack	VBP	1
ladders	NNS	1
lag	NN	9
lagging	NNP	1
land	NN	1
landa	NNP	1
landscape	NN	1
lanes	NNS	1
language	NN	4	NNP	1
lap	NN	3
large	JJ	6
larger	JJR	3
lashing	VBG	1
last	JJ	19	RB	1	VB	1	NN	1
lastly	NNP	1
late	JJ	4	RB	1
lately	RB	2
later	RB	10	JJ	1
latest	JJS	1	NNP	1
latter	NN	1
laugh	NN	3	VB	2
laugh-out-loud	JJ	1
laughed	VBD	1	VBN	1
laughing	VBG	12
laughs	VBZ	2
laughter	NN	5
launch	VB	2
launched	VBN	1
law	NN	29	NNP	10
lawmakers	NNS	1
lawrence	NNP	2
laws	NNS	26	NNP	1
lawsuits	NNS	1
lawyers	NNS	3
lay	VB	8	NNP	1
lazily	RB	1
le	DT	1
lead	VB	1	JJ	1
leaders	NNS	3
leadership	NN	1
leads	NNS	1
leaf	NN	1
learn	VBP	2	VB	2	NNP	1
learned	VBN	6	VBD	2
learning	VBG	2
least	JJS	9	RBS	1
leave	VB	3	NN	1
leaves	VBZ	1
leaving	VBG	2
lebron	NNP	12
leckrone	NNP	1
lecture	VB	1	NN	1
led	VBN	4
leeway	NN	1
left	VBN	9	VBD	3
leftovers	NNS	1
leg	NN	1
legal	JJ	5
legally	RB	1
legislating	NN	1
legislation	NN	1
legislators	NNS	1
legislature	NN	3	NNP	1
legislatures	NNS	5
legitimate	JJ	4
lesbians	NNS	1
less	RBR	10	JJR	9	JJ	1
lesser	JJR	1
lessig	NNP	2	NN	2
lesson	NN	4
let	VB	12	VBP	3
lets	VBZ	1
letter	NN	1
lettuce	NN	1
level	NN	8
leviathan	NN	1
levon	NNP	1
lex	NNP	1
lexaburn	NNP	5
liable	JJ	1
liam	NNP	1
liar	NN	1
liars	NNS	1
liberal	JJ	2
liberators	NNS	1
libertarian	NN	1
libertarians	NNPS	1
library	NNP	1	NN	1
license	NNP	1
licensed	JJ	1
lie	VBP	1	NN	1
lied	VBD	1
lies	VBZ	1	NNP	1
life	NN	25
lifelong	JJ	1
lifestyle	NN	3
lifetime	NN	1
lifted	VBD	1
light	JJ	11	NNP	4	NN	2
lightbulbs	NNS	1
lighter	JJR	1
lights	NNS	1
like	IN	56	VBP	7	VB	6
liked	VBD	1
likelihood	NN	1
likely	JJ	6
limited	JJ	5	VBN	3
limiting	VBG	1
line	NN	5
ling	NNP	1
link	NN	5
linked	VBN	3	VBD	1
links	NNS	1
liqour	NN	1
list	NN	6
listed	VBD	2	VBN	1
listen	VB	1
listened	VBD	1
listening	VBG	2
listing	NN	1
listings	NNS	1
lists	NNS	1
literally	RB	3
literary	JJ	1
litigated	JJ	1
litigation	NNP	1	NN	1
little	JJ	14	NNP	1
live	VBP	5	VB	4	NNP	1	JJ	1
lived	VBN	4	VBD	2
livernois	NNP	1
lives	NNS	4	VBZ	1
livestock	NN	1
living	VBG	2
ll	NN	1
lmao	NNP	1
load	NN	2
loaded	VBN	1
loads	NNS	2
loam	NN	2
lobbyists	NNS	1
local	JJ	9
localized	JJ	1
locallinksenabled	JJ	1
locally	RB	1
locally-sourced	JJ	1
locals	NNS	1
located	VBN	2
lock	NN	1
loft	NN	2
lofts	NNS	1
lol	NN	1
london	NNP	1
long	JJ	10	RB	6
long-term	JJ	1
longer	RB	3	RBR	1	JJR	1
longest	JJS	1
longtime	JJ	1
look	VB	10	VBP	3	NN	3
looked	VBN	1
looking	VBG	8
looks	VBZ	8	NNP	1	NNS	1
loonosphere	NN	1
loopholes	NNS	1
loopier	NN	1
loosely	RB	1
lord	NN	1
lose	VB	4
loses	VBZ	2
losing	VBG	4
lost	VBD	3	VBN	3
lot	NN	9
lots	NNS	3
loud	JJ	2
louder	RBR	1
love	VBP	7	NN	5	VB	2
loveallpeople.org	NNP	2
loved	NNP	1
lovely	JJ	1
loves	VBZ	1
loving	JJ	1
low	JJ	4
low-cost	JJ	1
low-rent	JJ	1
lowden	NNP	1
lower	JJR	1
lowered	VBD	2	VBN	1
loyalty	NN	1
lu	NNP	1
luck	NN	2
lucky	NNP	1
lump	NNP	1
lumped	VBN	1
lumpy	NNP	5
luna	NNP	1
lush	JJ	1
lux	NN	2
lynn	NNP	1
m	NN	4	NNP	2
macdonald	NNP	1
machines	NNS	2
macrostie	NNP	1
mad	JJ	2
made	VBN	18	VBD	6
magic	NN	1
magistra	NNP	1	NN	1
maher	NNP	2
mail	NN	1
main	JJ	4
mainland	NN	1
mainly	RB	1
mainstream	NN	1
maintain	VB	5
maintenance	NN	1
major	JJ	5
majority	NN	3
make	VB	21	VBP	3	NN	3
makes	VBZ	13	NNP	1
making	VBG	17	NN	1
mall	NN	1
malleable	JJ	6
mamahun	NNP	1
man	NN	5	NNP	1
manage	VB	1
managed	VBN	2
manages	VBZ	1
mandate	VB	3
mandates	VBZ	1
mandatory	JJ	3
mangle	NNP	2
manipulation	NN	1
mann	NNP	1
manner	NN	1
manson	NN	1
manufacturing	VBG	1
manure	NN	1
many	JJ	27
mar	NNP	2
march	NNP	5
marche	NNP	1
marches	NNS	1
margaret	NNP	1
marginally	RB	1
marinated	JJ	1
mark	NN	1
market	NN	7	VBP	1	VB	1
marketing	NN	9	VBG	1
marketplace	NN	1
markets	NNS	1
marks	VBZ	1
marriage	NN	3
marsh	NN	3
marshes	NNS	1
mart	NNP	1
martin	NNP	1
martyr	NN	1
marvel	VB	1
marxist	JJ	1
mary	JJ	1
massive	JJ	3
masterpiece	NN	1
masturbation	NN	1
match	VB	2
material	NN	2
maternity	NN	1
matrix	NN	1
matter	NN	7	VB	3
matters	NNS	3
matthew	NNP	1
mature	VBP	1
matzoh-ball	JJ	1
maximum	NN	1
may	MD	34	NNP	26
may--if	JJ	1
maybe	RB	10
maylasia	NNP	1
mayonnaise	NN	1
mccain	NNP	2
mccann	NNP	1
mccracken	NNP	1
mcdougall	NNP	1
mcginnis	NNP	2
mcgrath	NNP	1
mcnichols	NNP	1
me	PRP	63
meadow	NN	1
meal	NN	1
meals	NNS	1
mean	VBP	7	VB	7	JJ	2	NN	1
meaning	VBG	3	NN	1
meaningful	JJ	2
means	VBZ	8	NNS	5
meantime	NN	1
meanwhile	RB	1
measure	NN	1
measurement	NN	1
measures	NNS	5
mechanism	NN	1
medals	NNS	1
media	NNS	6	NNP	2
medication	NNP	1
medications	NNS	1
medicine	NN	2	NNP	1
medicines	NNS	1
meditation	NN	1
meeting	NN	1
meets	NNS	1
melancholy	JJ	1
melatonin	NN	6	NNP	3
melody	NNP	1
melted	JJ	2
member	NN	1
meme	NN	2	NNP	1
memes	NNS	1
memoir	NN	1
memories	NNS	2
memory	NN	3
mention	VBP	1	NN	1
mentioned	VBD	1
menu	NN	1
mercenaries	NNS	1
merchant	NN	1
mere	JJ	4
merely	RB	5
meridian	NN	1
merit	VB	1	NN	1
merriment	NN	1
merry-go-round	JJ	1
mess	NN	4
message	NN	3
messed	JJ	1
met	VBD	1
method	NN	1
methods	NNS	1
meticulousness	NNS	1
metro	NN	1
mets	NNP	4
mexico	NNP	1
meyer	NNP	1
mg	NN	1
miami	NNP	1
michael	NNP	1
mid	JJ	1
middle	NNP	1
middlemen	NNS	1
midnight	NN	1
mien	NN	1
might	MD	15
migrated	VBN	1
mileage	NNP	1	NN	1
miles	NNS	5
militantly	RB	2
military	NN	2
milk	NN	2
milliliters	NNS	2
millimeter	NN	1
millimeters	NNS	1
million	CD	5
millions	NNS	1
mind	NN	11	VB	2
mine	NN	2	NNP	1
mini-advertisements	JJ	1
minimize	VB	1
minus	CC	2
minute	NNP	1	NN	1
minutes	NNS	2
miracle	NN	1
mirth	NN	1
misaligned	JJ	1
misalignment	NN	1
misappropriating	VBG	1
mislead	NN	2
misleading	JJ	3
misread	NN	1
misrepresent	VB	1
misrepresentation	NN	2
misrepresentations	NNS	2
miss	VB	1
missing	JJ	1	VBG	1
mississippi	NNP	1
mistake	NN	2
mistakes	NNS	3
misunderstand	NN	1
mitch	NNP	2
mitigate	VB	1
mitigates	VBZ	1
mix	NN	7	VB	1	NNP	1
mixed	VBN	1
mixing	VBG	1
mock-up	JJ	1
mode	NN	1
model	NN	2
moderate	JJ	2
moderates	NNS	1
moderator	NN	1
modern	JJ	3
mom	NN	3
moment	NN	6
moments	NNS	2
monastery	NN	1
monday	NNP	3
money	NN	9
monopolies	NNS	1
monopoly	NN	2
month	NN	1
months	NNS	3
monument	NN	1
moral	JJ	2
morally	RB	1
moran	NNP	1
more	JJR	45	RBR	39
moreso	NN	1
moresuccesful	JJ	1
morning	NN	7
mortals	NNS	1
mosquito-vector	JJ	1
most	JJS	13	RBS	10
mostly	RB	4
mother	NNP	1	NN	1
motivation	NN	7	NNP	1
motor	NNP	1
motorized	JJ	1
mountain	NNP	1
mountains	NNS	1
mouth	NN	2
move	VBP	1	VB	1	NN	1
moved	VBD	3
movement	NN	8
moves	VBZ	1
movie	NN	4
movies	NNS	2
moving	VBG	3
mpg	NN	1
mps	NNP	1
mrbrink	NNP	4
ms	NNP	5
mslarry	NN	1
much	JJ	26	RB	14
mucho	NN	1
mudbomb-hurling	JJ	1
mukhopadhyay	NNP	5
mulch	NN	1
mull	VB	1
murderers	NNP	1	NNS	1
murphy	NNP	1
murray	NNP	1
muscles	NNS	1
music	NN	2
muslim	NNP	1
muslims	NNPS	4
must	MD	10
muster	VB	1
mutating	VBG	1
mutter	NN	1
my	PRP$	109	NNP	1
myself	PRP	5	NNP	1
myth	NN	2
n't	RB	163
nah	NNP	1
naive	JJ	2
name	NN	3
named	VBN	1
names	NNS	1
nanotyrannus	NNP	1
napa	NNP	20
napkin	NN	1
narrative	NN	1
nation	NN	5
national	JJ	5	NNP	1
native	NNP	1
natural	JJ	2	NNP	1
nature	NN	3	NNP	1
nazi	JJ	1
nb	NNP	1
nba	NNP	1
neal	NNP	1
near	IN	1
nearby	JJ	1
nearing	VBG	1
nearly	RB	3
neat	JJ	1
necessarily	RB	1
necessary	JJ	1
need	VBP	11	NN	4	VB	3
needed	VBN	3	VBD	2
needing	VBG	1
needlessly	RB	1
needs	VBZ	5
negating	VBG	1
negative	JJ	2
negotiating	VBG	1
neighborhood	NN	1
neighborhoods	NNS	7
neighboring	VBG	1
neighbors	NNS	1
neo-cons	JJ	1
neocons	NNP	2
network	NNP	1
neutralize	NNP	1
neutralizing	NNP	1
nevada	NNP	1
nevels	NNP	1
never	RB	17
new	JJ	32	NNP	12
newly	RB	1
news	NN	3
newspaper	NN	2
next	JJ	8
nice	JJ	7
nicely	RB	1
nicer	JJR	1
nick	NNP	2
nicole	NNP	6
night	NN	8
nights	NNS	1
nine	CD	2
ninja	NNP	7	NN	1
ninjas	NNP	4
nl	NNP	1
no	DT	49	UH	5	RB	3
no-	NNP	1
noble	JJ	1
nobody	NN	1
nodes	NNS	1
nods	VBZ	1
noir	NNP	2	NN	1
noises	NNS	1
nomenclatures	NNS	1
nomination	NN	1
nominee	NN	1
non	NN	1
non-	NN	1
non-benzodiazepine	JJ	1
non-blurry	JJ	1
non-partisan	JJ	1
non-trivial	JJ	1
noodling	VBG	1
nope	UH	1
nor	CC	1
noreen	NNP	1
normal	JJ	1
normally	RB	2
north	NNP	6
northcoast	NN	1
northeastern	JJ	1
northern	NNP	1	JJ	1
noshin	NNP	1
not	RB	167	NNP	2
nota	NN	1
note	VB	2	NN	2
noted	VBD	3
nothing	NN	17
notice	NN	1
noticed	VBD	2
notified	VBD	1
noting	VBG	1
notion	NN	1
notions	NNS	1
nouveau	JJ	1
nov	NNP	5
novel	NN	1
novels	NNS	2
november	NNP	1
now	RB	51
nowhere	RB	2
nsfw	NNP	1
nuclear	NNP	1
null	NULL	5	JJ	2	NNS	2	VBP	1
number	NN	5
numbers	NNS	2
numerous	JJ	2
nun	NN	1
nursery	NN	1
nut	NN	1
nutrients	NNS	1
nuts	NNS	1
ny	NNP	1
nyc	NNP	1
nyt	NNP	2
nytbr	NNP	1
o	NNP	35
oakland	NNP	1
oasis	NN	1
oates	NNP	1
obama	NNP	4
object	VBP	1	NNP	1
objective	NN	1
obligation	NN	4
observation	NN	2
observe	VB	1
observed	VBD	1
observer	NN	1
observing	VBG	2
obstacle	NN	1
obtain	VB	1
obvious	JJ	3
obviously	RB	2
occasional	JJ	1
occasionally	RB	2
occasions	NNS	1
occupy	VB	1
occurred	VBD	2
occurrences	NNS	1
oct	NNP	8
october	NNP	38
odd	JJ	1
odds	NNS	1
of	IN	604
off	RP	9	IN	5	NNP	1
off-session	JJ	1
off-topic	JJ	2
offchance	NN	1
offend	NNP	1
offer	NN	2
offers	NNS	1
office	NN	4
officer	NNP	1
offices	NNS	1
official	JJ	1
officially	RB	2
offramps	NNS	1
offset	VB	4	NNP	1	VBN	1	VBD	1
offsets	NNS	8
offsetting	VBG	1
often	RB	7
oh	UH	8
oh-	NNP	1
oh-my-god	JJ	1
ohio	NNP	2
oil	NN	4
oiv	NNP	1
oivv	NNP	2
ok	JJ	4	NN	1
okay	UH	2
old	JJ	15	NNP	1
older	JJR	1
on	IN	223	RP	4	RB	2	NNP	1
on-session	JJ	1
once	RB	6
one	CD	86	PRP	6	NN	1
ones	NNS	5	PRP	1
ongoing	JJ	2
online	NN	2
only	RB	35	JJ	11
onto	IN	1
onward	NN	1
ooo	NNP	1
oozes	NNS	1
open	JJ	2
opened	VBD	1
operate	VB	1
operations	NNS	1
opinion	NN	3
opinions	NNP	1
opponent	NN	2
opportunity	NN	6
oppose	VBP	1
opposed	VBN	1
opposing	VBG	1
opposition	NN	1
optimal	NN	2
optimistic	JJ	2
option	NN	4
optional	JJ	1
or	CC	103
orange	NNP	1
orange-gold	NNP	1
orchestra	NN	1
orcling	VBG	1
order	NN	6
oregon	NNP	1
organic	NNP	1	JJ	1
organizations	NNS	3
organize	VB	1
originally	RB	2
ornamentals	NNS	1
ortizz	NN	1
other	JJ	36	NN	1
others	NNS	8
otherwise	RB	1
otters	NNS	1
our	PRP$	33
out	IN	32	RP	19	RB	3
out-of-state	JJ	6
outdoor	JJ	1
outer	NNP	2	JJ	1
outgoing	JJ	1
output	NN	1
outside	IN	3
outstanding	JJ	1
outta	NN	1
over	IN	28	RB	2	RP	1
over-reaching	JJ	1
over-riding	JJ	1
overcome	VB	1
overdetermined	NNP	1
overdue	JJ	1
overjoyed	JJ	1
overlap	VB	1
overload	NN	2
overnight	JJ	3
override	VB	1	NN	1
overrides	NNS	1
overseeing	VBG	1
overturn	VB	2
own	JJ	24	VB	1	NN	1
owner	NN	1
owners	NNS	1
owning	VBG	1
oxford	NNP	1
oxygen	NN	1
p	NN	2
p.e.	NNP	2
pa	NNP	1
package	NN	1
packed	VBN	1
paddle	NN	1
padraic	NNP	2
pagan	NNP	1
page	NN	7	NNP	1
pages	NNP	1
paid	VBD	2
pain	NN	1
painted	JJ	1
painting	VBG	1
paiute	JJ	1
palestine	NNP	1
palestinians	NNPS	1
palin	NNP	14
pamphlet	NN	1
panel	NN	1
panels	NNS	1
pansy	NNP	1
pants	NNS	1
paper	NN	5
papers	NNS	4
paragraphs	NNS	1
paraphrase	VB	1
parent	NN	1
parents	NNS	2
park	NN	3	NNP	2
parker	NNP	1
parks	NNS	1
parlance	NN	1
parody	NN	1
part	NN	11
parted	VBD	1
partial	JJ	2
participants	NNS	10
participate	VBP	1	VB	1
participating	VBG	4
participation	NN	1
particle	NN	1
particular	JJ	4
particularly	RB	2
partiers	NNS	1
parties	NNS	3
partly	RB	2
partner	NN	2
partnerships	NNS	1
parts	NNS	2
party	NNP	8	NN	4
pass	VB	3	NN	1
passage	NN	3
passages	NNS	4
passed	VBN	4	VBD	1
passing	VBG	1
passion	NN	3
passionate	JJ	4
passport	NN	1
past	JJ	8	NN	5
paste	NN	1
patch	NN	1
patched	VBN	1
path	NN	2
pathophysiology	NNP	1	NN	1
patient	NN	1
patriots	NNS	1
pattern	NN	2
paul	NNP	1
pawn	NN	1
pay	VBP	2	VB	2	NN	1
paying	VBG	4
pb	NN	1
pdf	NNP	6
pea	NN	3	NNP	2
peace	NN	2
peaceful	JJ	1
pedestrians	NNS	1
pendelton	NNP	1
pendleton	NNP	1
people	NNS	43
people--that	JJ	1
per	IN	5
perceived	JJ	3	VBN	1
perception	NN	1
perdiew	NNP	2
perennials	NNS	1
perfect	JJ	3	NNP	1
perfectionist	NN	1
perfections	NNS	1
perfectly	RB	6
perform	VB	1
performance	NN	1
performances	NNS	1
performed	VBD	2
perhaps	RB	9
period	NN	3
perpetual	JJ	2
persistence	NN	1
persistence--will	JJ	1
person	NN	23
personality	NN	2
personally	RB	6
perspective	NN	2
perspectives	NNS	1
pervades	NNS	1
peter	NNP	1
petro	JJ	1
pg-13	NN	1
phase	NN	1
pheasant	NN	1
philippines	NNPS	2
philosophy	NN	4
philsophy	NN	1
phish	NNP	1
phones	NNS	1
photo	NN	3
photograph	NN	2
photographers	NNS	1
photographs	NNS	1
photos	NNS	1
phrase	NN	1
physical	JJ	2
physics	NN	1
physiologic	JJ	1
pick	VB	5	NN	1
picked	VBD	1
pickles	NNS	1
picnicking	VBG	1
picture	NN	7	NNP	1
pictured	VBD	1
pictures	NNS	3
piece	NN	2
pieces	NNS	2
pile	NN	1
pillow	NN	1
pineal	NN	1
pinot	NNP	2	NN	1
pioneer	NN	1
pioneering	JJ	1
pioneers	NNS	1
pipeline	NN	1
pirate	NNP	2
pirates	NNP	7
pissed	JJ	3
pisses	NNS	1
pistol	NN	1
pitch	VB	1
pitched	VBD	2	VBN	1
pitcher	NN	2
pitiful	JJ	1
pittance	NN	1
place	NN	18	NNP	1
place-name	JJ	2
placebo	NN	1
placed	VBN	4
places	NNS	6	VBZ	1
placing	VBG	1
plagued	VBN	1
plain	JJ	1
plan	VBP	1	NN	1
plane	NN	1
planet	NN	2
planned	VBD	1	VBN	1
planning	VBG	1
plans	NNS	3
plant	NN	3
plantations	NNS	1
planted	VBN	1
plants	NNS	3
plate	NN	1
platform	NN	1
play	VB	4	NN	3
playbook	NNP	1	NN	1
played	VBD	1
player	NNP	3	NN	3
players	NNS	1
playing	VBG	3
playoffs	NNS	1
please	RB	3	VB	2
pleasure	NN	3
pleasures	NNS	1
plentiful	JJ	1
plenty	NN	4
plot	NN	3
plow	NN	1
plunge	NN	1
plus	NNP	5	CC	1
pm	NNP	63	NN	24
pmcathy	NNP	1
pmyaacov	NNP	1
pockets	NNS	3
poems	NNS	1
poignantly	RB	1
point	NN	17	VBP	3	VB	2	NNP	1
points	NNS	4
poke	NNP	1
polemic	JJ	1
polemics	NNS	1
police	NN	2
policies	NNS	2
policy	NN	4	NNP	1
policy-oriented	JJ	1
political	JJ	6	NNP	1
politics	NNS	3
poll	NN	3
polled	VBN	1
polls	NNS	1
pollution	NN	1
poof	NN	1
poops	NNS	1
poor	JJ	2
poorly	RB	2
pop	NN	1
poppies	NNS	1
poppy	NNP	1
popular	JJ	5
popularity	NN	3
population	NN	4
porch	NN	4
portion	NN	1
position	NN	4
positive	JJ	2
possess	VBP	1
possessed	JJ	1
possibilities	NNS	1
possible	JJ	6
possibly	RB	5
post	NN	21	JJ	4	VB	2
post-valdez	JJ	1
posted	VBN	58	VBD	1
posts	NNS	7
potatoes	NNS	1
potential	JJ	3	NN	1
potting	VBG	1
pounding	VBG	2
power	NN	4
powerful	JJ	1
practically	RB	1
practice	NN	2
prayer	NN	4
prayers	NNP	1	NNS	1
pre-bonus	JJ	1
precisely	RB	2
predicated	VBN	1
predictable	JJ	1
preempt	NN	1
prefer	VBP	1	VB	1
prejudice	NNP	1
premier	NN	1
premise	NN	2
premium	NN	2
preparations	NNS	1
prepared	VBN	1
prescribed	NNP	1
presence	NN	1
present	VB	3	JJ	3	VBP	1	NN	1
presented	VBN	1
presenting	VBG	1
presentism	NN	1
presents	VBZ	1
preserve	VB	1
preserves	VBZ	1
president	NNP	1
press	NN	1
pressed	VBN	1
pressure	NN	1
pressures	NNS	1
prestige	NN	4
presumption	NN	1
pretend	VB	1
pretentious	JJ	1
pretty	RB	16	NNP	1	JJ	1
prevail	VB	1
prevent	VB	2
preventing	VBG	1
previous	JJ	2
previously	RB	2
price	NN	1
pride	NNP	1	NN	1
primarily	RB	1
primary	JJ	1
prime	JJ	1
principals	NNS	1
principle	NN	3
principles	NNS	1
prior	RB	1
prism	NN	1
private	JJ	2
privileges	NNS	1
privy	JJ	1
pro	FW	1
pro-cycling	JJ	1
probability	NN	1
probably	RB	13
problem	NN	5
problems	NNS	1
process	NN	1
processed	VBN	1
processes	NNS	2
proclaiming	VBG	2
prodigious	JJ	1
produce	VB	4	NN	2
produced	VBN	3
producer	NN	3
producers	NNS	7
producing	VBG	1
product	NN	2
production	NN	4
productive	JJ	1
products	NNS	1
prof	NNP	1
profession	NN	2
professional	JJ	1
professor	NNP	2	NN	1
profile	NN	1
profiles	NNS	1
profitable	JJ	1
profits	NNS	3
profoundly	RB	1
program	NN	3	NNP	1
programs	NNS	1
progress	NN	1
progressive	JJ	2
prohibit	VB	1
prohibition	NN	1
prohibits	VBZ	1
promise	VBP	1	NN	1
promote	VB	2
promoting	VBG	1
promotion	NN	4
promotional	JJ	3
proof	NN	3
propaganda	NN	3
proper	JJ	2
properly	RB	3
property	NN	8
proponents	NNS	2
proposal	NN	2
propose	VBP	1	VB	1
proposed	JJ	1
props	NNS	1
pros	NNS	1
prosthetic	NNP	1
protect	NNP	1
protected	JJ	1
protecting	VBG	2
protection	NN	2	NNP	1
protectionist	JJ	3
protest	NN	1
protocol	NN	1
proud	JJ	2
proudly	RB	2
provider	NN	1
provides	VBZ	2
providing	VBG	3
provincetown	NNP	2
provocative	JJ	1
pseudo-	NN	1
psychologists	NNS	2
psychology	NN	3
pt	NNP	1
public	JJ	11	NN	2	NNP	1
publish	VB	2
published	VBN	4	VBD	1
publishers	NNS	1
publishing	NN	2
pulling	VBG	1
pulverized	JJ	1
pun	NN	2
punish	VB	1
punishable	JJ	1
punks	NNS	1
purchase	NN	2	VBP	1	VB	1
purpose	NN	2
purposes	NNS	1
push	VBP	1	VB	1
pushed	NNP	1	VBN	1
put	VB	8	VBP	4	NN	1	VBD	1	VBN	1
putting	VBG	5
quaint	JJ	1
qualification	NN	2
qualifications	NNS	2
qualitatively	RB	1
quality	NN	11
quantity	NN	1
quants	NNS	2
question	NN	7	VBP	1	VB	1
questioned	VBN	1
questioner	NN	2
questionnaire	NN	2
questionnaires	NNS	1
questions	NNS	8
quick	JJ	1
quickly	RB	4
quiet	NNP	1	JJ	1
quit	NNP	1	VBD	1
quite	RB	2
quitting	VBG	1
quotations	NNS	1
quote	VB	1	NN	1
quotes	NNS	1
qur	NNP	1
r	NN	4	LS	1
race	NN	2
racer	NN	1
racism	NN	1
racist	JJ	2
racks	NNS	1
radar	NN	1
radical	JJ	4
radicalized	JJ	1
radicalizes	NNS	1
raffaello	NNP	1
raggedy	NNP	5
raided	VBN	1
rail	NN	1
raina	NNP	1
rainy	NN	1
raise	VBP	1	VB	1
raised	VBD	1	VBN	1
rally	NN	3
rambling	VBG	1
ranch	NN	1
range	NN	1
ranging	VBG	1
ranks	NNS	1
rant	NN	1
rape	NN	1
rare	JJ	1
rarely	RB	3
rate	NN	1
rated	VBN	1
rather	RB	7
rationale	NN	1
ravaged	VBN	1
re	NNP	2	NN	2
re-enacter	JJ	1
re-purposing	JJ	1
re-submitted	JJ	1
re-tweeted	JJ	1
reached	VBN	1
reaching	VBG	1
reacting	VBG	2
reaction	NN	2
read	VBP	5	VB	5	NNP	2	NN	1	VBN	1	VBD	1
reader	NN	3
readers	NNS	4
reading	NN	3	VBG	2
ready	JJ	2
reaffirmation	NN	1
real	JJ	20	NNP	1	NN	1
realign	VB	1
realising	VBG	1
realistic	JJ	1
realities	NNS	1
reality	NN	2
realization	NN	1
realize	VBP	1	VB	1
realizes	VBZ	1
really	RB	34
realm	NN	1
realtor	NN	1
reason	NN	9	VB	2
reasoning	NN	1
reasons	NNS	4	VBZ	1
reassembling	VBG	2
reborn	VBN	1
rebuilding	VBG	2
rebuttal	NN	1
rebutting	VBG	1
recall	VB	3	VBP	2
receipt	NN	2
receive	VB	3	VBP	1
received	VBD	1
recent	JJ	4
recently	RB	3
receptive	JJ	1
recessed	VBN	1
recipients	NNS	1
reclaimed	VBN	1
recognition	NN	2
recognize	VBP	1	VB	1
recognizing	VBG	1
recoil	NN	1
recommendation	NN	1
reconsider	VB	1
record	NN	1
recordings	NNS	1
recovered	VBN	1
recruit	NNP	1
red	NNP	2
redemption	NN	1
redesign	VB	1
redistribution	NN	1
redneck	NN	1
reduce	VB	4
reduced	VBN	1
reducing	VBG	4
reeder	NNP	3
reeks	VBZ	1
refashion	NN	1
references	NNP	1
referred	VBD	1
refreshed	JJ	2
refuse	VBP	2
regain	VB	1
regard	VBP	2
regarding	VBG	4
regardless	RB	4
region	NN	4
regions	NNS	2
registered	VBN	1
registrar	NNP	1
regret	NN	2	VBP	1
regular	JJ	5
regularly	RB	2
regulate	VB	2
regulation	NN	2
regulations	NNS	6
regulators	NNS	2
regulatory	JJ	4
reid	NNP	1
reject	VBP	1
rejected	VBD	2
rejecting	VBG	1
related	VBN	2
relation	NN	1
relationship	NN	7
relative	JJ	1
relatively	RB	2
relentlessly	RB	1
relevant	JJ	1
religion	NN	3	NNP	1
religious	JJ	1
reluctance	NN	1
remain	VB	1
remainders	NNS	1
remains	VBZ	1
remarkable	JJ	1
remember	VBP	12	VB	9
remembering	VBG	1
reminded	VBD	1
reminder	NN	2
reminds	VBZ	1
remote	JJ	1
removed	VBD	1
removing	VBG	1
render	VB	1
renewal	NN	1
renovate	VB	1
renovated	VBN	1
rent	NN	3
rentable	JJ	1
repeating	VBG	1
repertory	NN	1
replace	VB	1	NNP	1
replaced	VBD	1	VBN	1
replacement	NN	1
reply	NN	1
reported	VBN	1	VBD	1
reporters	NNS	2
reports	NNS	1
repository	NN	1
represent	VB	1
representations	NNS	1
representative	NN	2
represents	VBZ	1
reprimand	NN	1
republican	JJ	5
republicans	NNS	4	NNPS	2
require	VBP	2	VB	2
required	VBN	3
requirement	NN	4
requirements	NNS	2
requires	VBZ	4
rescue	NN	7
research	NN	5	NNP	1
reset	VB	4	NN	2	NNP	1
resetting	NNP	2
resident	NN	2
residential	JJ	1
residents	NNS	1
resolution	NN	1
resolutions	NNS	13	NNP	2
resolved	VBN	2
resort	VB	1	NN	1
resource	NN	2	NNP	1
resources	NNS	1
respect	NN	1
respond	VB	1
responded	VBD	1
respondents	NNS	1
response	NN	4
responses	NNS	4
responsibilities	NNS	1
responsibility	NN	2
responsible	JJ	1
rest	NN	3
restaurant	NN	5
restaurants	NNS	2
restored	VBN	1
restoring	VBG	1
rests	VBZ	1
result	NN	7	VB	2
resulted	VBD	1
resulting	VBG	1
results	NNS	4
retailers	NNS	5	NNP	1
retained	VBD	1
reticent	JJ	2
retool	NN	1
retreat	NNP	1	NN	1
return	VB	1	NN	1
returned	VBD	3
returning	VBG	1
returns	NNS	1
rev	NNP	2
revealed	VBN	1	VBD	1
revenue	NN	1
reversed	VBD	1
review	NN	4
revising	VBG	1
revival	NN	1
revolve	VB	1
reward	NN	1
rewarded	VBN	1
rhythms	NNS	5
ribs	NNS	1
rice	NNP	2
rich	JJ	5
richard	NNP	2
richest	JJS	1
rick	NNP	3
rid	JJ	1
ride	VB	5	NNP	4	NN	4	VBP	3
riders	NNS	1
rides	VBZ	2	NNS	1
ridicule	NN	1
ridiculous	JJ	1
riding	VBG	4	NN	1
riff	NN	1
right	NN	17	JJ	6	RB	2	NNP	1
righteousness	NNS	1
rightfully	RB	1
rightly	RB	1
rights	NNS	3
rigor	NN	1
rigorous	JJ	1
ring	NN	1
riots	NNS	1
risk	NN	2
risking	VBG	1
risks	NNS	3
rivals	NNS	1
river	NNP	3	NN	1
riverfront	NN	1
riverhead	NNP	1
roads	NNS	2
robber	NN	1
robert	NNP	2
roberts	NNP	1
robust	JJ	1
rock	NNP	1	NN	1
rode	VBD	1
rodriguez	NNP	2
role	NN	4
roll	NN	1
rollers	NNS	1
rolling	NN	1
romaine	NN	1
ron	NNP	1
room	NN	5
roommate	NN	1
root	NN	1
rooting	VBG	1
roughly	RB	3
roundtables	NNS	1
route	NN	3	NNP	1
router	NN	1
routinely	RB	1
rove	NNP	2
row	NN	2
rss	NNP	1
rte	NN	1
rubbish	JJ	1
ruined	VBN	1
ruins	NNS	1
ruled	VBD	1
run	VBP	2	NN	2	VB	1	VBN	1
running	VBG	7	NN	2
runs	VBZ	2	NNS	1
russell	NNP	1
russia	NNP	2
russian	NNP	3
rust	NNP	3
rusted	JJ	1
rusting	VBG	1
rutherford	NNP	2
ryan	NNP	1
s	VBZ	9	NNP	3
sack	NNP	2
sacramento	NNP	1
sacrifices	NNS	1
sad	JJ	3
sadly	RB	1
safe	JJ	2
safeguards	NNS	1
safely	RB	1
safer	JJR	4
safety	NN	1
said	VBD	42
sake	NN	6
sakya	NNP	1
sale	NN	2
sales	NNS	1
salmon	NNP	1	NNS	1
salsa	NN	1
salt	NNP	2	NN	1
saltines	NNS	1
salutes	NNS	1
salvagable	JJ	1
sambito	NNP	3
same	JJ	20
samples	NNS	1
sanctioned	VBN	1
sand	NN	9
sandwich	NN	2	NNP	1
sane	JJ	1
saper	NNP	1
sarah	NNP	8
sassy	JJ	1
sat	VBD	1
satire	NN	2
satisfaction	NN	1
satisfying	VBG	1
saturday	NNP	4
sauvignon	NN	1
save	VB	2	VBP	1
saves	VBZ	1
savior	NN	1
savor	VB	1
saw	VBD	5
say	VB	14	VBP	7	NN	1
saying	VBG	10
says	VBZ	20
scale	NN	1
scan	VB	1
scarred	JJ	1
scars	NNS	1
scary	JJ	1
scene	NN	3
scenery	NN	1
scent	NN	1
schedule	NN	4
schedules	NNS	1
scheduling	NN	1
scheme	NN	2
schmucks	NNS	1
school	NN	11	NNP	4
schooling	NN	1
schools	NNS	1
schulman	NNP	2
sci-fi	JJ	1
science	NN	4	NNP	1
scientist	NN	1
scientists	NNS	1
scooter	NN	1
scope	NN	1
scoping	VBG	1
scored	VBN	1	VBD	1
scorn	NN	1
scot	NNP	1
scott	NNP	2
scratch	NN	1
scream	VB	1
screen	NN	1
screenings	NNS	1
screw	VB	1
scribble	JJ	1
scruffy	NN	1
scrumptious	JJ	1
scrutiny	NN	1
scv	NNP	1
se	FW	1
sea	NNP	1	NN	1
seamlessly	RB	1
search	NN	2
season	NN	6
seat	NN	5
seatbelts	NNS	1
second	JJ	8	RB	1
second-greatest	JJ	1
seconds	NNS	2
secret	JJ	3
secreted	JJ	1
secretion	NN	1
see	VB	25	VBP	7
seed	NN	1
seedbomb	NN	2
seedbombing	NNP	3	VBG	1
seedbombs	NNS	4
seeds	NNS	5
seeing	VBG	1
seek	VB	1
seeking	VBG	2
seem	VBP	3
seemed	VBD	1
seems	VBZ	13
seen	VBN	11
sees	VBZ	1
segway	NNP	1
sek	NNP	3
selection	NN	2
selections	NNS	1
self	NN	6
self-	NNP	1
self-aggrandizing	JJ	1
self-control	NN	23	NNP	1
self-defense	JJ	1
self-efficacy	JJ	9	NNP	2
self-efficacy--people	JJ	1
self-esteem	NN	1
self-important	JJ	1
self-inflated	JJ	1
self-marketing	JJ	1
self-preservation	NNP	1
self-reliant	JJ	1
self-righteousness	NN	1
self-sufficiency	NN	1
sell	VB	2	VBP	1
selling	VBG	6
seltzer	NNP	5
semester	NN	4
semesters	NNS	2
semi	NN	1
senate	NNP	1	NN	1
send	VB	2
seng	NNP	1
sensational	JJ	1
sense	NN	9
senses	NNS	1
sentient	NN	1
sentiment	NN	1
seo	NNP	1
sep	NNP	7
separate	VB	2	JJ	1
separated	JJ	1
separation	NN	7	NNP	2
september	NNP	7
sequestering	NN	1
serendipity	NN	1
series	NN	3	NNP	2
serious	JJ	6
seriously	RB	2	NNP	1
serve	VBP	1	VB	1
served	VBN	1
server	NN	2
serves	VBZ	2
service	NN	5
serviced	VBN	1
session	NN	5
sessions	NNS	1
set	VB	7	VBN	6	VBD	3
sets	NNS	2
setting	VBG	4	NN	1
settled	VBN	1
seven	CD	1
seventeen	CD	1
several	JJ	9
severity	NN	1
sexism	NN	1
sexual	JJ	1
sexy	NNP	1
shades	NNP	1
shadows	NNS	1
shall	MD	2
shallow	JJ	1
shame	NNP	2	NN	1
shanghai	NNP	1
shape	NN	1
shaq	NNP	2
shaquille	NNP	1
share	VB	3	NN	1
shared	VBD	2
shareholders	NNS	1
shares	VBZ	2
sharia	NNP	2
sharing	VBG	2
shark	NN	1
sharpe	NNP	1
sharply	RB	1
she	PRP	124	NNP	3
she-	NNP	1
shea	NNP	1
shed	VB	2
sheep	NN	1
shelf	NN	2
shell	NN	1
shelter	NN	2
shift	VBP	1	NN	1
shifted	VBN	1
shiite	NN	1
shinola	NNP	1
shipped	VBN	2	VBD	1
shippers	NNS	4
shipping	NN	4	VBG	2
shiran	NNP	1
shit	NN	1
shocked	JJ	1	VBD	1	VBN	1
shockingly	RB	1
shook	VBD	1
shop	NN	5
shopgreen	NNP	1
shopping	NN	1
shops	NNS	1
short	JJ	4	VB	1
shortly	RB	1
shotgun	NN	1
should	MD	29
shoulders	NNS	1
shouldn	NN	1
shout	VB	1
shovels	NNS	1
show	NN	3	VB	1
showing	VBG	1
shown	VBN	3
shows	VBZ	2	NNS	1
shrine	NN	1
shrug	VB	1
shysters	NNS	1
side	NN	3	NNP	1
sides	NNS	1
sidewalks	NNS	1
sign	VB	2
signal	NN	2	VBP	1	VB	1
signature	NN	1
signed	VBD	1
significant	JJ	3
significantly	RB	1
signs	NNS	1
silently	RB	1
silly	NN	1
similar	JJ	3
similarities	NNS	1
similarly	RB	1
simple	JJ	11
simpler	JJR	3
simply	RB	11
simultaneously	RB	1
since	IN	11
single	JJ	8
sink	VBP	1
sir	NN	1
siren	NN	1
sister	NN	1
sisyphian	NNP	1
sit	VBP	1	VB	1
site	NN	3
sites	NNS	1
sitting	VBG	1
situated	VBN	1
situation	NN	2
situations	NNS	1
six	CD	4
size	NN	4
sjerven	NNP	1
skeptical	JJ	1
skill	NN	1
skills	NNS	1
skin	NN	1
sky	NN	2
skype	NNP	1
skyrocket	VB	1
slam	VBP	4
slayer	NNP	1
sleep	NN	12	VB	6	VBP	2
sleep-wake	JJ	2
sleepiness	NNS	3
sleepless	JJ	1
sleeps	VBZ	1
sleepy	JJ	3
slight	JJ	1
slightly	RB	3
slim	JJ	1
sling-shot-pellet	JJ	1
sloth	NN	1
slow	VB	1
slow-release	JJ	1
slower	JJR	2
slowly	RB	2	NNP	2
small	JJ	5
small-time	JJ	1
smaller	JJR	5
smarter	RBR	1
smell	NN	1
smile	NN	3
smiled	VBD	1
smoked	VBD	1
smothered	VBN	1
smug	JJ	1
snapped	VBN	1	VBD	1
snarky	NN	1
snazzy	JJ	1
sneaking	VBG	1
sniper	NN	1
snooty	JJ	1
snowballs	NNS	1
so	RB	61	IN	25	CC	3
so-called	JJ	1
social	JJ	3	NNP	2
socially	RB	1
society	NN	4
sod	NN	1
softball	NN	1
softened	VBN	1
soil	NN	9
soiled	VBD	1
soils	NNS	1
solano	NNP	2
solar	JJ	2
sold	VBN	1
sole	JJ	4
solid	JJ	3	NNP	1
solidarity	NN	1
solution	NN	3
some	DT	57
somebody	NN	2
someone	NN	15
someplace	NN	1
something	NN	18
sometime	RB	1
sometimes	RB	6
somewhat	RB	2
somewhere	RB	1
son	NN	1
sonoma	NNP	63
sonomasonoma	NNP	1
soon	RB	6
sooner	RBR	1
sophisticated	JJ	1
sorely	RB	1
sorry	JJ	3
sort	NN	9
sorts	NNS	2
sound	NN	2	VB	1
sounding	VBG	1
soundly	RB	1
sounds	VBZ	3
source	NN	3
sources	NNS	3
sourcing	VBG	1
sourdough	NN	1
south	RB	1	NNP	1
southern	NNP	2
soviet	NNP	1
sox	NNP	1
space	NN	3
spaces	NNS	2
spain	NNP	1
sparks	VBZ	1
speak	VBP	2	VB	1
special	JJ	4
specializes	VBZ	1
specialty	NNP	1	NN	1
specific	JJ	1
spectacular	JJ	1
sped	VBD	1
speech	NN	1
speechless	JJ	1
spend	VB	3	VBP	2
spending	VBG	4
spent	VBD	3	VBN	2
sperling	NNP	1
spike	NN	1
spin	JJ	1
spirit	NN	1
spirits	NNS	1
spit	NN	1
sponsor	NN	1
spoof	NN	1
sport	NN	10
sports	NNS	3
spot	NN	1
spotlight	NN	1
spots	NNS	2
spray	NNP	1	NN	1
spreading	VBG	1
spreadsheet	NN	1
spridgen	NNP	1
spring	NN	2
springboarded	JJ	1
sprow	NNP	1
sprung	VBN	1
spurred	VBD	1
square	JJ	1
squares	NNS	1
squeeze	VB	1
st	NNP	1
stack	VB	2
stacks	NNS	1
stadium	NNP	1
staggering	JJ	1
staid	JJ	1
stained	JJ	1
stake	NN	2
stamp	NN	1
standard	JJ	3	NNP	1	NN	1
standards	NNS	2
standing	NN	1
standpoint	NN	1
staring	VBG	1
starkly	RB	1
starring	VBG	1
start	VB	4	VBP	1	NNP	1	NN	1	VBG	1
started	VBD	9
starting	VBG	4
starved	JJ	1	VBN	1
stash	VB	1
state	NN	44	NNP	6	VB	2	VBP	1
state-based	JJ	3
state-granted	JJ	1
statement	NN	2
statements	NNS	1
states	NNS	11	NNPS	3	VBZ	2
stating	VBG	1
statistical	JJ	1
status	NN	3
stay	VB	2	VBP	1	NNP	1
stayed	VBD	1
staying	VBG	1
steady	JJ	1
steal	VB	1
stealing	VBG	1
stealthily	RB	1
steep	JJ	1
stefani	NNP	1
stein	NNP	1
stellar	JJ	1
stemming	VBG	1
stems	VBZ	1
step	NN	2
stephenie	NNP	1
steps	NNS	1
sterilized	VBN	1
stern	JJ	1
steve	NNP	3
sticking	VBG	1
stifled	JJ	1
still	RB	22
stimulants	NNS	1
stinking	VBG	1
stint	NN	1
stolen	VBN	2
stomped	VBD	1
stone	NN	2
stop	VB	6	NN	1
stopped	VBD	4
stopping	VBG	1
stops	VBZ	1
store	NN	6
storefront	NN	1
stores	NNS	1
story	NN	7
straight	JJ	5
strange	JJ	1
strategy	NN	2
straw	NN	2	NNP	1
streak	NN	1
street	NN	5
streets	NNS	3
strength	NN	2
strengthen	VB	1
stress	NN	1
strike	VB	1	NN	1
strip	NN	1
stripes	NNS	1
stripped	VBN	1
striving	VBG	1
stroh	NNP	1
strong	JJ	2
stronger	JJR	2
struck	VBD	1
structure	NN	1
struggling	VBG	2
strung	NN	1
stubbornly	RB	1
stuck	VBD	1	VBN	1
student	NN	5	NNP	2
students	NNS	13
students--most	JJ	1
studied	VBN	2
studies	NNS	5
studio	NN	1
study	NN	10	VB	1	NNP	1
stuff	NN	9
stuffy	JJ	1
stumped	JJ	1
stunned	VBN	1
stupid	JJ	7
stupidity	NN	2
sub	NN	1
sub-genre	JJ	1
subject	NN	3	JJ	1
subjects	NNS	3
submit	VB	1
subscription	NN	1
subsides	NNS	1
substitute	VB	1
suburb	NN	1
suburban	JJ	1
succeed	VB	1
success	NN	6
successful	JJ	4
successfully	RB	2
such	JJ	31
such—in	NN	1
sucker	NNP	1	NN	1
sued	VBN	1
suffered	VBN	1
suffering	VBG	2
suggest	VBP	3	VB	1
suggested	VBD	1
suicidal	JJ	1
suits	NNS	1
sulfur	NN	1
sully	RB	1
sum	NN	1
summation	NN	1
summer	NN	2	NNPS	1
sun	NN	2
sunday	NNP	4
sunday-at-the-mall	NNP	1
sundays	NNS	1
sunny	JJ	2
sunnydale	NNP	1
sunset	NN	1
sunshine	NNP	1
superb	NNP	1
superior	JJ	1
superiority	NN	1
supplement	VB	1
supplemental	JJ	1
supply	NN	2
support	NN	7	VBP	3	VB	2	NNP	1
supporter	NN	4
supporters	NNS	4	NNP	1
supporting	VBG	2	JJ	1
supports	VBZ	1
suppose	VBP	1
supposed	VBN	3
supposedly	RB	1
suppressed	VBN	1
supreme	NN	1
sure	JJ	8	RB	3	UH	2
surely	RB	7
surface	NN	1
surprise	NN	4
surprised	VBN	2
surround	VBP	1
surrounding	VBG	2	JJ	1
surveillance	NN	1
survey	NN	1
survival	NN	1
survive	VB	1
survivor	NN	1
susceptible	JJ	1
suspicious	JJ	2
sustainable	JJ	2
sutra	NN	2
swath	NN	1
swearengen	NNP	1
sweeping	JJ	1
sweet	JJ	1
swing	NN	2	VB	1
sydney	NNP	1
sympathizers	NNS	1
synergistic	JJ	1
system	NN	21
system--work	JJ	1
systematic	JJ	1
systems--the	JJ	1
t	NN	2
t-shirt	JJ	2
t-shirts	JJ	1
table	NN	2
tactics	NNP	1
tada	NNP	1
tagged	VBN	1
take	VB	24	VBP	4	NN	2
takedown	NN	1
taken	VBN	4
takes	VBZ	2
taking	VBG	6	NN	1
talented	JJ	2
tales-from-the-urban-jungle	JJ	1
talk	NN	4	VB	3	VBP	1
talked	VBD	2	VBN	1
talking	VBG	12	NN	1
talks	VBZ	2
tall	JJ	1
tame	JJ	1
tamping	VBG	1
tangible	JJ	1
target	VB	2	NN	1
targets	NNS	1
tarts	NNS	1
task	NN	1
tasks	NNS	1
taste	VB	1
tastes	NNS	2
taught	VBD	1
taunt	NN	2
tax	NN	3
taxes	NNS	5
tayari	NNP	2
taye	NNP	1
tbr	NNP	6
tea	NNP	7	NN	1
teabagger	NNP	2
teabaggers	NNP	1	NNS	1
teach	VB	2
teaching	NNP	1	NN	1
team	NN	8
teammates	NNS	2
teamwork	NN	1
teapublicans	NNP	1
tearing	VBG	3
technical	JJ	1
technically	RB	2
technique	NN	1
technology	NN	2
telecommute	NN	1
televised	JJ	1
television	NN	5
tell	VB	10	VBP	1
telling	VBG	6
tells	VBZ	5
temple	NNP	1	NN	1
templeton	NNP	1
ten	CD	4
tend	VBP	3
tended	VBD	1
tendency	NN	1
tenet	NN	1
tennessee	NNP	1
tent	NN	1
tents	NNS	1
term	NN	4
terminology	NN	1
terra	NNP	1
terrell	NNP	1
terrific	JJ	2
territorial	NN	2
territory	NN	1
terroir	NN	1
terrorism	NN	11	NNP	7
terrorist	JJ	6	NNP	2
terrorists	NNS	6	NNP	1
terry	NNP	1
test	NN	2
testing	VBG	1
teubner	NNP	1
texas	NNP	3
tgi	NNP	7
than	IN	56
thank	VB	5
thanking	VBG	1
thanks	NNS	17
that	IN	208	DT	113	WDT	96	RB	2
the	DT	1347
theatre	FW	1
theatrical	JJ	1
thei	DT	1
their	PRP$	99
them	PRP	37
theme	NN	1
themselves	PRP	4
then	RB	34
theocracy	NN	1
theories	NNS	11	NNP	1
theory	NNP	2	NN	2
there	EX	66	RB	18
thereby	RB	1
thermostat	NN	1
these	DT	35
thewe	NN	1
they	PRP	158	NNP	1
thibodeau	NNP	1
thin	JJ	1
thing	NN	17
things	NNS	25
think	VBP	34	VB	11
thinking	VBG	6
thinks	VBZ	8
third	JJ	2
thirty	CD	1
this	DT	179
thoroughly	RB	1
those	DT	42
though	IN	12	RB	5
thought	VBD	7	VBN	2	NNP	1	NN	1
thoughts	NNS	1
thousand	CD	2
thousands	NNS	3
threat	NN	4
three	CD	12
three-hour	JJ	1
three-part	JJ	1
three-walled	JJ	1
thrift	NNP	1	NN	1
thrift-store	JJ	1
through	IN	27	RB	2
throughout	IN	1
throw	VB	3
throwing	VBG	4
thumbs	NNS	1
thursday	NNP	2
thus	RB	5
tibetan	NNP	5
ticket	NN	1
tide	NN	2
tidiness	NNS	1
tie	VB	1
tigers	NNS	1
tightened	VBD	1
till	IN	1
time	NN	65
time-travelling	JJ	1
timed	VBN	1
timeout	NNP	1
timer	NN	1
times	NNS	7	NNP	5
timing	NN	3
timor	NNP	1
tingly	RB	1
tinkered	VBN	1
tiny	JJ	2
tips	NNS	2
tired	JJ	1
title	NN	4
to	TO	712	IN	42
toby	NNP	1
today	NN	10
together	RB	5
told	VBD	9	VBN	3
tom	NNP	8
tom cruise-brad pitt	JJ	1
tom--	NNP	2
tomemos	NNS	2
tomer	NNP	1
tomorrow	NN	1
tone	NN	1
tonight	NN	1
tons	NNS	1
too	RB	24
toodle	NN	1
took	VBD	11
tools	NNS	2	NNP	1
tooth	NN	1
top	NN	2	JJ	1
topic	NN	6
topics	NNS	2
topped	VBD	1
torched	VBN	1
total	JJ	3	NN	1
totally	RB	5
toto	NNP	1
touch	NN	2	VB	1
touching	VBG	1
tough	JJ	2
tour	NN	3
tourism	NN	3
tourist	NNP	1
tourists	NNS	1
tournaments	NNS	1
toward	IN	2
towards	IN	2
town	NN	15	NNP	1
towns	NNS	1
toy	NN	1
tper	NNP	2
track	VB	2	NN	1
trade	NN	12
tradition	NN	1
traditions	NNS	2
traffic	NN	2
training	NN	1	VBG	1
traipsing	VBG	1
traits	NNS	1
transaction	NN	1
transactions	NNS	1
transform	VB	1
transformation	NN	1
transitions	NNS	1
translated	VBN	1
transportation	NN	4
trapped	JJ	1
trashed	JJ	1
travel	NN	4	VBP	3	VB	2
traveling	VBG	2
treasures	NNS	1
treated	VBN	1
treatment	NN	1
tree	NN	2
trees	NNS	3
trek	NN	1
tremendous	JJ	1
trending	VBG	1
trends	NNS	1
triangulate	NN	1
triangulation	NN	1
tricks	NNS	1
tried	NNP	1	VBD	1
tries	VBZ	1
triggering	VBG	1
trip	NN	1
triple	JJ	1
trips	NNS	1
trizin	NNP	1
trophy	NN	1
trouble	NN	3
troy	NNP	5
truck	NN	3
truckloads	NNS	1
true	JJ	9	NNP	1
truism	NN	1
truly	RB	4
truro	NNP	7
trust	NN	2	NNP	1
truth	NN	6	NNP	1
truthfully	NNP	1
truths	NNS	1
try	VB	9	VBP	4	NN	1
trying	VBG	9
tsechen	NNP	1
ttb	NNP	2
tuesday	NNP	1
tuned	VBN	2
tuning	VBG	1
tupelo	NNP	6	NN	1
tupelohoneycafe	NN	1
turf	NN	1
turkmenistan	NNP	1
turn	VB	4
turnbull	NNP	1
turned	VBD	2	VBN	1
turning	VBG	4
turnings	NNP	1
turns	VBZ	5
tuscany	NNP	1
tv	NN	3	NNP	1
twellow	NN	1
twenty	CD	1
twenty-five	JJ	1
twenty-something	JJ	1
twice	RB	7
twilght	NNP	1
twilight	NNP	2	NN	1
twist	NN	1
twitter	NNP	3	NN	1
two	CD	27
two-wheeled	JJ	1
type	NN	5
types	NNS	6	NNP	1
typical	JJ	3
typically	RB	1
typifies	VBZ	1
tyranny	NN	1
u	NNP	2	NN	1
u.s.	NNP	1
uber-rich	NN	1
uc	NNP	1
uci	NNP	1
uh	UH	1
ultimate	JJ	1
ultimately	RB	3
um	NNP	1	UH	1
un-fertilized	JJ	1
un-greasy	JJ	1
unaccustomed	JJ	1
unaffected	JJ	1
unanimously	RB	2
unaware	JJ	1
unbearably	RB	1
unbelievably	RB	1
unchallengeable	JJ	1
unchallenged	JJ	1
unchanging	JJ	1
uncle	NNP	1
uncomfortable	JJ	1
unconsciously	RB	1
under	IN	8
under-60	JJ	1
underdog	NN	1
underground	JJ	2
underlying	VBG	1
undermines	NNS	1
undermining	NNP	1
underpinnings	NNS	1
understand	VB	4	VBP	1	NNP	1
understanding	VBG	3	NN	1
understands	VBZ	2
understatement	NN	1
undoubtedly	RB	1
unearned	JJ	1
uneducated	JJ	1
unelectable	JJ	1
unelected	NNP	1
unemployment	NN	1
unexpected	JJ	1
unfamiliar	JJ	1
unfortunately	RB	1
ungraded	JJ	1
unhappy	JJ	2
unincorporated	JJ	1
union	NNP	1	NN	1
uniqness	NNS	1
unique	JJ	3
uniqueness	NNS	1
unit	NN	6
united	NNP	8	JJ	1
units	NNS	2
universally	RB	1
university	NNP	4	NN	1
unjustified	JJ	1
unleash	VB	1
unless	IN	3
unlimited	JJ	7
unmidas	JJ	2
unnecessarily	RB	2
unnecessary	JJ	1
unprecedented	JJ	1
unread	JJ	1
unregulated	JJ	1
unresolved	NNP	1
unsympathetically	RB	1
untended	JJ	1
until	IN	5
untouchable	JJ	1
unwavering	VBG	1
unwitting	JJ	1
unyielding	VBG	2
up	RP	35	RB	12	IN	5
update	NNP	3
updates	NNS	1
upgrade	NN	1
upheld	VBN	1
uphold	VB	3
uplands	NNS	1
upon	IN	2
upper	NN	1
uprooted	NNP	2
upsell	NN	1
upsides	NNS	1
upstairs	NN	1
upward	RB	1
urban	JJ	6
urbino	NNP	5
urchins	NNS	1
urge	VBP	1
us	PRP	20	NNP	3
usa	NNP	5
use	NN	10	VB	6	VBP	1
used	VBN	10	VBD	5
useful	JJ	1
useless	JJ	2
using	VBG	5
usual	JJ	1
usurp	NNP	1
usurping	VBG	1
utterly	RB	1
v	NN	5	NNP	1
vacant	JJ	1
vacation	NN	7
vacationing	VBG	2
vacuous	JJ	1
vague	JJ	1
valid	JJ	3
validity	NN	1
valley	NNP	20	NN	1
valuable	JJ	1
value	NN	10
vampire	NNP	5	NN	1
vampires	NNP	6	NNS	1
vandalism	NN	1
vanity	NN	1
varied	VBN	1
varietal	NN	1
varieties	NNS	1
various	JJ	4
varsity	JJ	14	NN	1
vassar	NNP	2
vast	JJ	1
vegetable	NN	1
veggie	NN	1
veggies	NNS	1
vehement	JJ	1
vehicle	NN	1
venkatarmani	NNP	4
venom	NN	1
venture	VB	1
ventures	NNS	1
venue	NN	2
verify	VB	2
version	NN	3
vertically	RB	1
very	RB	14	NNP	1	JJ	1
vetted	JJ	1
via	IN	4
vicarious	JJ	1
victory	NN	2
video	NN	3
videotaped	VBD	1
vietnam	NNP	1
view	NN	4	VB	1
viewed	VBN	1
views	NNS	1
vigilance	NN	1
vile	NN	1
village	NN	1
vines	NNS	1
vineyard	NN	2
vintages	NNS	1
vintners	NNS	8	NNP	3
violence	NN	1
virtually	RB	2
virulently	RB	1
virus	NN	1
vis-à-vis	JJ	2
visceral	JJ	1
vision	NN	2
visions	NNS	1
visit	VB	3	NN	1
visited	VBD	2	VBN	1
visitors	NNS	1
viticultural	NNP	2	NN	1
viticulture	NN	2
vive	NNP	1	JJ	1
vividly	RB	1
voice	NN	3
voluntarily	RB	1
voluntary	JJ	2
volunteers	NNS	2
vote	NN	4	VB	2
voted	VBD	2	VBN	1
voters	NNS	1
voting	VBG	1
vs	NNS	1
w	NNP	1
wade	NNP	1
wading	VBG	1
waging	VBG	1
wait	VB	2
waited	VBD	1
waiting	VBG	9
wake	NN	3
wal	NNP	1
walk	VB	1
walked	VBD	1
walking	VBG	2
walks	VBZ	1
wall	NN	2
wall-	NNP	1
wallace	NNP	1
wallenbrock	NNP	1
wallet	NN	1
walls	NNP	1	NNS	1
wandering	VBG	1
want	VBP	11	VB	4	NNP	2
wanted	VBD	6
wants	VBZ	3
war	NN	3
wares	NNS	1
wark	NNP	1
warning	NN	2
warrior	NNP	1
was	VBD	131
washington	NNP	1
waste	VB	1	NN	1
watch	VB	6	VBP	4	NN	1
watched	VBD	1
watching	VBG	7	NN	1
watchmen	NNP	2
water	NN	2
waving	VBG	1
way	NN	42
ways	NNS	3
we	PRP	86
wealth	NN	2
wear	VB	2
wearing	VBG	1
weather	NN	1
website	NN	10
wednesday	NNP	10
wee	JJ	1
weed	NN	1
week	NN	7
weekend	NN	5
weekends	NNS	1
weekly	JJ	1
weeks	NNS	4
weird	JJ	5
welchs	NNP	1
welcome	JJ	1
welcomed	VBN	1
welfare	NN	3
well	RB	33	UH	2
well-deserved	JJ	1
went	VBD	11
were	VBD	59
wesley	NNP	1
west	NNP	3	JJ	1
what	WP	99	WDT	1
whatever	WDT	3
whatsoever	RB	1
whedon	NNP	2
wheel	NNP	1
wheels	NNS	3
when	WRB	71
whence	NN	1
where	WRB	31
whereas	IN	2
wherein	WRB	1
wherever	WRB	1	NNP	1
whether	IN	5
which	WDT	46
while	IN	16	NN	4
whispering	VBG	1
white	JJ	3	NN	2	NNP	1
who	WP	86
whoever	WP	1
whole	JJ	11
wholesaler	NN	5
wholesaler-sponsored	JJ	1
wholesalers	NNS	25
wholesales	NNS	1
whom	WP	3
whoops	NNP	1
whose	WP$	5
why	WRB	19
wide	JJ	1
widener	NNP	3
widespread	JJ	1
wife	NN	10
wifi	NN	3
wild	NNP	1
wildflower	NN	1
wilds	NNS	1
will	MD	75	NNP	1
willing	JJ	1
willingness	NN	1
willpower	NN	1
win	VB	5	NNP	1	NN	1
wind	NN	1
window	NN	2
windows	NNS	4
wine	NN	36	NNP	4
wine-producing	JJ	1
winegrape	NN	1
wineries	NNS	5
winery	NN	5
wines	NNS	20
wingnut	NN	1
wingnuts	NNP	3
winkler	NNP	2
winning	VBG	6
wins	VBZ	3	NNS	1
winter	NN	1
wiring	NN	2
wisdom	NN	2
wish	VBP	1
wishes	VBZ	2
wishing	VBG	1
wisse	NNP	1
wit	NN	1
witch-	NN	1
witchcraft	NN	1
with	IN	188
within	IN	10
without	IN	21
withstand	VB	1
withstanding	VBG	1
witness	NN	2
wo	MD	8
wolves	NNS	1
woman	NN	3
women	NNS	3
won	VBD	3	VBN	1
wonder	VBP	5	VB	2
wonderful	JJ	2
wonderfully	RB	1
woods	NNS	1
woody	NNP	2
word	NN	6
wording	NN	1
words	NNS	6
work	NN	10	VB	6	VBP	1
worked	VBD	6
worker	NN	1
working	VBG	1
workout	NN	3
works	NNS	2	VBZ	1
workshop	NN	1
workshops	NNS	2
workspace	NN	1
world	NN	16	NNP	3
world-historical	JJ	1
world-wide	JJ	1
worldwide	NN	1
worm	NN	1
worrying	VBG	1
worse	JJR	4
worst	JJS	2
worth	JJ	10	NN	1
would	MD	74
wow	UH	4
wraps	VBZ	1
wrestle	VB	1
write	VB	2	VBP	1
writer	NN	2
writers	NNS	3
writing	VBG	3	NN	2
written	VBN	4
wrong	JJ	10
wrong-headed	JJ	1
wrote	VBD	5
wtih	NN	1
wv	NNP	1
www.hr5034.org	NN	1
xander	NNP	1
xbox	NNP	1
y	NN	1
yada	NN	4
yammering	VBG	1
yard	NN	1
yards	NNS	1
yay	NNP	1
yeah	UH	5
year	NN	12	NNP	4
year-round	JJ	1
years	NNS	19	NNPS	1
yell	VB	1
yes	UH	9
yesterday	NN	1
yet	RB	7
york	NNP	4
yorkers	NNPS	1
yorkville	NNP	1
you	PRP	331
young	JJ	7
younger	JJR	1
your	PRP$	92
yourself	PRP	9	NNP	2
yourselves	PRP	1
yrs	NNS	1
yuan	FW	1
zen	NN	2
zero	CD	1
zinfandel	NNP	2
zinger	NN	1
zombie	NNP	2	NN	1
zombies	NNP	9
zone	NN	2
zones	NNS	1
zoo	NN	1
|	NN	22
–	NN	1
—	NN	1
’	NN	10
“	NN	6
”	NN	6
