"	''	520
#	#	11
$	$	198
%	NN	43
&	CC	27
'	POS	45	''	5
'd	MD	2
'll	MD	4
'm	VBP	8
're	VBP	9
's	POS	228	VBZ	41
've	VBP	9
(	(	65
)	)	65
,	,	1621
-	-	68	:	19		1
--	:	13
.	.	1706
/	NN	9
0	CD	2
000	CD	28
0049	CD	1
0050	CD	1
0077	CD	1
0078	CD	1
01	CD	1
0191	CD	1
02	CD	9
0312	CD	1
0371	CD	1
0375	CD	1
0376	CD	1
0408	CD	1
05	CD	1
0671	CD	1
07	CD	27
0711	CD	1
0801	CD	4
09	CD	1
0925	CD	1
0945	CD	1
1	CD	61	LS	4
10	CD	24
100	CD	7
103	CD	2
105	CD	1
11	CD	12
1111	CD	1
1112	CD	1
113	CD	1
118	CD	1
12	CD	16
125	CD	3
1259	CD	1
128	CD	1
12th	JJ	1
13	CD	13
130	CD	2
132	CD	1
133	CD	2
1346	CD	1
1347	CD	1
135	CD	1
14	CD	9
140	CD	2
141	CD	1
144	CD	1
148	CD	1
149	CD	1
15	CD	15
150	CD	1
1501	CD	1
153	CD	1
155	CD	2
158	CD	1
16	CD	9
1600	CD	1
169	CD	1
17	CD	5
170	CD	1
175	CD	1
1792	CD	1
18	CD	12
180	CD	1
1804	CD	1
1808	CD	1
1845	CD	1
1850	CD	1
1892	CD	1
19	CD	4
1907	CD	1
193	CD	1
1933	CD	5
1937	CD	1
1940	CD	1
1944	CD	2
1945	CD	2
195	CD	1
1950	CD	1
1954	CD	1
1960	CD	1
1961	CD	1
1962	CD	1
1963	CD	1
1970	CD	1
1973	CD	2
1980	CD	3
1981	CD	2
1983	CD	1
1984	CD	1
1985	CD	1
1986	CD	2
1988	CD	9
1989	CD	7
1990	CD	8
1991	CD	2
1992	CD	4
1993	CD	2
1995	CD	6
1996	CD	3
1997	CD	4
1998	CD	4
1999	CD	5
1st	CD	2
2	CD	37	LS	2
20	CD	12
200	CD	6
2000	CD	6
2001	CD	4
2002	CD	20
20020731	CD	9
2008	CD	1
2018	CD	1
208	CD	1
21	CD	6
212	CD	2
2130	CD	1
22	CD	6
220	CD	1
225	CD	1
23	CD	10
2338	CD	1
235	CD	1
2352	CD	1
2353	CD	1
24	CD	8
2420	CD	1
25	CD	6
250	CD	1
256	CD	1
259	CD	1
26	CD	3
260	CD	1
27	CD	4
275	CD	1
28	CD	2
281	CD	1
287	CD	1
29	CD	10
3	CD	26	LS	1
30	CD	12
300	CD	7
30233331	CD	1
304	CD	1
306	CD	1
31	CD	33
316	CD	1
32	CD	3
33	CD	4
3333	CD	1
34	CD	2
35	CD	9
350	CD	1
352	CD	1
361	CD	1
37	CD	4
38	CD	3
387	CD	1
388	CD	1
39	CD	1
390	CD	2
396	CD	1
4	CD	13	LS	1
40	CD	3
400	CD	1
41	CD	1
413	CD	1
415	CD	1
42	CD	1
422	CD	1
4250	CD	1
427	CD	1
43	CD	3
430	CD	1
4345	CD	1
4346	CD	1
44	CD	2
4480	CD	1
45	CD	7
450	CD	2
4537	CD	1
45th	JJ	1
46	CD	4
4696	CD	1
4697	CD	1
47	CD	4
472	CD	1
4917	CD	1
492	CD	1
4928	CD	1
4931	CD	1
499	CD	1
5	CD	34	LS	2
50	CD	14
500	CD	8
509th	CD	15
51	CD	2
52	CD	3
53	CD	5
530	CD	1
534	CD	1
54	CD	2
55	CD	7
56	CD	2
57	CD	3
576	CD	1
57th	NNP	1
58	CD	2
59	CD	4
590	CD	1
6	CD	26
60	CD	1
600	CD	2
608	CD	1
61	CD	1
62	CD	5
625	CD	3
63	CD	3
64	CD	2
65	CD	7
660	CD	1
666	CD	1
672	CD	1
68	CD	2
69	CD	1
7	CD	18
70	CD	7
700	CD	1
707	CD	1
71	CD	2
72	CD	1
722	CD	1
73	CD	1
732	CD	2
75	CD	4
750	CD	2
76	CD	3
79	CD	1
8	CD	17
80	CD	3
800	CD	2
809	CD	1
816	CD	1
82	CD	2
83	CD	1
84	CD	1
85	CD	3
87	CD	4
875	CD	2
89	CD	3
890	CD	1
9	CD	24
90	CD	4
900	CD	6
90th	CD	2
913	CD	1
92	CD	2
93	CD	1
94	CD	2
95	CD	2
950	CD	1
956	CD	1
967	CD	1
97	CD	1
99	CD	2
992	CD	1
:	:	78
;	:	19
>	NN	1
?	.	12
_	NN	1
`	``	6
a	DT	686	NNP	1
abandon	VB	1
abandoned	VBN	1
abdulwahab	NNP	1
abello	NNP	1
ability	NN	3
able	JJ	4
abortion	NN	1
about	IN	62	RB	1
above	IN	3
abrogation	NN	1
abundant	JJ	1
abuse	NN	1
abuses	NNS	2
acceptable	JJ	1
acceptance	NN	3
acceptances	NNS	1
accepted	VBN	3
accepting	VBG	2
accepts	VBZ	1
access	NN	2
accessories	NNS	2
accompanying	VBG	2
accord	NN	1
according	VBG	10
account	VB	2	NN	1
accountable	JJ	1
accounted	VBN	1
accounts	NNS	1
accrue	VB	1
accuracy	NNP	1
accurate	JJ	1
accusations	NNS	1
accused	VBN	3
accuser	NN	1
achieve	VB	1
achieved	VBN	2
achieving	VBG	1
acid	NN	1
ackerman	NNP	4
acknowledged	VBD	1
acquire	VB	1
acquired	VBD	1	VBN	1
acquiring	VBG	1
acquisition	NNP	6	NN	6
across	IN	1
act	NNP	4	VB	3	NN	1
acted	VBD	1
action	NN	10
actions	NNS	7
activated	VBN	1
active	JJ	5
activism	NN	1
activist	NN	2
activists	NNS	1
activities	NNS	4
activity	NN	1
acts	NNS	1
actual	JJ	1
actually	RB	2
acute	JJ	1
ad	NNP	1
adam	NNP	1
adapting	VBG	1
added	VBD	11
adding	VBG	3
addition	NN	7
additional	JJ	3
address	VB	1
addresses	VBZ	1
adequately	RB	1
adjustments	NNS	1
adjutant	NN	2
administration	NN	3
administrative	JJ	3
administrator	NN	1
admired	VBN	1
admit	VB	1
admonished	JJ	3
admonishes	NNP	1
admonition	NN	1
adopt	VB	1
adopted	VBD	2
adopting	VBG	1
adulthood	NN	1
advance	VB	1	NN	1
advanced	VBD	3	JJ	1	VBN	1
advances	NNS	1
advantage	NN	5
adventures	NNP	1
advertised	VBN	1
advertisement	NN	3
advertising	NN	3
advisers	NNS	1
affairs	NNS	2	NNP	1
affect	VB	4
affidavit	NN	4
affiliate	NN	1
afford	VB	1
affordable	JJ	1
affront	NN	1
afloat	RB	1
afp	NNP	1
afraid	JJ	1
after	IN	49	JJ	1
after-tax	JJ	1
afternoon	NN	1
again	RB	5
against	IN	14
age	NN	5
agencies	NNS	2
agency	NN	2	NNP	1
agenda	NN	3
agent	NN	6
agents	NNS	2
ages	NNS	1
aggravating	JJ	1
aggressive	JJ	1
ago	RB	12
agree	VBP	1
agreed	VBN	3	VBD	2
agreeing	VBG	1
agreement	NN	2
agriculture	NNP	1
ahead	RB	3
aid	NN	4
aide	NN	2
aides	NNS	2
ailing	VBG	1
aimed	VBN	3
aims	VBZ	1
air	NNP	9	NN	1
airfields	NNS	1
airing	VBG	1
airmen	NNS	2
airtight	NN	1
ajc	NN	1
ak-47	NN	1
akerfeldt	NNP	1
akroyd	NNP	1
al	NNP	3
al-	NN	1
ala	NNP	1
alabama	NNP	1
alan	NNP	1
albar	NNP	1
alex	NNP	1
alfred	NNP	2
ali	NNP	2
alice	NNP	1
aligned	VBN	1
alimzhan	NNP	1
alive	JJ	1
all	DT	33	PDT	7	JJ	1
all-day	JJ	1
allegations	NNS	2
alleged	VBN	5	VBD	1
allen	NNP	1
allocate	VB	1
allow	VB	2
allowed	VBN	1
allowing	VBG	3
allows	VBZ	1
ally	NN	1
almost	RB	5
alone	RB	1
along	IN	6
alongside	IN	1
already	RB	14
also	RB	51
alternatives	NNS	1
although	IN	2
altos	NNP	1
always	RB	6
am	VBP	5
amateurs	NNS	1
amazing	NNP	1
ambassador	NN	3
ambiguities	NNS	1
ambiguous	JJ	1
ambitious	JJ	1
ambush	NN	1
america	NNP	20
american	NNP	17	JJ	14
americans	NNPS	1
americas	NNPS	2
amicable	JJ	1
amid	IN	1
amman	NNP	2
among	IN	8
amorim	NNP	1
amortization	NN	1
amount	NN	6
amounts	NNS	1
amplifier	NN	1
an	DT	122
ana	NNP	1
anaheim	NNP	3
analysis	NN	3
analyst	NN	2
analysts	NNS	5
and	CC	623
andersson	NNP	1
andre	NNP	1
andrea	NNP	1
andrew	NNP	1
anecdotal	JJ	1
angela	NNP	1
angels	NNPS	10	NNP	1
anissina	NNP	14
ann	NNP	2
anniversary	NN	1
announce	VB	1
announced	VBD	3	VBN	2
announcement	NN	1
annual	JJ	5
annulled	JJ	1
anonymous	JJ	2
another	DT	18
answer	VB	1	NN	1
antarctic	NNP	1
anti-	NN	2
anti-aircraft	JJ	1
anti-democratic	JJ	1
anticipates	VBZ	1
anticipation	NN	1
antidepressants	NNS	1
antique	JJ	1
antiterrorism	NN	1
anton	NNP	1
antonio	NNP	1
anwar	NNP	3
anxious	NNP	1
any	DT	22
anything	NN	5
ap	NNP	2
apa	NNP	8
apiece	RB	2
apologize	VB	1
apologized	VBD	1
appalled	VBN	1
apparently	RB	1
appeals	NNPS	1
appear	VBP	2	VB	2
appearance	NN	2
appeared	VBD	3
appears	VBZ	4
appetite	NN	1
applause	NN	1
appliances	NNS	1
applications	NNS	1
applied	NNP	1
appointed	JJ	1	VBD	1
appointment	NN	2
approach	NN	2
approached	VBD	1
approaching	VBG	1
appropriate	JJ	2
approval	NN	2
approved	VBN	2	VBD	1
april	NNP	2
aquarium	NN	3	NNP	1
arab	JJ	2	NNP	1
are	VBP	97
area	NN	8	NNP	3
areas	NNS	3
argues	VBZ	2
argument	NN	4
arise	VB	1
arizona	NNP	1
arm	NN	2
armed	NNP	1
arms	NNS	2
army	NNP	5
arnold	NNP	2
around	IN	10
arrangements	NNS	1
arranging	VBG	1
arrest	NN	2	NNP	1
arrested	VBN	5	VBD	1
arresting	VBG	1
arrive	VBP	1
arrived	VBD	5
arrives	VBZ	1	NNP	1
art	NNP	3	NN	2
article	NN	4
arts	NNP	1
artwork	NN	1
as	IN	110	RB	13
aseltine	NNP	1
asher	NNP	1
asia	NNP	4
asian	JJ	7	NNP	1
asked	VBD	5	VBN	2
asking	VBG	1
asman	NNP	1
assassination	NN	2
assembled	VBN	4
assembly	NN	1
assess	VB	1
assessing	VBG	3
asset	NN	1
assets	NNS	4
assignments	NNS	1
assistance	NN	1
assistant	NN	4
assisted	VBN	2
associated	NNP	3	VBN	1
associates	NNP	1
association	NNP	13	NN	2
associations	NNS	2
assume	VB	1
assumed	VBD	1
assuming	VBG	2
assure	VB	1
assured	VBD	2	VBN	1
astonishing	JJ	1
astoria	NNP	1
at	IN	131	NNP	4
ate	VBD	1
atlanta	NNP	2
atlantic	NNP	1	JJ	1
atom	NN	1
atomic	JJ	4
atrocity	NN	1
attack	NN	3	VB	1
attacks	NNS	2
attained	VBN	1
attempt	VB	1	NN	1
attempting	VBG	4
attempts	NNS	3
attendance	NN	1
attended	VBD	1
attending	VBG	1
attention	NNP	2	NN	2
attorney	NN	4
attorneys	NNS	1
attract	VBP	1
attracted	VBN	1
attributed	VBD	2
au	NN	1
auburn	NNP	1
auction	NN	9	NNP	1
auctioned	VBN	2
auctioneer	NN	1
auctions	NNS	1
audience	NN	2
aug	NNP	4
august	NNP	2
augustus	NNP	1
austin	NNP	4
author	NN	2
authorities	NNS	4
authority	NNP	3	NN	3
auto	NN	2
autographs	NNS	2
automated	VBN	1
automatic-teller	JJ	1
automatically	RB	1
automotive	JJ	3	NNP	1
available	JJ	6
avert	VB	1
avon	NNP	1
award	NN	2
awarded	VBD	1	VBN	1
aware	JJ	1
awareness	NN	2
awash	RB	1
away	RB	3
awesome	JJ	1
azizah	NNP	1
b	NNP	7
b-	NNP	1
back	RB	13	RP	1
backed	VBN	1	VBD	1
background	NN	2
backing	VBG	1
backlash	NN	1
backlog	NN	1
backup	NN	2
bad	JJ	5
badly	RB	1
baghdad	NNP	3
bakery	NN	2
baking	NNP	1
balaban	NNP	2
balance	VB	1
ballot	NN	5
ballots	NNS	1
bandar	NNP	1
bank	NNP	4	NN	3
banker	NN	1
banking	NN	1
bankrupt	JJ	1
bankruptcy	NN	5
banks	NNS	4
banning	VBG	1
barbara	NNP	1
barbed	VBN	1
barco	NNP	3
barely	RB	1
bargain	NN	1
barrage	NN	1
barred	VBN	1
barriers	NNS	1
barron	NNP	1
bars	NNS	1
barth	NNP	1
bartolo	NNP	1
base	NN	4
baseball	NN	2
based	JJ	10	VBN	7
baserunners	NNS	1
bases	NNS	2
bash	NN	1
basic	JJ	1
basis	NN	2
basra	NNP	1
bat	NN	1
bated	JJ	1
battalions	NNS	1
batted	VBD	1
battery	NN	3
battle	NN	2
bay	NNP	4
bc-atomic-bomb-	NNP	2
bc-bba-angnote-ladn	NNP	2
bc-chefs-savingfish-nns	NNP	2
bc-fbc-sec-notes-	NNP	2
bc-fig-oly-arrest-	NNP	2
bc-ibm-chips-	NNP	2
bc-juliachild-sf	NNP	1
bc-juliachild-sfchron	NNP	1
bc-producebin-sf	NNP	1
bc-producebin-sfchron	NNP	1
bc-psychologists-drugs-s	NNP	1
bc-psychologists-drugs-sciam-art-nytsf	NNP	1
be	VB	133
beach	NN	1
bean	NN	1
bear	VB	1
bearing	VBG	1
beat	VB	1
beautiful	JJ	2
became	VBD	3
because	IN	26
beck	NNP	1
become	VB	5	VBP	1
becomes	VBZ	3
becoming	VBG	1
bed	NN	2
beds	NNS	1
been	VBN	60
before	IN	22	RB	4
began	VBD	4
begawan	NNP	1
begin	VB	5	NNP	1
beginning	VBG	1	NN	1
behavior	NN	3
behind	IN	2
behring	NNP	1
being	VBG	18
belief	NN	2
believe	VBP	3	VB	1
believed	VBD	3	VBN	1
believes	VBZ	2
below	IN	5
bench	NN	2
beneficiaries	NNS	1
benefit	NN	4	VB	2
benefited	VBD	1
benefits	NNS	2
bengie	NNP	5
berezhnaya	NNP	2
bernardin	NNP	2
bertholle	NNP	1
besides	IN	1
best	JJS	8
best-known	JJS	1
best-selling	JJS	1
bet	NN	1
beth	NNP	3
betrayal	NN	1
better	JJR	4	RBR	1
betting	VBG	1
between	IN	15
beyond	IN	1
bid	NN	3
bidder	NN	1
bidders	NNS	5
bidding	NN	1
bids	NNS	2
big	JJ	9
bigger	JJR	1
biggest	JJS	4
bilingual	JJ	1
bill	NNP	4	NN	3
billboard	NN	1
billboards	NNS	1
billion	CD	21	NNP	1
billions	NNS	2
billy	NNP	1
bin	NNP	2	NN	1
biology	NN	1
biomedical	JJ	1
birmingham	NNP	1
birthday	NN	7
bit	NN	1
bitter	JJ	5	NNP	4
bitterness	NN	1
black	JJ	5
blackmailing	VBG	1
blames	VBZ	1
blanched	JJ	1
bleeding	VBG	1
blessing	NN	3
bleu	NNP	1
blind	NNP	1
blinding	VBG	1
blinds	NNS	1
block	NN	2
blockbuster	NN	1
blocking	VBG	1
blood	NN	1
bloodthirsty	NN	1
bloomberg	NNP	1
blow	VB	1
blue	JJ	1
blunder	NN	1
board	NN	9
boast	VBP	1
boat	NN	1
bob	NNP	1
bobby	NNP	1
body	NN	1
bogota	NNP	2
bolivia	NNP	1
bolster	VB	1
bomb	NN	13
bombed	VBN	1	VBD	1
bomber	NN	2
bombing	NN	3
bombings	NNS	2
bombs	NNS	2
bonanza	NN	1
bonds	NNS	1
bonneville	NNP	1
bonus	NN	1
book	NN	4	NNP	1
bookkeeper	NN	1
books	NNS	1
boom	NN	1
boosts	VBZ	1
boot-straps	JJ	1
boots	NNS	1
border	NN	1
borders	NNS	1
borge	NNP	1
born	VBN	4
bosses	NNS	1
boston	NNP	3
botanically	RB	1
both	DT	11
bottle	NN	1
bought	VBD	2
bounced	VBD	1
bounds	NNS	1
bowls	NNP	1
boy	NNP	2	NN	1
boycott	NN	4
braced	VBD	1
bradley	NNP	1
braised	JJ	1
bread	NN	1
break	VB	1
breast	NN	1
breeze	NN	1
brewers	NNP	2
bribery	NN	1
brief	JJ	2
briefs	NNS	1
brigham	NNP	1
bright	JJ	1
brilla	NNP	1
bring	VB	2
bringing	VBG	1
brings	VBZ	1
britain	NNP	1
british	JJ	1
broadcast	NN	1	VBN	1
broadcasting	NN	1
broader	JJR	1
broken	VBN	2
bronco	NN	1
bronze	NN	3
brother	NN	3
brothers	NNS	2
brunei	NNP	2
bubble	NN	1
bubbling	VBG	1
buchanan	NNP	1
budget	NN	1
buell	NNP	1
build	VB	1
building	NN	2	VBG	2
built	VBN	2	VBD	1
bulk	NN	1
bullpen	NN	1
bullying	VBG	1
bunches	NNS	1
bunk	NN	1
buoyancy	NN	1
burlington	NNP	1
burst	NN	1
bus	NN	2
bush	NNP	15
business	NN	21
businessman	NN	2
buster	NN	1
but	CC	102
butter	NN	2
butters	NNS	1
buy	VB	4	NN	1	VBG	1
buyer	NN	4
buyers	NNS	1
buying	VBG	2
by	IN	137	NNP	4
c	SYM	9	NNP	7
cabbage	NNP	1
cable	NN	2
cadmium	NN	1
cairo	NNP	2
cajoling	VBG	1
cake	NN	2
calendar	NN	2
calif	NNP	4
california	NNP	8
call	NN	5	VB	3	VBP	1
called	VBD	6	VBN	5
caller	NN	1
callers	NNS	1
calling	VBG	2
calls	VBZ	2	NNS	1
cambridge	NNP	1
camden	NNP	1
came	VBD	15
camera	NN	1
campaign	NN	16
campaigns	NNS	1
campbell	NNP	1
can	MD	21
canada	NNP	4
canadian	JJ	5
canadians	NNPS	2
cancel	VB	1
candid	JJ	1
candidate	NN	5
canine	JJ	1
cannot	NN	6
cano	NNP	1
cap	NN	1
capabilities	NNS	1
capability	NN	1
capacity	NN	3
cape	NNP	1
capital	NN	11	NNP	2
capitalize	VBN	1
captain	NN	1
captured	VBN	1
car	NN	1
cara	NNP	2
carbon	NN	2
card	NN	1
cards	NNS	2
care	NNP	1	NN	1
career	NN	6
cargo	NN	1
caribbean	NNP	1
caring	VBG	1
carl	NNP	4
carla	NNP	1
carnival	NNP	1
carpet	NN	1
carriers	NNS	3
carries	VBZ	1
carry	VB	2
cartel	NN	4
case	NN	12
cases	NNS	3
cash	NN	11	VB	1
cash-flow	JJ	1
castro	NNP	4
casts	VBZ	1
casualties	NNS	2
casualty	NN	3
cataloged	JJ	1
catch	VB	2	NNP	1	NN	1
catcher	NN	3
catches	VBZ	1
catching	VBG	1
categories	NNS	1
catering	NN	1
caught	VBN	2
cause	NN	1
causes	VBZ	1
causing	VBG	1
caviar	NN	2
cd	JJ	2
cease	VB	1
celebrate	VB	1
celebrates	VBZ	1
celebration	NN	1
celebrations	NNS	1
celebrity	NN	2
cell	NN	3
cellophane	NN	1
censorship	NN	1
censure	NN	1
cent	NN	1
center	NNP	7	NN	3
centers	NNS	1
central	NNP	4	JJ	1
centralized	VBN	1
cents	NNS	31
cereal	NN	1
ceremony	NN	6
certain	JJ	5
certainly	RB	2
certificate	NN	1
certify	VB	1
chabon	NNP	1
chain	NN	2	VBP	1
chairman	NN	6	NNP	2
chairs	VBZ	1
chamber	NN	1
champion	NN	1
championships	NNS	1
chance	NN	3
chances	NNS	1
chang	NNP	38
change	NN	5	NNP	1
changed	JJ	1	VBD	1	VBN	1
changes	NNS	4
changing	VBG	3
chapati	NN	1
chapter	NN	1
charantia	NN	1
charge	NN	13	VBP	3
charged	VBN	1
charges	NNS	10
charities	NNS	1
charles	NNP	1
chassis	NN	3
chastised	VBD	1
chatter	NN	1
check	VB	1
checks	NNS	1
chef	NN	5	NNP	2
chefs	NNS	10	NNP	2
chemical	NN	2
chemicals	NNS	1
chief	JJ	9	NN	3	NNP	1
chiefly	RB	1
child	NNP	20	NN	1
children	NNS	5
childs	NNP	1
chilean	JJ	14
chilling	JJ	1
china	NNP	1
chinese	JJ	4
chip	NN	4	NNP	1
chips	NNS	7
chocolat	NN	1
chocolate	NN	2
choice	NN	1
choices	NNS	1
chok	NNP	1
choosing	VBG	2
chopping	VBG	1
chose	VBD	2
chosen	VBN	1
christian	NNP	1
christians	NNS	1
christie	NNP	1
christine	NNP	1
christmas	NNP	3
chron	NNP	1
chronic	JJ	1
chronicle	NNP	6
chuck	NNP	1
cincinnati	NNP	1
circuitry	NN	1
circuits	NNS	1
circulation	NN	2
circumstances	NNS	4
citadel	NNP	3
cite	VB	1
cited	VBD	5
cites	VBZ	1	NNP	1
citibank	NNP	1
cities	NNS	1
citizen	NN	4	NNP	1
citizenship	NN	3
citrus	JJ	1
city	NNP	11	NN	9
civilian	JJ	2
civilians	NNS	1
claim	NN	2
claimed	VBD	2
claims	NNS	4	VBZ	1
claire	NNP	1
class	NN	4	NNP	1
classes	NNS	3
classic	JJ	1
classification	NN	1
classifications	NNS	1
classroom	NN	1
clay	NNP	1
clean	NNP	5
clear	JJ	3	NNP	2	VB	1
cleared	VBD	2
clearly	RB	1
clears	VBZ	1
cleave	NNP	1
cleveland	NNP	2
client	NN	2
clients	NNS	5
cliff	NNP	1
climates	NNS	1
climbed	VBD	2
climbing	VBG	1
clinical	JJ	2	NNP	1
clock	NN	1
clone	NN	1
close	RB	5	JJ	3	VB	2	NN	2
closed	VBD	8	VBN	2
closely	RB	3
closer	JJR	1
closing	NN	3
cloth	NN	2
cloud	NN	1
clout	NN	1
club	NN	5
co	NNP	10
co-authors	JJ	1
co-conspirator	JJ	2
co-conspirators	JJ	2
co-founded	VBD	2
coach	NN	2
coaching	NN	1
coast	NNP	1
coastal	JJ	1
cobra	NNP	1
cocaine-connected	JJ	1
cockcroft	NNP	1
cocoa	NN	1
code	NN	2
coffee	NN	1
coin	NN	22	NNP	2
coincided	VBD	1
coincides	VBZ	1
coins	NNS	5	NNP	1
col	NNP	1
cole	NNP	3
coleco	NNP	3
colin	NNP	2
collaboration	NN	1
collapse	NN	2
collapsed	VBD	1
collected	VBN	1
collecting	NN	1
collection	NN	1
collector	NNP	1	NN	1
collectors	NNS	4
college	NNP	1	NN	1
colleges	NNS	2
colombia	NNP	6
colombian	JJ	3
colon	NNP	1	NN	1
color	NN	2
colored	VBN	1
columbia	NNP	8
columbus	NNP	2
com	NN	7
combat	NN	2
come	VB	7
comeback	NN	1
comes	VBZ	3
comey	NNP	8
coming	VBG	3
command	NN	2
commander	NN	2
commanding	JJ	1
comment	VB	2	NN	2
commented	VBD	1
commercial	JJ	1	NN	1
commercially	RB	1
commission	NN	2
commit	VB	2
commitment	NN	2
committed	VBN	2
committee	NN	25	NNP	8
committees	NNS	1
commodities	NNS	1
commodores	NNP	1
common	JJ	18
commonly	RB	1
communications	NNS	4	NNP	2	NNPS	1
communique	NN	1
communities	NNS	1
community	NN	4
compact-disc	JJ	2
companies	NNS	13
company	NN	67
compared	VBN	11
comparison	NN	2
compel	VB	1
compels	VBZ	1
compensation	NN	1
compete	VBP	1
competes	VBZ	1
competing	VBG	1
competition	NN	1
competitions	NNS	2
competitive	JJ	3
competitors	NNS	2
complaint	NN	9
complements	VBZ	1
complete	VB	2
completed	VBN	3	VBD	1
completing	VBG	1
completion	NN	2
complex	NN	1
compliance	NN	2
complicated	VBN	2
complicity	NN	2
composed	VBN	1
composite	JJ	6	NNP	1
comptroller	NN	2
comptrollers	NNS	1
computer	NN	11
computer-maintenance	NN	1
computer-security	JJ	1
computers	NNS	1
concede	VBP	1
conceived	VBN	1
concentrate	VB	1
concern	NN	9
concerned	VBN	3
concerning	VBG	3
concerns	NNS	5
conclude	VB	1
concluded	VBN	1	VBD	1
condiment	NN	1
condition	NN	1
conditional	JJ	1
condominium	NN	1
conduct	NN	3	NNP	1
conducting	VBG	1
conference	NN	8
confidence	NN	1
confident	JJ	1
confirm	VB	1
confirmed	VBD	1	VBN	1
conflicting	JJ	1
conflicts	NNS	2
confused	VBN	1
confusing	JJ	1
congress	NNP	4
congressional	JJ	3
congressman	NNP	1	NN	1
congressmen	NNS	1
conn	NNP	2
connect	VB	2
connected	VBN	3
connection	NN	3
conscience	NN	1
consequently	RB	3
conservation	NN	6
consider	VBP	1	VB	1
considered	VBN	4	VBD	1
considers	VBZ	1
consistent	JJ	2
consoles	VBZ	1
conspiracy	NN	7
conspirators	NNS	1
conspired	VBD	1
constituencies	NNS	1
constitute	VB	1
constraints	NNS	1
constricting	VBG	1
construction	NN	3
constructive	JJ	1
consulting	NN	1
consumer	NN	3
consumers	NNS	1
consuming	NN	1
contact	NN	8
contacted	VBN	1
contacting	VBG	2
container	NN	1
contains	VBZ	1
contemporary	JJ	1
contemptuous	JJ	1
contended	VBD	1
contender	NN	1
contending	VBG	1
contention	NN	1
contents	NNS	1
contest	NN	1
contested	VBN	1
continental	NNP	1
continuation	NNP	1
continue	VBP	2	VB	2
continued	VBD	4
continues	VBZ	1
continuing	VBG	3
continuously	RB	1
contra	NNP	1
contract	NN	3
contractor	NN	1
contractors	NNS	1
contracts	NNS	2
contrary	JJ	1
contrast	NN	1
contribute	VB	1
contributed	VBD	1
contributions	NNS	1
contributor	NN	1
control	NN	1
controlling	VBG	1
controls	VBZ	1	NNS	1
controversy	NN	1
convention	NNP	1	NN	1
conversation	NN	2
conversations	NNS	2
conversion	NN	2
convert	VB	1
convertible	JJ	3
convicted	VBN	5
convicting	VBG	1
conviction	NN	2
convinced	VBN	1
cook	VB	2	NN	1
cooking	NN	4	NNP	3
cooks	NNS	2
cooper	NNP	1
cooperate	VB	1
cooperated	VBN	1
cooperating	VBG	1
cooperation	NN	5
coordinate	VB	1
coordinated	VBN	1
coordinator	NN	1
copia	NNP	3	NN	1
copied	VBN	1
coppola	NNP	1
coptic	NNP	1
copyright	NN	1
cord	NN	1
cordon	NNP	1
core	NN	2
corn	NN	2
corp	NNP	22
corporate	JJ	6
corporations	NNS	1
corps	NNP	1
correct	JJ	1
correction	NNP	1
corrupt	JJ	2
corruptly	RB	1
cosmetic	JJ	2
cost	NN	6	VB	1	VBN	1
cost-control	JJ	1
cost-cutting	JJ	1
costing	VBG	1
costly	JJ	3
costs	NNS	12	VBZ	1
could	MD	30
counted	VBN	1
counter	NN	3
counterpart	NN	2
counters	NNS	1
counterterrorism	NN	2
countless	JJ	1
countries	NNS	2
country	NN	15
county	NNP	2
couple	NN	2
coupon	NN	1
courage	NN	1
court	NN	18	NNP	4
courts	NNS	1
cover	VB	1
coveralls	NNS	1
covered	VBN	4
coverings	NNS	1
covers	VBZ	1
cox	NNP	8
cq	NNP	1
crabmeat	NN	1
crack	NN	2	VB	1
cracking	VBG	1
crawfish	NNP	1
craze	NN	1
crazy	JJ	1
create	VB	1
created	VBN	2	VBD	1
creating	VBG	1
creation	NN	3
credibility	NN	3
credible	JJ	2
credit	NNP	2	NN	1
creditor	NN	1
creditors	NNS	3
crescents	NNS	1
crew	NN	7
crews	NNS	3
crime	NN	8
crimes	NNS	1
criminal	JJ	6
crimson	JJ	1
crippling	JJ	1
crisis	NN	2
crispy	NN	1
critical	JJ	2
criticize	VBP	1
criticized	VBD	2	VBN	1
critics	NNS	2
cronyism	NN	1
crop	NN	1
cross	NNP	1
crowd	NN	3
crown	NNP	2	NN	1
crucial	JJ	1
crude	NN	1
crudest	JJS	1
cruel	JJ	1
cruise	NNP	2
crum	NNP	3
crust	NN	1
cry	NN	1
cryptographers	NNS	1
cuba	NNP	2
cuban	JJ	1
cue	NN	1
cuisine	NN	1
cuisines	NNS	1
culinary	JJ	4	NNP	1
cultivated	VBN	1
cuomo	NNP	1
curb	VB	1
currency	NN	1
current	JJ	7
currently	RB	7
curriculum	NN	1
curries	NNS	1
curtailed	VBN	1
custom	NN	2
customary	JJ	1
customers	NNS	8
customized	VBN	1
cut	VBP	4	VB	3	NN	1
cutcliffe	NNP	4
cutthroat	JJ	1
cutting	VBG	1
cx	NNP	8
cycles	NNS	1
cyclical	JJ	1
cyst	NN	1
d	NNP	7	SYM	2
d-hawaii	NNP	1
d-n.j	NNP	1
d-ohio	NNP	2
d-s.d	NNP	1
dads	NNS	1
dakota	NNP	1
damage	NN	2
damages	NNS	1
dame	NN	1
dan	NNP	1
dancer	NN	4
dancers	NNS	4
dancing	NN	5
danger	NN	1
daniel	NNP	1
dark	JJ	2
daschle	NNP	1
data	NNS	2
datapoint	NNP	1
date	NN	1
daughter	NN	1
daunting	JJ	1
david	NNP	11
davison	NNP	3
day	NN	12	NNP	1
days	NNS	9
dayton	NNP	1
dd	NNP	4
de	IN	1
dead	JJ	1
deadline	NN	4
deal	NN	8	VB	3
dealer	NN	2
dealers	NNS	1
dealership	NN	1
dealings	NNS	2
death	NN	13	NNP	1
debate	NN	3
debenture	NN	1
deborah	NNP	1
debra	NNP	2
debt	NN	5
debut	NN	1
dec	NNP	2
decade	NN	4
deceit	NN	1
decide	VBP	1	VB	1
decided	VBD	3	VBN	1
decision	NN	2
decisions	NNS	1
declaration	NN	1
declared	VBN	2	VBD	2
decline	NN	1
declined	VBD	6
declines	NNS	1
decorated	VBN	1
dedicated	VBN	1
dedication	NN	1
deemed	VBN	1	VBD	1
deepens	NNP	1
deere	NNP	1
defeat	NN	1
defeats	NNS	1
defence	NNP	1
defend	VB	1
defender	NN	1
defense	NN	3	NNP	2
definition	NN	1
degree	NN	1
dei	FW	3
deisher	NNP	2
delaware	NNP	1
delay	VB	1
deliberations	NNS	1
delisted	VBN	1
delivered	VBN	3
delivery	NN	1
deliverymen	NN	1
deluged	VBN	1
demand	NN	8
demanded	VBN	1
democracy	NN	4	NNP	1
democrat	NNP	2
democratic	JJ	4
democrats	NNPS	1
demonstrate	VBP	1
demonstrating	VBG	1
demonstration	NN	1
denied	VBN	1
denise	NNP	3
denton	NNP	1
department	NNP	8
departure	NN	6
depend	VBP	1
depending	VBG	2
depiction	NN	1
depleted	VBN	1
depletion	NN	1
deposed	VBN	1
depositary	JJ	1
depot	NN	1
depreciation	NN	1
depth	NNP	1	NN	1
deputy	NN	2	JJ	1
derived	VBN	1
descended	VBD	1
describe	VB	2
described	VBD	1
describes	VBZ	1
description	NN	1
descriptions	NNS	2
desert	NN	2	NNP	1
deserving	JJ	1
deshong	NNP	1
design	NN	2
designation	NN	1
designed	VBN	4	VBD	1
designers	NNS	2
designs	NNS	2
desire	NN	1
desk	NN	2
desktop	NN	2
despite	IN	3
dessert	NN	1
destiny	NN	2
destroy	VB	1
destroyed	VBN	2	VBD	1
destroying	VBG	1
destruction	NN	4
detailed	JJ	1
detailing	VBG	1
details	NNS	3
detention	NN	1
deter	VB	1
determination	NN	1
determine	VBP	1
detonation	NN	1
devastation	NN	1
develop	VBP	1
developed	VBN	3
developer	NN	1
developing	VBG	2	NN	1
development	NN	4	NNP	2
developments	NNS	1
devices	NNS	3	NNP	1
devoid	JJ	1
dewan	NNP	1
dgamino	NN	1
dialing	VBG	2
diamond	NNP	1
dianto	NNP	1
diaper	NN	6	NNP	2
dictatorship	NN	1
did	VBD	25
didier	NNP	1
die	VB	1
died	VBD	1	VBN	1
diets	NNS	1
differ	VBP	1
difference	NN	4
different	JJ	11
differently	RB	1
difficult	JJ	2
digging	NN	1
dignity	NN	1
diluted	VBN	1
diners	NNS	1
dining	NN	1
dinner	NN	4
dinners	NNS	2
dioxide	NN	2
diploma	NN	1
diplomatic	JJ	3
diplomatically	RB	1
dire	JJ	1
direct	VB	2	JJ	1
directed	VBD	1
director	NN	13
directors	NNS	2
directorship	NN	1
disabled	JJ	1
disagreement	NN	1
disappear	VB	1
disappearing	VBG	1
disappointed	VBN	2
disappointing	JJ	1
disappointment	NN	1
disaster	NN	1
disasters	NNS	1
disciplined	VBN	1
disclose	VB	2
disclosed	VBN	1
disclosure	NN	3
discontinued	VBN	2
discounted	VBN	1
discovered	VBN	1
discuss	VB	3
discussed	VBD	1
discussing	VBG	1
discussion	NN	1
discussions	NNS	1
disgruntled	JJ	1
dish	NN	1
disks	NNS	1
dismantled	VBN	1
dismay	NN	1
dismissal	NN	1
disorganized	JJ	1
display	NN	1
displayed	VBD	3	VBN	2
displays	NNS	1
disposables	NNS	1
disposal	NN	3
dispute	NN	1
disputing	VBG	1
disregarding	VBG	1
dissent	NN	1
distanced	JJ	1
distinguished	NNP	1
distribute	VB	1
distributed	VBN	2
distributes	VBZ	1
distributor	NN	1
district	NNP	4	NN	2
disturbance	NN	1
disturbing	JJ	1
diversity	NN	1
dividend	NN	6
dividends	NNS	1
division	NN	3	NNP	1
do	VBP	20	VB	14
doctorate	NN	1
document	NN	2
documented	VBN	1
documents	NNS	4
does	VBZ	12
doherty	NNP	1
doing	VBG	2
dollar	NN	2
dollars	NNS	7
dollop	NN	1
dolls	NNS	1
dominated	VBN	2
dominates	VBZ	1
donaldson	NNP	1
done	VBN	5
donor	NN	1
donuts	NNP	1	NNS	1
doors	NNS	2
double	JJ	8	VB	1
doubling	VBG	1
doubt	VBP	1	NN	1
douglas	NNP	1
dow	NNP	4
down	RB	15	RP	3	IN	1
downs	RP	1
downtown	NN	3
downturn	NN	2
dozen	NN	2
dozens	NNS	1
draft	NN	1
drag	NN	1
drain	NN	1
drama	NN	1
dramatic	JJ	1
draw	VB	1
drawer	NN	1
dream	NN	3
drew	NNP	1
drift	VB	1
drifts	NNS	1
drink	NN	1
drive	NN	1
driven	VBN	1
driver	NN	1
drives	NNS	1
driving	VBG	2
drop	VB	3	NN	3	VBP	1
dropped	VBD	2	VBN	1
dropping	VBG	1
drove	VBD	1
drug	NN	12
drug-financed	JJ	1
drugs	NNS	2
dry	JJ	1
dsm	NNP	3
dual	JJ	1
dubai	NNP	20
duck	NN	2
due	JJ	6	NN	1
duluth	NNP	1
dunkin	NNP	5
duplicate	JJ	1
during	IN	14
dutch	JJ	2
duties	NNS	2
duty	NN	1
dwell	NN	1
dydee	NNP	1
dynamite	NN	1
dynasty	NN	1
e	SYM	1	NNP	1
e-	NNP	2
e-commerce	JJ	4
e-mail	JJ	3
e-trade	JJ	1
each	DT	23
eager	JJ	1
eagle	NN	8
eagles	NNS	2
ear	NN	1
earlier	RBR	9	JJR	4
early	JJ	9	RB	3
earn	VB	1
earned	VBD	8
earnings	NNS	15
earrings	NNS	4
earthquake	NN	2
ease	VB	2
east	NNP	13	JJ	1
easterling	NNP	3
eastward	RB	1
easy	JJ	1
eat	NNP	1
eats	VBZ	1
eavesdropping	NN	1
ebay	NN	1
ebullient	JJ	1
economic	JJ	6
economy	NN	2
ecosystem	NN	1
ecosystems	NNS	1
ecuador	NNP	1
eddin	NNP	1
edelman	NNP	4
edge	NN	1
editions	NNS	2
editor	NN	3	NNP	1
editorial	NN	4	NNP	3
editorials	NNS	1
editors	NNP	3	NNS	1
eds	NNP	1
edt	NNP	9
educating	VBG	1
education	NN	6
edward	NNP	2
effect	NN	1
effective	JJ	4
effects	NNS	1
efficacy	NN	1
efficiency	NN	2
efficient	JJ	1
effort	NN	3
efforts	NNS	8
egg	NN	1
egoless	JJ	1
egypt	NNP	6
egyptian	JJ	2
egyptians	NNP	1
eight	CD	5
eight-person	JJ	1
eighth	JJ	1
either	CC	3
el	NNP	4
elaine	NNP	1
elco	NNP	2
election	NN	4
elections	NNS	4
electronic	JJ	10
electronics	NNP	2	NNS	1
eli	NNP	2
eligible	JJ	2
eliminate	VB	2	VBP	1
eliminated	VBN	3
eliminates	VBZ	1
elisa	NNP	1
elite	NN	1
else	RB	1
elsewhere	RB	1
embargo	NN	1
embark	VB	1
embarrassing	JJ	1
embarrassment	NN	1
embraced	VBN	1
emirates	NNPS	1
emissions	NNS	4
emory	NNP	1
emotional	JJ	1
emphasis	NN	2
emphasized	VBD	1
emphasizes	VBZ	1
emphasizing	VBG	1
empirically	RB	1
employ	VB	2
employee	NN	4
employees	NNS	8	VBZ	1
employment	NN	1
en	IN	1
enclosed	VBN	1
encrypting	VBG	1
end	NN	5	VB	3	NNP	2
endangered	VBN	1
ended	VBD	4	VBN	3
ending	VBG	2
endorsed	VBD	1	VBN	1
endured	VBD	1
enemy	NN	1
energized	VBN	1
energy	NNP	1	NN	1
enforcement	NN	1
engaged	VBN	2
engineering	NN	2
england	NNP	1
english	NNP	1
engulf	NN	1
enhance	VB	1
enjoy	VBP	1	VB	1
enola	NNP	4
enormous	JJ	1
enormously	RB	1
enough	RB	4	JJ	1
enriched	JJ	1
enriching	VBG	1
enrolled	VBN	1
enshrined	JJ	1
ensuing	VBG	1
ensure	VB	1
entering	VBG	1
enterprise	NN	1
enters	VBZ	1
entertaining	JJ	1
entertainment	NNP	2
enthusiasts	NNS	1
entirely	RB	1
entitles	VBZ	1
environment	NN	2
environmental	JJ	3	NNP	2
environmentalists	NNS	1
environmentally	RB	1
envisioneering	NNP	1
episode	NN	1
equal	JJ	1
equip	VB	1
equipment	NN	2
equivalency	NN	1
equivalent	JJ	1
equivalents	NNS	1
equus	NNP	4
era	NNP	1
erased	VBN	2
erbamont	NNP	2
eric	NNP	1
eroding	VBG	1
erroneous	JJ	1
errors	NNS	1
escaped	VBD	1
especially	RB	4
espectador	NNP	3
espionage	NN	2
esplanade	NN	1
esprit	NNP	1
essential	JJ	1
essentially	RB	2
est	NNP	1
establish	VB	1
estate	NN	2
estimate	VB	1	NN	1
estimated	VBN	4	VBD	2
estimates	NNS	2	VBZ	1
etc	FW	1
etched	JJ	1
ethics	NNP	8	NNS	8
ethnic	JJ	2
eurasian	NNP	2
european	JJ	2
evaluating	VBG	1
evaluation	NN	1
eve	NN	1
even	RB	20
evening	NN	2
event	NN	1
events	NNS	2
eventually	RB	1
ever	RB	6
eveready	NNP	1
every	DT	10
everybody	NN	2
everyone	NN	1
everything	NN	7
everywhere	RB	1
evidence	NN	6
evidenced	VBN	4
evident	JJ	1
ex-hog	NNP	1
exactly	RB	2
examined	VBN	1
example	NN	5
exasperation	NN	1
exceeding	VBG	1
excel	NNP	2
excellence	NNP	1
except	IN	2
exception	NN	1
excerpts	NNS	3
excess	JJ	1	NN	1
exchange	NNP	8	VB	1	NN	1
excited	VBN	2
exciting	JJ	1
exclusive	JJ	1
execute	VB	1
execution	NN	1
executive	NN	10	JJ	5
executives	NNS	4
exempt	JJ	1
exercise	VB	1
exercised	VBN	3
exhaustively	RB	1
exhibit	NN	1
exhibition	NNP	1
exile	NN	1
existed	VBD	2
existence	NN	1
existing	VBG	2
exists	VBZ	1
exodus	NN	1
exotic	JJ	1
expand	VB	1
expansion	NN	1
expect	VBP	1
expectations	NNS	2
expected	VBN	17	VBD	2
expects	VBZ	6
expelled	VBN	1
expenditures	NNS	1
expense	NN	1
expensive	JJ	5
experience	NN	4
experienced	VBN	1
experiment	NN	1
expert	NN	2
experts	NNS	4
expire	VB	5	VBP	1
explained	VBD	1
explains	VBZ	2
explanation	NN	2
explicit	JJ	1
exploded	VBD	2
exploit	VB	1
exploited	VBN	1
exploration	NN	2
explore	VB	1
explosion	NN	1
export	NN	2	VB	1
expos	NNP	6
expose	VB	1
express	VB	1
expressed	VBN	1	VBD	1
expresses	VBZ	1
expression	NN	1
expulsion	NN	1
extend	VB	1
extended	VBD	2	VBN	2
extension	NN	3
extensive	JJ	2
extinction	NN	1
extort	VB	2
extradited	VBN	1
extradition	NN	2
extraordinary	JJ	4
eye	NN	1
eyeing	VBG	1
f	SYM	11
fabregas	NNP	5
fabricating	VBG	1
fabrication	NN	1
face	NN	4	VBP	1	VB	1
faces	VBZ	1
facilities	NNS	3
facility	NN	5
facing	VBG	1
fact	NN	1
factor	NN	1
factors	NNS	3
factory	NN	12
facts	NNS	1
fads	NNS	1
failed	JJ	1	VBN	1	VBD	1
failing	VBG	2
failure	NN	3
fair	JJ	6
fairly	RB	1
faith	NNP	1
fake	JJ	1
falconesque	NNP	1
fall	NN	8	VB	1
falloff	NN	1
falls	VBZ	2
false	JJ	1
familiar	JJ	3
familiarity	NN	1
families	NNS	1
family	NN	6	NNP	1
famous	JJ	3	NNP	1
far	RB	6	JJ	1
farmers	NNS	2
farouk	NNP	1
fasano	NNP	1
fascinating	JJ	1
fashion	NN	1
fast	RB	2
fasteners	NNS	2
father	NN	1
favorite	JJ	3
favorites	NNS	2
favors	NNS	1
fax	NN	1
fbi	NNP	8
fear	VBP	1	NN	1
features	NNPS	1	NNS	1
feb	NNP	4
february	NNP	1
federal	JJ	17	NNP	5
federation	NNP	7	NN	5
fee	NN	1
feed	VB	1
feel	VBP	1	VB	1
feeling	NN	1	VBG	1
feels	VBZ	2
feet	NNS	3
feline	JJ	1
fell	VBD	9
fellow	NN	2
fellowships	NNS	1
felonies	NNS	1
felt	VBD	6
female	JJ	1
feniger	NNP	1
fenton	NNP	3
festered	JJ	1
fetches	NNP	1
fetching	VBG	1
few	JJ	10
fiasco	NN	1
fibrous	JJ	1
fidel	NNP	1
fidelity	NNP	1
field	NN	4	NNP	2
fielder	NN	1
fiercely	RB	1
fifth	NNP	2
fight	VB	1	NN	1
figure	NN	5	NNP	2	VBP	1
filed	VBN	4	NNP	3
filing	VBG	1
fill	VB	1
filled	VBN	1
fillings	NNS	1
film	NN	1
final	JJ	2
finalized	VBN	1
finally	RB	3
finals	NNS	1
finance	NN	3
financed	VBN	1
financial	JJ	6	NNP	5
financial-disclosure	JJ	1
financing	NN	3
find	VB	4
findings	NNS	2
fine	NN	2
fingers	NNS	1
finish	VB	1	NN	1
finished	VBD	1
finishing	VBG	1
finland	NNP	1
finnish	JJ	2
fire	NN	2	NNP	1
firm	NN	3
firms	NNS	4
first	JJ	22	CD	5	LS	4	RB	1
fiscal	JJ	6
fish	NN	3
fished	JJ	1
fisheries	NNS	7	NNPS	3
fishery	NN	1
fishing	NN	2
fishkill	NNP	3
fitness	NN	2
five	CD	9
five-year	JJ	1
fix	VB	1
fixed	JJ	1	VBN	1
flapping	VBG	1
flash	VBP	1
flat	JJ	2
flats	NNP	1
flavor	NN	1
flavored	JJ	1
flawed	VBN	1
flecked	JJ	1
fleets	NNS	1
flesh	NN	1
flew	VBD	2
flexibly	RB	1
flies	VBZ	1
flight	NN	5
flights	NNS	1
floor	NNP	2	NN	2
florida	NNP	5
flour	NN	1
flow	NN	2
floyd	NNP	9
fluctuation	NN	1
fluke	NN	1
fly	VB	2
flying	VBG	1
focal	JJ	1
focused	VBN	2
folio	NN	1
follow	VB	2
followed	VBD	3	VBN	2
following	VBG	3
follows	NNP	1
food	NN	8	NNP	2
foods	NNP	1
footage	NN	1
football	NN	2
for	IN	314
forbidden	NNP	1	VBN	1
force	NN	3	NNP	1	VB	1
forced	VBN	1
forces	NNS	2	NNP	1	NNPS	1
forcesin	NNP	1
ford	NNP	2
fore	NNP	3
foreign	JJ	11
foreigners	NNS	1
forever	RB	1
forged	VBN	1
forgotten	VBN	1
form	VB	1	NN	1
formal	JJ	2
formally	RB	1
format	NN	1
formed	VBN	1
former	JJ	13
forming	VBG	1
forms	NNS	1
forrester	NNP	2
forster	NNP	3
forte	NNP	3
fortunes	NNS	1
forty	CD	1
forum	NN	1
forward	RB	2
forwarded	JJ	1
foster	VB	1
fought	VBD	1
found	VBD	8	VBN	3
foundation	NNP	3	NN	3
founder	NN	1
four	CD	13
fourth	JJ	2
fourth-quarter	JJ	3
fourth-ranking	JJ	1
fp	NNP	1
fr	NN	1
france	NNP	4
francis	NNP	1
francisco	NNP	14
frank	NNP	1
franklin	NNP	1
fraud	NN	1
free	JJ	10	NNP	1
freedom	NN	2
freedoms	NNS	1
freer	JJR	1
french	JJ	12	NNP	8	NNPS	1
frequently	RB	1
fresh	JJ	2	NNP	1
freud	NNP	1
freudtoy	NNP	1
friday	NNP	2
fried	JJ	1	VBN	1
friend	NN	4
friendly	JJ	1
friends	NNS	4
friendship	NN	1
from	IN	141
front	NN	1
fruit	NN	1
fruits	NNS	1
frustrated	VBN	1
fueled	VBN	1
full	JJ	7
full-fledged	JJ	1
full-time	JJ	1
fully	RB	5
fully-owned	JJ	1
functions	NNS	1
fund	NN	2
fund-raising	JJ	1
fundamentals	NNS	1
funded	VBN	1
funds	NNS	4
furman	NNP	1
further	RBR	3	RB	1	JJ	1
future	JJ	3
g	NNP	4
ga	NNP	1
gabriel	NNP	2
gailhaguet	NNP	17
gain	NN	4	VB	1
gained	VBD	1
gaining	VBG	1
gains	NNS	4
galley	NN	1
gambling	NN	1
game	NN	6
games	NNS	6	NNPS	1
gamino	NNP	2
gang	NN	1
gaping	JJ	1
garcia	NNP	1
garden	NNP	1
garlic	JJ	1
gas	NN	2
gathered	VBN	1	VBD	1
gathering	NN	1
gators	NNP	2
gaudens	NNP	1
gave	VBD	8
gavel	NN	2
gay	NNP	4
gearing	VBG	1
ged	NNP	1
gelles	NNP	1
gen	NNP	2
general	JJ	11	NNP	1	NN	1
generalized	NNP	1
generally	RB	2
generate	VB	1
generated	VBN	2
generation	NN	2
george	NNP	6
georgia	NNP	2
gerald	NNP	2
get	VB	17	VBP	4
getix	NNP	1
gets	VBZ	3
getting	VBG	3
giant	NN	1
gibbs	NNP	1
gift	NN	3	NNP	1
gifts	NNS	13	NNP	4
gingl	NNP	1
girlfriends	NNS	2
gitex	NNP	1
give	VB	4
given	VBN	10
gives	VBZ	5
giving	VBG	6
glasnost	FW	1
glass	NN	1
glasses	NNS	2
glee	NN	1
glenn	NNP	1
glitches	NNS	1
global	JJ	4
glorious	JJ	1
go	VB	8	VBP	1	NN	1
go-go	JJ	1
goal	NN	2
goals	NNS	2
god	NNP	1
goes	VBZ	1
goh	NNP	1
going	VBG	17
gold	NN	10	JJ	1
gone	VBN	2
good	JJ	16
goode	NNP	2
goodwill	NN	1
goody	NNP	1
gorbachev	NNP	2
got	VBD	18	VBN	1
gotten	VBN	2
gougne	NNP	7
gourd	NN	1
gourds	NNS	1
gov	NNP	2
govern	VB	1
governance	NN	1
governing	VBG	3
government	NN	27	NNP	1
governments	NNS	2
governor	NN	5	NNP	1
graf	NN	1
grande	NNP	1
grandfather	NN	1
grant	VB	2
granted	VBN	1
grants	NNS	1
gras	NNP	2
grateful	JJ	1
gray	JJ	1
great	JJ	4	NNP	1
greater	JJR	2
greatest	JJS	4
greatly	RB	1
green	NN	2
greenville	NNP	1
grew	VBD	1
grim	JJ	1
gross	NNP	1
grossman	NNP	2
ground	NN	4
grounds	NNS	2
groundswell	NN	1
group	NN	15	NNP	5
groups	NNS	5
grow	VBP	2
growing	VBG	6
growth	NN	7
guam	NNP	1
guber	NNP	3
guerrillas	NNS	2
guests	NNS	1
guidance	NN	2
guides	NNS	1
guilders	NNS	9
guillermo	NNP	1
guilty	JJ	2
gulf	NNP	5
gun	NN	1
guy	NN	4
guys	NNS	1
gwendal	NNP	1
h	NNP	1
haakenson	NNP	1
habitat	NN	1
had	VBD	95	VBN	5
haddon	NNP	1
haden	NNP	1
hadson	NNP	2
hahn	NNP	1
hair	NN	4
hale	NNP	1
half	NN	2	PDT	1
halibut	NN	1
hall	NNP	13
hallwood	NNP	2
halved	VBN	1
halves	NNS	1
hamid	NNP	1
hammacher	NNP	1
hand	NN	2
handball	NN	1
handed	VBD	1
handful	NN	1
handle	VB	1
handled	VBD	1
handling	VBG	1
hands	NNS	2
hanging	VBG	1
hap	NNP	1
happen	VBP	1	VB	1
happening	VBG	1
happens	VBZ	3
hard	JJ	6
harder	RBR	1
hardly	RB	2
hardships	NNS	2
harry	NNP	1
harsh	JJ	1
harvest	NN	1
has	VBZ	111
hasbrouk	NNP	1
hassan	NNP	1
hated	VBN	2
have	VBP	53	VB	41
having	VBG	4
hawaii	NNP	2
he	PRP	215
head	NN	5
headcount-control	NN	1
headed	VBN	1
heading	VBG	1
headquarters	NN	3
heads	VBZ	1	NNS	1
health	NN	5	NNP	2
healthy	JJ	1
heard	VBN	2
hearings	NNS	2
heart	NN	1
heavily	RB	1
heavy	JJ	4
heiby	NNP	1
heights	NNP	2
heisman	NNP	3
held	VBD	1
hell	NN	1
help	VB	12	NN	3
helped	VBD	2
helping	VBG	3
helpings	NNS	1
helps	NNP	1
helsinki	NNP	1
hemisphere	NN	2
henrietta	NNP	1
her	PRP$	44	PRP	8
herbs	NNS	1
here	RB	17
hereby	NN	1
heritage	NNP	6
herself	PRP	2
hersh	NNP	3
hew	NN	1
high	JJ	8	NN	2
high-level	JJ	1
high-ranking	JJ	1
higher	JJR	7
highest-level	JJ	1
highlighted	VBD	1
highly	RB	2
hill	NNP	1
hills	NNP	1
him	PRP	32
himself	PRP	3
hinted	VBD	1
hire	VB	1
hiring	VBG	1
hiroshima	NNP	8
his	PRP$	129
historians	NNS	1
historic	JJ	2
history	NN	11
hit	VBD	6	VB	1	VBN	1
hitachi	NNP	1
hitech	NN	1
hitter	NN	2
hitting	VBG	3
hmong	NNPS	1
hockey	NN	2
hogs	NNS	1
hold	VBP	3	NN	1
holder	NN	1
holders	NNS	2
holding	VBG	6	NNP	2
holdings	NNPS	1
holds	VBZ	2
hole	NN	1
holes	NNS	1
holland	NNP	1
hollis	NNP	1
holloway	NNP	1
hollywood	NNP	2
holsman	NNP	1
home	NN	20
homeless	JJ	1
homers	NNS	3
honesty	NN	1
honorary	JJ	1
honoree	NN	2
honoring	VBG	1
hoopla	NN	1
hope	VBP	2
hopes	VBZ	1
horoscopes	NNS	1
horrified	JJ	1
hosni	NNP	1
hospital	NNP	1	NN	1
hospitals	NNS	3
host	NN	2
hostess	NNP	1
hostile	JJ	1
hot	JJ	1
hotel	NNP	3	NN	2
hotels	NNS	1
hottest	JJS	1
hour	NN	7
hours	NNS	5
house	NNP	3	NN	3
houses	NNS	1
housing	NN	1
houston	NNP	1
how	WRB	17	NNP	1
howard	NNP	2
however	RB	4
http	NN	1
hudson	NNP	1
huge	JJ	4
hugo	NNP	3
human	JJ	10	NNP	1
humanitarian	JJ	5
hundreds	NNS	5
hurricane	NNP	4
hurricanes	NNPS	1
hurt	VBN	4	VB	1
husband	NN	2
hut	NN	1
i	PRP	88	NNP	1
i-aa	NNP	1
ibm	NNP	12
ibrahim	NNP	7
ice	NN	11
icon	NN	2
idea	NN	7
ideas	NNS	2
identified	VBN	2
identities	NNS	2
if	IN	25
ignores	VBZ	1
ii	NNP	4
ill	NNP	2
illegal	JJ	1
illegally	RB	1
illinois	NNP	1
image	NN	3
images	NNS	2
imagine	VB	1
immediate	NNP	1
immediately	RB	2
impact	NN	3	NNP	1
impatient	NNP	1
implement	VB	1
implementation	NN	1
implicated	VBN	3
important	JJ	10
imported	VBN	1
imports	NNS	5
impose	VB	1
imposed	VBN	1
imprisonment	NN	1
improper	JJ	1
impropriety	NN	2
improved	VBN	1
improvement	NN	1
improving	VBG	1
in	IN	565
inadequate	JJ	2
inaugurated	VBN	1
inauguration	NN	2	NNP	1
inc	NNP	22
include	VBP	3
included	VBD	6	VBN	1
includes	VBZ	4
including	VBG	18
income	NN	14
income-tax	NN	1
incomplete	JJ	1
incongruities	NNS	2
inconsistencies	NNS	2
inconsistent	JJ	1
incorporated	VBN	1
increase	NN	3	VB	2
increased	VBN	2
increases	NNS	1
increasing	VBG	1
increasingly	RB	1
indeed	RB	1
independence	NN	1
independent	JJ	3	NNP	1
independently	RB	1
indian	JJ	5
indicate	VB	1
indicating	VBG	1
indictments	NNS	1
indirect	JJ	1
individual	JJ	1	NN	1
individuals	NNS	2
indonesia	NNP	7
indonesian	JJ	1
industrial	JJ	4
industries	NNPS	4
industry	NN	9
industry-government	JJ	1
ineffective	JJ	1
inevitably	RB	1
inexcusable	JJ	1
inexperienced	JJ	1
infant	NN	1
infielder	NNP	1
infiltrated	VBN	2
influence	NN	2
influential	JJ	1
influx	NN	1
information	NN	25	NNP	3	NNS	1
informed	VBN	1
informs	VBZ	1
infrastructure	NN	1
ingratiate	VB	2
ingredients	NNS	1
initial	JJ	1
initiative	NN	1
initiatives	NNS	3
injecting	VBG	1
injured	VBN	1
injury	NN	1
inmate	NN	1
innocent	JJ	2
innovate	VB	1
innovations	NNS	1
inouye	NNP	2
inquiries	NNS	1
inquiry	NN	5
inscribed	JJ	1
inserted	VBN	1
insisted	VBD	2
inspectors	NNS	2
install	VB	1
installation	NN	1
installed	VBN	1
instances	NNS	1
instantly	RB	1
institute	NNP	4	NN	1
institution	NNP	2	NN	2
institutions	NNS	1
instruction	NN	1
instructions	NNS	3
instrument	NN	1
insufficient	JJ	1
insulated	VBN	1
insulation	NN	1
insurance	NN	7	NNP	1
insurer	NN	1
intact	JJ	1
integra	NNP	2
intel	NNP	1
intelogic	NNP	5
intending	NNP	1
intends	VBZ	1
intensified	VBN	1
intention	NN	1
inter	NN	1
inter-	NNP	1
interest	NN	7
interested	VBN	1
interests	NNS	2
interim	JJ	1
international	JJ	9	NNP	7
internationally	RB	3
internet	NNP	4	NN	2
intertwine	NN	1
intervals	NNS	1
interventions	NNS	2
interview	NN	3
interviewed	VBN	1
into	IN	34
intricacies	NNS	1
intriguing	JJ	1
introduction	NN	2	NNP	1
introductions	NNS	1
invaluable	JJ	1
invasion	NN	2
investigate	VB	1
investigation	NN	5
investigator	NN	2
investigators	NNS	4
investment	NN	4	NNP	1
investments	NNS	2
invests	VBZ	1
invited	VBN	1
involved	VBN	6
involves	VBZ	2
involving	VBG	2
iran-	NNP	1
iraq	NNP	21
iraq-poverty	NNP	1
iraqi	JJ	4
iraqis	NNP	4
irrelevant	JJ	1
is	VBZ	234
isabel	NNP	1
islamic	NNP	1
island	NNP	3	NN	2
islands	NNP	2
ismail	NNP	1
isolation	NN	2
israel	NNP	3
israeli	JJ	2
issue	NN	7	VB	2	NNP	1
issued	VBN	4	VBD	1
issues	NNS	6
isu	NNP	3
it	PRP	190
italian	JJ	9
italian-made	NNP	1
italy	NNP	4
item	NN	1
items	NNS	6
its	PRP$	81
itself	PRP	3
j	NNP	6
jabal	NNP	1
jack	NNP	3
jacques	NNP	1
jail	NN	1
jailing	VBG	1
jaime	NNP	1
jakarta	NNP	2
jake	NNP	1
james	NNP	8
jamie	NNP	1
jan	NNP	1
january	NNP	2
japan	NNP	8
japanese	JJ	4
jealous	JJ	1
jeanminette	NNP	2
jebel	NNP	1
jeep	NNP	2
jeffords	NNP	4
jennifer	NNP	1
jenrette	NNP	1
jeopardize	VB	1
jersey	NNP	8
jeweler	NN	2
jewell	NNP	1
jiffy	NNP	1
jl	NNP	1
job	NN	11
jobs	NNS	8
joe	NNP	3
joel	NNP	1
john	NNP	3
johnson	NNP	6
join	VB	5
joined	VBN	2
joining	VBG	1
joint	JJ	2
jointly	RB	2
jolly	RB	1
jon	NNP	1
jonathan	NNP	1
jones	NNP	4
jordan	NNP	5
jorge	NNP	2
jose	NNP	7
journal	NNP	3
journalists	NNS	4
journey	NN	1
joy	NN	1
jr	NNP	1
jubilant	JJ	1
judah	NNP	1
judge	NN	8
judges	NNS	4
judging	VBG	3	NNP	1
judgment	NN	7	NNP	1
judy	NNP	1
julia	NNP	14
july	NNP	8
jump-start	NNP	1
jumped	VBD	2
jun-song	NNP	1
june	NNP	3
jury	NN	6
just	RB	16
justice	NNP	7	NN	2
justices	NNS	1
k	NNP	2
kalamazoo	NNP	1
kane	NNP	1
karen	NNP	2
karnes	NNP	36
karola	NNP	2
kavalier	NNP	1
kearny	NNP	1
keep	VB	5	VBP	1
keeping	VBG	1
keeps	VBZ	2
keith	NNP	1
kelly	NNP	5
key	JJ	1
kicked	VBN	1
kickoff	NNP	1
kid	NN	1
kidnapped	VBN	1
kids	NNS	5
kiffer	NNP	1
kill	VB	1
killed	VBD	4	VBN	2
killing	VBG	1
killings	NNS	1
kim	NNP	2
kind	NN	5
kindred	JJ	1
kinds	NNS	2
king	NN	2	NNP	1
kingsbridge	NNP	1
kitchen	NN	10
knew	VBD	6
know	VB	6	VBP	4
knowledgeable	JJ	1
known	VBN	8
knows	VBZ	2
korea	NNP	2
korean	JJ	3
koskovich	NNP	1
krosen	NN	1
kuwait	NNP	2
l	NNP	3
la	FW	1
laboratories	NNS	1
labs	NNS	1
lack	NN	4
laid	VBN	1
lake	NNP	8
lama	NNP	5
landfills	NNS	1
landing	NN	1	VBG	1
landmark	NN	2
lanka	NNP	1
large	JJ	2
large-screen	JJ	2
largely	RB	2
larger	JJR	1
largest	JJS	5
lassen	NNP	2
last	JJ	22
late	JJ	4	RB	2
later	RB	22
latest	JJS	6
latin	NNP	4
laugh	NN	1
launch	VB	1
launched	VBN	2	VBD	2
launching	NNP	2	VBG	1
laura	NNP	1
laurent	NNP	1
law	NN	6	NNP	1
lawless	NNP	1
lawmaker	NNP	1	NN	1
lawmakers	NNPS	1	NNS	1
lawrence	NNP	1
laws	NNS	1
lawyer	NN	3
lay	VB	1
laying	VBG	1
le	NNP	9
lead	NN	2	VBP	1	VB	1
leader	NN	3
leadership	NN	3
leading	VBG	4
league	NNP	2	NN	2
leans	VBZ	1
leape	NNP	2
learn	VBP	1	VB	1
learned	VBD	1
lease	VB	1
leaseholders	NNS	1
leases	NNS	1
least	JJS	6
leather	NN	1
leave	VBP	1
leaving	VBG	1
led	VBN	6	VBD	2
left	VBN	5	VBD	2
left-wing	JJ	1
leftist	JJ	1
legacy	NN	1
legal	JJ	4
legally	RB	4
legation	NN	1
legend	NN	2
legislation	NN	3
legislators	NNS	1
legislatures	NNS	1
legitimate	JJ	1
legs	NNS	1
legwork	NN	2
leisurely	JJ	1
lengthwise	NN	1
lengthy	JJ	1
lent	VBD	1
leone	NNP	1
leonidas	NNP	1
leslie	NNP	1
less	JJR	7
let	VB	4
letter	NN	6
letters	NNS	4
level	NN	3
levels	NNS	1
liabilities	NNS	1
library	NNP	1
license	NN	2	VB	1
lieutenant	NN	2
life	NN	9
lifetime	NN	1
lifted	VBN	1
lifting	NN	1
light	JJ	3	NN	3	VB	2
lightly	RB	2
lights	NNS	1
like	IN	27	VB	1	JJ	1
liked	VBD	3
likely	JJ	3	RB	1
likeness	NN	1
lilienfeld	NNP	2
limit	VB	1	NN	1
limited	NNP	1	JJ	1	VBD	1
limits	NNS	2
line	NN	2	VB	1
lines	NNS	6	NNPS	1
lineup	NN	1
lining	VBG	1
link	VB	1
linked	VBN	2
links	NNS	1
liquidation	NN	1
lisa	NNP	1
list	NN	6
listed	VBN	1
listen	VB	1
lists	NNS	1
lit	VBD	1
literature	NN	1
litigation	NN	1
little	JJ	6	NNP	4	RB	2
live	VB	2	NNP	1
lived	VBD	3	VBN	1
lives	VBZ	5	NNP	1
living	VBG	4
liza	NNP	1
lloyd	NNP	1
load	NN	2
loan	NN	6	NNP	2
loans	NNS	3
lobby	VB	1
lobbying	VBG	1
lobster	NNP	1
local	JJ	3
located	VBN	1
locked	VBN	1
logical	JJ	1
lohr	NNP	1
london	NNP	8	JJ	1
lone	JJ	1
long	JJ	10	RB	4	NNP	3
long-awaited	JJ	1
long-range	JJ	1
long-term	JJ	1
longer	RB	1
longstanding	JJ	1
longtime	JJ	1
look	VB	3	VBP	2	NN	2
looked	VBD	2
looking	VBG	3
looks	VBZ	1
lopez	NNP	1
lords	NNS	2
lorenzo	NNP	1
los	NNP	1
lose	VB	2
losing	VBG	1
loss	NN	15
losses	NNS	5
lost	VBD	2
lot	NN	9
louder	JJR	1
loughlin	NNP	1
louis	NNP	1
louisette	NNP	1
love	VBP	3
loves	VBZ	1
low	JJ	1
lower	JJR	10
lowering	NNP	1
lowest	JJS	1
ltd	NNP	2
lube	NNP	1
lucile	NNP	1
lucky	JJ	1
lufkin	NNP	1
luis	NNP	1
lunch	NN	2
luz	NNP	1
m	NN	5	NNP	4
m-	NNP	1
macerate	NN	1
machinery	NN	1
machines	NNS	3
maclellan	NNP	1
made	VBD	11	VBN	11
magazine	NN	3	NNP	1
magleby	NNP	1
magna	NNP	8
magnified	VBN	1
mahathir	NNP	3
mail	NN	3
mailing	VBG	1
main	JJ	3
maine	NNP	3
mainframe	NN	1
mainly	RB	1
maintain	VBP	1
maintained	VBN	1
maintaining	VBG	1
major	JJ	7
majority	NN	4
majors	NNS	1
make	VB	22	VBP	2
maker	NN	6
makers	NNS	1
makes	VBZ	5
making	VBG	9
maktoom	NNP	1
maktoum	NNP	1
malaysia	NNP	4
malaysian	JJ	3
male	JJ	1
malnourishment	NN	1
malnutrition	NN	2
maltese	JJ	1
man	NN	8	NNP	1
manageable	JJ	1
managed	VBD	1	VBN	1
management	NN	8	NNP	1
manager	NN	11
managers	NNS	1
managing	VBG	1
manfred	NNP	1
manhattan	NNP	13
manipulating	VBG	1
manning	NNP	1
mannix	NNP	1
mansnerus	NNP	1
manuel	NNP	1
manufacture	VB	1
manufactured	VBN	1
manufacturer	NN	1
manufacturing	VBG	3
many	JJ	24
march	NNP	6
margin	NN	1
margins	NNS	1
maria	NNP	1
marina	NNP	1
marine	NNP	10	JJ	3
marjolaine	NN	2
mark	NNP	3	NN	1
market	NN	20
market-based	JJ	1
marketed	VBN	2
marketing	NN	1
marketplace	NN	1
markets	NNS	4	NNP	2
markkaa	NN	3
marks	VBZ	1
marlin	NN	1
marlins	NNP	2
marmi	NNP	3
marquis	NNP	1
marriott	NNP	1
marshall	NNP	3
martin	NNP	4
marty	NNP	1
mary	NNP	1
masa	NNP	2
mass	NN	3	NNP	2
master	NN	1
mastering	NNP	3
masters	NNS	1
match	NN	1
matched	VBD	1
matchett	NNP	2
material	NN	3
materialized	VBN	1
materials	NNS	3
matter	NN	3
matters	NNS	3
maturity	NN	1
maudlin	NN	1
maximize	VB	1
maximum	NN	3
maxwell	NNP	2
may	MD	15	NNP	4
mayor	NNP	1	NN	1
mcalpine	NNP	8
mccall	NNP	8
mcginniss	NNP	1
mcguigan	NNP	2
md	NNP	1
me	PRP	18
meal	NN	2
mean	NN	1
meaning	VBG	1
means	VBZ	1	NNS	1
meant	VBD	1	VBN	1
measure	VB	1	NN	1
meat	NN	1
mechanics	NNS	1
mechanisms	NNS	1
medal	NN	5
medellin	NNP	3
media	NNS	5	NNP	1
medical	JJ	6	NNP	2
medicalization	NN	1
medications	NNS	2
medicine	NN	3	NNP	1
medium-range	JJ	1
meet	VB	1
meeting	NN	5	VBG	1
meetings	NNS	3
megawati	NNP	2
melon	NN	6
melons	NNS	2
melted	JJ	2
member	NN	6
members	NNS	9
memoir	NN	1
memories	NNS	2
memory	NN	1
men	NNS	8
mental	JJ	1
mention	VB	1
menu	NN	3
merchandising	VBG	1
merchant	NN	1
mercury	NN	1
merged	VBN	1
meridian	NNP	7
meringue	NN	1
merit	NN	1
merkel	NNP	1
mess	NN	1
message	NN	4
met	VBD	4	VBN	1
metal	NN	1
methodology	NN	1
mexico	NNP	6
miami	NNP	3	NN	1
mich	NNP	1
michael	NNP	4
michelle	NNP	3
michellecole	NN	1
micronyx	NNP	1
microsoft	NNP	11
microsoft-	NNP	1
microwave	NN	1
mid	JJ	1
mid-	NN	1
middle	NNP	4	NN	2	JJ	1
midsized	JJ	1
midwest	NNP	4
midwestern	JJ	1
might	MD	7
migrate	VB	1
miguel	NNP	1
mikhail	NNP	1
milan	NNP	2
mild	JJ	1
miles	NNS	2	NNP	1
militant	JJ	1
militants	NNS	1
military	JJ	9	NN	1
millennium	NN	1
miller	NNP	2
millimeter	NN	1
million	CD	137	NNP	1
millions	NNS	2
milwaukee	NNP	2
mina	NNP	1
minaya	NNP	4
minceur	NN	1
mind	NN	5
minded	JJ	1
minds	NNS	1
mine	NN	2
minister	NNP	4	NN	3
ministers	NNS	2
minnelli	NNP	1
minority	NN	2
mint	NN	3	NNP	2
minute	NN	3
minutes	NNS	3
miraculously	RB	1
mirror	NNP	1
miscalculated	VBN	1
misconduct	NN	1
misinformation	NN	1
miss	NNP	1
missiles	NNS	1
mission	NN	7
mistaken	VBN	1
mitigating	JJ	1
mix	NN	1
mixed	VBN	1
mixture	NN	1
mixtures	NNS	1
mmm-mm	JJ	1
mob	NN	1
mobile	JJ	1
mobster	NN	6
mobsters	NNS	1
mocks	NNS	1
models	NNS	1
moderate	JJ	1
modern	JJ	2
modest	JJ	1
modified	VBN	1
mogavero	NNP	1
mohamad	NNP	1
mohamed	NNP	2
mohammed	NNP	2
molina	NNP	4
momordica	NNP	1
mona	NNP	1
monday	NNP	3
monetized	JJ	1
money	NN	5
monies	NNS	1
monitor	VB	2
monitored	VBN	1
montedison	NNP	3
monterey	NNP	1
monterrey	NNP	3
montgomery	NNP	1
month	NN	5
months	NNS	17
montreal	NNP	2
mood	NN	1
moore	NNP	2
moral	JJ	1
morality	NN	1
more	JJR	33	RBR	20
moreover	RB	1
morning	NN	1
mortality	NN	1
mortgage	NN	1
most	JJS	14	RBS	14
mother	NN	8
motivation	NN	1
motivational	NN	1
motor	NN	2
mountain	NNP	1
mousse	NN	2
mouth	NN	1
move	NN	11	VB	3
moved	VBN	4	VBD	2
movement	NN	2
moves	NNS	4
movie	NN	1
movies	NNS	2
moving	VBG	3
mr	NNP	34
mrs	NNP	1
ms	NNP	1
mubarak	NNP	6
much	JJ	7	RB	6
multinational	JJ	1
murder	NN	3
murdered	VBN	1
murders	NNS	1
museum	NNP	1	NN	1
museums	NNS	1
mushroom	NN	1
mushrooms	NNS	1
music	NN	1
muslim	NNP	1
must	MD	7	NNP	2
my	PRP$	14
mysterious	JJ	1
n	NNP	18	NN	1
n't	RB	54
naan	NN	1
nafis	NNP	1
nagano	NNP	1
nagasaki	NNP	2
nam	NNP	1
name	NN	6
named	VBN	9
names	NNS	3
napa	NNP	1
narrowed	VBN	1
narrowly	RB	1
nation	NN	2
national	NNP	11	JJ	6
nations	NNPS	9	NNS	7
nationwide	JJ	4	NNP	1
native	NN	1
natives	NNS	1
natural	JJ	4
naturally	RB	1
nature	NN	1
navy	NNP	1
near	IN	7	RB	1	JJ	1
nearby	JJ	1
nearly	RB	5
need	NN	7	VBP	6	VB	3
needed	VBD	4	VBN	3
needs	VBZ	4
needy	JJ	1
negotiations	NNS	1
neither	DT	5
nelson	NNP	11
nephews	NNS	1
net	JJ	18	NN	4
netherlands	NNP	1
nets	NNS	1
network	NN	3
neuroscience	NN	1
never	RB	11
new	NNP	52	JJ	33
newhouse	NNP	2
news	NNP	14	NN	14
newspaper	NN	3
newspapers	NNS	4
next	JJ	13
nicaragua	NNP	3
nice	JJ	2
nickel	NN	1
nicknamed	VBN	1
nicoise	NN	1
nieces	NNS	1
nieves	NNP	1
nigel	NNP	1
night	NN	15	NNP	1
nightclub	NN	1
nine	CD	5
nine-minute	JJ	1
ninety	CD	1
nitrogen	NN	1
nl	NNP	1
nmfs	NNP	1
no	DT	28	UH	4
noel	NNP	1
nokia	NNP	1
nomination	NN	1
noncommittal	JJ	1
none	NN	1
nonmedically	RB	1
nonrecurring	VBG	1
nonsense	NN	1
nonsubscribers	NNP	1
nonwaiver	NN	1
noodles	NNS	1
nor	CC	8
noriega	NNP	3
norm	NN	2
normal	JJ	2
north	NNP	8	RB	1	NN	1
not	RB	77
notables	NNS	1
note	NN	3	VB	1
noted	VBD	2
notes	NNS	1
nothing	NN	4
noting	VBG	1
notion	NN	1
notoriety	NN	1
nov	NNP	6
november	NNP	1
now	RB	18
null	-	263	NN	88	JJ	85	NNP	23	VB	6	NNS	6	VBG	6	IN	5	CD	4	NULL	3	DT	3	PRP	2	RB	2	CC	1	VBN	1	JJS	1	RP	1	.	1	TO	1	VBD	1	VBP	1	NNPS	1
number	NN	5
numerous	JJ	2
numismatic	NNP	2	JJ	1
nurse	NN	1
nuys	NNP	1
nylon	NN	1
nyt	NNP	10
nyt-	NNP	9
nytimes	NNS	3	NNP	1
o	NNP	2
oats	NNP	1
objection	NN	1
obligations	NNS	3
observances	NNS	1
observers	NNS	1
obtain	VB	1
obtained	VBD	1
obvious	JJ	2
obviously	RB	1
occasionally	RB	1
ocean	NNP	2	NN	1
oceans	NNS	2
ochoa	NNP	8
oct	NNP	1
odd	JJ	1
of	IN	741
off	RP	12	IN	5
offense	NN	2
offensive	JJ	1
offer	NN	17	VB	4	NNP	1
offered	VBN	3	VBD	2
offering	VBG	2	NN	2
offers	VBZ	4	NNP	1
office	NN	14	NNP	1
officer	NN	11
officers	NNS	3
offices	NNS	4
official	NN	13	JJ	5
officially	RB	1
officials	NNS	20
offset	VBN	3	VBD	1
offspring	NN	1
often	RB	7
ohio	NNP	6
oil	NN	2
oil-for-food	JJ	1
oil-producing	JJ	1
oilmen	NN	1
ok	JJ	1
oklahoma	NNP	2
old	JJ	7
older	JJR	3
ole	NNP	1
oliver	NNP	1
olympic	NNP	3
olympics	NNPS	5
omar	NNP	1
omission	NN	1
on	IN	178
once	RB	8
one	CD	50	JJ	5	PRP	1	NN	1
one-lot	JJ	1
one-time	JJ	1
ones	NNS	3
onions	NNS	1
only	RB	30	JJ	5
open	JJ	3	VB	2	NN	1
opened	VBD	5
opening	NN	3
openly	RB	3
openness	NN	1
opens	VBZ	2	NNP	1
operate	VB	1
operates	VBZ	4
operating	NN	6	VBG	2
operation	NN	1
operations	NNS	9	NNP	1
operator	NN	1
operators	NNS	3
opinion	NN	3
opponent	NN	1
opponents	NNS	4
opportunities	NNS	1
opportunity	NN	4
oppose	VBP	1
opposition	NN	1
option	NN	2
optional	NNP	4
options	NNS	3
or	CC	101
orange	NN	2
order	NN	4	VB	1
ordered	VBD	2	VBN	2
orders	NNS	2
ordinary	JJ	2
ordnance	NN	1
ore	NNP	2
oregon	NNP	1
oregonian	NNP	1	NN	1
orellana	NNP	2
org	NN	1
organic	JJ	1
organization	NN	7	NNP	2
organize	VB	2
organized	VBN	6	VBD	2
oriental	JJ	1
original	JJ	3
orlando	NNP	2
ortega	NNP	1
oshkosh	NNP	3
other	JJ	48
others	NNS	1
our	PRP$	9
ours	PRP	2
oust	VB	1
out	IN	23	RP	8
outbid	VB	1
outcome	NN	1
outfield	NNP	1	NN	1
outfielder	NN	6
outfielders	NNS	3
outfit	NN	1
outgoing	JJ	1
outlay	NN	1
outrage	NN	1
outside	IN	4
outstanding	JJ	11
over	IN	29	RB	2	NN	1
overdue	JJ	1
overexploited	JJ	1
overfished	JJ	1
overfishing	VBG	2
overhead	NN	3
overland	NN	1
overnight	JJ	1
overturned	VBD	3
overturns	NNP	1
owed	VBN	3
own	JJ	18
owned	VBN	4	JJ	1
owner	NN	1
ownership	NN	4
owns	VBZ	6
oxides	NNS	1
oy	NNP	3
p	NN	3
pa	NNP	1
pacific	NNP	3
package	NN	3
packaging	NN	1
packard	NNP	3
packwood	NNP	2
paek	NNP	1
page	NN	1
pages	NNS	1
paid	VBN	5	VBD	2
paintings	NNS	1
pair	NN	3
pairs	NNS	4
palestinians	NNPS	1
pallid	NNP	1
palm	VB	1
palmeiro	NNP	2
palmisano	NNP	1
panama	NNP	3
pancake	NN	1
pancetta	NN	1
panel	NN	11	NNP	1
paper	NN	4
papers	NNS	1
paperwork	NN	1
parboiled	JJ	1
pardee	NNP	1
pared-down	JJ	1
parent	NN	2
parents	NNS	2
paris	NNP	5
park	NN	1
parks	NNS	1
parkway	NNP	1
parliament	NNP	1
part	NN	17	VB	2
partial	JJ	3
participants	NNS	1
participate	VB	2
participating	VBG	1
particular	JJ	5
particularly	RB	5
partly	RB	3
partner	NN	5
partners	NNS	1
partnership	NN	3	NNP	1
partnerships	NNS	1
pasadena	NNP	1
pascoe	NNP	2
paso	NNP	1
pass	NNP	1
passed	VBD	1
past	JJ	12	NN	1
pastry	NN	2
patagonian	NNP	1
pataki	NNP	5
patch	NNP	1
path	NNP	1
patients	NNS	4
patrick	NNP	2
patrolman	NN	1
patted	JJ	1
pattern	NN	2
paul	NNP	6
paulo	NNP	1
pay	VB	10	NN	1
payable	JJ	1
paying	VBG	3
payment	NN	1
payments	NNS	6
paz	NNP	1
pc	JJ	1
pcs	NNP	1
peace	NN	3
peaked	VBD	1
pecan	NN	3
peculiar	JJ	1
peizerat	NNP	2
pelletier	NNP	2
pena	NNP	1
penalty	NN	3
pence	NN	10
pending	VBG	1
pennant	NN	2
pension	NN	1
pentagon	NNP	1
people	NNS	21
peoria	NNP	1
pepin	NNP	1
per	IN	2
percent	NN	10
perfect	JJ	1
perfection	NN	1
perhaps	RB	1
period	NN	8
permission	NN	1
permitted	VBN	1
perpetual	JJ	2
perry	NNP	1
persian	NNP	1
persistent	NNP	1
persky	NNP	1
person	NN	8
personal	JJ	9	NN	2
personality	NN	1
personally	RB	2
personnel	NNS	1
persuade	VB	2
peru	NNP	1
pet	NN	3
peter	NNP	4
peters	NNP	3
petition	NN	3
pets	NNS	1
peyton	NNP	3
pharmaceutical	JJ	1
pharmaceuticals	NNS	1
pharmacology	NN	1
phase-out	NN	1
phasing	VBG	1
philadelphia	NNP	2
philanthropy	NN	1
philip	NNP	1
philippines	NNPS	3
phillips	NNP	1
philosophical	JJ	1
phone	NN	6	NNP	1
phones	NNS	1
photograph	NN	2	NNP	1
photographed	VBN	1
photographs	NNS	2
photography	NNP	1
photos	NNS	1
phrased	JJ	1
phyllis	NNP	1
physics	NN	1
physiology	NN	1
pick	VB	1
picked	VBD	2
picking	VBG	1
pickled	JJ	1
picks	VBZ	1
picnic	NN	1
picture	NN	1
pictures	NNP	1
piece	NN	2
pieces	NNS	1
pill	NN	2
pillow	NN	2
pills	NNS	1
pilot	NN	4
pin	VB	1
pinch	NN	1
pins	NNS	1
pipe	NN	1
pirate	NN	1
pirated	VBN	1
piscataway	NNP	1
pitcher	NN	1
pitchers	NNS	2	NNP	1
pivotal	JJ	1
pizza	NN	2
place	NN	11
placed	VBN	1
placement	NN	1
plagued	VBN	1
plan	NN	15
plane	NN	3
planes	NNS	1
planned	VBN	3
planners	NNS	1
planning	NN	2
plans	NNS	6	VBZ	4
plant	NN	6	NNP	1
plants	NNS	3
plastic	NN	2
play	VB	6	VBP	1	NN	1
played	VBD	4	VBN	2
player	NN	6
players	NNS	6
playful	JJ	1
playing	VBG	2
playoff	NN	1
plays	VBZ	2
plc	NNP	4
plea	NN	1
pleaded	VBD	1
please	VB	1
pleased	JJ	1	VBN	1
plenty	NN	1
plight	NN	1
plot	NN	2
plug	NN	1
plunged	VBD	2
plus	CC	1
pneumatic	JJ	1
podium	NN	1
pods	NNS	1
point	NN	3
points	NNS	2
poison	NN	2
police	NN	2
policy	NN	6
political	JJ	9
politically	RB	2
politicians	NNS	1
politics	NNS	1
polls	NNS	1
pollutants	NNS	2
pollution	NN	3
pools	NNS	1
poor	JJ	9	NNP	1
poorly	RB	1
pop	NNP	5
popular	JJ	1
popularity	NN	1
population	NN	2
populous	JJ	1
poritz	NNP	1
pork	NN	2
port	NNP	3
portions	NNS	1
portland	NNP	2
position	NN	4
positions	NNS	1
possessions	NNS	1
possibility	NN	3
possible	JJ	6
possibly	RB	1
post	NN	2	VB	1
posted	VBD	2
poster	NNP	1
posters	NNS	1
posting	VBG	1
postseason	NN	1
potent	JJ	1
potential	JJ	5	NN	1
potentially	RB	1
pound	NN	1
pounds	NNS	5
powell	NNP	14
power	NN	4
powerful	JJ	1
powerhouse	NN	1
practice	VB	1	NN	1
practicing	VBG	2
practitioners	NNS	1
praised	VBD	1
pre-tax	JJ	1
precautions	NNS	1
predecessor	NN	1
predicts	VBZ	1
prefer	VB	1
preference	NN	1
preferences	NNPS	1	NNS	1
preferred	JJ	6	VBN	2
preliminary	JJ	1
prepare	VBP	2	VB	1
prepared	VBN	3
preparing	VBG	2
prescribe	VB	2
prescribers	NNS	2
prescribing	VBG	1
prescription	NN	5	NNP	1
prescriptions	NNS	1
prescriptive	JJ	2
presence	NN	1
present	VB	1	JJ	1	NN	1
presented	VBN	2	VBD	1
preservation	NN	1
preserving	VBG	1
president	NN	21	NNP	12
presidential	JJ	1
press	NN	8	NNP	4
pressure	NN	5
pressured	JJ	1
pressures	NNS	2
presumably	RB	2
pretax	JJ	2
pretending	VBG	1
pretty	RB	2
prevent	VB	5
preventative	JJ	1
preventive	NNP	1
previous	JJ	3
previously	RB	5
price	NN	15	NNP	1
prices	NNS	3
pricing	NN	1
primarily	RB	1
prime	NNP	2
primerica	NNP	4
prince	NNP	2	NN	1
principal	JJ	4
principle	NN	1
prints	NNS	3
prior	RB	1
priority	NN	2
prison	NN	2
private	JJ	6
privileges	NNS	4	NNP	1
prize	NNP	1
probably	RB	3
problem	NN	4
problems	NNS	7
procedures	NNS	1
proceedings	NNS	1
proceeds	NNS	1
process	NN	7
processing	NN	3
processors	NNP	1
produce	VB	4	VBP	1	NNP	1	NN	1
produced	VBN	2	VBD	1
producer	NN	1
producers	NNS	3
produces	VBZ	1
product	NN	2
production	NN	4
products	NNS	5	NNP	1
profession	NN	1
professional	JJ	4
professionals	NNS	1
professor	NN	1
proficient	JJ	1
profit	NN	9
profits	NNS	1
program	NN	12	NNP	1
programs	NNS	4
progress	NN	1
progressive	JJ	1
progressively	RB	1
project	NN	4	NNP	2
projects	NNS	1
prominently	RB	1
promises	VBZ	1	NNS	1
promising	JJ	1
promote	VB	2
promoting	VBG	1
promotion	NN	2
promotional	JJ	1
promotions	NNS	1
prompted	VBD	1
promptly	RB	1
prompts	VBZ	1
propaganda	NN	1
property	NN	3
proposal	NN	5
proposals	NNS	2
proposed	VBN	2	VBD	2
prosecution	NN	2
prosecutor	NN	4
prosecutors	NNS	2
protection	NN	1
proteges	NNS	1
protests	NNS	1
protocols	NNS	1
proud	JJ	1
prove	VB	2
provide	VB	6
provided	VBD	3
providers	NNS	1
provides	VBZ	3
providing	VBG	2
provision	NN	1	one-time	1
provisions	NNS	1
prudent	JJ	1
pry	NN	1
psychiatrists	NNS	1
psychological	JJ	5	NNP	1
psychologist	NN	2
psychologists	NNS	7	NNP	1
psychology	NN	6	NNP	2
psychopharmacology	NN	1
psychotherapeutic	JJ	1
psychotropic	JJ	2
public	JJ	9	NN	5
publication	NN	1
publicized	VBN	1
publicly	RB	3
publisher	NN	2
publishers	NNS	2
publishes	VBZ	1
publishing	NN	1
pulitzer	NNP	1
pulled	VBD	2	VBN	1
pulp	NN	1
punish	VB	1
punishment	NN	2
purchased	VBN	1
purchasing	VBG	1
purina	NNP	1
purple	JJ	1
purposes	NNS	1
pursuant	JJ	1
pursue	VB	2
pursued	VBD	1
pusan	NNP	1
push	NN	2
pushed	VBD	2	VBN	1
pushing	VBG	2
put	VBN	4	VBP	1	VB	1	NN	1	VBD	1
puts	VBZ	1
putting	VBG	1
q	NNP	1
qaida	NNP	1
quality	NN	2
quantities	NNS	2
quarter	NN	15
quarterback	NN	2
quarterly	JJ	2
quarters	NNS	2
question	NN	7
questioned	VBD	2
questions	NNS	1
quickly	RB	2
quiet	JJ	1
quinine	NN	1
quite	RB	1
quonset	NNP	1
quotation	NN	1
quoted	VBN	1
r	LS	5	NNP	4
race	NN	1
radiation	NN	1
radical	JJ	1
radio	NN	3	NNP	2
rain	NN	1
raise	VB	2
raised	VBD	3
raises	VBZ	1
raising	VBG	1	NN	1
ralston	NNP	6
ran	VBD	1
randolph	NNP	1
range	VBP	1	NN	1
ranger	NNP	1
ranging	VBG	1
rank	NN	1
rapidly	RB	1
rare	NNP	1	JJ	1
rarities	NNS	1
rashid	NNP	2
ratcheting	VBG	1
rate	NN	4
rates	NNS	4	VBZ	1
rather	RB	3
ratner	NNP	1
ratners	NNP	7
ray	NNP	1
rbi	NNP	3
re-election	NN	1
re-sentencing	JJ	1
reach	VB	2
reached	VBN	6
reaches	VBZ	1
reaching	VBG	2
read	VB	2	NN	1
readers	NNS	1
ready	JJ	1
reaffirmed	VBD	1
real	JJ	4
realestate	VB	1
realistic	JJ	2
reality	NN	1
realization	NN	1
realize	VB	1
realized	VBD	2
really	RB	3
reared	VBN	1
reason	NN	2
reasons	NNS	4
reassurance	NN	1
rebuilding	VBG	3	NN	2
rebuilt	VBN	1
recall	VB	1
recalls	VBZ	1
recanted	VBD	1
receipt	NN	1
receipts	NNS	1
receive	VB	5	VBP	3
received	VBD	3
receiver	NN	1
receivers	NNS	1
receiving	VBG	1
recent	JJ	12
recently	RB	7
receptive	JJ	1
rechargeable	JJ	1
recipes	NNS	1
reclusive	JJ	1
recognition	NN	1
recognize	VBP	1
recognized	VBD	1
recognizing	VBG	1
recommended	VBD	1
record	NN	12	NNP	1	VB	1
recorded	VBD	1	VBN	1
recorder	NN	1
records	NNS	2
recover	VB	2
recovering	VBG	1
recovery	NN	1
red	NNP	9	JJ	2
redden	NNP	2
redeem	VB	1
redeemed	VBN	1
redesigned	VBD	1
reds	NNP	1
redskin	NNP	2
redskins	NNP	3
reduce	VB	3
reduced	VBD	1	VBN	1
reducing	VBG	1
reduction	NN	1
reductions	NNS	2
reed	NNP	3
reference	NN	1
referenda	NN	1
referendum	NN	1
referred	VBN	2
referring	VBG	1
reflect	VBP	1	VB	1
reflecting	VBG	1
reflects	VBZ	1
reform	NN	2
refugees	NNS	1
refuse	VBP	1	VB	1
refused	VBN	1
regard	NN	3
regarded	VBN	1
region	NN	3
regional	JJ	4
regions	NNS	1
register	VB	1
registration	NN	1
regulated	VBN	1
regulations	NNS	4
regulators	NNS	2
regulatory	JJ	3
reimburse	VB	1
reimbursed	VBN	1
reinstalled	VBN	2
rejected	VBN	1	VBD	1
rejoin	VB	1
related	VBN	5	NNP	1
relationship	NN	2
relationships	NNS	1
relative	JJ	1	NN	1
relatively	RB	4
release	VB	1	NNP	1
released	VBD	1
relentlessly	RB	1
relief	NN	3
reliever	NN	1
reluctant	JJ	1
remain	VB	1
remaining	VBG	1
remains	NNP	1	NNS	1
remarks	NNS	2
remedy	NN	1
remember	VBP	1
reminded	VBN	1
reminisced	JJ	1
remote	JJ	1
remove	VB	2
removed	VBN	1
renegotiating	NNP	1
renewing	VBG	2
reorganization	NN	1
reorganized	VBN	1
rep	NNP	4
repaid	VBD	1
repair	NN	1
repairs	NNS	1
repayment	NN	1
repayments	NNS	1
repeatedly	RB	2
replace	VBP	1	VB	1
replaced	VBN	1
report	NN	5	NNP	1	VB	1
reported	VBD	9	VBN	3
reporters	NNS	4
reporting	VBG	1
reports	NNS	6
represent	VBP	1
representative	NNP	2	NN	2
representatives	NNS	5
representing	VBG	1
represents	VBZ	1
repression	NN	1
reproduce	VB	1
republican	NNP	2	JJ	1
republicans	NNPS	1
reputation	NN	1
request	NN	2
requested	VBN	1
require	VB	1
required	VBD	1
requirement	NN	1
requirements	NNS	2
research	NN	6
resemble	VBP	1
resented	VBD	2
resentencing	VBG	1
reservations	NNS	1
reserve	NN	2
reserved	VBN	1
reserves	NNS	5
residences	NNS	2
resigned	VBD	5
resist	VB	1
resort	NN	1
resource	NN	1
resources	NNPS	1	NNS	1
respond	VBP	1
responding	VBG	1
response	NN	1
responses	NNS	1
responsibilities	NNS	1
responsibility	NN	2
responsible	NNP	1	JJ	1
rest	NN	3
restaurant	NN	6	NNP	1
restaurants	NNS	7
restricted	VBN	1
restructuring	NN	6
result	VB	4	NN	1
resulted	VBD	3	VBN	1
resulting	VBG	1
results	NNS	7
resume	NN	3	VB	1
resuming	VBG	1
retail	JJ	4
retailer	NN	1
retailers	NNS	7
retain	VB	1
retell	NN	1
rethinking	VBG	1
retired	VBD	1	VBN	1
retirement	NN	10
retractable	JJ	1
retrieved	VBN	1
return	NN	5	VB	2
returned	VBD	3	VBN	1
returning	VBG	1
returns	NNS	1
reunion	NN	1
reunions	NNS	1
reupke	NNP	6
reuters	NNP	9
reveal	VB	1
revenue	NN	7
review	NN	4	VBP	2
reviewed	VBN	2
reviewing	VBG	3
revisionists	NNS	1
revived	VBN	1
revolution	NN	1
revolutionized	VBD	1
reward	VB	1
rewriting	VBG	1
rex	NNP	1
rhythm	NN	1
ribbon-cutting	JJ	1
rice	NN	1
richard	NNP	3
richardson	NNP	3
rid	VB	1
ride	VBP	1
rifle	NN	1
rigging	VBG	1
right	NN	7	RB	3	JJ	1
right-handed	JJ	1
right-hander	NN	1
rights	NNS	13
rinsed	JJ	1
ripens	VBZ	2
ripert	NNP	3
rise	VBP	1
rising	VBG	1
risk	VB	1	NN	1
risky	JJ	1
rival	NN	1
rivals	NNS	1
river	NNP	1
rms	NNP	3
road	NN	1
robert	NNP	5
roberta	NNP	1
rochelle	NNP	1
rockford	NNP	1
rod	NNP	1
rogers	NNP	2
role	NN	5
rolex	NNP	1
roll	VB	2	NN	1
rolled	VBN	1
romance	NN	1
rome	NNP	2
ron	NNP	2
rookie	NN	1
room	NN	2
roosevelt	NNP	2
rose	VBD	8
rosen	NNP	2
roster	NN	4
rouen	NNP	1
roughy	NN	1
route	NN	1
routine	NN	1
routinely	RB	2
row	NN	2
royal	NNP	1	JJ	1
rubs	VBZ	1
rule	NNP	4	NN	2
ruled	VBD	2
rules	NNS	17	NNPS	1
ruling	NN	2
rumor	NN	1
run	VB	1	NN	1	VBN	1
running	VBG	2
runs	VBZ	2	NNS	2
rush	NN	1
russia	NNP	2
russian	JJ	25	NNP	5
rxp	NNP	7
s	NNP	41	VBZ	15
saad	NNP	1
sacrifice	NN	1
sadat	NNP	1
saddest	NN	1
saekel	NNP	2
safe	JJ	1
safety	NN	2
said	VBD	255	VBN	1
saint-	NNP	2
saint-andre	JJ	1
saints	NNS	2
saipan	NNP	1
sal	NNP	1
salad	NN	1
salade	NN	1
sale	NN	14	NNP	1
sales	NNS	16
salmon	NNP	1
salt	NNP	9
salted	VBD	1
same	JJ	12
samuel	NNP	1
san	NNP	16
sanctions	NNS	8
sandinistas	NNP	1	NNS	1
sandomir	NNP	1
santa	NNP	1
sao	NNP	1
sat	VBD	1
satellite	NN	1
satisfaction	NN	1
satisfactory	JJ	1
satisfying	VBG	1
saturday	NNP	4
sauce	NN	2
save	VB	1
saved	VBN	1
savin	NNP	3
savings	NNP	2	NNS	1
savory	NN	1
saw	VBD	2
say	VBP	9	VB	4
saying	VBG	5
says	VBZ	30
scandal	NNP	1	NN	1
scandals	NNS	1
scapegoat	NN	2
scare	VB	1
scared	VBN	1
schedule	NN	3
scheduled	VBN	5	VBD	1
scheme	NN	3
schlemmer	NNP	1
schmidt	NNP	1
scholarship	NN	1
school	NN	14	NNP	1
schroder	NNP	1
sciam	NN	1
science	NN	6	NNP	1
scientific	NNP	5
scientists	NNS	1
scorecard	NNP	1
scores	NNS	2
scott	NNP	2
screen	NN	3	NNP	1
script	NNP	1
scrutinized	VBN	1
sculptor	NN	1
seabass	NNS	14	NNP	1
seabees	NNP	2
seafood	NN	8	NNP	4
seafoods	NNS	2
searching	VBG	1
season	NN	13	NNP	1
seasoned	JJ	1
seasoning	VBG	1
seasons	NNS	1
seat	NN	2
seattle	NNP	1	JJ	1
sec	NNP	1
second	JJ	12
second-largest	JJ	1
seconds	NNS	3
secrecy	NN	3
secret	JJ	4	NNP	3	NN	1
secretary	NNP	2	NN	1
secrets	NNS	3
section	NN	1
sector	NN	3
secure	VB	1
security	NNP	4	NN	4
see	VB	10	VBP	2
seeds	NNS	3
seeing	VBG	1
seek	VB	3
seeking	VBG	4
seem	VBP	1	VB	1
seemed	VBD	2
seemingly	RB	1
seems	VBZ	3
seen	VBN	5
seep	NN	1
segments	NNS	3
seize	VB	1
seized	VBN	2
selby	NNP	1
select	NNP	1
selected	VBN	1
selfish	JJ	1
sell	VB	4
seller	NN	1
selling	VBG	2
semi	NN	1
semiconductor	NN	7
semiconductors	NNS	1
seminal	NN	1
semitic	NNP	1
sen	NNP	4
senate	NNP	28
senator	NN	7	NNP	2
send	VB	1
sends	VBZ	2
senior	JJ	5	NN	1
sense	NN	2
sensitive	JJ	1
sent	VBD	2	VBN	2
sentence	NN	8	NNP	1
sentenced	VBN	3	VBD	1
sentencing	NN	1
seoul	NNP	1
separate	VB	2	JJ	2
separately	RB	1
separation	NN	1
sept	NNP	7
sergeants	NNS	1
seri	NNP	1
series	NN	5
serious	JJ	7
serve	VB	4
served	VBD	1
service	NNP	19	NN	13	VB	1
servicemen	NN	1
services	NNS	13	NNPS	3	NNP	1
servicing	NN	1
serving	VBG	2
set	VBN	6	VB	4	VBD	2	NN	1
settle	VB	2
settlement	NN	1
seung	NNP	1
seven	CD	2
seventy	CD	1
several	JJ	6
severance	NN	1
severe	JJ	1
severely	RB	2
severson	NNP	1
sex	NN	1
sexual	JJ	1
shaila	NNP	1
shaken	VBN	1
shame	NNP	1
share	NN	53	VB	2
shared	VBD	1
shareholder	NN	5
shareholder-rights	JJ	1
shareholders	NNS	9
shares	NNS	43
sharing	VBG	2
shark	NN	1
she	PRP	46
sheathed	JJ	1
sheet	NN	1
sheikh	NNP	4
shell	NN	1
shepperd	NNP	1
shift	VB	1
shifts	NNS	2	VBZ	1
ship	NN	1
shipbuilding	NN	1
shipping	NN	1
ships	NNS	3
shipyard	NN	4
shipyards	NNS	1
shock	NN	1
shocked	VBN	1
shocking	JJ	1
shoe	NN	1
shooting	VBG	1
shopped	VBN	1
shopping	NN	1
short	JJ	2
short-term	JJ	2
shortage	NN	1
shortages	NNS	1
shot	VBN	2
should	MD	11
show	VBP	2	NN	2
showed	VBD	3	VBN	2
showing	VBG	2
shown	VBN	2
shows	VBZ	2	NNS	2
shrinking	VBG	1
shuttled	VBN	1
sicheia	NN	1
sicherle	NNP	1
sides	NNS	1
siegel	NNP	2
sierra	NNP	1
sigmund	NNP	1
sign	VB	2	NN	2
signals	NNS	1
signed	VBD	4	VBN	3
significant	JJ	2
significantly	RB	1
signing	VBG	2
sikharulidze	NNP	3
silicon	NN	1
silva	NNP	1
silver	NN	2	NNP	1
silverplate	NNP	2
similar	JJ	1
simon	NNP	2
simone	NNP	1
simplify	VB	1
simply	RB	2
simulates	VBZ	1
since	IN	21
singapore	NNP	3
single	JJ	3
singled	VBN	2
singular	NN	1
sister	NN	4
site	NN	5
sites	NNS	3
sits	VBZ	1
situated	VBN	2
situation	NN	3
situations	NNS	1
six	CD	17
sizable	JJ	1
size	NN	4
skated	JJ	1
skaters	NNS	1
skating	NNP	9	VBG	4	NN	1
skies	NNPS	2
skill	NN	1
skilled	JJ	2
skills	NNS	1
skimmed	JJ	1
skin	NN	1
skirting	VBG	1
slaughter	NN	1
sledgehammer	NN	1
sleep	VB	1
sliced	JJ	3
slightly	RB	3
slipped	VBD	4
slow	VB	1
slowly	RB	1
slump	NN	3
small	JJ	6
smart	JJ	2
smithsonian	NNP	3
smog	NN	1
smuggling	NN	2
snacking	VBG	1
snapshots	NNS	1
so	RB	17	IN	8
so-called	JJ	1
soares	NNP	1
social	JJ	2
socialite	NN	1
society	NNP	2	NN	1
sociologist	NN	1
sodomy	NN	1
softening	VBG	1	NN	1
softer	JJR	1
software	NN	6	NNP	1
sold	VBD	4	VBN	2
soler	NNP	1
solidifying	VBG	1
solution	NN	1
some	DT	35	NNP	1
somebody	NN	3
somehow	RB	1
someone	NN	2
something	NN	6
sometimes	RB	1
song	NN	1
sonoma	NNP	1
sony	NNP	5
soon	RB	2
sooner	RBR	1
sophisticated	JJ	1
sophomore	NN	1
sorbet	NN	1
sort	NN	1
sorts	NNS	1
sotheby	NNP	5
sought	VBD	2
sounded	VBD	1
soup	NN	1
soups	NNS	1
sour	JJ	1
source	NN	4
sources	NNS	4
south	NNP	3
southeast	NNP	2
southern	NNP	3
soviet	NNP	2	JJ	1
soviets	NNPS	2
sown	NN	1
sox	NNP	8
spaatz	NNP	1
space	NN	1
spades	NNS	1
spark	NN	1
speak	VB	2
speaker	NN	1
speakers	NNS	1
speaking	VBG	1
speaks	VBZ	1
special	JJ	6
specialized	JJ	1
specialty	NN	2
species	NNS	6
specific	JJ	1
specification	NN	1
specify	VB	2
spectacular	JJ	1
speculation	NN	2
speech	NN	1
speed	VB	1
spencer	NNP	1
spend	VB	4	VBP	1
spending	NN	3	VBG	1
spent	VBD	4	VBN	2
spices	NNS	1
spies	NNS	2
spinal	JJ	1
spirduso	NNP	1
spirit	NN	1
spite	NN	1
split	VBN	3
spoke	VBD	2
spoken	VBN	2
spokesman	NN	11
spokeswoman	NN	3
sponsored	VBN	2
sport	NN	3
sports	NNS	3
spot	NN	2
sprawling	VBG	1
spread	VBD	1	VBN	1
spring	NN	3	NNP	1
springfield	NNP	1
sprint	NNP	2
spurned	VBD	1
spurred	VBN	1
spurring	VBG	1
spy	VB	1
squandered	VBN	1
square	JJ	1
squashes	NNS	1
squeeze	NN	1
sri	NNP	1
sscp	NNP	2
st	NNP	1
stability	NN	2
stabilizing	VBG	1
stable	JJ	1
stack	NNP	3
staff	NN	12
staff-reduction	NN	1
staffer	NN	1
stage	NN	2
stages	NNS	1
staging	NN	1
stainless	JJ	1
stake	NN	2
stall	VB	1
stamford	NNP	1
stance	NN	1
standard	JJ	2
standards	NNS	3
standing	NN	2
standoff	NN	1
standpoint	NN	1
stanford	NNP	2
staple	NN	1
starke	NNP	14
start	VBG	2
started	VBD	2
starting	VBG	4
starvation	NN	1
state	NN	17	NNP	7	VB	1
state-of-the-art	JJ	1
statement	NN	5
statements	NNS	2
states	NNPS	21	NNS	2
statesman	NN	1
stating	VBG	2
station	NN	1
stations	NNS	1
statues	NNS	4
stature	NN	1
status	NN	3
statute	NN	1
statutes	NNS	2
stay	VB	2
stayed	VBD	1
staying	VBG	1
steady	JJ	2
steal	VBP	1	VB	1
stealing	VBG	3
steel	NN	1
stem	VB	1
stemmed	VBD	1
stemming	VBG	2
step	NN	1
stephanie	NNP	1
stephen	NNP	2
stepmother	NN	1
stepped	VBD	2
stepping	VBG	1
steps	NNS	1
stereo	NN	2
stern	NNP	2
steve	NNP	4
stieglitz	NNP	2
stifled	JJ	1
still	RB	9
sting	NN	1
stld-	NNP	1
stld-write	NNP	1
stld-writethru-	NNP	1
stld-writethru-nyt	NNP	1
stock	NN	19	NNP	8
stockholders	NNS	1
stocks	NNS	1
stolen	VBN	2
stoneman	NNP	1
stood	VBD	1
stop	NN	1
stopped	VBN	3	VBD	1
storage	NN	1
store	NN	4
stores	NNS	3
stork	NNP	1
story	NNP	4	NN	4
stove	NN	1
straightforward	JJ	2
strategic	NNP	1	JJ	1
strategy	NN	9
streamlining	VBG	1
street	NNP	4
strengthen	VB	1
stresses	VBZ	1
string	VB	1
stronach	NNP	5
strong	JJ	4
strong-arm	JJ	1
stronger	JJR	1
stronghold	NN	1
strongly	RB	1
structure	NN	2
struggle	NN	1
struggled	VBN	2
struggles	NNS	1
stuck	VBN	1
students	NNS	7
studied	VBN	2
studio	NN	2
study	NN	1
stuff	NN	2
stuffed	VBN	1
stunned	VBD	2
subcontractors	NNS	1
subject	NN	3	JJ	2
submit	VB	2
subordinated	JJ	1
subs	NNP	2
subscribe	VB	2
subscribed	VBN	1
subsidiaries	NNS	1
subsidiary	NN	2
subsidy	NN	1
substantial	JJ	4
substantially	RB	3
suburban	JJ	1
subway	NN	2
succeed	VB	1
succeeded	VBD	1
succeeds	VBZ	2
success	NN	1
successful	JJ	1
successor	NN	1
such	JJ	16
suffer	VBP	1	VB	1
suffering	VBG	1
sufficient	JJ	1
suggest	VB	1
suggested	VBD	1
suggestion	NN	1
suggests	VBZ	2
suit	VB	1	NN	1
suitors	NNS	1
suits	NNS	2
sukarnoputri	NNP	1
sulfur	NN	1
sultanate	NN	1
summation	NN	1
summer	NN	4
sun	NNP	2
sunday	NNP	2
super	NNP	1
supervised	JJ	1
suppliers	NNS	1
supplies	NNS	4
supply	NN	1
support	NN	5	VB	1
supporters	NNS	2
supposed	VBN	1
supreme	NNP	3
sure	JJ	8
surely	RB	1
surfaced	VBD	1
surge	NN	1
surged	VBN	1
surgery	NN	2
surprised	VBN	2	VBD	1
surprising	JJ	1
surrendered	VBD	2
surrey	NNP	1
surrounded	VBN	2
surrounding	VBG	1
survival	NN	1
surviving	VBG	1
susan	NNP	2
susie	NNP	1
suspect	VBP	1
suspected	VBN	1
suspended	VBN	3	VBD	1
suspension	NN	2
sustainability	NN	1
swap	NN	1
swear	VBP	1
swearing-in	NN	1
sweet	JJ	1
sweetened	VBN	1
swelled	VBN	1
swept	VBD	1
swift	JJ	1
swiss	JJ	2
swordfish	NN	2
sworn	JJ	1
syed	NNP	1
syndicate	NNP	5	NN	1
syracuse	NNP	1
system	NN	5	NNP	1
systems	NNS	1
t	NN	5
tab-z	JJ	2
table	NN	1
tablecloth	NN	1
tackle	VB	1
tackled	VBN	1
tactics	NNS	1
tad-z	JJ	2
taf-z	JJ	2
tainted	VBN	1
taivanchik	NNP	2
taiwanese	JJ	2
take	VB	12
taken	VBN	7
takeover	NN	3
takes	VBZ	2
taking	VBG	10
tale	NN	1
talk	VB	2
talked	VBN	1
talking	VBG	1
talks	NNS	4	VBZ	1
tame	JJ	1
tanker	NN	1
taped	VBN	1
tar	NN	1
target	NN	4
tariff	NN	2
tashkent	NNP	2
task	NN	1
tass	NNP	1
taste	NN	1
tasted	JJ	1
taught	VBD	2
taunts	NNS	1
tax	NN	5
taylor	NNP	2
teacher	NN	1
teachers	NNS	1
teaching	NN	1
team	NN	20
teammates	NNS	1
teams	NNS	3	NNP	1
tech	NNP	1
tech-	NNP	1
technical	JJ	1
technician	NN	3
technicians	NNS	1
technological	JJ	1
technology	NN	11	NNP	3
teeth	NNS	2
telecommunications	NNS	1
telegraph	NNP	1
telephone	NN	7	NNP	1
telerate	NNP	6
television	NN	9	NNP	1
telex	NN	1
tell	VB	2	VBP	1
tempo	NN	1
tender	NN	3
tendered	VBN	3
tendering	VBG	1
tennessee	NNP	2
tens	NNS	1
tension	NN	1
tent	NN	1
tenth	NN	2
tenure	NN	1
term	NN	2
termed	VBD	1
terminated	VBN	1
terms	NNS	5
terrible	JJ	1
terrify	VB	1
territory	NN	1
terror	NNP	1
terrorism	NN	7	NNP	1
terrorist	JJ	1
test	VBP	1
testament	NN	1
testimony	NN	5
texas	NNP	5
text	NN	1
thailand	NNP	1
than	IN	42
thank	VB	1
thanks	NNS	3
that	IN	169	DT	59	WDT	57	RB	1
the	DT	1582	NNP	2
theft	NN	2
their	PRP$	43
them	PRP	18
themselves	PRP	2
then	RB	12
then-	NN	1
theodore	NNP	2
therapy	NN	1
there	EX	15	RB	9
therefore	RB	1
these	DT	9
they	PRP	85
thick	JJ	1
thief	NN	1
thing	NN	3
things	NNS	5
think	VBP	12	VB	2
thinks	VBZ	1
third	JJ	7
third-quarter	JJ	1
this	DT	78
thomas	NNP	2
thor	NNP	1
thorough	JJ	1
thoroughly	RB	1
those	DT	12
though	IN	12
thought	VBD	6
thoughtful	JJ	1
thousand	CD	1
thousands	NNS	4
thousandth	NN	1
threat	NN	3
threaten	VB	1
threatening	VBG	1
threats	NNS	1
three	CD	33
three-page	JJ	1
thrift	NN	4
thrilled	VBN	2
thrived	VBD	1
throaty	NN	1
through	IN	15
throughout	IN	6
thrown	VBN	1
thumbed	JJ	1
thursday	NNP	4
thus	RB	1
thwart	VB	1
thwarted	VBN	2
tibbets	NNP	29
ties	NNS	1
tigers	NNP	1
tight	JJ	1
tightening	VBG	1
tim	NNP	1
time	NN	28	NNP	3
times	NNP	13	NNS	5
timetable	NN	1
timex	NNP	3
timing	NN	1
timor	NNP	1
tingled	JJ	1
tinian	NNP	8
tiny	NNP	1
tired	JJ	3
title	NN	1
tnt	NNP	1
to	TO	723
to-	NN	1
toads	NNS	1
today	NN	9
together	RB	2
tokhtakhounov	NNP	31
tokio	NNP	1
told	VBD	15	VBN	5
toledo	NNP	1
tolerant	NN	1
tom	NNP	4
tomorrow	NN	1
tompkins	NNP	1
toms	NNP	1
tong	NNP	1
tonight	NN	1
tons	NNS	3
tony	NNP	9	JJ	1
too	RB	6
took	VBD	11
tool	NN	2
toothfish	NN	1
toothpicks	NNS	1
top	JJ	5	NN	1
topics	NNS	2
torchbearer	NN	1
toronto	NNP	4
torricelli	NNP	39
tortured	JJ	1
total	NN	3	JJ	1
totaled	VBD	2
totaling	VBG	1
totally	RB	1
tots	NNPS	1
touched	VBD	1	VBN	1
touching	VBG	1
tough	JJ	3
tour	NN	1
toward	IN	1
town	NN	1
toy	NN	1
trace	NNP	1
traces	VBZ	2
tracking	VBG	1
tracks	NNS	1
trade	NN	10	NNP	5	VB	2
traded	VBN	2
trader	NN	2
trades	NNP	1	NNS	1
trading	NN	15	VBG	1
traditional	JJ	1
trafficker	NN	1
traffickers	NNS	3
trafficking	NN	1
train	VB	2
trained	VBN	1
training	NN	4
transaction	NN	4
transactions	NNS	2
transcript	NN	2
transfer	NN	3
transfers	NNS	1
transit	NN	2
transition	NN	2
translucent	JJ	1
transmitted	VBN	1
transnational	JJ	1
transplant	NNP	1
transport	NN	1
transportation	NN	1
transsexual	NNP	1	NN	1
travel	NN	2	VB	1
traveled	VBN	1
travelers	NNP	3
treasury	NNP	3
treatment	NN	7
treaty	NN	3
tree	NN	2
trends	NNS	2
trenton	NNP	1
trial	NN	4
trials	NNS	2
tribune	NNP	1
tried	VBD	2	VBN	2
trim	NNP	4	VB	2
trimmed	VBN	1
trimming	VBG	1
trip	NN	4
troops	NNS	1
troopship	NN	1
trophy	NNP	1
tropical	JJ	1
trouble	NN	1
troubled	JJ	2	VBN	2
truck	NNP	2	NN	1
true	JJ	1
trust	NNP	3
trustco	NNP	1
trusted	VBN	1
try	VB	1
trying	VBG	6
ttc-z	JJ	1
ttd-z	JJ	2
tuesday	NNP	23
tulane	NNP	1
turkey	NN	2
turn	VB	3	NN	1
turned	VBD	4	VBN	1
turning	VBG	1
tutorials	NNS	1
tv	NN	2
tweaking	NN	1
twelve	CD	1
twice	RB	1
twists	NNS	1
two	CD	30	JJ	1
two-year	JJ	3
types	NNS	4
typically	RB	1
u	NNP	45	NN	4
u.s.	NNP	4
uae	NNP	1
ubs	NNP	1
ukrainian	JJ	1
ultimately	RB	1
unable	JJ	1
unaffiliated	JJ	1
unbelievable	JJ	1
uncertain	JJ	2
unchanged	JJ	1
unconvinced	JJ	1
undated	NNP	1
undelivered	JJ	1
under	IN	30
undercover	JJ	1
undergoing	VBG	1
underground	JJ	2
undermine	VB	1
underperforming	VBG	1
understand	VBP	1
understanding	NN	1
understands	VBZ	2
understood	VBD	1
undertaken	VBN	1
undervalued	VBN	1
undistinguished	JJ	1
undoubtedly	RB	1
unearthed	VBD	1
uneasiness	NN	1
unfairly	RB	2
unicorp	NNP	2
uniform	NN	1
uniforms	NNS	2
union	NNP	4
unique	JJ	2
unit	NN	8
united	NNP	31
units	NNS	4
universal	JJ	1
university	NNP	10
unknown	JJ	1
unnamed	JJ	2
unprecedented	JJ	1
unresolved	JJ	1
unsecured	JJ	2
unshakable	JJ	1
unspecified	JJ	1
unsuccessful	JJ	1
unsuccessfully	RB	1
unsuspecting	JJ	1
untangle	NN	1
until	IN	9
unusual	JJ	6
unveiled	VBN	1	VBD	1
unwanted	JJ	1
up	RP	24	RB	21	IN	4
upcoming	JJ	1
upgrade	VB	1
upheld	VBD	2
upjohn	NNP	9
upon	IN	2
upstate	JJ	2	NNP	1
uranium	NN	1
urban	JJ	1
urgent	JJ	1
urges	VBZ	1
us	PRP	9	NNP	3
use	NN	7	VB	5
used	VBN	8
uses	VBZ	1	NNP	1	NNS	1
using	VBG	3
ute	NNP	1
utilities	NNS	1
uzbekistan	NNP	2
v	NNP	3
vacating	VBG	1
validity	NN	1
valley	NNP	7
valuable	JJ	1
value	NN	12
valued	VBN	2
values	NNS	1
van	NNP	2
vanderbilt	NNP	2
vandy	NNP	1
vanished	VBN	1
vargas	NNP	1
variables	NNS	1
varieties	NNS	1
various	JJ	2
vast	JJ	2
vastly	RB	1
vault	NN	1
vcr	NNP	1
vegetable	NNP	1
vegetables	NNS	1
vehicle	NN	2
vein	NN	1
velcro	NN	1
ventures	NNS	1
venues	NNS	1
verdict	NN	2
verizon	NNP	1
vermont	NNP	1
verniero	NNP	1
version	NN	2
versus	CC	1
very	RB	13
veteran	NN	1
via	IN	1
vice	NN	6
vichyssoise	NN	2
victim	NN	1
victimized	VBN	1
victory	NN	2	NNP	1
vietnam	NNP	1
vietnamese	JJ	1
viewership	NN	1
vindicates	NNS	2
vines	NNS	1
violate	VB	1
violated	VBD	1	VBN	1
violation	NN	7
violations	NNS	3
violence	NN	2
virgilia	NNP	1
virgin	NNP	2
virginia	NNP	2
virtually	RB	1
visa	NN	4
visibility	NN	1
vision	NN	2
visit	NN	4	NNP	1	VB	1
visited	VBN	1
visiting	VBG	1
visitor	NN	1
visitors	NNS	1
visual	JJ	1
vivid	JJ	2
vocal	JJ	1
vogue	NN	1
voice	NN	1
voiced	VBD	1
volume	NN	2
voluminous	JJ	1
vote	VB	2	NN	2
voted	VBD	1	VBN	1
voters	NNS	4
votes	NNS	1
vt	NNP	1
w	NNP	1
wading	VBG	1
waertsilae	NNP	10
wafer	NN	1
wafers	NNS	2
wait	VB	1
waivers	NNS	3
walbrecher	NNP	1
waldorf-	NNP	1
walked	VBD	1
walking	VBG	2
walks	NNS	1
wall	NNP	2	NN	1
wallet	NN	1
wallowing	VBG	1
walls	NNS	1
wan	NNP	2
want	VBP	7	VB	4
wanted	VBD	11
wants	VBZ	2
war	NN	8	NNP	7
ward	VB	1	NNP	1
warm	JJ	2
warming	NN	1
warner	NNP	2
warrant	NN	1
warrants	NNS	2
wartenberg	NNP	1
wartime	NN	1
was	VBD	168
washington	NNP	15
wasover	NN	1
watch	VB	4	NNP	2	VBP	1
watchers	NNS	1
watches	NNS	6
watching	NN	1	VBG	1
waters	NNS	2	NNP	1
wave	NN	2
way	NN	10
ways	NNS	1
we	PRP	48
weapons	NNS	6
wear	VBP	1	NN	1
weather	NN	2
web	NNP	4	NN	1
website	NN	2
wednesday	NNP	12
week	NN	18
weeklong	JJ	1
weekly	JJ	1
weeks	NNS	7
weighed	VBN	1
weighs	VBZ	1	NNP	1
weight	NN	2
weisfield	NNP	3
welfare	NN	1
well	RB	13
wendover	NNP	7
wendy	NNP	1
went	VBD	7
were	VBD	72	VB	1	JJ	1
wertheim	NNP	1
west	NNP	4
westchester	NNP	1
western	NNP	1	JJ	1
weyded	JJ	1
weydert	NNP	1
what	WP	29
whatever	WDT	2
when	WRB	36
whence	NN	1
whenever	WRB	1
where	WRB	17
wherever	WRB	1
whether	IN	4
which	WDT	77
while	IN	18	NN	1
white	NNP	3	JJ	1	NN	1
who	WP	77
whole	JJ	1
wholesale	JJ	1
wholly	RB	1
whom	WP	3
whose	WP$	8
why	WRB	4
wide	JJ	1
wider	JJR	2
width	NN	1
wife	NN	5
wild	NNP	1	JJ	1
will	MD	102	NN	1
william	NNP	2
williams	NNP	8
win	VB	4
windows	NNP	1	NNS	1
wine	NNP	1	NN	1
wings	NNS	2
winner	NN	2
winning	VBG	2
winter	NNP	3
winters	NNS	1
wire	NN	2
wireless	JJ	5	NNP	3
wires	NNS	1
wiretaps	NNS	4
wis	NNP	1
wisdom	NN	2
wish	VBP	1	VB	1
wishes	NNS	1
with	IN	196
withdrawal	NN	2
withdrawals	NNS	1
within	IN	8
without	IN	8
witness	NN	5
witnessed	VBN	1
witnesses	NNS	2
wo	MD	3
woke	VBD	1
wolin	NNP	1
woman	NN	3
women	NNS	1
won	VBN	3	VBD	3
woo-kim	NNP	1
word	NN	5
words	NNS	3	NNPS	1
wore	VBD	1
work	NN	5	VB	1
worked	VBD	3
workers	NNS	3
working	VBG	4
works	VBZ	1
workshop	NN	1
world	NN	12	NNP	8
world-wide	JJ	1
worry	VBP	1
worse	RBR	1
worst	JJS	1
worth	JJ	1	NN	1
would	MD	55
wounded	VBN	1
wrangle	NN	1
write	VB	4	VBG	1
writer	NNP	1	NN	1
writers	NNS	1
writes	VBZ	2
writing	VBG	3
written	VBN	4
wrong	JJ	2
wrote	VBD	3
www	NN	3
x	SYM	1
xerox	NNP	3
y	NNP	4
yankees	NNPS	2
yeah	UH	1
year	NN	62
year-earlier	JJ	2
year-old	JJ	4
yearning	NN	1
yearof	NN	1
years	NNS	30
yelena	NNP	1
yellow	JJ	1
yes	UH	1
yesterday	NN	13
yet	RB	4
yogurt	NN	1
york	NNP	38
yorkers	NNPS	1
you	PRP	48
young	JJ	8	NNP	1
your	PRP$	20
zalkin	NNP	1
zamora	NNP	1
zazzali	NNP	3
zero	CD	2
zimbardo	NNP	1
zinc	NN	1
zone	NN	9	NNP	1
zook	NNP	2
