 	CD	2	NN	1
  	CD	7
"	''	196
$	$	30
%	NN	29
'	POS	11	''	1
're	VBP	1
's	POS	100	VBZ	2
(	(	105
)	)	105
,	,	1199
-	:	39
--	:	7
.	.	1188
/	NN	32
0	CD	1
000	CD	1
1	CD	25	LS	7
1.6	CD	2
10	CD	11
10.5	CD	1
100	CD	1
1006	CD	4
1008	CD	1
1009	CD	2
101	CD	1
107	CD	2
1077	CD	1
107th	CD	1
11	CD	41
11.8	CD	1
111	CD	1
112	CD	1
115	CD	1
12	CD	5
120	CD	1
126	CD	6
13	CD	8
1322	CD	1
1370	CD	1
14	CD	5
149,500	CD	1
15	CD	9
150	CD	1
151	CD	1
16	CD	5
160	CD	1
1606	CD	1
161	CD	2
162	CD	1
1623	CD	1
1636	CD	1
164	CD	1
166	CD	2
17	CD	7
171	CD	1
176	CD	1
18	CD	6
180	CD	1
181	CD	2
182	CD	2
19	CD	2
1970	CD	6
1973	CD	1
1976	CD	3
1977	CD	1
1978	CD	2
1979	CD	1
1980	CD	4
1989	CD	1
1990	CD	2
1992	CD	1
1993	CD	1
1995	CD	2
1996	CD	5
1997	CD	1
1998	CD	4
1999	CD	7
19th	JJ	1
1st	CD	1
2	CD	46	LS	6
2.7	CD	1
20	CD	10
2000	CD	15
2001	CD	27
2002	CD	10
2004	CD	6
2005	CD	7
2006	CD	5
2007	CD	18
2008	CD	13
2009	CD	1
2010	CD	2
20th	JJ	1
21	CD	3
22	CD	1
23	CD	1
24	CD	4
249	CD	1
25	CD	5
253	CD	1
26	CD	4
27	CD	2
28	CD	2
28.3	CD	1
29	CD	1
296,750	CD	1
3	CD	13	LS	9
30	CD	9
3001	CD	8
31	CD	1
35	CD	1
36	CD	5
3621	CD	1
3622	CD	3
3623	CD	7
3624	CD	1
3625	CD	2
37	CD	1
383.6	CD	1
39	CD	27
4	CD	4	LS	1
40	CD	5
400	CD	1
401	CD	2
403	CD	4
404	CD	5
446	CD	1
45	CD	4
45,000	CD	1
455	CD	1
47223	CD	1
48	CD	1
5	CD	7	LS	2
50	CD	4
50,000	CD	1
504	CD	2
509	CD	4
514	CD	1
531	CD	1
54	CD	2
54436	CD	1
55	CD	3
556	CD	22
58	CD	1
59	CD	1
6	CD	8
6.2	CD	1
60	CD	2
600	CD	1
604	CD	1
61	CD	1
610	CD	1
63	CD	1
66	CD	1
67	CD	4
673	CD	1
68	CD	2
69	CD	4
7	CD	9
70	CD	1
73	CD	2
75	CD	1
768	CD	1
77	CD	1
79	CD	2
8	CD	7
80	CD	1
83	CD	1
857	CD	1
89	CD	2
9	CD	32
90	CD	7
900	CD	1
91,500	CD	1
95	CD	1
957	CD	1
97	CD	1
98	CD	1
99	CD	2
:	:	81
;	:	44
?	.	11
[	NN	8
]	NN	8
a	DT	371
abbreviated	JJ	1
abide	VB	1
abided	JJ	1
ability	NN	5
able	JJ	4
abolish	VB	1
about	IN	47
above	IN	2
above—including	VBG	1
absence	NN	2
absent	VB	1
abuses	NNS	1
acceded	VBD	1
accelerate	VB	1
accelerating	VBG	1
accentuated	JJ	1
accept	VB	3	VBP	1
acceptable	JJ	1
accepted	VBD	2	VBN	2
access	NN	25	VB	3	NNP	3
accessing	VBG	3
accommodate	VB	2
accomplishments	NNS	1
accordance	NN	3
according	VBG	5
account	NN	2	VB	1
accountability	NN	2	NNP	1
accounting	NN	1
accounts	NNS	2
accumulated	VBN	1
achievable	NNP	1	JJ	1
achieve	VB	9	VBP	1
achieved	VBN	3
achieving	VBG	3
acid	NNP	12	NN	3
acknowledged	VBD	1
acknowledges	VBZ	1
acknowledgment	NN	1
acquiesced	VBD	1
acquiring	VBG	3
acquisition	NN	1
across	IN	4
act	NNP	38	VB	5	NN	2
acted	VBD	3
action	NN	17	NNP	1
actions	NNS	5
active	JJ	1
actively	RB	1
activities	NNS	9
activity	NN	2
actors	NNS	2
acts	NNS	2
actually	RB	1
acute	JJ	1
ad	NN	1
adapted	VBN	4
add	VBP	2	VB	1
add-on	JJ	1
added	VBD	5
addition	NN	16
additional	JJ	13
additionally	RB	3
address	VB	12	VBP	1	NN	1
addressed	VBD	5	VBN	4
addresses	VBZ	1	NNS	1
addressing	VBG	5
adequate	JJ	1
adjustments	NNS	2
administered	VBN	1
administration	NNP	18	NN	11
administrations	NNS	2
administrative	JJ	4
administrator	NNP	1
adopt	VB	4
adopted	VBN	4	VBD	1
adoption	NN	1
advance	NN	1
advanced	JJ	1	VBD	1	VBN	1
advantage	NN	3
adverse	JJ	3
adversely	RB	1
advertisements	NNS	1
advertising	NN	2
advice	NN	3
advise	VB	2
advised	VBN	1
adviser	NN	1
advisers	NNS	7
advising	VBG	1
advisor	NNP	1
advocate-expressed	NNP	1
affairs	NNP	3	NNPS	2
affected	JJ	1	VBD	1	VBN	1
affecting	VBG	2
affiliates—related	JJ	1
affirmative	JJ	1
affirmatively	RB	2
affirmed	VBD	1
afflicted	VBN	1
afford	VB	1
affordable	JJ	3
afforded	VBN	2
affording	VBG	1
afghan	JJ	5
afghanistan	NNP	26
afloat	RB	1
afoul	NN	1
after	IN	25
aftereffects	NNS	1
aftermath	NN	1
afternoon	NN	4
again	RB	9
against	IN	23
agencies	NNS	12
agency	NNP	3	NN	1
agenda	NN	1
agent	NN	2
agents	NNS	1
aggravated	VBN	1	VBD	1
aggravates	VBZ	1
aggressive	JJ	2
aggressively	RB	1
ago	RB	3
agree	VBP	2	VB	2
agreed	VBD	4	VBN	3
agreed-upon	JJ	3
agreement	NN	8	NNP	2
agreements	NNS	10	NNP	8
ahead	RB	2
ahmed	NNP	2
aid	NN	1
aide	NN	1
aided	VBN	2
aides	NNS	1
aig	NNP	5
aig—increased	NNP	1
ailments	NNS	1
aim	NN	1
air	NNP	28	NN	14
airborne	JJ	1
aircraft	NN	3
airfield	NN	1
airline	NN	1
airports	NNS	1
airspace	NN	4
al	NN	38
alan	NNP	1
alarms	NNS	2
albeit	IN	1
aliens	NNS	2
alike	RB	3
all	DT	41	PDT	3
allbaugh	NNP	1
alleging	VBG	1
allied	VBD	1
allies	NNS	3
allocated	VBN	1
allocating	VBG	1
allocation	NN	3
allocations	NNS	2
allow	VBP	3	VB	3
allowance	NN	3	NNP	1
allowances	NNS	5	NNP	1
allowed	VBN	2
allowing	VBG	5
allows	VBZ	2
almost	RB	5
alone	RB	7
alone-to	JJ	1
along	IN	5
aloud	RB	1
already	RB	5
also	RB	50
alter	VB	3
alternative	JJ	1
alternatives—either	NN	1
although	IN	3
always	RB	1
am	VBP	1
amassed	VBN	1
ambassador	NN	1
ambient	NNP	1
amended	JJ	1
amendments	NNS	2
america	NNP	8
american	JJ	9	NNP	2
americans	NNPS	3
among	IN	8
amount	NN	6
amounts	NNS	2
ample	JJ	2
amplified	VBN	1
an	DT	66
analyses	NNS	3
analysis	NN	7	NNP	1
analysts	NNS	1
analyzed	VBD	1
and	CC	856
andrew	NNP	1
andrews	NNP	1
anecdotal	JJ	1
anger	NN	1
annex	NN	1
annexes	NNS	1
announced	VBD	3
annual	JJ	1
annually	RB	1
another	DT	4
answer	VB	2	NN	1
answering	VBG	1
anticipate	VBP	1
any	DT	39
anybody	NN	1
anyone	NN	3
anything	NN	3
apart	RB	1
apparent	JJ	2
appeal	NN	1
appeals	NNPS	1
appeared	VBD	1
appended	VBN	1
appendix	NNP	7	NN	1
applaud	VBP	2
applicability	NNP	1
applicable	JJ	7	NNP	1
application	NN	2
applied	VBN	1
applies	VBZ	3
apply	VB	2	VBP	1
appointee	NN	1
appointment	NN	1
appreciate	VBP	1	VB	1
approach	NN	23
approaches	NNS	7	NNP	1
appropriate	JJ	14
appropriately	RB	1
appropriation	NN	6
appropriations	NNP	4	NNS	1
approval	NN	3
approved	VBD	8	VBN	2
approving	VBG	4	NNP	2
approximately	RB	2
april	NNP	5
arab	JJ	2
arbiters	NNS	1
arduous	JJ	1
are	VBP	82
area	NN	5
areas	NNS	11
arenas	NNS	1
argued	VBD	4
arguing	VBG	2
argument	NN	2
arise	VB	2
arisen	VBN	1
arm	NNP	2
armed	VBN	2
armitage	NNP	4
around	IN	4
arrange	VB	1
arranged	VBN	1
arrangement	NN	1
arrangements	NNS	3
array	NN	2
arrested	VBN	2
arresting	VBG	1
arrived	VBD	1
as	IN	152	RB	16
ashcroft	NNP	6
aside	RB	1
ask	VB	5	VBP	1
asked	VBD	3
asking	VBG	1
assault	NN	1
assemble	VB	1
assess	VB	1
assessed	VBN	1
assessing	VBG	2
assessment	NN	1
assessments	NNS	1
asset	NN	1
assets	NNS	6
assign	VB	1
assigning	VBG	1
assigns	VBZ	1
assist	VB	1
assistance	NN	7
associate	JJ	1
associated	VBN	4	JJ	1
association	NN	1
assuming	VBG	1
assumptions	NNS	2
assurance	NN	1
assurances	NNS	2
asthma	NN	2
at	IN	78	NNP	1
at-risk	JJ	1
atef	NNP	1
atmospheric	JJ	2
atta	NNP	1
attached	NNP	1
attack	NN	7	VB	2
attacked	VBN	1
attackers	NNS	1
attacks	NNS	20
attain	VB	1
attainment	NN	5
attempt	NN	1
attempted	VBN	1
attention	NN	5
attorney	NNP	3	NN	2
attorney-	NNP	1
attorney-client	JJ	13
attorneyclient	NN	1
attorneys	NNS	4
auctioned	VBN	2
audit	VB	1
auditors	NNS	1
audits	NN	1
august	NNP	3
authorities	NNS	3
authority	NN	16	NNP	5
authorized	VBN	3	VBD	3	JJ	1
authorizes	VBZ	3
availability	NN	2
available	JJ	16	NNP	2
average	NN	1
aviation	NNP	1	NN	1
avoid	VB	6
avoidable	JJ	1
avoided	VBN	2
awakened	VBN	1
aware	JJ	3
awareness	NN	1
away	RB	2
away-where	JJ	1
ayman	NNP	1
b	SYM	8	NNP	3
back	RB	5
backed	VBN	2
background	NN	3	NNP	2
backing	NN	1
bad	JJ	1
baghdad	NNP	2
bail	VB	1
bailed	VBD	1
balance	NN	1
balances	NNS	1
balloon	NN	1
ban	VB	1
bank	NNP	4	NN	3
banking	NN	5
banks	NNS	8
banks—	NN	1
banks—the	NN	1
bar	NN	1
barksdale	NNP	3
barriers	NNS	2
bart	NNP	1
base	NNP	4
based	VBN	7
bases	NNP	1
basing	VBG	2
basis	NN	8
battle	NN	1
be	VB	111
bear	NNP	6
bears	VBZ	1
became	VBD	7
because	IN	16
become	VB	4	VBN	3	VBP	1
been	VBN	49
before	IN	21	RB	2
began	VBD	11
beginning	NN	1	VBG	1
begins	VBZ	1
begun	VBN	3
begun-included	JJ	1
behavior	NN	1
behemoth	NN	1
behind	IN	7
being	VBG	3
belief	NN	2
believe	VBP	11	VB	1
believed	VBN	2	VBD	1
believes	VBZ	3
below	IN	4
ben	NNP	1
benefit	NN	4	VB	1
benefiting	VBG	1
benefits	NNS	9
bernanke	NNP	2
best	JJS	3	RBS	1
bets	NNS	2
better	JJR	5
between	IN	14
bet—where	NN	1
beyond	IN	3
big	JJ	8
bigger	JJR	3
bill	NN	12	NNP	1
billion	CD	17
billions	NNS	3
bin	NNP	11	NN	1
bind	NN	1
binding	JJ	1
bipartisan	JJ	1
black	NNP	1
blair	NNP	2
blamed	VBD	1
blanket	NN	1
blending	NN	1
blindly	RB	2
board	NNP	3
boardroom	NN	1
bob	NNP	1
body	NN	1
bolten	NNP	2
bombing	NN	1
bombings	NNS	1
bond	NN	2
bonuses	NNS	1
book	NN	1
books	NNS	2
boom	NN	1
booms	NNS	1
bora	NNP	1
border	NN	2
borders	NNS	2
born	VBN	1
borrowed	VBN	2
borrower	NN	1
borrowers	NNS	9
borrowing	NN	8	VBG	1
both	DT	24
bought	VBD	1
breaches	NNS	1
breadth	NN	1
break	VB	1
breakdown	NN	1
breakdowns	NNS	4
breakeven	NN	1
breathe	VB	1
briefed	VBD	1
briefing	NN	3	NNP	1
briefings	NNS	1
bring	VB	3
brink	NN	1
british	NNP	1
broad	JJ	4
broadcast	VB	1
broader	JJR	1
broadly	RB	2
broke	VBD	1
broker	NN	1
brokers	NNS	2
bronchitis	NNS	1
brothers	NNPS	3
brought	VBN	1
brownback	NNP	2
bubble	NN	7
bubble—fueled	JJ	1
budget	NN	1
build	VB	4
buildings	NNS	1
builds	VBZ	1
bulk	NN	2
bulwark	NN	1
bumps	NNS	1
burden	NN	1
burdens	NNS	1
bureaucracy	NN	1
burst	NN	1
bursting	VBG	1
bush	NNP	39
business	NN	7	NNP	3
businesses	NNS	4
bust	NN	1
busts—we	NN	1
but	CC	36
by	IN	162
bypassed	JJ	1
byproducts	NNS	1
c	NNP	15	SYM	7
cabinet	NNP	1
cabinet-level	NNP	1	JJ	1
calamity	NN	1
call	NNP	5	VBP	1	VB	1
called	VBN	4	VBD	1
came	VBD	4	JJ	1
camp	NNP	5
campaign	NN	3
camps	NNS	2
can	MD	22
cap	NN	19	VB	2	VBP	1
cap-and-trade	JJ	1
capabilities	NNS	5
capacity	NN	3
capital	NN	13
capital—both	NN	1
capitol	NNP	1
caps	NNS	3	NNP	1
captains	NNS	1
captured	VBN	1
carbon	NN	1
card	NNP	2
cardio-respiratory	JJ	1
care	VB	1
careful	JJ	1
carried	VBN	1	VBD	1
carry	VB	3	VBP	1
carrying	VBG	1
cars	NNS	1
cascading	VBG	1
case	NN	17
case-by-case	JJ	1
cases	NNS	3
case—to	NN	1
cash	NN	2
cast	NN	1
catalogues	NNS	2
catastrophe	NN	4
catastrophic	JJ	1
categories	NNS	5	NNP	1
category	NN	1
caught	VBD	1	VBN	1
cause	VB	6	NN	3	VBP	1
caused	VBD	1
causes	NNS	5
causing	VBG	1
cave	NN	1
cdos	NNP	8
cds	NNP	3
centcom	NNP	3
center	NNP	2	VBP	1	NN	1
central	NNP	4	JJ	3
century	NN	3
ceo	NNP	1
cert	NN	1
certain	JJ	9
certainly	RB	1
certainty	NN	4	NNP	1
cfr	NNP	1
chaired	VBD	5	VBN	1
chairman	NNP	5	NN	4
challenge	VB	1	NN	1
challenged	VBN	1
challenges	NNS	1
challenging	VBG	2
championed	VBN	1
chance	NN	1
chances	NNS	1
change	NN	15	NNP	4	VB	3
changed	VBN	4
changed-to	JJ	1
changed—from	NN	1
changes	NNS	28
changing	VBG	1
chaos	NN	1
chaotic	JJ	1
chapter	NN	7
chapters	NNS	1
character	NN	1
characteristics	NNS	1
charge	NN	4
charged	VBN	4	VBD	1
charges	NNS	1
charter	NN	1
cheap	JJ	1
check	VB	1
checked	VBN	1
checklist	NN	1
cheney	NNP	6
chief	NNP	3	NN	3	JJ	2
chiefs	NNPS	1
children	NNP	1	NNS	1
china	NNP	1
choices	NNS	6
choose	VB	2
chose	VBD	1
chosen	VBN	2
christopher	NNP	1
chronic	JJ	1
churned	JJ	1
cia	NNP	8
cir	NNP	2
circuit	NNP	1
circumstances	NNS	2
cited	VBN	1	VBD	1
cities	NNS	1
citigroup	NNP	3
citing	VBG	2
citizens	NNS	1
city	NNP	2
civil	JJ	1
civilian	JJ	2
civilization	NN	1
claim	NN	1
clamored	VBD	1
clamped	VBN	1
clarke	NNP	10
class	NNP	1
classes	NNS	1
classification	NN	23	NNP	7
classifications	NNS	13	NNP	2
classifications-	NN	1
clean	NNP	12	VB	2	JJ	1
cleanliness	NN	1
clear	JJ	6
clearance	NN	1
cleared	VBD	1
clearing	NN	1
clearly	RB	3
client	NN	6	NNP	1
clients	NNS	1
climate	NN	7
clinton	NNP	1
close	VB	1
closed	VBD	1
closer	JJR	1
co	NNP	10
co-conspirator	JJ	1
co2	NNP	2
coal	NN	8
coal-fired	JJ	2
coalition	NN	6
code	NNP	4	NN	1
codification	NN	1
codified	VBN	1
cofer	NNP	1
cogs	NNS	1
cohead	NN	1
cole	NNP	1
colin	NNP	1
collapse	NN	10
collapsing	VBG	2
collateral	NN	2
collateralized	JJ	1
collect	VB	1
collecting	VBG	1
collection	NN	2
collective	JJ	2
collectively	RB	1
collision	NN	1
collusion	NN	1
columbia	NNP	1
combat	NN	3	VB	1
combination	NN	3
combined	VBN	3
combining	VBG	1
combustion	NN	1
come	VBP	2	VB	1	VBN	1
comfort	NN	1
coming	VBG	3
command	NNP	3	NN	1
command-and-control	JJ	1
commander	NN	3
commanders	NNS	2
commanding	JJ	2
commented	VBD	2
commenters-including	JJ	1
comments	NNS	7
commercial	JJ	3
commission	NNP	84
commissioner	NNP	1
commitment	NN	1
committed	VBD	2	VBN	1
committee	NNP	16	NN	2
committees	NNS	3
commonly	RB	1
communication	NN	2
communications	NNS	2
communities	NNS	6
community	NNP	1
companies	NNS	6
company	NN	2
compared	VBN	2
compares	VBZ	1
comparing	VBG	2
compelling	JJ	1
compensating	NNP	1
compensation	NN	2	NNP	1
compensatory	JJ	1
competing	NNP	1
competition	NN	1
competitive	JJ	1
compiled	VBN	2
completed	VBN	1	VBD	1
complex	JJ	3
complexity	NN	3
compliance	NN	14	NNP	3
complied	VBD	1
comply	VB	6
component	NN	1
components	NNS	2
comprehensive	JJ	3
comptroller	NNP	2
computer	NN	3
conceded	VBN	1
conceivable	JJ	1
concentrated	VBN	3	JJ	1
concentrations	NNS	3
concept	NN	3
concern	NN	2
concerned	VBN	4
concerning	VBG	2
concerns	NNS	13
concessions	NNS	1
conclude	VBP	10
concluded	VBD	2
concludes	VBZ	1
conclusion	NNP	6	NN	5
conclusions	NNS	5	NNP	2
concurred	VBD	1
condemn	VB	1
condition	NNP	1
conditions	NNS	11
condoleezza	NNP	1
conduct	VB	5
conducted	VBN	3	VBD	3
conducting	VBG	3
conf	NNP	1
conferees	NNS	1
conference	NN	2	NNP	1
confidential	JJ	10	NNP	1
confirmation	NN	3	NNP	1
confirmed	VBD	2
confirms	VBZ	1
conflict	NN	3
confront	VBP	1
cong	NNP	1
congress	NNP	13
congresses	NNP	1
congresses—indeed	NNP	1
congressional	JJ	1
conjunction	NN	1
connected	VBN	2
connection	NN	3
connections	NNS	2
conquered	JJ	1
consensus	NN	4
consequence	NN	1
consequences	NNS	7
conservation	NN	1
conservatorship	NN	1
consider	VB	9
considerable	JJ	1
consideration	NN	9	NNP	2
considerations	NNS	2
considered	VBN	4	VBD	2
considering	VBG	5
consisted	VBD	1
consistency	NN	3
consistent	JJ	16
consolidate	VB	1
constituted	VBD	1
constitution	NNP	1
constrain	VB	1
constrained	VBN	1
constraints	NNS	2
constructed	VBN	1
consult	VB	1
consultation	NN	1
consume	VBP	1
consumer	NNP	1	NN	1
consumers	NNS	11
consumption	NN	2
contacted	VBN	1
contagion	NN	2
contain	VBP	2	VB	2
contained	VBD	4	VBN	2
containerization	NN	1
containing	VBG	3
containment	NN	1
contains	VBZ	1
contemplated	VBN	1
contemporaneous	JJ	1
contended	VBD	1
contents	NNS	1
context	NN	2
contingency	NNP	1	NN	1
continue	VB	5	VBP	1
continued	VBD	3
continuing	VBG	4
continuity	NN	1
continuous	JJ	1
continuously	RB	1
contract	NN	8	VB	2
contracts	NNS	5
contractual	JJ	1
contrary	NN	1
contrast	NN	1
contravention	NN	1
contribute	VBP	6	VB	1
contributed	VBD	5	VBN	1
contributes	VBZ	1
contributing	VBG	3
contribution	NN	1
contributions	NNS	2
control	NN	13	VB	6	NNP	1
controlling	VBG	1
controls	NNS	4
convene	VB	2
convened	VBD	2
conveyed	VBD	2
convinced	VBN	1
cooperating	VBG	1
cooperation	NN	2
coordinate	VB	1
coordinated	VBN	1
coordination	NN	1
core	NN	1
corporate	JJ	7
corporation	NNP	1
corporations	NNS	3
correcting	VBG	1
corrective	JJ	1
correspondence	NN	1
corrosion	NN	1
cost	NN	16	VB	2	VBN	2
cost-effective	JJ	5
cost-justified	JJ	1
costly	JJ	3
costs	NNS	20
could	MD	49
council	NNP	4	NN	2
council-paralleling	NNP	1
counterbalance	NN	1
counterparts	NNS	1
counterterrorism	NN	1
counterterrorist	NNP	1
countries	NNS	4
country	NN	9
countrywide	NNP	2
coupled	VBN	2
course	NN	4
court	NNP	1
cover	VB	1
covered	VBN	1
covert	JJ	3
coveted	JJ	1
covington	NNP	1
cox	NNP	1
cra	NNP	5
cra-regulated	NNP	1
craft	VB	1
crashing	VBG	1
cratered	JJ	1
create	VB	1
created	VBN	7	VBD	3
creating	VBG	1
creation	NN	2
credibility	NN	1
credit	NN	11
creditworthiness	NN	1
crimes	NNS	1
crisis	NN	56	NNP	2
crisis—the	NN	1
criteria	NNS	2
criterion	NN	1
critical	JJ	8
critically	RB	1
cross	VBP	1
crowd	NN	1
culture	NN	1
currency	NNP	1	NN	1
current	JJ	16
currently	RB	2
curve	NN	1
cushion	NN	1
cushions	NNS	1
custody	NN	3
customer	NN	2
customers	NNS	7	NNP	4
customized	VBN	3
cut	VB	1
cycle	NN	2
cycles	NNS	1
czech	JJ	1
d	SYM	6	NNP	2
d.c.	NNP	1
dale	NNP	1
damage	NN	4	VB	1
damages	VBZ	1
dana	NNP	1
danger	NN	2
dangerous	JJ	1
dangers	NNS	1
data	NNS	7
databases	NNS	1
date	NN	2
david	NNP	5
day	NN	12
days	NNS	13
dci	NNP	2
deadline	NN	1
deadlines	NNS	1
deal	VB	3	NN	1
dealing	VBG	2	NN	1
dealt	VBD	1	VBN	1
dearly	RB	1
death	NN	1
debate	NN	1
debated	VBN	1
debt	NN	9
debts	NNS	1
debt—that	NN	1
decade	NN	1
decades	NNS	4
december	NNP	5
decide	VBP	1
decided	VBD	2	VBN	2
deciding	VBG	1
decision	NN	20	NNP	5
decisions	NNS	5
decisions—and	NN	1
decisive	JJ	1
declared	VBD	1
decline	NN	3	VB	1
declined	VBD	3
decrease	VB	1
decreased	VBN	1
decreases	VBZ	1
dedicated	VBN	1
deemed	VBN	1
deep	JJ	3
deepened	VBD	1
deeply	RB	3
default	NN	2	VB	1
defaulted	VBD	2
defaults	NNS	1
defeated	VBD	1
defeating	NNP	1
defective	JJ	1
defects	NNS	1
defense	NNP	6	NN	2
deferred	VBN	1
defined	VBN	2
defining	VBG	2
degree	NN	2
delay	VB	1
delayed	VBD	1
deliberations	NNS	2	NNP	1
delinquency	NN	1
delinquent	JJ	1
deliver	VB	1
delivered	VBN	1
delivering	VBG	1
delivery	NN	7
demand	NN	2
demands	NNS	3
demonstrate	VB	1
demonstrates	VBZ	2
denial	NN	1
denied	VBD	3
denying	VBG	1
depart	VBP	1	VB	1
departed	VBD	2
department	NNP	15	NN	3
departments	NNS	2
departure	NN	4
departures	NNS	1
depended	VBD	2
dependence	NN	1
dependent	JJ	1
depending	VBG	3
deployed	VBN	1
deployment	NN	1
deportation	NN	1
deported	VBD	1
deposit	NN	1
deposition	NN	5
depository	NN	1
deposits	NNS	1
depression	NNP	1
deprived	VBN	1
deputies	NNS	3
deputy	NNP	7
deregulation	NN	1
derivatives	NNS	13
derivatives—rushed	JJ	1
derivatives—were	NN	1
derivative—credit	NN	1
described	VBD	3	VBN	1
describes	NNP	1
describing	VBG	1
description	NN	2
desirability	NN	2
desire	NN	2
desired	VBN	2
despite	IN	5
destination	NN	2
destroy	VB	2
destruction	NN	3
detail	NN	1
detailed	JJ	3
details	NNS	1
detain	NN	1
detainee	NN	3
detainees	NNS	5
deter	VB	1
determination	NN	3
determine	VB	4
determined	VBD	2	VBN	1
determines	VBZ	2
determining	VBG	3
devastating	VBG	1
develop	VB	13	NNP	1
developed	VBN	3	VBD	1
developing	VBG	11
development	NN	3	NNP	1
devise	VB	1
devoted	VBN	1
did	VBD	25
diesel	NN	2
differ	VBP	1
different	JJ	7
differing	VBG	1
difficult	JJ	2
difficulty	NN	1
dike	NN	1
dim	NN	1
dioxide	NN	2
dip	NN	1
diplomacy	NN	1
diplomatic	JJ	1
dire	JJ	1
direct	JJ	4	VB	1
directed	VBD	5	VBN	3
directing	VBG	1
direction	NN	2
directions	NNS	1
directive	NN	5	NNP	1
directive-formally	JJ	1
directives	NNS	2
directly	RB	1
director	NNP	2	NN	2
directs	VBZ	3
disappointing	JJ	1
disaster	NN	2
disastrous	JJ	1
disclosed	VBN	2
disclosure	NNP	1	NN	1
disclosures	NNS	1
discounted	VBN	3
discounts	NNS	1
discovered	VBD	1
discrimination	NN	2
discuss	VBP	1
discussed	VBD	4	VBN	3
discussing	VBG	1
discussion	NN	5
discussions	NNS	1
dismissed	VBD	1
disputes	NNP	1
disregard	NN	1
disrupt	VB	1
disruption	NN	1
disruption—a	NN	1
disruptive	JJ	1
dissatisfied	JJ	1
distinction	NN	1
distinguish	VB	1
distress	NN	1
district	NNP	1
dive	NN	1
diverse	JJ	2
diversified	JJ	1
diversity	NN	1
dmcs	NNP	1
do	VBP	13	VB	12
docket	NNP	17
document	NN	4
documents	NNS	5
does	VBZ	13
dollars	NNS	8
domestic	JJ	10	NNP	4
domestic—is	NNS	1
dominant	JJ	1
donald	NNP	1
done	VBN	4
double	VB	1
doubled	VBD	3
doubling	VBG	1
doubt	NN	1
doubtful	JJ	1
doubts	NNS	1
down	RB	5	RP	3
downgraded	VBN	1
downgrades	NNS	1
downgrading	NN	1
downside	NN	1
downturn	NN	1
dozens	NNS	1
draft	NN	2
drafted	VBN	2
dramatic	JJ	4
dramatically	RB	1
dressing	VBG	1
drew	VBD	1
drive	NN	1
drop	NN	1
drove	VBD	1
dry	JJ	1
due	JJ	11
duration	NN	1
during	IN	15
dusting	VBG	1
duty	NN	3
e	SYM	2	NNP	2
each	DT	13
eager	JJ	1
earlier	RBR	1	JJR	1
early	JJ	7	RB	3
east	NNP	1	JJ	1
eastern	JJ	2
easy	JJ	2
economic	JJ	8
economical	JJ	1
economy	NN	10
educational	JJ	1
effect	NN	2
effective	JJ	11	NN	1
effectively	RB	4
effectiveness	NN	1
effects	NNS	1
efficacy	NN	1
efficiencies	NNS	1
efficiency	NN	3
efficient	JJ	7
efficiently	RB	2
effort	NN	3
effort-by	JJ	1
efforts	NNS	7
egregious	JJ	1
eia	NNP	1
either	CC	6
elaborate	VB	2
elderly	JJ	1
electric	JJ	6
electrical	JJ	3
electricity	NN	12
electronic	JJ	1
element	NN	1
element-the	JJ	1
elementary	JJ	1
elements	NNS	3
eleven	CD	1
eligibility	NN	2
eliminate	VB	8
eliminating	VBG	1
elimination	NN	2
else	RB	2
elsewhere	RB	1
embassy	NN	3
embedded	VBN	1
embraced	VBD	2
emergency	NN	3	NNP	1
emission	NN	8	NNP	1
emissions	NNS	49	NNP	1
emit	NN	1
emits	NNS	2
emitted	VBN	1
emitters	NNS	1
emotions	NNS	1
emphasize	VB	1
emphasized	VBD	1
emphasizing	VBG	2
emphysema	NN	1
employees—justifying	VBG	1
employs	VBZ	1
empowered	VBN	1
empowers	VBZ	1
empty	JJ	1
en	IN	1
enabled	VBD	1
enablers	NNS	1
enabling	VBG	1
enacted	VBN	2
enacting	VBG	1
enactment	NN	3
encompass	VB	1
encountered	VBD	1
encourage	VB	2	VBP	1
encouraged	VBN	3	VBD	1
encourages	VBZ	2
encouraging	VBG	1
end	NN	11	VB	5
endanger	VB	2
endangering	VBG	1
endeavored	JJ	1
endeavors	NNS	1
enduring	NNP	1
enemies	NNS	2
enemy	NN	5
energy	NN	24	NNP	2
enforce	VB	1
enforcement	NN	3	NNP	2
engage	VB	1
engaged	VBN	4
engagement	NN	1
engine	NN	1
enhance	VB	2
enormous	JJ	1
enormously	RB	1
enough	RB	1	JJ	1
ensure	VB	15	VBP	2
ensuring	VBG	1
enter	VB	6	NNP	2
entering	VBG	1
enterprises	NNS	2
entire	JJ	3
entities	NNS	4
entitled	VBN	2
entity	NN	3
entr	NN	1
entrusted	VBN	2
environment	NN	11
environmental	JJ	21
environmentalists	NNS	1
epa	NNP	16
equally	RB	1
equipment	NN	5
equitable	JJ	1
equity	NN	5
equivalent	NN	1
era	NN	1
erected	VBN	1	VBD	1
erosion	NN	1
error	NN	1
escalated	VBN	1
escaped	VBN	1
especially	RB	1
essential	JJ	6
essentially	RB	4
establish	VB	9
established	VBN	1
establishes	VBZ	4
establishing	VBG	4
establishment	NN	1
estate	NN	3
estimated	JJ	2
estimates	NNS	2
estuaries	NNS	1
et	CC	1
ethical	JJ	2
ethics	NNS	3	NNP	1
eutrophication	NN	1
evacuation	NN	1
evaluate	VB	2
evaluated	VBD	1
evaluating	VBG	1
eve	NN	2
even	RB	13
evening	NN	4
event	NN	2
events	NNS	11	NNP	1
eventually	RB	6
ever	RB	4
every	DT	17
everyone	NN	1
everything	NN	1
evidence	NN	12
evolved	VBD	2	VBN	1
evolving	VBG	1
exacerbated	VBD	2	VBN	2
examination	NN	4
examine	VB	2
examined	VBD	3	VBN	1
examining	VBG	1
example	NN	11
examples	NNS	2
excellent	JJ	1
except	IN	2
excess	JJ	3
excesses	NNS	3
excessive	JJ	1
exchange	NNP	2	NN	1
excited	VBN	1
executed	VBN	1
executives	NNS	3
exert	VB	1
exist	VBP	1
existed	VBD	1
existence	NN	1
existing	VBG	23
expand	VB	2
expanded	VBN	2
expansion	NN	2
expect	VB	4	VBP	1
expectations	NNS	1
expected	VBN	5
expediently	RB	1
expedite	VB	1
expedited	VBN	4	JJ	2
expediting	VBG	1
expeditious	JJ	2	NNP	1
expended	VBN	1
expenses	NNS	2
expensive	JJ	1
experience	NN	2
experiment	NN	6	NNP	3
experimental	NNP	5	JJ	5
experimentation	NN	1
experiments	NNS	2
expertise	NN	1
explain	VB	5
explained	VBD	2
explaining	VBG	1
explains	VBZ	2
explicit	JJ	2
explicitly	RB	2
exploration	NN	1
explore	VB	1
explosion	NN	1
explosives-laden	JJ	1
exponential	NN	1
exponentially	RB	1
expose	VB	1
exposed	VBN	1
exposure	NN	3
exposures	NNS	3
express	NNP	1
expressed	VBD	3	JJ	1	VBN	1
extend	VB	2
extended	VBD	1	VBN	1
extension	NN	2
extensively	RB	2
extent	NN	1
extraordinarily	RB	1
extraordinary	JJ	3
f	NN	11
face	VBP	1	NN	1
face-to-face	JJ	2
faced	VBD	1
faces	VBZ	1
facilitate	VB	3
facilities	NNS	5
facing	VBG	1
fact	NN	3
faction	NN	1
factor	NN	2
factors	NNS	2
facts	NNS	4
fail	VB	3
failed	VBD	4
failing	VBG	1
failure	NN	7
failures	NNS	9
fair	JJ	3
fairly	RB	1
fairness	NN	1
faith	NN	5
fall	NN	1
fallen	VBN	2
falling	VBG	1
falls	VBZ	1
false	JJ	1
families	NNS	5
family	NN	1
fanned	VBD	1
fannie	NNP	9
far	RB	6
farmers	NNS	1
fascinated	VBN	1
fatal	JJ	2
fate	NN	1
fault	NN	2
fbi	NNP	12
feared	VBN	1	VBD	1
feasible	JJ	1
features	NNS	2
feb	NNP	2
february	NNP	5
fed	NNP	2
federal	NNP	19	JJ	12
fee	NN	4
fees	NNS	5
fees-that	JJ	1
fell	VBD	2
fellow	NN	1
felt	VBN	2	VBD	1
few	JJ	4
fewer	JJR	2
field	NN	1
fields	NNS	1
fight	NN	3
fighting	VBG	1
figure	NN	1
file	VB	2
filed	VBN	10	NNP	1	VBD	1
files	NNS	4
filing	NN	1
final	JJ	2
finally	RB	11
finance	NN	1
financial	JJ	100	NNP	3
financing	NN	1
find	VB	8	VBP	1
findings	NNS	1
finds	VBZ	2
fine	NN	4	VB	1	JJ	1
fingers	NNS	1
firepower	NN	1
firm	NN	3
firms	NNS	23
first	JJ	17	CD	3	LS	2
first-	NNP	1
fiscal	JJ	3
fish	NN	2
five	CD	3
five-year	JJ	1
fix	VB	1
flags	NNS	1
flame	NN	1
flat	JJ	2
flawed	JJ	1	VBN	1
flaws	NNS	2
fled	VBN	1
flew	VBD	1
flexibility	NN	5	NNP	3
flexible	JJ	1
flight	NN	2
flights	NNS	8
flipped	VBD	1
flourished	VBD	1
flow	VB	1	NN	1
flowing	VBG	1
flown	VBN	1
flows	NNS	1
flying	VBG	2
focus	VB	1	NN	1
focused	VBD	2	VBN	2
fold	VB	1
follow	VB	3	VBP	1
followed	VBD	2	VBN	2
following	VBG	11	JJ	1
fool	NN	1
for	IN	236
force	NNP	14	NN	6	VB	1
forced	VBN	3
forces	NNS	10
forces-	NN	1
foreclosure	NN	2
foreclosures	NNS	1
foreign	JJ	4
foreigners	NNS	1
foreseen	VBN	2
forested	JJ	1
forget	VB	1
form	NN	7
formed	VBN	1
former	JJ	3	NNP	1
formerly	RB	1
forms	NNS	1
forth	RB	5
fortitude	NN	1
forward	RB	2
fossil	JJ	1
fosters	NNS	1
fought	VBN	1
found	VBD	11	VBN	2
foundation	NN	1
four	CD	8
fourth	RB	2
fraction	NN	3
frame	NN	2
framework	NNP	1	NN	1
franks	NNP	7
fraud	NN	3
fraudulent	JJ	1
freddie	NNP	7
free	JJ	3	VB	1
freedom	NNP	1
freely	RB	1
frequently	RB	2
friends	NNS	2
from	IN	89
frontier	NN	1
fuel	NN	7
fueled	VBD	1
fuels	NNS	2
full	JJ	10
full-blown	JJ	1
full-time	JJ	1
fully	RB	2
fund	NN	2
fund-raising	NN	1
fundamental	JJ	2
funding	NN	3
funds	NNS	7
further	JJ	7	RB	5	RBR	3	VB	3
future	JJ	11	NN	3
g	SYM	1
gain—without	NN	1
game	NNP	1	NN	1
gaps	NNS	1
gardez	NNP	1
gas	NN	4
gasoline	NN	1
gathered	VBD	1
gauge	VB	1
gave	VBD	2
gears—some	NN	1
geithner	NNP	1
general	NNP	12	JJ	6	NN	3
generally	RB	2
generated	VBD	1
generating	NN	2	VBG	1
generation	NN	14
generators	NNS	14
generous	JJ	1
geographic	JJ	1
george	NNP	4
get	VB	4
getting	VBG	1
giant	NN	1
give	VB	5
given	VBN	10	JJ	1
gives	VBZ	1
global	JJ	7
globalized	JJ	1
globe	NN	1
go	VB	4
goal	NN	6
goals	NNS	9
god	NNP	1
goes	VBZ	1
going	NN	1	VBG	1
gold	NN	1
goldman	NNP	3
goldway	NNP	1
gone	VBN	1
good	JJ	3
gop	NNP	1
got	VBD	1
governance	NN	5
governed	VBN	2
governing	VBG	1
government	NN	30	NNP	4
government-	NN	1
government-sponsored	JJ	1
governmental	NNP	3
governments	NNS	2
governor	NNP	3	NN	1
governors	NNS	11
grant	NN	4	VB	3	VBP	1
granted	VBD	1
grants	VBZ	1	NNS	1
grappling	VBG	1
grasp	NN	1
great	JJ	3	NNP	1
greater	JJR	2	NNP	1
greatest	JJS	3
greed	NN	1
greenhouse	NNP	1	NN	1
greenspan	NNP	1
grew	VBD	2
gripped	VBD	1
gross	JJ	2
ground	NN	6
ground-level	JJ	1
grounded	VBN	1
group	NN	9	NNP	1
groups	NNS	5	NNP	2
grow	VB	1
growing	VBG	1
growth	NN	4
gse	NNP	6
gses	NNP	5
guarantee	NN	2
guaranteed	VBN	2
guard	NN	1
guessed	VBD	1
guidance	NN	2
guide	VB	2
guidelines	NNS	3
gulf	NNP	1
h	NN	4	NNP	2
had	VBD	79
hadley	NNP	2
half	NN	3
halt	NN	1
halted	VBN	1
hamid	NNP	1
hampered	VBN	1
hand	NN	2	VB	1
handed	VBN	1
handle	VB	1
handling	NN	1	VBG	1
hands	NNS	1
hanjour	NNP	1
happen	VB	1
happened	VBD	5	VBN	2
harbor	VBP	2	NN	1
harbored	JJ	2
hard	JJ	2	RB	1
harm	NN	1
harming	VBG	1
has	VBZ	48
have	VBP	43	VB	35
having	VBG	2
havoc	NN	2
haywire	NN	1
hazardous	JJ	2
haze	NN	2
he	PRP	57
head	NN	1
heading	VBG	2
headlined	VBN	1
headquarters	NN	2
heads	VBZ	1
health	NN	15
heard	VBD	1	VBN	1
hearing	NN	3	VBG	1
hearings	NNS	6
heart	NN	1
heat	NN	1
heavily	RB	3
heavy	JJ	2
hectic	JJ	1
hedge	VB	2	NN	1
hefty	JJ	1
heightened	VBD	1
held	VBN	5	VBD	4
helicopter	NN	1
helium	NN	1
help	VB	7
helped	VBD	3	VBN	1
helpful	JJ	2
helping	VBG	2
henry	NNP	1
her	PRP$	3	PRP	1
here	RB	5
hereafter	RB	1
hereby	NN	1
hereto	NN	1
hidden	VBN	1
hidden—in	NN	1
high	JJ	3
high-cost	JJ	1
high-risk	JJ	1
high-speed	JJ	1
higher-cost	JJ	1
highest	JJS	1	RBS	1
highly	RB	2
highway	NN	1
hijacking	VBG	1
hilt	NN	1
him	PRP	4
hinged	JJ	1
his	PRP$	36
history	NN	8
hit	VB	2	VBD	2
hoc	FW	1
hold	VBP	1	VB	1
holding	VBG	1
holdings	NNS	1
holiday	NN	3
home	NN	2	NNP	1
home-	NN	1
homeland	NN	4
homeownership	NN	3	NNP	1
homes	NNS	3
hope	NN	1
hospitalizations	NNS	1
hostilities	NNS	1
hot	JJ	3
hour	NN	2
hours	NNS	1
house	NNP	18
household	NN	3
households	NNS	1
houses	NNS	2
housing	NN	18	NNP	1
how	WRB	16
however	RB	14
hubris	NNS	1
hud	NNP	2
huge	JJ	1
hugh	NNP	1
human	JJ	7
hundred	CD	1
hundreds	NNS	1
hussein	NNP	4
hydropower	NN	1
i	PRP	16	NNP	1
icarus	NNP	1
idea	NN	1
identified	VBN	2	VBD	1
identifiers	NNS	1
identify	VB	3	VBP	1
identity	NN	1
ideological	JJ	1
if	IN	45
ignited	VBD	1
ignorance	NN	1
ignored	VBN	1	VBD	1
ii	NNP	2	NN	1
iii	NNP	2
ill	RB	3
illnesses	NNS	1
imagination	NN	1
imagined	VBD	1
imbedded	NNP	1
immediate	JJ	3	NNP	1
immediately	RB	2
immigration	NN	6	NNP	1
imminent	JJ	1
impacts	NNS	4
impairment	NN	2
impending	JJ	2
implement	VB	3
implementation	NN	1
implemented	VBN	2	VBD	1
implementing	VBG	3
implicate	VB	1
implicated	VBN	1
implications	NNS	1
implicit	JJ	1
imploded	JJ	1
importance	NN	2
important	JJ	13
importantly	RB	1	NNP	1
impose	VB	4
imposes	VBZ	1
imposing	VBG	1
imprisoned	VBN	1
improve	VB	2
improved	VBN	2	VBD	1
improvement	NN	2
improvements	NNS	1
improving	VBG	2
improvised	VBD	1
in	IN	482
inaction	NN	1
inadequate	JJ	1
inadvisable	JJ	1
incentives	NNS	3
incidence	NN	1
inclined	JJ	1
include	VB	7	VBP	3
included	VBD	4	VBN	2
includes	VBZ	2
including	VBG	23
inclusion	NN	1
inconsistent	JJ	2
incorporate	VB	1
incorporated	VBN	1	VBD	1
incorrect	JJ	1
increase	VB	6	NN	2	VBP	1
increased	VBN	3	VBD	2
increases	NNS	1
increasing	VBG	4
increasingly	RB	2
indebted	JJ	1
indeed	RB	2
indefinite	JJ	1
independence	NN	1
independent	JJ	3
independently	RB	2
indicate	VBP	2
indicates	VBZ	2
indices	NNS	1
individual	JJ	10	NNP	2	NN	1
individuals	NNS	9
industrial	JJ	2
industry	NN	23
ineffectively	RB	1
inefficiencies	NNS	2
infinite	NNP	3	NN	1
inflammation	NN	1
influence	VB	1
inform	VB	1
information	NN	52	NNP	2
infrastructure	NN	2
initial	JJ	7
initially	RB	1
initiative	NN	2	NNP	1
initiatives	NNS	2
inject	VB	1
injured	VBN	1
innovate	VB	3
innovation	NN	8	NNP	2
innovations	NNS	8	NNP	3
innovations-some	JJ	1
innovative	JJ	6
input	NN	1
inquiry	NN	6	NNP	1
ins	NNP	2
inserting	VBG	1
inside	IN	2
insight	NN	1
inspector	NN	1
install	VB	3
installation	NN	2
installations	NNS	1
installed	VBN	1
instance	NN	2
instances	NNS	4
instead	RB	1
instinct	NN	1
instincts	NNS	1
institutional	JJ	2
institutions	NNS	26
institutions—unseen	NN	1
instructed	VBD	2
instructions	NNS	1
instruments	NNS	1
insurance	NN	2
insuring	VBG	1
integrate	VB	1
integrated	JJ	1
integration	NN	3	NNP	1
integrity	NN	1
intelligence	NN	16	NNP	2
intended	VBN	3	JJ	1
intense	JJ	1
intensity	NN	1
intention	NN	1
interagency	NN	2
interconnections	NNS	3
interest	NN	9
interest-	NN	1
interested	JJ	8
interests	NNS	2
interfere	VB	1
interference	NN	1
interim	JJ	2
intermediaries	NNP	1	NNS	1
intermediary	JJ	1
internal	JJ	2
international	JJ	6	NNP	1
interstate	JJ	1
intervened	VBD	1
intervention	NN	3
interviewed	VBD	2
interviews	NNS	1
into	IN	33	NNP	2
introduce	VB	6	NNP	3
introduced	VBN	1
introducing	VBG	1
introduction	NN	2	NNP	1
invade	VB	2
invasion	NN	1
invest	VB	1
invested	VBN	1
investigate	VB	1
investigation	NN	2
investigations	NNS	1
investing	VBG	2
investment	NN	7	NNP	1
investments	NNS	4
investors	NNS	17
invitation	NNP	1
involved	VBN	4
involvement	NN	3	NNP	1
involves	VBZ	2
involving	VBG	2
iran	NNP	2
iraq	NNP	34
iraqi	JJ	8
iraqis	NNP	1
irresponsibility	NN	1
irresponsible	JJ	2
irresponsibly	RB	1
is	VBZ	110
islam	NNP	1
islamabad	NNP	1
islamist	NNP	1
issuance	NN	1
issue	NN	7	VB	2
issued	VBD	2	VBN	2
issues	NNS	16
issuing	VBG	1
it	PRP	104
its	PRP$	45
itself	PRP	6
it—as	NNS	1
iv	NNP	2
iv-mail	NNP	1
january	NNP	3
jeffords	NNP	3
jihadists	NNS	1
job	NN	2
jobs	NNS	2
john	NNP	1
join	VB	3
joined	VBN	1	VBD	1
joint	JJ	8	NNP	3
jointly	RB	1
joseph	NNP	1
joshua	NNP	2
journey	NN	1
judgment	NN	1
july	NNP	7
june	NNP	6
just	RB	16
justice	NNP	4	NN	1
justifiably	RB	1
justification	NN	7
justification-are	JJ	1
justify	VB	1
kabul	NNP	1
kandahar	NNP	1
karzai	NNP	1
keenly	RB	1
keep	VB	2
keeping	VBG	1
kept	VBN	1	VBD	1
key	JJ	16	NNP	1
khalilzad	NNP	1
killed	VBN	2
kind	NN	5
kinds	NNS	1
kings	NNS	1
knew	VBD	6
know	VBP	3
knowledge	NN	5
known	VBN	3
kot	NNP	1
l	NNP	1
labeled	VBN	1
labored	JJ	2
lack	NN	6
lacked	VBD	4
laden	JJ	1
ladin	NNP	12
lakes	NNS	1
land	VB	1
landed	VBD	1
landing	NN	1
lapses	NNS	1
large	JJ	11
larger	JJR	2
largest	JJS	2
larrythompson	NNP	1
last	JJ	2
lasting	VBG	1
late	JJ	3	RB	2
later	RB	7
launch	VB	1
law	NN	23
lawfully	RB	1
laws	NNS	3
lax	JJ	1
layer	NN	1
layering	NNP	1
leaches	NNS	1
lead	VB	5	JJ	1	NN	1
leader	NN	2
leaders	NNS	4
leading	VBG	4
leads	VBZ	2	NNS	1
learn	VB	3	VBP	1
learned	VBN	2
least	JJS	3
leaving	VBG	2
led	VBD	4	VBN	2
left	VBD	2
legal	JJ	10	NNP	3
legality	NN	1
legally	RB	2
legislation	NN	9
legislative	JJ	4
lehman	NNP	6
lend	VB	2
lender	NN	1
lenders	NNS	9
lending	NN	8
length	NN	1
less	RBR	7	JJR	3
lesson	NN	1
lessons	NNS	1
let	VBP	1	VBN	1
level	NN	8
levels	NNS	9
leverage	NN	5
liabilities	NNS	1
liability	NN	1
liberated	VBD	1
libya	NNP	1
lieberman	NNP	2
lies	VBZ	2
lieutenants	NNS	1
life	NN	3
light	JJ	1	NN	1
lightly	RB	1
lights	NNS	1
like	IN	5
likely	JJ	6	RB	1
likewise	RB	1
limit	NN	1
limited	JJ	7
limiting	VBG	1
limits	NNS	2	VBZ	1
line	NN	1
lines	NNS	3
line—from	NN	1
linked	VBN	2	VBD	1
links	NNS	3
liquidity	NN	3
list	NN	1
lit	VBD	1
literary	JJ	1
litigation	NN	2
little	JJ	3	RB	2
live	VBP	1	VB	1
loaded	VBN	1
loadings	NNS	1
loads	NNS	1
loan	NN	1
loans	NNS	23	VBZ	1
loans—a	NN	1
loans—had	NN	1
lobbying	VBG	1	NN	1
local	JJ	9
localities	NNS	1
location-not	JJ	1
lodging	VBG	1
lodhi	NNP	1
logistical	JJ	1
logistics	NNS	1
long	JJ	7	RB	2
long-standing	JJ	1
long-term	JJ	1
look	VBP	2	NN	1
looking	VBG	1
losses	NNS	12
losses—amplified	JJ	1
lost	VBD	1	VBN	1
louisiana	NNP	1
low	JJ	4	NNP	1
low-	JJ	1
low-cost	JJ	1
lower	JJR	8	VB	1
lowered	VBN	1
lowest	JJS	1
lsc	NNP	61
lung	NN	1
lynch	NNP	2
m	NNP	5
mac	NNP	4
machinery	NN	2
mact	NNP	2
made	VBN	15	VBD	8
mae	NNP	6
magnified	VBN	2
magnitude	NN	3
mahmud	NNP	2
mail	NN	50	NNP	17	VB	2
mailer	NN	5
mailers	NNS	11	NNP	1
mailers-on	JJ	1
mailing	NN	3	NNP	2
mails	NNS	1
maintain	VB	2
maintained	VBN	3
major	JJ	12
majorities	NNS	1
majority	NN	1
make	VB	18	VBP	2
makers	NNS	4
makers—the	NN	1
making	VBG	12	NN	1
maleeha	NNP	1
malice	NN	1
manage	VB	2
management	NN	9	NNP	1
managers	NNS	1
mandate	NN	2
mandated	VBN	1
mandates	VBZ	2
mandatory	JJ	1
manhattan	NNP	1
manila	NNP	1
manner	NN	12
manual	JJ	1
many	JJ	41
march	NNP	3	NN	1
marginally	RB	1
market	NN	28	NNP	1
market-based	JJ	5
marketed	VBN	1
markets	NNS	25
markets—that	NN	1
market—added	JJ	1
market—for	NN	1
market—meaning	VBG	1
marshals	NNP	1
mass	NN	2
massive	JJ	3
master	NN	1
matched	VBN	1
material	NN	1
materials	NNS	1
mathematical	JJ	1
matter	NN	9	NNP	1
matters	NNS	2
maximum	NNP	1	NN	1
may	MD	33	NNP	4
mazar-e-	NNP	1
mc	NNP	13
me	PRP	3
mean	VB	1
meaning	VBG	1
meaningful	JJ	2
means	NNS	3	VBZ	1
meant	VBN	2	VBD	1
measure	NN	4
measures	NNS	7
mechanism	NN	5
mechanisms	NNS	1
media	NNS	1
medical	JJ	1
meet	VB	15
meeting	NN	17
meetings	NNS	3
meltdown	NN	2
meltdowns	NNS	1
members	NNS	4
memo	NN	5
memorandum	NNP	2
memory	NN	1
mentioned	VBD	1
mercury	NN	20	NNP	1
mercury-contaminated	JJ	1
merely	RB	1
merit	VBP	1	VB	1
merrill	NNP	2
message	NN	4
met	VBN	5	VBD	5
methods	NNS	4
middle	NNP	1	NN	1
might	MD	13
military	JJ	20	NN	4	NNP	1
militias	NNS	1
million	CD	6
millions	NNS	3
mind-set	NN	1
mineta	NNP	1
minimization	NN	1
minimum	JJ	1
minister	NNP	1
minor	JJ	2	NNP	1
misdeeds	NNS	1
misjudgments	NNS	1
miss	VB	1
missing	VBG	3
mission	NN	4
missions	NNS	1
mistakes	NNS	1
misunderstood	VBN	1
mitigating	JJ	1
mix	NN	1
mobile	JJ	1
model	NN	2	NNP	1
modeled	VBN	1
modeling	NN	2	NNP	1
models	NNS	3
modest	JJ	1
modestly	RB	1
modification	NN	1
modifications	NNS	1
modified	VBN	1
modify	VB	1
modifying	VBG	1
mohammed	NNP	1
moment	NN	1
monday	NNP	2
monetary	JJ	2
money	NN	3
monitor	VB	2	VBP	1
monitoring	NN	2	VBG	1
monitors	NNS	1
month	NN	3
months	NNS	4
mood	NN	1
moody	NNP	4
more	JJR	20	RBR	16
morgan	NNP	1
morning	NN	6
mortal	NN	1
mortality	NN	1
mortgage	NN	32	VB	1
mortgage-	NN	1
mortgage-backed	JJ	3
mortgage-lending	JJ	3
mortgage-related	JJ	12
mortgages	NNS	19
mortgages—	NN	1
most	RBS	10	JJS	3
mother	NNP	1
motion	NN	1
motorcade	NN	1
mountainous	JJ	2
mounting	VBG	2
moussaoui	NNP	2
moussaoui-were	NNP	1
move	VB	2
movement	NN	1
moves	NNS	1
much	JJ	16	RB	3
mueller	NNP	3
mullah	NNP	1
multi-pollutant	JJ	2
multi-year	JJ	2
multiple	JJ	3
multitrillion-dollar	JJ	1
musharraf	NNP	3
muslim	NNP	1
muslims	NNPS	2
must	MD	13
mutual	JJ	3	NNP	1
mutually	RB	2
my	PRP$	2
myers	NNP	3
myths	NNS	1
n	NNP	1
name	NN	1
named	VBN	1
names	NNS	1
narrowly	RB	1
nation	NN	23	NNP	4
national	JJ	14	NNP	9
nationally	RB	1
nationals	NNS	9	NNP	1
nato	NNP	1
natural	JJ	2
naturalization	NNP	1
nature	NN	7	NNP	5
near	IN	2
near-coastal	JJ	1
nearly	RB	6
neatly	RB	1
nebraska	NNP	1
necessary	JJ	15
need	VB	8	NN	7	VBP	2
needed	VBN	6	VBD	1
needing	VBG	1
needs	NNS	7	VBZ	3
negative	JJ	1
neglected	VBD	1
negotiate	VB	4
negotiated	VBN	10	NNP	8
negotiating	VBG	2
negotiation	NN	1
neighborhoods	NNS	5
neighboring	VBG	1
neill	NNP	1
neither	DT	5
nep	NNP	3
network	NN	1
networks	NNS	2
neurodevelopmental	NN	1
neutral	JJ	1
never	RB	6
new	JJ	47	NNP	8
newfangled	JJ	1
newly	RB	3
newly-created	JJ	1
next	JJ	9
niche	NN	6	NNP	2
night	NN	1
nitrate	NN	1
nitrogen	NN	4
no	DT	30	UH	21
no-documentation	JJ	1
no-fly	JJ	1
non-	NN	3
non-attainment	JJ	1
nonattainment	NN	1
none	NN	3
nonemergency	NN	1
nonetheless	RB	2
nonletter-size	JJ	1
nonpermanent	NN	1
nonpostal	NN	1
nor	CC	7
normal	JJ	1
norman	NNP	1
northern	JJ	2
not	RB	134
note	NN	1
noted	VBD	3	VBN	1
notes	NNS	2
nothing	NN	1
notice	NN	7	NNP	2
notification	NNP	1
notified	VBN	1
notifies	VBZ	1
notify	VB	7
noting	VBG	2
notion	NN	1
notional	NN	1
notions	NNS	1
notwithstanding	IN	1
november	NNP	4
now	RB	13
nox	NNP	28
nsa	NNP	1
nsas	NNP	2
nsc	NNP	6
number	NN	11
numerous	JJ	1
nutrients	NNS	1
o	NNP	2
objections	NNS	2
objective	NN	1
objectives	NNS	3
obligated	VBN	3
obligation	NN	2
obligations	NNS	8
observation	NN	1
observations	NNS	1
observed	VBN	2
obsolete	JJ	1
obstacles	NNS	1
obtain	VB	3
obtained	VBN	2
obtaining	VBG	2
obviate	VB	1
occupant-	NN	1
occupying	VBG	1
occur	VB	2
occurred	VBN	3	VBD	2
occurrence	NN	1
oce	NNP	28
october	NNP	4
odds	NNS	2
of	IN	842
off	RP	5	IN	1
off-balance-	JJ	1
off-balance-sheet	JJ	1
off-line	JJ	2
off-load	JJ	1
off-the-shelf	JJ	1
offer	VB	1
offered	VBN	2	VBD	2
offers	NNS	1
office	NNP	9	NN	4
officer	NN	4
offices	NNS	1
officially	RB	1
officials	NNS	3
offutt	NNP	2
often	RB	11
oig	NNP	1
oil	NN	1
old	JJ	2
omar	NNP	2
omas	NNP	1
on	IN	215	RB	1
on-site	JJ	2
once	RB	2
one	CD	37	PRP	3	NN	1
one-at-a-time	JJ	1
one-quarter	NN	1
ones	NNS	1
ongoing	JJ	3
online	NNP	2
only	RB	12	JJ	1
opened	VBN	1
operate	VB	2
operating	VBG	1
operation	NN	3
operational	JJ	3
operations	NNS	13	NNP	3
operatives	NNS	2
operators	NNS	1
opinion	NNP	4
opp	NNP	4
opportunities	NNS	4
opportunity	NN	10
oppose	VBP	2	VB	1
opposed	VBN	1
opposes	VBZ	2
optimal	NN	1
optimizing	VBG	1
option	NN	2
options	NNS	7
or	CC	141	NNP	2
oral	JJ	1
orally	RB	2
order	NN	3	NNP	1
ordered	VBD	5
organization	NN	3
organizations	NNS	1
organizing	NNP	1
original	JJ	1
originally	RB	2
originated	VBN	1
originating	VBG	1
originators	NNS	2
otc	NNP	3
other	JJ	73
others	NNS	4
otherwise	RB	3
our	PRP$	73
ours	NNP	1
out	IN	15	RP	10
outdated	JJ	2
outlets	NNS	1
outline	VB	1
outlined	VBD	1
outlines	VBZ	1
output	NN	1
outset	NN	1
outside	IN	2
outstanding	JJ	1
over	IN	23	RP	1
over-the-counter	JJ	4
overall	JJ	4
overarching	VBG	1
overflight	NN	1
overnight	JJ	3
overruled	VBD	1
oversaw	VBD	1
oversee	VB	1
overseeing	VBG	1
oversight	NN	5
oversight—spending	VBG	1
overwhelming	JJ	1
own	JJ	10
owned	VBD	1
ownership	NN	1
oxide	NN	1
oxides	NNS	1
ozone	NN	6
p	NN	1
pa	NNP	1
package	NN	5	VB	1
packaged	VBN	2
packaging	NN	1
page	NNP	2
paid	VBN	2	VBD	1
painful	JJ	1
painted	VBN	1
pakistan	NNP	15
pakistani	JJ	2	NNP	1
palestinian	JJ	1
panel	NN	1
panic	NN	5
panics	NNS	1
paper	NN	5
papers	NNS	1
paramount	JJ	1
paraphrase	VBP	1
parcel	NNP	1
parents	NNS	1
paring	VBG	1
parks	NNS	1
part	NN	8	NNP	1
participants	NNS	3
participate	VB	1
participated	VBD	2
participation	NN	4
particle	NN	3
particles	NNS	2
particular	JJ	9
particularly	RB	4
particulate	NN	1
parties	NNS	6
partly	RB	1
partnership	NNP	1
partnerships	NNS	1
parts	NNS	2	NNP	1
party	NN	3
pashtun	NNP	1
pass	VB	1
passage	NN	2
passed	VBD	2
passengers	NNS	4
passing	VBG	1
past	JJ	8
path	NN	2
patriot	NNP	2
patrons	NNS	1
paul	NNP	3
paul-	NNP	1
paulson	NNP	1
pay	VB	3
payments	NNS	3
payoff	NN	1
peak	NN	2
peaked	VBD	1
peaking	VBG	2
pending	VBG	2
penetration	NN	1
pennsylvania	NNP	1
pentagon	NNP	7
people	NNS	8
per	IN	1
perceived	VBN	1
percent	NN	3
percentage	NN	3
perform	VB	2
performance	NN	4	NNP	3
performed	VBN	2
perhaps	RB	2
period	NN	5
periodicals	NNP	2	NNS	1
periods	NNS	4
permanent	JJ	3
permissible	JJ	4
permissiveness	NNS	1
permitted	VBD	3
perpetrated	VBN	1
perpetrators	NNS	1
person	NN	1
personal	JJ	1
personally	RB	1
personnel	NNS	4
persons	NNS	5
perspective	NN	1
peru	NNP	1
pervasive	JJ	1
petition	NN	3	VB	1
petitioned	VBD	2
petitioning	VBG	3
petitions	NNS	4
phase	NN	8	NNP	1
phased	VBN	1
phases	NNS	1
philosophy	NN	1
phones	NNS	1
photofinishers	NNS	1
pick	VB	1
piece	NN	1
pieces	NNS	1
pilot	NN	1
piloting	VBG	1
pilots	NNS	1
pin	VB	1
pipeline	NN	6
pivotal	JJ	1
place	NN	8	VB	2
placed	VBN	1
places	VBZ	1
plagued	VBN	1
plan	NN	16	NNP	3	VB	1
plane	NN	1
planned	VBN	2
planners	NNS	1
planning	NN	5	NNP	1
plans	NNS	11	VBZ	1
plant	NN	7
plants	NNS	6
play	VB	2
played	VBD	2
please	VB	1
plenary	JJ	1
plot	NN	2	VB	1
plummeted	VBD	1
plunged	VBD	1
plus	CC	2
pm	NNP	1
point	NN	5	VBP	1
pointed	VBD	3
pointing	VBG	1
points	NNS	3
police	VB	1	NN	1
policies	NNS	7
policies—	NN	1
policy	NN	15	NNP	1
polish	JJ	1
political	JJ	7
political-	NNP	1
pollutant	NN	1
pollutants	NNS	5
pollution	NN	5
poorly	RB	1
popped	JJ	1
populations	NNS	1
port	NN	1
portion	NN	1
ports	NNS	1
pose	VB	1
posed	VBN	1	VBD	1
position	NN	6
positioned	VBN	1
positions	NNS	2
possibilities	NNS	2
possible	JJ	9
possibly	RB	1
post	NN	2	NNP	1
postage	NN	3
postal	NNP	119	JJ	20
postmaster	NNP	1
posts	NNS	1
potential	JJ	9	NN	1
potentially	RB	1
pounds	NNS	2
powell	NNP	13
power	NN	40	VB	1
powerful	JJ	2
powers	NNS	2
practical	JJ	3
practice	NN	4
practices	NNS	6
prague	NNP	1
praise	NN	1
praised	VBD	1
prc	NNP	8
pre-	NN	2
pre-existing	JJ	2
precautions	NNS	1
preceded	VBN	1
precipitate	NN	1
preclude	VB	1
predatory	NN	2
predicament	NN	1
predict	VB	1
predictable	JJ	1
predictors	NNS	1
preempted	JJ	1
preferable	JJ	1
preferences	NNS	1
preferred	JJ	1
pregnant	JJ	1
preliminary	JJ	2
premature	JJ	1
premiums	NNS	1
preparation	NN	2
preparations	NNS	1
prepare	VB	2
prepared	VBN	4	VBD	1
preparedness	NN	1
prerequisites	NNS	1
prescribe	VBP	1	VB	1
prescribed	VBN	2
present	JJ	4	VB	1
presented	VBN	1
preservation	NN	2
president	NNP	105	NN	1
presidential	JJ	3	NNP	1
presidents	NNPS	3	NNP	1
presort	NN	2
presorted	NNP	1	JJ	1
presorting	VBG	1
press	VB	1	NN	1
pressure	NN	2
prevalent	JJ	1
prevent	VB	6
prevented	VBD	1
preventing	NNP	1
prevention	NN	1
previously	RB	1
price	NN	3
prices	NNS	6
prides	NNS	1
primary	JJ	3
prime	NNP	1	JJ	1
principal	JJ	4
principals	NNS	6	NNP	1
principle	NN	1
principles	NNP	1	NNS	1
print	VB	1
printing	NN	2
prior	RB	4	JJ	1
priority	NNP	6	NN	6
private	JJ	1
private-sector	JJ	1
privately	RB	1
privilege	NN	14	NNP	1
privileged	JJ	10	NNP	1
probable	JJ	1
probed	JJ	1
problem	NN	5
problematic	JJ	1
problematical	JJ	2	NNP	1
problems	NNS	13	NNP	1
procedural	JJ	17	NNP	4
procedure	NN	4
procedures	NNS	11	NNP	3
proceed	VB	4
proceeding	VBG	3	NN	2
proceedings	NNS	7
proceeds	VBZ	1
process	NN	13
processing	NN	3
produce	VB	2	VBP	1
produced	VBN	1	VBD	1
product	NN	3	NNP	2
production	NN	1
productive	JJ	1
products	NNS	11	NNPS	1
professional	JJ	13	NNP	1
profits	NNS	7
profound	JJ	2
program	NN	33	NNP	2
program-related	JJ	1
programs	NNS	14	NNP	12
progress	NN	4
prohibition	NN	2
prohibits	VBZ	1
projected	VBN	1
projections	NNS	1
promised	VBD	1
promote	VB	2
promoted	VBN	1
prompt	VB	1
promptly	RB	1
promulgated	VBD	1
propelled	VBD	1
proper	JJ	1
proponent	NN	1
proportions	NNS	1
proposal	NN	16
proposals	NNS	9
propose	VB	3
proposed	VBN	19	JJ	7	VBD	4	NNP	3
proposes	VBZ	1
prosecuting	VBG	1
prospects	NNS	1
prospectuses	NNS	1
prosperity	NN	2
protect	VB	8	VBP	1
protected	VBN	8
protecting	VBG	1
protection	NN	8
protections	NNS	1
protections—	NN	1
protection—to	NN	1
protects	VBZ	2
protocol	NNP	2
protracted	JJ	1
proud	JJ	1
proved	VBD	1
proven	VBN	3
provide	VB	29	VBP	3	NNP	2
provided	VBN	12	VBD	4
providers	NNS	1
provides	VBZ	8
providing	VBG	6
provinces	NNS	1
provision	NN	6
provisional	JJ	2
provisions	NNS	21
proxy	NN	1
prudent	JJ	2
psalm	NNP	1
pub	NNP	1
public	JJ	25	NN	4
publication	NN	2
publicly	RB	3
published	VBN	1
publishers	NNPS	1
punish	VB	3
purchase	VB	1	NN	1
purchased	VBN	1	VBD	1
purchases	NNS	3
purchasing	VBG	1
purpose	NN	7	NNP	2
pursue	VB	4
pursued	VBN	1
pursuing	VBG	2	NNP	1
pushed	VBN	1
pushing	VBG	1
put	VB	6	VBN	3	VBD	1
puts	VBZ	1
qaeda	NNP	37
qualifications	NNS	1
quality	NN	4	NNP	1
quantity	NN	1
quarrel	VB	1
quarter	NN	2
quarters	NNS	1
quell	VB	1
quest	NN	1
question	NN	4	VB	1	NNP	1
questions	NNS	6
quick	JJ	1
quickly	RB	4
quo	NN	1
quoted	VBD	1
r	NN	10	NNP	1
race	NN	2
radical	JJ	1
raids	NNS	1
rain	NN	14
raised	VBD	2	VBN	1
ramifications	NNS	1
ramp	VB	2
ramzi	NNP	1
range	NN	7
rapidly	RB	2
rate	NNP	28	NN	22
rate-and-service	JJ	2
rated	VBN	4	VBD	1
ratemaking	NNP	3	VBG	2
rates	NNS	23
rates-unaccompanied	JJ	2
rather	RB	8
rating	NN	7
ratings	NNS	2
ratio	NN	1
rationale	NN	1
ratios	NNS	1
reach	VB	1	NN	1
reached	VBD	1
reaching	VBG	3
reaction	NN	1
read	VB	5	VBP	1
readiness	NN	1
ready	JJ	1
real	JJ	7
realities	NNS	1
reality	NN	1
realized	VBD	3
really	RB	2
reaped	VBN	1
reasonable	JJ	10
reasons	NNS	6
rebuild	VB	1
recalled	VBD	7
recalls	VBZ	1
recapitulated	JJ	1
receipt	NN	2
received	VBD	3
receiving	VBG	1
recent	JJ	3
recently	RB	3
recession	NN	2
recipient	NN	21	JJ	9	NNP	1
recipients	NNS	19	NNP	3
recklessly	RB	1
recognize	VB	2
recognized	VBN	5
recognizes	VBZ	1
recognizing	VBG	3	NNP	1
recollection	NN	1
recommend	VB	2
recommendation	NN	7
recommendations	NNS	5
recommended	NNP	4	VBD	4	JJ	3	VBN	2
reconfigure	NN	1
reconsideration	NN	2
record	NN	5	VB	1
records	NNS	23	NNPS	3
recover	VB	3
recruits	VBZ	1
red	JJ	1
redlining	VBG	1
reduce	VB	17	VBP	2
reduced	VBN	6
reduces	VBZ	1
reducing	VBG	5
reduction	NN	11
reductions	NNS	29
reenacted	JJ	1
reference	NN	1
referenced	JJ	3
references	NNS	2
referred	VBN	1
refine	VB	1
refined	VBN	1
refining	VBG	1
reflected	VBD	1
reflects	VBZ	1
reform	NNP	3
refrain	NN	1
refueling	VBG	1
refuge	NN	1
refused	VBD	1
reg	NNP	2
regain	VB	1
regard	NN	4
regarding	VBG	11
regardless	RB	1
regime	NN	5
regimes	NNS	1
region	NN	2
regional	JJ	4	NNP	1
regions	NNS	1
regular	JJ	1
regularly	RB	1
regulated	VBN	1
regulation	NN	9
regulations	NNS	11	NNPS	3
regulations—to	NN	1
regulation—too	NN	1
regulators	NNS	15
regulatory	JJ	16
rein	VB	2
reining	VBG	1
reinvestment	NNP	1
reiterate	NN	1
reiterated	VBD	1
rejected	VBD	1
related	VBN	2	VBD	1
relations	NNPS	1	NNS	1
relatively	RB	5
relaxed	VBD	1
released	VBN	1
relentless	JJ	1
relevant	JJ	3
reliability	NN	3	NNP	1
reliable	JJ	2
reliably	RB	1
reliance	NN	1
relied	VBN	2
relief	NN	1
religion	NN	1
reluctance	NN	2
reluctantly	RB	1
rely	VB	1
relying	VBG	1
remaining	VBG	1
remanded	VBD	1
remarkable	JJ	1
remarks	NNS	1
remembered	VBD	1
removal	NN	2
render	VB	1
rendering	VBG	1
renewed	VBN	3	VBD	2
reoccurrence	NN	1
reopened	VBD	4
reopening	NNP	1	VBG	1
reorganization	NNP	15
rep	NNP	1
repackaged	VBN	1
repackaging	VBG	1
repealed	VBN	1
replace	VB	1
replaced	VBD	1
replacing	VBG	1
replete	JJ	1
replied	VBD	1
reply	NNP	1	NN	1
repo	NN	2
report	NN	30	NNP	7	VB	2
reported	VBD	1	VBN	1
reportedly	RB	1
reporting	VBG	4
reports	NNS	7
reports—reports	NNS	1
represent	VB	1
representative	NN	1
representatives	NNPS	1	NNS	1
represented	VBD	2
represents	VBZ	1
reputational	NN	1
request	NN	27	NNP	5	VB	4
requested	VBN	2	JJ	1
requests	NNS	9
require	VB	2	VBP	1
required	VBN	18	VBD	1
requirement	NN	3
requirements	NNS	30
requires	VBZ	4
requiring	VBG	3	NNP	1
rescue	VB	2
research	NN	2	NNP	1
researched	VBN	1
resemblance	NN	1
resented	VBD	1
reserve	NNP	14
reserves	NNS	1
residential	JJ	1
residents	NNS	1
resolution	NN	2
resolutions	NNS	1
resolve	VB	2	NNP	2
resolved	VBN	2
resort	NN	1
resources	NNS	7
respect	NN	8
respectfully	NNP	1
respective	JJ	1
respects	NNS	2
respiratory	JJ	3
respond	VB	3
responded	VBN	1
responding	VBG	4
response	NN	7
responses	NNS	3	NNP	1
responsibilities	NNS	8
responsibility	NN	21	NNP	1
responsible	JJ	7
restore	VB	1
restoring	NNP	1
restricted	JJ	1
restriction	NN	1
restrictions	NNS	1
result	VB	5	NN	3
resulted	VBD	4
resulting	VBG	1
results	NNS	3
retail	VB	2
retainer	NN	1
retaining	VBG	1
retirement	NN	2
retrofit	NNP	2
retrofits	NNS	1
return	VB	2	VBP	1	NN	1
returned	VBD	2	VBN	1
returning	VBG	1
revealed	VBD	1
revelation	NN	1
revenue	NN	2
review	NN	18	VB	6	NNP	2
reviewed	VBN	5	VBD	4	NNP	2
reviewing	VBG	2
reviews	NNS	1
revised	VBN	3
revisit	VB	1
rewarded	VBN	1
rewrite	VB	1
rewritten	VBN	1
rice	NNP	11
richard	NNP	2
ride-	NNP	1
ride-along	JJ	2
ridge-in	NNP	1
right	JJ	1	NN	1
rights	NNS	9
rise	NN	2
rising	VBG	2
risk	NN	16	VB	1
risk-taking	NN	1
riskier	JJR	3
riskiest	JJS	1
risks	NNS	9
risky	JJ	12
rivaled	JJ	1
rm	NNP	3
road	NN	2
robert	NNP	1
robust	JJ	2
rocky	JJ	1
role	NN	7
roles	NNS	1
room	NNP	2	NN	2
roost	VB	1
rose	VBD	2
round	NN	1
rounds	NNS	1
route	NN	1
ruin	VB	1
rule	NN	3
rulemaking	VBG	7	NNP	1
rulemakings	NNS	1
rules	NNS	45	NNPS	2
rulings	NNS	2
rumsfeld	NNP	14
rumsfeld-argued	NNP	1
run	VB	5
run-up	NN	1
runaway	JJ	1
rush	NN	1
russia	NNP	2
ruth	NNP	1
s	NNP	46	VBZ	43
sachs	NNP	2
saddam	NNP	8
safe	JJ	1	NN	1
safeguard	VB	1
safeguards	NNS	2
safety	NN	2
said	VBD	28	VBN	1
same	JJ	24
sampled	JJ	1	VBN	1
sanction	NN	1
sanctuary	NN	3
satisfactory	JJ	3
satisfied	VBN	3
saudi	NNP	10	JJ	2
saudis	NNPS	1
save	VB	3
savings	NNS	5
saw	VBD	5
saying	VBG	2
scant	JJ	1
schedule	NN	5	NNP	4
scheduled	VBN	1
schedules	NNS	1
scheduling	NN	2
scheme	NN	4
school	NN	1
science	NN	2
scientific	JJ	1
scope	NN	4	NNP	1
scores--scores	JJ	1
scouted	JJ	1
scrambled	VBD	1
screen	VB	1	NN	1
screening	NN	1
scrubber	NN	2
scrutiny	NN	3
seal	NN	1
search-and-rescue	JJ	1
season	NN	2
seasonal	NNP	1
sec	NNP	1
second	JJ	6	RB	1
second-guessing	NN	1
secret	NNP	6	JJ	2
secretary	NNP	22	NN	3
section	NN	26
sections	NNS	6	NNP	1
sector	NN	10
secularism	NN	1
secure	JJ	1
secured	VBN	1
secured-after	JJ	1
securities	NNS	34	NNPS	2
securitization	NN	6
securitized	JJ	2
security	NN	14	NNP	7
see	VB	14	VBP	1
seeing	VBG	1
seek	VB	4
seeking	VBG	3
seems	VBZ	2
seen	VBN	3
seismic	JJ	1
seize	VB	2
self-	NN	1
self-defense	JJ	1
self-preservation	JJ	1
self-regulation	NN	1
sell	VB	2
selling	VBG	2
senate	NNP	5
senator	NNP	1
senators	NNP	2
send	VB	1
senior	JJ	5
sensibilities	NNS	1
sent	VBD	1
sentries	NNS	1
separate	JJ	1
september	NNP	36
seq	NN	1
sequential	NN	1
sequestering	NN	1
sequestration	NN	2
series	NN	3
serious	JJ	4
seriously	RB	2
serve	VB	2	VBP	1
service	NNP	119	NN	46
service-	NNP	2
services	NNS	30	NNP	1	NNPS	1
serving	VBG	1
sess	NNP	1
session	NN	5
set	NN	8	VBN	3	VBD	3	VB	2
sets	NNS	4
setting	VBG	2	NN	1
settlement	NN	3	NNP	2
seven	CD	2
several	JJ	10
shadow	NN	3
shah-i-	NNP	1
shakespeare	NNP	1
shall	MD	15
shape	NN	1
shaping	VBG	1
share	NN	6	VBP	1	VB	1
shared	VBN	3
sharif	NNP	1
sharing	VBG	1	NN	1
sharp	JJ	2
she	PRP	2
sheet	NN	1
sheets	NNS	1
shelton	NNP	5
shield	VB	1
shift	NN	1
shifting	VBG	1
shipments	NNS	2
shocked	VBN	1
shook	VBD	1
short	JJ	2
short-	NN	1
short-term	JJ	6
shortages	NNS	2
shortly	RB	3
should	MD	32
show	VB	2	NN	1
shown	VBN	1
shows	VBZ	2	NNS	1
shut	VBD	1
sight	NN	1
signed	VBN	3
significance	NN	2
significant	JJ	33
significantly	RB	13
signs	NNS	2
similar	JJ	5
similarly	RB	2
simple	JJ	1
simplifies	NNS	1
simplify	VB	1
simplistic	JJ	1
simply	RB	4
simultaneously	RB	1
since	IN	9
single-piece	NNP	1
sip	NNP	6
sites	NNS	1
situation	NNP	2	NN	1
six	CD	3
size	NN	3
skin	NN	1
slightly	RB	1
slipped	VBN	1
slow	VB	1
small	JJ	10
smaller	JJR	1
smarter	RBR	1
smith	NNP	2
so	NNP	21	RB	17	IN	4
so-called	JJ	1
so2	NNP	4
soar	VB	1
soared	VBD	1
societal	NN	1
soho	NNP	1
soil	NN	1
sold	VBD	6	VBN	2
soldiers	NNS	2
solely	RB	1
solicited	VBD	2
solutions	NNS	1
somalia	NNP	1
somber	JJ	1
some	DT	31
someone	NN	2
sometime	RB	1
son	NN	1
soon	RB	5
sooner	RBR	1
sophistication	NN	1
sorting	VBG	1
sought	VBN	6
sound	NN	1
soundness	NN	5
source	NN	7	NNP	2
source-specific	JJ	4
sources	NNS	14
south	RB	1
southern	JJ	1
sown	NN	1
spark	NN	1
spawned	VBD	1
speak	VB	1
special	JJ	15
special-	NNP	1
special-purpose	NNP	1
specialized	JJ	4	NNP	2
species	NNS	1
specific	JJ	15
specifically	RB	3
specified	VBN	1	VBD	1
specifies	VBZ	1
specify	VB	3
speculate	VB	1
speculating	NNP	1
speculation	NN	1
speculative	JJ	1
speculators	NNS	1
speech	NN	1
speed	NN	2
spend	VB	1
spends	VBZ	1
spent	VBD	1
spiraled	VBD	1
spoken	VBN	1
sponsored	VBD	1
spot	NN	1
spots	NNS	2
spread	VB	1	NN	1	VBN	1	VBD	1
spree	NN	1
spring	NN	2
squared	VBD	1
sr	NNP	1
st-century	JJ	1
stability	NN	3
stabilize	VB	3
staff	NN	5	NNP	4
staffer	NN	1
stages	NNS	1
stagnant	JJ	1
staid	JJ	1
stake	NN	1
stakeholders	NNS	1
stamp	NN	1
stamps	NNS	1
stance	NN	1
stanch	VB	1
standard	NNP	2	JJ	2
standards	NNS	18	NNP	2
standing	NN	1
stands	VBZ	1
stanley—were	NNP	1
stark	JJ	1
stars	NNS	1
start	NN	1
starts	VBZ	1
stat	NNP	1
state	NNP	13	NN	13
state-of-the-art	JJ	1
stated	VBN	1
statement	NN	5
states	NNPS	48	NNS	22	VBZ	1
status	NN	1
statutes	NNS	1
statutory	JJ	7	NNP	2
stay	VB	1
steady	JJ	1
steam	NN	1
stearns	NNP	6
stem	VB	1
step	NN	4
stephen	NNP	1
steps	NNS	1
stewards	NNS	1
stifle	VB	1
still	RB	14
still-smoldering	JJ	1
stimulates	NNS	1
sting	NN	1
stipulation	NNP	2
stock	NN	3
stood	VBD	1
stop	VB	3
stopped	VBD	2	VBN	1
storm	NN	1
straightforward	JJ	1
stranded	VBN	1
stranding	VBG	1
strategic	JJ	3
strategies	NNS	3
strategy	NN	3	NNP	1
streamline	VB	2
streams	NNS	1
street	NNP	5	NN	1
streets	NNS	1
strength	NN	2
stressed	VBD	1
stretched	VBN	1
strides	NNS	1
strike	NN	2	VB	1
strikes	NNS	3
striking	JJ	3	VBG	1
string	NN	1
stripped	VBN	1
strive	VBP	1
strong	JJ	1
strongest	JJS	1
strongly	RB	3
struck	VBN	2
structural	JJ	1
structured	VBN	1
struggle	NN	1
studied	VBD	1
study	NN	3
stumble	NN	1
stunning	JJ	1
subclass	NNS	1
subclasses	NNS	1
subject	JJ	6	NNP	1	NN	1
subjected	VBN	1
submit	VB	2
submits	VBZ	1
submitted	VBN	2	NNP	1
subpart	NNP	2
subprime	NN	9
subsequent	JJ	3
subsequently	RB	1
subset	NN	1
subsidies	NNS	1
substantial	JJ	4
substantially	RB	4
substantive	JJ	4
success	NN	3
successes	NNS	1
successful	JJ	3
successive	JJ	1
such	JJ	52	PDT	3
sudan	NNP	1
suffer	VB	1
suffered	VBD	1	VBN	1
sufficiency	NN	1
sufficient	JJ	1
sufficiently	RB	1
suggest	VB	1
suggested	VBD	1
suggests	VBZ	1
suicide	NN	2
suited	VBN	1
suites	NNS	1
sulfate	NN	1
sulfur	NN	4
summarizes	NNS	2
summary	NNP	1	NN	1
summer	NN	4
sun	NN	1
sunday	NNP	1
super-safe	JJ	1
super-senior	JJ	1
superiors	NNS	1
supervision	NNP	1	NN	1
supervisor	NN	1
supp	NNP	1
supplement	VB	1
supplies	NNS	3
supply	NN	2
support	NN	11	VB	4	VBP	1
supported	VBN	2
supporting	VBG	5
supports	VBZ	2
supposedly	RB	1
supra	NN	1
sure	JJ	2
surfaced	VBD	1
surprise	VB	1	NN	1
surprised	VBN	1
surrender	VB	1
surrounding	VBG	1
survey	NN	1
suspension	NN	2
suspicious	JJ	1
sustained	JJ	1	VBN	1
swaps	NNS	1
swept	VBD	1
swiftly	RB	1
switch	VB	1
switching	NN	1
sympathy	NN	1
symptoms	NNS	3
synthetic	JJ	7	NNP	1
system	NN	47
systemic	JJ	2
systemically	RB	5
systems	NNS	3
systems—designed	JJ	1
system—opaque	NN	1
t	NN	2
table	NN	1
tackle	VB	1
tackling	VBG	1
tailored	VBN	3
take	VB	11	VBP	3
taken	VBN	10
takeover	NN	1
taking	VBG	4
taliban	NNP	24
talk	NN	1
talked	VBN	1
tangle	NN	1
taped	VBN	1
target	NNP	4	VB	1
targeted	VBN	1
targets	NNS	3
task	NN	6	NNP	1
tasked	JJ	4
tasking	VBG	1
tasks	NNS	1
taxpayer	NN	2
teams	NNS	3
technological	JJ	2
technologies	NNS	5
technology	NN	6	NNP	5
teleconference	NN	1
teleconferences	NNS	1
tell	VB	1
telling	VBG	2
temporary	JJ	1
tempted	VBN	1
ten-cent	JJ	2
tenet	NNP	5
tens	NNS	2
term	NN	2
terminated	VBD	1
termination	NN	2
terms	NNS	9
terrible	JJ	1
territorial	NN	1
territory	NN	1
terror	NN	1
terrorism	NN	13
terrorist	JJ	15	NNP	1
terrorists	NNS	9
test	NN	11
testified	VBD	1
testimony	NN	5
testing	VBG	1
tests	NNS	1
text	NN	1
th-century	JJ	1
than	IN	36
thank	VBP	1
that	IN	188	WDT	93	DT	33	RB	1
the	DT	1703
theater	NN	1
their	PRP$	71
theirs	NNP	1
them	PRP	32
themselves	PRP	3
them—will	NN	1
then	RB	13
theories	NNS	1
there	EX	27	RB	1	NNP	1
thereafter	RB	5
therefore	RB	7
these	DT	64	NNP	1
thetaliban	NN	3
they	PRP	82
thin	JJ	1
things	NNS	1
think	VB	1
thinking	VBG	3	NN	1
third	JJ	2	NNP	1
this	DT	124	NNP	2
thorough	JJ	1
thoroughly	RB	1
those	DT	30
though	IN	4
thought	VBD	5	NN	1	VBN	1
thoughts	NNS	1
thousands	NNS	1
threat	NN	9	NNP	1
threaten	VB	2
threats	NNS	1
three	CD	15
three-week	JJ	1
three-year	JJ	2
thrift	NNP	1
through	IN	25
throughout	IN	6
thursday	NNP	1
thus	RB	5
thwart	VB	1
tied	VBN	1
tier	NNP	1
time	NN	26	NNP	3	VB	1
time-consuming	JJ	1
time-not	JJ	1
timeframes	NNS	2
timeline	NN	1
timely	JJ	1
times	NNS	5
timing	NN	3
timothy	NNP	1
title	NNP	10	NN	7
titled	VBN	4
to	TO	811
today	NN	2
together	RB	6
told	VBD	17	VBN	1
tom	NNP	1
tommy	NNP	2
ton	NN	1
tone	NNP	1
tonight	RB	1
tons	NNS	1
tony	NNP	1
too	RB	22
took	VBD	9
tool	NN	1
tools	NNS	1
top	JJ	4	NN	3
topic	NN	1
topics	NNS	1
topple	VB	1
tora	NNP	1
total	JJ	2
toward	IN	4
towards	IN	2	NNP	1
toxic	JJ	4
track	VB	1
tracking	VBG	1
trade	NN	15	VB	1	NNP	1
traded	VBN	2
trading	NN	9
tradition	NN	1
traditional	JJ	2
tragedy	NN	2
tragically	RB	1
train	NN	1
training	NN	2
transactions	NNS	1
transformation	NN	2
transformed	VBN	1
transmission	NN	1
transmit	VB	1
transmits	NNS	1
transmitted	VBD	3
transparency	NN	7
transpired	JJ	1
transport	NN	3
transportation	NNP	1	NN	1
transported	VBD	1
traveling	VBG	3
treasury	NNP	6	NN	1
treated	VBN	1
trends	NNS	1
trial	NN	2
trial-type	JJ	1
tribal	NN	1
trigger	VB	1
trillion	CD	5
trillions	NNS	3	NNP	1
triple-	NN	3
troops	NNS	2
trouble	NN	1
troubled	JJ	1
troubles	NNS	1
trucks	NNS	1
trust	NN	3
tune	NN	1
turf	NN	1
turmoil	NN	1
turn	NN	3	VB	2
turned	VBD	3
turning	NN	2	VBG	1
twenty	CD	1
twice	RB	2
two	CD	22
two-day	JJ	1
two-year	JJ	1
type	NN	2
types	NNS	4
u	NNP	25
u.s.c.	NNP	4
ultimate	JJ	1
ultimately	RB	4
ultimatum	NN	5
un	NNP	1
unacceptable	JJ	1
unanimously	RB	1
unavailability	NN	2
uncertain	JJ	1
uncertainties	NNS	2
uncertainty	NN	7
unchanged	JJ	1
uncontrolled	JJ	1
unconventional	JJ	1
uncoordinated	JJ	1
under	IN	34
undergoes	NNS	1
underlying	VBG	1
undermine	VB	2
underscored	VBD	1
understand	VB	4
understanding	NN	2	NNP	1
understood	VBD	1
undertaken	VBN	1
underwriting	NN	2
undue	JJ	2
unfortunately—as	NNP	1
unique	JJ	2	NNP	1
united	NNP	49
units	NNS	3
universal	JJ	1
unknown	JJ	1
unless	IN	1
unlike	IN	1
unlikely	JJ	3
unmatched	JJ	1
unnecessary	JJ	4
unnerving	VBG	1
unprecedented	JJ	2
unravel	VB	2
unreasonable	JJ	4
unredacted	JJ	1
unregulated	JJ	2
unseen	JJ	1
unspecified	JJ	1
unsustainable	JJ	1
until	IN	4
unwind	VB	1
up	RP	16	RB	4	IN	2
up-front	NNP	1
upcoming	JJ	2
update	NNP	1	VB	1
updated	VBN	1
upheaval	NN	1
upheld	VBN	1
upon	IN	10
upside	NN	1
urban	NNP	1
urged	VBD	1
urgent	JJ	1
us	PRP	31	NNP	2
usa	NNP	1
use	NN	12	VB	10	VBP	1
used	VBN	3	VBD	2
useful	JJ	3
usefulness	NN	1
user	NN	4
users	NNS	23
uses	VBZ	1
using	VBG	2
uss	NNP	1
usual	NNP	1
usually	RB	2
utilities	NNS	2
utility	NN	1
uzbekistan	NNP	1
v	NN	2	NNP	1
valley	NN	1
valuable	JJ	1
value	NN	7
values	NNS	1
van	NN	1
vanished	VBN	1
variants	NNS	2
variety	NN	1
various	JJ	3
varying	VBG	1
vehicle	NN	1
version	NN	1
versus	CC	1
very	RB	7	JJ	3
vice	NNP	26
vice-	NNP	1
vicinity	NN	1
victims	NNS	2
victories	NNS	1
video	NN	2
view	NN	10
viewed	VBN	2
views	NNP	1	NNS	1
violations	NNS	2
visibility	NN	1
visit	NN	3
visiting	VBG	1
visits	NNS	2
voiding	VBG	1
voinovich	NNP	2
volatility	NN	1
volume	NN	2
volumes	NNS	1
vulnerabilities	NNS	2
vulnerability	NN	1
vulnerable	JJ	1
w	NNP	2
wages	NNS	1
wait	VBP	1	VB	1
waive	VB	2
wake	NN	2
walk	VBP	1
wall	NNP	5	NN	2
walloped	JJ	1
want	VBP	1
wanted	VBD	5
war	NN	16
ward	VB	1
warlords	NNS	1
warning	VBG	1
warnings	NNS	2
warrant	VBP	1	VB	1
warranted	VBN	1
wars	NNS	1
wartime	NNP	1
was	VBD	138
washington	NNP	7
wasn	NN	1
watch	VB	1
water	NN	1
waters	NNS	1
watersheds	NNS	1
watson	NNP	1
wave	NN	1
way	NN	16
ways	NNS	5
we	PRP	114
weak	JJ	1
weakening	VBG	1
weakest	JJS	1
weakness	NN	1
wealth	NN	2
weapons	NNS	3
web	NN	1
week	NN	2
weekend	NN	1
weeks	NNS	3
weigh	VBP	1
weight	NN	1
well	RB	13
well-being	NN	2
well-designed	JJ	1
well-priced	JJ	1
went	VBD	2
were	VBD	98
west	NN	1
western	NNP	1
what	WP	29
whatever	WDT	1
wheel	NN	1
when	WRB	31
whenever	WRB	1
where	WRB	12
whether	IN	3
which	WDT	51
while	IN	21
white	NNP	13
whitman	NNP	4
who	WP	29
whole	JJ	2	NN	2
whom	WP	2
whose	WP$	1
why	WRB	4
wide	JJ	2
widely	RB	2
widespread	JJ	2
wilderness	NN	1
will	MD	76
willful	JJ	1
willing	JJ	3
willingness	NN	1
will—in	NN	1
will—that	NN	1
win-win	JJ	1
window	NN	1
wipe	VB	2
wiser	JJR	1
wish	VBP	1	VB	1
with	IN	190
withdrew	VBD	1
within	IN	15
without	IN	15
witness	VB	1	NN	1
witnessed	VBN	1
wolfowitz	NNP	7
wolfowitz-not	NNP	1
women	NNS	1
won	VBN	1
wondered	VBD	4
woodward	NNP	1
word	NN	1
words	NNS	1
work	NN	12	VB	7
workability	NN	1
worked	VBD	2
working	VBG	8
worksharing	VBG	1
worksharing-based	JJ	1
world	NN	6	NNP	1
worldwide	NN	2
worried	VBD	1
worry	VB	1
worse	JJR	1
worth	JJ	1
would	MD	83
wreaked	VBD	2
writing	VBG	6	NN	2
written	VBN	6
wrong	JJ	1
y	NNP	1
year	NN	6
years	NNS	25
yemen	NNP	1
yes	UH	2
yet	RB	11	CC	1
yield	VB	1	NN	1
yields	VBZ	1
york	NNP	5
york—who	NNP	1
you	PRP	23
your	PRP$	1
yousef	NNP	2
zacarias	NNP	1
zalmay	NNP	1
zawahiri	NNP	2
zones	NNS	1
§	NN	31
é	NN	1
—	NN	1
’	NN	46
“	NN	19
”	NN	19
•	NN	26
…	NN	1
❶	NN	2
❷	NN	2
❸	NN	2
➨	NN	1
