!	.	193
!!!!!	.	1
"	''	1174
$	$	26
%	NN	2
&	CC	5
'	POS	57	''	12
'cause	IN	1
'd	MD	19
'em	PRP	2
'll	MD	20
'm	VBP	32
're	VBP	37
's	POS	106	VBZ	105
've	VBP	32	VB	1
(	(	57
)	)	57
*	NN	18
****	NN	3
,	,	1418
-	:	128
--	:	24
-------	:	1
.	.	1822
...	...	71
....	.	8
.....	.	5
......	.	4
.......	.	5
........	.	2
.........	.	1
...........	.	1
/	NN	10
00	CD	3
000	CD	4
054	CD	1
1	CD	31
10	CD	18
100	CD	2
1000	CD	2
11	CD	11
118	CD	1
12	CD	9
1211	CD	1
12th	JJ	1
13	CD	9
135	CD	1
138	CD	1
14	CD	10
15	CD	8
16	CD	9
17	CD	9
18	CD	9
19	CD	8
1932	CD	1
1937	CD	1
1945	CD	1
1969	CD	1
1st	CD	1
2	CD	32
20	CD	13
200	CD	1
200,000	CD	1
2000	CD	4
21	CD	7
22	CD	7
23	CD	7
24	CD	6
25	CD	7
26	CD	6
27	CD	5
27th	JJ	1
28	CD	6
29	CD	3
2nd	CD	1
3	CD	33
3,000	CD	1
30	CD	6
300	CD	2
31	CD	2
32	CD	3
33	CD	3
34	CD	2
35	CD	5
36	CD	4
360	CD	1
37	CD	2
38	CD	1
39	CD	1
39th	CD	1
4	CD	19
40	CD	4
41	CD	2
42	CD	2
43	CD	1
44	CD	1
45	CD	1
46	CD	1
47	CD	1
48	CD	1
49	CD	1
498	CD	1
499	CD	2
5	CD	17
50	CD	8
500	CD	4
5000	CD	1
59	CD	1
6	CD	14
6.50	CD	1
60	CD	3
600	CD	3
602	CD	1
666	CD	2
7	CD	14
70	CD	1
700	CD	2
727	NNP	2
747	CD	1
75	CD	1
78	CD	2
7th	CD	1
8	CD	13
80	CD	1
826	CD	1
85	CD	1
9	CD	13
95	CD	1
98	CD	1
:	:	222
;	:	34
?	.	294
??	.	1
[	NN	15
]	NN	15
a	DT	836	NNP	3
a-	NNP	1
aahed	JJ	1
abandoned	VBN	1
abbreviated	JJ	3
abbreviations	NNS	1
abe	NNP	2
ability	NN	1
able	JJ	7	NNP	1
aboard	IN	1
about	IN	53	RP	1	NNP	1
above	IN	6	JJ	1
abrasions	NNS	1
absence	NNP	1
absent	JJ	2
absolutely	RB	7
abundance	NN	1
access	VB	2
accessories	NNS	1
accessory	JJ	1
accident	NN	11
accidents	NNP	1	NNS	1
accompanied	VBN	1
according	VBG	3
account	NN	5
accounts	NNS	1
accumulated	VBN	1
ace	NN	1
ache	NN	1
achieve	VB	1
acquired	VBN	1	VBD	1
across	IN	9
act	NNP	3	VB	1
action	NN	3
actions	NNS	2	NNP	1
activity	NN	1
actress	NN	1
actual	JJ	3
actually	RB	5	NNP	1
ad	NN	1
adam	NNP	2
add	VB	2
added	VBD	1
adders	NNS	1
addicted	VBN	1
addition	NN	1
additional	JJ	2
address	NN	1
addressed	VBD	2
adequate	JJ	1
administration	NNP	1
admiring	VBG	1
admit	VBP	2	VB	1
adopted	VBN	1
ads	NNS	1
adultery	NN	1
advanced	VBN	1
advantage	NN	1
adverb	NN	1
adversity	NN	1
advertising	NN	1
advice	NNP	2	NN	2
advise	VB	1
advised	VBN	2
affairs	NNS	1
affection	NN	1
african	JJ	2
after	IN	41	NNP	2
afterlife	NN	1
afternoon	NN	4
afterwards	RB	1
again	RB	43
against	IN	1
age	NN	6	NNP	2
aged	JJ	1
agent	NN	1
aggi	NNP	4
aghast	NNP	1
aging	VBG	1
agitate	NN	1
ago	RB	8	IN	1
agony	NN	1
agree	VB	1
ahead	RB	3
ai	NNP	4	VBP	1
aid	NN	1
ailments	NNS	1
aim	NNP	1	NN	1
air	NN	11	NNP	1	VB	1
aircraft	NN	2
airline	NN	4	NNP	1
airlines	NNP	1	NNS	1
airplane	NN	1
aisle	NN	1
alan	NNP	1
alarm	NN	1
alarmed	JJ	1
albert	NNP	1
ale	NNP	4
aleck	NN	1
alice	NNP	5
aliens	NNS	1
alimony	NN	1
alive	JJ	4
all	DT	63	PDT	19
alligator	NNP	1	NN	1
alligators	NNS	1
alliteration	NN	1
allow	NNP	1
almost	RB	5
alone	RB	3
along	IN	1
alongside	IN	1
alphabetti	NNP	1
already	RB	12
also	RB	8
alternative	NN	2
although	IN	2
altitude	NN	1
altogether	RB	1
always	RB	18	NNP	1
am	VBP	28	NNP	2
amanda	NNP	2
amazed	VBN	2	NNP	1
amazement	NN	3
amazing	JJ	2
ambitious	JJ	2
ambulance	NN	3
amen	UH	2
american	NNP	3	JJ	2
americans	NNPS	4
among	IN	1
amount	NN	1
amounts	NNS	1
ampersands	NNS	1
amphibians	NNS	1
ample	JJ	1
amtrak	NNP	1
amusing	JJ	1
an	DT	120
anal	NNP	1
analogies	NNP	1
analysis	NNP	1
ancestors	NNS	4
and	CC	635
andrews	NNP	1
anger	NN	3
animal	NN	4
animals	NNP	1	NNS	1
ankles	NNS	1
anniversary	NN	3
announced	VBD	3
annoyed	VBN	1	VBD	1
annoys	NNS	1
annual	JJ	1
anonymous	NNP	2
another	DT	18
answer	NNP	2
answered	VBD	9	VBN	1
answering	VBG	2
answers	VBZ	1
antecedents	NNS	1
antelope	NNS	3
anti-christ	NNP	1
any	DT	24
anybody	NN	1
anyone	NN	2
anything	NN	16	NNP	1
anyway	RB	2
anywhere	RB	4
apart	RB	2
apartment	NN	1
apathy	NN	1
ape	NN	7
apocalypse	NNP	1
apologises	NNS	1
apologized	VBD	1
apostrophe	NN	1
apparently	RB	1
appealing	VBG	1
appear	VBP	1
appeared	VBD	1	VBN	1
apple	NN	5
apples	NNS	1
appliances	NNS	1
application	NNP	1
applied	VBD	1
appointing	NNP	1
appointment	NN	2
appreciate	NNP	1
appreciates	VBZ	2
approached	VBD	1
approaching	VBG	1
appropriate	JJ	1
appropriately	RB	1
approximately	RB	4	NNP	1
april	NNP	1
archaeic	JJ	1
archaic	JJ	1
arctic	NNP	1
are	VBP	124
area	NN	5	NNP	1
arguing	VBG	1
argument	NN	3
arguments	NNS	5	NNP	1
ark	NNP	1	NN	1
arm	NN	1
armed	VBN	1
arms	NNS	1
army	NNP	3
arose	VBD	1
around	IN	19
arrangement	NN	2
arranging	NNP	1
array	NN	2
arrest	VB	1
arrgh	NNP	1
arrival	NN	1
arrivals	NNP	1
arrive	VB	1
arrived	VBD	2	VBN	2
arrives	VBZ	1
arriving	VBG	1
arrow	NN	1
arroyo	NN	1
art	NN	2
artists	NNS	1
as	IN	86	RB	16	NNP	1
ascent	NN	1
ashes	NNP	2
ask	VB	7	VBP	3
asked	VBD	43	VBN	3
asking	VBG	5
asks	VBZ	12
asleep	RB	1	NNP	1
aspirin	NN	2
ass	NNP	1	NNS	1
assets	NNS	1
assistant	NN	1
association	NN	1
assorted	JJ	1
assume	VB	1
assumed	VBD	2
assure	VB	1
astonished	JJ	2
astronomy	NN	1
at	IN	108	RP	1
ate	VBD	1
atheist	NN	5
atheists	NNS	1
athletic	JJ	1
atlantic	NNP	2
attached	VBN	2
attack	NN	4	VB	1
attackers	NNS	1
attacks	NNS	4
attainable	NNP	2
attempt	NN	3	NNP	1
attempted	VBD	1
attend	VBP	1
attendance	NNP	2
attendant	NN	1
attendants	NNS	1
attended	VBD	1
attending	VBG	1
attention	NN	6
attitudes	NNS	1
attracted	VBN	1
auction	NN	1
auctioneer	NN	1
audience	NN	1
australia	NNP	1
authorised	NNP	1
authorities	NNS	1
automated	JJ	1	VBN	1
automatic	JJ	2
average	JJ	2
avid	JJ	1
avoid	VB	8	NNP	5
avoided	VBN	1
awake	NNP	1
award	NNP	1
aware	JJ	2
away	RB	16
awful	JJ	2
awfully	RB	1
aye	NNP	8
babe	NN	1
babes	NNS	2
babies	NNS	1
baby	NN	9
bachelor	NN	1
back	RB	46	NN	9	RP	2
back-up	NN	1
backed	VBN	1
background	NN	2
backpack	NNP	1
backs	NNS	1
backup	NNP	1
backwards	JJ	1
bacon	NN	1
bacteria	NNS	1
bad	JJ	9	NNP	2
bag	NN	5
baggy	NN	1
bags	NNS	1
bait	NN	1
bakers	NNP	1
baking	VBG	1
balance	NN	1
balanced	JJ	1
balancing	NNP	1
bald	JJ	2
ball	NN	4	NNP	1
balloon	NN	2
balloonist	NN	3
banana	NN	2
band	NN	2
bank	NN	10
banks	NNS	1
bar	NN	5	NNP	1
barbara	NNP	1
barbecue	NN	2
barbie	NNP	1
barefoot	NN	1
barges	NNS	1
barked	JJ	2
barn	NN	1
barnyard	NN	1
barrage	NN	2
barrel	NN	9
bartender	NN	4
base	VB	1	NN	1
based	VBN	1
bash	NN	1
basis	NN	1
bat	NN	2
bath	NN	1
bathroom	NN	3	NNP	1
bats	NNS	4
batteries	NNS	1
battle	NN	1
baychem	NN	1
bayhcem--crease	JJ	1
be	VB	119	VBP	1
beachcomber	NN	2
beans	NNS	1
bearing	NN	1
beast	NN	2
beasts	NNS	1
beat	VB	2	NN	1
beatings	NNS	1
beats	VBZ	1
beautiful	JJ	3
beaver	NN	2
became	VBD	4
because	IN	20
become	VBP	1	VBN	1
bed	NN	5	NNP	1
bedroom	NN	2
been	VBN	27
beer	NN	15	NNP	2
beers	NNS	1
before	IN	17	RB	4	NNP	2
beg	VB	1
began	VBD	7
begin	VB	3
beginning	NN	2	VBG	1
behalf	NN	1
behave	VB	1	NNP	1
behind	IN	10	NNP	1
behooves	NNS	1
being	VBG	9	NN	2
belfast	NNP	1
belgium	NNP	1
believe	VB	6	VBP	2
belly	NNP	1
belong	VBP	1
below	IN	4
belt	NN	1
benchley	NNP	1
bending	VBG	1
beneath	IN	1
benefit	NN	1
berating	VBG	1
berkeley	NNP	1
bernard	NNP	1
berserk	NN	1
bert	NNP	1
best	JJS	11
bet	VBD	1
better	JJR	10	RBR	3	RB	1
between	IN	16
beyond	IN	2
bible	NNP	5
biblical	NNP	1
bicycle	NN	1
bidding	NN	1
bidet	NNP	1
big	JJ	18	NNP	3
bigamy	NNP	1
bigger	JJR	4
bilingual	JJ	1
bilked	JJ	1
bill	NNP	2	NN	1
billed	VBN	1
billings	NNS	1
billion	CD	1
billions	NNS	1
bills	NNS	3
bird	NN	2
birds	NNS	1
birth	NN	2	NNP	1
birthday	NN	8
bison	NNP	1
bit	NN	6
bitch	NN	1
bitten	VBN	2
bizarre	JJ	1
black	JJ	5	NNP	2
blame	VB	1	NN	1
blank	JJ	2
blanket	NN	1
blast	NN	1
blasts	NNS	1
blazing	VBG	1
bleed	VB	1
bleeding	VBG	1
blender	NN	1
bless	NNP	1
blew	VBD	1
blighted	JJ	1
blind	JJ	1
blink	NNP	1
blinking	RB	1
block	NNP	2	NN	1
blonde	JJ	1
blood	NN	5
blow	NN	2	VB	1
blownapart	NNP	1
blue	JJ	4
bluer	NN	1
bly	NNP	1
board	NNP	1	NN	1
boat	NN	9
boats	NNS	1
bobby	NNP	2
bodies	NNS	1
body	NN	3	NNP	1
boiled	JJ	1
bolder	JJR	1
bomb	NN	1
bonding	NNP	1
bones	NNS	1
book	NN	4
books	NNS	2
boosle	NNP	1
boot	NNP	1	NN	1
booting	VBG	1
boots	NNS	1
borderline	NN	1
born	VBN	2
borrow	VBP	1	VB	1
boss	NNP	1	NN	1
both	DT	15
bother	VBP	4	VB	2
bothering	VBG	1
bottle	NN	4	NNP	1
bottle-top	JJ	1
bottles	NNS	5
bottom	NN	5	JJ	1
bough	NNP	1
bought	VBD	3
bouncing	VBG	1
bow	VB	1
bows	NNS	1
box	NN	5	NNP	2
boxes	NNP	1
boxing	VBG	2
boy	NN	12	NNP	5
boyfriend	NN	1
boys	NNS	1
bra	NN	2
braced	VBD	1
brain	NNP	1	NN	1
brains	NNS	1
brake	NN	1
bran	NNP	1	NN	1
branch	NN	2
bras	NNP	1
brass	NN	1
brave	JJ	1
bread	NN	5	NNP	1
break	NN	2	NNP	1
breakfast	NN	3	NNP	1
breaks	NNS	2	VBZ	1
breeze	NN	1
brendan	NNP	1
brenner	NNP	1
bricklayer	NN	2
bricks	NNS	10
bridge	NN	2
bridges	NNS	1
brief	JJ	2
brien	NNP	1
bright	JJ	3
bring	VB	7	VBP	2
bringing	VBG	1
britches	NNS	1
british	NNP	4	JJ	1
broke	VBD	7
broken	JJ	2	VBN	2
broker	NN	1
broth	NN	1
brother	NN	5
brought	VBD	3
brown	JJ	1
brushed	VBD	1
bubba	NNP	1
buck	NN	1
bucket	NN	2
buddy	NN	3
budge	VB	1
buffalo	NN	5
buffet	NN	1
bug	NNP	1	NN	1
build	VB	2
building	NN	7
bulb	NN	1
bulk	NN	1
bull	NNP	2	NN	2
bump	NN	1
bumper	NNP	1
bunch	NN	1
buried	VBD	3	VBN	1
burn	VBP	2	VB	2
burning	NN	2
burst	VBD	1
bury	VB	1
bus	NN	5
business	NN	3
businessman	NN	1
busy	JJ	4
but	CC	81
butcher	NN	1
butt	NNP	1
butter	NN	1
butter--just	JJ	1
buttered	JJ	3
butterfly	NN	1
buttocks	NNS	1
button	NN	5
buttons	NNP	1	NNS	1
buy	VB	3
buying	VBG	1
buys	VBZ	1
by	IN	83	RB	1
byte	NNP	1
c-clamp	NNP	1
ca	MD	29	NNP	1
cache	NNP	1
caesar	NNP	1
cafe	NN	1
cafeteria	NN	1
cakes	NNP	4
calculations	NNS	1
calendar	NN	1
californian	NNP	1
call	NN	11	VBP	7	VB	4
called	VBD	13	VBN	10
calling	VBG	4
calls	VBZ	4	NNS	1
calm	VB	2	NN	1
calmly	RB	2
cambridge	NNP	2
came	VBD	17
camouflage	NN	1
camp	NN	1
campers	NNS	1
camping	VBG	1
can	MD	68	NNP	2
canceled	VBN	1
cancer	NN	1
candles	NNP	1	NNS	1
cane	NN	1
canes	NNS	1
canned	NNP	1	JJ	1
cannibals	NNS	1
cap	NN	1
capsized	JJ	1
capsizing	VBG	1
captain	NNP	29	NN	2
capture	VB	1
car	NN	15	NNP	1
card	NN	5	NNP	1
cards	NNS	5	NNP	1
care	VB	2	NN	1
career	NNP	1
careful	JJ	2
carefully	RB	3
cares	VBZ	2
caresses	NNS	1
carried	VBD	1
carries	VBZ	1
carry	VBP	3	NNP	1	VB	1
carrying	VBG	4
carson	NNP	1
case	NN	8
cast	NN	1
casually	RB	3
cat	NN	19	NNP	5
catalogue	NNP	2
catch	VBP	5	VB	3	NNP	1
catches	VBZ	1
catching	VBG	1
caterpillars	NNS	1
cathedral	NN	2
cathy	NNP	1
cats	NNS	11	NNP	5
caught	VBN	2	VBD	1
cause	NN	4	NNP	1	VB	1
caused	VBN	2	VBD	1
causes	NNP	1	NNS	1
cavalier	JJ	1
cave	NN	2
cavett	NNP	1
caviar	NNP	1
cd-rom	NN	2
celebrate	VBP	2
celebrating	NNP	1	VBG	1
cemetery	NN	1
center	NN	2	NNP	1
central	JJ	1
cents	NNS	4
cereal	NNP	1
certainly	RB	2
cervix	NN	1
cessna	NNP	1
chain	NNP	1
chainsaw	NN	1
chair	NN	1
championship	NN	1
chance	NN	6
chances	NNS	1
change	NNP	2	VBP	1	VB	1
changed	VBN	1
changing	VBG	2
channel	NN	1
chaos	NN	1
chapel	NN	1
charm	NN	1
chasing	VBG	1
cheap	JJ	1
cheated	VBD	1
check	VB	3	NN	1
checkbook	NNP	1
checked	VBN	1	VBD	1
checker	NN	1
checking	VBG	1
cheek	NN	2
cheeky	JJ	1
cheeky-faced	JJ	1
cheese	NN	1
cheops	NNP	1
cheque	NN	4
chess	NN	1
chest	NN	1
chew	VB	1
chicago	NNP	1
chicken	NN	3
chief	JJ	4	NN	1
child	NN	8	NNP	1
childbirth	NN	2	NNP	1
childhood	NN	1
children	NNS	10	NNP	3
chinese	JJ	8
chinese-made	NNP	1
chip	NNP	1
chips	NNS	1
chirped	JJ	1
choir	NN	1
cholesterol	NN	1
chool	NN	1
choose	VB	3
chop	VB	1
chosen	JJ	1	VBN	1
christian	NNP	1
christians	NNS	1
christmas	NNP	4
christy	NNP	1
church	NN	5	NNP	2
cigar	NN	1
cigarette	NN	1
cigars	NNS	2
circle	NNP	1	NN	1
circles	NNS	1
circus	NNP	1
citizens	NNS	2
city	NN	2
claim	VBP	1
claimed	VBD	1
claims	NNS	3
class	NN	2
classed	VBN	1
classic	JJ	1
clauses	NNS	1
clean	NNP	2	JJ	2	VB	1
cleaner	JJR	4
cleaning	VBG	1
cleans	VBZ	1
clear	JJ	1
cleared	VBD	1
clergyman	NN	3
cleric	JJ	1
clerk	NN	5
clever	NNP	1
cliches	NNS	2
click	NN	4	NNP	3
clicking	NNP	1	VBG	1
client	NN	1
cliff	NN	2
climb	VB	2
climbed	VBD	1
clinging	VBG	1
clinic	NN	4	NNP	1
clip	NN	2	NNP	1
clip-on	JJ	1
clipboard	NN	4
clock	NN	6
clockwork	NN	1
clones	NNP	1
close	NN	4	VB	3	NNP	2	JJ	2	VBP	1	RB	1
closed	JJ	1
closer	JJR	3
closes	VBZ	2
closest	JJS	1
closing	NN	2
clothes	NNS	3	NNP	1
clowns	NNS	1
club	NN	1
clue	NN	1
clueless	JJ	2
clutching	VBG	1
co-pilot	NNS	1
co-worker	JJ	1
coast	NN	1
code	NNP	2	NN	2
codes	NNS	1
coffee	NN	4	NNP	1
coffin	NN	1
coincidence	NN	1
coke	NNP	1
cold	JJ	5	NN	1
cold-nosed	JJ	1
colder	JJR	2
coleman	NNP	3
collapses	VBZ	1
collarbone	NN	1
collect	VB	1
collected	VBN	1
collectibles	NNP	1	NNS	1
collecting	VBG	3
collector	NN	1
collects	VBZ	1
college	NN	4
collision	NN	1
colloquialisms	NNS	1
color	NN	2
coma	NNP	1	NN	1
combating	NNP	2
combed	VBN	1
come	VB	12	VBP	10	VBN	3
comeback	NN	1
comedian	NN	1
comes	VBZ	7
comfortable	JJ	1
comin	NNP	1
coming	VBG	6
comma	NN	1
commandment	NN	2
commandments	NNP	2
commas	NNS	2
commended	JJ	1
comment	NN	1
commented	VBD	2
commit	VBP	1
commitment	NN	2
committed	VBN	1
committees	NNS	1
common	JJ	2
communicate	VB	1
communicated	VBN	4
company	NN	4
comparisons	NNP	1
compelling	JJ	1
compensation	NNP	1
complain	NNP	1
complained	VBD	2
complaint	NN	1
complete	JJ	3	VB	1
completed	VBD	1
completely	RB	4
complex	JJ	1
complexity	NN	1
compliment	NN	1
composure	NNP	1	NN	1
comprehending	NNP	1
computer	NN	12	NNP	3
computers	NNS	3
computing	NN	1
conan	NNP	1
concede	VB	1
concentration	NN	1
conception	NNP	1
concerned	VBN	2
concluded	VBN	2	VBD	1
conclusion	NN	2	NNP	1
conclusive	NNP	1
condensation	NNP	1
conditioned	JJ	1
conduct	NN	1
confidentially	RB	1
confirm	VBP	1
confronted	VBN	2
confused	NNP	1
confusion	NN	1
congregation	NN	2
connected	VBN	1
connoisseur	NN	2
conscience	NN	2
consequence	NN	2
conservative	JJ	1
consider	VB	1
considerable	JJ	1
considerably	RB	1
considered	VBN	1
considering	VBG	1
consisted	VBD	1
conspiratorially	RB	1
construction	NN	1
consults	NNS	1
consumer	NN	2
contact	NN	5	NNP	2	VB	2
contain	VB	1
containing	VBG	1
contains	VBZ	1	NNP	1
contemplation	NN	1
continue	VB	4
continued	VBD	4
continues	VBZ	2
contractions	NNP	1
contractors	NNS	1
contraption	NN	1
contrast	NN	1
contributes	VBZ	1
control	NN	7	NNP	5
controller	NN	2
conversation	NN	2
cook	VB	3	NNP	2	NN	1
cookie	NN	1
cooking	NN	1
cooks	NNS	1
cool	VB	1
cop	NN	2
copies	NNS	1
copper	NN	1
copy	NN	10	NNP	2	VB	1
copy--rye	JJ	1
copyright	NN	7	NNP	1
cork	NNP	1
corner	NN	4
corollary	NNP	1
corporate	JJ	1
corporation	NN	1
corporations	NNS	1
correct	JJ	3
corrected	VBN	1
correctly	RB	1
cost	NN	3	VB	1
costs	NNS	2
costume	JJ	1
couch	NN	2	NNP	1
cougar	NN	3
cough	NN	1
could	MD	32	NNP	1
count	NN	1
counter	NN	1
counterparts	NNS	1
countersigned	JJ	1
counting	VBG	1
countries	NNS	1
country	NN	3
counts	VBZ	1
couple	NN	17
couples	NNS	1
course	NN	8
courses	NNS	3
court	NN	2	NNP	1
cousin	NN	2
cover	VB	2	NN	1
covered	VBN	2	NNP	1
covers	VBZ	1
cow	NN	2
cowboy	NN	8
cowboys	NNS	2
cp	NNP	1
cpr	NNP	1
cracked	VBN	1
craft	NN	1
cramming	VBG	1
crank	NNP	1
crap	NNP	1
crash	NN	2	NNP	1
crashed	VBD	2
craving	NN	1
crawled	VBD	1
crawls	VBZ	1
crayon	NN	1
crazy	JJ	4
creak	VB	1
crease	NN	1
create	VB	2
created	VBN	1
creator	NN	1
creatures	NNS	1
credit	NNP	3
cremated	JJ	1
crew	NN	3
crews	NNS	1
cricket	NN	1
cried	JJ	5
criminals	NNS	1
crimson	JJ	1
crisis	NNP	1
crisp	NNP	1
criticism	NN	1
criticize	VB	1
critters	NNS	1
crocodile	NN	1
cross	VB	3	NN	1
cross-eyed	JJ	1
crossing	VBG	2
crowd	NN	2
crozier	NNP	1
cruise	NN	1
cry	NN	1
crying	VBG	1
ctrl-alt-delete	NNP	2
cuban	JJ	3
cuisine	NN	1
cup	NN	1
curb	VB	1
cure	NNP	1
curious	NNP	3	JJ	1
current	JJ	1
currently	RB	1
cushions	NNS	1
cusin	NN	1
customer	NN	5
customers	NNS	1
cut	VBP	1	NNP	1	VB	1
cutting	VBG	2
cyclists	NNS	1
d	NNP	1
d-	NNP	1
d-do	JJ	1
da-aaaad	NNP	1
da-ad	NNP	1
daaaa-aaaad	NNP	1
dad	NNP	5	NN	1
daddy	NNP	1	NN	1
dairy	NN	1
dam	NNP	2
damage	NNP	1
damaged	JJ	1
dame	NNP	1
dammit	NNP	1
damn	NNP	2	NN	1
dance	NN	2
dancer	NN	1
dancing	NN	1
dangerous	JJ	3
dangerously	RB	1
dangled	VBN	1
dangling	VBG	1
dared	VBD	1
dark	JJ	4	NN	1
darken	NN	1
darn	NN	4
darted	JJ	1
darwin	NNP	2
data	NNS	1
date	NN	1
dating	VBG	3
daughter	NN	4
dave	NNP	1
david	NNP	6
dawned	JJ	1
day	NN	41
days	NNS	12
dea	NN	1
dead	JJ	20	NNP	3	VBN	1
deal	NN	2	VB	1	NNP	1
dealer	NNP	1
dealings	NNS	2
dear	RB	9	NNP	2
death	NN	3
deaths	NNS	1
debate	NN	1
debated	VBN	1
debiting	VBG	1
debits	NNS	1
debt	NN	1
debts	NNS	1
decency	NN	2
decide	VB	2	VBP	1
decided	VBD	11
decides	VBZ	2
decisions	NNS	1
deck	NN	1
decked	VBN	1
declaring	VBG	1
dee	NN	1
deep	JJ	9
deeper	JJR	1
deepest	JJS	1
deeply	RB	1
deer	NNS	13
deere	NNP	1
default	NN	1
defeat	NN	1
defined	VBN	1
definitely	RB	3
definition	NNP	1	NN	1
defrost	NNP	1
degree	NN	1
degrees	NNS	2
delayed	VBN	1
delays	NNS	1
deliberately	RB	1
delicate	JJ	1
delicatessen	NN	1
delicious	JJ	1
delight	NN	1
delivered	VBD	1
delivers	VBZ	1
delivery	NN	1
demand	NN	1
democracy	NN	1
demonstrate	VB	1
demystified	JJ	1
den	NN	3
denephew	NNP	1
denise	NNP	1
dennis	NNP	1
department	NN	1
depend	VB	1
depended	VBN	1
dependency	NNP	1
depends	VBZ	1
deposit	NN	1
depression	NNP	1
depth	NN	5
derailed	VBN	1
descendants	NNS	1
descended	VBD	1
descent	NN	2
describe	VB	2
dese	NN	1
desert	NN	2
designated	NNP	1	VBN	1
desk	NN	3
despair	NN	1
desperately	RB	1
dessert	NN	1
destroy	VBP	2
detail	NNP	1
details	NNS	2	NNP	1
detectives	NNS	1
determine	VB	1
determined	VBN	1
developed	VBN	1
developer	NNP	1
device	NN	2
devil	NN	1
devised	VBD	1
devoid	JJ	1
dial	NNP	1	NN	1
dialed	JJ	4
dialog	NN	1
diaper	NN	1
dick	NNP	1
dictionary	JJ	5
did	VBD	32	NNP	3
die	VB	5	VBP	2
died	VBD	8	VBN	2
diesel	NNP	2	NN	1
diet	NN	1
difference	NN	6	NNP	1
different	JJ	2	NNP	1
differently	RB	1
difficult	JJ	3
difficulty	NN	2
dig	NNP	1
digging	NN	4	NNP	1
digital	NNP	1	JJ	1
digits	NNS	1
diller	NNP	1
diminutive	JJ	1
dinner	NN	5	NNP	1
dinners	NNS	1
diplomat	NN	1
direction	NN	2
directions	NNP	1	NNS	1
directly	RB	1
dirt	NN	6
dirty	JJ	2
disappear	VB	1
disappearance	NN	1
disappeared	VBD	1
disappointment	NN	1
disaster	NN	2
discharged	VBN	1
disco	NN	1
disconnected	VBN	1
discontinued	VBN	1
discouraging	VBG	1
discover	VBP	2
discovered	VBN	2
discovers	VBZ	1
discovery	NNP	1
discrimination	NN	1
discussing	VBG	2
discussion	NN	1
disease	NN	1
dishonoured	JJ	1
disk	NN	1
diskette	NNP	1
dismount	NN	1
disney	NNP	1
disoriented	JJ	1
dispersal	NNP	1
distance	NN	3
distiller	NN	1
distinguished	JJ	1
distraught	NN	1
distributed	VBN	2
district	NN	1
disturbed	VBN	1
divers	NNS	1
divorce	NN	1
djew	NN	1
djewish	NNP	1
do	VBP	130	VB	28	NNP	8
doberman	NNP	1
doctor	NN	15	NNP	4
documented	VBN	1
does	VBZ	18	NNP	1
dog	NN	33	NNP	2
dogs	NNS	3
doh	NNP	1
doing	VBG	12	NNP	1
dollar	NN	1
dollars	NNS	10
don	NNP	1	VB	1
done	VBN	2	NNP	1
donkey	NN	5	NNP	1
doomed	NNP	1	VBN	1
door	NN	21	NNP	2
doorbell	NN	1
doors	NNS	1
doorstep	NN	1
double	JJ	2
double-check	JJ	1
doubt	NN	1
dough	NNP	1
down	RB	42	RP	16	IN	3	NNP	2	JJ	1
downs	NNS	1
downward	JJ	1
downwind	NN	1
dr	NNP	1
drag	VB	1
dragging	VBG	2
drags	VBZ	1
drapes	NNS	2
drawled	JJ	1
dream	NN	1
dress	VB	3	NNP	3	NN	3
dressed	NNP	1	VBN	1	VBD	1
drew	VBD	2
drink	NN	10	VB	3	VBP	1
drinking	NN	2	VBG	1
drinks	NNS	1
drip	NN	1
drive	NNP	2	VB	2	NN	2
driver	NN	4
drivers	NNS	5
driving	VBG	3
drop	VBP	1
dropped	VBN	3	VBD	2
drops	NNS	1
drove	VBD	3
droves	NNS	1
drowning	VBG	1
drowsiness	NNP	1
drug	NN	1
drugs	NNS	1
drunk	NNP	1
drunken	JJ	1
drunkenness	NNP	1
dry	NNP	1	JJ	1
dublin	NNP	2
duck	NN	1
duct	NNP	2
due	JJ	4	NNP	1
dug	VBD	1
duh	NNP	1
dumb	NNP	1
dun	NN	1
dunn	NNP	1
duplicating	VBG	1
duration	NN	1
during	IN	6
dust	NN	1
dusty	NNP	1
dye	NN	1
dyslexia	NN	1
e	SYM	1
e-	NNP	1
each	DT	9
eager	JJ	1
eagle	NN	2
eagles	NNS	1
ear	NN	3
earlier	RBR	1	JJR	1
early	RB	1	JJ	1
ears	NNS	2
earth	NN	2
easier	JJR	3
easily	RB	2
easter	NNP	2
easy	NNP	3	JJ	3
eat	VB	14	NNP	3
eating	VBG	2
eccentric	JJ	1
echo	VB	1
economics	NNS	1
ed	NNP	1
edge	NN	3
editor	NN	1
education	NNP	2	NN	1
effect	NN	1
effective	JJ	1
effectively	RB	1
effects	NNS	1
efficiency	NNP	1	NN	1
effort	NN	3
efforts	NNS	2
efore	NNP	1
egg	NN	2
eggs	NNS	2
eight	CD	4
eight-	NNP	1
eighteen-	NNP	1
eighties	NNS	1
einstein	NNP	1
eisenhower	NNP	2
either	CC	3
elapsed	VBN	1
elastic	JJ	2
elayne	NNP	1
elbow	NN	2
elderly	JJ	4
electric	NNP	1	JJ	1
electrician	NN	1
electricity	NN	1
elements	NNS	1
elephant	NN	9
elephants	NNS	1
elevator	NN	1
eleven	CD	1
eleven-	NNP	1
eliminate	VB	2
ellen	NNP	1
eloquence	NNP	1
else	RB	2
elves	NNS	1
elvis	NNP	1
embarrassed	JJ	3
emergency	NNP	1	NN	1
emerson	NNP	1
empire	NN	1
employ	NNP	1
employed	NNP	1
employee	NN	4	NNP	1
employees	NNS	2
employment	NN	1
empty	JJ	3
enable	NNP	1
enacted	VBN	1
enclosed	VBN	1
enclosure	NN	1
encounter	NN	1
encourage	VB	1
encouraging	VBG	1
end	NN	10	VB	1	NNP	1
endeavoured	JJ	1
ended	VBD	1
ends	VBZ	1
enemies	NNS	1
energy	NN	1
enforce	VB	1
engaged	VBN	1
engineer	NN	1
engines	NNS	2
english	NNP	8
englishman	NNP	1
engrossed	JJ	1
enjoy	VB	1
enjoyed	VBN	3	VBD	1
enjoying	VBG	3
enormous	JJ	2
enough	RB	12	NN	2	JJ	1
enquiries	NNP	1	NNS	1
ensued	VBD	1
ensure	VB	1
entered	VBD	2
entire	JJ	4
entirely	RB	1
entity	NN	1
entrepreneur	NNP	1
enunciated	JJ	1
envelope	NN	2
environmentalist	NN	1
epidural	NN	1
episode	NN	1
epithets	NNS	1
equal	JJ	3
equally	RB	6
equipping	VBG	1
equivalent	NN	2
er	UH	1
ergo	NNP	1
ernest	NNP	1
err	VB	1
errant	NN	1
errors	NNS	1
escape	VB	1
escaped	VBD	3
eschew	NNP	2
especially	RB	5
essential	JJ	1
establishment	NN	2
etc	FW	2
eternal	NNP	1
eternity	NN	1
ethnicity	NN	1
etiquette	NN	1
europe	NNP	1
evaporated	VBD	1
eve	NNP	2
even	RB	15
evening	NN	4
evenly	RB	2
events	NNS	2
eventually	RB	3
ever	RB	19
ever-changing	JJ	1
every	DT	27	NNP	1
everybody	NN	3
everyday	JJ	1
everyone	NN	8
everything	NN	4
everywhere	RB	3
evidence	NN	4
evil	JJ	1
evils	NNS	2
evolution	NNP	1
evolved	VBN	1
ex	NNP	1
ex-mother-in-law	JJ	1
exact	JJ	4	NNP	2
exactly	RB	6	NNP	2
exaggeration	NNP	1	NN	1
exam	NN	2
examination	NN	3
examinations	NNS	1
example	NN	2
exams	NNS	1
exasperated	JJ	1
exasperating	VBG	1
exasperation	NN	4
excellent	NNP	1	JJ	1
except	IN	3
excess	NN	1
excessive	JJ	1
exchange	NN	1
exchanges	NNS	1
excited	VBN	1
excitedly	RB	1
exclaims	VBZ	2
exclamation	NN	1
excruciating	VBG	1
excuse	NNP	2
excuses	NNPS	1
exercise	NN	2
exhaustion	NN	1
exhausts	NNS	1
exhibited	VBN	1
exhibiting	VBG	1
exist	VB	1
exited	VBD	1
exits	NNS	1
exorcist	NN	1
expect	VBP	4
expected	VBD	2	JJ	1
expenses	NNS	1
expensive	JJ	1
experience	VB	1
experienced	VBN	1
experiment	NN	1
explain	VB	1	NNP	1
explained	VBD	5	NNP	1
explaining	VBG	3
explains	VBZ	2
explanation	NNP	1	NN	1
expletives	NNP	1
explosion	NN	3
exposed	VBN	1
express	NNP	1
expressions	NNS	1
extended	VBD	1
extension	NNP	3
extensive	JJ	1
extra	JJ	2
extracting	NNP	1
extraordinary	JJ	1
extraterrestrial	JJ	1
extraterrestrials	NNS	1
extreme	JJ	1
extremely	RB	1
eye	NN	8
eyes	NNS	5
eyesight	NN	1
f	NNP	1
face	NN	12
faceless	JJ	1
faces	NNS	2	VBZ	1
fact	NN	4	NNP	1
factor	NN	1
facts	NNP	2	NNS	1
fail	NNP	2	VB	1
failed	VBN	2	VBD	2
failure	NN	1
faint	JJ	1
fainted	JJ	2
fair	JJ	3	NNP	1
fairy	NN	1
fake	JJ	1
fall	VB	3	VBP	2	NN	2
fallacy	NNP	1
fallen	VBN	1
falling	VBG	3
falls	VBZ	4
false	JJ	1
fame	NNP	1
familiar	JJ	1
family	NN	3
fan	NN	2
fancy	JJ	1
fantasy	NN	1
far	RB	8
farm	NN	1
farmer	NN	8
farther	RBR	1
fast	RB	5	NNP	1
faster	RBR	3
fastest	JJS	1
fat	JJ	6
father	NN	13	NNP	1
fatter	JJR	1
fault	NN	2
faults	NNS	1
favor	NN	1
favorite	JJ	1
favourite	NNP	1
fax	NNP	1
fear	NN	1
feasting	VBG	1
feathers	NNS	2
fed	NNP	2
federal	NNP	1
fee	NN	3
feed	VBP	1	VB	1
feel	VBP	7	VB	6
feeling	VBG	7
feels	VBZ	1
fees	NNS	1
feet	NNS	6
feldman	NNP	1
fell	VBD	8
felt	VBD	2
female	NNP	4	JJ	2
females	NNS	3
feminine	JJ	5
fence	NN	2
fermented	JJ	1
feudalism	NN	1
few	JJ	11
fewer	JJR	4
fibres	NNS	1
field	NN	1
fifteen-	NNP	1
fifth	JJ	1
fifty	NNP	2
fifty-one	NNP	1
fight	NN	3
figure	VB	2	NN	1
figured	VBD	2	VBN	1
figures	NNS	1
fill	NNP	4
filled	VBN	1
filling	VBG	2
film	NN	1
final	NNP	1	JJ	1
finally	RB	18
finals	NNS	1
financial	NNP	2	JJ	2
find	VB	11	VBP	4	NNP	1
finding	VBG	3
finds	VBZ	1
fine	NN	6	NNP	3
fined	VBN	1
finer	NN	1
fingered	VBN	1
fingerprints	NNS	1
fingers	NNS	2
finish	VB	4
finished	VBN	4
finishes	VBZ	1
finklesteins	NNP	1
finny	NNP	1
fire	NN	11	NNP	4	VB	2
fire-truck	JJ	1
fired	VBN	1
fireplace	NN	2
firewood	NN	1
firing	NNP	1
firmly	RB	3
first	JJ	38	CD	3	RB	3	NN	1
fiscal	JJ	1
fish	NN	6
fisherman	NN	3
fishing	NN	4	NNP	2
fit	VB	1	NN	1
fitness	NN	1
fits	NNP	1
fitter	NN	2
fitters	NNS	1
five	CD	9
five-	NNP	1
fixed	VBN	1
flabbergasted	JJ	1
flaky	JJ	1
flames	NNS	1
flapping	VBG	1
flashed	VBD	1
flashier	JJR	1
flashlight	NN	1
flat	JJ	1
flatter	NN	1
flattery	NN	2
flavoured	JJ	1
flesh	NN	1
flew	VBD	1
flexibility	NNP	1
flies	VBZ	2	NNS	1
flight	NN	4
flips	VBZ	2
floats	VBZ	1
flood	NN	1
floor	NN	7
florida	NNP	1
flower	NN	1
flowers	NNPS	1
flowing	VBG	1
fluffy	NNP	6
flush	JJ	1
fly	VB	1	NNP	1
flying	VBG	2	NNP	1
flyswatter	NN	1
focusing	VBG	1
fodder	NNP	1
foggiest	NN	1
follow	VBP	3	VB	2
followed	VBN	3	VBD	1
following	VBG	13	NN	1
follows	VBZ	1
fonder	NN	1
fondest	JJS	1
food	NN	9
foods	NNS	1
fool	NN	4
foot	NN	1
football	NNP	1
footstep	NN	1
footwear	NN	1
for	IN	171	RP	4
force	NN	2	NNP	1
forces	NNS	1
forearmed	JJ	1
foreign	JJ	1
foreman	NN	2
forest	NN	2
forever	RB	3
forewarned	NNP	1
forget	VB	4
forgot	VBD	1	VBN	1
forgotten	VBN	2
forks	NNS	1
form	NN	6
formal	JJ	1
formerly	RB	2
forming	NNP	1
forth	RB	2
fortunately	RB	2
fortune	NN	2
fortuneteller	NN	1
forward	RB	1
foster	NNP	1
fought	VBD	1
foul	NNP	1
found	VBD	13	VBN	9
four	CD	7
four-	NNP	2
four-year-old	JJ	1
fourteen	CD	1
fourteen-	NNP	1
fowl	NNP	1
fracture	NN	1
fractured	JJ	2
fragments	NNS	1
fran	NNP	1
franchise	NN	1
frank	NNP	1
frankly	RB	1
frantic	JJ	1
frantically	RB	1
fraud	NNP	1
fred	NNP	8
freddy	NNP	1
free	JJ	4
freeze	VB	1	NN	1
freezer	NN	1
french	JJ	7
frenzy	NN	1
frequently	RB	1
fresh	JJ	4
friday	NNP	2
friend	NN	18
friendly	JJ	1
friends	NNS	4	NNPS	2
friendship	NNP	1
fritos	NNP	1
frog	NN	1
from	IN	69	NNP	1
front	NN	7	JJ	4
frown	NN	1
frowning	VBG	1
frozen	JJ	1	VBN	1
fruit	NNP	1
frustrated	JJ	1
full	JJ	4
fuller	JJR	1
fully	RB	2
fun	NN	3
functions	NNS	1
fund	VB	1	NN	1
funding	NN	1
funds	NNS	1
funeral	NN	1
funny	JJ	4
furious	JJ	4
furiously	RB	1
further	RBR	2	JJ	1
fuss	NNP	1
g	NNP	15
gained	VBD	1
game	NN	3
gander	NN	1
garage	NNP	1	NN	1
garbage	NNP	1
garden	NN	3	NNP	1
gardner	NNP	1
garment	NNP	1
gate	NN	2
gates	NNP	2	NNS	1
gathered	VBD	1
gathers	VBZ	1
gators	NNS	2	NNP	1
gave	VBD	13
gaze	VBP	1
gazes	NNS	1
gender	NN	3
general	JJ	1
generalize	VB	1
generated	VBN	1
generation	NN	1
genie	NN	3
genitals	NNP	2
genius	NN	1
gentleman	NN	4
gentlemen	NNS	2	NNP	1
gently	RB	1
george	NNP	1
geritol	NNP	1
german	JJ	1
germany	NNP	1
gershwin	NNP	1
get	VB	45	VBP	21
gets	VBZ	10
getting	VBG	14
giant	NN	2
gibson	NNP	1
gift	NN	1
giggled	JJ	1
girl	NN	8
give	VB	20	VBP	2
giveaway	NN	1
given	VBN	2
gives	VBZ	3
giving	VBG	2
glaciers	NNS	3
glad	JJ	1
gladys	NNP	2
glance	NN	1
glances	NNS	1
glancing	VBG	1
glared	JJ	1
glares	VBZ	1
glass	NN	4
glinting	VBG	1
gloves	NNS	1
glows	NNS	1
glue	NN	1
go	VB	27	VBP	5	NN	2
goal	NNP	2
goals	NNP	1
goat	NN	5
god	NNP	32
gods	NNS	1
goes	VBZ	7
goin	NNP	1
going	VBG	27	NNP	1
golden	NNP	1	JJ	1
goldfish	NN	3	NNP	1
golf	NN	4
golfing	NN	1
gone	VBN	6
gong	NN	2
good	JJ	26	NNP	1	NN	1
goods	NNS	1
goose	NN	1
gorby	NNP	1
gorgeous	JJ	1
gospel	NNP	1
got	VBD	22	VBN	7	NNP	2
gotta	VB	1	NNP	1
gotten	VBN	3
goulash	NN	1
government	NN	4
governor	NNP	6	NN	1
grabbed	VBD	1
grabs	NNS	2
grades	NNS	1
grammatically	RB	1
granddaughter	NN	1
grandfather	NN	1
grandma	NNP	6
grandmother	NN	2
grandpa	NNP	6
grant	VB	2
grass	NN	7	NNP	1
grave	NN	1
gravity	NNP	1
grazing	NN	1
great	JJ	13	NNP	2
greater	JJR	2
greatest	JJS	1
green	JJ	5	NNP	2
greeting	VBG	1
greets	VBZ	1
greg	NNP	1
grey	JJ	1
grinned	JJ	1
grocery	NN	1
ground	NN	14	NNP	1
group	NN	5
groups	NNS	3
grow	VB	2
grower	NN	1
growing	VBG	1
grumbled	VBD	1
guard	NN	1
guess	NNP	1
guest	NNP	1	NN	1
guide	NN	4
guided	VBN	1
gun	NN	2
gunfire	NN	1
guns	NNS	1
gunshots	NNS	1
guthrie	NNP	2
guy	NN	25	NNP	1
guy-talk	NNP	1
guys	NNS	3
gynecologist	NN	1
habit	NN	3
hacked	JJ	1
hacker	NNP	1
had	VBD	76	VBN	1
haemorrhoids	NNS	1
hair	NN	7	NNP	1
hairdryer	NN	1
half	PDT	6	NN	2
halfway	RB	1
hall	NN	1
halts	VBZ	1
ham	NN	1
hamburger	NN	2
hamburgers	NNS	1
hammer	VB	1	NN	1
hammered	VBN	1
hand	NN	16
handed	VBD	2	VBN	1
handey	NNP	2
hands	NNS	5	NNP	1
handy	NNP	1
hang	VBP	2	NNP	1
hanging	NNP	1
happen	VB	4
happened	VBD	5	VBN	3
happening	VBG	3
happens	VBZ	2
happily	RB	1
happiness	NN	1
happy	JJ	5	NNP	3
harassed	VBD	1
hard	JJ	12	NNP	1
hardcopy	NNP	1
harder	RBR	1
hardness	NNS	1
hardware	NN	1
hare	NNP	2	NN	1
harmonica	NN	1
harnessing	NNP	1
harry	NNP	1
harsh	JJ	1
has	VBZ	43
hash	NNP	1
hassling	VBG	2
hat	NN	2
hate	VBP	3	VB	1
hated	VBN	1
have	VBP	75	VB	44	NNP	2
having	VBG	10
he	PRP	254
head	NN	15	VB	1	NNP	1
headache	NN	1
headed	VBN	3
heading	VBG	2
headline	NN	1
headlines	NNS	1
headphones	NNS	1
heads	VBZ	1
health	NN	3
healthy	JJ	1
heap	NN	1
hear	VB	7	VBP	5
heard	VBD	7	VBN	3	NNP	1
hearing	VBG	2
hears	VBZ	5
hearse	NNP	1
heart	NN	13
heartfelt	JJ	1
heat	NN	1
heated	JJ	2
heating	NNP	1
heaven	NNP	8	NN	6
heavens	NNS	2
heavily	RB	1
heavy	JJ	1
hebrew	NNP	1
hebrews	NNP	2
heck	NN	1
height	NN	3
heinz	NNP	1
held	VBN	1
helen	NNP	2
hell	NN	3
hello	UH	6
helloooooo	NNP	1
helmet	NN	1
help	VB	8	NNP	1	NN	1
helpful	NNP	1
helps	VBZ	2
hemingway	NNP	1
her	PRP$	60	PRP	6
herding	VBG	1
here	RB	29
hereafter	RB	3
hermit	NN	2	NNP	1
herself	PRP	1
hesitates	NNS	2
hey	NNP	9
hiccups	NNS	2
hidden	VBN	1
high	JJ	4	NNP	2
high-speed	JJ	1
high-stress	JJ	1
high-tech	JJ	1
highly	RB	1
hiked	VBN	1
hiking	NN	2
hill	NNP	1	NN	1
him	PRP	89
himself	PRP	5
hint	NNP	1
hints	NNP	1
hiring	NNP	1
his	PRP$	189
history	NN	2
hit	VBD	4	VBN	3	VB	2
hitched	VBN	1
hits	VBZ	2
hmmm	NNP	4
hockey	NN	1
hokay	NNP	1
hold	VB	3	NN	1
holding	VBG	2
holds	VBZ	1
hole	NN	4
holidays	NNS	5	NNP	1
hollered	JJ	1
holy	NNP	2
home	NN	15	NNP	3	RB	1
homer	NNP	1
honest	JJ	1
honey	NNP	6	NN	1
honor	NN	1
honour	NN	1
hop	NN	1
hope	VBP	1	NN	1
hopefully	NNP	1
hoping	VBG	1
horn	NN	1
horribly	RB	1
horrific	JJ	1
horse	NN	22	NNP	1
horses	NNS	9
hospital	NN	3
hospitalization	NN	1
hot	JJ	5	NNP	2
hotel	NN	4
hound	NN	1
hour	NN	10
hours	NNS	10
house	NN	15	VBP	1	NNP	1
household	NN	1
housewife	NN	2
housework	NNP	2	NN	1
hover	NN	1
hovering	VBG	1
how	WRB	82	NNP	1
however	RB	8
hug	NN	1
huge	JJ	3
huh	NNP	1	NN	1
hull	NN	1
human	JJ	4	NNP	2
human-development	JJ	1
humble	JJ	1
humor	NNP	1	NN	1
hundred	CD	3
hundreds	NNS	2
hungry	JJ	2
hunter	NN	2	NNP	1
hunting	NN	2
hurdle	NN	1
hurry	VB	1	NN	1
hurt	VBN	2
hurts	VBZ	1
husband	NN	19	NNP	4
husbands	NNS	2
husky	JJ	1
hutch	NN	1
hutterite	NNP	1
hydrant	NN	1
hydro-	NNP	1
hydrogen	NN	1
hymns	NNP	1
hyperbole	NN	1
hypochondria	NN	1
i	PRP	367	NNP	1	NN	1
ice	NN	2	NNP	1
icon	NN	1
icy	NN	1
idea	NN	8
ideas	NNS	2
identical	JJ	1
identification	NN	1
identify	VBP	1
idiom	NN	1
idiot	NN	2
if	IN	103
ignorance	NN	1
ignore	VB	2
ignored	VBD	1
ill	JJ	2
illegal	JJ	2
imagine	VB	1
imagined	VBD	1
imitation	NN	2
immaculate	NN	1
immediately	RB	4	NNP	1
immense	JJ	1
impersonal	NN	1
impersonators	NNS	1
implemented	VBN	1
imply	VBP	1
important	JJ	1
impossible	JJ	2
impressive	JJ	1
imprinting	NNP	1
improper	JJ	1
improve	VB	2
improves	VBZ	1
impulse	NNP	1
in	IN	336	RP	1
in-laws	NNP	1
inch	NN	1
inches	NNS	3
incident	NN	2
incidents	NNS	1
inclination	NN	1
included	VBN	1
including	VBG	1
income	NN	1
incompetence	NNP	1
incompetent	JJ	1
incomprehensible	NN	1
inconvenience	NN	1
increase	VB	3
incredible	NNP	1	JJ	1
incredibly	RB	1
indecision	NNP	1
independent	JJ	1
indian	JJ	16
indians	NNPS	2
indication	NN	1
indicator	NN	1
indicators	NNS	1
individuals	NNS	1
indoor	NNP	1
indoors	RB	1
indulge	VB	1
inevitable	JJ	2
inexplicable	JJ	1
infinitive	JJ	1
inform	VB	1
information	NN	4
ingredients	NNS	1
initial	JJ	1
injun	NNP	1
injuries	NNS	2
injury	NN	1
ink	NN	2
inner	JJ	1
inquired	VBD	1
inquiry	NN	2
insect	NN	1
insects	NNS	1
insert	NNP	1
inserting	NNP	1
insex	NNP	1
inside	IN	4	NNP	2	JJ	1
insight	NN	1
insist	VBP	1	VB	1
insisted	VBD	1
insomnia	NN	1
installed	VBD	2
installing	VBG	1
instant	JJ	1
instantly	RB	1
instead	RB	4
instructing	VBG	1
instruction	NN	1
instructions	NNP	1	NNS	1
instructor	NN	2
instructs	VBZ	1
insurance	NNP	2
intellect	NN	1
intelligence	NN	1
intent	NN	1
intention	NN	1
intercom	NN	2
interest	NN	1
interested	NNP	1	JJ	1
interesting	NNP	1	JJ	1
internal	NNP	1	JJ	1
international	NNP	1
internet	NNP	1
interrupted	VBN	1
interviewed	VBN	1
into	IN	70	NNP	1
intrigued	VBN	1
introduced	VBD	1
introducing	VBG	1
invariably	RB	1
invented	VBD	3	VBN	1
inverse	NN	1
invested	VBD	2
investigate	VB	2
investing	VBG	1
investment	NN	1
invests	VBZ	1
invite	NNP	1
invited	VBN	1	VBD	1
involve	VBP	1
involved	VBN	1
involvement	NN	1
ireland	NNP	2
irish	JJ	5	NNP	2
iron	VB	1	NNP	1	NN	1
irrational	JJ	1
irregardless	JJ	1
irs	NNP	3
is	VBZ	321
issue	VB	1	NN	1
it	PRP	324
italian	JJ	2	NNP	1
italians	NNPS	1
itch	NN	1
its	PRP$	18
j	NNP	1
jack	NNP	2
jacket	NN	1
jacuzzi	NN	1
jake	NNP	9
japanese	JJ	5
jaws	NNS	2
jeans	NNS	1
jeff	NNP	1
jell-	NNP	1
jell-o	NNP	1
jerked	VBN	1
jesus	NNP	11
jet	NN	1
jethro	NNP	1
jeweller	NN	3
jewellery	NN	2
jewish	NNP	1
jews	NNPS	2
jimmy	NNP	2
joan	NNP	1
job	NN	11	NNP	1
joe	NNP	7
john	NNP	1
johnny	NNP	1
joined	VBD	1
joke	NNP	5
jokes	NNP	1
joking	VBG	1
jones	NNP	1
joseph	NNP	1
josh	NNP	1
joshua	NNP	2
journey	NN	1
ju	NN	1
juan	NN	1
judge	VB	1
judged	VBN	1
judo	NNP	1	NN	1
juice	NN	1
july	NNP	6
jump	VBP	1
jumped	VBD	5	VBN	1
jumps	NNS	2
jungle	NN	1
junior	NN	1
just	RB	60
justice	NNP	1
kablam	NNP	1
kahn	NNP	1
kay	NN	1
keep	VB	11	NNP	3	VBP	1
keeper	NN	4
keepers	NNS	1
keeping	VBG	1
keeps	VBZ	1
kemosabe	NNP	1
kenyan	NNP	1
kept	VBD	5
kettle	NN	3
key	NNP	2	NN	2
keyboard	NNP	1	NN	1
keys	NNS	3
kicked	VBD	1
kid	NN	1
kids	NNS	6	NNP	1
kill	VB	5
killed	VBN	1	VBD	1
killing	VBG	3
kills	VBZ	1
kind	NN	6
kindly	RB	1
kindness	NN	1
kinds	NNS	1
king	NN	1
kippur	NNP	1
kiptanui	NNP	1
kiss	NNS	2
kissed	JJ	1
kisses	NNS	1
kissing	VBG	1
kitchen	NN	10
kitten	NN	2
knead	NN	1
kneels	NNS	1
knees	NNS	3
knew	VBD	1
knife	NN	1
knock	NN	3	VB	1	NNP	1
knocked	VBD	2
knocking	VBG	1
knocks	VBZ	1
know	VBP	18	VB	13	NNP	2	NN	1
knowing	VBG	4
knowledge	NN	3
known	JJ	1	VBN	1
knows	VBZ	4
knuckles	NNS	1
korean	JJ	1
krutch	NNP	1
kursk	NNP	5
la	FW	7	NNP	3
lab	NNP	1
label	NN	1
labor	NN	4
laboratory	NN	1
labrador	NNP	2
laced	NNP	1
lacerate	NN	1
lacerations	NNS	1
ladder	NN	4
lady	NN	13	NNP	1
laid	VBN	2
lake	NN	1
lamp	NN	3
lan	NNP	1
land	NN	1
landing	NNP	1	NN	1
lands	NNS	2
language	NN	3
lap	NN	1
lapping	VBG	1
lard	NNP	1
large	JJ	7
larger	JJR	3
last	JJ	18	NN	2	VB	1
late	RB	3
later	RB	26	JJ	1
latest	JJS	1
latin	NNP	1
latitude	NN	1
latrine	NN	1
laughing	VBG	1
laughs	VBZ	1
laughter	NNP	1	NN	1
laundry	NNP	2
lavish	JJ	1
law	NNP	2	NN	1
lawn	NN	1
laws	NNP	2	NNS	1
lawyer	NN	6
lay	VBP	2	VB	1
laying	VBG	1
lbs	NNS	3
le	DT	2	NNP	1
lead	VB	1	JJ	1
leader	NN	1
leading	VBG	1
leads	VBZ	1
leaf	NN	1
leaked	VBN	1
lean	VB	1
leaned	VBD	2
leaning	NNP	1
leans	VBZ	5
leap	VBP	1	VB	1	NN	1
leapfrog	VB	1
leapt	VBD	1
learn	NNP	3	VBP	2	VB	1
learning	NNP	2
leash	NN	1
least	JJS	5
leave	VB	4
leaves	VBZ	1
lebowitz	NNP	1
lectured	VBD	1
led	VBD	3	VBN	2
left	VBD	6	VBN	5	JJ	1
left-turn	JJ	1
leg	NN	5
legendary	JJ	1
legs	NNS	5
lend	VBP	1	VB	1
lengthy	JJ	1
lent	VBN	1
leopard	NN	12
leroy	NNP	1
less	JJR	2	RBR	1
lessen	VB	1
lessons	NNS	1
let	VB	15	VBP	1	NNP	1
lets	VBZ	1
letter	NNP	2	NN	2
letters	NNS	1
level	VBP	1	NN	1
levy	VB	1
lexicological	JJ	1
liabilities	NNS	1
liam	NNP	2
liar	NN	1
library	NN	2	NNP	1
licenses	NNS	1
lick	NN	2
lid	NN	1
lids	NNS	3
lie	VBP	1	VB	1	NNP	1
liebman	NNP	1
lies	VBZ	1
life	NN	21	NNP	6
lifetime	NN	2
lift	VB	2	NN	1
light	JJ	7	NN	5	VB	1
lighted	VBN	1
lighten	VB	1
lighter	JJR	2
lighting	VBG	1
lightning	NN	1
lights	NNS	4	NNP	1
like	IN	33	VBP	12	VB	6	NNP	2
liked	VBD	2
likely	JJ	1
limb	NN	1
limits	NNP	1
limp	JJ	1
lincoln	NNP	3
line	NN	5	NNP	1
lingerie	NNP	1	NN	1
lingering	VBG	1
link	VB	1
linking	VBG	1
linoleum	NNP	1
lip	NN	1
lips	NNS	1
lipstick	NN	2
lipton	NNP	1
liquid	NNP	1
list	NN	1
listed	VBN	2
listen	VB	4
listening	VBG	3	NNP	2
little	JJ	24	RB	12	NNP	3
live	VBP	4	VB	3	NNP	1
lived	VBD	2	VBN	1
lives	VBZ	1	NNS	1
living	VBG	7
living-impaired	JJ	1
load	VB	2	NN	2
loaded	VBD	2	VBN	1
loads	NNS	1
loan	NN	1
local	JJ	9	NNP	1
locals	NNS	1
location	NN	1
locutions	NNS	1
log	NN	1
logic	NN	2
logical	JJ	1
logically	RB	1
london	NNP	1
lone	NNP	8
long	JJ	19	RB	4	NNP	1
long-term	JJ	1
longer	RB	2	RBR	1	JJR	1
longest	JJS	1
longitude	NN	1
look	VB	20	VBP	6	NNP	1	NN	1
looked	VBD	10
looking	VBG	12
looks	VBZ	7	NNP	2	NNS	1
loose	JJ	1
lord	NNP	2	NN	1
lose	VBP	1	VB	1
loses	VBZ	1
losing	VBG	2
lost	VBN	6	VBD	3	NNP	1
lot	NN	16
lots	NNS	1
lottery	NNP	1
loud	JJ	4
louder	JJR	2	RBR	1
loudly	RB	1
louisiana	NNP	1
lounge	NN	1
love	VBP	6	NN	5	NNP	1	VB	1
loved	VBD	1
lovely	JJ	1
lover	NN	1
low	JJ	3	NNP	1
lowe	NNP	1
lower	JJR	3
lowered	VBN	1
lowering	NNP	1
luck	NN	4
lucky	JJ	1
lunch	NN	3	NNP	1
lunches	NNS	2
lush	JJ	1
luxury	NN	1
lying	VBG	3
m	NNP	4	NN	3
ma'am	NNP	3	NN	1
mac	NNP	1
mace	NNP	6
machine	NN	1
machinery	NNP	1
machines	NNS	1
mad	JJ	1
made	VBD	11	VBN	8
mail	NN	2	NNP	1
mailed	NNP	1
mailmen	NNS	1
main	NNP	1	JJ	1
mainly	RB	1
maintenance	NN	1
maison	NN	1
major	JJ	1
make	VB	16	VBP	7	NN	3
maker	NN	1
makes	VBZ	7
maketh	NN	1
making	VBG	4
male	NNP	2	JJ	1
males	NNS	3
malfunction	NN	1
mall	NN	1
mama	NN	1
man	NN	100
managed	VBD	1
management	NN	3	NNP	2
manager	NN	4
managing	NNP	1
mandatory	JJ	1
mandela	NNP	3
mangiest	NN	1
mangy	NN	1
manner	NN	1
mansion	NN	1
manual	JJ	1
many	JJ	13
map	NN	1
marathon	NNP	1
marble	NN	1
marcum	NNP	1
margaret	NNP	1
mario	NNP	1
marital	JJ	2
mark	NNP	1
market	NN	1
marks	NNS	2	NNP	1
marriage	NN	4
marriages	NNS	1
married	VBN	6	JJ	2
marry	VB	1
marty	NNP	1
mary	NNP	3
masculine	JJ	5
master	NN	2
mastermind	NN	1
masterson	NNP	1
match	VB	1	NN	1
mate	NNP	2	NN	1
material	NN	1
maternity	NN	1
matter	NN	5	VB	1
may	MD	9	NNP	3
maybe	RB	1
mcdonald	NNP	1
me	PRP	104	NNP	2
meadow	NN	1
meal	NN	2
mean	VBP	6	VB	3
meaningfully	RB	1
meaningless	JJ	1
means	VBZ	4
meant	VBD	1
meanwhile	RB	2
meat	NN	1
mechanic	JJ	5
medical	NNP	1	JJ	1
medicine	NN	1
medium	NN	1
meeee	NN	1
meet	VB	2	VBP	1
meeting	NN	1
meetings	NNS	1
megahertz	NNP	1
mel	NNP	1
melvin	NNP	5
member	NN	1
memory	NN	6	NNP	1
men	NNS	12	NN	4	NNP	1
mentally	RB	1
menu	NN	2	NNP	1
menus	NNS	1
meowed	JJ	1
merchandise	NN	1
mere	JJ	1
merely	RB	1
merge	VB	1
merrier	NN	1
message	NN	6
messes	NNS	1
met	VBD	4
metaphor	NN	1
metaphors	NNP	1
metaphors--even	JJ	1
meteorologist	NN	1
method	NN	1
mexican	JJ	4	NNP	1
mi	NNP	1
mice	NNS	1
michael	NNP	1
mickey	NNP	1
micro	NNP	1
microphone	NN	1
microsoft	NNP	1
microwave	NN	1
mid	JJ	1
mid-	NNP	1
middle	NN	2	NNP	1
midnight	NN	1
midway	NN	1
might	MD	4
mightier	NN	2
mile	NN	1
milepost	NN	3
miles	NNS	3
military	NN	1
milk	NN	4	VB	1
mill	NN	1
miller	NNP	1
millicent	NNP	1
millimeter	NN	1
million	CD	6
millisecond	NN	1
mind	NN	6	VB	2	NNP	1
minded	VBD	2
mine	NN	3
miners	NNS	1
mineshaft	NN	3
minister	NN	3
ministry	NN	1
minnie	NNP	2
minor	JJ	1	NN	1
minter	NNP	1
minute	NN	3
minutes	NNS	14	NNP	1
miracle	NN	1
mirror	VBP	1	NNP	1
mischief	NN	1
miser	NNP	1
miserable	JJ	1
misers	NNP	1
misery	NN	1
misguided	JJ	1
mispelling	VBG	1
miss	VB	1
missed	VBD	1
missing	VBG	4
missionary	JJ	5
misspelled	JJ	1
missus	JJ	1
mistake	NN	3
mistakes	NNS	2	NNP	1
mixed	JJ	2
mobile	JJ	2
model	NN	2
modeled	VBN	1
modem	NNP	1
modern	JJ	2
modest	JJ	1
mom	NN	5
moment	NN	6
moments	NNS	3
momma	NNP	1
mommy	NNP	1
monday	NNP	2
money	NN	10	NNP	2
monkey	NN	5
monogamy	NNP	1
monorail	NN	1
monotony	NN	1
montaaaaaaaana	NNP	1
montana	NNP	1
month	NN	4
monthly	JJ	1
months	NNS	5
monty	NNP	1
moody	NN	1
moon	NN	1
mopping	VBG	2
moral	NNP	1
morale	NN	1
more	JJR	31	RBR	12
morning	NN	12	NNP	1
morny	NNP	1	NN	1
morphologies	NNP	1
morse	NNP	2
mortally	RB	1
mortgage	NN	1
moses	NNP	4
most	JJS	8	RBS	7
mostly	RB	1
moth-eaten	JJ	1
mother	NN	15	NNP	7
mother-in-	NNP	1
mother-in-law	NN	1
mothers	NNS	2
motion	NNP	1	NN	1
motionless	JJ	1
motivate	VB	1
motor	NN	1
motorcycle	NN	1
motorist	NN	1
mountain	NN	1
mounted	VBD	1
mouse	NNP	1	NN	1
mouth	NN	6	NNP	1
mouths	NNS	2
move	VB	3	NN	2
moving	VBG	2
mr	NNP	5
ms	NNP	2
much	JJ	13	RB	8
muffin	NN	2
muffins	NNS	2
muffler	NN	1
mug	NNP	1
mules	NNS	1
multiply	VB	3	VBP	1
mumbo-jumbo	JJ	1
murphy	NNP	1
murray	NNP	1
muscles	NNS	1
music	NN	2	NNP	1
musician	NN	1
muslims	NNPS	1
must	MD	23
muttered	JJ	1
mutual	JJ	1
my	PRP$	123	NNP	4
myrddin	NNP	1
myself	PRP	4	NNP	1
mysteries	NNS	1
n	NN	4	NNP	1
n't	RB	162
nag	NNP	1
nagging	JJ	1
nail	VB	1
naked	NNP	1	JJ	1
name	NN	13	VB	1
named	VBD	2	VBN	2
nanoseconds	NNS	1
napping	VBG	1
narrow	JJ	1
national	NNP	4	JJ	1
nationality	NN	1
native	JJ	1
nature	NN	1
naw	NNP	1
ne	NNP	1
near	IN	1
nearby	JJ	1
nearest	JJS	3
nearly	RB	5
necessary	JJ	6	NNP	1
neck	NN	2	NNP	1
necklace	NN	1
need	VBP	6	VB	2	MD	2
needed	VBD	5	VBN	3	NNP	1
needless	JJ	1
needs	VBZ	3
negatives	NNS	1
neighbor	NN	8
neighbors	NNP	1
neighbours	NNS	2
neither	DT	3
nelson	NNP	6
nerve	NN	2
network	NNP	2	NN	1
nevada	NNP	1
never	RB	38
new	JJ	19	NNP	8
news	NN	3
newsboy	NN	2
newsletter	NN	1
newspaper	NN	2
newspapers	NNS	2
next	JJ	18
next-door	JJ	1
nibble	NN	1
nice	JJ	2
nickel	NN	2
night	NN	15
nights	NNS	1
nine	CD	1
nine-	NNP	1
nineteen-	NNP	1
nissan	NNP	1
no	DT	56	UH	6	RB	1	NNP	1
noah	NNP	4
nobel	NNP	1
noble	NNP	1
nobody	NN	6
nodded	JJ	1
noise	NN	2	NNP	1
nominally	RB	1
nominate	VB	1
nominated	JJ	1
non-skiers	JJ	1
non-smoking	JJ	1
none	NN	2
noon	NN	2
normal	JJ	1
norman	NNP	1
north	RB	1	JJ	1
nose	NN	5
not	RB	89	NNP	14
note	NN	2	VB	1
nothin	NN	1
nothing	NN	13
notice	NN	2	VB	1
noticed	VBD	2	VBN	1
notices	NNS	3
notion	NN	1
notre	NNP	1
noun	NN	1
nouns	NNS	2
now	RB	34
nowhere	RB	1
nt	NNP	1
nudges	NNS	1
number	NN	10
numbered	VBN	1
numbers	NNS	2
nurses	NNS	2
nuts	NNP	2	NNS	2
nytol	NNP	1
o	NNP	3	NN	1
o'clock	RB	2
oats	NNS	1
obeyed	JJ	1
obfuscation	NN	1
object	VBP	1
objected	VBD	1
objects	NNP	1
oblivion	NN	1
observations	NNP	1
observe	VB	2
obsolescence	NNP	1
obsolete	JJ	1
obtain	VB	1
obvious	JJ	1
obviously	RB	3
occasion	VB	1
occupation	NN	2
occurred	VBD	2	VBN	1
occurring	VBG	1
occurs	VBZ	1
ocean	NN	2	NNP	1
oceanography	NN	1
oceans	NNS	1
october	NNP	1
odor	NN	1
of	IN	436	RP	1
off	RP	22	IN	15	NNP	1
offbeat	NNP	1
offence	NN	1
offer	VB	1	NN	1
offered	VBN	3	VBD	1
offering	VBG	3
offers	VBZ	1
office	NN	11	NNP	1
officer	NN	2
officially	RB	1
officials	NNS	1
often	RB	6
oh	UH	12	NNP	2
oil	NN	2	NNP	1
oiling	VBG	1
ok	JJ	5
okay	JJ	1	UH	1
old	JJ	27	NNP	1
older	JJR	5
olive	JJ	1
omit	VB	1
omitting	NNP	1
on	IN	217	NNP	5	RB	1
once	RB	9
oncoming	VBG	1
one	CD	120	NN	4	PRP	1
one-	NNP	1
one-word	NNP	1
ones	NNS	3
ongoing	JJ	1
online	NNP	1
only	RB	13	JJ	5	NNP	1
onto	IN	4
oohed	JJ	1
oooh	NNP	1
ooooooh	NNP	1
oooooooover	NN	1
oooover	NN	1
open	NNP	4	JJ	4	VB	3
open-book	JJ	1
open-minded	JJ	1
opened	VBD	3
opening	NNP	2	VBG	2	NN	1
opens	VBZ	4
opera	NNP	2
operate	NNP	1
operated	VBN	1
operates	VBZ	1
operating	VBG	3
operation	NN	2
operator	NN	3
opinion	NN	2	NNP	1
opponent	NN	1
opportunity	NN	1
opposed	VBN	1	VBD	1
opposing	VBG	1
opposite	JJ	3	NN	1
opposites	NNS	1
optical	JJ	1
options	NNS	1
or	CC	44	NNP	5
oral	NNP	1
orange	NN	1
orchestra	NN	1
order	NN	3	NNP	1
ordered	VBD	1
orders	NNS	2	VBZ	1
organ	NN	1
organisations	NNS	1
organization	NN	3
original	JJ	1
originator	NN	1
os	NNP	2
oscar	NNP	1
ostrich	NN	1
ostriches	NNS	1
other	JJ	40	NNP	2
others	NNS	7	NNP	1
our	PRP$	14
out	IN	78	RP	33	NNP	2
outcome	NN	1
outdone	VBN	1
outdoor	NNP	1	JJ	1
outdoors	RB	1
outfit	NN	1
outlook	NNP	3
outrageous	JJ	1
outrun	NN	2
outside	IN	7	JJ	2
outstanding	JJ	1
outstretched	JJ	1
oval	NNP	1
oven	NN	1
over	IN	30	RB	6
overboard	RB	1
overcoming	NNP	1
overgrown	NN	1
overhead	NN	2
overheads	NNS	1
overheard	NN	1
overlook	VBP	1
oversee	VB	1
overturned	JJ	1
overuse	NN	1
ow	NNP	4
owe	VBP	2
own	JJ	5
owned	VBN	1
owner	NN	5
owners	NNS	1
owning	VBG	1
owns	VBZ	4
oyster	NN	1
p	NN	1
pack	VBP	1
package	NN	1
packages	NNS	1
packaging	NN	1
packet	NN	2	NNP	1
packing	NNP	1
pact	NN	1
pad	NNP	1
pads	NNS	1
page	NN	2
pages	NNS	1
paid	VBD	1
pain	NN	4
painful	JJ	1
painfully	RB	1
pair	NN	3	NNP	1
pairs	NNS	1
palin	NNP	1
pancake	NN	1
panic	NN	1
pans	NNP	1
pant	NN	1
panties	NNS	2
panting	VBG	1
pants	NNS	1
panty	NNP	2	NN	2
pantyhose	NN	1
paper	NN	6	NNP	1
papers	NNS	2
parachute	NN	1
paradox	NNP	1
paranoid	JJ	1
paranoids	NNP	1
pardon	NNP	1	NN	1
parenthetical	NNP	2
parenting	NNP	2
parents	NNS	3
paris	NNP	4
park	NNP	2
parked	JJ	1	VBD	1
parrot	NN	4
part	NN	6
partially	RB	1
participles	NNS	1
particular	JJ	2
particularly	RB	2
parts	NNS	2
party	NN	1
partying	VBG	2
pass	VB	2	VBP	1
passed	VBN	8	VBD	3
passenger	NN	1
passengers	NNS	4
passing	VBG	3
passive	JJ	1
passover	NNP	1
password	NNP	1	NN	1
past	JJ	2
pasta	NN	1
pastor	NN	3
pasture	NNP	1
pastures	NNS	2
patch	NN	1
path	NN	2
patient	NN	2
patients	NNS	1
patronizingly	RB	1
patrons	NNS	1
patted	JJ	1
pattern	NN	2
paul	NNP	1
pause	NN	10
paws	NNS	1
pay	VB	7	NN	2
paycheck	NN	1
paychecks	NNS	1
payday	NNP	1
paying	VBG	2
payments	NNS	2
peace	NN	3	NNP	1
peacefully	RB	1
peanuts	NNP	1	NNS	1
pearls	NNS	1
pearly	RB	1	NNP	1
pebble	JJ	2
pecking	VBG	1
peered	JJ	1
peering	VBG	1
pen	NN	2
penalty	NN	2
pencil	NNP	1
pending	VBG	2
pennsylvania	NNP	1
people	NNS	36
pepsi	NNP	1
per	IN	1
percent	NN	1
perfect	JJ	1
perfectly	NNP	1
perforations	NNS	1
performance	NN	4
performed	VBN	1
perhaps	RB	1
period	NN	1
perpetual	JJ	1
perry	NNP	1
persisted	VBD	1
person	NN	11
personal	JJ	1
personally	RB	2
perspective	NNP	2
pet	NN	4
peter	NNP	8
petty	JJ	1
pharmacist	NN	2
phone	NN	7
phone-call	JJ	1
phones	NNS	1
phonics	NNS	1
photocopier	NN	1
photocopying	VBG	1
photographic	JJ	2
phyllis	NNP	1
physical	JJ	1
physically	RB	1
piano	NN	4
pick	VBP	3	VB	3
picked	VBD	2
pickering	NNP	1
picks	VBZ	1
picture	NNP	1
pictures	NNS	2
piece	NN	2
pierced	JJ	1
pig	NN	4	NNP	1
pigs	NNS	2
pile	NN	2
pill	NNP	1
pillage	NN	1
pillar	NN	1
pills	NNS	4
pilot	NN	3
pin	NNP	1
piped	VBD	1
pisa	NNP	1
pistol	NNP	1	NN	1
pit	NN	1
piteously	RB	1
pits	NNS	1
pizza	NN	2	NNP	1
place	NN	10	VBP	1
placebo	NN	1
places	NNS	1
placing	NNP	1	VBG	1
plagiarism	NNP	1	NN	1
plague--they	JJ	1
plain	NNP	1
plan	NNP	1	NN	1
plane	NN	2
planned	VBN	2
planning	NN	1
plant	NN	1
planted	VBN	1
plants	NNS	3
plastic	NN	1
plate	NN	1
plateau	NN	1
platt	NNP	1
play	VB	5	VBP	2
played	VBD	1
players	NNS	1
playground	NN	1
playing	VBG	5
plays	VBZ	1
pleadingly	RB	1
please	VB	15	VBP	1	NNP	1
pleased	JJ	1
plentiful	JJ	1
plumber	NN	3
plumbing	NN	1
plural	NN	1
pm	NN	2
pms	NNP	2
pneumonia	NNP	1
pocketed	JJ	1
poet	NN	1
point	NN	6	VB	2	NNP	1
pointed	VBN	1	VBD	1
pointing	VBG	1
poison	NN	1
poker	NN	1
poking	VBG	1
poles	NNS	1
police	NN	5
policeman	NN	3
policemen	NN	1
policy	NN	1
polishing	VBG|NN	2
politely	RB	1
politics	NNS	1
poll	NN	2
ponder	NNP	1
pondered	JJ	1
pooch	NN	1
poof	NNP	3	NN	1
poofread	NNP	1
pool	NN	1
poor	JJ	4	NNP	1
pop	VB	1
pope	NNP	5
popes	NNS	1
popped	JJ	1
popular	JJ	1
porch	NN	4
porcupines	NNS	1
pork	NN	1
porsche	NNP	1
port	NN	2	NNP	1
portion	NNP	1
poscool	NNP	2
position	NN	3
possible	JJ	4
possibly	RB	1
post	NNP	1
postage	NN	1
postal	NNP	1
posted	VBD	1
postulates	NNS	1
posture	NNP	1
potatoes	NNP	1
potted	JJ	1
pottery	NNP	1	NN	1
poultery	NN	1
pounds	NNS	2
poured	VBD	1
pouring	VBG	2
power	NN	3	NNP	2
prayed	JJ	3
prayer	NNP	1
pre-recorded	JJ	1
precious	JJ	1
predecessors	NNS	1
predicate	NN	1
prediction	NN	1
prefix	NNP	2
pregnancy	NN	2	NNP	1
pregnant	JJ	8
prepare	VB	1
prepared	JJ	1
preparing	NNP	1
prepositions	NNP	1
prescribed	VBN	1
prescription	NN	4
presence	NN	3
presenting	VBG	1
president	NNP	1	NN	1
press	NN	2	VBP	1	NNP	1
pressed	VBD	1
presses	NNS	1
pressing	VBG	1
pressure	NN	1
pretend	VB	3
pretending	VBG	1
pretty	RB	7	NNP	3	JJ	1
prezackly	NNP	1
price	NNP	1
priest	NN	1
primary	JJ	1
principles	NNS	1
print	NN	2
printed	VBN	2
prison	NN	1
privacy	NN	1
private	JJ	1
privileges	NNS	1
prize	NNP	1
pro	FW	1
probability	NNP	1
probably	RB	11
problem	NN	3
problems	NNS	5
procedures	NNS	1
proceed	VB	1
proceeded	VBN	1	VBD	1
proceeding	VBG	2
processor	NN	1
proclaimed	VBD	1
proctor	NNP	2	NN	1
produce	VB	1
produced	VBD	2
product	NNP	2	NN	2
productivity	NN	1
products	NNS	1
profane	NN	1
profanity	NNP	1
professor	NN	1
profiles	NNS	1
profit	VB	1
profusely	RB	1
program	NN	3
programmers	NNS	1
projected	NNP	1
promise	NN	1
promised	VBD	2
promoting	NNP	1
promptly	RB	2
pronoun	NN	1
pronouns	NNS	1
proof	NN	3	NNP	1
proofs	NNP	2
proper	JJ	2
properly	NNP	2
proportional	JJ	3
proposed	VBN	1
proprietor	NN	4
protect	VB	1
protection	NNP	1	NN	1
proud	JJ	4
proud-looking	JJ	1
proudly	RB	1
proverb	NN	1
proverbs	NNS	1
provide	VB	1
provided	VBN	1
provides	VBZ	3
providing	NNP	1
prunes	NNS	1
pry	NNP	1
psychiatrists	NNP	1
psychic	NNP	1
psychological	JJ	1
psychology	NNP	1
public	NNP	1
publish	VB	1
published	VBN	1
pudding	NNP	1
pull	VB	2
pulled	VBD	2	VBN	1
pulley	NN	2
pulls	VBZ	1
pulse	NN	1
pun	NNP	1
pundit	NNP	1
purchase	NNP	1
purely	RB	1
purpose	NN	2
pursues	VBZ	1
pursuit	NN	1
push	VBP	4
pushes	VBZ	1
put	VBP	10	VB	7	VBN	2	NN	1	VBD	1
puts	VBZ	1
puzzled	VBN	1	VBD	1
pyramid	NN	3
python	NNP	1
q	NNP	21
quack	UH	1
quality	NN	1
quantity	NN	1
quarter	NN	1
queen	NNP	1
query	NN	1
question	NN	2	NNP	1
questionable	JJ	1
questions	NNS	5
quick	JJ	3	NNP	2
quickies	NNP	1
quickly	RB	5	NNP	1
quicksand	NN	1
quid	NN	1
quiet	JJ	6	NNP	1
quieted	VBD	1
quinn	NNP	1
quit	VBD	2	NNP	1
quite	RB	7
quitters	NNS	1
quiver	NN	1
quo	NN	1
quotations	NNS	2
quote	VB	1
quotes	NNP	2
rabbit	NN	3	NNP	1
rabbits	NNS	5	NNP	1
race	NN	3
raced	VBD	2
radio	NN	1
raft	NN	1
raging	VBG	1
ragtime	NN	1
railroad	NN	3
rain	NN	3
rainbow	NNP	1
rained	VBD	1
raise	VB	4	VBP	1
raised	VBD	1
raising	VBG	2
raisins	NNS	1
rake	NN	1
ralph	NNP	1
ran	VBD	4	NNP	1
rancher	NN	2
random	JJ	1
rang	VBD	2
range	NN	2	NNP	1
ranger	NNP	8
rapid	JJ	3
rare	JJ	2
rarely	RB	1
rate	NN	1
rather	RB	2
rational	JJ	1
rats	NNP	2	NNS	2
rattlesnakes	NNS	1
ray	NNP	1
re	NNP	2	NN	1
re-built	JJ	1
re-think	JJ	1
reach	VBP	1	NNP	1	VB	1	NN	1
reached	VBD	3	VBN	1
reaches	VBZ	1
read	VBP	4	NNP	4	VB	3
reading	VBG	2	NN	1
ready	JJ	6
real	JJ	2
realised	JJ	1
reality	NN	2
realize	VBP	1
realized	VBD	3
realizing	NNP	1
really	RB	24
reason	NN	3
reasonable	JJ	2
reasons	NNS	2	NNP	1
reassuring	JJ	1
reboot	NN	4	NNP	1
recalling	NNP	1
receive	VB	2	NNP	1
received	VBN	5	VBD	1
receiver	NN	2
recent	JJ	3
recently	RB	3
receptor	NN	1
recipes	NNS	1
recited	JJ	1
reclassifying	NNP	1
recluse	NN	1
recognized	VBN	1
recommendation	NN	1
recorded	JJ	2	VBD	2
recover	VB	1
recovered	VBN	2
recovering	VBG	2
rectory	NN	1
red	JJ	3	NNP	1
redhead	NN	1
redneck	NNP	1
reduced	VBD	1
redundant	JJ	2
refer	VBP	2
refrain	NN	1
refuse	VB	1
regained	VBD	1	VBN	1
regarding	VBG	1
registration	NN	2
regret	VBP	1
regrettably	RB	1
regular	JJ	2	NNP	1
regularity	NN	1
regulations	NNPS	1
related	NNP	1
relationship	NNP	2	NN	1
relatives	NNP	1	NNS	1
relaxing	VBG	2	NNP	1
relevant	JJ	1
reliable	JJ	1
relief	NN	1
relieve	VB	1
religion	NN	2
religious	NNP	1	JJ	1
reluctantly	RB	1
remains	NNS	1
remarked	VBD	1
remarks	NNS	1
remember	VBP	8	VB	7	NNP	2
remembers	VBZ	1
remind	VB	2
reminiscing	VBG	1
remote	JJ	2	NNP	1
remove	VB	1
removing	VBG	1
rent	NN	1
repair	VBP	1
repaired	VBD	1
repay	VB	1
repayment	NN	1
repayments	NNS	1
repeat	NN	3	VB	2
repeatedly	NNP	1
replace	VB	1
replaced	VBN	1
replied	VBD	37
replies	VBZ	6
reply	NN	4
report	NN	6	VB	1
reported	VBD	4
reporters	NNS	1
reports	NNS	1
repossessed	JJ	1
representing	VBG	1
reprove	VB	1
reputation	NN	1
request	VBP	2	VB	1	NN	1
requested	VBD	1
require	VB	2	VBP	1
required	VBN	6	VBD	2
requirements	NNS	1
requires	VBZ	1
rescue	NN	3
rescuers	NNS	1
research	NN	4
reservation	NN	1
reservations	NNS	1
responded	VBD	3
responding	VBG	2
responds	VBZ	1
response	NN	3	NNP	1
responsibilities	NNS	1
responsibility	NNP	1
responsible	JJ	1
rest	NN	2
restaurant	NN	3
restaurants	NNS	1
resting	VBG	1
restructuring	VBG	1
result	VB	1	NN	1
retain	NNP	1
retirement	NN	2
retouched	JJ	1
retracted	VBD	1
retrieval	NN	1
retrieve	VB	1
retriever	NNP	3
return	VBP	1	VB	1
returned	VBD	8	VBN	2
returning	VBG	1
returns	NNS	2	VBZ	1
revealing	VBG	1
revelation	NNP	1
revenue	NNP	1
reverend	NNP	1
revive	VB	2
reward	NN	1
rewriting	NNP	1
rhetorical	JJ	1
rib	NN	1
rich	JJ	2
rid	JJ	1
ride	VB	2	VBP	1	NN	1
riders	NNS	2
riding	VBG	1
rifle	NN	1
right	NN	20	JJ	14	RB	9	NNP	1
righteousness	NNS	1
ring	NN	2	NNP	1
rink	NN	1
rinse	NN	1
rise	VB	1
risen	VBN	1
rising	VBG	1
risky	JJ	1
rita	NNP	1
rite	NN	9
river	NN	8
road	NN	5
roadside	NN	1
roared	JJ	1
robbed	VBN	1
robert	NNP	1
roberts	NNP	1
rock	NN	2
rocker	NN	1
rockers	NNS	1
rocket	NN	1
rocks	NNS	2	NNP	1
roger	NNP	1
roles	NNP	1
rolled-up	JJ	1
rom	NNP	1
romanticism	NNP	2
rome	NNP	2
ron	NNP	1
roof	NN	3
room	NN	24	NNP	2
room-service	JJ	2
rooms	NNS	1
rooster	NN	2
rope	NN	5
rose	VBD	2	NNP	1
roseanne	NNP	1
roses	NNP	1
roughly	RB	1
round	NN	1
rounds	NNS	2
route	NN	1
row	VB	1	NN	1
rowboat	NN	1
rowenta	NNP	1
rs	NNP	15
rubbed	VBD	1
ruckus	JJ	1
ruder	NN	1
rudner	NNP	1
ruin	NNP	3	VB	1
rule	NNP	1
rules	NNS	2
run	VB	6	VBP	2
runners	NNS	1
runnin	NN	1
running	VBG	6
runs	VBZ	4
runway	NN	1
rupture	NN	1
rush	NN	1
rushed	VBD	4
rushing	VBG	1
russia	NNP	1
russian	JJ	4
russians	NNPS	3
rust	NN	1
rut	NN	1
rv	NN	1
rye	NN	2	NNP	1
s	NNP	1
s-	NNP	1
s-sorry	JJ	1
sad	JJ	1
saddle	NN	2
sadie	NNP	5
sadly	RB	4
safe	JJ	2
safely	RB	3
safety	NN	1
said	VBD	107	VBN	3
sainsbury	NNP	1
sake	NN	1
salary	NN	2
sale	NN	1
salt	NN	1
salvage	VB	1
same	JJ	19
sampler	NN	1
san	NNP	2	NN	1
sand	NN	2
sandwiches	NNS	1
sank	VBD	1
santa	NNP	1
sarcastically	RB	1
sat	VBD	7
saturday	NNP	2
saucer	NN	5
save	VB	3	NNP	2
saved	VBD	1
saves	VBZ	2
saw	VBD	16
sawmill	NN	1
say	VBP	8	VB	6
saying	VBG	7
sayings	NNS	1
says	VBZ	48
scales	NNS	1
scalp	NN	1
scam	NN	2
scan	VB	1
scapegoat	NN	1
scare	VB	1	NNP	1
scared	VBN	2
scavenge	NN	1
scenic	JJ	1
schedules	NNS	1
scholars	NNP	1	NNS	1
scholastic	NNP	1
school	NN	7	VB	1	NNP	1
schoolwork	NN	1
scientists	NNS	4
scolded	VBN	1
scoop	NNP	1
scouts	NNP	2
scrambled	VBD	1
scrap	NN	1
scream	VB	1	NN	1
screamed	VBD	5
screaming	VBG	5
screams	VBZ	1
screen	NN	4	NNP	1
screw	NN	1
scroungiest	NN	1
scruff	NN	1
scsi	NNP	1
sea	NNP	1	NN	1
seagal	NNP	1
seaman	NNP	31
seance	NN	1
search	NN	1
searched	VBD	3
sears	NNP	1
season	NN	6
seat	NN	2	NNP	1
seater	NN	1
second	JJ	6	NNP	1
seconds	NNS	1
secret	JJ	4
section	NN	5
securing	NNP	1
security	NNP	1	NN	1
see	VB	29	VBP	9
seeing	VBG	4
seekers	NNS	1
seeking	VBG	1
seem	VBP	2
seemed	VBD	4
seems	VBZ	3
seen	VBN	10
sees	VBZ	9
seine	NNP	1
seinfeld	NNP	1
seizing	VBG	1
seizures	NNS	1
selecting	VBG	1
self	NN	1
selfish	JJ	1
sell	VB	3	VBP	1
selling	VBG	2
sells	VBZ	1
semi-annual	JJ	1
semi-solid	NNP	1
seminars	NNP	2
send	VBP	1	VB	1
sending	VBG	1
senility	NNP	1	NN	1
senior	JJ	1
seniors	NNP	1
sense	NN	2
senses	NNS	1
sensible	NNP	1
sent	VBD	3	VBN	2
sentence	NN	3
sentences	NNS	3
serial	NNP	1
serious	JJ	3	NNP	1
seriousness	NN	1
sermon	NN	2
serve	VB	2
service	NNP	6	NN	6
services	NNS	2
serving	NNP	1
sesquipedalian	NN	1
set	VBD	5	NN	1	VBN	1
setting	VBG	3
settle	VB	1
settles	VBZ	1
seven-	NNP	1
seventeen-	NNP	1
seventh	JJ	1
several	JJ	4
severe	NNP	1	JJ	1
severed	VBN	1
severity	NN	1
sew	VB	2
sex	NN	8
sexy	NNP	2
shake	VB	3	NNP	1
shaken	VBN	1
shall	NNP	1	MD	1
shalt	NN	1
shampoo	NN	2
shape	NNP	1	NN	1
share	NNP	1
shark	NN	7
sharks	NNS	1
sharp	JJ	1
shattered	VBD	1
shattering	VBG	1
shaw	NNP	1
she	PRP	78
sheep	NN	1
sheik	NN	1
shift	VB	1
shines	NNS	1
shining	VBG	1
shiny	JJ	2
ship	NN	2
shirt	NN	2
shocked	VBN	1
shoes	NNS	1
shook	VBD	4
shoot	VB	1
shop	NN	2
shoplifter	NN	1
shopping	NNP	3	NN	2
shore	VB	3	NN	2
short	JJ	2
shorter	JJR	1
shortest	JJS	1
shorts	NNS	1
shot	VBD	5	NN	1
should	MD	17
shoulder	NN	3
shouted	VBD	4
shouting	VBG	2
shouts	VBZ	1
shovel	NN	5
shovelful	JJ	1
show	VB	3	NNP	2	VBP	1
shower	VB	3
showing	VBG	2
shown	VBN	1
shred	NN	1
shrieking	VBG	1
shrimp	NN	1
shrugged	VBD	1
shrugging	VBG	1
shut	NNP	4	VB	2	VBD	1
shut-ins	JJ	1
shuts	VBZ	1
sick	JJ	4
sid	NNP	2
side	NN	16
sierra-	NNP	1
sigh	NN	1
sighs	NNS	1
sight	NN	3
sign	NN	9	NNP	2
signs	NNS	2
silence	NN	2
silks	NNP	1
silver	NN	5
simple	JJ	2	NN	1
simpler	JJR	1
simplicity	NN	1
simply	RB	3
simpson	NNP	1
simulate	NNP	1
simulation	NN	1
since	IN	4
sincerely	NNP	1
sincerest	NN	1
sinclair	NNP	1
sing	VB	2	VBP	1
single	JJ	1
singlish	NN	2
sings	VBZ	3
singular	NN	3
sinister	JJ	1
sink	NN	1
sinks	NNS	1
sir	NNP	26	NN	1
sissy	NN	1
sit	VB	7	NNP	2
site	NN	1
sites	NNS	1
sits	VBZ	2
sitting	VBG	15
situation	NN	2
six	CD	4
six-	NNP	1
six-storey	JJ	1
sixteen-	NNP	1
sixth	JJ	3
skate	NN	1
skeeters	NNP	1
ski	NN	3	VB	1	NNP	1
skids	NNS	1
skiers	NNS	1
skiing	NN	1
skill	NN	1
skilled	JJ	3
skin	NN	1
skinny-dipping	JJ	1
skis	NNS	1
skull	NN	1
skunk	NN	1
sky	NN	2
skydiving	VBG	3	NNP	1
skylights	NNS	1
slabs	NNS	1
slacker	NN	2
slammed	VBD	2
slamming	VBG	1
slams	NNS	2
slant	NNP	1
slaps	VBZ	2
sleazy	NNP	1
sleep	VB	10	NN	4	VBP	2
sleeping	VBG	3	NNP	1
sleepy	JJ	1
sleigh	NN	1
slicing	VBG	1
slightly	RB	4
slim	JJ	1
slinks	NNS	1
slithered	VBD	1
slogan	NN	1
slop	NNP	1
slow	JJ	3	VB	1
slowed	NNP	1	VBD	1
slowest	JJS	2
slowly	RB	5	NNP	1
slurping	VBG	1
slut	NNP	1
smacks	VBZ	1
small	JJ	17	NNP	1
smaller	JJR	1
smallest	JJS	1
smart	JJ	4
smart-ass	JJ	1
smarter	RBR	1
smashed	VBD	1
smelled	VBD	3
smells	VBZ	1
smelt	VBN	1
smile	NN	5	VBP	1
smiled	VBD	3
smiles	VBZ	1
smiling	VBG	1
smirked	JJ	1
smith	NNP	2
smoke	NN	2
smoking	NN	1	VBG	1
smugly	RB	1
snake	NN	17
snakes	NNS	4	NNP	1
snap	NN	1
snatched	VBD	1	VBN	1
sneakers	NNS	1
sneeze	NN	4
sniffing	VBG	1
snooze	NN	2
snow	NN	3
snowstorm	NN	1
so	RB	37	IN	35	NNP	1
soaking	VBG	1
soap	NNP	1	NN	1
soar	VB	2
sob	NNP	1
sobbing	VBG	1
sobriety	NN	1
social	NNP	1	JJ	1
sofa	NN	7
soft	JJ	1
softens	VBZ	1
softness	NN	1
software	NN	1
sold	VBD	2	VBN	1
soldier	NN	1
sole	JJ	2
solely	RB	1
solomon	NNP	1
solutions	NNS	1
solve	VB	2
some	DT	32
some-thing	JJ	1
somebody	NN	3
somehow	RB	1
someone	NN	12
someplace	NN	1
something	NN	16
sometimes	RB	3
somewhere	RB	2
son	NN	10	NNP	3
sonar	NN	1
song	NN	3
sonny	NNP	2
sons	NNS	2
soon	RB	13
sooner	RBR	1
soothe	VB	1
sopping	VBG	1
sorbees	NNS	2
sorry	JJ	12
sound	NN	4	VBP	1	NNP	1
sounds	VBZ	3	NNS	1
sour-faced	JJ	1
spacing	VBG	1
spaghetti	NNP	1
spam	NNP	2
spank	NN	2
spanking	NN	1
spans	NNS	1
spca	NNP	1
speak	VB	3
speaking	VBG	2
special	JJ	4
specific	JJ	2
spectacular	NNP	1	JJ	1
speed	NN	7
speeding	VBG	1
spell	NN	2
spelled	VBN	1
spelling	NNP	1
spellings	NNS	1
spencer	NNP	1
spend	VB	7	VBP	1
spending	NN	2
spent	VBD	4
spiders	NNP	1	NNS	1
spiked	JJ	1
spills	VBZ	1
spin	VB	1
spinning	JJ	1
spirit	NN	1
spirits	NNS	1
spiritual	NN	1
spite	NN	2
splendor	NN	1
split	VB	1	VBD	1
spoil	VBP	1
spokesperson	NN	1
sponge	NNP	1
sponges	NNS	1
spontaneous	JJ	1
spoons	NNS	1
sports	NNP	1	NNPS	1	NNS	1
spot	NN	1
spotted	VBD	2
spotting	NNP	1
spouse	NN	4
spray	NN	2
spread	VBP	1	VBN	1
springs	VBZ	1
spurs	VBZ	1
squandered	VBN	1
square	JJ	1
squat	JJ	1
squats	NNS	1
squealed	JJ	1
squid	NN	1
ssa	NNP	1
st	NNP	3
stabbed	VBN	1
stability	NN	1
staff	NN	3
stage	NN	2
stalking	VBG	1
stamps	NNS	2
stand	VB	5	NN	3
standards	NNP	1	NNS	1
standing	VBG	4	NN	3
stands	VBZ	3
starboard	NN	2
stare	VBP	1
stared	VBD	1
staring	VBG	2
stars	NNS	1
start	VBP	2	NN	2	VB	1	NNP	1
started	VBD	8	VBN	1
starting	VBG	2
startled	VBD	2
startling	JJ	1
starts	VBZ	8
starve	VB	1
starving	NNP	1
statements	NNS	1
states	NNPS	1	NNS	1
station	NN	5
stationery	NN	1
status	NN	2	NNP	1
stay	VB	7	NNP	2	VBP	1	NN	1
staying	VBG	1
steaks	NNS	1
steal	VB	2
steep	JJ	1
stem	NN	1
step	NN	4	VB	1
stepped	VBD	3
stepping	VBG	2
stethoscope	NN	1
steven	NNP	4
stewardess	NNS	1
stick	NN	2	VB	1
sticker	NNP	1
still	RB	17
stitch	NN	1
stitcher	NN	3
stitchers	NNS	1
stitches	NNS	1
stocking	VBG	1
stomach	NNP	1	NN	1
stomping	VBG	1
stone	NN	1
stood	VBD	2
stool	NN	3
stop	VB	4	NNP	2	NN	2
stopped	VBD	4
stopping	VBG	2
stops	VBZ	5	NNP	1
store	NN	12
stored	VBN	1
stories	NNS	1
stormed	VBD	1
storming	VBG	1
story	NN	4	NNP	1
stove	NN	1
straight	NNP	1
strait	NNP	1
strands	NNS	1
strangers	NNS	1
strangle	NN	2
strap	NN	1
strategies	NNS	1
strategy	NN	2
stream	NN	1
street	NN	4
strength	NN	4
stretched	NNP	1
stretcher	NN	2
stretches	VBZ	1
stride	NN	1
strikes	VBZ	1	NNS	1
striking	VBG	1
string	NN	1
stroke	NN	1
stroll	VB	1
strolled	JJ	1
strong	JJ	2
stronger	JJR	1
strongest	JJS	1
struts	NNS	1
strutting	VBG	1
stuck	VBN	1	VBD	1
student	NN	8	NNP	2
students	NNS	1
study	NN	3	VB	2
studying	VBG	1
stuff	NN	1
stumbled	VBD	1
stupid	JJ	4
stupidity	NN	2	NNP	1
stupor	NN	1
styrofoam	NNP	1
sub	NN	1
subject	NN	3	NNP	2	JJ	2
submarine	NN	3
subordinate	JJ	1
subsidies	NNS	1
substitute	NN	1
succeed	VB	5	NNP	1
succeeded	VBN	1
success	NNP	3
successful	JJ	2
successfully	RB	1
such	JJ	9
sucked	JJ	2
suckers	NNS	1
sucks	VBZ	1	NNP	1
sudden	JJ	2
suddenly	RB	7
suds	NNS	1
sue	VB	1
suffer	VB	4	VBP	2
suffered	VBD	1
suffice	VB	1
sufficient	JJ	1
suggestion	NNP	1	NN	1
suggests	VBZ	1
suit	VB	1
suitable	JJ	1
suite	NN	1
sum	NNP	1	NN	1
summed	VBD	1
summer	NN	1
summoned	VBN	1
sun	NN	2
sunday	NNP	7
sung	NNP	1
sunlight	NN	1
sunmaid	NNP	1
sunset	NN	1
sunteen	NN	1
superconductor	NNP	1
superfluous	JJ	1
superman	NNP	1	NN	1
supervisory	JJ	1
supply	NN	1
supports	VBZ	1
suppose	VBP	1
supposed	VBD	2	VBN	1
supposedly	RB	1
suppress	VB	1
sure	JJ	15	RB	6	NNP	1
surgeon	NN	1
surprise	NN	2
surprised	VBN	2	VBD	1
surrendered	VBD	1
surrounded	VBN	1
survey	VB	1
survivors	NNS	2
susan	NNP	1
swap	VBP	1	VB	1
swapped	VBN	1
swapping	VBG	1
swastikas	NNS	1
swear	VB	1
sweat	VB	1	NNP	1
sweated	VBN	1
sweaty	JJ	2
swedish	JJ	1
sweep	VB	1
sweet	JJ	2
sweetly	RB	1
sweetwater	NNP	1
swelling	VBG	1
swerved	JJ	1
swift	JJ	1
swig	NN	1
swim	VBP	4
swimming	NN	3	VBG	1
swindle	NN	1
swindled	VBN	3
swing	NN	1
switched	VBD	1
sword	NN	3
sword-guard	NNP	1
swung	VBD	2
symptoms	NNS	1
sync	NN	1
synonymous	NNP	2
system	NN	5
t	NN	1
table	NN	11
tables	NNS	1
tail	NN	2
taint	NNP	1	NN	1
tainted	VBN	1
taiwan	NNP	1
taiwanese	JJ	1
take	VB	26	VBP	3	NNP	2	NN	1
take-home	JJ	1
taken	VBN	2
takes	VBZ	2
taking	VBG	7
tale	NN	1
talk	VBP	1
talked	VBD	1
talking	VBG	3
tall	JJ	4
tank	NN	1
tape	NN	2
tapes	NNS	4
tapped	VBD	1
tapping	VBG	2
target	NN	2
task	NN	5
taste	VBP	1	NN	1
tattoos	NNS	1
taught	VBD	1
tavern	NN	1
tea	NN	5	NNP	2
teach	NNP	1	VB	1
teacher	NN	3
teamwork	NNP	1
tearfully	RB	1
teas	NNS	1
teasingly	RB	1
technically	RB	1
technician	NNP	1
techniques	NNP	1
techniques-visualization	JJ	1
technology	NN	1
ted	NNP	1
teed	JJ	1
teen-aged	JJ	1
teenage	JJ	1
teenager	NN	2
teeth	NNS	4
telekinesis	NNS	1
telephone	NN	9
telephones	NNS	1
television	NN	2
tell	VB	15	VBP	4
telling	VBG	3
tells	VBZ	2
temper	NN	1
temperature	NNP	1
ten	CD	9
ten-	NNP	1
ten-square	JJ	1
tender	NN	1
tenderly	RB	1
tendjewberrymud	NNP	1
tension	NN	1
terminal	NNP	1
termination	NN	1
terms	NNP	1
terrible	JJ	1
terrific	NNP	1	JJ	1
terry	NNP	2
tesco	NNP	1
test	NN	5	VB	1
tested	NNP	1
testing	VBG	1	NN	1
tethered	JJ	1
texas	NNP	3
than	IN	36
thank	VB	16
thankfulness	NNS	1
thanks	NNS	2
that	IN	117	DT	90	WDT	30	RB	1
thatall	NN	1
the	DT	1598	NNP	2
their	PRP$	48
them	PRP	59	NNP	1
theme	NN	1
themselves	PRP	3
then	RB	65
theological	JJ	1
theories	NNS	1
theory	NN	2
therapist	NN	1
there	EX	54	RB	20
therefore	RB	2
these	DT	15	NNP	1
they	PRP	118
thief	NN	2
thing	NN	14	NNP	1
things	NNS	13	NNP	1
think	VBP	12	VB	6
thinking	VBG	5	NNP	3
thinks	VBZ	5
thinning	NNP	1
third	JJ	5
thirsty	NNP	1	JJ	1
thirteen-	NNP	1
thirty	CD	1
thirty-five	CD	1
thirty-ninth	JJ	1
this	DT	112	NNP	5
thorns	NNS	1
thoroughly	RB	2	NNP	1
those	DT	11
thou	NN	1
though	IN	2
thought	VBD	13	NNP	2	NN	1
thoughts	NNS	1
thousand	CD	3
thousands	NNS	1
threatening	NNP	1
three	CD	13
three-	NNP	1
three-sixty	JJ	2
three-year-old	JJ	2
threw	VBD	6
throat	NN	2
through	IN	8	RP	1
throughout	IN	1
throw	VB	2
throwing	VBG	2
throws	VBZ	1
thrusting	VBG	1
thrusts	NNS	1
thunderstorm	NN	1
thursday	NNP	1
thus	RB	1
tibetan	NNP	1
ticked	VBN	1
ticket	NN	4
tickets	NNS	1
tie	NN	2
tied	VBN	1
ties	NNPS	1	NNS	1
tight	JJ	1
tighten	VB	1
tightly	RB	2
tim	NNP	4
time	NN	58	NNP	6
times	NNS	12	NNP	1
timidly	RB	1
timing	NN	1
tiny	JJ	2
tiramisu	NNP	1
tired	JJ	2	NNP	1
title	NNP	1
to	TO	720
toast	NN	2	NNP	1
toast-cat	JJ	1
tobacco	NN	1
today	NN	5
toes	NNS	6	NNP	1
together	RB	5
toilet	NN	7	NNP	1
told	VBD	16	VBN	3
tolerate	NNP	1
tomorrow	NN	3
tongue	NN	4
tonight	NN	1
tonto	NNP	5
tony	NNP	1
too	RB	25	NNP	2
took	VBD	11
tools	NNS	2
tooth	NN	2
toothpaste	NNP	1
toothpicks	NNP	1
top	JJ	3	NN	3
tops	NNS	1
tore	VBD	1
torino	NN	1
torment	VB	1
tornado	NNP	1	NN	1
torpedo	VB	7	NNP	4
tortoise	NN	1
tortoises	NNS	1
tos	NNS	3
tosca	NNP	1
tossing	NNP	1
tossy	NN	1
totally	RB	1
touch	VB	1
tough	JJ	3
toughest	JJS	1
tourist	NN	5
toward	IN	2
towards	IN	4
tower	NNP	1
town	NN	5	NNP	1
traces	NNS	2
track	NN	2
tracks	NNP	1
tracts	NNS	3
trade	NN	3	VB	1
traffic	NN	1
train	NN	7	NNP	1
training	NNP	1	NN	1
trains	VBZ	1
transfer	VB	4
translated	VBN	1
translation	NN	19
trap	NN	1
traveling	VBG	1
travels	VBZ	2
tray	NNP	1
tree	NN	7
trees	NNS	2
tremor	NN	1
trendy	JJ	1
trial	NN	1
tribal	NN	2
tribe	NN	1
trick	NN	1
tricks	NNS	1
tried	VBD	11	VBN	2
trip	NN	2
tripped	VBN	1
troop	NNP	1
trotting	VBG	2
trouble	NN	4
troubles	NNS	1
truck	NN	6
trucks	NNS	2
true	JJ	9
truly	RB	2
truman	NNP	1
trunk	NN	1
trust	VBP	1	VB	1
trusted	VBN	1
truth	NN	5	NNP	3
truths	NNP	1
try	VB	12	VBP	4	NNP	1	NN	1
trying	VBG	4
tube	NN	1
tucking	VBG	1
tudying	VBG	1
tuesday	NNP	1
tuff	NN	1
tug	NN	2
tune	NNP	1
turkeys	NNS	2
turn	VB	2	NN	2	NNP	1
turned	VBD	13	VBN	1
turns	VBZ	5
turtle	NN	2
tusk	NNP	2	NN	1
tv	NN	5
twain	NNP	1
twelve-	NNP	1
twenty	CD	1
twice	RB	1
twins	NNS	1
twister	NN	1
twit	NN	1
two	CD	54
two-	NNP	1
type	NN	2
types	NNS	1
typograhpical	JJ	1
u	NNP	1
ugly	JJ	3
uh	NNP	2
uk	NNP	1
umbrella	NN	4
umbrellas	NNS	2
unable	NNP	1	JJ	1
uncle	NNP	3
unconscious	JJ	1
under	IN	14
underestimate	NN	1
underneath	IN	1
understand	VBP	7	VB	3
understandable	JJ	1
understandably	RB	1
understanding	NNP	4
understands	VBZ	1
understatement	NNP	1	NN	1
understood	VBN	4
undertaker	NN	3
underwear	NN	3
undeserving	VBG	1
undesirable	JJ	1
unemployment	NN	2
unexpected	JJ	2
unexpectedly	RB	1
unfailingly	RB	1
unfair	JJ	3
unfortunately	RB	2
unicorn	NN	2
unidentified	JJ	1
uninvited	JJ	1
unique	JJ	1
united	NNP	1
universal	NNP	1	JJ	1
universe	NN	3	NNP	1
university	NNP	5
unknown	JJ	7
unleavened	JJ	1
unless	IN	3
unlike	IN	1
unnecessary	JJ	1
unpleasant	JJ	1
unsettled	NNP	1
unskilled	JJ	2
unsympathetic	JJ	1
untied	JJ	1
until	IN	12
untrue	JJ	1
unwelcome	JJ	1
up	RP	43	RB	42	IN	9
upgrade	VB	1
upholstery	NN	1
uplifting	VBG	1
upon	IN	8
upright	NNP	1
ups	NNP	2
upset	VBD	1
upside	NNP	1
upstream	RB	1
urging	VBG	1
urinates	NNS	1
urine	NN	1
us	PRP	12	NNP	6
use	VB	11	NNP	5	VBP	4	NN	4
used	VBN	5	VBD	4	NNP	2
useless	JJ	1
user	NN	1
uses	VBZ	1
using	VBG	5
ussrsos	NNP	1
usual	JJ	2
usually	RB	2
vacation	NN	1
vacuum	NN	3
vague	JJ	1
valdez	NNP	1
valley	NN	1
valuable	JJ	1
value	NNP	1
vampire	NN	3
van	NN	1
vanished	VBN	1
various	JJ	3
vaults	NNS	1
ve	NNP	1
vehicle	NN	1
vehicles	NNS	2
venables	NNP	1
vending	VBG	1
ventured	JJ	1
verb	NN	3
vernacular	NN	1
version	NN	1
vertebrae	NN	1
very	RB	34
vessel	NN	1
vest	NN	1
vet	NN	4
veterinarian	NN	5
veterinary	JJ	1
vicinity	NN	2
view	NN	2	NNP	1
vigorous	JJ	1
vigorously	RB	1
vinegar	NN	1
violate	VB	1
violent	JJ	3
virgin	JJ	1
virus	NNP	1
visit	VB	2	NN	2	NNP	1
visiting	VBG	1
visitor	NN	3
visits	NNS	1
vital	NNP	1
vitality	NN	1
vocabulary	NNP	1
vodka	NN	3
voice	NN	11
volley	NN	1
volunteered	VBD	1
vomit	NN	1
vote	NN	1
votes	NNS	1
w-	NNP	1
w-what	JJ	1
wad	NNP	1
wagon	NN	4
wags	NNS	1
wait	VB	5	NN	1
waited	VBD	3
waiter	NNP	3
waiting	VBG	3
waitress	NN	1
wake	VBP	2
wakening	VBG	1
wakes	NNS	3
waldo	NNP	1
walk	NN	2	VB	1
walk-in	JJ	1
walked	VBD	12
walker	NNP	1
walkers	NNS	1
walking	VBG	4
walks	VBZ	4
wall	NN	3
wallet	NN	1
walls	NNS	1
wandered	JJ	1
wandering	VBG	1
want	VBP	13	NNP	5	VB	4
wanted	VBD	5
wants	VBZ	6
wardrobe	NN	1
warm	VB	1	NNP	1
warmed	VBN	1
warned	VBN	1
warning	NNP	5	NN	3
warrior	NNP	1
was	VBD	184	JJ	2
wash	NNP	2
washed	VBN	1
waste	NN	1
wastes	VBZ	1
wasting	VBG	1
watch	NNP	3	VB	1	NN	1
watched	VBD	2	VBN	1
watching	VBG	8
water	NN	13
waving	VBG	2
way	NN	22
ways	NNS	3	NNP	1
we	PRP	68	NNP	4
weak	JJ	2
weaker	NNP	1
wear	VB	2
wearing	VBG	4	NNP	1
weary	JJ	1
weather	NNP	3
weatherman	NN	1
webster	NNP	1
wednesday	NNP	1
weed	NN	2
weeding	VBG	1
weeds	NNS	1
week	NN	9
week-old	JJ	1
weekend	NNP	2	NN	1
weekends	NNS	1
weeklong	JJ	1
weeks	NNS	7
weigh	VBP	1
weighed	VBD	2
weight	NN	2
welcome	VB	1	JJ	1
welfare	NN	1
well	RB	36	NN	6
well-meaning	JJ	1
wells	NNS	1
wendy	NNP	1
went	VBD	34
were	VBD	55	NNP	1	JJ	1
werewolves	NNS	1
west	NN	1
westheimer	NNP	1
wet	JJ	2	NNP	1
wetness	NNS	1
whack	NN	2	NNP	1
what	WP	111	WDT	3
whatever	WDT	7
whatsamatta	NNP	4
wheel	NN	3	NNP	1
wheelchairs	NNS	1
wheeler	NN	1
when	WRB	128
whenever	WRB	1
where	WRB	45	NNP	1
whereas	IN	1
wherever	WRB	1	NNP	1
whether	IN	4
whew	NNP	1
which	WDT	37
while	IN	25	NNP	2	NN	2
whining	NNP	1
whip	NN	1
whiskey	NN	2
whisper	NN	1
whispered	VBN	1
whispers	NNS	1
whistle	VBP	3
whistle-blower	JJ	1
whistling	VBG	2
white	JJ	4
whites	NNP	1
who	WP	67
whoa	NNP	1
whole	JJ	8
whom	WP	2
whooosh	JJ	1
whose	WP$	1
why	WRB	64
widow	NN	1
widows	NNS	1
wife	NN	41
wild	JJ	2
wilde	NNP	1
wildly	RB	1
will	MD	77
win	VBP	1
window	NN	8
windows	NNP	9	NNS	3
windshield	NN	1
wine	NN	5
wing	NN	2
wing-tip	JJ	1
winner	NNP	1
winners	NNS	1
wins	NNP	1
winter	NN	4
wire	VB	1
wired	NNP	1
wires	NNS	1
wiring	NN	1
wisdom	NN	2	NNP	1
wise	JJ	4	NNP	1
wiser	JJR	1
wish	VBP	3	NN	2
wishing	VBG	1
witch	NN	1
with	IN	141
within	IN	3
without	IN	8
wives	NNS	1
wo	MD	4	NNP	1
woke	VBD	3
wolves	NNS	1
woman	NN	29	NNP	1
women	NNS	7	NNP	2
wonder	VBP	5
wonderful	JJ	3
wondering	VBG	3
wood	NN	3	NNP	1
wooden	JJ	1
woods	NNS	4
woody	NNP	2
wool	NN	1
word	NN	16	NNP	1
words	NNS	10	NNPS	1
work	NN	10	VB	3	VBP	1
worked	VBD	4	VBN	1
workers	NNS	2	NNPS	1
working	VBG	5	NNP	1	NN	1
works	VBZ	4	NNP	2
world	NN	6	NNP	1
worldwide	NN	1
worm	NN	3
worms	NNS	1
worn	VBN	1
worried	VBN	1
worry	VBP	1
worse	JJR	1
worshipped	JJ	1
worst	JJS	1
worsted	JJ	1
worth	JJ	3	NN	1
would	MD	48	NNP	1
wow	UH	3
wrench	NN	3
wriggling	VBG	1
wright	NNP	8
wrinkled	JJ	1
wrinkles	NNS	1
write	VB	9	VBP	7	NNP	1
writer	NN	1
writes	VBZ	2
writing	VBG	7
written	VBN	4
wrong	JJ	9	NNP	1
wrongs	NNS	1
wrote	VBD	3
wry	NN	1
x	NNP	1
x-ray	JJ	1
xyz	NNP	1
ya	PRP	2
yak	NN	1
yard	NN	6
yards	NNS	1
ye	NNP	1
yeah	UH	4
year	NN	10
year-old	JJ	1
years	NNS	19
yeeeah	NNP	1
yell	VB	2
yelled	VBD	1
yelling	VBG	5
yellow	JJ	1
yellowstone	NNP	1
yells	VBZ	2
yep	NNP	3
yes	UH	17	NNP	1
yesterday	NN	1
yet	RB	5
yogurt	NNP	2
yom	NNP	1
york	NNP	3
yorker	NNP	1
you	PRP	482
young	JJ	13
younger	NNP	2	JJR	1
youngster	NN	1
your	PRP$	135	JJ	3
yours	NNS	3
yourself	PRP	3	NNP	1
zealand	NNP	1
zen	NNP	1
zeros	NNS	1
zigzag	NN	1
zipper	NN	1
zoo	NN	2	NNP	1
zookeepers	NNS	1
zooms	NNS	1
~	NN	1
	NN	12
.	.	9	NN	2
..	.	2	NN	2
	.	3
.	.	2	NN	1
