!	.	25
"	''	146
'	POS	2
'd	MD	26	NNP	1
'll	MD	28
'm	VBP	37
're	VBP	73
's	VBZ	221	POS	27	PRP	7	NNP	2
've	VBP	19	VB	1
(	(	2
)	)	2
,	,	1667
-	-	384	:	333	NN	2	VBG	1
.	.	1643
...	...	2
/	NN	2
10	CD	6
13	CD	1
15	CD	4
150	CD	1
16	CD	3
17	CD	3
18	CD	2
19	CD	1
1986	CD	1
1992	CD	1
1993	CD	1
19th	JJ	1
2	CD	7
2000	CD	1
2005	CD	1
3	CD	1
30	CD	2
35	CD	1
4	CD	1
40	CD	1
5	CD	3
7	CD	2
8	CD	1
80	CD	1
9	CD	1
95	CD	1
:	:	1
;	:	10
?	.	350
_	NN	138
a	DT	376	SYM	7	NNP	2
a-	NN	3
a_	DT	3
abbott	NNP	1
abbreviate	NN	1
abbreviated	JJ	1
able	JJ	9
about	IN	78	RB	1	RP	1
abroad	RB	1
absence	NN	1
absolutely	RB	1
abstract	JJ	1
accepted	VBD	2	VBN	1
accessed	JJ	1
accessible	JJ	1
accidentally	RB	1
accompany	VB	1
account	VB	1	NN	1
achieve	VBP	1
acoustics	NNS	1
acres	NNS	1
across	IN	4
acted	VBD	1
activation	NN	1
actual	JJ	3
actually	RB	40
adaptation	NN	8
add	VB	2	VBP	1
added	VBD	3
adding	VBG	1
additional	JJ	1
adjust	VB	1
admin	NNP	1
admonish	NN	1
adopts	VBZ	1
adult	NN	2
advance	NN	2
advent	NN	1
affect	VB	1	VBG	1
affects	VBZ	1
afraid	JJ	4
after	IN	25
afterwards	RB	1
again	RB	12
age	NN	4
agenda	NN	2
ages	NNS	1
agnosticism	NN	1
agree	VBP	2	VB	2
agreeing	VBG	1
ah	UH	4	NN	2
aha	NNP	2
ahead	RB	6
air	NN	1
alarm	NNP	1	NN	1
all	DT	71	PDT	43
allocation	NN	1
allowed	VBN	2	VBD	1
allows	VBZ	1
allright	NNP	1
almost	RB	2
alone	RB	1
along	IN	1
already	RB	5
alright	NNP	6	NN	2
also	RB	40
altar	NN	1
although	IN	4
always	RB	34
am	VBP	10
amazed	VBN	1
amazing	JJ	2
ambitious	JJ	1
america	NNP	1
american	NNP	8	JJ	3	NN	1
americanism	NNP	1
americans	NNPS	1	NNS	1
ami	NNP	2
amount	NN	4
an	DT	42
an-	NN	2	NNP	1
analysis	NN	3
anant	NNP	3
and	CC	638
andrea	NNP	3
andreas	NNP	2
angle	NN	2
angry	JJ	1
annoying	JJ	1
another	DT	19
answer	VB	6	NN	1
answered	VBN	3
antonio	NNP	1
any	DT	34
anybody	NN	1
anymore	RB	5
anyone	NN	1
anything	NN	11
anytime	RB	1
anyway	RB	8
apartment	NN	4
apparently	RB	4
apples	NNS	1
applicable	JJ	1
applied	VBN	1
apply	VB	4
applying	VBG	1
appreciate	VBP	1
appreciative	JJ	1
approach	NNP	2	NN	1
appropriate	JJ	2
appropriately	RB	2
arbitrary	JJ	4
are	VBP	95	NN	1
area	NN	2
areas	NNS	1
arent	NN	1
arms	NNS	1
army	NN	1
around	IN	18
arrows	NNS	2
artic	JJ	1
as	IN	71	RB	15
as-	NN	2
ashley	NNP	1
ask	VB	4	VBP	2
asked	VBD	11	VBN	3
asking	VBG	3
aspects	NNS	1
asset	NN	2
assigning	VBG	1
assistant	NN	4
assistants	NNS	1
assume	VB	6	VBP	3
assuming	VBG	3
assumption	NN	1
at	IN	97	RP	2	RB	1
atheist	NN	1
atom	NN	1
attachement	NN	2
attribute	VB	1
auditory	NN	2
audrey	NNP	1
australia	NNP	1
auto	NN	1
automatic	JJ	1
automatically	RB	1
available	JJ	3
avant	NN	1
average	JJ	2
avoid	VB	1
away	RB	7
awhile	RB	2
ax	NN	1
b-	NN	3
ba-	NNP	1
baby	NNP	1
back	RB	16	NN	1
back-up	NN	2
backed	VBN	1
background	NN	3
backgrounds	NNS	1
backgrouns	NNS	1
backpacking	VBG	2
backround	NN	1
backup	NN	1
backwards	JJ	1
bad	JJ	7
badly	RB	1
bag	NN	1
bags	NNS	1
bakery	NN	3
baking	VBG	1
balcony	NN	1
bandw-	NNP	1
bandwidth	NN	6
banisters	NNS	2
bank	NN	1
banks	NNS	1
baptized	JJ	1
barely	RB	1
based	VBN	8	VBD	1
baseline	NN	1
basically	RB	12
bask	NN	1
basman	NNP	3
batteries	NNS	1
battery	NN	1
bayes	NNP	28
be	VB	123	VBG	2
beads	NNS	1
bear	VB	1
beautiful	JJ	1
became	VBD	2
because	IN	84
become	VB	3
becomes	VBZ	2
becoming	VBG	1
bed	NN	1
been	VBN	22
beep	NN	1
beetle	NNP	2
before	IN	10	RB	2
beg	VB	1
began	VBD	2
begging	VBG	1
beginning	NN	1
behaves	VBZ	1
behind	IN	1
behold	NN	1
being	VBG	26
belief	NN	9
beliefs	NNS	2
believe	VBP	8	NNP	1	VB	1
believing	VBG	1
belle	NNP	2
belong	VBP	1
belonged	VBD	1
berryhill	NNP	5
best	JJS	4	JJ	1
better	JJR	14
betty	NNP	2
between	IN	12
bhaskara	NNP	4
bicycle	NN	1
big	JJ	13
binary	JJ	1
bit	NN	7
bleep	NN	1	VBG	1
block	NN	1
blow	NN	1
blue	JJ	1
boat	NN	1
boggled	JJ	1
boggling	VBG	1
bolivia	NNP	2
bone	NN	1
bonnie	NNP	1
book	NN	2
books	NNS	6
border	NN	1
born	VBN	10
both	DT	9
bother	VB	1
bothered	VBN	1
bottom	NN	2
bought	VBD	1
bound	VBN	1
bowel	NN	1
box	NN	2
boy	NN	1
brain	NN	2
brain-dead	JJ	1
branches	NNS	4
breath	NN	1
breathtaking	JJ	1
brief	JJ	1
briefly	NN	1
bring	VBP	2	VB	2
brink	NN	1
broadcast	NNP	2
broken	VBN	3
brother	NN	3
brothers	NNS	2
brought	VBD	3	VBN	2
bucks	NNS	1
buddhism	NNP	5
build	VB	2
building	NN	1
buildings	NNS	1
built	VBN	4	VBD	1
bump	VB	1
bunch	NN	1
burning	VBG	1
bus	NN	5
buses	NNS	1
business	NN	3
businesswomen	NN	1
busy	JJ	1
but	CC	170	RB	9
but-	NN	1
butcher	NN	3
butt	NN	1
buy	VB	6
buying	VBG	1
buzz	VB	1
by	IN	21
c	NNP	7
c-	NN	6
c.	NN	2
c_struct	NNP	1
ca	MD	11	NNP	1
ca-	NNP	1	NN	1
cab	NN	1
cafeteria	NN	1
calc	NN	1
calculation	NN	2
call	VB	3	VBP	2	NN	2
called	VBD	4	VBN	3
came	VBD	13
camping	VBG	1
campus	NN	1
can	MD	81
cancellation	NN	1
cancer	NN	2
candle	NN	1
candy	NN	1
cantonese	NNP	1
cao	NNP	2
capability	NN	1
capital	NN	1
car	NN	3	NNP	1
card	NN	1
care	NN	5	VB	1
career	NNP	1	NN	1
careers	NNS	1
cares	VBZ	2
carolina	NNP	1
cars	NNS	2
case	NN	12
cashier	NN	1
castle	NN	1
catholic	NNP	2	JJ	2
caucasus	NNP	2
caused	VBN	1	VBD	1
causing	VBG	2
ceilings	NNS	1
celebrate	VB	2
cent	NN	3
central	NNP	1	JJ	1
centralized	VBN	1
cents	NNS	3
century	NNP	1
cepstra	NN	2
certain	JJ	11
certainly	RB	9
cha-	NN	1
chain	NN	1
chairs	NNS	1
chambers	NNS	1
chance	NN	5
change	VB	4	NN	2	VBP	1
changed	VBD	1
changing	VBG	1	NN	1
channel	NN	3	VB	1
channels	NNS	5
channeltrans	NNP	2
charge	VB	1
charlotte	NNP	5
chat	VB	1
chauvinist	NNP	1
check	NN	4	VB	3	VBP	1
chessplayer	NN	1
chi	NNP	1
child	NN	6
childhood	NN	3
children	NNS	9
chile	NNP	2
china	NNP	5
chinese	JJ	2
chirac	NNP	1
chit	NN	1
choice	NN	1
choices	NNS	1
choose	VBP	1
chose	VBD	1
christian	NNP	2	NN	1
christianity	NNP	2
christmas	NNP	3
chuck	NNP	6
church	NN	3	NNP	1
circle	NN	1
circled	VBD	2
circumstances	NNS	2	NNP	1
citizen	NN	3
city	NNP	1	NN	1
civil	JJ	2
class	NN	1
classes	NNS	1
classmates	NNS	1
classroom	NN	4
cleaning	VBG	1
clear	JJ	3
cleared	VBD	1
climb	VB	2
climbable	JJ	1
close	VB	4	NN	1
closed	VBN	3	VBD	1
closely	RB	1
closest	JJS	2
closure	NN	1
clothes	NNS	1
cluster	NN	1
clustering	VBG	1
coding	VBG	1
cold	NN	1
collectively	RB	1
college	NN	6	NNP	1
color	NN	1
colorful	JJ	1
combination	NN	4
combinations	NNS	1
combine	VB	4
combined	VBD	1
combining	VBG	3
come	VB	13	VBP	4
comes	VBZ	2
comfortable	JJ	1
coming	VBG	4
commandments	NNS	1
comment	VB	1
commodity	NN	1
common	JJ	1
communicative	JJ	1
communion	NN	2
communist	NN	2
comp-	NN	1
comparable	JJ	2
compared	VBD	2
compilers	NNS	1
complained	VBD	1
complaining	VBG	1
complete	VB	1	JJ	1
completel-	NN	1
completely	RB	1
complex	JJ	2
complicated	VBN	2
compose	NN	1
compress	NNS	2
compressed	VBN	2	JJ	1
compression	NN	1
computational	NN	1
compute	VB	4
computer	NNP	1
computing	VBG	1
con-	NN	1
concatenating	NNP	1	VBG	1
conceivable	JJ	1
concepts	NNS	1
conclude	VB	3
conditions	NNS	1
conference	NN	1
configuration	NN	2
confiscated	VBN	1
conflictuous	JJ	1
confused	VBN	2
confusing	JJ	2
confusion	NN	1
connected	JJ	1	VBN	1
connection	NN	1
consider	VBP	2	VB	1
considered	VBD	3	VBN	1
consistent	JJ	3
constantly	RB	3
construction	NN	22
constructions	NNS	11
content	NN	1
context	NN	2
continue	VB	2
continued	VBN	2	VBD	1
continuing	VBG	1
contracts	NNS	1
control	NN	1
conventions	NNS	6
conversation	NN	2
conversations	NNS	1
convert	VB	2
cook	VB	1
cookies	NNS	1
cooking	NN	1
cool	VB	2
copy	VBP	1	NN	1
corpus	NN	1
correct	JJ	2	VB	1
correctly	RB	3
correspond	VB	1
cost	NN	2	VBD	1
cottonville	NNP	1
could	MD	57
couldnt	NN	1
count	VB	1	NN	1
counter	NN	1
countries	NNS	1
country	NN	8
county	NNP	1
couple	NN	6
course	NN	4
courses	NNS	2
cousins	NNS	2
crash	NN	1
crashed	VBD	1
crashes	NNS	1
cream	NN	3
cried	JJ	1
critical	JJ	1
crown	NNP	7	NN	2
crucial	JJ	1
crying	VBG	3
cultural	JJ	7
culturally	RB	1
culture	NN	5	NNP	1
cultures	NNS	4
curiosity	NN	1
currently	RB	1
cut	VBP	2	VBD	2	VB	1	VBN	1
cute	JJ	1
cutting	VBG	2
cuz	NNP	13	NN	5	IN	2
d	NNP	5
d-	NN	14	NNP	1
d_	NNP	3
dad	NN	8
daddy	NNP	2
dai	NNP	1
daisme	NNP	1
damper	NN	1
dan	NNP	3
dangerous	JJ	1
dark	JJ	2
dash	NN	1
data	NNS	5
date	NN	1
daughters	NNS	1
dave	NNP	3
day	NN	8	NNP	1
days	NNS	4
de-	NN	1
dead	JJ	1
deal	VB	7	NN	2
dealerships	NNS	1
dealing	VBG	2
debugging	VBG	1
decide	VB	3	VBP	1
decided	VBD	10	VBN	2
decision	NN	16
decisions	NNS	2
declare	VB	1
decode	NN	1
decompress	NNS	2
decompression	NN	1
define	VB	4
defines	VBZ	1
definetly	RB	1
defining	VBG	1
definite	JJ	1
definitely	RB	7
degree	NN	1
dehydrated	JJ	1
deism	NN	1
delete	VB	2
delicate	JJ	1
delivered	VBD	1
delivers	VBZ	1
demonstrated	VBN	1
depend	VB	2
depending	VBG	1
depends	VBZ	6
depression	NNP	1
describe	VBP	1	VB	1
described	VBN	1	VBD	1
design	VB	1
detect	VB	1
detects	NNS	1
developed	VBN	2
diagnostic	JJ	1
did	VBD	69
didnt	NN	1
dies	VBZ	2
difference	NN	12
differences	NNS	1
different	JJ	31
differently	RB	2
difficult	JJ	1
difficulty	NN	1
digest	VB	1
digits	NNS	3	NNP	1
dilworth	NNP	3
directional	NN	2
directories	NNS	2
dirty	JJ	1
dis-	NN	3
disappoint	VB	1
disappointed	VBD	1
disappointing	JJ	1
disasters	NNS	1
discard	VB	2
discount	NN	2
discourse	NN	8
discover	VB	2
discovered	VBN	1	VBD	1
discovering	VBG	1
discrepancies	NNS	1
discussing	VBG	2
dishes	NNS	7
disk	NN	15
disks	NNS	1
disliked	JJ	1
disorganized	JJ	1
distinction	NN	1
dit-	NN	1
ditransitive	JJ	1
diverse	JJ	1
divine	NN	1
do	VBP	177	VB	57	VBG	5
do-	NN	1
document	NN	2
does	VBZ	44
doesn	NN	1
dog	NN	4
dogma	NN	1
doing	VBG	8
don	VB	5	NNP	1
done	VBN	13	JJ	1
dont	NN	1
door	NN	3
door-slam	JJ	4
double	VB	3	JJ	1
down	RB	10	IN	1
downfall	NN	1
downtown	NN	1
drama	NN	1
drawer	NN	1
dream	NN	3
dress	NN	3	VB	1
drifted	VBD	1
drifting	VBG	1
drink	VB	1
drinking	NN	1
drive	NN	1
drivers	NNS	1
driving	VBG	2
drop	VB	1
dummy	JJ	1
dump	VB	1
dumps	VBZ	1
duplicates	NNS	1
during	IN	12
e	NNP	6
e-	NN	4
e.	NN	2
e_v_a	NNP	1
each	DT	11
earlier	JJR	1
early	JJ	2	RB	1
earth	NN	1
earthquake	NN	1
easier	RBR	1	JJR	1
easiest	JJS	2
easily	RB	1
easter	NNP	1
eastern	NNP	2
easy	JJ	5
eat	VB	1
eating	VBG	1
economics	NNS	1
edge	NN	1
edges	NNS	2
education	NN	2
educational	JJ	1
effect	NN	1
egg	NN	1
eh	NN	2
eight	CD	56
eighteen	NN	1
eighty	NN	3
either	CC	4	RB	3
electric	JJ	1
element	NN	3
elements	NNS	1
elephant	NN	1
ellis	NNP	1
elm	NNP	1
else	RB	8
email	NN	6
embarrassed	JJ	1
embarrassing	JJ	1
emotion	NN	1
emotionnal	NN	1
enables	VBZ	1
encode	NN	3
encoding	JJ	1
encounter	NN	2	VB	1
encountering	VBG	1
encouraged	VBN	1
encyclopedias	NNS	1
encyclopedias--	JJ	1
end	NN	6	VB	1
enderly	NNP	2
endpoint	NNP	2	NN	2
energy	NN	1
engender	NN	1
england	NNP	1
english	NNP	3	JJ	1
enjoy	VBP	2	VB	1
enjoyed	VBD	1
enjoying	VBG	1
enough	RB	4	JJ	1
enriching	VBG	1
enter	VB	6
entertained	VBD	2
entire	JJ	1
entity	NN	1
entrance	NN	1
entries	NNS	1
episode	NN	1
epsilons	NNS	1
equally	RB	1
equals	VBZ	1
equivalent	NN	1
er	UH	3
er-	NN	1
error	NN	5
especially	RB	1
essentially	RB	1
estimate	NN	1
etc.	NN	1
europe	NNP	6
european	JJ	6	NN	1
europeans	NNPS	1
eva	NNP	9
eval	NN	1
evaluation	NN	1
even	RB	28
evenly	RB	2
eventually	RB	4
ever	RB	9
every	DT	22
everybody	NN	6
everyone	NN	7
everything	NN	17
evolving	VBG	1
exactly	RB	8
example	NN	4
excellent	NNP	2	JJ	2
except	IN	6
excitement	NN	1
exclusive	JJ	3
excuse	NNP	1
expand	VBP	2
expanded	JJ	1
expanding	VBG	1
expect	VB	2
expected	VBN	1
expedition	NN	1
expensive	JJ	3
experience	NN	4
experiences	NNS	1
experiment	NN	4
experimentation	NN	1
experimenting	VBG	1
experiments	NNS	4
expert	NN	3
explain	VB	3
explained	VBD	1
express	VB	1
extending	VBG	1
extensive	JJ	1
extent	NN	1
extra	JJ	3
extremely	RB	4
eye	NN	1
f	NN	1
f-	NN	8
f.	NN	1
f_	NN	3
face	NNP	1	VB	1
fact	NN	6
factors	NNS	2
fair	JJ	1
fairs	NNP	1
fake	JJ	1
false	JJ	2	NNP	1
family	NN	21
fancy	JJ	1
far	RB	8
farmers	NNS	2
fast	RB	2
fasting	VBG	2
fat	JJ	1
father	NN	12
favorite	NN	2	JJ	1
favorites	NNS	1
feacalc	NNP	3
feature	NN	7
features	NNS	8
feed	VB	3
feedback	NN	1
feel	VBP	9	VB	2
feeling	NN	10	VBG	1
feels	VBZ	3
fell	VBD	1
felt	VBD	4
female	JJ	1
females	NNS	1
few	JJ	4
fewer	JJR	1
fff	NNP	1
fiddle	NN	1
fifty	CD	2	NN	2
fifty-one	JJ	1
fifty-two	JJ	1
figure	VB	4	NN	2	VBP	1
figured	VBD	2
file	NN	9	VB	2	NNP	1
filed	VBN	1
files	NNS	13
fill	NN	2	VB	1
filled	VBN	2
fills	VBZ	1
filter	NN	2
final	JJ	3
finally	RB	1
financial	JJ	1
find	VBP	3	VB	2
finding	VBG	1
fine	NN	5	NNP	1
finish	VB	3
finished	VBN	2	VBD	1
finishing	VBG	4
finite	JJ	9
fire	NN	1
first	JJ	23	RB	3
fit	VB	2
five	CD	53
fixable	JJ	1
fixed	VBN	2	JJ	1
flash	VBP	1
flew	VBD	1
floating	VBG	1
flowers	NNS	2
fluently	RB	1
fly	NN	3	VB	1
foam	NN	1
follow	VB	3
followed	VBD	2
following	VBG	1	NN	1
food	NN	2
foot	NN	2
football	NNP	1
for	IN	126	RP	2
for-	NN	2
forces	VBZ	1
foreigner	NN	1
foreigners	NNS	2
forged	VBN	1
forget	VB	2
forgotten	VBN	2
form	NN	4
form-	NN	1
format	NN	3
former	JJ	1
formerly	RB	1
forth	RB	2
fortunate	JJ	1
forty-eight	JJ	1
forty-nine	JJ	1
forty-seven	JJ	1
forty-six	JJ	1
found	VBD	5	VBN	1
foundation	NN	1
foundations	NNS	1
four	CD	44
france	NNP	14
free	JJ	2
french	JJ	15
frequently	RB	1
friday	NNP	5
fried	JJ	1
friend	NN	4
friendly	JJ	1
friends	NNS	7
from	IN	49
front	JJ	2	NN	1
front-end	JJ	18
full	JJ	3
fully	RB	1
fumbling	VBG	1
fun	NN	3
function	NN	2
further	RB	1	VB	1
furthermore	RB	3
future	NN	1
g	NNP	1
g-	NN	2
gain	VB	2	NN	1
gained	VBD	1
game	NN	1
games	NNS	1
garde	NN	1
gaston	NNP	1
gaussians	NNP	2
gave	VBD	5
ge-	NNP	1
geek	NN	1
gelbart	NNP	1
gender-dep-	JJ	1
gender-dependent	JJ	1
general	JJ	2	NN	1
generate	VB	1
generation	NN	4
german	JJ	2	NNP	1
germans	NNS	1
germany	NNP	4
get	VB	57	VBP	17
gets	VBZ	7
getting	VBG	7
ghi	NNP	1
giant	JJ	1
gifts	NNS	1
gig	NN	2
gigabytes	NNS	2
giggling	VBG	1
girl	NN	9
girlfriends	NNS	1
girls	NNS	8	NNP	1
give	VB	7
given	VBN	4
gives	VBZ	4
giving	VBG	1
global	JJ	5
globalization	NNP	1
glory	NN	1
go	VB	89	VBP	4	NN	3	VBG	2
go-there	NNP	2
god	NNP	2	NN	1
goes	VBZ	3
going	VBG	37
golly	RB	1
gone	VBN	7
gonna	VBG	33	NN	1
good	JJ	27	NN	3
gosh	NNP	1
got	VBD	24
gotta	VB	2
grade	NN	1
grades	NNS	2
graduated	VBD	1
gram	NN	1
grandfather	NN	2
grandmother	NN	2
grandparents	NNS	1
grant	NN	4
granted	VBN	1
grasp	VB	1
great	JJ	9	NNP	3
greater	JJR	1
greatly	RB	1
greatness	NN	1
green	JJ	1
grew	VBD	3
ground	NN	1
group	NN	14
groups	NNS	4
grow	VBP	2
growing	VBG	2
guess	VBP	24	VB	1
guy	NN	1
guys	NNS	5
gym	NN	2
h	NNP	1	NN	1
h-	NN	8
h_	NNP	4
ha	NNP	1
habits	NNS	1
hack	VB	1
had	VBD	80	VBN	6
half	NN	2
halloween	NNP	1
hand	VB	2	NN	1
handle	VB	1
hanging	VBG	1
happen	VB	2
happened	VBD	3	VBN	1
happening	VBG	6
happens	VBZ	3
happier	JJR	1
happy	JJ	4
hard	JJ	5	RB	2	NNP	2
harder	RBR	1
has	VBZ	25
hasnt	NN	1
hate	VBP	2
have	VBP	118	VB	63
havent	NN	1
having	VBG	9
he	PRP	76
head	NN	7	VB	1
headache	NN	1
headed	VBD	1
header	NN	1
headered	JJ	1
headphone	NN	2
headphones	NNS	1
hear	VBP	1
heat	NN	1
heaven	NN	1
heavily	RB	1
heck	NN	2
height	NN	1
held	VBD	1
hell	NN	1
helped	VBD	2	VBN	1
hence	RB	1
henry	NNP	1
hepburn	NNP	1
her	PRP$	20	PRP	3
here	RB	34
hero	NN	1
herself	PRP	1
hertz	NN	1
hhh	NNP	1
hi	NNP	1
high	JJ	8	NNP	4
highly	RB	2
highways	NNS	1
him	PRP	12
himself	PRP	1
hired	VBD	1
his	PRP$	7
historical	JJ	1
history	NN	5
hmm	NNP	16
ho	NNP	2
hold	VB	1
holds	VBZ	1
hole	NNP	1
home	NN	5
honor	NN	1
hood	NNP	5
hook	NN	1
hope	VBP	6	NN	1
hopefully	RB	1
horrible	JJ	1
horror	NN	1
horses	NNS	1
hotel	NNP	1
hour	NN	1
hours	NNS	2
house	NN	7
how	WRB	53
how-	NN	1
however	RB	4
huge	JJ	1
hugin	NNP	2
huh	NNP	3	NN	1
huh-uh	JJ	1
human	JJ	1
humanism	NNP	1
humanity	NN	3
humble	JJ	1
hundred	CD	3
hundreds	NNS	1
hung	VBD	1
hurt	VBD	2
hurts	VBZ	4
husband	NN	2
hut	NNP	1
hype	NN	1
i	PRP	784	NNP	3
i-	NN	16	NNP	1
i.	NN	1
ice	NN	3
icsi	NNP	14
idea	NN	10
ideas	NNS	1
identical	JJ	1
identically	RB	1
identify	VBP	5	VB	1
identifying	VBG	1
identity	NN	3
if	IN	133
ignore	VBP	1	VB	1
ill	JJ	1
illuminated	JJ	1
im	NNP	1
imagine	VB	2
immediately	RB	1
immediatly	RB	1
important	JJ	4
impossible	JJ	1
impressions	NNS	2
improvements	NNS	1
in	IN	254	RP	1
inadequate	JJ	1
income	NNP	1
indeed	RB	2
indicating	VBG	1
indices	NNS	2
indifferent	JJ	1
individual	JJ	1
inequalities	NNS	1
infin-	NN	1
infinite	NN	3
influenced	VBN	1
info	NN	7
info-on	NNP	1
information	NN	6
input	NN	11
inputs	NNS	5
inside	IN	1
inspiration	NN	1
inspired	VBN	1
install	VB	4
installed	VBN	1
instance	NN	5
instead	RB	4
instinct	NN	1
intend	VB	2
intense	JJ	1
intent	NN	2
intentionally	RB	1
interconnectivity	NN	1
interdependencies	NNS	1
interested	JJ	3	VBN	1
interesting	JJ	5
interestingly	RB	1
interface	NN	2
interfaces	NNS	1
international	JJ	3
interpret	VB	1
interprets	VBZ	1
interview	NNP	1
intimidating	VBG	1
into	IN	32
intriguing	JJ	1
inverse	NN	1
involved	VBN	1
iron	NN	1
irrelevant	JJ	2
is	VBZ	278
isn	NN	2
isnt	NN	2
issue	NN	3
issues	NNS	3
it	PRP	435
it-	NN	2
italia	NNP	1
italy	NNP	1
item	NN	1
items	NNS	1
iterations	NNS	2
its	PRP$	9
itself	PRP	1
ive	NNP	1
j-	NN	1
jacques	NNP	1
jane	NNP	1
japan	NNP	2
japanese	JJ	1
java	NNP	7
jerry	NNP	3
jewel	NN	1
jewish	JJ	2
jill	NNP	2
job	NN	4
johno	NNP	3
johnson	NNP	3
join	VB	1
joint	JJ	1
jointly	RB	1
joking	VBG	1
josey	NNP	1
joy	NN	1
ju-	NNP	1
judeo	NN	3
juice	NN	1
jungle	NN	1
jus-	NN	1
just	RB	162
k	NNP	2
k-	NN	6
k.	NN	3
kabala	NNP	1
kathy	NNP	5
keep	VB	5
keith	NNP	4
kept	VBD	2
key	JJ	1
kg	NN	1
kid	NN	1
kids	NNS	8
kill	VB	1
killed	VBN	1
killing	NNP	2
kind	NN	21	NNP	1
kinda	NN	1
kindergarten	NN	2
kinds	NNS	2
kissinger	NNP	1
kitchen	NN	2
km	NN	1
kn-	NN	1
knew	VBD	8
knife	NN	4
knocks	VBZ	1
know	VB	80	VBP	63
knowing	VBG	1
knowledge	NN	1
knows	VBZ	4
l	NNP	14
l-	NN	4	NNP	1
l.	NN	2
la	NNP	1
lack	NN	1
lady	NN	1
land	NN	2
landscapes	NNS	1
language	NN	10
languages	NNS	1
lapel	NN	1
large	JJ	3
larger	JJR	1
last	JJ	7
late	JJ	1
lately	RB	1
later	RB	5	JJ	1
latter	JJ	1
laughed	VBD	1
laughing	VBG	1
laziest	NN	1
lazy	JJ	1
le-	NNP	1
lead	VBN	1
leading	VBG	1
learned	VBD	2
least	JJS	4
leave	VB	10	NN	1
leaves	VBZ	1
leaving	VBG	1
led	VBN	1
left	VBD	4	VBN	2
leg	NN	2
lemme	NN	1
length	NN	3
less	JJR	5	RBR	2
let	VB	21	VBP	1
lets	VBZ	1
letters	NNS	1
level	NN	7
levels	NNS	3
library	NN	4
lie	VBP	1
life	NN	12
life-changing	JJ	1
like	IN	95	VB	11	VBP	7
liked	VBD	4
likely	JJ	2
likes	VBZ	4
liking	VBG	1
line	NN	3
linear	JJ	1
link	VB	1
linked	VBN	1
list	NN	8
listen	VB	1
listened	VBD	1
lists	NNS	1
literally	RB	5
little	JJ	31	NNP	3	RB	1
live	VB	1
lived	VBD	6	VBN	1
living	VBG	5
livingstone	NNP	1
liz	NNP	4
lo-	NNP	1
local	JJ	2	NN	1
localized	VBN	1
locals	NNS	2
located	VBN	2
location	NNP	7	NN	2
lollipops	NNS	1
long	JJ	6	RB	5
longer	RBR	1	RB	1
look	VB	18	VBP	5	NN	2
looked	VBD	3	VBN	2
looks	VBZ	3	NNP	1
loop	NN	1
loss	NN	1
lost	VBD	3	VBN	1
lot	NN	15
lots	NNS	1
love	VBP	2	NN	2	VB	1
loved	VBD	2
low	NN	1
lowball	NN	1
luckily	NNP	1
lucky	JJ	1
m	NNP	6
m-	NN	2	NNP	1
machine	NN	1
machines	NNS	4
mad	JJ	2
made	VBN	4	VBD	2
maid	NNP	3
mail	NN	1
mailed	VBD	1
main	JJ	1
mainly	RB	3
majority	NN	1
make	VB	24	VBP	5	NN	1
makes	VBZ	3	NNP	1
making	VBG	4
male	JJ	1
males	NNS	2
mama	NNP	1	NN	1
man	NN	4
managed	VBD	1
mandarin	NNP	2
manor	NNP	2
manufacturer	NN	2
many	JJ	17	RB	1
mao	NNP	1
map	VB	1
marginalized	JJ	1
maria	NNP	2
marion	NNP	3
mark	NN	1
marks	NNS	3
married	VBN	1	VBD	1
masterpieces	NNS	1
matter	VB	2	NN	1
matters	VBZ	2
maturity	NN	1
max	NN	2
maximum	NN	2
may	MD	7
may-	NN	1
maybe	RB	22
me	PRP	72
mea-	NN	1
mean	VBP	85	VB	2	NN	1
meaning	VBG	1
means	VBZ	1
meant	VBD	2
meantime	NN	2
mechanism	NN	2
meet	VB	6
meeting	NN	19
meetings	NNS	6
mel	NN	2
melt	VB	1
members	NNS	1
memorial	NNP	1
memories	NNS	2
memory	NN	1
men	NNS	1
mention	VBP	1
mentioned	VBN	1
merely	RB	4
merge	VB	2
merges	NNS	1
mes-	NN	1
mess	VB	2
message	NN	1
met	VBD	5	VBN	3
meta	NN	1
meter	NN	1
methods	NNS	1
mexico	NNP	1
michael	NNP	1
micr-	NN	1
microphone	NN	6
microphones	NNS	3
middle	JJ	2	NN	1
might	MD	14
mighty	JJ	1
migrated	JJ	1
mike	NN	15
mikes	NNS	7
military	JJ	1	NN	1
mill	NN	1
million	CD	1
mind	NN	7	VB	2
mine	NN	1
minh	NNP	2
minister	NN	1
minority	NN	2
minus	CC	1
minutes	NNS	2
mispronounce	NN	2
miss	VB	1
missed	VBD	1
missing	VBG	1
mistaken	VBN	1
mistakes	NNS	1
mix	NN	1
mixed	JJ	1
mm	NNP	1
mm-hmm	NNP	39
mmm	NNP	8	NN	1
mo	NNP	1
mobs	NNS	1
model	NN	1
models	NNS	3
module	NN	1
mom	NN	14
moment	NN	2
monaco	NNP	1
monday	NNP	1
money	NN	6
monk	NN	1
monks	NNS	1
months	NNS	5
moral	JJ	1
more	JJR	27	RBR	21
morgan	NNP	2
morning	NN	2
mornings	NNS	1
moscow	NNP	2
most	JJS	7	RBS	2
mostly	RB	4
mother	NN	18
mothers	NNS	1
motion	NNP	1
mountains	NNS	1
mouth	NN	2
move	NN	2	VBP	1	VB	1
moved	VBD	7	VBN	1
movements	NNS	1
movie	NN	24
movies	NNS	3
moving	VBG	4
ms	NNP	1
much	JJ	17	RB	6
multicultural	NN	2
multiple	JJ	3
must	MD	5
mutu-	NN	1
mutual-	NN	1
mutually	RB	3
my	PRP$	139
my-	NN	1
myself	PRP	10
n	NNP	2
n't	RB	195
n-	NN	6
nah	NNP	1
name	NN	14
named	VBD	1
names	NNS	3
naming	VBG	4	NN	3
nancy	NNP	4
nannies	NNS	1
nanny	NNP	1
narrow	JJ	1
nathan	NNP	1
national	JJ	2
nationalist	JJ	1
nationalities	NNS	3
nationals	NNS	1
naturally	RB	2
nature	NN	1
nauseous	JJ	1
nay	NN	1
nc	NNP	1
near	IN	1
neat	JJ	1
necessarily	RB	4
necessary	JJ	1
necklace	NN	3
need	VBP	13	VB	5
needed	VBD	5
needs	VBZ	4
negatives	NNS	1
neighbor	NN	1
neither	DT	1
nephew	NN	1
net	NN	28
nets	NNS	2
neural	NN	1
neurons	NNS	4
never	RB	17
new	JJ	6	NNP	4
newly	RB	1
news	NNP	2	NN	1
next	JJ	11
nice	JJ	7
nicest	NN	1
nickel	NN	3
niece	NN	2
night	NN	10
nightmare	NNP	1
nights	NNS	1
nine	CD	64
ninety	CD	2
nist	NNP	4
no	DT	46	UH	8	RB	1
no-	NNP	2
no.	NN	9
nobody	NN	1
node	NN	31
nodes	NNS	23
noise	NN	3
non-deterministic	JJ	1
non-speech-meetings	JJ	1
nonspeech	NN	1
norma-	NN	1
normal	JJ	1
normalization	NN	9
normalized	JJ	1
north	RB	2
norwood	NNP	1
not	RB	97
nothing	NN	6
notice	NN	1
noticed	VBD	3
noticing	VBG	1
noun	NN	2
now	RB	47
nuh	NNP	6
null	-	8
number	NN	13
o	NNP	36
o-	NN	3
o_	NNP	3
o_k	NNP	54	JJ	47
oak	NN	1
object	VBP	2	NN	1
obligatory	JJ	1
obliterated	VBN	1
observe	VBP	1	VB	1
observed	VBD	1
obvious	JJ	1
obviously	RB	1
occasionally	RB	1
odd	JJ	2
of	IN	353
off	RP	7	IN	3	RB	1
off-load	JJ	1
offered	VBN	1
office	NN	2
often	RB	1
oh	UH	64
oil	NN	2
ok	JJ	7
old	JJ	15
old-	NN	1
on	IN	128	RP	2
once	RB	11
one	CD	168	PRP	5
one-ninety	JJ	1
one-on-one	JJ	1
one-to-	JJ	1
ones	NNS	29
only	RB	24	JJ	10
onto	IN	1
ontology	NN	2
oops	NNP	3
open	NNP	2
operate	VB	2
operator	NN	1
opinion	NN	4
opportunity	NN	3
option	NN	2
or	CC	140
orange	NN	1
oranges	NNS	1
order	VB	1	NN	1
oriented	JJ	1
origin	NN	1
original	JJ	4
originally	RB	2
origins	NNS	2
orthodox	NNP	1
orthogonal	NN	1
oth-	NN	1
other	JJ	33
otherwise	RB	1
our	PRP$	29
oural	NNP	1
ourselves	PRP	1
out	IN	50	RP	18	RB	2
output	NN	8
outputs	NNS	1
outputted	JJ	1
outside	IN	3
over	IN	11	RP	2	RB	1
overall	JJ	1	NN	1
own	JJ	2
owned	VBD	1
owners	NNS	1
p	NN	11
p-	NN	3
p.	NN	2
pain	NN	2
painful	JJ	3
pair	NN	2
paper	NN	3
parent	NN	1
parents	NNS	3
paris	NNP	3
park	NNP	3	NN	1
parking	NNP	1
parser	NN	5
part	NN	12	VB	1
particular	JJ	6
particularly	RB	1
partitions	NNS	2
passed	VBN	3	VBD	1
passion	NN	2
passions	NNS	1
passport	NN	3
past	JJ	2	NN	1
pasta	NNP	1
paths	NNS	2
patriotic	JJ	1
pavement	NN	1
pay	VB	1
paz	NNP	1
pearls	NNS	1
penny	NN	1
people	NNS	43
per	IN	2
perceive	VBP	2
percent	NN	3
perfect	NNP	2
perform	VB	1
performance	NN	1
perhaps	RB	1
period	NN	1
perl	NNP	2
permissible	JJ	1
person	NN	11
personalities	NNS	1
personally	RB	1
perspective	NN	2
peru	NNP	4
peruvian	NN	1
philosophy	NN	1
phone	NN	8
phoneme	NNP	1
photos	NNS	1
physical	JJ	3
pick	VB	2
picture	NN	3
pictures	NNS	3
piece	NN	2
pieces	NNS	1
piedmont	NNP	1
pigtail	NN	1
pinches	NNS	2
pipelines	NNS	3
pizza	NN	4	NNP	1
place	NN	11
places	NNS	2
plane	NN	1
planned	VBN	1
plans	NNS	1
planted	VBN	1
platonic	JJ	1
play	VB	7
played	VBD	3
playing	VBG	2
please	VB	2
plug	NN	2	VBP	1	VB	1
plugged	VBD	1
pluricultural	NN	2
poems	NNS	2
poetic	NNP	1
point	NN	13	NNP	2	VBP	1
pointers	NNS	2
pointing	VBG	2
political	JJ	2
politics	NNS	1
polk	NNP	2
polkton	NNP	1
polling	NN	1
poor	JJ	5
pop	NNP	1	NN	1
pop-out	JJ	1
popcorn	NNP	1	NN	1
pope	NNP	1
popular	JJ	1
population	NN	1
porch	NN	3
position	NN	1
positive	JJ	1
possibilities	NNS	3
possibility	NN	1
possible	JJ	12
possibly	RB	4
posterior	NN	15
postulate	NN	1
potential	JJ	2	NN	1
potentially	RB	1
power	NN	1
pr-	NN	1
practical	JJ	1
practice	NN	2	VB	1
prayer	NN	1
prayers	NNS	1
praying	VBG	1
pre-crashed	NNP	1	JJ	1
prefer	VBP	3
pregnant	JJ	1
preliminary	JJ	1
presence	NN	1
present	JJ	1
presents	VBZ	2	NNS	1
president	NN	1
pressure	NN	1
prestigious	JJ	1
presumably	RB	2
pretend	VB	6
pretending	VBG	1
pretty	RB	16
prices	NNS	1
pride	NN	2
priest	NN	1
prime	JJ	1
princess	NN	2
principal	JJ	2	NN	1
printed	VBN	1
prior	RB	2
priori	FW	1
prison	NN	1
private	JJ	1
prizes	NNS	4
pro-	JJ	1
proba-	NN	1
probab-	NN	1
probabilistic	JJ	1
probabilities	NNS	9
probability	NN	6
probably	RB	23
problem	NN	13
problematic	JJ	1
problems	NNS	4
process	NN	1
processes	NNS	1
processing	NN	2	VBG	1
program	NN	3
programs	NNS	1
progressively	RB	2
projects	NNS	1
prompt	VB	2
pronou-	NN	1
pronounce	NN	2
proofread	NN	1
propose	VB	1
proposing	VBG	2
proprietary	JJ	2
prosody	NN	1
proud	JJ	3
provision	NN	1
pru-	NN	1
prune	VB	2	NNP	1
pull	VBP	1	VB	1
purpose	NN	3
purposes	NNS	3
pursued	VBD	1	VBN	1
put	VB	8	VBP	4	NN	1
quality	NN	3
queen	NNP	2	NN	1
query	NN	5
question	NN	38
questions	NNS	1
quick	JJ	5
quickly	RB	1
quite	RB	2
r	NN	20
r-	NN	6
radically	RB	1
raining	VBG	1
raised	VBN	8	VBD	1
raleigh	NNP	1
ran	VBD	1
random	JJ	2
randomly	RB	2
rare	JJ	1
rarely	RB	1
rasta	NNP	3
rate	NN	4
rather	RB	2
re-	NN	2	VBG	1
re-nice	JJ	1
re-run	JJ	1
reached	VBD	1	VBN	1
read	VB	7	VBP	3	NN	3
reading	NN	3	VBG	1
reads	VBZ	1
ready	JJ	1
real	JJ	5	NN	2
reality	NN	1
realize	VB	2
realized	VBD	3
really	RB	68
reason	NN	12
reasonable	JJ	1
reasoning	NN	3
recently	RB	3
recognition	NN	4
recognizer	NN	1
record	NN	1
recorded	VBN	1	VBD	1
recording	NN	3	VBG	1
recordings	NNS	1
recursive	JJ	1
red	NNP	2	JJ	1
reduce	VB	1
reduced	VBN	1
reduces	VBZ	1
referred	VBN	1
reflect	VB	1
refreshment	NN	1
regarding	VBG	1
regardle-	NNP	1
regardless	RB	1
regards	VBZ	1
regenerating	VBG	1
regime	NN	2
regions	NNS	1
reid	NNP	1
reincarnation	NN	1
relevant	JJ	5
reliable	JJ	1
relieve	VB	1
religion	NN	8
religions	NNS	1
religious	JJ	9
remained	VBD	2
remaining	VBG	1
remarked	VBD	1
remedied	VBN	1
remember	VBP	17	VB	10
remind	VB	1
remote	JJ	1
remove	VB	1
rename	VB	1
rendered	VBD	1
reorganization	NN	3
reorganize	VB	1
reorganized	VBN	1
replace	VB	2
replaced	VBN	1
representative	NN	1
repressed	JJ	1
require	VB	1
rerun	NN	1
res-	NN	1
reside	VB	2
respected	VBN	1
respond	VB	1
responded	VBN	1	VBD	1
response	NN	2
responses	NNS	1
responsibility	NN	1
rest	NN	4
restroom	NNP	1
result	NN	1
results	NNS	4
retire	VBP	1
retraining	VBG	1
return-	NN	1
returned	VBD	1
reverse	VB	1
rhetorical	NNP	1
ride	VB	1	NN	1
rides	NNS	1
riding	NNP	2
right	RB	62	NN	38	JJ	18
rindner	NNP	1
rings	NNS	1
riots	NNP	1
rise	NN	1
risk	NN	1
roads	NNS	2
robert	NNP	1
robin	NNP	3
rocking	VBG	1
role	NN	1
roll	NNP	2	VB	1
room	NN	2
root	NN	2
roots	NNS	3
roughly	RB	2
routine	JJ	1
rover	NNP	2
row	NN	2
rroads	NNS	1
ruled	VBD	1
run	VB	7	VBP	3
run-	NN	1
running	VBG	7
runs	VBZ	2
russia	NNP	15
russian	JJ	11	NNP	2	NN	1
s	NNP	20	VBZ	2
s-	NN	22	NNP	2
sad	JJ	2
said	VBD	27
saigon	NNP	1
same	JJ	26
samples	NNS	1
san	NNP	1
sandra	NNP	3
sandwiches	NNS	3
santa	NNP	1
saretha	NNP	3
sat	VBD	2
saturday	NNP	6
saved	VBN	1
saver	NN	1
saves	VBZ	1
saving	VBG	1
saw	VBD	1
say	VB	25	VBP	11	NN	1
saying	VBG	16
says	VBZ	6
scale	VB	1
scare	VB	1
scared	VBD	1	VBN	1
scary	JJ	7
scenario	NN	2
scene	NN	1
scenery	NN	1
schedule	NN	1
scheduled	VBN	1
schema	NN	1
schemata	NN	1
scholarship	NN	3
school	NN	14	VB	8
schools	NNS	2
scorching	VBG	1
score	NN	1
scoring	VBG	1
scraps	NNS	1
scratch	NN	1
scream	NNP	1
screamed	VBD	1
screen	NN	2
script	NN	3
sear-	NN	1
search	NN	2
search-replace	JJ	1
seat	NN	1
seats	NNS	1
second	NN	1
section	NN	1
see	VB	19	VBP	15
seeing	VBG	6
seek	VB	1
seem	VBP	3	VB	2
seemed	VBD	2
seems	VBZ	11
seen	VBN	1
segment	NN	5
segmentation	NN	1
segmented	JJ	2
send	VBP	3	VB	2
sense	NN	12
sent	VBD	2
sentence	NN	1
sentiment	NN	1
serials	NNS	1
serious	JJ	1
set	VBN	3	NN	2
sets	NNS	2
setting	VBG	1
seven	CD	61
several	JJ	3
sh-	NN	4
shame	NN	1
shape	NN	1
share	VB	2	NN	1
shared	VBD	2
she	PRP	62
shell	NN	1
shi-	NN	1
shifting	VBG	1
shock	NN	1
short	JJ	5
short-term	JJ	1
shorten	VB	6	NNP	1
shortened	JJ	1	VBN	1
shortening	VBG	2	NNP	1
should	MD	40
shouldn	NN	1
show	VBP	1	NNP	1	VB	1	NN	1
showing	VBG	1
shure	NNP	4
shures	NNP	1
siberia	NNP	1
sick	JJ	1
side	NN	6
sides	NNS	1
sign	NN	1
signal	NN	3
significant	JJ	1
silences	NNS	1
similar	JJ	1
simple	JJ	2
simultaneous	JJ	1
since	IN	12
singing	VBG	1
single	JJ	2
sister	NN	3
sisters	NNS	2
sit	VB	3	NNP	1
sitting	VBG	2
situation	NN	15	NNP	3
situational	NN	2
situations	NNS	4
six	CD	39
sk-	NN	1
skate	NN	1
skillful	JJ	1
skirts	VBZ	2
slam	VBP	1
slash	VB	1	NN	1
sleep	VB	1
slight	JJ	1
slightest	JJS	1
slightly	RB	1
slip	VB	1
smaller	JJR	3
smith	NNP	2
snack	NN	1
snow	NN	1
so	RB	203	IN	110
so-called	JJ	2
social	JJ	2
society	NN	1
software	NN	4
soldiers	NNS	1
solely	RB	1
solid	JJ	1
solution	NN	2
solve	VB	1
som-	NN	1
some	DT	58
somebody	NN	2
someone	NN	12
something	NN	46
sometime	RB	3
sometimes	RB	2
somewha-	NN	1
somewhat	RB	2
somewhere	RB	5
sony	NNP	13
sonys	NNP	1
sooner	RBR	1
sophisticated	JJ	1
sorry	JJ	6
sort	NN	23
sorta	NN	1
soul	NN	1
sound	NN	4	VBP	1
sounds	VBZ	5	NNS	1
south	RB	1
soviet	NNP	1
space	NN	7
speak	VB	2	VBP	1
speakers	NNS	1
speaking	VBG	1
spec	NN	1
special	JJ	3
specific	JJ	8
specifically	RB	2
specification	NN	1
specify	VB	2
specifying	VBG	2
spectacle	NN	1
speech	NN	2
spelling	VBG	1
spend	VB	2	VBP	1
spent	VBD	1
sphere	NNP	3
spinning	JJ	1
spirited	JJ	1
spiritual	NN	1
spirituality	NN	4	NNP	1
spit	NN	1
spits	NNS	1
spitting	NN	1
split	NN	1	VBN	1
spoke	VBD	6
sponsor	NN	1
sponsors	NNS	1
stable	JJ	1
staff	NN	1
stage	NN	2
stagnating	VBG	1
stairs	NNS	3
stand	VB	1
standard	JJ	3
standards	NNS	1
stands	VBZ	1
stanley	NNP	1
star	NN	1
stars	NNS	1
start	VB	7	VBP	1	NNP	1
started	VBD	12
starts	VBZ	1
state	NN	2
states	NNPS	1
stay	VB	2
staying	VBG	2
step	NN	1
steve	NNP	1
sti-	NN	1
stick	VBP	1
sticks	VBZ	1	NNS	1
still	RB	13
stirs	VBZ	1
stomach	NN	1
stomping	VBG	1
stood	VBD	1
stop	NN	1
stories	NNS	9
story	NN	11
storyteller	NN	1
straddle	NN	2
straightforward	JJ	2
strange	JJ	4
street	NN	2	NNP	1
strengthens	VBZ	2
strikes	NNS	1
strong	JJ	3
stronger	JJR	2
strongly	RB	2
struct	NNP	7
structure	NN	4	NNP	1
structured	VBN	1
structures	NNS	2
struggled	VBD	1
stuart	NNP	1
stubborn	JJ	1
stuck	VBN	1
student	NN	1
students	NNS	1
stuff	NN	15
stump	NN	4
sub	NN	3
sub-	NN	1
subject	NN	2
subnet	NN	1
suboptimal	NN	1
subset	NN	3
subtract	VB	5
subtraction	NN	2
such	JJ	8
sucker	NN	5
suckers	NNS	3
sudden	JJ	1
suggest	VB	1
suggestion	NN	1
summer	NN	4
sunday	NNP	1
supplies	NNS	1
suppose	VBP	1
sure	JJ	14	RB	7
surprise	VB	1
surrounding	VBG	1
surroundings	NNS	1
survival	NN	1
suspenseful	JJ	3
suspicious	JJ	2
switch	VB	3
switchboard	NNP	2
switchboard-two	NNP	1
switching	VBG	1
synchronized	JJ	1
sys	NNP	1
system	NN	25
systems	NNS	1
t	NN	23
t-	NN	7
ta-	NN	1
table	NN	2
take	VB	16	VBP	2	NN	2
taken	VBN	2
takes	VBZ	3
taking	VBG	5
talk	VB	7	VBP	2	NN	2
talking	VBG	10
tandem	JJ	5
tanks	NNS	1
tastes	NNS	1
taught	VBD	1
tax	NN	1
tcl-	NNP	1
tea	NN	2
teach	VB	2	VBP	1
teacher	NN	9
teachings	NNS	1
teenage	JJ	2
teenager	NN	2
tell	VB	17	VBP	3
telling	VBG	3
temples	NNS	3
temporary	JJ	3
ten	CD	1
ten-	NN	1
tend	VBP	1
tends	VBZ	1
term	NN	2
terms	NNS	6
test	VB	2	NNP	1	NN	1
th-	NN	18	NNP	3
thailand	NNP	1
than	IN	18
thank	VB	2
thanks	NNS	2
that	DT	270	IN	174	WDT	63	RB	4
thats	NNS	1
the	DT	937
the-	NN	4	NNP	1
theater	NN	2
theatre	NNP	5	FW	4
their	PRP$	12
them	PRP	46
themselves	PRP	4
then	RB	86
theoretically	RB	1
there	EX	93	RB	58
thes-	NN	1
these	DT	42
they	PRP	117
thick	JJ	1
thilo	NNP	1
thing	NN	26
things	NNS	32
thingy	NN	1
think	VBP	57	VB	17
thinking	VBG	6
thinks	VBZ	1
third	JJ	1
thirteen	NN	1
thirty-se-	JJ	1
thirty-seven	NNP	1	JJ	1
this	DT	177
those	DT	35
though	IN	5	RB	3
thought	VBD	10
thoughts	NNS	1
thousands	NNS	1
threatening	VBG	1
three	CD	74
threshold	NN	1
throne	NN	3
through	IN	10
throughout	IN	1
throw	VB	1
throwing	VBG	1
thursday	NNP	1
thus	RB	1
ticket	NN	1
tickets	NNS	1
tight	JJ	1
till	IN	1
time	NN	49	VB	1
timed	VBN	1
times	NNS	2
timing	NN	4
tips	NNS	1
to	TO	558
today	NN	4
together	RB	7
told	VBD	13	VBN	2
tomorrow	NN	2
tongue	NN	1
too	RB	17
took	VBD	6
tool	NN	1
tools	NNS	3
tootsie	NNP	2
top	JJ	2
topics	NNS	1
tore	VBD	1
totally	RB	2
touch	VBP	1
touched	VBN	1
tough	JJ	1
tourist	NN	1
toward	IN	1
towards	IN	5
town	NN	1
tr-	NN	1
tract	NN	4
tradition	NN	1
traditions	NNS	2
traffic	NN	1
train	VB	2
trained	VBN	4
training	NN	4
transcriber	NNP	2
transcript	NNP	7	NN	2
transcripts	NNS	2
transfer	VB	3
transferred	VBN	1
transform	VB	1
transformation	NN	1
transformations	NNS	1
transmission	NNP	1
transmitter	NN	1
transparently	RB	2
travel	VB	3
traveled	VBD	1
traveling	VBG	1
travelled	JJ	1
treasures	NNS	1
treat	VBP	1
treats	VBZ	1
tree	NN	8
trend	NN	1
tricky	NNP	1
tried	VBD	4	VBN	1
tries	VBZ	1
trip	NN	2
trips	NNS	4
trivial	JJ	1
trouble	NN	3
true	JJ	13
truly	RB	2
trump	NN	1
trusted	VBD	2
try	VB	8	VBP	2	NN	1
trying	VBG	4
tse	NNP	1
tuesday	NNP	5
tung	NNP	1
turmoil	NN	1
turn	NN	3	VB	1
turned	VBD	4	VBN	1
twelve	CD	2
twenty	CD	1
twenty-four	JJ	1
two	CD	85
two-fifty	JJ	1
tx	NNP	1
type	NN	4
types	NNS	1
typo	NN	1
u	NNP	4
u-	NN	9	NNP	1
ugh	NNP	1
uh	UH	146	NNP	27
uh-huh	NNP	9
um	NNP	76	NN	75	UH	26
um-hmm	NNP	1
un-	NN	1
unblacked	JJ	1
uncertainty	NN	1
uncle	NN	1
uncompressed	JJ	1
under	IN	5
understand	VB	6	VBP	4
understanding	NN	2
uneasy	JJ	1
unfortunately	RB	1
union	NNP	1	NN	1
universal	JJ	1
universe	NN	2
unix	NNP	1
unpleasant	JJ	1
unplug	VB	2
unsafe	JJ	2
unshortening	VBG	1
until	IN	13
unvoiced	JJ	1
unwieldy	JJ	1
up	RP	26	RB	19	IN	5
upcoming	JJ	1
update	VB	1
upon	IN	6
ups	NNS	2
upwards	NNS	1
ur	NN	1
us	PRP	37	NNP	5
use	VB	12	NN	6	VBP	5
useable	JJ	1
used	VBD	15	VBN	8
user	NN	4	NNP	2
uses	VBZ	2
using	VBG	7
ussr	NNP	2
usually	RB	4
utterance	NN	2
v	NNP	4
v-	NN	2
v_	NNP	2
vacation	NN	2
vague	JJ	1
value	NN	3
values	NNS	17
var-	NN	1
various	JJ	1
vector	NN	2	NNP	1
vectors	NNS	3
venkataraman	NNP	1
ver-	NN	1
version	NN	2
versions	NNS	2
versus	CC	2
very	RB	34
vietnam	NNP	5
view	NN	2	VBP	1	NNP	1
views	NNS	2
vision	NN	2
visions	NNS	1
visit	VB	2	VBP	1	NN	1
visiting	VBG	4
visual	JJ	1
vividly	RB	1
vocal	JJ	3	NNP	1
voiced	NNP	1	VBN	1
vw	NNP	2
w	NNP	2
w-	NN	16	NNP	1
wait	VB	8	NN	1
waiting	VBG	1
waitresses	NNS	2
wake	NN	1
wanna	VB	13	VBP	6
want	VBP	18	VB	9
wanted	VBD	11	VBN	1
wanting	VBG	1
wants	VBZ	25
war	NN	3
warmth	NN	3
warn	VB	1
warning	NN	1
warping	VBG	2
was	VBD	227
was-	NN	1
wash	VB	6
wasn	NN	4
wasted	VBD	1
watched	VBN	1
watching	VBG	1
water	NN	4
wave	NN	2
wavefile	NN	5
wavefiles	NNS	1
waveform	NN	8
waveforms	NNS	2
way	NN	35
ways	NNS	4
we	PRP	404
we-	NN	1
wealth	NN	2
wealthy	JJ	1
wear	VB	5	VBP	1	NN	1
wearing	VBG	4
weary	JJ	2
week	NN	8
weekend	NN	3
weeks	NNS	3
weight	VB	2	NN	2
weighted	JJ	3
weights	NNS	2
weird	JJ	3
wel-	NNP	3
welcome	VB	1
well	RB	89
went	VBD	27
were	VBD	68
western	NNP	1	JJ	1
wh-	NNP	3
wha-	NNP	1	NN	1
what	WP	159
whatever	WDT	15
whatsoever	RB	2
when	WRB	57
whenever	WRB	2
where	WRB	55
where-	NNP	1
whereas	IN	1
whether	IN	14
which	WDT	54
while	IN	9	NN	4
white	JJ	1
who	WP	24
who-	NN	1
whoever	WP	1
whol-	NN	1
whole	JJ	13	NN	3
whose	WP$	1
why	WRB	31
wi-	NNP	1
wide	JJ	1
widens	VBZ	1
will	MD	11
win	NN	1
windows	NNP	1
winner	NN	7
wired	VBN	5	JJ	1
wireless	JJ	6
wiring	NN	1
with	IN	136
withering	VBG	1
within	IN	1
without	IN	9
wo	MD	8
wonderful	JJ	4
wondering	VBG	2
word	NN	2
wore	VBD	1
work	VB	8	NN	6
worked	VBD	2	VBN	1
workers	NNS	1
working	VBG	12
works	VBZ	5
world	NN	11	NNP	1
worn	JJ	1
worry	VB	3	VBP	1
worrying	VBG	1
worse	JJR	2
worshipers	NNS	1
worst	JJ	1
worth	NN	2
would	MD	168
wouldn	NN	1
wouldnt	NN	2
wow	UH	7
write	VB	4	VBP	2
writing	VBG	1
written	VBN	2	JJ	1
wrong	NN	2	JJ	1
wrote	VBD	1
x	NNP	6	NN	1
x_	NNP	7
x_m_l	NNP	8
x_s_l	NN	1
xerxes	NNP	1
y-	NN	11	NNP	3
yard	NN	2
yards	NNS	1
yarn	NN	1
yay	NNP	1
yea-	NNP	1
yeah	UH	211	NN	23
year	NN	7
years	NNS	20
yep	NNP	32	NN	1
yes	UH	18
yet	RB	8	CC	1
york	NNP	4
you	PRP	402
young	JJ	3
younger	JJR	2
youngest	JJS	2
your	PRP$	47
yours	NNS	3
yourself	PRP	4
z	NNP	1
zap	NN	1
zero	CD	36
zeros	NNS	3
zest	NN	1
’	NN	15
’m	VBP	2
’s	VBZ	4
