!	.	434
"	''	29
#	#	48
&	CC	13
'	POS	55	''	32
'cause	IN	1
'd	MD	23
'ello	UH	1
'em	PRP	2
'll	MD	35
'm	VBP	47
'n	CC	1
'n'	CC	1
're	VBP	63
's	VBZ	155	POS	130	PRP	2	NN	1
'til	IN	2
've	VBP	28	VB	6
(	(	72
)	)	73
*	NN	223
,	,	1178
-	-	190	.	3	:	1
.	.	1327
...	...	146	.	2
/	NN	20
1923	CD	1
1997	CD	1
2	CD	1
2004	CD	1
50	CD	1
:	:	917	.	1
;	:	2
>	NN	21
?	.	326
[	NN	643
]	NN	643
a	DT	567	FW	1
abandon	VB	5
abdomen	NN	1
able	JJ	4
aboard	IN	14
about	IN	37
above	IN	3
abruptly	RB	1
absent-mindedly	JJ	1
absurd	JJ	1
abyss	NNS	1
accept	VB	2	VBP	1
accepted	VBD	1
access	NN	1
accident	NN	2
accidentally	RB	2
according	VBG	1
accordion	NN	1
accounts	NNS	1
acquaintance	NN	1
across	IN	12
act	VB	3	NN	2
actin	NN	1
acting	VBG	1
acts	NNS	1
actually	RB	8
adds	VBZ	1
admired	VBN	1
admit	VB	1
adrift	NN	1
adults	NNS	1
advance	NN	1
advancing	VBG	1
advantage	NN	1
advice	NN	1
advocates	NNS	1
aerial	JJ	5
aforementioned	JJ	1
afoul	NN	2
afraid	JJ	7
after	IN	13
afterlife	NN	2
afterwards	RB	1
again	RB	11
against	IN	16
agent	NN	1
agh	UH`	3	NN	1
ago	RB	4
agree	VB	2
agreed	VBD	1
agreement	NN	1
aground	NN	1
ah	UH	14
aha	UH	1
ahead	RB	1
ahhh	UH	3
ahold	NN	1
ai	VBZ	4
aim	NN	1
air	NN	1
akkk	UH	1
ala	FW	4
alan	NNP	59
alas	UH	1
alike	RB	2
alive	JJ	3
all	DT	64	PDT	8
allowing	VBG	1
almighty	NN	1
almost	RB	5
alone	RB	10
along	IN	6
alongside	IN	5
already	RB	8
alright	NN	2
also	RB	7
altercation	NN	1
always	RB	8
am	VBP	18
amateur	JJ	2
amazing	NNP	1
amazon	NNP	1
ambiguous	JJ	1
ambition	NN	1
amen	UH	3
america	NNP	1
american	NNP	1
amok	RB	1
among	IN	4
amongst	IN	1
amounted	VBD	1
amounts	NNS	1
amy	NNP	6
an	DT	41
anchor	NNP	3	VB	1
anchorman	NN	1
and	CC	371
ando	NN	1
angels	NNS	1
anger	NN	1
angry	JJ	1
animal	NN	2
animals	NNS	7
annoying	JJ	1
another	DT	12
answer	NN	1
answered	VBN	2
answering	VBG	1
anti-material	JJ	1
any	DT	16
anybody	NN	1
anymore	RB	3
anyone	NN	3
anything	NN	8
anyways	RB	1	NNS	1
anywhere	RB	2
apart	RB	1
apiece	RB	1
apologize	VB	2
apparantly	RB	1
apparently	RB	2
appear	VBP	1
appeared	VBN	1
appears	VBZ	3
apple	NN	1
apprise	NN	1
approach	NN	3
approaches	NNS	3
approaching	VBG	2
arcs	NNS	1
are	VBP	103	VBZ	1
area	NN	13
argh	UH	1
arguing	VBG	1
arises	VBZ	1
arm	NN	5
armed	JJ	1
armored	JJ	3
armpits	NNS	2
arms	NNS	1
army	NNP	1	NN	1
arose	VBD	1
around	IN	22	RP	2
arrest	NN	4
arrested	VBN	1
arrive	VB	3	VBP	2	FW	1
arrived	VBD	1	VBN	1
arrives	VBZ	5
arrows	NNS	1
as	IN	104	RB	20
ashore	RB	5
aside	RB	4
ask	VB	3	VBP	1
asked	VBD	1	VBN	1
asking	VBG	3
asleep	RB	1
ass	NNS	1
asset	NN	2
assume	VB	1
assure	VB	1
astounded	JJ	1
at	IN	115
atlantic	NNP	1
atop	IN	2
attached	VBN	2
attack	NN	7	VB	1
attacked	VBD	1	VBN	1
attacking	VBG	2
attacks	NNS	2
attempt	NN	1
attempting	VBG	3
attempts	NNS	4	VBZ	1
attention	NN	3
attract	VB	1
audience	NN	1
aunido	NNP	4
authority	NN	1
authorized	VBN	1
avail	NN	1
avais	FW	1
average	JJ	1
awaits	VBZ	2
away	RB	21
awful	JJ	1
awk	UH	4
awning	VBG	1
axe	NN	1
axed	JJ	1
axes	NNS	1
axing	VBG	1
axle	NN	1
aya	NN	1
aye	UH	20
ayeee	UH	1
aztec	JJ	1
b	NNP	1
b.	NN	3
baby	NN	2
back	RB	68	NN	5	RP	1	JJ	1
background	NN	7
backs	VBZ	2	NNS	1
backwards	JJ	3
bad	JJ	7
badly	RB	2
bag	NN	4
bagpiper	NN	1
bags	NNS	2
balanced	JJ	1
balancing	VBG	1
balcony	NN	4
ball	NN	7
bamboo	NN	9
bananas	NNS	1
bandage	NN	1
banging	VBG	1
bar	VB	1	NN	1
bar-*baric	JJ	1
barbossa	NNP	3
bare	JJ	2
barely	RB	1
bargain	NN	1
barking	VBG	2
barks	NNS	2
barn	NN	1
barnacles	NNS	1
barrel	NN	4
barrels	NNS	3
bars	NNS	3
bartered	VBN	1
base	NN	2
battles	VBZ	1
bay	NN	1
bayonette	NN	1
bayou	NNP	2	NN	1
be	VB	79	VBP	2
beach	NN	29
beads	NNS	1
beam	NN	2
bear	VBP	1
beard	NN	1
bearded	JJ	1
beast	NN	5
beastie	NN	3
beating	NN	1
beats	VBZ	1	VB	1
beautiful	JJ	1
because	IN	10
beckett	NNP	56
beckon	NN	1
beckons	NNS	1
become	VBP	2	VB	1
bed	NN	3
bedposts	NNS	1
bedroom	NNP	1
been	VBN	26
before	IN	14	RB	1
beg	VB	1
begin	VBP	3	VB	2
beginning	VBG	1	NN	1
begins	VBZ	8
behalf	NN	1
behaves	VBZ	1
behaviors	NNS	1
behind	IN	34
bein	NN	1
being	VBG	14	NN	1
believe	VBP	5	VB	3
believes	VBZ	1
bell	NN	4
bellamy	NNP	16
belle	FW	1
bells	NNS	1
beloved	JJ	2
below	IN	5
bend	VB	1
beneath	IN	1
berthing	VBG	1
beside	IN	1
best	JJS	6
bet	VB	1	NN	1
betrothed	NNP	1
better	JJR	5	RBR	1	JJ	1
between	IN	9
beyond	IN	3
bible	NNP	4
bidding	NN	1
big	JJ	5
bigger	JJR	2
bill	NNP	2
bird	NN	3
bit	NN	9
bite	VB	2
bites	VBZ	3
black	NNP	38	JJ	14
blackhawk	NNP	1
blade	NN	1
blame	VB	1
blank	JJ	1
blast	NN	2
blasts	NNS	1
blazes	NNS	1
bleats	NNS	1
bless	VB	1
blind	JJ	1
blocking	VBG	1
blocks	NNS	2	VBZ	1
blonde	JJ	1
blood	NN	1
blooded	JJ	1
bloody	JJ	5
blow	NN	1
blowgun	NN	1
blowing	VBG	2
blows	NNS	3
bo	NNP	9
board	NN	5
boarding	VBG	1
boat	NN	12
boats	NNS	2
bob	NN	1
bodes	VBZ	3
body	NN	10
boilerplate	NN	1
boils	VBZ	2
boldy	NN	1
bolts	NNS	1
bon	FW	2
bone	NN	1
bones	NNS	1
bonfire	NN	1
bonnie	NN	1
boogie	FW	1
book	NN	1
bookcases	NNS	1
books	NNS	1
boom	FW	6
boots	NNS	1
bootstrap	NNP	22
bordering	VBG	1
borders	NNS	1
both	DT	8
bother	VB	1
bottle	NN	24
bottles	NNS	5
bottom	JJ	3	NN	2
bougeais	FW	1
bought	VBN	1
bouncing	VBG	1
bound	VBN	1
bouquet	NN	3
bout	RB	1
bow	NN	3
box	NN	2
boy	NN	12
boys	NNS	1
brace	VB	1	VBD	1
brains	NNS	1
branch	NN	1
brand	NN	1
brannigan	NNP	7
brave	JJ	2
bravery	NN	1
brawl	NN	1
break	VB	2	NN	2
breaking	VBG	3
breaks	NNS	5	VBZ	3
breath	NN	3
breathe	VB	1
bred	VBN	2
breed	NN	1
bride	NN	1
bridge	NN	13
bridges	NNS	1
brief	JJ	1
bright	JJ	2
bring	VB	8	VBP	1
bringing	VBG	1
brings	VBZ	3
broadcast	VB	1
broke	VBD	2
broken	VBN	2
brother	NN	3	NNP	2
brought	VBD	4	VBN	3
brown	JJ	1
brush	NN	1
bubbles	NNS	1
bugger	UH	9
build	VBP	1
building	NN	2
built	VBN	1
bulges	NNS	1
bullet	NN	1
bum	NN	1
bunch	NN	2
bunt	NN	1
burdening	VBG	1
burned	VBN	1
burning	NN	1
bursar	NNP	8
burying	VBG	1
bus	NN	2
bushes	NNS	3
business	NN	4
busy	JJ	2
but	CC	73
button	NN	1
buy	VBP	1	VB	1
buzzing	VBG	1
by	IN	57	RB	1
c	FW	2
ca	MD	15
cabin	NN	6
cable	NN	1
cage	NN	24
cage-faced	JJ	1
cages	NNS	9
calculations	NNS	2
caliber	NN	1
california	NNP	1
calipers	NNS	1
call	VB	3
called	VBN	1
calling	VBG	3
calls	VBZ	2
came	VBD	8
camera	NN	11
cameraman	NN	1
camouflaged	VBN	2
can	MD	42
canal	NNP	1
candidate	NN	1
candleholder	NN	2
candles	NNS	1
cannibal	NN	41	NNP	2
cannibals	NNS	12
cannon	NN	5
cannonade	NN	2
cannonball	NN	1
cannons	NNS	3
cannot	NN	4	MD	3
canteen	NN	2
canvas	NN	1
cap	NNP	3	NN	1
capable	JJ	1
capsized	JJ	1
capsizes	NNS	1
captain	NN	19	NNP	17
captive	NN	1
captured	VBN	2	VBD	1
car	NN	2
carbuncle	NN	1
cards	NNS	1
care	VBP	2	NN	2
careful	JJ	2
caretakers	NNS	1
cargo	NN	1
carriage	NN	7
carribean	NNP	1
carried	VBN	5
carries	VBZ	4
carruthers	NNP	2
carry	VB	2
carryin	NN	1
carrying	VBG	8
carved	VBD	1
cary	NNP	1
case	NN	3
casket	NN	5
caskets	NNS	2
cast	VB	3	VBN	2
casts	VBZ	1
casually	RB	2
casualty	NNP	1
cat	NN	1
catch	VB	4
catches	VBZ	2
catching	VBG	2
category	NN	1
catfish	NN	1
caught	VBN	2	VBD	1
cause	VBP	1	VB	1	NN	1
caused	VBD	1
causing	VBG	2
cautiously	RB	1
ceases	VBZ	1
cell	NN	2
cemetery	NN	3
center	NN	1
certain	JJ	4
certainly	RB	2
chain	NN	1
chained	JJ	1
chair	NN	3	NNP	1
chairs	NNS	1
challenge	VBP	1
challenged	VBN	1
chance	NN	5
chances	NNS	4
chandelier	NN	2
changing	VBG	1
chanting	VBG	1
chaplain	NN	3	NNP	2
chapter	NN	1
charge	VBP	1
charged	VBN	1
charges	NNS	5
charging	VBG	1
chariot	NN	1
charity	NN	1
charlatan	NN	1
chart	VB	1
chase	VB	4	NN	1
chased	VBD	1
chases	NNS	1
chasing	VBG	2
chasm	NN	9
chattering	VBG	1
chatters	NNS	3
cheers	NNS	3
chest	NN	51	NNP	1
chickens	NNS	1
chief	JJ	5	NN	1
child	NN	1
children	NNS	2
chin	NN	1
chinese	JJ	1
choice	NN	2
choose	VB	1
chopper	NN	2
chops	NNS	1
chris	NNP	1
chuckling	VBG	1
church	NN	2
circle	NN	1
circumstance	NN	1
circumstances	NNS	1
circus	NN	1
city	NN	1
civillian	NN	1
claim	VB	2	NN	1
claimed	VBN	1
clark	NNP	78
claw	NN	2
claws	NNS	3
clean	VB	2
clear	JJ	6	VB	2
cleared	VBN	1
clearly	RB	4
clench	NN	1
clever	JJ	2
cliff	NN	8
climb	VB	2
climbing	VBG	2
climbs	VBZ	3
clocked	VBN	1
cloned	VBN	2
close	JJ	1
closed	JJ	1	VBD	1
closely	RB	1
closer	JJR	2
closes	VBZ	3
closure	NN	1
cloth	NN	7
clothes	NNS	1
clouds	NNS	1
clowning	VBG	1
cnn	NNP	6
coast	NN	3
coastal	JJ	1
coat	NN	3
coats	NNS	1
coaxed	JJ	1
cocks	NNS	2
coconut	NN	10
coffin	NN	2
coil	NN	1
cold	JJ	2	NN	1
colors	NN	1
come	VBN	30	VB	7	VBP	1
comes	VBZ	8
comin	NN	1
comin'	VBD	1
coming	VBG	3
command	VB	1	NN	1
commission	NN	2
commodore	NNP	4
commotion	NN	1
communications	NNS	2
company	NN	7
compass	NNP	19	NNS	7
compassion	NN	1
compensation	NN	1
competent	JJ	1
completely	RB	1
complications	NNP	1
compromise	VB	1
conch	NN	2
conclusion	NN	1
conclusions	NNS	1
condemn	VB	1
condition	NN	3
confronting	VBG	1
congregation	NN	2
connected	VBN	1
conscience	NN	1
consciousness	NN	1
consider	VB	5
considerably	RB	1
considered	VBD	1	VBN	1
considering	VBG	1
consults	NNS	2
cont'd	JJ	19
contact	VB	1
contacted	VBD	1
contain	VB	1
contained	VBN	1
containing	VBG	1
contains	VBZ	2
contemplate	VB	1
contents	NNS	1
contingency	NN	1
continue	VB	2	VBP	1
continues	VBZ	3
contradictory	JJ	1
contrary	NN	1
control	NN	1
controls	VBZ	2
conversation	NN	2
convince	VB	1
convincing	VBG	1
copy	NN	1
coral	NN	1
coral-encrusted	JJ	1
corner	NN	1
corporal	NNP	2
corpse	NN	1
corpses	NNS	1
cost	NN	2
costa	NNP	9
cotton	NNP	10	NN	6
coughing	VBG	2
could	MD	18
coulda	NN	1
counsel	NN	1
courageous	JJ	1
course	NN	7
cover	VB	1
covered	JJ	1	VBN	1
covering	NN	1
covers	VBZ	1
coward	NN	1
cower	VBP	1
cowering	VBG	1
cpl	NNP	10
crab	NN	8
crabs	NNS	1
crackling	VBG	1
craggy	NN	1
crashes	NNS	2	VBZ	1
crashing	VBG	1
crate	NN	1
crawl	VB	1
crawls	VBZ	1
created	VBD	3	VBN	1
creating	VBG	2
creation	NN	1
creator	NN	1
creature	NN	6
creatures	NNS	2
credibility	NN	1
credit	VBP	1	NN	1
credits	NNP	1
crew	NN	46
crewman	NN	11
crewmates	NNS	1
crewmember	NN	11
crewmembers	NNS	5
crewmen	NN	13
cross	VBP	1
crosses	VBZ	3
crouching	VBG	1
crow	NN	5
crowd	NN	9	NNP	4
crowded	VBD	1
crows	VBZ	2
cruces	NNP	5
cruel	JJ	2
crunches	NNS	1
crushing	VBG	1
cuffed	JJ	1
cupped	JJ	1
curiosity	NN	2
curious	JJ	2
curls	NNS	2
currency	NN	3
cursed	VBD	2
cut	VB	2	VBP	1
cutlass	NNS	1
cutler	NNP	35
cuts	NNS	3
cutting	VBG	1
d	SYM	1	NN	1
da	FW	5
daga	NN	1
dah	FW	1
dalma	NNP	29
damn	VB	1	NNP	1
dancing	VBG	1
danger	NN	2
dangereux	FW	2
dangerous	JJ	2
dangles	NNS	1
dangling	VBG	2
dark	JJ	3
darkened	JJ	1
darkness	NNS	2
darling	NN	1
dart	NN	1
dat	NN	1
datelined	JJ	1
daughter	NN	1
davy	NNP	58
dawn	NN	3
day	NN	14
days	NNS	4
de	IN	12	FW	1	DT	1
dead	JJ	7	VBN	1
deadman	NN	1
deal	NN	2
dealings	NNS	1
dear	RB	3
dearie	NN	1
dearly	RB	1
death	NN	7
deaths	NNS	1
debark	NN	1
debate	NN	1
debris	NN	3
debt	NN	6
decade	NN	1
decency	NN	1
decent	JJ	1
deception	NN	1
decided	VBD	1
decidedly	JJ	1
decides	VBZ	1
decisions	NNS	1
deck	NN	44
deckhand	NN	1
deeds	NNS	1
deep	JJ	2
deeply	RB	1
deer	NNS	2
defend	VBP	1
defense	NNP	1	NN	1
deficient	JJ	1
defines	VBZ	1
deflects	NNS	1
deftly	RB	1
delay	NN	1
delayed	VBD	1
delicate	JJ	1
delicious	JJ	1
deliver	VBP	1
demand	VBP	1
den	RB	1	NN	1
dense	JJ	1
departing	VBG	4
depths	NNS	3
dere	NN	2
descend	NN	1
descends	VBZ	1
described	VBN	1
deserted	VBN	1
designated	VBN	1
desires	NNS	2
desk	NN	7
desperate	JJ	1
desperately	RB	1
despite	IN	1
destiny	NN	2
destroyed	VBD	1
detail	NN	1
detecting	VBG	1
devastated	VBN	1
devastating	JJ	1
developed	JJ	1
device	NN	3
devil	NN	5
dial	NN	1
diamond	NN	1
dice	NNS	2	NNP	1
dichotomy	NNP	1
did	VBD	40
die	VB	5
died	VBD	1
diego	NNP	6
difference	NN	1
different	JJ	3
difficulty	NN	1
digging	NN	2	VBG	1
dilapidated	JJ	1
dinner	NN	1
dinosaur	NN	8	NNP	1
dinosaurs	NNS	11
dips	NNS	1
direction	NN	4
directions	NNS	1
directly	RB	3
dirt	NN	16
dis	NNS	1
disappeared	VBN	1
disappearing	VBG	1
disappears	VBZ	1
disaster	NN	2
disasters	NNS	1
discomforting	VBG	1
discover	VB	1
discovered	VBN	1
discovering	VBG	1
disembarks	NNS	1
disinterest	NN	1
disinterested	JJ	2
dislike	NN	1
dispensed	VBD	1
display	VB	1
distance	NN	9
distant	JJ	1
distasteful	JJ	1
disturb	VB	1
disturbance	NN	1
dit	FW	1
dividing	VBZ	1
divine	NN	2
division	NN	1
dizziness	NN	1
do	VBP	94	VB	25
dock	NN	6
doctor	NN	2	NNP	1
document	NN	2
documents	NNS	2
does	VBZ	21
dog	NN	11
doggie	NN	2
dogs	NNS	1
doing	VBG	9
dollar	NN	1
dolly	RB	1
don	VB	1
done	VBN	9
doomed	VBN	1
door	NN	16
doors	NNS	2
doorway	NN	5
dose	NN	1
dotty	NN	1
doubt	VBP	1	NN	1
douse	VB	1
douses	NNS	3
down	RB	32	RP	12	IN	5
downstairs	NN	1
downtown	NN	1
downward	JJ	1
downwards	NNS	1
dozen	NN	2
dr	NNP	40
drag	VB	3
dragged	VBN	2
drags	VBZ	1
drapes	NNS	1
draw	VB	2
drawing	VBG	2	NN	1
drawn	VBN	1
draws	VBZ	4
dream	NN	1
dress	NN	15
dressed	VBN	2
drink	NN	4	VB	1
drinking	NN	2	VBG	1
dripping	VBG	1
dripples	NNS	1
drop	NN	1
dropped	VBN	1	VBD	1
dropping	VBG	1
drops	VBZ	9	NNS	3
drowned	VBN	1
drums	NNS	5
drunk	JJ	2
dubloons	NNS	1
ducked	JJ	1
ducks	NNS	3
due	JJ	1
duel	NN	5
dueling	NN	2	VBG	1
duelists	NNS	2
duels	NNS	1
duffel	NN	1
dumps	NNS	1
dunes	NNS	1
dunked	JJ	1
duo	NN	1
dutchman	NNP	39
dutchmen	NNP	1
duties	NNS	1
dya	NN	1
dying	VBG	2
e	SYM	2
each	DT	14
eagerly	RB	1
earlier-eaten	JJ	1
early	JJ	1
ears	NNS	1
earshot	NN	1
eart	NN	1
earth	NNP	2	NN	1
easily	RB	1
east	NNP	5
easy	JJ	7	VB	1
eat	VB	5
eating	VBG	1
eats	VBZ	1
edge	NN	6
edges	NNS	1
edinburgh	NNP	6
een	FW	1
eensy	FW	1
eerie	JJ	1
eeseepi	FW	2
effect	NN	2
efforts	NNS	2
eh	NN	3	UH	1
eight	CD	1
eitc	NNP	5	JJ	1
either	RB	4	DT	2
elbows	NNS	1
elderly	NNP	1
elected	VBD	1
elements	NNS	1
elephant	NN	1
elizabeth	NNP	165
ellen	NNP	1
ellie	NNP	20
elliott	NNP	1
else	RB	1
embeds	NNS	1
emerge	VB	2	VBP	1
emerges	VBZ	2
employ	VB	1
employment	NN	1
empty	JJ	2
empty-handed	JJ	1
encountered	VBD	1
encounters	VBZ	1
encrusted	VBN	1
end	NN	9	VB	2	JJ	1
ended	VBN	1	VBD	1
ends	VBZ	1	NNS	1
engage	VB	1
engages	VBZ	1
engaging	VBG	1
engineer	NN	1
england	NNP	2
english	NNP	2
enhance	VB	1
enough	JJ	8	RB	6
enriched	JJ	1
ensued	VBD	1
ensues	NNS	2
ensure	VB	2
enter	VBP	2	VB	1
entering	VBG	2
enters	VBZ	1
entertainment	NN	1
enthusiastically	RB	1
entire	JJ	3
entirely	RB	2
entrails	NNS	1
envelope	NN	2
environment	NN	1
enzymes	NNS	1
equal	JJ	1
equipment	NN	1
er	UH	7
eradicated	JJ	1
erally	RB	1
ernst	NNP	13
eroro	FW	1
escapades	NNS	1
escape	VB	3	NN	2
escaped	VBD	2
escapees	NNS	1
escaping	VBG	1
escorted	JJ	1
est	FW	2
established	VBN	1
estate	NN	1
estimate	VBP	1
etc.	NN	1
eternal	JJ	1
eternity	NN	2
etora	FW	1
euh	UH	6
eunuchy	JJ	2
even	RB	6
evening	NN	2
eventually	RB	1
ever	RB	3
every	DT	8
everyday	JJ	1
everyone	NN	3
everything	NN	4
evidence	NN	1
evil	JJ	2
evolving	VBG	1
exact	JJ	1
exactly	RB	2
exacty	NN	1
examine	VB	1
examines	VBZ	2
exasperation	NN	2
excellent	JJ	2
except	IN	4
exchange	NN	1
excitedly	RB	1
excuse	VB	1	NN	1
executor	NN	1
exhaustion	NN	1
exist	VB	1
exit	VB	1
exiting	VBG	1
exits	VBZ	1	NNS	1
expect	VBP	1	VB	1
expecting	VBG	1
explain	VB	1
explodes	VBZ	1
exposing	VBG	1
ext	NNP	6
extends	VBZ	1
extinction	NN	1
extremely	RB	1
eye	NN	8
eyeballs	NNS	1
eyelids	NNS	1
eyes	NNS	7
eyesight	NN	1
face	NN	23	VB	2
face-down	JJ	1
faces	VBZ	3
facilities	NNS	1
facility	NN	1
facing	VBG	6
fact	NN	3
fadder	NN	1
fade	VB	2
fades	NNS	2
fail	VB	1
failed	VBD	1
faint	VB	1
faintly	RB	1
fair	JJ	3
faith	NN	5
fall	VBP	1	VB	1	NN	1
fallen	VBN	2
falling	VBG	4
falls	VBZ	21
falters	VBZ	1
familiar	JJ	2
families	NNS	1
family	NN	1
fan	NN	1
fancy	JJ	2
far	RB	4
farewell	NN	1
fast	RB	4
faster	RBR	1
fate	NN	5
father	NN	7
fault	NN	2
fear	VBP	3	NN	1
fearsome	JJ	1
feast	NN	1
feed	NN	1
feeder	NN	1
feel	VB	5	VBP	3
feeling	NN	3
fees	NNS	1
feet	NNS	11
fell	VBD	4
felt	VBD	1
female	JJ	2
fence	NN	1
ferinte	FW	1
festooning	VBG	1
fetch	VB	1
fetsoran	FW	1
few	JJ	7
fiancè	NN	1
fiancèe	NN	1
fiasco	NN	1
field	NN	1
fiery	NN	1
fifteen	NN	2	CD	1
fifty	NN	3
fight	NN	2	VB	1
fighting	VBG	3
fights	NNS	2
figuratively	RB	1
figure	VBP	3	VB	1
filled	VBN	2	JJ	1
filling	VBG	1
filter	NN	1
final	JJ	4
finally	RB	7
find	VB	27	VBP	13
finding	VBG	4
finds	VBZ	5
fine	NN	2	NNP	1
finger	NN	1
fingers	NNS	3
finish	VB	3
finished	VBD	1
fire	NN	10	VB	2
fireflies	NNS	1
firefly	RB	1
firepower	NN	1
fires	NNS	2	VBZ	1
firing	VBG	1
firm	NN	1
first	JJ	12	CD	1	LS	1	NN	1
firsthand	RB	1
fish	NN	1
fisherman	NNP	4
fishface	NNP	1
fishing	NN	2
fishnet	NN	1
fist	NN	1
fit	VBN	1
five	CD	5
fives	NNS	2	NN	1
flag	NN	1
flame	NN	1
flat	JJ	1
flatter	NN	1
flattered	JJ	1
fleeing	VBG	1
flees	NNS	2
fleeting	JJ	2
fleshy	NN	1
flies	VBZ	1
flight	NN	1
flinging	VBG	1
flings	NNS	1
flintlock	NN	1
flips	VBZ	1
float	NN	1
floating	VBG	4
floats	VBZ	4
flock	NN	1
floor	NN	2
flung	NN	3
flutters	NNS	1
fly	VB	2
flyin	NN	1
flying	NNP	38	VBG	5
fo	FW	1
focuses	VBZ	1
foggy	JJ	1
follow	VB	5	VBP	2
followed	VBD	1
following	VBG	2
follows	VBZ	2
food	NN	3
fool	NN	1
fooled	VBN	1
foolish	JJ	2
foot	NN	6
footage	NN	2
footprint	NN	4
footstep	NN	1
for	IN	117
forestall	NN	1
forever	RB	2
foreyard	NN	2
forgive	VB	1
forgiving	VBG	1
forgot	VBD	1
fork	VB	1
form	NN	3
formations	NNS	1
former	JJ	2
forth	RB	1
fortuitous	JJ	1
fortunately	RB	1
fortune	NN	2
forty	NN	1
forty-five	JJ	2
forward	RB	2
fossils	NNS	1
foul	JJ	1
found	VBN	4	VBD	2
four	CD	7
fours	NNS	1
fourteen	CD	1
fr	NNP	1
frame	NN	1
frankly	RB	1
frantic	JJ	1
frantically	RB	1
free	JJ	11	VB	2
freed	VBN	1
freedom	NN	5
freeze	NN	1
frequent	JJ	1
friend	NN	4
friendly	JJ	1
fright	NN	3
from	IN	116
frond	NN	2
front	NN	7	NNP	1
fruit	NN	1
fruits	NNS	4
frustrated	VBN	1
fugitives	NNS	1
full	JJ	4
fund	VB	1	NNP	1	NN	1
funeral	NN	1
funny	JJ	2
further	RB	1
futilely	RB	1
fye	FW	4
g	NNP	1
gain	VB	1
gait	NN	1
gallows	NNS	1
gambling	NN	1
game	NN	2
gaping	JJ	1
garret	NNP	1
gasket	NN	1
gasps	NNS	1
gather	VBP	1
gave	VBD	1
geev	FW	1
gen	NNP	40
general	NNP	11	JJ	1	NN	1
geneticorp	NNP	1
gentleman	NN	1
gentlemen	NNS	3	NN	1
gents	NNS	1
get	VB	22	VBP	6
gets	VBZ	4
getting	VBG	3
ghille	JJ	1
ghost	NN	2
giant	NN	1
gibbs	NNP	113
gigantic	JJ	2
giggle	NN	1
giggling	VBG	1
girl	NN	1
giselle	NNP	4
git	NN	1
give	VB	11	VBP	2
given	VBN	2
gives	VBZ	2
giving	VBG	2
glad	JJ	1
glance	NN	1
glass	NN	1
glean	VB	1
globe	NN	1
glowing	VBG	1
glued	VBN	1
go	VB	20	VBP	4	NN	4
goat	NN	2
goats	NNS	1
god	NNP	7	NN	4
goes	VBZ	18
goin	NN	3
going	VBG	18
gold	NN	2
gone	VBN	11
gonna	VBG	3
good	JJ	21	NN	4
goodbye	UH	2
goodbyes	NNS	1
gooseneck	NN	1
got	VBD	12	VB	1	VBN	1
gotta	NN	1
government	NN	1
governor	NN	9	NNP	3
grab	VBP	3	VB	3
grabbed	VBN	1
grabbing	VBG	1
grabs	NNS	18
grace	NNP	1
grainy	NN	1
grand	JJ	1
grandchildren	NNS	1
grandfather	NN	1
grandpa	NNP	1
grant	NNP	85
granted	VBN	1
grass	NN	1
grate	NN	1
grates	NNS	1
grave	JJ	2
graveyard	NN	1
great	JJ	3	NNP	1
greek	NNP	2	JJ	1
green	JJ	2
greenbeard	NNP	2
greet	VB	1
grief	NN	1
grim	JJ	1
gripping	VBG	1
groaning	VBG	1
groom	NN	1
ground	NN	10
group	NN	5
grown	VBN	1
grunting	VBG	1
guard	VB	2	NN	2	NNP	1
guardians	NNS	1
guards	NNS	1
guess	VBP	2
guest	NN	1
guitar	NN	1
gun	NN	5
gunblast	NN	1
gunpoint	NN	1
gunpowder	NN	8
guns	NNS	3
h	NNP	2
ha	UH	40	NN	9
habits	NNS	1
had	VBD	22	VBN	4
hadrus	NNP	17
haggling	VBG	1
hah	UH	2
hair	NN	1
hairy	JJ	1
half	NN	3	PDT	2	JJ	1	DT	1
hall	NN	1
hallway	NN	2
halted	VBD	1
halts	NNS	6
hammering	VBG	1
hammocks	NNS	1
hammond	NNP	16
hand	NN	26
handful	NN	1
handfuls	NNS	1
handle	VB	2
handling	NN	1
hands	NNS	16	VBZ	4
hang	VB	3	VBP	1
hanging	VBG	7
hangman	NN	1
hangs	VBZ	4
happen	VB	3	VBP	2
happened	VBD	5	VBN	1
happening	VBG	3
happens	VBZ	1
happy	JJ	1
harbor	NN	1
hard	JJ	13
harding	NNP	1
hardly	RB	1
hardships	NNS	1
harm	NN	1
harsh	JJ	1
hartman	NNP	1
harvest	NN	1
has	VBZ	27
haste	NN	2
hat	NN	16
hatch	VB	1	NN	1
hatchet	NN	1
hate	VBP	1
hated	VBN	2
hats	NNS	1
haul	VB	1	NN	1
haunted	VBN	2
have	VBP	62	VB	36
having	VBG	4
hawkins	NNP	1
hay	FW	3
he	PRP	104
head	NN	27	VB	1
headed	VBN	1
headin	NN	1
heading	VBG	5
headless	JJ	1
headquarters	NN	3	NNP	1
heads	VBZ	1	NNS	1
headstone	NN	1
hear	VBP	3	VB	2
heard	VBN	5	VBD	3
heart	NN	16
heartbeat	NN	2
heat	NN	1
heave	VB	9
heaven	NNP	1	NN	1
heavily	RB	1
heavy	JJ	3
heck	NN	1
heh	UH	17
height	NN	1
held	VBN	4
helicopter	NN	6
hell	NN	5
hello	UH	2
helmsman	NNP	1
help	VB	8	NN	4	VBP	2
helped	VBD	1
helpful	JJ	1
helping	VBG	2
helps	VBZ	1
her	PRP$	30	PRP	8
here	RB	44
hermit	NN	4
hero	NN	1
heroic	JJ	1
herself	PRP	1
hesitates	NNS	1
hey	UH	12
hi	UH	1
hidden	JJ	2
hide	VB	3
high	JJ	1
higher	JJR	1
highest	JJS	1
highly	RB	1
hill	NN	6
hilltop	NN	1
him	PRP	67
himself	PRP	3
hired	VBD	1	VBN	1
his	PRP$	172	PRP	1
hisself	NN	2
history	NN	1
hit	VB	3
hitching	VBG	1
hits	VBZ	2	NNS	2
hitting	VBG	1
hmm	UH	1
hmmm	UH	4
ho	NN	5
hoisted	VBN	1
hold	NN	7	VB	5
holding	VBG	14	NNP	1
holds	VBZ	10
hole	NN	2
holes	NNS	2
holy	JJ	1
home	NN	1
homes	NNS	1
honest	JJ	3
honestly	RB	1
honor	NN	5
hook	NN	1
hope	VBP	9	VB	1
hoped	VBN	1
hopes	VBZ	1
hops	VBZ	1
horatio	NNP	40
horizon	NN	1
horn	NN	1
horrible	JJ	1
horror	NN	3
horse	NN	3
horseback	NN	1
horses	NNS	1
hospital	NN	1
hour	NN	4
hourglass	NNS	1
hours	NNS	4
house	NN	1
hovaya	NNP	1
how	WRB	40
huge	JJ	1
huh	NN	6	UH	2
hull	NN	2
human	JJ	6
humility	NN	1
humvee	NNP	1
humvees	NNP	1
hundred	CD	3
hung	VBN	1	VBD	1
hunt	NN	6	VB	1
hunter	NN	1
hunting	NN	4	VBG	2
hunts	VBZ	1
hurricane	NN	2
hurry	VB	4	NN	1
hurt	VB	1	VBN	1
hurting	VBG	1
hurts	VBZ	1
husband	NN	2
husk	NN	1
hut	NN	3
hygiene	NN	1
i	PRP	382
i.	NN	1
i.v.	NN	2
ian	NNP	56
idea	NN	3
identification	NN	1
idiot	NN	1
if	IN	55
ignites	NNS	1
igniting	VBG	1
ignoring	VBG	1
iguana	NN	2
ill	JJ	4
illegitimatized	JJ	1
illustrate	VB	1
im	NN	4
imagine	VBP	2	VB	2
imitation	NN	1
immediately	RB	4
immortal	NN	2
impact	NN	1
impaled	JJ	1
impeding	VB	1
impression	NN	1
impulse	NN	1
in	IN	259	RB	1	RP	1
incapacitorially	RB	1
inches	NNS	1
incident	NN	4
includes	VBZ	1
including	VBG	2	VBZ	1	JJ	1
inconspicuous	JJ	1
increasingly	RB	1
indeed	RB	1
indefinitly	RB	1
india	NNP	5
indicating	VBG	3
individual	JJ	1
individuals	NNS	1
inevitable	JJ	1
infant	NN	1
infested	JJ	2
influence	VB	1	NN	1
information	NN	1
informs	VBZ	1
ingen	NNP	4
inhabitants	NNS	1
injured	VBN	1
ink	NN	1
inking	NN	1
innocent	JJ	1
inquire	NN	1
inseparable	JJ	1
inside	IN	18	JJ	3	NN	1
insignia	NN	1
insofar	RB	1
inspired	VBD	1
instead	RB	2
instincts	NNS	1
int	LRB	3	NNP	2
intact	JJ	1
intend	VBP	5
intent	NN	1
intention	NN	1
intently	RB	1
interacting	VBG	1
intercepts	NNS	1
interested	JJ	1
interests	NNS	1
interim	NN	1
interior	JJ	2	NN	1
interjections	NNS	1
interrupted	VBN	3
interrupting	VBG	1
intervenes	NNS	1
into	IN	61
introduced	VBD	1
intuitive	JJ	1
inturrupted	JJ	1
invaders	NNS	2
invading	VBG	1
investigate	VB	1
ipitos	FW	1
is	VBZ	276
isla	NNP	16
island	NN	18	NNP	14
islands	NNS	7
issue	NN	1
it	PRP	281	NN	1
item	NN	1
its	PRP$	13
itself	PRP	3
iv	NNP	1
j	FW	1
jack	NNP	470
jacket	NN	1
jail	NN	1
james	NNP	2
jar	NN	14
jarred	JJ	1
jaw	NN	2
jaws	NNS	1
je	FW	1
jeffery	NNP	61
jeffrey	NNP	1
jesus	NNP	2
jewels	NNS	1
jilted	NNP	1
jog	NN	1
john	NNP	13
join	VB	4
joined	VBN	1
jokingly	RB	1
jonathon	NNP	2
jones	NNP	90
joy	NN	1
joyful	JJ	1
judgment	NN	2
juice	NN	1
jump	VB	1
jumped	VBN	1
jumps	NNS	2	VBZ	1
jungle	NN	4
jurassic	NNP	1
jurisdiction	NN	1
just	RB	41
justice	NN	2
justmy	NN	1
ka	NN	1
kapazun	FW	1
kapitan	FW	1	NN	1
kay	FW	1
keep	VBP	5	VB	2
keeping	VBG	1
keeps	VBZ	3
kegs	NNS	1
kenya	NNP	1
kept	VBN	1
key	NN	26	JJ	14
keys	NNS	5
khaki	JJ	3
kick	VBP	1
kicks	VBZ	2
kill	VBP	3	NN	2	VB	1
killed	VBD	2	VBN	2
killing	VBG	1
kills	VBZ	1
kilometers	NNS	1
kind	NN	3
king	NNP	2	NN	1
kirbys	NNPS	1
kiss	NNS	4
kisses	NNS	1
knees	NNS	1
knew	VBD	9
knife	NN	6
knives	NNS	1
knock	VB	1	NN	1
knocked	VBN	1
knocking	VBG	2
knocks	VBZ	5
know	VBP	34	VB	21
knowin'	VBG	1
knowing	VBG	4
knowledge	NN	1
known	VBN	2
knows	VBZ	2
kohn	NN	1
koleniko	NNP	4
koo	FW	1
kowmpenay	NN	1
krack-en	NNP	1	NN	1
kraken	NNP	24
kray-ken	NNP	1
kray-kin	NNP	1
krock-en	NNP	1
l.a.	NNP	1
la	FW	2
lab	NN	2
lachay	NN	1
lack	NN	1
lad	NN	2
lads	NNS	1
lady	NN	2
lah	FW	1
laid	VBD	1
lam	FW	4	NN	1
lama	FW	1
lamp	NN	3
lamps	NNS	1
land	NN	9	VB	1
lands	NNS	6
language	NN	1
lantern	NN	7
lapels	NNS	1
large	JJ	15	NN	1
lashes	NNS	2
lass	NNS	1
last	JJ	2	RB	1	NN	1
latazo	FW	1
lately	RB	1
later	RB	1
latest	JJS	1
laugh	NN	2
laughing	VBG	1
laughs	VBZ	1
lawyers	NNS	1
lax	JJ	1
lay	VB	1	FW	1
laying	VBG	1
le	FW	1
lead	VB	2	NN	2
leading	VBG	2
leads	VBZ	2
leagues	NNS	1
leans	VBZ	2
least	JJS	1
leather	JJ	1
leave	VB	9	VBP	2	NN	2
leaves	VBZ	6
leaving	VBG	3
ledge	NN	1
leech	NNP	5
leeech	NNP	1
left	JJ	7	VBN	6	VBD	5	NN	4
leg	NN	7
legal	JJ	1
legged	JJ	1
legs	NNS	6
length	NN	2
less	JJR	2	RBR	1
let	VB	19	VBP	4	VBN	1
lets	VBZ	2
letter	NN	3
letters	NNS	7
level	NN	1
leverage	NN	2
li	NN	1
liar	NN	5
liberty	NN	1
licky	VB	6
lie	NN	2	VB	1
lies	VBZ	2
lieutenant	NNP	3
life	NN	12
lifetime	NN	1
lift	VB	4	VBP	1
lifting	VBG	1
lifts	VBZ	2
light	JJ	1
lighted	VBN	3
lights	NNS	4
like	IN	28	VB	5	VBP	3
likely	JJ	1
line	NN	6	VBP	1
lined	VBD	1
lines	NNS	5
lions	NNS	2
lip	NN	1
liquor	NN	1
listen	VB	2
listening	VBG	3
lit	VBD	1
literally	RB	1
litozo	FW	3
little	JJ	9
live	VB	4	JJ	2	VBP	1
lives	NNS	1
livestock	NN	1
living	VBG	2
liz	NNP	1
lizard	NN	1
lizzy	NNP	1
load	NN	1
loaded	VBN	1
loading	NN	3	VBG	1
loathe	NN	1
lobster	NN	2
located	VBN	1
locating	VBG	1
locations	NNS	1
lock	VB	2
locked	VBN	1
locket	NN	2
logo	NN	2
london	NNP	1
long	JJ	13	RB	5
longboat	NN	16
longboats	NNS	2
longer	RB	4	JJR	1
look	VB	18	VBP	6	NN	5
lookin	NN	1
looking	VBG	11
looks	VBZ	18	VB	1
loose	JJ	3	VB	2
lord	NNP	41
lose	VB	1	NNP	1
losing	VBG	1
lost	VBD	4
lot	NN	6
lotus	JJ	1
loud	JJ	2
loudly	RB	1
love	NN	10	VBP	1	VB	1
loving	JJ	1
low	JJ	4
lower	JJR	1
loyalty	NN	2
lt	NNP	6
luck	NN	2
lucky	JJ	1
lunatic	JJ	1
lunatics	NNS	1
lying	VBG	4
lysine	NN	3
maboogie	FW	1
maccus	NNP	8
mad	JJ	1
made	VBD	5	VBN	4
magnitude	NN	1
main	JJ	2
mainland	NN	3
make	VB	12	VBP	7	NN	3
makes	VBZ	5
making	VBG	4
malcolm	NNP	65
malcom	NNP	3
male	JJ	3
man	NN	55
manacles	NNS	4
managed	VBD	2
manages	VBZ	2
maneuvers	NNS	1
manila	NN	1
manner	NN	2
many	JJ	11
map	NN	3
marched	VBN	1
marine	NNP	1
marines	NNPS	7	NNS	3
mark	NN	5	VB	1
market	NN	1
marque	NNP	4
marriage	NN	3
married	VBN	3
marrowbones	NNS	1
marry	VB	1
marty	NNP	16
mask	NN	4
mast	NN	7
master	NNP	5
masts	NNS	1
match	VBP	1	VB	1
mate	NN	7
mates	NNS	1
matrimony	NN	1
matter	VBP	2	NN	2	VB	1
may	MD	6
maybe	RB	7
me	PRP	78
mean	VBP	5	JJ	1	NN	1
meaning	VB	1	NN	1	VBG	1
meaningful	JJ	1
means	VBZ	3
meant	VBD	1
meat	NN	1
meet	VB	1
meeting	NN	1
megaphone	NN	2
melina	NNP	6
members	NNS	1
men	NNS	31
mending	VBG	1
mention	NN	2	VB	1
mercer	NNP	15
merciful	JJ	1
message	NN	2
messenger	NNP	2
met	VBD	1	VBN	1
metal	NN	2
method	NN	1
mezande	NN	1
microphone	NN	1
midday	NN	2
middle	NNP	1
might	MD	9	VB	1
mildly	RB	1
miles	NNS	3
military	JJ	2	NNP	1
mill	NN	1
mind	VB	11	NN	2
mine	NN	1
minute	NN	1
minutes	NNS	4
misadventure	NN	1
misfires	NNS	1
misfortune	NN	1
miss	NNP	2	VB	1
missing	VBG	1
mistake	NN	2
mistakes	NNS	2
mister	NNP	15
mix	VB	1
mm	UH	3
mmm	UH	2
mobile	NN	1
mom	NN	2
mombasa	NNP	1
moment	NN	9
momentarily	RB	1
moments	NNS	1
money	NN	2
mongrel	NN	1
monitor	NN	1
monkey	NN	20
monsieur	FW	1
montana	NNP	2
month	NN	2
moon	NN	2
mooring	VBG	3
moral	JJ	1
more	JJR	22	RBR	4
morning	NNP	2	NN	2
most	JJS	7
mother	NN	2	NNP	1
motion	NN	6
motioning	VBG	2
motions	NNS	2
mountaintops	NNS	1
mounted	VBN	1
mourners	NNS	1
mourning	VBG	1
mouth	NN	8
move	VB	3	VBP	1
moved	VBN	1
movement	NN	2
moves	VBZ	2	NNS	1
movie	NN	2
moving	VBG	5
mr	NNP	14	NN	1
much	JJ	17	RB	8
mud	NN	1
muerta	NNP	3
mug	NN	1
mugs	NNS	3
mule	NN	1
mum	JJ	1
mural	NN	1
music	NN	11
musicians	NNS	1
must	MD	15
muted	VBN	1
mutinied	JJ	1
muttering	VBG	2
mutual	JJ	1
my	PRP$	74
myself	PRP	6
mythological	JJ	1
n	NN	4
n't	RB	124
nail	NN	2
naked	JJ	1
name	NN	3
named	VBD	1
native	JJ	1
natives	NNS	1
nature	NN	1
navigational	NN	1
navy	NNP	1
ne	FW	2
near	IN	10
nearby	JJ	5
nearly	RB	3
necessary	JJ	3
neck	NN	5
necklace	NN	2
nee	FW	1
need	VBP	18	VB	7	NN	5
needed	VBD	1
needle	NN	1
needs	VBZ	3
negative	JJ	1
negotiate	VB	3
neighborhood	NN	1
neighs	NNS	1
neither	DT	2
nephew	NN	1
nervously	VBG	1
nest	NN	2
net	NN	3
nets	NNS	1
neutralize	NN	2
never	RB	13
new	JJ	1
newcomer	NN	1
newfound	NN	1
news	NN	4	NNS	1
next	JJ	12	RB	1
nice	JJ	2
nigh	IN	1
night	NN	7
nighttime	NN	1
nine	CD	3
ninety	CD	3
no	DT	51	UH	33	RB	5
no.	NN	5
noble	JJ	1
nodding	VBG	1
nods	VBZ	2
noise	NN	2
non-lysine	JJ	1
nondescript	JJ	1
none	NN	1
nonetheless	RB	1
noose	NN	1
nor	CC	1
norm	NN	1
normal	JJ	1
norrington	NNP	74
north	RB	1
nosara	NNP	2
nose	NN	1
nosra	NNP	1
not	RB	80
nothing	NN	7
notice	VB	2
noticed	VBD	1
notices	NNS	1
noticing	VBG	1
notify	VBP	1
noting	VBG	1
notion	NN	1
notorious	JJ	1
now	RB	30
nowhere	RB	1
nublar	NNP	1
nuisances	NNS	1
null	UH	7	FW	2	NNP	1	NN	1
numerous	JJ	2
nut	NN	1
o	NN	4
o.s.	NNP	2
oar	NN	4
oath	NN	1
object	VBP	1	NN	1
objections	NNS	1
oblivious	JJ	1
observes	VBZ	1
obstacle	NN	2
obviously	RB	1
occasion	NN	1
occasionally	RB	1
occurred	VBN	1
occurs	VBZ	1
ocean	NN	4
odd	JJ	2
odor	NN	1
of	IN	388
off	RP	35	IN	33	RB	2
offer	NN	3	VB	2	VBP	1
offers	VBZ	2
office	NN	6
officer	NN	2
official	JJ	1
offscreen	NN	2
offshore	RB	1
oh	UH	33
ohhh	UH	2
oil	NN	2
okay	UH	2
ol	NN	1
old	JJ	4
omen	NN	1
on	IN	236	RP	1
once	RB	4
one	CD	80	PRP	1	NN	1
only	RB	28	JJ	3
onto	IN	12
oo	NN	1
ooh	UH	3
open	JJ	11	VB	8
opened	VBN	2	VBD	1
opening	VBG	1
opens	VBZ	6
opposite	NN	1
optimistic	JJ	2
or	CC	24
orchids	NNS	1
order	NN	2
ordered	VBN	2
orderly	JJ	1
orders	NNS	5
organ	NN	8
origin	NN	2
original	JJ	2
ortega	NNP	5
other	JJ	20
others	NNS	4
oup	NN	1	UH	1
our	PRP$	21
ours	PRP	1
out	IN	49	RP	12	RB	2
outrage	NN	1
outrun	NN	1
outside	IN	4	RB	1	JJ	1
outward	RB	1
over	IN	43	RB	1
overboard	RB	5
overcome	VBN	2
overhead	NN	1
overhearing	VBG	1
owe	VBP	3
owed	VBN	1
owes	VBZ	1
own	JJ	7
owned	VBN	1
owner	NN	1
oy	UH	6
p	NN	2
p.	NN	1
paddles	NNS	1
pages	NNS	1
paid	VBN	1
pain	NN	2
painted	VBN	1
painter	NN	1
painting	VBG	1
pair	NN	2
paka	FW	1
paleontology	NN	1
palm	NN	8
palms	NNS	1
pan	VB	1
panama	NNP	2
pans	NNS	5
pantano	NNP	2
panting	VBG	2
paper	NN	1
papers	NNS	1
paperwork	NN	1
paprika	NN	2
paralyzed	VBN	1
pardon	NN	3
parenting	NN	1
park	NN	3	NNP	1
parker	NNP	2
parrot	NNP	6	NN	2
part	NN	6	VB	1
partially	RB	1
particularly	RB	1
partly	RB	1
pas	FW	1
pass	VBP	1	NN	1
passed	VBN	1
passes	VBZ	1
passing	VBG	2
passionately	RB	1
past	JJ	5	NN	1
path	NN	3
pause	NN	1
pauses	VBZ	3
pay	VB	2
paying	VBG	1
payment	NN	5
pear	NN	1
pearl	NNP	47	NN	1
pecking	VBG	1
pecks	NNS	1
peer	VB	1
peg	VB	2
pelegostos	NNP	2
pen	NN	1
penguin	NN	1
penny	NN	1
pentagon	NNP	2
people	NNS	15
per	IN	2
perfect	JJ	2
perfected	VBN	1
perform	VBP	1
perhaps	RB	4
perish	NN	1
perkins	NNP	23
person	NN	5
personal	JJ	1
personally	RB	1
persuade	VB	2
persuasion	NN	1
pes	FW	1
peux	FW	1
philosophical	JJ	1
phone	NN	1
pick	VB	2
picks	VBZ	10
picture	NN	2
piece	NN	3
pieces	NNS	2
pierces	NNS	1
pigs	NNS	1
piki	FW	2
pile	NN	3
pilot	NN	2
pilotage	NN	1
pinnacle	NN	1
pintel	NNP	66
pipe	NN	2
pipes	NNS	1
pirate	NN	9
pirates	NNS	2	NN	2	NNP	1
pirating	VBG	1
pistol	NN	12
place	NN	5	VB	1
plague	VB	1
plan	NN	2	VBP	1
plane	NN	1
plank	NN	2
plant	NN	1
platform	NN	1
play	VB	3
playing	VBG	3
plays	VBZ	3
please	VB	4	VBP	2
pleased	VBN	1
pleasure	NN	2
plenty	NN	1
pocket	NN	1
point	NN	4	VB	2	VBP	1
pointed	VBD	1
pointing	VBG	4
points	NNS	9	VBZ	5
poker	NN	2
pole	NN	16
police	NNP	1
pony	NN	1
poochie	NN	1
poor	JJ	2
poppet	NNP	1
pops	VBZ	3
population	NN	1
pork	NN	1
port	NNP	12	NN	9
position	NN	4
positions	NNS	3
positive	JJ	1
possesses	VBZ	3
possession	NN	1
possibility	NN	1
possible	JJ	7
post	NN	1
postpone	VB	1
pounding	VBG	3
pounds	NNS	1
pours	VBZ	3
powder	NN	1
power	NN	1
praise	NN	1
pray	NN	1
prayers	NNS	2
pre-dawn	JJ	1
precious	JJ	1
predator	NN	1
prefer	VBP	1
prepare	VB	1
presence	NN	1
present	JJ	1
preserve	VB	2
press	VB	1
press-ganged	JJ	1
presses	NNS	1
pretendin	VBG	1
pretending	VBG	1
pretends	NNS	1
pretty	RB	1	JJ	1
previous	JJ	1
prey	NN	1
price	NN	3	NNP	1
pries	NNS	1
principle	NN	1
print	NN	2
prison	NN	6	NNP	1
prisoner	NN	4
prisoners	NNS	4	NNP	1
privateer	NN	2
prize	NN	1
probably	RB	2
problem	NN	1
proceed	VB	1
proceededly	JJ	1
profit	NN	1
programs	NNS	1
progress	NN	1
promise	NN	2	VBP	1	VB	1
promises	NNS	1
prompt	VB	1
pronounced	VBN	1
proped	JJ	1
proper	JJ	1
properly	JJ	1
properties	NNS	1
property	NN	2
proposal	NN	1
protect	VB	2
prototypes	NNS	1
protrude	NN	1
protruding	VBG	1
proud	JJ	1
provide	VB	3
provided	VBD	1	VBN	1
providence	NN	2
provincial	JJ	1
prow	NN	1
pry	NN	1
pttt	UH	1
public	NN	3
puckered	JJ	1
pull	VB	4	NN	1
pulled	VBN	1
pulley	NN	1
pullin	NN	1
pulling	VBG	5
pulls	VBZ	9
punish	NNP	1
punished	VBN	1
punishment	NN	2
purpose	NN	3
pursuing	VBG	1
pursuit	NN	2
pushes	VBZ	4
pushing	VBG	2
put	VB	12	VBP	4	NN	1	VBD	1	VBN	1
puts	VBZ	8
putting	VBG	1
q3	NN	1
quality	NN	1
quartermaster	NNP	7
question	NN	4
questions	NNS	3
quick	JJ	3
quickly	RB	5
quietly	RB	1
quill	NN	1
quite	RB	5
quivers	NNS	1
racing	VBG	1
rack	NN	3
radio	NN	1
ragetti	NNP	60
rail	NN	1
railing	NN	8
rain	NN	5
raise	VB	1
raised	VBD	1
raises	VBZ	1
rampage	NN	1
ran	VBD	3
ranch	NN	2
range	VBP	1	NN	1
rapidly	RB	1
rat	NN	1
ravaged	NNP	1
rawk	UH	1
re	NN	1
re-supply	JJ	1
reach	VB	2	VBP	1	NN	1
reaches	VBZ	6
read	VB	2	VBN	2	VBP	1	NN	1
reading	VBG	1
reads	VBZ	3
ready	JJ	6
real	JJ	3	NN	1
realize	VBP	1
really	RB	10
realm	NN	2
rear	JJ	1
reason	NN	5
reasons	NNS	1
receeding	VBG	1
received	VBN	1
recently	RB	1
reclaimed	VBN	1
reclining	VBG	1
recognizing	VBG	1
recoils	NNS	1
reconciliatory	NN	1
recorded	VBD	1	VBN	1
recording	NN	1
recover	NNP	1	VB	1
red	JJ	1
redemption	NN	1
redhead	NN	1
reef	NN	4
reeking	VBG	1
reexamines	NNS	1
reflected	VBN	1
regain	VBP	1	VB	1
regardless	RB	1
regret	VBP	3
regrettably	RB	1
regular	JJ	1
rejoicing	VBG	1
relationship	NN	2
release	NN	1
releases	VBZ	1
releasing	VBG	1
reluctantly	RB	1
remain	VB	1
remaining	VBG	5
remains	VBZ	2
remember	VB	3	VBP	2
remind	VB	1
remorseless	JJ	1
remove	VB	4
removed	VBN	1
removes	VBZ	1
rendered	VBN	2
repetitiously	RB	1
replaces	VBZ	1
reporter	NN	1
reports	NNS	1
request	NN	2
research	NN	3
researcher	NN	1
resist	VB	2
resolute	NN	1
resonates	VBZ	1
resources	NNS	1
respect	NN	1
respirator	NN	1
responds	VBZ	1
responsibility	NN	2
responsible	JJ	2
rest	NN	7	VB	2
restored	VBD	1
restraining	VBG	1
resulting	VBG	1
resume	VBP	1	VB	1
resumes	VBZ	1
retained	VBN	1
retract	NN	1
retracts	NNS	1
retreats	NNS	1
retrieving	VBG	1
retrospect	NN	1
return	VB	2	NN	2
returned	VBN	2
returns	VBZ	1
reunited	VBN	1
reveal	VB	1
revealed	VBN	1
revealing	VBG	3
reveals	VBZ	1
revelation	NN	1
revenge	NN	1
revulsion	NN	1
rewards	NNS	1
rex	NN	9	NNP	8
rexes	NNPS	5	NNS	4
rhythmically	RB	1
rica	NNP	9
richochets	NNS	1
rick	NNP	10
ride	NN	2
rifle	NN	6
rig	NN	1
rigging	VBG	6
right	NN	13	RB	11	JJ	9
rights	NNS	2
ring	NN	2
ringing	VBG	1
rings	VBZ	1	NNS	1
rise	VBP	1
rises	VBZ	6
rising	VBG	2
risk	NN	1
ritual	NN	1
river	NNP	2	NN	2
roam	VBP	1
roap	NN	1
roar	NN	2
roars	VBZ	1
roast	NN	1
rob	NN	1
robbed	VBN	1
robe	NN	1
rock	NN	4
rocks	NNS	2
rocky	JJ	2
roland	NNP	33
roll	VB	2	NN	2
rolling	VBG	5
rolls	NNS	8
romantic	NNP	2
roof	NN	2
rooftop	NN	1
room	NN	10
rooting	VBG	1
roots	NNS	1
rope	NN	18
ropes	NNS	4
rose	VBD	1
rossio	NNP	1
roster	NN	1
rotates	NNS	1
rotting	VBG	1
row	NN	4
rowboat	NN	4
rowboats	NNS	1
rower	NN	1
rowing	NN	7
rows	NNS	1
royal	NNP	12
rubs	VBZ	1
rudder	NN	2
ruined	VBN	1
rum	NN	10
rum-soaked	JJ	1
rumbling	VBG	1
run	VBP	5	VB	5	VBN	2	NN	1
running	VBG	15
runs	VBZ	6
rush	NN	3
rushes	VBZ	1
s	UH	3
sa	FW	1
sacrifice	VB	1
sad	JJ	1
sadness	NNS	1
safari	NN	2
safe	JJ	5
safely	RB	2
safety	NN	1
said	VBD	9	VBN	3
sail	NN	7	VB	1
sailed	VBD	1
sailor	NN	10	NNP	7
sailors	NNS	1
sails	NNS	2
salvagin	NN	2
salvation	NN	1
samara	NNP	2
same	JJ	11
sample	NN	1
samuel	NNP	14
san	NNP	6
sanchez	NNP	55
sand	NN	11
sandy	JJ	1
sarah	NNP	1
sarcastically	RB	1
satisfied	VBN	1
sattler	NNP	30
save	VB	12
saved	VBD	1
savin	NN	1
saving	VBG	2
savvy	VB	2
saw	VBD	2
sawfish	NN	1
say	VBP	11	VB	11	FW	7
saying	VBG	2
says	VBZ	2
scampers	NNS	2
scandinavian	JJ	1
scandinavians	NNP	1
scared	JJ	1	VBD	1
scarlett	NNP	2
scene	NN	43
scenes	NNS	1
scoops	VBZ	1
scourge	NN	1
scowling	VBG	1
screaming	VBG	2
screams	VBZ	6
screen	NN	5
screw	NN	1
screwy	NN	1
scrubbing	VBG	1
scurries	NNS	1
scurry	VB	2
scuttle	VB	1
scuttled	VBN	5	JJ	2
scuttles	NNS	1
sea	NN	22	JJ	1
seal	NN	3	VB	1
search	NN	2	VB	1
searched	VBD	1
searches	NNS	2
searching	VBG	2	NNP	1
seas	NNPS	1	NNS	1
seasoning	VBG	1
seated	NNP	1
seattle	NNP	3
seaweed	JJ	1	NN	1
second	JJ	4	NN	1
secure	VB	2
security	NN	2
see	VB	29	VBP	6
seech	NN	1
seeing	VBG	2
seek	VBP	1
seem	VBP	2	VB	1
seemed	VBD	2
seems	VBZ	7
seen	VBN	19
sees	VBZ	20
seized	VBN	1
seizes	NNS	2
selfish	JJ	1
sell	VB	1
send	VB	2	VBP	1
sends	VBZ	1
sense	NN	4
sensing	VBG	1
sent	VBD	5	VBN	1
separate	JJ	1
series	NN	1
serious	JJ	2
serve	VB	4
served	VBN	1
service	NN	2
services	NNS	2
serving	VBG	1
servitude	NN	2
set	VBN	4	VB	2	NN	2
sets	VBZ	3	NNS	2
settin	VBG	1
setting	VBG	1
settle	VB	5
settled	VBN	1
seven	CD	1	NNP	1
sever	VB	2
several	JJ	4
severe	JJ	1
severing	VBG	1
sha	FW	1
shack	NN	8
shackles	NNS	3
shadows	NNS	1
shadowy	JJ	1
shaft	NN	1
shakes	VBZ	2
shall	MD	5	VB	1
shallow	JJ	1
shallows	NNS	3
shame	NN	3
shanghaied	JJ	1
shape	NN	2
shaped	VBN	1
share	VB	2
she	PRP	23
sheet	NN	1
shell	NN	2
shells	NNS	1
shhh	UH	4
shifted	VBN	1
shine	VBP	1
shiny	JJ	4
ship	NN	52	NNP	2
ships	NNS	3
shirt	NN	4
shish	NN	1
shock	NN	1
shocked	VBN	2
shoes	NNS	1
shoo	FW	4
shook	VBD	1
shoop	FW	2
shoot	VB	8
shoots	VBZ	1
shore	NN	3	VB	2
shoreline	NN	1
shores	NNS	1
short	JJ	2	RB	1
shorts	NNS	1
shot	NN	4
should	MD	14
shoulder	NN	5	VB	1
shout	NN	2
shouting	VBG	5
shouts	VBZ	3
shovel	NN	3
show	VB	5
showing	VBG	3
shown	VBN	4
shows	VBZ	6
shrimper	NNP	4	NN	2
shrinking	VBG	1
shrugs	VBZ	1
shrunk	VBN	1
shuffling	NN	1
shut	VB	1	VBD	1
shuts	VBZ	1
side	NN	19
sides	NNS	2
sideways	RB	3	JJ	1
sighing	VBG	1
sighs	NNS	1
sight	NN	1
sightseeing	NN	1
sign	NN	6	VB	1
signal	NN	1
signature	NN	1
signed	VBN	2
signs	VBZ	1
silence	NN	1
silent	JJ	3
silently	RB	5
silver	NN	1
simple	NN	1
simultanenously	RB	1
since	IN	7
singapore	NNP	2
singing	VBG	1
single	JJ	1	NN	1
sinking	VBG	1
sinks	NNS	1
sins	NNS	1
sir	NNP	20	NN	4
sire	NN	1
sister	NN	1
sit	VB	1
site	NNP	4	NN	1
sits	VBZ	9
sitting	VBG	14
situation	NN	1
six	CD	5
size	NN	3
skeleton	NN	4
skills	NNS	1
skin	NN	3
skirt	NN	1
skulls	NNS	1
sky	NN	2
skyward	RB	1
slams	NNS	1
slaps	VBZ	2
slashes	NNS	1
slaving	VBG	1
sleep	VBP	1
sleeping	VBG	3
sleeps	VBZ	1
slices	NNS	1
slide	NN	3
slides	NNS	2
sliding	VBG	1
slightly	RB	1
slime	NN	4
slimy	JJ	1
slip	VB	1
slipping	VBG	1
slips	VBZ	2
slit	NN	1
slope	NN	1
slow	JJ	6
slowly	RB	9
slugs	NNS	1
slurping	VBG	1
smalay	FW	1
small	JJ	13
smaller	JJR	3
smashes	NNS	2
smell	NN	2
smells	VBZ	1
smile	NN	1
smiling	VBG	2
smirking	VBG	1
snake	NN	3
snap	NN	1
snapping	VBG	1
snare	VB	1
snarls	NNS	4
sneaking	VBG	1
sneaks	NNS	2
snickel	FW	2
snip	VB	2
snoring	VBG	2
so	RB	34	IN	21
soldier	NN	1
soldiers	NNS	1
solve	VB	1
some	DT	22	RB	1
somehow	RB	1
someone	NN	5
somersaults	NNS	1
somethin	NN	1
something	NN	21
sometime	RB	1
somewhere	RB	2
son	NN	4
song	NN	1
sonny	NN	1
soon	RB	8
sooner	RB	1
soprano	NN	1
sorely	RB	1
sorna	NNP	7
sorrow	NN	1
sorry	JJ	14
sort	NN	2
soul	NN	5
souls	NNS	8
sound	NN	15	VBP	1
south	RB	2	NNP	1
spar-	NN	1
spare	VB	1
sparrow	NNP	227
speak	VB	1
speaker	NN	1
speaking	VBG	1
speaks	VBZ	2
spears	NNS	3
species	NNS	1
specific	JJ	1
specimen	NN	1
speck	NN	1
speed	NN	3
spells	VBZ	1
spend	VB	1
spherical	JJ	1
spice	NN	1
spill	NN	2
spilled	VBN	1
spills	VBZ	1
spino	NN	4
spinosaur	NNP	16
spinosaurus	NNP	3
spins	VBZ	1
spirit	NN	5
spit	NN	1
spits	NNS	4
splashes	NNS	1
splashing	VBG	1
spoke	VBD	1
spot	NN	7
spots	VBZ	4	NNS	1
spotted	VBN	1
spouting	VBG	1
spraying	VBG	1
sprinkles	VBZ	1
spyglass	NN	4
square	VB	1	JJ	1	NN	1
squishy	NN	1
stab	NN	3
stabilize	VB	1
staggers	NNS	1
stairs	NNS	3
stake	NN	1
stakes	NNS	2
stand	VBP	2	VB	1	NN	1
standards	NNS	1
standing	VBG	8	NN	7
stands	VBZ	8
starboard	NN	5
stares	NNS	2
staring	VBG	2
start	VB	5	VBP	2
started	VBD	3
starts	VBZ	3
state	NN	1
static	JJ	1
stations	NNS	1
staves	NNS	1
stay	VB	6
stead	NN	1
steady	JJ	2
steal	VB	1
stealin	NN	2
steals	VBZ	1
steam	NN	1
stench	NN	2
step	NN	5	VB	1
steps	NNS	9	VBZ	1
stern	JJ	1
stethoscope	NN	1
steward	NN	1
stiffly	RB	1
still	RB	19
still-beating	JJ	1
sting	NN	1
stirring	VBG	1
stocked	VBN	1
stomach	NN	1
stomps	NNS	3
stone	NN	3
stoops	NNS	2
stop	VB	9	VBP	2	NN	1
stopped	VBD	1
stops	VBZ	8
stored	VBD	1
stormy	JJ	1
story	NN	5
stowaway	NN	2
straight	JJ	1
straightforward	JJ	1
straits	NNS	1
stranded	VBN	1
strange	JJ	3
strapped	VBN	1
strategy	NN	1
streak	NN	1
streaks	NNS	1
streaming	VBG	1
strength	NN	1
strikes	VBZ	2
string	NN	2
strong	JJ	1
strug	NNP	1
struggles	VBZ	3
struts	NNS	1
stuck	VBN	1
stuffed	VBN	1
stumbled	VBN	1
stump	NN	1
stunned	VBN	1
stupid	JJ	1
style	NN	1
subdues	NNS	1
submerge	NN	1
submerges	NNS	1
substantially	RB	1
such	JJ	5	PDT	1
suction	NN	1
sudden	JJ	1
suddenly	RB	9
suffered	VBD	1
suggest	VBP	1
suggestions	NNS	1
suit	NN	1
suite	FW	1
sullied	JJ	1
summoning	VBG	1
sums	NNS	1
sun	NNP	9
sunlight	NN	1
sunrise	NN	1
superstitious	JJ	1
supplemental	JJ	1
supplies	NNS	2
suppose	VBP	1	VB	1
sure	JJ	4	RB	1
surface	NN	2
surfaces	VBZ	4
surprised	VBN	1
surrounded	VBN	1
surrounding	VBG	2
survive	VB	1
survivors	NNS	4
swabbing	VBG	1
swam	NN	2
swampy	NN	1
swann	NNP	96
swapped	VBN	1
sweeps	NNS	1
swells	NNS	1
swiftly	RB	1
swim	VBP	3
swims	NNS	2
swinging	VBG	1
swings	NNS	2
sword	NN	28
swordfight	NN	5
swords	NNS	5
sworn	VBN	1
synchrony	NN	1
system	NN	2
t	NNP	13	NN	3
t-rex	NNP	2
table	NN	10
tables	NNS	1
tackle	VB	1
tail	NN	1
take	VB	12	VBP	2	NN	1
taken	VBN	3
takes	VBZ	17
taking	VBG	2
talk	VBP	1	VB	1
talking	VBG	5
tambala	NNP	10
tan	NN	1
tank	NN	1
tape	NN	3
taps	NNS	1
tariffs	NNS	1
tarp	NN	1
taste	VBP	1
tastes	VBZ	1	NNS	1
taught	VBD	2
tavern	NN	2
teaching	NN	2
teacups	NNS	1
tear	VB	1
tearing	VBG	1
technic	JJ	1
technically	RB	2
ted	NNP	1
teleported	JJ	1
telescope	NN	1
tell	VB	11	VBP	2
telling	VBG	2
tembo	NNP	25
temptation	NN	2
tempted	VBN	1
ten	CD	4
tend	VB	1
tent	NN	2
tentacle	NN	10
tentacles	NNS	14
terms	NNS	1
terrible	JJ	4
terrific	JJ	1
territorial	NN	1
terry	NNP	1
testing	NN	1
than	IN	14
thank	VB	9	VBP	1
thanks	NNS	4
that	DT	85	IN	55	WDT	17
that-	NN	1
the	DT	1407
their	PRP$	35
them	PRP	42
themselves	PRP	1
then	RB	45
there	EX	50	RB	12
these	DT	19
they	PRP	51
thick	JJ	1
thief	NN	2
thieves	NNS	1
thieving	VBG	1
thin	JJ	1
thing	NN	11
things	NNS	7
think	VBP	22	VB	5
thinking	VBG	3
third	JJ	1
thirteen	NN	1
thirty	CD	1
this	DT	89
those	DT	9
thought	VBD	9
thoughts	NNS	2
thousand	CD	2
threat	NN	3
threateningly	RB	1
three	CD	19
throat	NN	1
throats	NNS	1
throne	NN	8
through	IN	24
throughout	IN	1
throw	VBP	6
throwing	VBG	2
thrown	VBN	5
throws	VBZ	5
thud	NN	1
thump	NN	3
thumping	VBG	3
thumps	NNS	1
thunder	NN	2
thunderstorm	NN	1
tia	NNP	43
tide	NN	6
tied	VBN	5
tight	JJ	1
tilted	JJ	2
tilts	VBZ	1
time	NN	26
times	NNS	5
tinks	NNS	1
tiny	JJ	1
tip	NN	1
to	TO	543
toast	NN	1
today	NN	1
toe	NN	2
toes	NNS	1
together	RB	6
told	VBD	4	VBN	2
tolling	VBG	1
tolls	NNS	1
tomorrow	NN	1
tongue	NN	1
too	RB	11
took	VBD	5
tooth	NN	1
top	NN	10	JJ	5
torch	NN	1
torches	NNS	1
torso	NN	1
tortuga	NNP	9
toss	VB	1
tossed	VBN	1
tosses	NNS	2
total	JJ	1	NN	1
totters	NNS	1
touch	NN	2	VB	1
touches	NNS	1
tour	NN	2
tourists	NNS	1
tout	FW	1
toward	IN	27
towards	IN	3
townsend	NNP	12
track	VB	2
tracked	VBN	1
tracks	NNS	2	VBZ	1
trackway	NN	1
trade	VB	4	VBP	1
trader	NNP	6
trading	NNP	5	NN	1
trailers	NNS	1
trailing	VBG	1
training	NN	1
transaction	NN	1
trauma	NN	1
travel	VB	1
tray	NN	1
treasure	NN	2
tree	NN	5
trees	NNS	1
tremendous	JJ	2
trespassing	NN	1
trial	NN	1
tribe	NN	2
tricked	JJ	1
tried	VBD	1
tries	VBZ	3
trifles	NNS	1
trifling	VBG	1
trim	VB	1
trip	NN	1
triple	JJ	1
triple-barreled	JJ	1
tripoli	NNP	1
trop	FW	2
trophies	NNS	1
trophy	NN	2
trouble	NN	3
troubled	JJ	1
trousers	NNS	1
true	JJ	3
truly	RB	3
trunk	NN	2
trust	VB	2	NN	2	VBP	1
truth	NN	4
try	VB	2	NN	1
trying	VBG	4
tryna	NN	3
tsk	UH	3
tucked	VBN	1
tucks	NNS	2
tumble	NN	1
tupayhey	FW	1
turkish	NNP	2	JJ	1
turn	VBP	4	VB	3	RB	1	NN	1
turned	VBN	2	VBD	2
turner	NNP	149
turning	VBG	3
turns	VBZ	23
turtles	NNS	1
tv	NN	8	NNP	1
twelve	CD	3
twenty	CD	2
twice	RB	1
twice-cursed	JJ	1
twisted	JJ	1
twixt	NN	1
two	CD	35
tyrannosaur	NNP	2
tyrannosaurus	NNP	1
u.s.	NNP	1
ugly	JJ	1
uh	UH	17
uhhh	UH	1
umbrella	NN	2
unable	JJ	2
unaware	JJ	1
unbroken	JJ	1
uncertain	JJ	1
unclaimed	JJ	1
uncle	NNP	13	NN	5
unconscious	JJ	1
undead	NN	1
under	IN	12
underestimate	NN	1
underestimating	VBG	1
underneath	IN	1
understand	VBP	1	VB	1
understanding	NN	1
underwater	JJ	7
undone	VBN	1
unexpectedly	RB	1
unforeseeable	JJ	1
unfortunate	JJ	1
unfortunately	RB	1
unh	UH	8
unhappy	JJ	1
unharmed	JJ	1
unidentifed	JJ	1
unidentified	JJ	2
unique	JJ	3
uniquely	RB	1
units	NNS	1
universal	JJ	1
unknown	JJ	1
unless	IN	3
unlike	IN	1
unlock	VBP	2
unlocked	VBD	1
unlocks	VBZ	6
unloose	VB	2
unresolved	JJ	1
unseen	JJ	1
untamable	JJ	1
until	IN	10
untouched	JJ	1
unusual	JJ	1
unwraps	NNS	1
unyielding	VBG	1
up	RP	56	RB	25	IN	14
upholds	VBZ	1
upon	IN	4
upriver	NN	1
upside	RB	4
upstairs	NN	1
upward	RB	1
upwards	NNS	1
urban	JJ	1
us	PRP	40	NN	2
use	NN	2	VBP	1
used	VBD	1
uses	VBZ	4
using	VBG	8
usually	RB	1
valid	JJ	1
valuable	JJ	3
value	NN	1
vangas	FW	1
various	JJ	3
vase	NN	1
vaults	NNS	1
vehicle	NN	1
vehicles	NNS	3
vengo	NNP	1
versions	NNS	1
vertical	JJ	1
very	RB	13	JJ	2
vessel	NN	3
vest	NN	3
vex	NN	1
vexed	JJ	1
vexes	NNS	1
vhs	NNP	1
viciously	RB	1
video	NN	3
view	NN	14
views	NNS	1
village	NN	3	NNP	1
villagers	NNS	1
vine	NN	1
vines	NNS	1
violating	VBG	1
virgin	JJ	1
visit	NN	1
visitors	NNS	1
voice	NN	3
vomits	NNS	3
voyage	FW	2
vulnerable	JJ	1
wa	NN	2	FW	1
wade	VB	1
wading	VBG	1
wager	NN	2
wagering	NN	1
waist	NN	2
waistband	NN	1
wait	VB	6
waiting	VBG	6
wake	NN	1
waking	VBG	1
walk	VB	9	VBP	3
walking	VBG	7	NN	1
walks	VBZ	25
wall	NN	8
wallow	NN	1
walls	NNS	2
wandered	JJ	1
wanders	VBZ	1
wang	NNP	4
want	VBP	24	VB	9	NN	1
wanted	VBD	3	VBN	1
wants	VBZ	10
warm	VB	1
warn	VB	1
warnings	NNS	1
warrant	NN	1
was	VBD	77
washington	NNP	1
wasn	NN	1
wasted	VBN	1
watch	VB	3	VBP	1
watches	NNS	1
watchful	JJ	1
watching	VBG	3
water	NN	8
waters	NNS	6
waterwheel	NN	3
wave	NN	3
waves	NNS	1
wax	NN	1
way	NN	24
we	PRP	140
weakly	RB	1
weapon	NN	2
weapons	NNS	1
wear	VB	1
wearing	VBG	7
weather	NN	2
weatherby	NNP	1
weathered	NNP	1
wedding	NN	5
weeks	NNS	2
weensy	FW	1
weevil	NN	1
weigh	VB	1
weight	NN	1
weird	JJ	1
welcome	VB	3	JJ	2
welfare	NN	1
well	RB	30	NN	2
went	VBD	4
were	VBD	33
west	NN	1
western	JJ	1
wet	JJ	1
wharf	NN	1
what	WP	135
whatever	WDT	8
whatsoever	RB	1
wheel	NN	13
when	WRB	30
where	WRB	32
whereabouts	NN	1
whether	IN	1
which	WDT	17
while	IN	20
whimpers	NNS	2
whip	NN	2
whipped	VBN	2
whips	VBZ	1
whirls	NNS	1
whispered	VBN	3
whispering	VBG	1
whistle	VBP	1
whistles	NNS	2
white	JJ	9
who	WP	42
whoever	WP	1
whole	JJ	1
whose	WP$	3
why	WRB	19
wid	NN	4
wide	JJ	2
widowed	VBN	1
wielding	VBG	1
wife	NN	1
wig	NN	1
wildly	RB	2
will	NNP	255	MD	43
william	NNP	8
willing	JJ	2
willingly	RB	1
wind	NN	5
window	NN	5
windows	NNS	2
wine	NN	1
winning	VBG	1
wipes	NNS	2
wish	VBP	4	VB	1
wit	NN	1
with	IN	129
withdraw	VB	1
within	IN	3
without	IN	7
witness	NN	1
witnesses	NNS	2
witty	JJ	1
wo	MD	8	UH	1
woah	UH	1
wobbling	VBG	1
wobbly-legged	JJ	1
woke	VBD	2
woman	NN	4	NNP	1
women	NNS	5
won	VBD	2
wonder	VBP	1
wondered	VBD	1
wood	NN	10
wooden	JJ	5
word	NN	8
words	NNS	1
work	NN	6	VB	3
working	VBG	2
works	VBZ	1	NNS	1
world	NN	14
worried	VBN	1
worries	NNS	1
worry	VB	1
worse	JJR	3
wort	NN	1
worth	JJ	4
worthy	JJ	3
would	MD	27
wounded	NNP	4	VBN	2
wrap	NN	1
wrecked	VBD	1
wrists	NNS	1
wrong	NN	1
wup	NN	1
wyvern	NNP	9
ya	PRP	2	UH	2
yanked	VBN	1
yay	NN	1
ye	NN	1
yeah	UH	3
years	NNS	10
yep	UH	1
yes	UH	19
yet	RB	3	CC	1
yo	UH	2
you	PRP	415
young	JJ	3
your	PRP$	78
yours	NNS	3
yourself	PRP	3	NN	1
yourselves	NN	1
zone	NN	2
zooming	VBG	1
zooms	NNS	1
’	NN	2
