!	.	476
!!!!!!!!!!!!!!!!!!!!!!!	.	1
"	''	221
#	#	136
$	$	15
%	NN	20
&	CC	64
'	POS	67	''	23
'd	MD	7	NNP	1
'em	PRP	3
'll	MD	15
'm	VBP	71
're	VBP	17
's	VBZ	92	POS	92
'til	IN	1
've	VBP	22
(	(	117
)	)	167
*	NN	31
+	NN	10
,	,	619
-	:	218
--	:	31
---	:	1
.	.	1502
..	.	1
...	...	243
....	.	6
.....	.	2
......	.	1
.......	.	1
........	.	1
.........	.	1
/	NN	74
0	CD	16
00	CD	2
004	CD	1
007	CD	1
01	CD	5
04	CD	3
0430	CD	1
05	CD	1
0730	CD	1
08	CD	6
0900008774	CD	1
1	CD	29	LS	2
10	CD	26
100	CD	8
1000	CD	4
10000	CD	2
101	CD	1
102	CD	1
11	CD	6
110	CD	2
1100	CD	1
12	CD	6
120	CD	1
125th	CD	1
13	CD	6
13th	JJ	1
14	CD	9
140	CD	1
1400	CD	1
14th	JJ	3
15	CD	6
150	CD	1
16	CD	2
1621	CD	1
163	CD	2
17	CD	2
170	CD	1
18	CD	1
19	CD	3
1921	CD	1
1988	CD	1
1st	CD	3
2	CD	69	LS	1
20	CD	10
200	CD	1
2007	CD	6
2009	CD	16
2010	CD	2
2011	CD	1
2013	CD	2
207	CD	1
21	CD	3
21st	JJ	1
22	CD	1
23	CD	3
24	CD	4
243	CD	1
247267102	CD	1
25	CD	4
28	CD	2
29	CD	2
29th	CD	1
2nd	CD	4
3	CD	37	LS	1
30	CD	17
3000	CD	1
32	CD	2
322	CD	1
3301	CD	1
3318	CD	1
340	CD	1
35	CD	2
350	CD	1
36	CD	1
360	CD	3
37	CD	2
386	CD	1
39	CD	15
4	CD	43	LS	1
40	CD	5
401	CD	1
404	CD	1
4040	CD	1
405	CD	1
4100	CD	1
44	CD	8
45	CD	1
450	CD	2
47	CD	4
470	CD	1
48	CD	1
5	CD	23	LS	1
50	CD	7
500	CD	1
506	CD	1
52	CD	1
543	CD	1
55	CD	1
57	CD	1
58	CD	1
6	CD	11
60	CD	1
6406	CD	7
65	CD	1
69	CD	1
7	CD	12
70	CD	3
73	CD	1
74	CD	1
750	CD	1
7571	CD	1
76	CD	1
79	CD	1
7th	CD	1
8	CD	15
80	CD	2
800	CD	1
808	CD	3
8217	CD	2
84	CD	1
850	CD	1
87	CD	1
878	CD	13
9	CD	11
90	CD	1
9091	CD	1
9127	CD	1
9156	CD	1
9185	CD	1
93	CD	3
933	CD	1
93rd	CD	1
95	CD	2
984	CD	1
:	:	586
;	:	62
<	NN	6
=	SYM	9
>	NN	22
?	.	212
??????????	.	1
????????????	.	1
?????????????????	.	1
?????????????????????????????????????????	.	1
@	IN	155
[	NN	21
\	NN	25
]	NN	21
^	NN	4
_	NN	35
`	``	1
a	DT	489	SYM	3
aaaw	NN	1
aan	NN	1
aaround	NN	1
aaw	NN	1
abbyharenberg	NN	1
abc	NNP	1
able	JJ	2
abort	NN	1
abortion	NN	1
about	IN	82	RP	1
above	IN	1
abu	NNP	1
ac	NNP	2	NN	1
accept	VB	1
accepted	VBN	1
access	VB	2
accessible	JJ	1
accident	NN	1
accidentally	RB	1
according	VBG	1
account	NN	5
accounts	NNS	1
acct	NN	1
accusations	NNS	1
accused	VBN	1
acemoney	NNP	1
acham	NN	1
achieve	VB	1
achievement	NN	1
ack	NN	1
acre	NN	1
across	IN	5
acrylic	NNP	1
acs	NNP	2
act	NNP	3	NN	1
acting	VBG	1
action	NNP	1	NN	1
activistjudges	NNP	1
activists	NNS	1
actress	NN	1
actu	NNP	3
actual	JJ	1
actually	RB	9
acumen	NNP	1
ad	NN	3	NNP	1
adam	NNP	3
add	VB	3
added	VBD	3
adding	VBG	8
additional	JJ	1
addressing	VBG	1
adds	VBZ	1
addy	NN	1
adelaide	NNP	1
adidas	NNP	1
admin	NNP	1	NN	1
administrator	NNP	2
admits	NNP	1
ado	NNP	1
adobe	NNP	2
adobo	NN	1
adopted	VBD	1
adopter	NN	1
adotas	NNP	1
adready	NNP	1
ads	NNS	2
adust	NNP	1
advanced	VBD	1
advert	NN	1
advertised	VBN	1
advertising	NNP	2	NN	2
advice	NNP	1	NN	1
advise	VB	1
advisors	NNS	1
adwords	NNS	2	NNP	1
aerial	NNP	1
aeronaves	NNS	1
aerosmith	NN	1
affected	VBN	2
affiliate	NNP	5	NN	3
affiliates	NNP	1
affinity	NN	2
afghan	JJ	1
afraid	JJ	1
africa	NNP	1
african	NNP	1
after	IN	25	NNP	1
afternoon	NN	3	NNP	1
ag	NN	1
again	RB	25
against	IN	3
age	NNP	1	NN	1
agencies	NNS	1
agency	NNP	1	NN	1
agenda	NN	2
agent	NN	3
agents	NNPS	1	NNS	1
ages	NNP	1
aggregator	NNP	1
aging	VBG	1
ago	RB	7
agre	NN	1
agree	VBP	6	VB	2
agreed	VBN	1	VBD	1
agresso	NNP	2
ahahhaha	NN	1
ahead	RB	1
ahem	NN	1
aid	NN	1
aig	NNP	2
aim	NNP	1
air	NN	4	NNP	3
airamericamedia	NN	1
aircard	NNP	1
airport	NN	2
airpuffer	NN	1
aj	NNP	1
ajax	NNP	1
ajmal	NNP	1
ak-	NNP	1
aka	NNP	1	NN	1
akin	JJ	1
al	NNP	4
alan	NNP	2
alapoet	NN	2
albeit	IN	1
album	NN	3	NNP	2
albums	NNS	1
alert	NNP	2	NN	1
alex	NNP	1
alexalbrecht	NN	1
alexandria	NNP	1
alexis	NNP	1
alienating	NNP	1
alive	JJ	1
all	DT	36	PDT	23
all-time	JJ	1
allegations	NNS	1
alley	NNP	1
alliances	NNS	1
allison	NNP	4
allow	VB	3	VBP	1
allowed	VBN	2
allows	VBZ	1
almighty	NN	1
almost	RB	5
aloha	NNP	1
alone	RB	1
along	IN	2
already	RB	6
alright	NNP	1	NN	1
also	RB	13
alternate	JJ	1
alternatives	NNP	1
although	IN	2
alto	NNP	1
aluminum	JJ	1
alvin	NNP	1
always	RB	13
am	VBP	53	NNP	4
amazing	JJ	6	NNP	1
amazon	NNP	4	NN	2
amazonfail	NN	3
ambek	NN	1
ambiguous	JJ	1
ambrose	NNP	1
america	NNP	2
american	NNP	8	JJ	1
american-flagged	NNP	1
americans	NNPS	1
amerlegion	NNP	1
amid	IN	1
amidst	NN	1
amigo	NN	1
amira	NNP	1
among	IN	1
amounts	NNS	1
amy	NNP	1
an	DT	50
ana	NNP	1
analogies	NNS	1
analogue	NNP	1
analyst	NNP	4
analytics	NNP	4	NNS	1
and	CC	313
andar	NN	1
anderson	NNP	4
andrews	NNP	1
android	NNP	1
anesthesiologist	NNP	1	NN	1
angel	NN	1
angeles	NNP	2
angry	JJ	1
anhttp	NN	1
animal	NN	1
animals	NNS	1
animatronic	JJ	1
anipals	NNS	1
anjalis	NNS	1
ann	NNP	2
anna	NNP	1
announce	NNP	2
announced	VBN	1
announcement	NN	1
announcements	NNS	1
announces	VBZ	1	NNP	1
annoying	JJ	1
annual	JJ	2
anonmous	JJ	1
anonymous	JJ	3
anoop	NNP	1
another	DT	21	NNP	1
anoushka	NNP	1
ans	NNS	1
answer	NNP	1	VB	1	NN	1
answered	VBN	1
antenna	NNP	1
anthology	NN	1
anthrax	NN	1
anti-	NN	1
anti-bikie	JJ	1
antibiotics	NNS	1
antipathy	NN	1
antique	JJ	1
antojo	NN	1
ants	NNS	1
any	DT	16
anybody	NN	1
anymore	RB	3
anyone	NN	10
anything	NN	5
anytime	RB	1
anyway	RB	3
aol	NNP	1
aorn	NNP	1
ap	NNP	2
apart	RB	1
apartheid	NNP	1
apartment	NN	1
api	NN	1
apic	NNP	1
aplusk	NN	2
apologise	NN	1
app	NN	9	NNP	1
apparel	NNP	1
apparently	RB	2
appear	VBP	1
appeared	VBN	1	VBD	1
appetite	NN	1
apple	NNP	3	NN	2
application	NN	1
applications	NNS	2
applied	VBD	1
applies	VBZ	1
apply	VBP	1
appreciation	NN	3
approach	NNP	1
approaching	NNP	1
approved	NNP	1
apps	NNS	2
appstore	NNP	5
appt	NN	2
aprendiz	NNP	1	NN	1
april	NNP	9	NN	1
aqua	JJ	1
aquarium	NN	1
aquatic	JJ	1
arabic	NNP	1
arare	NN	1
arbor	NNP	1
arcade	NNP	3
archimedes	NNP	1
architecture	NN	3
archive	NNP	1
arctic	NNP	1
ardelld	NNP	2
are	VBP	115	NN	2
area	NNP	1	NN	1
areif	NN	1
arguably	RB	1
argue	VB	2
arguing	VBG	1
ariels	NNS	1
armageddon	NN	1
armaggedon	NN	1
armed	VBN	2
armin	NNP	2
armstrong	NNP	1
around	IN	9
arrest	NN	1
arrested	VBN	3
arrests	NNP	1	NNS	1
arrival	NN	1
arrive	VBP	1
arrived	VBN	2	VBD	2
arsenal	NNP	1	NN	1
arsene	NNP	1
art	NNP	2	NN	2
arthur	NN	1
article	NN	5
articles	NNPS	2	NNS	2
artisan	NN	1
artist	NNP	1
arts	NNS	1
arwah	NN	1
as	IN	37	RB	10
asap	NNP	1	NN	1
ase	NNP	1
ash	NNP	1
asher	NNP	1
asheresque	NN	1
ashton	NNP	1
asians	NNS	2
ask	VBP	1
asked	VBD	1
asking	VBG	3
asla	NNP	3
aspect	NNP	1
ass	NNS	3
asses	NNS	1
assesories	NNS	1
asshole	NN	1
assholes	NNS	1
assistance	NN	1
assistant	NNP	4	NN	1
associate	JJ	3
associated	NNP	1
associating	VBG	1
assumption	NNP	1
assure	VB	1
astonished	NNP	1
astroturfing	VBG	1
at	IN	147	NNP	3	RP	1
ata	NN	1
atap	NNP	1	NN	1
atb	NNP	2
ate	VBD	1
atl	NNP	2
atlanta	NNP	4
atlas	NNS	1
atleast	NNP	1
atonement	NNP	1
atop	IN	1
attack	NNP	1
attacked	VBD	1
attackers	NNS	1
attacks	VBZ	1
attempt	NN	1
attempting	NNP	1
attempts	NNS	1
attend	VB	1
attendance	NN	1
attending	VBG	4
attention	NN	1
attorney	NNP	1
attract	NNP	2
attraction	NNP	1
auct	NN	1
auction	NN	2
auctionwally	RB	1	NNP	1
audi	NNP	3
audience	NN	2
audio	JJ	3	NNP	2
aug	NNP	1
august	NNP	1
augusta	NNP	1
augusten	NNP	1
augusto	NN	1
auriemma	NNP	1
austin	NNP	1
authenticated	JJ	2
authentication	NN	1
authorities	NNS	1
auto	NN	1
autobloggreen	NNP	3
automatic	NNP	1
automatically	RB	1
autopia	NNP	1
autopilot	NNP	1
available	JJ	4	NNP	1
awaiting	NNP	2
awake	JJ	1
awarded	VBD	1
awards	NNP	3
aware	JJ	1
awareness	NN	1
away	RB	8
aweful	JJ	1
awesome	JJ	6	NNP	3
awkward	JJ	2
awry	RB	1
awsome	NN	1
aww	NNP	3
awww	NN	1
b	SYM	6	NNP	4
ba-k-	NNP	1
babbling	NNP	1	VBG	1
babies	NNS	1
baboon	NNP	1
babushka	NN	1
baby	NNP	4	NN	3
back	RB	46
backdrop	NN	1
background	NN	1
backseat	NN	1
backstage	RB	1
backyard	NNP	1	NN	1
bacon	NN	1
bad	JJ	10
badly	RB	2
badnamesformonstertrucks	NNS	1
bag	NN	4
bags	NNS	2	NNP	1
baiki	NNP	1
bailout	NN	1
bailouts	NNS	1
baking	NNP	1	VBG	1
balance	NN	1
balancing	VBG	1
ball	NNP	1
ballast	NNP	1
balls	NNS	1
bambino	NNP	1
ban	NNP	1	NN	1
band	NNP	2	NN	2
bandwidth	NN	1
bank	NN	1
bankrupt	JJ	1
banks	NNS	2
bankston	NNP	1
bankwest	NN	1
banned	VBN	1	VBD	1
banpuppymills	NNP	1
barack	NNP	2
barbecue	NNP	1
barcelona	NNP	1
baroness	NNS	1
bars	NNS	1
bart	NN	1
baru	NN	1
bas	NNS	1
based	VBN	3
bash---looking	JJ	1
basically	RB	1
basketball	NN	2
bass	NNP	1
batphone	NNP	1
battery	NNP	1	NN	1
battle	NNP	1
battlemodo	NNP	1
bauer	NNP	1
bay	NNP	1
bb	NN	1
bbb	NNP	1
bbc	NNP	1
bbcworld	NN	1
bberry	NN	1
bbhlabs	NNP	1
bc-stv	NNP	1
bck	NN	1
be	VB	93	VBG	2	VBP	1
beach	NN	3	NNP	2
beans	NNS	1
beantownie	NN	1
beard	NN	2
beater	NN	1
beating	NN	1
beats	NNP	1
beautiful	JJ	5	NNP	1
beauty	NN	2	NNP	1
beca	NNP	1
because	IN	12
beck	NNP	1
beckett	NNP	1
become	VB	5	VBN	1
becomes	NNP	1
becoming	VBG	1
becomingwhoyouwanttobe	NNP	1
bed	NN	18
bedroom	NN	1
beebs	NNS	2
been	VBN	21	JJ	1
beer	NN	2
before	IN	9
begin	VB	1
begining	NN	1
behavior	NN	1
behaviors	NNS	1
behind	IN	4
being	VBG	14
belah	NN	1
beli	NNP	1
believe	VB	3	VBP	2
belive	NNP	1
belize	NNP	6
bell	NNP	1
bellevue	NNP	1
below	IN	2	NNP	1
bem	NN	2
ben	NN	1
benedict	NNP	1
benefiting	VBG	1
benefits	NNP	2
berkeley	NNP	1
beside	NNP	1
best	JJS	20
bestfriend	NN	1
bet	VBD	1
beta	NN	5
beta-test	JJ	1
bethany	NN	1
bethenny	NN	1
better	JJR	10	NNP	2
between	IN	4
beverly	NNP	1
beyond	IN	3
bias	NNP	1
bid	NN	2
big	JJ	7	NNP	2
bigger	JJR	2
biggest	JJS	2
bigot	NN	1
bik	NN	1
bike	NNP	2
biker	NN	1
bikini	NNP	1	NN	1
bill	NN	2
billboards	NNP	1
billion	CD	1
bills	NNS	1
billy	NNP	1
bin	NN	1
bingo	NNP	1
biodynamic	NNP	1
biofuels	NNP	1
biomed	NNP	1
birch	NNP	1
bird	NN	1
birdhouse	NNP	1
birthday	NN	3
birtish	NNP	1
bishop	NNP	1
bit	NN	8
bite	VB	1
bitly	RB	1
bittorrent	NNP	1
bizarre	JJ	2	NNP	1
bjbyrne	NN	1
black	NNP	5
blackdress	NNS	1
blahblahblahblahsicksicksicksick	NNP	1
blame	VB	1	NNP	1
blast	NN	1
bldg	NNP	1
bleh	NN	1
blend	NNP	2	NN	1
bless	VB	3	NNP	1
blessed	VBN	2
bleugh	NNP	1
blind	JJ	1
blip	VB	10
bloated	JJ	1
block	VB	2
blocking	VBG	1
blog	NN	19	NNP	16
blogged	JJ	1
blogger	NN	1
bloggers	NNP	2
blogging	NNP	2
blogpost	NN	1
blogs	NNS	2	NNP	1
blood	NN	2
bloody	NNP	1
bloom	NN	1
bloomberg	NNP	1
blowin	NN	1
blowing	VBG	2
blown	VBN	1
blue	NNP	2	JJ	1
blues	NNP	1
bmw	NNP	1
bn	NN	1
bo	NNP	1
boa	NN	1
board	NN	1
boats	NNS	1
bobbejaanland	NN	1
bobcat	NN	1
bobcats	NNS	1
bocor	NNP	1	NN	1
bodily	RB	1
bofa	NNP	1
boffins	NNS	1
boggling	NNP	1
bomb	VBG	1
bon	NNP	1
boner	NNP	1
bones	NNP	1
bongos	NNS	1
bonuses	NNS	1
book	NN	14	NNP	1
bookcase	NN	1
booked	VBN	1
booking	NNP	2	NN	1
books	NNS	3
bookstore-loving	JJ	1
boosh	NNP	1
boost	VB	1
boosting	NNP	1
boot	NN	1
booty	NN	1
bored	VBN	4
borg	NNP	1
boring	JJ	4
bork	NNP	3
born	VBN	1
borring	VBG	1
boss	NN	2
bosslady	NN	1
boston	NNP	2
both	DT	6
botha	NNP	1
bother	VB	1	NNP	1
bothering	VBG	1
bothers	NNS	1
botti	NNP	1
bottom	NNP	1
boucles	NNS	1
bought	VBD	4	NNP	2
bouncy	NN	1
boundaries	NNP	1
bourbon	NN	1
bourdain	NN	1
bourroughs	NNS	1
bout	NN	2
bowel	NNP	1
bowli	NN	1
box	NNP	2	NN	1
boxes	NNS	1
boy	NN	2
boyle	NNP	9
boys	NNPS	1	NNS	1
br	NNP	4
bradley	NNP	1
brady	NNP	2
brain	NNP	2	NN	1
brainpicker	NN	1
brains	NNS	1
brainstorming	VBG	1
branche	NN	1
branches	NNS	1
brand	NN	5	NNP	1
branding	NNP	1
brands	NNS	2	NNP	1
bras	NNP	1
bratz	NNP	1
brcs	NNP	2
break	NN	5	VB	1
breakfast	NN	4
breaking	NNP	1	VBG	1
breaks	VBZ	1	NNS	1
breakthematrix	NNP	1
breakthrough	NN	2
breas	NNS	1
breast	NN	1
breath	NN	1
breather	NN	1
breaths	NNS	1
brent	NNP	1
brian	NNP	2	NN	1
briannack	NN	1
bricks	NNP	1
bridgetowards	NNS	1
brief	JJ	1
briefing	NN	1
briefly	NN	1
brighton	NNP	1
brilliant	NNP	2
bring	VB	3	NNP	1
brings	VBZ	1
britain	NNP	2
britains	NNP	2
british	NNP	3	JJ	1
brits	NNS	1
brixton	NNP	1
brl	NNP	1
broadband	NN	1
broadcasting	NNP	1
broke	VBD	1
broken	VBN	1
brooklyn	NNP	1
brother	NN	3
brothers	NNS	1
brought	VBD	1
brown	NNP	3	JJ	1
brownies	NNS	1
browse	VB	1
browsing	NNP	4	NN	1
brunch	NN	1
brush	NN	1
brushed	VBD	1
brutha	NN	1
bubble	NN	1
bucket	NN	1
buckhead	NN	1
buddhist	NNP	1
budding	VBG	1
buddy	NN	2
budget	NN	2
budweiser	NNP	1
buffet	NNP	1
bugdave	NN	1
bugger	NNP	1
buggy	NN	1
bugs	NNS	1
buick	NNP	1
build	VB	3
building	NNP	4	VBG	2	NN	1
built-in	NN	1
bulbs	NNS	2
bulky	JJ	1
bull	NNP	1	NN	1
bullets	NNP	1
bulls	NNPS	1
bumbung	NNP	1	NN	1
bump	NNP	1
bunch	NN	2
bunny	NN	1
bur	NNP	1
burberry	NN	1
burger	NN	1
burglaries	NNS	1
burn	VB	1
burnett	NNP	2
burning	NN	1
burrrrned	NNP	1
burton	NNP	1
bus	NN	5
bush	NNP	1
busier	JJR	1
business	NN	10	NNP	9
businesses	NNS	3
bust	NNP	1
bust-	NNP	1
busy	JJ	5	NNP	1
but	CC	57
but--hope	JJ	1
butchered	JJ	1
butler	NNP	1
butterfly	NNP	1
buuren	NNP	2
buy	VB	7
buyers	NNS	1
buying	VBG	1
buys	VBZ	1
buzz	NN	1
buzzedition	NNP	1
buzzkill	NN	1
by	IN	57
byd	NNP	1
byk	NN	1
byu	NNP	1
c	NNP	12	SYM	4
ca	MD	12	NNP	3
cable	NN	4
cactus	JJ	1
cadaver	NN	1
cadillac	NNP	1
caesar	NN	1
cafe	NNP	1	NN	1
cake	NN	2	NNP	1
calendar	NN	1
cali	NNP	1
caliber	NNP	1
calibre	NN	1
california	NNP	2
caligraphic	JJ	1
call	NNP	1	VB	1	NN	1
called	VBN	3	VBD	3
calling	VBG	2
calls	NNS	1
calm	VB	1
calming	JJ	1
cam	NN	1
came	VBD	2
camera	NN	5
cameras	NNS	1
cameron	NNP	1
camp	NN	2	NNP	1
campbell	NNP	1
camping	VBG	2
campuses	NNS	1
can	MD	59
canadian	JJ	1
canals	NNS	1
canberra	NNP	1
canceled	VBN	1
candice	NNP	1
candidate	NN	1
candidate-centric	JJ	1
candidates	NNP	1
candy	NN	1
cannes	NNP	1
cant	NNP	1
cantina	NNP	1
canvases	NNS	1
cap	NN	1
capabilities	NNS	1
cape	NNP	1
capital	NN	1
capitalize	VB	1
capitol	NNP	1
capture	NNP	1
car	NNP	4	NN	3
cara	NN	1
caramel	NN	2
card	NN	4
cards	NNS	1
care	NN	4	VBP	1
career	NN	4
careers	NNS	1
carey	NN	1
carmen	NNP	1
carney	NN	1
carnivore	NNP	1
carogonza	NN	1
carpet	NNP	1
carrie	NNP	1
carrol	NNP	1
carrot	NNP	1
carry	VB	1
carrying	VBG	1
cars	NNS	3
carter	NN	3
cartoon	NN	1
cas	NNS	1
case	NN	5
cases	NNS	1
cash	NN	2	VB	1
cashed	VBD	1
casino	NN	1
casinos	NNS	1
caspian	NNP	1
castro	NNP	2
casts	NNP	1
cat	NN	1
catapult	VB	1	NNP	1
catch	VB	1
catching	VBG	2
category	NN	1
catherine	NNP	1
catholic	NNP	2
cathy	NNP	1
catwalk	NNP	1	NN	1
caught	NNP	1	VBN	1
cause	VB	2	NN	1
causing	NNP	1
cd	NNP	1	NN	1
cease	VB	1
cecarian	NN	1
cecerian	NN	1
celeb	NNP	1
celebrate	NNP	1
celebrates	VBZ	1
celebrity	NNP	2
celebs	NNS	1
cellebrating	NNP	1
cellphone	NNP	1	NN	1
celsius	JJ	2
celtics	NNS	1
cementing	VBG	1
cent	NNP	1
center	NNP	8
central	NNP	1
centres	NNP	1
ceo	NNP	5
cert	NNP	1	NN	1
certain	JJ	1
ch	NNP	1
chablis	NNS	1
chad	NNP	1
chaging	VBG	1
chainsaw	NN	1
chair	NN	2
challenge	NN	1
challenger	NN	1
champions	NNP	1
chan	NN	1
chance	NN	1
chanel	NNP	1
change	VB	3	NN	2
changecamp	NNP	1
changed	VBN	1
changes	NNS	5
changing	VBG	3
changs	NNP	1
channel	NN	1
chanteloup-les-	NNP	1
chaperming	VBG	1
chaperoning	VBG	1
chapter	NNP	1
chardonnay	NNP	1
charge	VB	1	NNP	1
charger	NN	2
chariot	NNP	1
charity	NN	2
charles	NNP	2
charm	NN	1
chase	NNP	1
chasing	VBG	2
chat	NNP	1
chatting	VBG	1
cheap	NN	1
check	VB	11	NN	5
checked	VBN	1
checkin	NN	1
checking	NN	6	NNP	3	VBG	2
checkout	NN	1
checkstand	NN	1
cheerios	NNS	1
cheers	NNS	1
cheese	NN	2
cheesecake	NN	2
chem	NN	3
chesapeake	NNP	1
chese	NN	1
chevy	NNP	1
chf	NNP	1
chic	NNP	1
chicks	NNS	1
chief	JJ	1
childbirth	NN	1
childhood	NN	1
children	NNS	3
chile	NN	1
chili	NN	3
chillen	NNP	1
chillin	NN	1
chillout	NN	1
chills	NNS	1
chin	NNP	1
chinatown	NN	1
chip	NN	1
chipmunks	NNPS	1
chipotle	NNP	1
chips	NNS	1
chirps	NNP	1
chocolate	NN	1
choice	NN	2
choinka	NN	1
choix	NN	1
chomping	VBG	1
choose	VB	1
choosing	NNP	1
choppers	NNP	1
choppy	JJ	1
chops	NNS	1
chore	NN	1
chosen	NNP	1
chris	NNP	2
chrisbrogan	NN	2
chrisonhismac	NN	1
christ	NNP	2
christian	NNP	5	NN	1
christianpior	NN	1
christine	NNP	1
christmahannakwanzaa	NN	1
christmas	NNP	11
chrome	NN	1
chronicle	NNP	1
chrysler	NNP	1
chuan-	NNP	1
chubby	NN	1
chuck	NNP	1	NN	1
church	NN	3	NNP	2
cia	NNP	1
cider	NN	1
cigarettes	NNS	1
cincinnati	NNP	1
cinder-block	JJ	1
cindy	NNP	2
circa	NNP	1
circles	NNP	1
circling	NNP	1
cited	VBD	1
cites	VBZ	1
city	NN	4	NNP	3
civility	NNP	1
cjw	NNP	3
cl	NNP	2
claim	NN	1
class	NN	3
classic	JJ	1
classroom	NN	1
clean	VB	2
cleaned	NNP	1
cleaning	VBG	3
clear	NNP	2
clearinghouse	NNP	1
clears	NNP	1
cleary	NNP	1
clerk	NN	1
cleshen	NN	2
cleveland	NNP	1
clever	NNP	1
client	NN	2
climate	NN	1
climb	VB	1
climbing	VBG	2
clinic	NN	1
clinics	NNS	1
clinton	NN	1
clir	NNP	1
close	VB	2	JJ	1
closer	JJR	1
closet	NN	1
clothes	NNPS	1
cloud	NNP	1
cloudy	NNP	3
club	NNP	2
clue	NN	2
clustering	NNP	1
clusty	NNP	1
cmo	NNP	1
cms	NNP	1
cn	NNP	1
cnbc	NNP	1
cnn	NNP	5	NN	2
cno	NNP	1
co	NN	1
coach	NN	4
coast	NNP	1
coaster	NN	1
cobo	NNP	1
coco	NNP	1
cod	NNP	16
code	NN	6	NNP	2
coding	VBG	1
coffee	NN	12	NNP	2
coffeebreak	NN	1
cogdogroo	NNP	1
cogitator	NNP	1
colbert	NNP	2
cold	NN	6	JJ	5
colds	NNS	1
coleman	NN	1
collaboration	NNP	2	NN	2
collar	NN	2
collars	NNS	1
collect	VB	1
collecting	VBG	1
collection	NNP	1	NN	1
college	NNP	3	NN	2
colonic	JJ	1
color	NN	2	NNP	1
colorful	JJ	1
colors	NNS	1
columbine	NNP	1
com	NN	36
combination	NN	2
come	VB	7	VBN	3	VBP	2	VBD	1
comes	VBZ	4
comfortable	JJ	2
comic	NNP	2	JJ	2
coming	VBG	12
command-line	JJ	1
command-lines	NNP	1
commas	NNS	1
comme	NN	1
comment	NN	4
commented	VBD	1
comments	NNS	1
commercial	NNP	2	JJ	1
common	JJ	1
communicating	VBG	1
communications	NNS	1
community	NNP	3	NN	1
comodo	NNP	1
companies	NNS	2	NNPS	1
company	NN	4
comparison	NNP	1	NN	1
comparisons	NNS	1
compels	VBZ	1
competition	NN	2
compiling	VBG	1
complain	VBP	2
complaining	VBG	1
complaint	NN	1
complaints	NNS	2
complete	JJ	1
completely	RB	2
composing	NNP	1	VBG	1
compress	NNS	1
compressed-air	JJ	1
computer	NN	6	NNP	1
comrades	NNS	1
con	JJ	1	NN	1
concentrate	VB	2
concept	NN	4	NNP	1
concerned	VBN	1
concerns	NNS	1
concert	NN	4
concludes	VBZ	1
conclustion	NN	1
concrete	JJ	1
condemn	NNP	1
condition	NN	1
condo	NN	1
conducting	VBG	1
conduit	NNP	1
conference	NN	6	NNP	3
conferences	NNS	1
confess	NNS	1
conficker	NNP	1
confidence	NN	2
confidential	JJ	1
configuration	NN	1
configuring	VBG	1
confine	NN	1
confirmed	VBD	2	NNP	1
confront	VBP	1
congestive	JJ	1
congrats	NNP	3	NNS	3
congress	NNP	2
connect	VB	2
connecticut	NNP	1
connection	NN	3
connex	NNP	1
conservatives	NNS	1
consider	VBP	1
considering	VBG	1
considers	VBZ	1
consignment	NN	1
consistency	NNP	1
constant	JJ	2
construction	NN	1
consultating	VBG	1
consumers	NNS	1
consys	NNS	1
cont	NN	1
conta	NNP	1
contact	VB	1
contacting	VBG	1
contacts	NNP	1
contemplating	NNP	2
content	NN	2
contention	NNP	1
contentious	JJ	1
contents	NNS	1
contest	NNP	1	NN	1
continues	NNP	1
continuing	VBG	1
control	NN	3
controlled	NNP	1	VBN	1
converj	NNP	1
conversation	NN	3
coo	NNP	1
cook	VB	1
cookies	NNS	1
cooking	NN	3	VBG	1
cookoff	NN	1
cool	VB	11	NN	6	JJ	4	VBP	1
cooper	NNP	1
coordinating	VBG	1
copied	VBD	1
copters	NNS	1
copy	NN	5	VBP	1
core	NNP	1	NN	1
corgi	NNP	1
corn	NNP	1	NN	1
corporate	JJ	9	NNP	2
corrected	VBN	1
correspondents	NNS	1
corvanleeuwen	NN	1
cosmetic	NNP	1
cost	NN	3
costa	NNP	1
costs	NNS	1
couch	NN	2
cougar	NNP	1
could	MD	14
council	NNP	1
count	VB	1
counteracts	NNS	1
counterform	NN	1
counting	VBG	1
country	NN	2
county	NN	1
coupez	NN	1
couple	NN	4
couples	NNS	1
courage	NN	1
course	NN	4
court	NNP	1
courtneycooper	NNP	1
cousin	NN	1
cover	NN	3	VBP	1
coverage	NN	1
covered	VBN	2
covina	NNP	1
cowboys	NNPS	1
coworking	NNP	1
coz	NN	2
cphq	NNP	1
crack	NN	1
cracked	JJ	1	VBN	1
crafted	VBN	1
craig	NNP	1	NN	1
craigslist	NN	1
cranky	NN	2
crap	NN	2
crappy	NN	1
crash	NNP	1
crashing	VBG	2
crated	NNP	1
craving	NNP	1
crayon	NNP	1
crazy	JJ	6
cream	NN	3
create	VBP	1	VB	1
created	VBD	1
creates	VBZ	2
creating	NNP	2	VBG	1
creative	JJ	2
creativecrowdscolleague	NNP	1
creativity	NN	1
creativos	NNP	1
creattica	NN	1
credits	NNP	1
creepy	NN	1
cregg	NNP	1
crew	NN	1
cried	JJ	1
crime	NNP	1	NN	1
crimes	NNS	1
crisis	NN	1
criteria	NNS	1
crm	NNP	1
croissant	NN	1
croix	NNP	1
cross	NNP	4	NN	3	VBP	1
crossed	VBN	1
crosses	VBZ	1	NNP	1
crossing	VBG	1
crossover	NNP	1
crossword	NN	1
crouching	VBG	1
crowd	NN	1
crowds	NNP	1	NNS	1
crowdsourcing	NNP	1
crucial	JJ	1
cruel	JJ	2
crunch	VB	1
crushing	VBG	2
crutch	NN	1
crying	NNP	1
crystal	NNP	1
csny-carry	NNP	1
csr	NNP	1
css	NNP	1	NNS	1
ctbo	NN	1
cuba	NNP	2
culprit	NN	1
cundall	NNP	2
cup	NN	2
cup-ha-soup	JJ	1
cupcakes	NNS	1
curb	NN	1
cure	VB	1
cures--	JJ	1
current	JJ	1
currently	RB	5
curse	NNP	1
cursing	NN	1
custom	NNP	1	NN	1
customer	NN	2
customers	NNS	5
cut	NN	1	VBN	1
cute	NNP	1
cutting	VBG	1
cv	NNP	3
cvs	NNS	2
cy	NNP	1
cylinder	NN	1
cyrus	NNP	1
cystic	NNP	1
d	NNP	12	SYM	2
d-i	NNP	1
da	NNP	3
dad	NNP	1
dahh	NN	1
daily	NNP	1
dailyshow	NN	1
dale	NNP	1
daley	NNP	1
dallas	NNP	2
dam	NNP	1
damaged	NNP	1	JJ	1
damn	RB	4	NNP	2	JJ	2
dan	NN	3
danamccauley	NN	1
dance	NN	1
danger	NN	2
danica	NNP	1
danielle	NNP	1
danielshea	NN	1
danity	NNP	1
danville	NNP	1
danwarp	NN	1
dargens	NNP	1
dark	NNP	1
darn	NNP	1
darylhunter	NN	1
dat	NNP	1	NN	1
data	NNS	4
database	NNP	2
date	NN	4
dateline	NNP	3
dates	NNS	2
dating	VBG	2
daughter	NN	3
david	NNP	2
dawn	NN	1
day	NN	53	NNP	10
days	NNS	19
daytona	NNP	1
dba	NNP	1
dc	NNP	1
ddi	NN	1
de	IN	4	JJ	1
dead	VBN	2	NNP	1
dead-tree	JJ	1
deadline	NN	1
deaf	JJ	1
deal	NNP	1	NN	1
dear	RB	3
death	NNP	1
deathbed	JJ	1
debate	NN	2
debating	NNP	1
debtholder	NN	1
decapitation	NN	1
decide	VB	2	VBP	1
decided	NNP	3	VBD	3	VBN	1
decision	NNP	1	NN	1
decisions	NNS	2
deck	NN	1
decker	NNP	1
declared	VBD	1
deconstructing	NNP	1
dedicate	NN	1
deep	JJ	1
deeply	RB	1
def	NN	1
default	NN	1
defending	VBG	1
defense	NN	1
defining	VBG	1
definitely	RB	4
degree	NNP	1
del	NNP	1
delicate	NNP	1
delivered	VBN	1
dell	NN	1
delta	NN	1
delve	NN	1
demande	NN	1
demands	VBZ	1
demi	NNP	1
demo	NN	1
demonstrate	VB	1
demonstrates	VBZ	1
denver	NNP	1
departed	NNP	1
depending	VBG	1
depends	VBZ	1
depressed	VBN	2
dequacaine	NN	1
derangement	NN	1
derivative	JJ	1
descri	NNP	1
describe	VB	1
description	NNP	2
desert	NN	1
desi	NN	2
design	NN	7	NNP	2	VB	1
designed	VBD	1
designer	NN	4
designers	NNP	1	NNS	1
designing	VBG	1
designnewz	NNP	1
designs	VBZ	1	NNS	1
desire	NN	1
desk	NNP	1
desktop	NN	1
desperate	JJ	1
desperation	NN	1
despite	IN	1
dess	NNS	1
dessert	NNP	1	NN	1
destroy	VB	1
details	NNS	4
determined	VBN	1
detroit	NNP	3
deux	FW	1
deve	NN	1
developed	VBN	1
developer	NNP	1
developers	NNS	3	NNP	1
developing	VBG	2
development	NNP	1
developments	NNS	1
device	NN	1
devices	NNS	1
dewey	NN	1
dh	NN	1
dhhqtf	NN	1
dhs	NNP	2
dia	NNP	1
diabetessupport	NNP	2
diagnostic	NNP	1
dialects	NNS	1
diallo	NNP	8
diapers	NNP	1	NNS	1
diarrhea	NN	1
did	VBD	22
didn	NN	1
didnt	NN	1
die	VBP	1
died	VBD	2
diego	NNP	1
dies	VBZ	1
diff	NN	1
difference	NN	1
difficulties	NNS	1
digg	NNP	1	NN	1
diggbar	NNP	1
digging	VBG	1
digital	NNP	4	JJ	2
diid	NN	1
dilbert	NNP	1
dinner	NN	5	NNP	1
dinosaur	NN	1
dioscrimination	NN	1
direct	JJ	2
directions	NNS	1
director	NNP	1
directories	NNP	1
directors	NNPS	1
dirty	NNP	2
disabled	JJ	1
disappeared	VBD	1	VBN	1
disappointed	JJ	1
disaster	NN	1
disavowing	VBG	1
disc	NN	1
disclaimer	NN	1
disconcerting	VBG	1
discovered	VBD	1
discovering	NNP	1
discredits	NNS	1
discrimination	NNP	1	NN	1
discuss	VB	1
discusses	NNS	2
discussing	VBG	1
discussion	NN	5
disease	NN	1
disgusting	NNP	1	JJ	1
dishnetwork	NNP	1
dismiss	VB	1
dispatch	VB	1	NNP	1
display	NNP	1
displayed	VBN	1
distinctive	JJ	1
distracting	VBG	1
distraction	NN	1
distractions	NNS	1
district	NN	1
disturbingly	RB	1
ditch	NN	1
div	NNP	1
diving	NNP	1
divorce	NNP	1
divorcee	NN	1
dixon	NNP	1
diy	NNP	1
dizer	NN	1
dj	NNP	2
django	NNP	1
djtiesto	NNP	1
dlf	NNP	1
dm	NNP	2
dmscott	NN	1
dmv	NNP	1
dn	NN	1
dns	NNS	1
do	VBP	73	VB	27
doc	NNP	2
dock	NNP	1
docs	NNS	1
doctor	NNP	2	NN	1
doctors	NNS	3
dodge	NNP	1
does	VBZ	29	NNP	1
dog	NN	5
doggie	NNP	1
dogs	NNS	5	VBZ	1
doh	NN	1
doin	NN	1
doing	VBG	9
dojo	NN	1
doll	NN	1
dollar	NNP	1
dolphins	NNPS	1	NNS	1
domain	NNP	1	NN	1
domestic	JJ	1
dominant	JJ	1
dominate	NNP	1
domino	NNP	1
dominos	NNP	1
don	NNP	2
done	VBN	10
done-	NN	1
dont	NNP	1	NN	1
donuts	NNP	1
door	NN	1
doorbell	NN	1
doors	NNP	1
dots	NNS	1
double	RB	1	VB	1
doublechecking	VBG	1
doubleheader	NN	1
doubt	VBP	1
dow	NN	1
down	RB	11	RP	2
download	NNP	2
downloaded	JJ	1
downloading	NNP	1	VBG	1
downs	NNP	2
downtime	NN	1
downtown	NN	1
doze	NN	1
dozen	NN	1
dozens	NNS	1
dr	NNP	2	NN	1
draft	NN	1
draining	VBG	1
draw	NNP	1
drawing	VBG	2
drawn	VBN	1
dreadful	JJ	1
dreading	VBG	1
dream	NN	3
dreamed	NNP	1
dreamer	NN	1
dreams	NNS	1
dress	NN	1
dressed	VBN	1
dresser	NN	1
drink	NN	2
drinking	VBG	3	NNP	2	NN	1
drinks	NNS	1
drip	NN	1
drive	NN	2	VB	1
driven	NNP	1
drivers	NNS	2
driving	VBG	6	NNP	2
drop	NN	2
dropouts	NNS	1
dropped	VBD	2
droppin	NN	1
dropping	VBG	1
drops	NNS	1
drought	NN	1
drudgery	NN	1
drug	NN	2	NNP	1
drukpa	NNP	1
drummer	NN	1
drums	NNP	1
drupal	NNP	2	NN	1
dry	JJ	2	NNP	1
ds	NNP	2
ds-	NNP	2
dual-screen	JJ	1
dubai	NNP	1
ducks	NNP	1
dude	NNP	2	NN	2
due	JJ	3
duh	NN	1
dump	VB	1
dumped	NNP	1
dumping	VBG	1
dunk	NN	1
dunno	NN	1
durden	NNP	1
during	IN	2
dusk	NN	2
dust	NN	2
dusty	NNP	1	JJ	1
dvd	NNP	1	NN	1
dwiggins	NNS	1
dwts	NNP	2
dying	VBG	1
dynamic	NNP	1
dynamite	NN	2
dƒ	NNP	1
e	SYM	5	NNP	2
e-	NNP	2
e-commerce	NNP	1
e-ink	JJ	1
e-rev	NNP	1
eagle	NN	1
earlier	RBR	1	JJR	1
early	JJ	6	RB	1
earned	NNP	1
earnhardt	NNP	1
earnings	NNS	1
earplugs	NNS	2
ears	NNS	2
earth	NN	1
earthquake	NN	2
ease	NNP	1
easier	JJR	1
easiest	JJS	1
easily	RB	2
eastbay	NNP	1
easter	NNP	3
easy	JJ	6
easy-easter-dessert	JJ	1
eat	VBP	3	VB	2	NNP	1	VBG	1
eati	NNP	1
eating	NNP	3	NN	1	VBG	1
ebay	NN	4	NNP	1
ebook	NN	1
ec	NNP	1
echo	VBP	1
eco	NN	1
economics	NNP	2
economy	NNP	3	NN	2
ecrabb	NN	1
ecrm	NN	1
ed	NNP	2
edelman	NNP	1
eden	NNP	1
edge	NNP	1
edic	JJ	1
editing	NNP	1	NN	1
edition	NN	1
editor	NNP	1
edmonton	NNP	1
educated	VBN	1
educating	VBG	1
education	NN	1
edwards	NNP	1	NNS	1
effec	NN	1
effectiveness	NNP	1	NN	1
efforts	NNS	1
efron	NNP	1
eg	NNP	1
egg	NN	1
ego	NN	3
eh	NN	1
eicu	NN	1
eid	NNP	1	NN	1
ein	NN	1
either	CC	3	DT	1
ej	NN	1
el	NN	1
ele	NNP	1
elearning	VBG	1
eleart	NNP	1
elected	VBN	1
election	NN	1
elective	NNP	1	JJ	1
electric	NNP	2
electrical	NNP	1
electronics	NNS	1
element	NNP	1
elements	NNS	1
elenco	NN	1
elgan	NN	1
elmwood	NNP	1
else	RB	7
elvis	NNP	1
email	NN	16	NNP	2
emailed	JJ	1
emailing	VBG	1
emails	NNS	2
emarketer	NN	1
embark	VB	1
embarrassing	JJ	1
emily	NNP	2
emitters	NNS	1
emmaguy	NN	1
emmby	NN	1
emotes	NNS	1
empire	NNP	1
employees	NNS	2
encourager	NN	1
encyclopedia	NN	1
end	NN	7	VB	2	VBP	1	NNP	1
ended	VBN	1	VBD	1
ends	VBZ	1
enegetic	JJ	1
energy	NN	5	NNP	3
enewsletter	NN	1
engagement	NN	2
engaging	NNP	1
engine	NNP	8	NN	1
engineer	NNP	1
engines	NNP	2
english	NNP	1
enhances	NNP	1
enjoy	VB	5
enjoyed	VBN	1	VBD	1
enjoying	VBG	4
enough	JJ	6	RB	4
enriquez	NNP	2
enrollment	NNP	1
enron	NN	1
ensure	VB	1
enter	VB	3
enterprise	NN	3
entertain	NNP	1
entertainment	NNP	1
entire	JJ	1
entitled	VBN	1
entry	NN	2	NNP	1
environment	NNP	1	NN	1
eod	NNP	1
ep	NN	1
epeat	NNP	2
epicenter	NNP	1
episode	NN	1
episodes	NNS	4
epithelia	NN	1
equal	JJ	1
equipe	NN	1
equipment	NN	1
er	UH	3
era	NNP	1
erhead	NN	1
eric	NNP	4
ericgrant	NN	1
ericjodom	NN	1
erickson	NNP	1
erm	NN	2
erp	NNP	1
error	NN	2	NNP	1
errrrr	NNP	1
escape	VB	1	NN	1
escrow	NNP	1
especially	RB	2
espn	NNP	2
espresso	NN	2
esse	NN	1
essential	NNP	1	JJ	1
essentials	NNP	1
est	NNP	2	NN	2
esta	NN	1
estate	NNP	1
et	CC	1
etc	FW	3
eternal	JJ	1
ethical	NNP	1
ethnic	JJ	1
etrade	NN	1
eu	NNP	1
eurchf	NNP	1
eurgbp	NNP	1
euro	NNP	1
europe	NNP	2
eurovision	NNP	1
eustacian	NN	1
evaluate	NNP	1
eve	NN	1
even	RB	10
event	NN	1
event-	NN	1
events	NNS	1
ever	RB	11	NNP	1
everest	NNP	2
evernote	NNP	1
every	DT	7
every-other-day	NNP	1
everybuddy	NN	1
everyday	JJ	2
everyone	NN	15
everything	NN	9	NNP	1
everywhere	RB	1
evicted	NNP	1
evidence	NN	1
evil	JJ	3
evolution	NN	1
evolutis	NNS	1
evolved	VBD	1
evry	NN	1
ewastesuzie	NNP	1
eww	NNP	1
ex	FW	1
exact	JJ	1
exam	NN	2
example	NN	1
excelerator	NNP	1	NN	1
excellence	NN	1
excellent	NNP	2	JJ	2
except	IN	2
exchange	NNP	1
excited	VBN	6
exclaimed	JJ	1
exclusions	NNS	1
exclusive	JJ	1
excuse	NN	1
execute	NNP	1
executed	VBN	1
executive	NNP	1
exhibit	NN	1
exhibits	NNP	2
exiles	NNS	1
exit	NN	1
exmouth	NNP	1
expect	VBP	2
expecting	VBG	1
expedition	NN	1
expelling	VBG	1
expensive	JJ	1
experience	NN	1
experimenting	VBG	1
experiments	NNS	1
expert	NNP	1
expertise	NN	1
expired	NNP	1
explain	VB	2
explorechicago	NN	1
explorer	NNP	2
expo	NNP	1
exposed	VBN	1
express	NNP	1
expression	NNP	1	NN	1
extend	VB	1
extends	NNP	2
extension	NN	3
external	JJ	1
extinct	JJ	1
extra	JJ	2
extraordinaire	NN	1
extremism	NN	2
extremist	NN	1
eye	NNP	2	NN	1
eyes	NNS	2
eziyeti	NN	1
f	SYM	1
f-ing	JJ	2
fab	NN	2
fabulous	JJ	1
face	NN	4	VBP	1	VB	1
facebook	NNP	10	NN	8
faceboook	NN	1
faces	VBZ	1
facilities	NNS	1
fact	NN	5
faction	NNP	1
factor	NN	1
factories	NNS	1
facts	NNS	4
faculty	NN	1
fagan	NNP	1
fail	NNP	5	VB	3
fails	VBZ	1
failure	NN	3
failures	NNS	1
fainted	JJ	1
fair	NNP	2	JJ	1
faithable	NNP	1
fake	JJ	2
fala	NN	1
fall	NN	2
falling	VBG	2
falls	VBZ	1
families	NNS	2
family	NN	4	NNP	1
famous	JJ	1
fan	NN	4
faneca	NNP	1
fanhouse	NNP	2
fans	NNS	3
fantastic-	NN	1
fantasy	NN	1
far	RB	9
farce	NN	1
farther	RBR	1
fascinates	NNS	1
fashion	NN	2
fast	RB	4	NNP	2	JJ	1
fat	NNP	2
faux	JJ	1
fav	NN	3
fave	NN	1
favorite	JJ	2
favors	NNS	1
favs	NNS	1
fb	NNP	3	NN	1
fbc	NNP	1
fbi	NNP	2
fe	NNP	1
fear	VBP	1	NN	1
fears	VBZ	1
feast	NN	1
feathers	NNS	1
feature	NN	1
featured	VBN	1
features	NNS	2
featuring	VBG	2
feb	NNP	2
fed	NNP	2	VBN	1
federal	JJ	2
federated	NNP	1
feds	NNS	1
feed	VBP	1	NN	1
feeding	NN	3
feeds	VBZ	1	NNP	1
feel	VBP	9	VB	2	NN	1
feelin	NNP	1
feeling	NN	7	VBG	2
feels	VBZ	12
feet	NNS	1
feinstein	NNP	1
feist	NNP	1
feld	NNP	1
fellow	NN	2
felt	VBD	2
feminino	NN	1
fenton	NN	1
fentonite	NN	1
fenway	NNP	1
ferry	NN	1
fertilizer	NN	1
fest	NNP	1
festival	NNP	1
festivities	NNS	1
festmob	NNP	1
fev	NNP	1
few	JJ	6
fi	NN	1
fiancé	NN	1
fibrosis	NNP	1
ficam	NN	1
fickle	NNP	1
fidi	NNP	1
fidm	NNP	1
fido	NN	1
fielding	NN	1
fiend	NN	1
fierce	JJ	1
fifteen	CD	1
fight	VB	2	NN	1
fighting	VBG	2
figliuolo	NNP	1
figure	NNP	1
figured	VBD	1
file	NN	2	VB	1
files	NNP	1
filing	NNP	1
fillmore	NNP	1
film	NN	2	NNP	1
filmmaker	NNP	1
filmmakers	NNP	1
filter	NN	4
final	JJ	4
finally	RB	18
finalsiteu	NN	1
finance	NN	1
finances	NNS	1
financing	NN	1
find	VB	9	VBP	5
finding	VBG	2
finds	VBZ	1	NNP	1
fine	NN	3	RB	1
finest	JJS	1
fingers	NNS	2
finish	VB	2
finished	VBD	12	NNP	3	VBN	1
finishing	VBG	3
finnish	JJ	1
fire	NN	5	NNP	4
fired	VBN	3	NNP	1
firefox	NN	5	NNP	2
fires	VBZ	1
firings	NNP	1
firm	NN	2
first	JJ	17	CD	3
fish	NN	5
fishermen	NNS	1
fist	NN	1
fit	VB	1	NNP	1
fitch	NNP	2
fitting	JJ	1
five	CD	1
fix	NN	2
fixed	NNP	1
fixing	NNP	1
fl	NNP	1
flash	VBP	1
flashback	NNP	1
flesh	NN	1
flickered	VBD	1
flickr	NNP	3	NN	1
flies	VBZ	1
flight	NN	4	NNP	2
flights	NNS	1
fling	NNP	1
flip	JJ	1
floats	VBZ	1
flock	NNP	1	NN	1
flood	NN	3
florida	NNP	2
flow	NN	2
flowers	NNS	1
flown	VBN	1
floyd	NNP	1
flu	NN	1
fluid	JJ	1
flute	NN	1
fly	VB	1
flyer	NN	1
flying	NNP	1	VBG	1
flylip	NNP	1
fns	NNP	1
focus	VBP	2	NN	1
fog	NN	1
foggy	JJ	1
fold	NNP	1	NN	1
folks	NNS	2
follow	VB	7	VBP	2
followed	VBN	2
followers	NNS	7	NNP	1
following	VBG	4
follows	VBZ	1
follows-	NN	1
food	NN	7	NNP	2
foods	NNP	1
fook	NNP	1
fool	NN	2
fools	NNS	1
foot	NN	1
football	NN	5	NNP	3
for	IN	309
forcast	NNP	1
forecast	NNP	1
foreign	JJ	1
forensics	NNS	1
foresighting	VBG	1
forever	RB	2	NNP	2
forex	NNP	9
forget	VB	6
forgive	VB	1
forgot	VBD	2	VBN	2
form	NN	2
format	NN	1
formation	NN	1
former	NNP	1
forms	NNS	1
formula	NNP	1
forrester	NNP	1
forthcoming	JJ	1
forum	NNP	2	NN	2
forward	RB	8
foul	JJ	1
found	VBD	8	VBN	2	NNP	1
foundation	NNP	1
founder	NN	1
fountain	NN	1
four	CD	4
fox	NNP	3	NN	2
foxes	NNP	1
foxx	NNP	1
fr	NNP	1	NN	1
fragile	NNP	2
frame	NNP	1	NN	1
framed	VBN	1
framework	NN	1
fran	NN	1
france	NNP	1
francisco	NNP	2
frank	NNP	1
franken	NNP	2
frankfort	NNP	1
frappaccino	NN	1
frapuccino	NN	1
fratres	NNS	2
freaks	NNS	1
freazer	NN	1
free	JJ	9	NNP	5
freedom	NN	2
freedomring	NNP	1
freelance	NNP	1	NN	1
freeman	NNP	1
freestyle	NNP	1
freezing	NN	1
french	JJ	3
frenchman	NNP	1
frequency	NNP	1	NN	1
frequently	RB	1
fresh	NNP	1
freshman	NN	1
freyja	NNP	1
fri	NN	1
friday	NN	1
fridge	NN	1
friend	NN	9	NNP	4
friends	NNS	16	NNPS	1
fring	VBG	1
frite	NN	1
froggy	NN	1
frogtown	NNP	1
from	IN	86
fron	NN	1
front	JJ	2	NN	2
frugaldougal	NN	1
frustrating	JJ	1
fry	NN	1
ft	NN	2
ftc	NNP	2
ftl	NNP	1
fu	NNP	1
fuck	NN	2	NNP	1
fucking	VBG	1
fuckyeahalltimelow	NN	1
fuckyeahjohnohhh	NN	1
fuel	NN	2
fui	NN	1
fulfil	NN	1
full	JJ	8	NNP	2
fumi	NN	1
fun	NN	13	NNP	4
function	NN	1
functionality	NN	1
fund	NN	1
fundraiser	NN	1
funds	NNS	1
funeral	NNP	1
funk	NNP	1
funniest	NN	1
funny	JJ	6
furever	NN	1
furikake	NN	1
furious	JJ	1
furniture	NN	2
furry	NN	2
further	JJ	1
future	JJ	1
futurenow	NNP	1
fuzzier	JJR	1
fwiw	NNP	1
fxstreet	NNP	1
fyi	NNP	3
g	NNP	3
ga	NNP	2
gaan	NN	1
gadget	NN	2
gadgetwise	NNP	1
gael	NNP	1
gaga	NN	1
gagn	NN	1
gah	NNP	1
gain	VB	1
gains	NNS	1
gal	NNP	1
gala	NNP	1
gallagher	NNP	1
game	NN	9	NNP	2
gamer	NNP	1
games	NNS	3	NNPS	1
gang	NN	1
garage	NN	1
garbage	NN	1
garden	NN	5
garmin	NNP	4
gary	JJ	1
gather	VB	1
gators	NNP	1
gave	VBD	5
gay	NNP	7	JJ	2
gaydar	NNP	1
gdp	NNP	1
gee	NN	1
geek	NN	1
geeking	NNP	1
geeks	NNPS	1
geez	NNP	1
gellar	NNP	1
general	NN	1
generated	VBD	1
generation	NNP	1	NN	1
generations	NNP	1
genetic	JJ	2
genetics	NNS	2
geneva	NNP	1
genius	NN	1
geniuses	NNS	1
geno	NNP	1
gentile	NNP	1
geoff	NNP	1
geographic	NNP	1
geophoto	NN	1
george	NNP	2
georgia	NNP	1
geothermal	NNP	2
get	VB	52	VBP	10	VBG	1
get-rich-quick	JJ	1
getdowntown	NN	1
gets	VBZ	7
gettin	NN	2	NNP	1
getting	VBG	22
gezellig	NN	1
ghostbusters	NNS	1
ghraib	NNP	1
giant	NNP	1	JJ	1
giants	NNP	1
gibbs-	NNP	2
giblet	NN	1
giddy	JJ	1
gift	NN	3
gifts	NNS	1
gig	NN	1
gigantic	JJ	2
gigaom-twitters	NNP	1
gigs	NNP	1
gin	NN	1
ginseng	NN	1
girl	NN	3	NNP	1
girlfriend	NNP	1	NN	1
girls	NNS	1
give	VB	7
giveaway	NNP	2
given	VBN	1
gives	VBZ	1
giving	VBG	2
gizmodo	NN	1
glad	JJ	3	NNP	1
glamorous	JJ	1
glasses	NNS	3
glassware	NNP	1
glenn	NNP	1
glitch	NN	1
glitchmyass	NNS	1
global	JJ	2
globe	NN	1
glossette	NN	1
gloucester	NNP	1
glover	NNP	2
gm	NNP	2
gm-volt	NNP	1
gmail	NN	1
go	VB	30	VBP	5	NNP	3	NN	3
goals	NNS	1
god	NNP	8	NN	7
goddess	NN	1
godzilla	NN	1
goers	NNS	1
goes	VBZ	5
going	VBG	54	NNP	1
goingto	NN	1
gold	NNP	2
goldie	NNP	2
goldman	NNP	1
golf	NNP	2	NN	1
gone	VBN	6
gonna	VBG	9	NNP	3
gonzales	NNP	1
good	JJ	48	NNP	1
goodnight	NNP	1	NN	1
google	NNP	10
googled	NNP	1
googletalk	NNP	1
gooooool	NNP	1
gop	NNP	1
gorgeous	NNP	1	JJ	1
gospelchick	NNP	1
gossip	NNP	2
got	VBD	15	NNP	7	VBN	1
gothic	NNP	1
goto	NNP	1
gotsta	NN	1
gotta	VB	3	NNP	3
gotten	VBN	1
gov	NN	4
government	NN	3	NNP	1
gps	NNP	3
graag	NN	1
grads	NNS	1
graham	NNP	2
grainy	NN	1
grammar	NN	1
gran	NN	3
grand	NNP	1
grans	NNP	1
grant	NNP	1
grants	NNPS	1
graphic	NNP	1
graphics	NNP	1	NNS	1
graphs	NNS	1
grass	NN	1
grass-roots	JJ	1
grassley	NNP	1
gravy	NN	1
great	JJ	28	NNP	5
greek	NNP	1
green	NNP	3	JJ	2
greenback	NNP	1
greeting	VBG	1
greg	NNP	1
gregg	NNP	1
grill	VBP	1
grillin	NN	1
grilling	NNP	1
grin	NN	1
grokdotcom	NNP	1
groove	NN	1
grotesque	JJ	1
ground	NN	2	NNP	1
group	NN	4	NNP	2
groups	NNS	4
groupy	NN	1
growing	VBG	2
growth	NN	2
gta	NNP	1
gtalk	NN	2
guaranteed	VBN	1
guard	NNP	1
guerrilla	NN	1
guess	VBP	6
guest	NN	2	NNP	1
gui	NN	1
guide	NNP	2	NN	1
guided	JJ	1
guilt	NN	1
guilty	JJ	1
guitar	NN	2	NNP	1
gumtree	NN	1
guns	NNS	2	NNP	1
gurl	NN	1
gushy	NN	1
gusting	VBG	1
guy	NN	9	NNP	1
guys	NNS	7
gym	NN	5
gymicrae	NN	1
gypsy	NNP	1
h	NNP	2	NN	2
ha	NNP	2
haaaaa	NNP	1
hackable	NNP	1
had	VBD	21	VBN	3
haha	NN	4	NNP	2
hahaha	NN	1
hahahahahaha	NN	1
hair	NN	5
haircut	NN	1
hairpsray	NN	1
hairspray	NN	1
hairy	JJ	2
half	NN	2	JJ	1
halfway	RB	1
hall	NN	1
halloween	NNP	1	NN	1
ham	NN	1
hamburgefonsiv	NN	1
hamilton	NNP	1
hammer	NNP	1
hammock	NN	1
hand	NN	5
hand-watered	JJ	1
handel	NNP	1
handing	VBG	1
hands	NNS	1
handy	JJ	1
hang	VB	1
hanging	VBG	2
hangover	NN	2
hannity	NNP	1
happen	VB	1	NNP	1
happened	VBD	2
happening	VBG	1
happy	JJ	9	NNP	3
happyhappyjoyjoy	NN	1
hard	JJ	5	RB	1	NNP	1
hardcore	NN	1
harder	RBR	2	NNP	1
hardly	RB	1
hari	NN	1
haribo	NN	1
harlem	NN	1
harris	NNP	1
harry	NN	1
harvest	NN	1
harvested	VBN	1
has	VBZ	41
hashtag	NN	2
hat	NN	1
hate	VBP	11	NNP	3
haters	NNP	1
haute	NN	1
have	VBP	56	VB	24	NNP	1
haven	NN	1
having	VBG	11
havoc	NN	2
hawaii	NNP	1
hazy	NN	1
hbo	NNP	1
hca	NNP	4
hcan	NNP	1
hdh	NNP	1
he	PRP	35
head	NN	4
heading	VBG	7
heads	NNS	1
headscarf	NN	1
headset	NN	1
headtracking	VBG	1
health	NNP	1	NN	1
healthcare	NNP	1
hear	VB	5	VBP	2	NNP	1
heard	VBN	5	VBD	2
hearing	NNP	1	VBG	1
heart	NN	6	NNP	1
heavily	RB	1
heavy	JJ	4	NNP	1
heck	NN	2
hecklers	NNS	1
heels	NNS	1
heir	NN	1
helft	NNP	2
hell	NN	3
hello	UH	3
hellyeahdude	NN	1
helmets	NNS	1
help	VB	5	NN	4	VBP	2
helped	VBD	1
helping	VBG	1
helps	VBZ	1
helsinki	NNP	4
henderson-based	NNP	1
hendrix	NNP	6	NN	1
henrico	NNP	1
her	PRP$	20	PRP	6
herbert	NNP	1
here	RB	32
heritage	NNP	1
hermannsburg	NNP	1
herndon	NNP	1
hero	NNP	1
heroes	NNP	3
heroin	NN	1
herself	PRP	1
het	NN	1
hewitt	NNP	2
hey	NNP	6	UH	1
hfo	NNP	1
hho	NNP	2
hhrs	NNS	1
hi	NNP	3	NN	1
hide	VB	1
high	JJ	4	RB	1
higher	JJR	1
highland	NNP	1
highly	RB	1
highsmith	NN	1
hija	NN	1
hike	NN	1
hiking	NN	1
hill	NNP	1	NN	1
hillary	NNP	1
him	PRP	9
himself	PRP	2
hinder	VB	1
hing	VBG	1
hip	NNP	3
hip-	NNP	1
hippo	NN	1
hips	NNS	1
hiring	NNP	1	VBG	1
his	PRP$	15
historicity	NN	1
history	NN	4
hit	VBP	1	VB	1	NN	1	VBD	1
hitching	VBG	1
hits	NNS	1
hitting	VBG	1
hmm	NNP	1
ho	NNP	1
hockey	NN	1
hogging	VBG	1
hold	NN	1
holdeman	NNP	3
holder	NNP	1
holders	NNS	1
holding	VBG	1
holds	VBZ	2
hole	NNP	1	NN	1
holiday	NN	4
hollaback	NNP	1
holler	NNP	1
hollywood	NNP	2
holy	JJ	2	NNP	1
holycow	NNP	1
home	NN	21	NNP	2
homecoming	NN	1
homeless	JJ	1
homers	NNS	1
hometown	NN	3
homework	NN	2
homie	NN	1
homo	NN	1
homogenous	JJ	1
homophobia	NNP	1
homosexuals	NNS	1
honest	NNP	2
honor	VB	1
hoo	NNP	1
hooking	VBG	1
hooks	VBZ	1
hoop-spanner	JJ	1
hooray	NNP	1
hoozie	NNP	1
hop	NNP	4
hope	VBP	12	NNP	3
hopefully	RB	2	NNP	2
hoping	VBG	4
horn	NNP	3
hornby	NNP	1
horrible	JJ	1
horror	NN	1
horses	NNS	1
hospital	NNP	5	NN	2
hospitalized	NNP	1
hospitals	NNS	2
host	VB	2	NNP	2	NN	2
hostel	NN	1
hosting	VBG	2
hosts	VBZ	1	NNP	1
hot	JJ	5	NNP	4
hotel	NN	1
hotels	NNPS	1
hotrodgyrl	NNP	1
hottie	NN	1
hotties	NNS	1
hour	NN	2
hours	NNS	8
hourse	NN	1
house	NN	11	NNP	2
houses	NNP	1
housewives	NNS	1
housing	NNP	1
how	WRB	59
howard	NNP	1	NN	1
hp	NNP	1
hq	NNP	2
hr	NN	9	NNP	1
html	NNP	1
http	NN	2
https	NNS	1
hub	NNP	2
hubby	NN	1
hubspot	NN	2
huckabee	NNP	2
hudsucker	NNP	1
huell	NNP	2
huge	JJ	3	NNP	2
hugs	NNS	3
huh	NN	3
human	JJ	3
humans	NNP	2	NNS	1
humbolt	NN	1
humidity	NNP	7
humored	JJ	1
humping	VBG	1
hundred	CD	1
hunger	NN	1
hungry	JJ	1
hunt	NN	1
hunter	NN	1
hunting	NN	2
hurdle	NNP	1
hurts	VBZ	1
husband	NN	3
huskies	NNP	1
huxley	NNP	1
hybrid	JJ	1
hydration	NNP	1	NN	1
hydrogen	NNP	1
hype	NNP	1	NN	1
i	PRP	413	NNP	76	NN	2
ia	NNP	6
iain	NN	1
ian	NNP	1
ians	NNP	1
ibm	NN	1
ibook	NN	1
ibored	JJ	1
ice	NN	2
iced	JJ	1
iconic	NNP	1
idea	NN	8
ideas	NNS	6
identifiespriorities	NNS	1
identity	NN	1
idiot	NN	1
idol	NNP	7	NN	1
ie	NN	1
if	IN	45
ignorance	NN	1
ignoring	VBG	1
ii	NNP	1
ijustine	NN	1
ikan	NNP	2	NN	1
ikea	NNP	1
il	NNP	1	NN	1
ilbryneeliteee	NN	3
ill	JJ	4
illbyrneeliteee	NN	2
illegal	JJ	1
illinois	NNP	1
illness	NN	1
illustration	NN	1
im	NNP	8	NN	8
imac	NN	1
image	NN	1
images	NNS	1
imagine	VBP	1	VB	1
imasu	NNP	1
imediately	RB	1
iming	NNP	1
imma	NN	1
immediate	JJ	1
immigration	NN	1
immoral	JJ	1
impairment	NN	1
impatient	JJ	1
imperator	NN	1
imperfections	NNS	1
implanting	VBG	1
implementation	NN	1
implementing	VBG	1
importance	NN	2
important	NNP	3	JJ	2
importer	NN	1
imports	VBZ	1
impossible	JJ	1
impressed	VBN	1
impressions	NNS	1
improve	NNP	1
improvement	NN	1
improves	VBZ	1
improving	VBG	3
in	IN	287	RP	1	NN	1
in-depth	NNP	1
in-laws	NNP	1
inaba	NNP	1
inability	NN	2
inappropriate	JJ	1
inbound	NNP	1
inc	NN	1
inch	NN	1
included	VBD	1
including	VBG	5
incompetent	JJ	1
increased	VBD	1
indeed	RB	1
independent	NNP	2
india	NNP	2
indian	JJ	1
indiana	NNP	1
indians	NNPS	3
indie	NN	1
individual	JJ	1	NN	1
indoors	RB	1
industrial	NNP	1
industry	NNP	1
indycar	NN	1
ineffective	JJ	1
ines	NNP	1
infamous	JJ	1
infidelsarecool	NN	1
inflation	NN	1
influence	VB	1
info	NN	3
information	NN	2
informative	JJ	1
infrastructure	NNP	1
ing	VBG	1
inherited	VBD	1
inhospitable	JJ	1
injured	NNP	1
innapropriate	NN	1
innards	NNS	1
innocent	JJ	1
innovation	NNP	1
input	NN	1
insane	JJ	1
insanely	RB	1
insanity	NN	1
insert	NN	1
inside	NNP	1	IN	1
insight	NNP	3
inspectors	NNS	3
inspiration	NN	2
inspiring	JJ	3	NNP	1
instability	NN	1
installed	VBN	2	NNP	1	VBD	1
installing	VBG	2	NNP	1
instance	NN	1
instead	RB	4
instruction	NN	1
instrument	NN	1
insult	NN	1
insurance	NN	1
insurgent	NN	1
integrated	VBN	1
integration	NNP	1
intention	NN	1
interaction	NN	1
interactive	JJ	1
interest	NN	3
interested	NNP	2	JJ	1
interesting	JJ	13
interface	NN	3
interim	JJ	1
interiores	NNS	1
international	JJ	1
internet	NN	7	NNP	4
interpretation	NN	2
intervew	NN	1
interview	NN	5	NNP	1
interweb	NNP	1
intimate	JJ	1
into	IN	16	NNP	1
intraffic	JJ	1
introduce	NNP	1
introduces	VBZ	1
invented	VBD	1
invest	NNP	1
investigates	VBZ	1
investigating	VBG	2
investigator	NN	1
investing	VBG	1
investments	NNP	1
investor	NN	1
investors	NNS	2
invitational	NN	1
invite	VB	1
invites	VBZ	1
invoices	NNS	1
iowans	NNP	1
ip	NNP	2
iphone	NN	15
ipo	NN	2
ipod	NN	5
ipods	NNS	1
ipray	NN	1
iraheta	NNP	1
irate	NN	2
irish	NN	1
irrigation	NN	2
irritating	VBG	1
is	VBZ	260	NNS	1
isaac	NNP	1
isiah	NNP	2
island	NN	2
islands	NNP	1
isnt	NNP	1
israel	NNP	1
issue	NN	1
issues	NNS	6
it	PRP	209
italy	NNP	1
items	NNS	2
ithink	NNP	1
its	PRP$	20
itsawomansworld	NN	1
iv	NNP	1
ive	NNP	2
j	NNP	3	NN	2
jabez	NNP	1
jacket	NN	2
jacket--crazy	JJ	1
jacks	NNS	1
jackson	NNP	2
jacqueline	NNP	1
jahit	NNP	1	NN	1
jaiku	NNP	1
jam	NN	1
james	NNP	2
jamie	NNP	3
jamming	NNP	1
janelle	NNP	2
janet	NNP	1
japan	NNP	2
japanese	NN	1
jason	NNP	3
java	NN	1
jaw	NN	1
jay	NNP	1
jay-z	JJ	1
jazz	NN	2
jcran	NN	1
jealous	JJ	1
jeff	NNP	1
jefferson	NNP	1
jennifer	NNP	2
jerk	NN	1
jesse	NN	1
jessica	NNP	2
jesus	NNP	2
jet	NN	1
jets	NNS	2
jewelry	NN	1
jewish	NN	1
jiggle	NN	1
jill	NNP	1
jim	NN	1
jimmy	NNP	1
jmho	NNP	1
jo	NNP	3
job	NN	20	NNP	9
jobs	NNS	1
joe	NNP	3	NN	1
joeciarallo	NN	1
john	NNP	4
johnny	NNP	1
johns	NNP	1
johnson	NNP	1
johnston	NNP	3
join	VB	2
joined	VBD	2	NNP	1	VBN	1
joins	NNP	1
joke	NN	1
jokng	NN	1
joltid	NNP	1
jon	NN	1
jonathan	NNP	2
jones	NNP	2
jonesin	NN	1
joost	NNP	1
jordan	NNP	1	NN	1
jorja	NN	1
journal	NNP	2	NN	1
journey	NN	2
journos	NNP	1
jovi	NNP	1
joy	NNP	1	NN	1
jrmc	NNP	1
jsut	NN	1
juan	NNP	2
judge	NN	3	NNP	1
judging	VBG	1
juiced	JJ	1
juicing	VBG	1
julia	NNP	1
julie	NNP	1
juliette	NNP	1
jump	VB	1
jumpa	NN	1
junie	NNP	1	NN	1
junior	NNP	1
junker	NN	1
just	RB	96	JJ	2
justice	NN	1
justin	NN	1
justincutroni	NN	1
justtravlin	NNP	1
k	NNP	4	NN	2
kaboodle	NN	1
kahuna	NNP	1
kajaani	NNP	1
kalama	NNP	1
kami	NNP	1
kane	NNP	1
kansasjackass	NNS	1
kasab	NNP	1
kat	NN	1
kata	NNP	1
kate	NNP	3	NN	1
kathmandu	NNP	1
kayakforacure	NN	1
kbcubs	NNP	1
kbondelli	NN	1
kdwashburn	NN	1
keen	JJ	2
keep	VB	9	VBP	3
keeping	VBG	1
kejiranan	NNP	1
keli	NNP	1	NN	1
kelley	NNP	1
kelly	NNP	5	RB	2
kellys	NNP	1
ken	NN	1
kenny	NNP	1
kent	NNP	1
kepada	NN	1
kerjodando	NN	8
ketchup	NNP	1	NN	1
kettle	NN	2
kevin	NNP	2
keyboard	NN	1
keyboards	NNS	1
keys	NNS	1
keywords	NNS	1
kffl	NNP	1
kgcubs	NNP	5
kicking	VBG	1
kid	NN	1
kidd	NN	1
kidding	VBG	3
kiddos	NNS	1
kids	NNS	9
kill	VB	2	NN	2	VBP	1
killa	NNP	1
killed	NNP	1
killer	NN	2
killers	NNS	1
killing	NN	1
kilogram	NN	1
kim	NNP	1
kind	NN	1
kinda	NN	2
kindle	NNP	1
kindness	NN	1
king	NNP	3
kiosko	NNP	1
kirk	NN	1
kirkland	NNP	1
kiss	VB	1	NNS	1
kit	NN	1
kite	NN	1
kiteboarding	VBG	1
kiwi	NN	1
kl	NNP	1
km	NN	8
knackered	NNP	1
knees	NNS	1
knew	VBD	2
knicks	NNP	1
knitting	VBG	1
kno	NN	1
know	VB	20	VBP	14
knowing	VBG	1
knowledge	NNP	1	NN	1
knoxville	NNP	1
ko	NN	1
koalas	NNS	1
konu	NNP	1
korea	NNP	4
korg	NNP	2
krk	NNP	1	NN	1
kudos	NNP	1	NNS	1
kumar	NNP	1
kumparak	NNP	1
kutcher	NNP	1
kvue	NNP	1
kyte	NNP	1
l	NNP	4	NN	3
la	FW	5	NNP	4
lab	NN	1
lack	NN	1
lacking	VBG	1
lacrosse	NN	1
lactose	NNP	1
laden	NNP	1
lady	NN	5	NNP	1
lag	VB	1	NN	1
laid	VBN	1
lake	NNP	1
lama	NN	1
lambert	NNP	2
lame	JJ	1
lamontagna	NNP	1
lancashire	NNP	1
lance	NNP	1
lane	NNP	1	NN	1
lanekiffinut	NNP	1
language	NN	1
languages	NNS	2
lappeenranta	NNP	1
laptop	NN	2
lar	NNP	1
large	JJ	4
larry	NNP	2
laryngitis	NNS	1
las	NNP	6
lasetjet	NNP	1
lash	NNP	1
last	JJ	20	NNP	2	NN	1
late	RB	4	JJ	3
latency	NN	1
later	RB	3
latest	JJS	5
latin	NNP	1
latte	NN	2
latter	NN	1
laugh	NN	2
laughing	VBG	1
launch	VB	1	NN	1
launching	NNP	1
launchy	NN	2
laundry	NNP	1	NN	1
law	NNP	3	NN	1
lawn	NNP	1
laws	NNS	2
lawsuit	NNP	1
lawyers	NNS	2
laynem	NNP	2
layoffs	NNP	1
lazy	JJ	1
le	DT	1
lead	JJ	1	NN	1
leader	NN	1
leadership	NN	1
leads	VBZ	3
league	NNP	1
leapord	NNP	1
lear	NNP	1
learn	VB	3	NNP	1
learning	VBG	7	NNP	2
learningtrends	NNP	1
least	JJS	6
leather	NN	1
leave	VB	3
leaves	VBZ	2
leaving	VBG	2
lecture	NN	1
lectured	VBD	1
lecturing	NNP	2
lederman	NNP	1
lee	NNP	1
left	VBD	4	VBN	3	JJ	1	NN	1
left-especially	JJ	1
left-handed	JJ	1
left-over	JJ	1
leftover	NN	1
legal	JJ	1
legislators	NNS	1
legs	NNS	1
leicester	NNP	1
leif	NNP	1
lemonade	NN	2
lenders	NNS	2
leno	NNP	1
les	FW	1
less	JJR	5	RBR	1
lesson	NN	1
lessons	NNS	1
let	VB	13	NNP	1	VBN	1
lets	VBZ	1
letters	NNS	1
letting	VBG	1
lettuce	NN	1
level	NNP	1
levine	NNP	2
lewis	NNS	1
lgbt	NNP	2
li	NN	1
liar	NN	1
lib	NN	1
liberal	JJ	1
liberty	NNP	1
libertyrant	NN	1
libraries	NNP	1
library	NNP	1
license	VBP	1	NN	1
licensing	NNP	1
liderzinho	NN	1
lie	VB	1	NN	1
life	NN	11	NNP	6
lifehacker	NN	1
lifesize	JJ	1
lift	VB	1	NN	1
lifted	VBN	1
liftoff	NN	1
lifts	NNS	2
light	NN	4
lightroom	NN	1
like	IN	48	VBP	5	VB	3	NNP	1
liked	NNP	1
likely	RB	1	JJ	1
lil	NNP	2
lilac	NN	1
lilacs	NNS	1
limits	NNP	1	NNS	1
limo	NN	1
lin	NN	1
lindsay	NNP	2
lindsey	NNP	1
line	NN	6
lineage	NN	1
lineis	NNS	1
linen	NN	1
lines	NNPS	1
link	NN	8
linkedin	NNP	1	NN	1
links	NNS	1
linux	NNP	1	NN	1
lions	NNS	1
liquor	NN	1
lisamac	NN	1
list	NN	7	VB	2
listen	VB	4
listened	VBD	1
listening	NNP	7	VBG	7
listings	NNS	1
lit	NNP	1
little	JJ	9	RB	2
live	VB	6	NNP	4
livedesk	NN	1
livescience	NNP	1
living	VBG	5
lizziegolightly	RB	1
ll	NN	4
lmao	NNP	3
lmfao	NNP	1
load	NN	1
loads	NNS	1
loans	NNS	2
lobbyists	NNP	1
lobster	NN	2
local	JJ	1
locals	NNS	1
locating	VBG	2
location	NNP	1
lock	NNP	1	JJ	1
locked	NNP	1
logies	NNP	1
logo	NNP	2
logs	NNS	1
lohan	NNP	4
lol	NNP	11	NN	7
loled	NNP	1
london	NNP	3
lonely	NNP	1	JJ	1
long	JJ	18	NNP	2	RB	1
long-term	JJ	1
longer	RBR	1	JJR	1
longggggggggggg	NN	1
longing	NN	1
look	VB	10	VBP	2	NNP	1	NN	1
look-see	JJ	1
looked	VBD	1
lookin	NN	1
looking	VBG	25
looks	VBZ	5	NNP	2	NNS	1
looms	NNP	2
loooong	NN	1
lopez	NNP	1
lord	NN	2	NNP	1
los	NNP	2	NNS	1
lose	VBP	2	NNP	1
losing	NNP	1
loss	NN	1
lost	VBD	2	VBN	2	NNP	1
lot	NN	7
lots	NNS	5
lotsa	NNP	1
lotta	NN	1
louisiana	NNP	1
love	NN	16	VBP	7	NNP	5	VB	1
loved	VBD	2	NNP	1
lovely	NNP	2
loving	JJ	2	NNP	1
low	JJ	2
lpt	NNP	1
lsu	NNP	2
luce	NNP	1
luck	NN	2
luigi	NN	1
luke	NNP	1
lunch	NN	10	NNP	3	VB	1
lunchbox	NN	1
lunchtime	NN	1
lw	NNP	1
ly	RB	1
lying	VBG	1
lymph	NN	1
lynngg	NN	1
lyricist	NN	1
m	NNP	7	NN	6
ma	NNP	1
maar	NN	1
mac	NN	3	NNP	2
macbook	NNP	4
macbreak	NNP	1
macciato	NN	1
machine	NN	2	NNP	1
macrumors	NNS	1
macs	NNP	1
madam	NN	1
maddie	NNP	1
maddow	NNP	1
made	VBN	7	VBD	6
madness	NN	1
madoff	NNP	1
madwoman	NN	1
magazine	NNP	1	NN	1
magazines	NNS	1
maggie	NNP	1
magnet	NNP	4
magnetic	JJ	1
magnolia	NNP	1
mags	NNS	1
magsulat	NN	1
maher	NN	1
mail	NN	3
mailbag	NNP	1
mailers	NNS	1
main	NNP	1
mainstream	NN	1
maintain	VB	1
major	JJ	2	NNP	1
majority	NN	1
make	VB	20	VBP	2	NN	2	NNP	1
makeover	NN	1
makers	NNPS	1
makes	VBZ	9	NNP	1
making	VBG	17
malama	NNP	1
malartic	JJ	2
malfunction	NNP	1
malicious	JJ	1
malkin	NNP	1
malouf	NNP	2
mamasource	NN	1
man	NN	11	NNP	3
man-fish	JJ	1
mana	NN	1
managed	VBD	1
management	NNP	2
manager	NNP	1
manchester	NNP	1
mangos	NNS	1
manufacturers	NNS	2
many	JJ	11
map	NN	2
mapquest	NN	1
marabg	NNP	1
marathon	NN	1
marc	NNP	1
march	NNP	2	NN	1
marcos	NNP	1
marcus	NNP	1
mariehamn	NNP	1
marijuana	NNP	1
marilynmonroe	NNP	1
marines	NNS	1
marist	NNP	1
mark	NN	1
mark-to-market	JJ	1
market	NNP	3	NN	1
marketer	NNP	1
marketers	NNS	3	NNPS	2
marketing	NNP	10	NN	6
marketing-search-engines	JJ	1
marks	NNS	1
marriage	NNP	1
married	VBN	3
martha	NNP	2
martyneumeier	NNP	1
mary	JJ	1
mas	NNS	1
mascara	NNP	1
mash	NNP	1
mashable	JJ	1
mashed	JJ	1
mashup	NN	1
mask	NN	1
mason	NNP	1
massage	NN	2
massgovernor	NN	1
massive	JJ	1
master	VB	1	NNP	1	NN	1
masterpiece	NN	1
masters	NNS	1
mat---first	JJ	1
mateo	NNP	2
matress	NNS	1
matrix	NN	1
matrixx	NN	1
matt	NNP	2
mattcanale	NN	1
matter	VBP	1	VB	1	NN	1
mauboy	NNP	1
maudnewton	NN	1
maui	NNP	2
maxim	NNP	1	NN	1
maxthon	NNP	1
may	MD	11	NNP	8
maybe	RB	11
maybelline	NNP	1
mayor	NN	2
mazak	NNP	2
mc	NNP	1
mccainblogette	NNP	1
mcd	NNP	1
mchale	NN	1
mclaren	NNP	1
mclean	NNP	1
md	NNP	1
me	PRP	76
meal	NN	2
meals	NNP	1
mean	VBP	4	VB	2	NN	1
meanbot	NNP	1	NN	1
meaning	VBG	1
meaningless	JJ	1
means	VBZ	1	NNS	1
meant	VBD	2	VBN	2	NNP	1
measure	NN	1
meat	NN	1
meathead	NNP	1	NN	1
mechagodzilla	NN	1
media	NNP	13	NNS	7
medical	NNP	4	JJ	1
medium	NN	2
medpacs	NNP	1
meds	NNS	1
meet	VB	4
meeting	NN	4	VBG	1
meetings	NNS	1
mega	JJ	1
megfitz	NNP	1
meghan	NN	1
melhor	NN	1
membekal	NNP	1
membekalkan	NN	1
member	NN	2
members	NNS	1
memorial	NN	1
memories	NNS	1
memory	NN	1
memory-whore	JJ	1
men	NNS	2
menace	NN	1
mental	JJ	1
mentally	RB	1
mention	VB	2
mentioned	VBN	1
mentor	NN	1
menyediakan	NN	1
merchan	NN	1
merchant	NN	1
merci	NN	1
meredith	NNP	1
merges	NNP	1
merry	NNP	1	NN	1
mesin	NNP	1	NN	1
mess	NN	3
message	NN	3
messages	NNS	2
messaging	VBG	1
messed	JJ	2
messiah	NNP	1
messin	NNP	1
messy	NNP	1	NN	1
met	VBD	1
meta	NN	1
metal	NN	1
metamucil	NN	1
metrics	NNP	1
metro	NN	1
mets	NNP	1
mexican	JJ	1
meyers	NNS	1
mgmt	NN	1
miami	NNP	2	NN	2
miamiherald	NNP	1
michael	NNP	6	NN	1
michelle	NNP	2
michellemalkin	NN	1
michigan	NNP	2
micing	VBG	1
mickey	NNP	5
microblogging	VBG	1
microsite	NN	1
microsoft	NNP	4	NN	1
mid	JJ	2
mid-	NN	1
midatlanticdogs	NNS	1
middle	JJ	1
middleaged	JJ	1
midnight	NNP	1	NN	1
might	MD	9
mighty	NNP	1
miguel	NNP	2
mike	NNP	3	NN	1
mikedish	NN	1
mikkeli	NNP	1
miley	NNP	1	NN	1
miliband	NNP	1
milk	NN	3
millennium	NN	1
million	CD	6	NNP	2
millville	NNP	1
miming	VBG	1
min	NN	2
mind	NN	4	NNP	1
mindboggling	VBG	1
mindbus	NNP	1
mine	NN	5
mini	NNP	1
mini-oatcakes---verily	JJ	1
mining	NNP	1
minneapolis	NNP	1
minnesota	NNP	2
mins	NNS	3
minta	NN	1
minus	NNP	1
minute	NN	2
minutes	NNPS	4	NNS	3
mio	NN	1
mipcom	NNP	1
misdemeanors	NNP	1
misguided	JJ	1
misnomer	NN	1
miss	VBP	1	VB	1	VBG	1
missed	VBD	1
missing	VBG	2
mission	NN	1
mistake	NN	1
mistakes	NNS	2
mistical	NNP	16
misty	NNP	1
misunderstand	NN	1
miva	NNP	1
mix	NNP	4
mixed	JJ	1
mizrahi	NNP	1
mlb	NNP	5
mlm	NNP	2
mmh	NNP	1
mmm	NN	1
mmmm	NN	1
mmmmm	NNP	1
mmmmmm	NN	1
mmmmmmmmmmmmmmmmdairyqueen	NN	1
mnpublius	NNP	1
mobile	JJ	4	NNP	2
mobilecrunch	NNP	1
mobuzz	NNP	1
mocha	NN	1
mock	JJ	1
models	NNS	2
modem	NN	1
moderators	NNS	1
modern	NNP	2
moderncat	NN	1
modes	NNS	1
modification	NN	1
modify	VB	2
module	NN	1
moennig	NNP	1
mohammad	NNP	1
molly	NNP	1
mom	NN	6
moment	NN	1
moments	NNP	1	NNS	1
momif	NNP	1
moms	NNP	1
monae	NNP	1
monday	NNP	4	NN	1
money	NN	3	NNP	2
monica	NN	1
monitor	NN	1
monitoring	NN	1
monk	NN	1
monkey	NN	1
monkeys	NNP	1
monsters	NNS	1
month	NN	6
months	NNS	6
mood	NN	1
moons	NNP	1
moore	NNP	1
moquerie	NN	1
morass	NNP	1
moratorium	NN	1
more	JJR	46	RBR	13
mormon	NNP	1
morning	NN	7	NNP	4
mornington	NNP	1
morons	NNS	3
morrow	NN	2
mort	NN	1
mortgage	NNP	1	NN	1
moseley	NNP	1
mosley	NNP	1
mossberg	NNP	1
most	JJS	12	RBS	5
mostly	RB	3
moteurs	NNS	1
mother	NN	2
motherfucker	NN	1
mothers	NNS	1
motion	NN	1
motionplus	NNP	3
motivation	NN	2
motorized	JJ	1
move	VB	2
moved	VBN	1
movement	NN	3
moves	NNS	1
movie	NN	8	NNP	3
movies	NNS	1
moving	VBG	2	NN	1
mow	NNP	1
mozilla	NNP	1
mp	NN	2
mpg	NN	2
mpre	NNP	1
mr	NNP	1
mrs	NNP	1
mrsa	NNP	1
ms	NNP	2
msm	NN	1
msn	NNP	1
mtlb	NN	1
mtn	NNP	2
much	JJ	13	RB	3	NNP	1
mucho	NN	1
muddy	NN	1
muffin	NNP	1	NN	1
mujeres	NNP	1
mull	NNP	1
mullins	NNP	1
multi	NN	1
multi-tasks	JJ	1
multi-venti	JJ	1
multiplayer	NN	1
multipoint	NN	1
mum	NNP	1
munckytown	NN	1
murder	NN	1
murfreesboro	NNP	1
murray	NNP	1
muse	NNP	1
museglobal	NNP	1
museum	NNP	1
music	NN	14	NNP	5
musicals	NNS	1
musician	NN	1
must	MD	13
muted	VBN	1
mutt	NN	1
my	PRP$	207
mylifeissohard	NN	1
myrnaslist	NN	1
myself	PRP	5
mysolarenergy	NN	1
myspace	NNP	1	NN	1
mysql	NNP	1
mysterious	JJ	1
myteamrivals	NNP	1
mythbusters	NNP	2
n	NNP	8	NN	2
n't	RB	89
na	TO	1
nada	NNP	1
nagawa	NN	1
nahq	NNP	1
nails	NNS	1
nairns	NNP	1
nak	NN	3	NNP	1
nambu	NNP	1
name	NN	1
named	VBN	1
names	NNPS	1
naps	NNS	1
narnia	NNP	1
nasa	NNP	2
nascar	NN	2	NNP	1
nashviille	NNP	1
nashvillians	NNP	1
nat	NNP	1
nate	NNP	1
national	NNP	4
nature	NN	1
nc	NNP	2
near	IN	3
nearly	RB	2
nectar	NN	1
need	VBP	14	VB	6	MD	5	VBG	1
needed	VBN	2	VBD	1
needin	NN	1
needs	VBZ	2	NNS	1
neg-	NN	1
negative	NNP	1
negotiations	NNS	1
neighbor	NN	1
neighborhood	NNP	1	NN	1
neil	NNP	1
neither	DT	1
nelson	NNP	1
nenek	NN	1
neo	NNP	5
nervouse	NN	1
net	JJ	5	NN	1
netherlands	NNP	1
nets	NNS	2
network	NNP	3	NN	2	VB	1
networking	NN	5	NNP	1
networks	NNP	1	NNS	1
never	RB	10
neverbloomer	NN	1
neverland	NNP	1
new	JJ	66	NNP	29
newbies	NNP	1
newborn	JJ	1
newlands	NNP	1
news	NNP	21	NN	18
news-	NNP	1
newscenter	NNP	1
newsday	NNP	1
newsletter	NN	1
newspaper	NNP	1
newspapers	NNS	1
newsweek	NNP	1
next	JJ	13	IN	2	NNP	1
next-reserve	NNP	1
nfca	NNP	1
nfl	NNP	1
ng	NNP	2	NN	1
nha	NNP	1
nice	NNP	8	JJ	6
nice-	NN	1
nicely	RB	1
nicer	JJR	1	NNP	1
nick	NNP	1
nickname	NN	2
nickroshon	NN	1
night	NN	17	NNP	3
nightmare	NNP	1
nihili	NNP	1
nikita	NN	1
nikki	NNP	1
niks	NNS	1
nils	NNP	1
nine	CD	1
ninjen	NN	1
nintendo	NNP	4
nipples	NNS	1
nishimoto	NNP	2
nit-picki	JJ	1
nj	NNP	3
nl	NN	1
nne	NNP	1
no	DT	31	UH	2
no-no	NNP	2
nobody	NN	1
noerr	NNP	1
noite	NN	1
nokia	NN	2
nom	NNP	1
nominated	VBN	1
nondenominational	NN	1
none	NN	2
nonsense	NN	1
noobz	NN	1
nop	NN	1
nope	UH	1
nope-	NNP	1
norbert	NNP	1
normal	JJ	1
norms	NNS	1
north	NNP	2	RB	1
norway	NNP	1
norwegian	JJ	1
nossa	NN	1
nostalgia	NN	1
nostalgic	JJ	1
not	RB	82	NNP	4
notch	NN	1
note	VB	1	NN	1
notebook	NN	1
notes	NNS	2
nothin	NN	1
nothing	NN	2
notice	VBP	1
novels	NNS	1
november	NNP	2
novia	NNP	1
novogratz	NNP	1
novos	NNP	1
now	RB	64
np	NN	1
npr	NNP	2
nra	NNP	1
nsw	NNP	1
nuclear	JJ	2
nude	JJ	1
nueva	NN	1
nuke	NN	2	NNP	1
null	NULL	489
number	NNP	2	NN	1
numberplates	NNS	1
numbers	NNS	3
nurse	NNP	1	NN	1
nurses	NNP	3
nursing	NNP	3	NN	2
nurture	NNP	1
nutrition	NNP	1
nuts	NNS	1
nw	NNP	1
ny	NNP	1
nyt	NNP	1
nytimes	NNP	1
o	NN	9	NNP	7
o-	NNP	1
obama	NNP	6	NN	3
oblique	NNP	1
obvious	JJ	2
obviously	RB	2
occupy	VB	1
occurring	VBG	1
october	NN	1
odd	NNP	1
oddly	RB	1
odyssey	NN	1
of	IN	294
off	IN	22	RP	10	JJ	1
offense	NN	1
offer	NN	1
offered	VBN	1
offering	VBG	2	NN	1
offers	NNP	2
offertrax	NN	1
office	NN	13	NNP	2
officer	NNP	2
officers	NNS	1
offices	NNS	1
official	JJ	2	NNP	1	NN	1
officially	RB	4
offspring	NNP	1
often	RB	2
oh	UH	19
oil	NN	2
oiled	JJ	1
ok	JJ	8	NN	2
okay	JJ	1	UH	1
oklahoma	NNP	1
old	JJ	16	NNP	1
olgas	NNP	1
olhando	NN	1
om	NN	1
omg	NNP	2	NN	1
on	IN	248	RB	1	NNP	1
once	RB	11
oncology	NN	2
one	CD	42	NN	1
one-	NNP	1
ones	NNS	3
onion	NN	1
onli	NN	1
online	NNP	6	NN	4
onlinechristianshopper	NN	1
onlinemarketing	VBG	1
only	RB	25	JJ	2
onlygators	NNS	1
ont	NN	1
onto	IN	2
onw	NN	1
oohh	NN	1
oopps	NNP	1
oops	NNS	2	NNP	1
open	JJ	3	NNP	1
opener	NN	1
openers---already	JJ	1
opening	VBG	1	NN	1
opensim	NNP	1
opensource	NN	1
operational	JJ	1
operations	NNP	2
opinion	NN	1
opinions	NNS	3
opportunities	NNPS	2
opportunity	NN	2
opposite	JJ	1
opposition	NN	1
optimization	NNP	7	NN	1
options	NNPS	1	NNS	1
or	CC	55	NNP	1	NN	1
oracle	NNP	2
orange	NN	1
orate	NN	1
ord	NN	1
order	NN	2
ordered	VBD	3
orders	NNS	2
oregon	NNP	3
oreilles	NNS	1
org	NN	3
organic	NNP	1
organisation	NN	1
organizing	VBG	3
orgs	NNS	1
orig	NNP	2
original	JJ	1
orleans	NNP	3
orlewicz	NNP	1
orphaned	NNP	1
os	NNP	2	NNS	1
osama	NNP	1
oscars	NNP	1
other	JJ	13
others	NNS	6
otherwise	RB	2
ought	MD	3
oulu	NNP	1
our	PRP$	20	NNP	2
ourselves	PRP	1
ousts	NNP	1	NNS	1
out	IN	52	RP	25
outages	NNS	1
outback	NN	1
outdoor	NNP	1	JJ	1
outdoors	RB	2
outlet	NN	1
outlining	VBG	1
outlook	NNP	1
outs	NNS	1
outside	IN	3	NNP	1
outstanding	JJ	1
outta	NN	2
outweighs	NNP	1
oven	NN	1
over	IN	19	RB	1
overall	RB	1
overground	NN	1
overheard	NNP	1
overlap	VB	1
overly	RB	1
overplays	NNS	1
overreacting	VBG	1
overwhelmed	NNP	1	VBN	1
ovulei	NN	1
owed	VBD	1
own	JJ	5
owned	NNP	1
owner	NN	2
owners	NNS	2
p	NN	23
pa	NNP	1	NN	1
pablo	NN	1
pac	NNP	1
pace	NN	2
pacific	NNP	1
packages	NNS	1
packaging	NN	2
packed	NNP	1	VBN	1
packing	VBG	2
pacman	NNP	1
page	NN	11
pages	NNS	1
pain	NN	2
painted	VBN	1
painting	NN	2
paintings	NNS	1
paire	NN	1
pakistan	NNP	1
pal	NN	1
palm	NNP	1
palo	NNP	1
panamera	NNP	1
panda	NNP	1
panel	NN	3
panic	NN	1
panned	VBN	1
pants	NNS	1
papa	NN	1
paper	NN	5	NNP	1
papers	NNP	1
par	NN	1
parents	NNS	7
paris	NNP	3
park	NNP	7	NN	1
parmesean	NN	1
parrot	NN	1
part	NN	6	NNP	2
parteibuch	NNP	1
particip	NN	1
parties	NNS	4
partner	NN	1
party	NN	8	NNP	3
pass	VBP	1	NNP	1	NN	1
passed	VBD	2
passenger	NN	1
passion	NNP	3
past	JJ	3	NN	1
paste	NN	1
pasture	NN	1
patch	NNP	1
path	NN	1
pathology	NN	1
patience	NN	1
patient	NN	3	NNP	1
patrick	NNP	1
patriots	NNPS	1
pats	NNP	1
paul	NNP	2
pause	NN	1
paustin	NN	1
paw	NN	1
pay	VB	2
pbeaulieu	NN	1
pc	NN	2
pcm	NN	1
pcs	NNS	1
pda	NNP	1
peace	NN	4	NNP	1
peak	NN	1
peek	NNP	1	NN	1
peer	VBP	1
pen	NN	1
penis	NNS	1
pensando	NNP	1
people	NNS	23
people-strategist	JJ	1
pepper	NN	1
per	IN	2
perception	NN	1
perennials	NNS	4
perfect	JJ	5	NNP	2
performance	NN	3
perhaps	RB	2
periodic	JJ	1
perkhidmatan	NN	1
perlin	NNP	2
person	NN	5
personal	JJ	2
personality	NN	2
perspective	NN	1
persuaded	VBN	1
perv	NN	1
pesce	NNP	1
pet	NN	1
peta	NNP	2
petecarroll	NNP	1
peter	NNP	2
petersantilli	NNP	1
petrol	NN	1
pettersen	NNP	1
pf	NNP	1
pfpfpf	NN	1
pgillin	NN	1
pharmacy	NNP	1
phb	NNP	1
phenomenally	RB	1
phenomenology	NN	1
phew	NN	1
phil	NNP	2
philad	NNP	1
philippines	NNPS	1
philly	NNP	3
philo	NN	1
phishing	VBG	1
phoenix	NNP	3
phone	NN	8
photo	NN	5	NNP	1
photographs	NNS	1
photoimpact	NNP	1
photomatix	NNP	1
photos	NNS	2
photoshop	NNP	1
php	NNP	1
physically	RB	1
physorg	NN	1
piano	NN	1
pic	JJ	1
pick	VB	2	NN	2	VBP	1
picked	VBD	1
picket	NN	1
picks	VBZ	1
pickup	NN	1
pickups	NNP	1
pics	NNS	2
pict	NN	1
picture	NNP	3	NN	2
pictures	NNS	2	NNP	1
pie	NN	1
piece	NN	1
pieces	NNS	1
piehole	NN	1
pigtailed	JJ	1
pijacych	NN	1
pill	NN	1
pillow	NN	2
pillowfight	NN	1
pin	NN	1
pink	NNP	1
pirated	VBN	1
pirates	NNP	3	NNS	1
piratpartiet	NNP	2
pistachio	NNP	1	NN	1
pit	NN	1
pizossibly	RB	1
pizza	NNP	3	NN	2
pks	NNP	1
pla	NN	1
place	NN	7
placed	VBN	2
placer	NN	1
places	NNS	2	NNPS	1
plan	NN	7	NNP	1	VBG	1
plane	NN	1
planet	NNP	1
planning	NNP	2
plans	NNPS	2	NNS	1
planting	VBG	1
plants	NNS	1
plate	NNP	1	NN	1
platform	NNP	1	NN	1
platforms	NNS	1
platinum	NN	1
play	NNP	5	VB	5	VBP	2	NN	1
played	VBD	2
player	NNP	1	NN	1
playin	NN	1
playing	VBG	26	NN	1
playlist	NN	1
plea	NN	1
pleads	NNS	1
pleasant	NNP	1
please	VB	9
pleased	JJ	1
pleasure	NN	1
pleaze	NN	1
plenty	NN	3
pls	NNP	2
plug-in	JJ	1
pluggin	NN	1
plugin	NN	3
pluging	VBG	1
plugins	NNP	1
plus	CC	1	NNP	1
plw	NN	1
plz	NNP	1
pm	NN	14
pms	NNP	1
pocast	NN	1
pocket	NN	1
podcast	NN	4
podcasts	NNP	1	NNS	1
poetic	JJ	1
poetry	NN	1
point	NN	3
pointed	VBD	1
points	NNPS	1
poison	NN	1
police	NNP	2	NN	2
policemans	NNS	1
policy	NN	1
political	JJ	1
politics	NNS	2
poll	NN	1
pols	NNS	1
pond	NN	6	NNP	1
ponder	VBP	1
pondering	VBG	1
ponet	NN	1
pono	NN	1
pontificator	NNP	1
pool	NN	2	NNP	1
pooped	JJ	1
poor	JJ	1
pop	NNP	1
pope	NNP	1
popular	NNP	1
popularity	NN	2
pori	NNP	1
pork	NN	4
porsche	NNP	1
portable	NNP	1
pos	NNS	1
posed	VBN	1
poses	VBZ	1
posing	VBG	1
position	NNP	1
positive	JJ	1
poss	NNS	1
possible	JJ	3
post	NN	15	VB	2	NNP	2
post-	NNP	1
posted	VBN	11	VBD	4
poster	NN	1
posters	NNS	1
posting	VBG	4
postmark	NN	1
postrank	NN	1
posts	NNS	2
potatoes	NNS	1
potential	JJ	1
potluck	NN	1
potter	NNP	1	NN	1
potts	NNP	1
pound	NN	1
pour	VB	1
poverty	NN	1
powell	NNP	1
power	NNP	5	NN	3
powered	VBN	1
powerful	JJ	1
powertwitter	NN	1
pownce	NNP	1
pozytywce	NNP	1
pp	NNP	1
ppb	NNP	1
ppl	NN	2
pr	NNP	4	NN	2
practical	NNP	1
practice	VB	1	NN	1
practiced	VBD	1
practicing	VBG	1
prank	NNP	1
prawn	NN	2
pray	NN	1
prayers	NNS	1
praying	VBG	1
pre-pay	JJ	1
preach	VB	1
predictably	RB	1
predicted	VBN	1
predictions	NNS	2
prefer	VBP	1
preferably	RB	1
pregnant	JJ	1
preictably	NNP	1
premarital	NN	2
premiere	NN	1
prentice	NNP	1
prepare	VB	2
preparing	VBG	1
preps	NNS	1
prescott	NNP	1
preseason	NN	1
present	JJ	1
presentation	NN	3
presently	RB	1
presents	VBZ	1
presidency	NN	1
president	NNP	2	NN	2
press	NN	3	NNP	2
pressured	JJ	1
presumed	NNP	1
pretty	RB	9	NNP	1	JJ	1
prevailing	VBG	1
preview	NNP	1
previous	JJ	1
previously	RB	2
price	NN	2
prices	NNS	3
primarily	RB	1
prince	NNP	1
principles	NNPS	1
print	VB	1
printed	VBD	1
printer	NN	2
prints	NNP	1
priore	NN	1
prism	NNP	1
privacy	NN	1
pro	FW	2
probably	RB	7
problem	NN	3
problems	NNS	1
process	NNP	1	NN	1
procrastinating	VBG	1
procreate	NN	1
producing	VBG	1
product	NN	2	NNP	1
production	NN	2
productive	JJ	1
products	NNS	1
prof	NN	1
professional	JJ	1
professor	NN	2
profile	NN	4	NNP	1
profit	NN	1
profound	JJ	1
proftpd	NN	1
program	NNP	2	NN	2
programs	NNP	1
progress	NNP	1	NN	1
progressive	JJ	1
prohiphop	NNP	1
proiud	NN	1
project	NN	8	NNP	2	VBP	1
projection	NN	1
projects	NNS	2
prom	NNP	1
promise	NN	2
promises	VBZ	1
promo	NN	1
proof-of-work	JJ	1
properly	RB	2
properties	NNS	1
property	NNP	1	NN	1
proposal	NN	1
prosperbydesign	NNP	1
protest	NN	3	VB	1
protesters	NNP	1
protests	VBZ	1
proud	JJ	1
prove	VB	1
proven	JJ	1	VBN	1
proverb	NNP	1
proverbial	JJ	1
provocative	JJ	1
ps	NNS	1
pseudo	NN	1
psychotic	JJ	1
pt	NNP	1
pti	NNP	1
pts	NNP	1
pub	NN	2
public	JJ	3	NN	1
publication	NNP	1
publishing	VBG	1
puke	NN	1
puking	VBG	1
pulaski	NNP	1
pulled	JJ	1
pumkin	NNP	1
pumping	VBG	1
pun	NN	1
punishment	NN	1
punk	NNP	1
puppy	NN	2
purged	VBN	1
purple	JJ	2
purples	NNS	1
pushing	VBG	2
pussycat	NN	1
put	VB	7	VBD	1
putra	NNP	3
putrid	NN	1
puts	VBZ	2
putting	VBG	1
puzzle	NN	1
pwnd	NNP	1
q	NN	1
qb	NNP	1
qedwiki	NN	1
qotd	NNP	1
qs	NNP	1
quad	NN	1
quality	NNP	1	NN	1
quantum	NN	1
quarter	NN	2
quarter-final	JJ	1
quartet	NN	1
que	NN	1
quebec	NNP	1
quentin	NNP	2
quesadillas	NNS	1
question	NN	3
quick	JJ	1
quickest	JJS	1
quicksilver	NNP	1	NN	1
quid	NN	1
quietly	RB	1
quinoa	NN	1
quit	VB	1	VBD	1
quite	RB	3
quits	VBZ	1
quitting	VBG	1
quiz	NN	1
quote	NN	2
quotes	NNS	1
quoting	VBG	1
r	LS	5	NNP	1	NN	1
race	NN	1
rachel	NNP	1
racial	JJ	2
racism	NN	2
racketball	NN	1
racquetball	NNP	1
rad	NNP	1
radicals	NNP	1
radio	NN	3
radiohead	NN	1
radiology	NN	1
rag	NN	1
rails	NNPS	6	NNS	4
rain	NN	6	VB	1
raining	VBG	3
rainy	NN	1
raised	VBN	1
raising	VBG	2
raisins	NNS	1
raking	VBG	1
raley	NNP	1
rally	NN	1
ram	NN	1
ramsey	NNP	1
randolph	NNP	1
random	NNP	1	JJ	1
randomly	NNP	1
randomness	NNP	1
rangers	NNPS	1
ranks	NNS	1
rant	NN	1
rapid	JJ	1
rascal	NN	1
raser	NNP	1
rate	NN	1
rates	VBZ	1	NNS	1
rather	RB	5
rathman	NNP	8
ratings	NNS	1
rationalize	VB	1
ravi	NNP	1
raw	JJ	1
ray	NNP	1
razor	NNP	1
rca	NNP	1
re	NNP	4	NN	2
re--	JJ	1
re-formating	NNP	1
re-learning	JJ	1
reach	VB	2	NNP	1
reaction	NN	1
read	NNP	5	VB	2	NN	2	VBP	1	VBG	1	VBD	1	VBN	1
reader	NN	1
readers	NNS	2
reading	VBG	32	NN	8
readme	NN	1
ready	JJ	10
reagan	NNP	2
real	JJ	14	NNP	3
real-time	JJ	1
realise	NN	1
reality	NN	1
realizations	NNS	1
really	RB	30
realm	NN	1
realness	NNP	1
realtime	NN	2
reason	NN	3	NNP	2
reasons	NNS	2
reasor	NNP	1
rebels	NNP	2
rebuild	VB	1
rec	NN	1
receive	VBP	1
received	VBD	2
recent	JJ	4
recession	NN	2
recessionary	NNP	2
recipe	NNP	1
recipes	NNS	1
reckon	NNP	1
recliner	NN	1
recognized	VBN	1
recommendation	NNP	1	NN	1
recommended	NNP	1
reconnect	VB	1
record	NNP	1	NN	1
recording	NNP	1
recover	VB	1
recovering	VBG	2
recovery	NN	2
recruit	NNP	3
recruiting	VBG	2
recycle	VB	1
recycling	NN	1
red	NNP	10	JJ	7
redbull	NNP	1
redeyechicago	NN	1
redirecting	VBG	1
redman	NNP	1
references	NNS	2	NNP	1
reflecting	VBG	1
reform	NN	1
refuse	VBP	1	NN	1
regan	NNP	1
regardless	RB	1
regents	NNP	2
reggae	NN	1
regional	NNP	1
regionalism	NN	1
register	NNP	1
registering	VBG	1
registration	NNP	1
regret	NN	1
regretting	NNP	1
regs	NNS	1
regularly	RB	1
rehearsal	NN	1
related	VBN	1	VBD	1
relation	NNP	1
relationship	NN	2
relationships	NNS	6
relative	JJ	1	NN	1
relaxing	VBG	4
relay	NNP	1
release	NNP	1	NN	1
released	VBN	4	VBD	1
releases	NNS	1
relenos	NNS	1
relent	NNP	1
relevant	JJ	1
relief	NN	1
religion	NN	1
religious	JJ	1
remaining	VBG	1
remake	VB	1
remarking	VBG	1
remember	VB	7
remembered	VBD	1
rememvberd	NNP	1
reminder	NN	2
reminds	VBZ	1
remixes	NNP	1
remodel	NN	1
remote	NNP	1
remove	VB	1
removed	VBD	1
removing	NNP	1
renaissance	NNP	1
rename	VB	1
rental	JJ	1
renunciando	NN	1
repair	NN	1
repeat	NN	1
replace	VB	1
reply	VB	1	NN	1
report	NNP	3	NN	3
reported	VBN	1
reporter	NN	2	NNP	1
reporting	NNP	1	VBG	1
reports	NNPS	1	NNS	1
repository	NN	1
repotting	VBG	1
repressed	JJ	1
reps	NNP	1
reptile	NNP	1
republicander	NNP	1
reputation	NN	1
reqcode	NNP	1
requests	NNS	1
required	NNP	2
requires	VBZ	2
requisition	NNP	1
reruns	NNS	1
rescession	NN	1
rescue	VB	1
rese	NNP	1
research	NNP	11	NN	1
researcher	NNP	1
researchers	NNS	1
researching	NNP	1	VBG	1
resending	VBG	1
reset	NNP	1
residency	NNP	1
resistance	NN	1
resolutions	NNS	1
resort	NNP	1	NN	1
resorts	NNPS	1
resources	NNS	1
resp	NN	1
response	NNP	1	NN	1
responsibility	NN	1
rest	NN	5
resting	NNP	1
reston	NNP	3
restrictions	NNS	1
result	NN	1
results	NNS	6	NNP	1
resume	NNP	1
resurrecting	VBG	1
retarded	JJ	1
retention	NN	1
retention-	NNP	1
retreat	NNP	1
retro	NNP	2
retromodo	NNP	1
return	VB	1
returning	VBG	1
retweet	NNP	2	NN	1
reunion	NN	1
reunited	VBN	1
reuters	NNP	1
revelation	NNP	1
reverse	VB	1
reverted	VBN	1
review	NNP	3
reviving	VBG	1
revolutionaries	NNS	1
reward	VB	1
reyes	NNP	1
rhino	NN	1
rhpritchard	NN	1
ri	NN	1
richard	NNP	1
richmond	NNP	3
rid	JJ	1	VBN	1
ride	NN	4	NNP	2
ridiculous	NNP	1	JJ	1
riding	VBG	1
rifkind	NNP	1
righ	NN	1
right	NN	8	RB	6	JJ	4	NNP	1
right-wing	JJ	2	NNP	1
rightgirl	NNP	1
rights	NNS	3
rightwing	VBG	1
rihanna	NNP	1
ring	VB	1
ringing	NN	1
ringl	NNP	1
rings	NNS	1
ringtone	NN	1
rio	NN	2
ripple	NNP	1
rise	NN	1
rising	VBG	1
risk	NN	2
risks	NNS	1
rn	NNP	2
ro	NN	1
roadhouse	NNP	1
roadmap	NN	1
roadtrip	NN	1
roanoke	NNP	1
robber	NN	1
robert	NNP	1
robinson	NN	1
robot	NN	1
rock	NN	2	NNP	1
rocked	VBN	1
rocker	NN	1
rocketboom	NNP	1
rockin	NN	2
rocks	NNS	2
roi	NNP	1
roky	NNP	1
rolling	VBG	1
rollingstone	NN	1
romania	NNP	2
romanus	JJ	1
rome	NNP	2
ron	NNP	1
room	NN	5	NNP	2
root	NN	2
rory	NNP	2
rosanne	NNP	1
rose	NNP	1
rospars	NNP	1
rotate	VB	1
roth	NNP	1
round	VBP	1	NNP	1	NN	1
rovaniemi	NNP	1
row	NN	1
rowland	NNP	2
royals	NNP	1	NNS	1
rspec-installed	NNP	1
rss	NNP	4	NNS	2
rt	NNP	95
rubbing	VBG	1
ruby	NNP	6	NN	1
rugby	NN	2
rule	NN	2
rum	NN	1
rumor	NNP	1
rumors	NNS	2
run	NN	3	VBN	1
run-	NNP	1
runner	NN	1
running	VBG	7
runs	VBZ	2
runway	NNP	2
rural	NNP	1
rush	NNP	1
russell	NNP	1
russian	NNP	1
rwanda	NNP	1
ryanaraine	NN	1
ryukyu	NNP	1
s	VBZ	19	NNP	5
sa	NNP	1	NN	1
sabrina	NNP	2
sachs	NNP	1
sack	NN	1
sad	JJ	1
saddest	NNP	1	NN	1
sadistic	JJ	1
sadly	RB	1
sae	NNP	1
safari	NN	1
safe	NNP	1	NN	1
safest	JJS	1
safety	NN	1
sahabat	NN	1
said	VBD	10	VBN	1
sailing	NN	1
saints	NNP	3
saja	NN	1
salad	NN	1
salam	NNP	2
sale	NN	1
salem	NNP	1
sales	NNS	2
salesforce	NNP	1
salvador	NNP	1
salvage	VB	1
sam	NNP	1
same	JJ	6
sami	NNP	1
sammi	NNP	2
sample	NN	1
san	NNP	5	NN	1
sanctions	NNS	1
sand	NN	1
sandwich	NN	4
sandwiches	NNS	1
sanjay	NNP	1
sans	NNS	2	FW	1
santa	NNP	1	NN	1
sanuzis	NNS	1
sar	NNP	1
sara	NNP	1
sarah	NNP	1
sarcasm	NN	1
sarcastic	JJ	1
sarcasticmomlc	NNP	1
sassy	JJ	1
satc	NNP	1
saturda	NNP	1
saturday	NNP	4
sauce	NNP	1
save	VB	2
savin	NN	1
savonlinna	NNP	1
saw	VBD	2	NNP	1
say	VB	6	VBP	5
saya	NNP	1	NN	1
saying	VBG	3
says	VBZ	13
sb	NNP	1
sbs	NNP	3
sc	NNP	1
sc-talk-show	NNP	1
scaffold	NNP	1
scalp	NN	1
scares	VBZ	1
scenario	NN	1
sched	JJ	1
schedule	VB	1	NN	1
schedule-makers	JJ	1
scheduled	VBN	1
schedules	NNS	1
schmidt	NNP	1
scholarly	JJ	2
scholarship	NNP	1
school	NN	7	VB	2	NNP	2
schools	NNS	1
sci-fi	JJ	1
science	NN	3	NNP	2
scintillating	VBG	1
scorches	NNS	1
scotland	NNP	1
scrabulous	NNP	1	JJ	1
scramble	NN	1
scrambling	VBG	1
scratch	NN	1
screams	VBZ	1
screen	NN	1
screening	NN	2
screenings	NNP	1
screenplay	NN	2
screwdrivers	NNS	1
screwup	NN	1
script	NN	1
scripting	NNP	1
scrivere	NNP	1
sd	NNP	1
sdk	NN	1
se	NNP	2
sea	NNP	1
seamlessly	RB	1
sean	NNP	1
search	NNP	13	NN	4
searching	VBG	1
searchlight	NNP	1
season	NN	7
seat	NN	1
seaweed	JJ	1
second	JJ	4	NNP	1
secondary	JJ	1
secondlife	NN	1
secret	JJ	2	NN	2
secretly	RB	1
secrets	NNP	1
section	NN	2
secure	VB	1
securely	RB	1
security	NN	1
securitytwits	NNS	1
sedar	NNP	1
see	VB	32	NNP	6	VBP	3
seeing	VBG	1
seek	VBP	1
seeking	VBG	2
seeks	VBZ	1
seem	VB	3	VBP	1
seemingly	RB	1
seems	VBZ	9
seen	VBN	2
sees	VBZ	1
sega	NNP	1
seizes	NNS	1
select	NNP	1
selected	VBN	1	VBD	1
selection	NN	1
self	NN	2
self-interest	NN	1
seller	NN	1
sem	NN	1
semanar	NN	2
semester	NNP	1
semi-manual	NNP	1
seminar	NN	2	NNP	1
semua	NN	1
senate	NNP	4
senator	NNP	1
send	VB	12
sending	NNP	4	VBG	4
senior	NNP	2
sense	NN	3
sent	VBD	2	VBN	2
seo	NNP	3
separate	JJ	2
ser	NN	1
serendipitous	JJ	1
sergeant	NN	1
serial	NN	2
series	NN	1
serious	JJ	3
seriously	RB	3	NNP	1
serve	VBP	1
server	NN	3	NNP	1
servers	NNP	1
service	NN	3	NNP	1
services	NNPS	1
servitude	NN	1
sesame-street	JJ	1
session	NN	4
sessions	NNP	1	NNS	1
set	VBN	3	NNP	1	VBD	1
sethisis	NNS	1
seto	NNP	1
sets	NNS	1
setting	VBG	8
settings	NNS	1
settle	VBP	1
settled	VBN	1
setup	NNP	1
several	JJ	1
severe	JJ	2
sex	NN	2
sexuality	NNP	1
sexxy	NNP	1
sexy	JJ	1
sf	NNP	1
sgp	NN	1
shade	NN	1
shake	VB	1
shakes	VBZ	1
shakeup	NN	1
shaking	VBG	1
shall	NNP	2	MD	1
shame	NNP	1
shankar	NNP	1
shape	NN	2
share	VB	2
shared	JJ	1
sharepoint	NNP	1
shares	NNS	1
sharing	VBG	3
sharks	NNP	1
sharma	NNP	1
sharon	NNP	1
shave	VB	1
shaved	VBN	1	VBD	1
shaw	NN	1
shawl	NN	1
she	PRP	12
sheeeeeesh	NNP	1
sheep	NNP	1	NN	1
shellyroche	NN	1
shepard	NNP	1
sheree	NN	1
sherk	NNP	1
shifts	NNS	1
shines	NNS	2
shirt	NN	6
shirted	JJ	1
shirts	NNS	1
shit	NN	6	NNP	2
shiv	NNP	1
shoes	NNS	2
shook	VBD	1
shoot	VBP	1
shooting	NNP	1
shop	NN	2
shopping	NN	8
short	NNP	2	JJ	2
shortage	NN	2
shorten	VB	2
shortened	VBN	1
shorter	JJR	2
shortly	RB	1
shot	NN	2
shotted	JJ	1
should	MD	23
shoulda	NNP	1
show	NN	5	NNP	2	VB	1
shower	VB	1
showered	JJ	1
showing	VBG	2	NN	1
shows	VBZ	8	NNS	1
shoyu	NN	1
shrek	NN	1
shrugged	VBD	1
shut	VB	3	VBD	2	NNP	1
siblings	NNS	1
sick	JJ	6	NNP	1
sickness	NNP	1
siebel	NNP	1
sigh	NNP	2
sight	NN	1
sighting	VBG	1
sign	NN	2	NNP	1
signage	NN	1
signal	NNP	1
signaling	VBG	1
signals	NNP	1
signed	VBD	3	VBN	1
significant	JJ	2
signing	NNP	5	VBG	3
signs	NNS	1
silence	NN	1
silent	NNP	1
silky	NNP	1
silver	NN	1
silversun	NNP	1
similar	JJ	1
simon	NNP	3
simple	JJ	3	NN	1
simply	RB	2
simpson	NNP	1
since	IN	6
sincerely	NNP	1
sing	VBP	1
singapore	NNP	2
singer	NNP	1	NN	1
singing	VBG	3	NN	1
single	JJ	2
sissors	NNS	1
sister	NN	2
sit	VB	1
site	NN	9	NNP	2
sites	NNP	2	NNS	2
sitting	VBG	15
six	CD	3
size	NN	1
skating	VBG	1
sked	JJ	1
sketchy	JJ	2
skid	VB	1
skilled	JJ	1
skills	NNS	3
skipped	VBD	1
skips	NNP	1
skitzzo	NN	1
skoll	NNP	1
skrocki	NNP	3
skulduggery	NNP	1
skull	NN	1
sky	NN	1
skydrive	JJ	1
skype	NNP	4	NN	1
slab	NN	1
slam	VBP	1
slay	VBP	1
sleek	JJ	1
sleep	VB	8	NN	1
sleeping	VBG	6
sleepy	JJ	2
sleet	NN	1
slipping	NNP	1
slips	VBZ	1
sloppy	JJ	1
slot	NN	1
sloth	NN	1
slow	JJ	3
slowly	RB	1
slows	NNP	1
sluggish	JJ	1
sm	NNP	1
small	JJ	6
smart	JJ	1
smeargate	NNP	1
smile	NN	1
smith	NNP	1	NN	1
smoked	VBD	1
smoooooth	NNP	1
smooth	JJ	2
smoothie	NN	1
sms	NNP	2
snaek	NNP	1
snicker	NN	1
sniffles	NNS	1
snort	NN	1
snow	NN	2	NNP	1
snowing	VBG	1
snug	NN	1
so	RB	61	IN	14	NNP	1
soaking	VBG	1
sobule	NNP	1
soc	NN	1
soccer	NN	1
social	NNP	14	JJ	8
socialize	VB	1
societal	NN	1
society	NNP	1
sofa	NN	2
soft	JJ	2
softball	NN	2
software	NN	2	NNP	1
sol	NNP	1
solar	NNP	2
sold	VBN	2
soldier	NNP	1
soldiers	NNS	1
solid	NNP	1
solo	NN	1
solution	NN	2
somali	JJ	1
somalia	NNP	1
some	DT	44
somebody	NN	3
somehow	RB	1
someone	NN	10
something	NN	11
sometimes	RB	1
somewhere	RB	1
son	NN	1
song	NN	8
songs	NNS	5
songsmith	NNP	1
sony	NNP	1
soo	NN	2
soon	RB	9
soothing	NNP	1
soprano	NN	1
soros	NNP	1
sorry	JJ	11
sort	NN	1
sorted	VBN	1
sorting	VBG	2
sound	NN	2	VB	1	NNP	1
sounds	VBZ	3
soundscan	NNP	1
source	NN	3	NNP	1
sourceforge	NN	1
sources	NNS	1
sources-	NN	1
sourcing	NNP	3
south	RB	2	NNP	2
southoz	NNP	1
sox	NNP	2
space	NN	4	NNP	2
spacey	NNP	1
spare	JJ	1
sparse	NN	1
sparta	NN	1
speachless	JJ	1
speak	VBP	2
speakerphone	NNP	2
speaks	VBZ	1
special	JJ	6
specially	RB	1
specifically	RB	1
spector	NNP	1
speech	NN	2	NNP	1
speeds	NNS	1
speier	NNP	1
spellbinding	VBG	1
spelling	VBG	2
spelt	NN	1
spend	VB	1
spending	VBG	2	NN	1
spent	NNP	1	VBD	1	VBN	1
spiced	JJ	1
spin	VB	1
spindaily	RB	1
spine-tingling	JJ	1
spinning	JJ	3
spiralling	VBG	1
spirit	NN	2	NNP	1
split	NN	1
spm	NNP	1
spock	NNP	1
spoiled	VBD	2
spongebob	NNP	1
sponsor	VB	1
sporadically	RB	1
sport	NNP	1
sporting	VBG	1
sports	VBZ	2	NNPS	1	NNS	1
spot	NN	3
spotting	VBG	1
sprain	NN	1
spread	VBP	1	NNP	1
spreads	NNS	1
spreadsheet	NN	3
spree	NN	1
spring	NN	4	NNP	2
springfield	NN	1
springs	VBZ	1
sprint	NNP	1
sqeuazing	VBG	1
sql	NNP	1
square	JJ	2
squash	NN	1
stabbing	VBG	1
stacey	NNP	1
stadium	NNP	2
staffers	NNS	1
stage	NN	4
stainless	NNP	1
stalker	NN	1
stalking	VBG	1
stalled	VBD	1
stand	VBP	1	VB	1
standers	NNS	1
standing	VBG	1
stanger	NN	1
star	NNP	6
starandbucwild	NN	1
starbies	NNS	1
starbucks	NNP	4	NNS	1
staroflondon	NN	1
stars	NNS	2
start	VB	6
started	VBN	1	VBD	1
starter	NNP	1
starting	VBG	3
startup	NN	2
state	NNP	6	NN	1
statehood	NN	1
states	NNPS	9
stating	VBG	1
station	NNP	1	NN	1
statue	NN	1
status	NNP	3
stay	VB	3	NNP	3	NN	1
staying	VBG	1
ste-	NNP	1
steal	VB	1
steel	NN	1
stelde	NN	1
step	NN	5	VB	2
stephanie	NNP	1
stephen	NNP	2
steve	NNP	3
stewart	NNP	1
sticking	VBG	1
stijn	NNP	1
stiletto	NNP	1
still	RB	23
sting	NN	1
stink	VBP	1
stock	NNP	2
stone	NN	1
stop	VB	4	NN	1
stopped	VBD	1
stops	VBZ	1
stopthepikehike	NNP	1
storage	NN	1
store	NN	4
stories	NNP	1	NNS	1
storm	NN	1
storms	NNS	1
story	NNP	4	NN	3
story-telling	JJ	1
straight	NNP	1	JJ	1
strain	NNP	1
strange	JJ	5
stranger	NN	1
strategic	NNP	1
strategies	NNS	1
strategy	NN	1
strawberrys	NNS	1
straydog	NN	1
streamline	NNP	1
street	NN	3	NNP	1
streetlights	NNS	2
streets	NNPS	1
strength	NN	1
stress	NN	2
stretched-out	JJ	1
strike	NN	1
strikes	NNS	1
string	NNP	1
stripped	VBN	1
stroke	NN	1
strom	NN	1
struggling	NNP	1
stubby	NNP	1
stuck	VBN	4	NNP	2
student	NN	3	NNP	1
students	NNS	1
studio	NN	2
studios	NNS	1
study	NN	3	VBP	1	NNP	1
studyin	NN	1
studying	VBG	5	NNP	3
stuff	NN	12
stuffed	VBN	1
stumble	VB	1
stumbled	NNP	1
stupid	JJ	2
style	NN	6
stylehive	JJ	1
stylist	NN	1
stylus-	NNP	1
subject	NN	1
submarino	NN	1
submerged	JJ	1
submission	NNP	1
submit	NNP	1
subscribe	NNP	2	VB	1
success	NN	1
successful	JJ	1
such	JJ	6
suck	NN	1
sucker	NN	1
suckin	NN	1
sucks	NNP	1
sudafed-still	JJ	1
sudbury	NNP	1
sudden	NNP	1
sues	NNS	1
sugar	NNP	1	NN	1
suggested	VBD	1
suggesting	VBG	1
suggestion	NN	1
suhweet	NN	1
suit	VB	1	NNP	1	NN	1
suite	NNP	1
sulking	VBG	1
summer	NNPS	2	NN	2
summit	NNP	1
summits	NNP	1
sums	NNP	1
sun	NN	6	NNP	3
sundance	NNP	2
sunday	NNP	3
sung	VBN	2
sunny	NNP	2	JJ	1
sunshine	NN	5
super	JJ	4	NNP	2
superbug	NN	1
supper	NNP	1	NN	1
support	NN	6	VB	3	VBP	1
supporting	VBG	3
supports	VBZ	2
suppose	VBP	1
supposedly	RB	1
supreme	NNP	1
supreme-host	JJ	1
suprising	VBG	1
sur	NNP	1
sure	JJ	7	RB	2
surfboard	NN	1
surfin	NN	1
surfing	VBG	3
surgeons	NNS	1
surgery	NN	1
surprise	NN	1
surprised	VBD	1
surprisingly	RB	1
surrounds	NNP	1
survey	NN	1
surveyors	NNP	1
susan	NNP	9
susanboyle	NN	1
sushi	NN	1
suspended	VBD	1
suspension	NN	1
suv	NNP	1
svn	NN	1
swahili	NNP	1
swam	NN	2
swarm	NN	1
sweating	VBG	1
sweaty	JJ	1
sweden	NNP	1
sweet	NNP	4	JJ	2
sweetie	NN	2
swimming	NN	3
switch	VBP	1	VB	1	NNP	1
switched	VBN	1	VBD	1
switches	NNS	1
switching	VBG	1
sydney	NNP	1
syndrome	NN	1
synth	NNP	1
system	NN	5
systems	NNPS	3
t	NN	13
t-	NNP	1
t-shirt	NNP	2
t-shirts	JJ	1
table	NNP	2
tablet	NNP	1
tacate	NNP	1
tag	NNP	1	NN	1
tagging	VBG	1
tahu	NN	1
tail	NNP	1
tak	NN	1
take	VB	17	VBP	5
taken	VBN	3
takes	VBZ	5
taking	VBG	10
talent	NNP	5	NN	1
talk	VB	2	NN	2
talked	VBD	1
talking	VBG	12
talks	NNS	3
tally	NN	1
tamworth	NNP	1
tank	NN	1
tapi	NN	1
taptcp	NNP	1
tarantino	NNP	2
tarde	NN	1
target	NNP	1	VB	1	NN	1
targeting	VBG	1
tarp	NNP	1
tasks	NNS	1
taste	VB	1	NN	1
tastes	NNS	2
tasty	JJ	1
tate	NNP	1
tatiana	NNP	1
tattoo	NNP	1	NN	1
tax	NN	8	NNP	1	VB	1
taxation	NN	1
taxes	NNS	2
tb	NN	1
tbd	NNP	4
tcot	NN	14	NNP	5
tea	NNP	6	NN	6
teabag	NN	1
teabagging	VBG	4
teacher	NN	1
teachers	NNS	2
teaching	NN	1
team	NN	7	NNP	1
teams	NNS	1
teaparty	NN	9	NNP	1
tearing	NNP	1
teaser	NN	1
teasers	NNP	1
tebow	NNP	1
tech	NN	2
techmechanic	NNP	1
technical	JJ	2
techniques	NNP	1
technolene	NN	1
technologies	NNPS	1
technology	NN	1
ted	NNP	1
tedious	JJ	1
tedtalks	NNP	1
teen	NNP	1
teenage	JJ	1
teenager	NN	1
teksystems	NNP	2
telapia	NNP	1
teleconf	NNP	2
tell	VB	6	VBP	1
tells	VBZ	2	NNP	1
telstra	NNP	1
temperature	NN	1
ten	CD	2
tennant	NNP	1
tennessee	NNP	1
tennis	NNP	1
teraace	NN	1
terms	NNS	1
terrace	NNP	1
terrible	JJ	2
terrified	VBN	1
test	NN	8	NNP	4
tested	NNP	1	VBN	1
testimonial	JJ	1
testing	NNP	7	NN	4	VBG	3
tevee	NN	1
tevin	NNP	1
texas	NNP	3
text	NN	1
texts	NNS	1
th	NN	2	NNP	1
tha	NNP	1
thailand	NNP	1
than	IN	22
thank	VB	6	NNP	1
thankful	JJ	1
thanks	NNS	21
thanx	NN	2	NNP	1
that	IN	65	DT	52	WDT	26
thats	NNP	1
the	DT	692
theatre	NNP	1
thecrowds	NNP	1
thehillers	NNS	1
their	PRP$	12
them	PRP	21
theme	NNP	1
themed	VBN	1
themediaisdying	VBG	1
themselves	PRP	1
then	RB	21
thenascarfiles	NNS	3
theology	NNP	1
theonion	NNP	1
theory	NNP	1	NN	1
therapy	NN	1
there	EX	26	RB	7	NNP	2
theres	NNS	1
therock	NNP	13
these	DT	10
thesis	NN	1
theworkbuzz	NNP	1
they	PRP	35
thing	NN	15
things	NNS	15
think	VBP	28	VB	8
thinkgeek	NN	1
thinkig	NNP	1
thinking	VBG	6	NNP	3	NN	3
thinks	VBZ	5
third	NNP	1
this	DT	97
thisis	NNP	3
thissss	NNP	1
thom	NNP	1
thomas	NNP	4
those	DT	12
though	IN	5
thought	VBD	10
thoughts	NNP	3	NNS	2
threat	NN	1
threats	NNS	1
three	CD	11
threw	VBD	1
thriller	NN	1
thro	NN	1
throat	NN	2
through	IN	10
throw	VB	2
thru	NN	2
thu	NNP	1
thundercats	NNP	1
thursday	NNP	3
thus	RB	1
thx	NNP	1	NN	1
tibet	NN	1
tibetan	NNP	1
tibetans	NNP	1
ticketed	VBN	1
tickets	NNS	2
tie	VB	1
tigers	NNS	1
til	NN	1
tim	NNP	1
timbaland	NNP	1
time	NN	41	NNP	4
timer	NN	1
times	NNS	5	NNP	4
timetoast	NN	1
tingling	VBG	1
tiny	JJ	1
tinyurl	NN	1
tips	NNP	1
tired	JJ	6	NNP	1
tis	NNS	2
tissues	NNS	1
tivoed	JJ	2
tix	NN	2
tlot	NN	2
tm	NN	1
to	TO	615
tobacco	NN	1
today	NN	42	NNP	3
toddschager	NNP	1
todoist	NNP	1
toed	JJ	1
tof	NN	1
tofu	NNP	1
together	RB	5
toilet	NNP	1	NN	1
told	VBD	4	VBN	2
tolong	NN	1
tomorrow	NN	20
tonig	NN	1
tonight	NN	13	NNP	6
tonite	NN	3
tons	NNS	1
tonyloyd	NNP	1
too	RB	31
took	NNP	1	VBD	1
tool	NN	3	NNP	1
toolkit	NN	1
tools	NNS	2
top	JJ	6	NNP	1	NN	1
topic	NNP	2	NN	2
topics	NNS	1
torrentfreak	NNP	1
torrents	NNS	1
torture	VB	1
toshiba	NNP	1
totally	RB	4
touches	NNS	1
tough	JJ	2
tour	NNP	4	NN	2	VB	1
tourism	NNP	1
towards	IN	1
tower	NNP	1
town	NN	1
toxic	JJ	1
tpds	NNS	2
tra	NNP	1
track	NN	2	VBP	1	NNP	1
tracking	VBG	2	NN	1
tracks	VBZ	2
trade	NNP	1	NN	1
trader	NNP	1
trading	NNP	6	VBG	1
traffic	NN	7
traffickers	NNS	1
trail	NN	1
trailer	NNP	1	NN	1
trailers	NNP	1
train	NN	7	NNP	1
training	NN	10	NNP	2
trait	NNP	1
trance	NNP	3	NN	2
transfer	VB	1	NN	1
transit	NNP	1	NN	1
transitions	NNS	2
transpo	NN	1
travel	NN	5	NNP	3	VBP	1
travels	VBZ	1	NNS	1
traversal	NN	1
treadmill	NNP	1
treasury	NN	1
treat	NN	1
treating	VBG	1
treatment	NN	1
treats	VBZ	1	NNP	1
tree	NN	2
trek	NNP	1
tremor	NN	1
trench-evrythng	JJ	1
trend	NN	1
tribune	NNP	1
tribute	NN	1
trick	NN	1
tried	NNP	1	VBN	1	VBD	1
trip	NN	6
trips	NNS	2	NNP	1
trish	NNP	1
trouble	NN	2
troubles	NNS	1
trout	NNP	4
truck	NN	1
true	JJ	3
truly	RB	2
trumps	NNS	1
trust	NNP	1
truste	NN	1
trusty	NN	1
truth	NN	1
truths	NNS	1
try	VB	5	VBP	1	NN	1
trying	VBG	24
tu	NN	1
tubes	NNS	1
tuesday	NNP	3
tuesdays	NNPS	1	NNS	1
tuition	NN	1
tumblr	NN	1
tuna	NNP	1
tuned	NNP	1
tuning	NNP	1
turbotax	NN	1
turkey	NN	5
turkeys	NNS	1
turn	VB	2	NN	2
turner	NNP	1
turning	VBG	1
turnpike	NN	1
turns	VBZ	6
tv	NN	26	NNP	1
tv-turner	JJ	1
tweens	NNP	1
tweet	NN	6	NNP	3
tweetdeck	NNP	5
tweetmeme	NN	1
tweets	NNS	9	NNP	2
twenty	CD	1
twhirl	NN	1
twiiter	NNP	1
twirl	NN	1
twist	NN	2
twitalyzer	NNP	1
twitbin	NN	1
twitpic	JJ	1
twitted	JJ	1
twitter	NN	61	NNP	38
twitter-fam	NNP	1
twitterholics	NNS	1
twitterim	NN	1
twittering	VBG	2
twitterlings	NNP	2
twitters	NNP	1	NNS	1
twittersphere	NN	1
twitting	NNP	1	VBG	1
twittr	NNP	1
twizzler	NNP	1
two	CD	14
two-day	JJ	1
twttr	NN	1
ty	NNP	1
tyler	NNP	1
type	NN	6
typed	VBN	2
typeface	NN	3
types	NNS	1
typical	JJ	1
typically	RB	1
typing	VBG	1
typos	NNS	1
tyranny	NNP	1	NN	1
u	NN	11	NNP	4
uae	NNP	1
ub	NNP	2
ubuntu	NNP	1
uf	NNP	1
ug	NNP	1
ugh	NNP	1	NN	1
uh	NNP	1	UH	1
uh-oh	JJ	1
ui	NNP	1
uie	NN	1
uk	NNP	1
ulster	NNP	1
ultimate	JJ	2
ultimately	RB	1
ultra-skinny	JJ	1
um	UH	1
umbrella	NN	1
un	NNP	2
una	NN	1
unacceptable	JJ	1
unanimous	JJ	1
unbelievable	JJ	1
uncensoring	NNP	1
uncle	NNP	2
unconfirmed	NNP	1
under	IN	2
underestimate	NN	1
underground	NNP	1
undersea	NN	1
understand	VB	3	VBP	1
undignified	JJ	1
une	NN	2
unemployment	NN	2
unfamiliar	JJ	1
unfollow	NN	1
unfollowing	VBG	1
unfortunately	RB	1
unhappiness	NN	1
union	NN	1
unique	NNP	1
unit	NN	2
united	NNP	10
unity	NN	1
univ	NNP	1
universal	NNP	1
universe	NNP	1	NN	1
univesit	NNP	1
unknown	JJ	1
unleashed	VBD	1
unlike	IN	1
unlikely	JJ	1
unm	NNP	1
unplugged	JJ	1
unreliable	JJ	1
unscientific	NNP	1
unsuccessful	JJ	1
unsuccessfully	RB	1
untested	JJ	1
until	IN	4
up	RP	51	RB	27	IN	6	NN	1
upa	NNP	1
upcom	NN	1
update	VB	3	NN	3	NNP	2
updated	VBN	3	NNP	1
updates	NNS	4	NNP	2
updating	VBG	7	NNP	1
upon	IN	2
uppercut	NNP	1
uproariously	RB	1
ups	NNP	1
upside	RB	1
ur	NN	1
urban	JJ	1
urge	NN	1
url	NN	108
us	PRP	10	NNP	6
usa	NNP	1
usability	NN	1
usb	NNP	1
usd	NNP	1
use	VB	9	NN	6	NNP	2	VBP	1
used	VBN	1
user	NN	1
users	NNS	3
uses	VBZ	1
using	VBG	7
usual	JJ	1
usually	RB	1
utah	NN	1
utility	NNP	1	NN	1
utterly	RB	1
utube	NN	1
v	NNP	1	NN	1
v-box	NNP	1
v-machine	NNP	1
v-rack	NNP	1
va	NNP	8
vacation	NN	1
vachon	NNP	1
vague	JJ	1
valentine	NN	3
valeriestevens	NNP	1
validating	VBG	1
valley	NNP	1
valleywag	NNP	1
valued	VBN	1
valve	NN	1
vampire	NNP	1
van	NNP	2	NN	1
vanilla	NN	1
variety	NNP	2
vatican	NNP	1
vb	NNP	1
ve	NN	1
vegas	NNP	8
vegetarian	NN	1
vehicle	NNP	1
veis	NNS	1
velocity	NNP	1
vencedores	NNP	1
venes	NNS	1
venho	NN	1
venti	NN	2	NNP	1
venture	NN	1
venue	NN	1
venus	NNP	1
verdade	NN	1
verizon	NNP	1
vernal	NN	1
verry	NNP	1
version	NN	2
vertigo	NN	1
very	RB	23
vessel	NN	1
vest	NN	1
veut	NN	1
vhqc	NNP	1
via	IN	15
vibrator	NN	1
victor	NNP	5
video	NN	16	NNP	8
videos	NNP	2
view	NNP	1
viewers	NNS	1
vignes	NNP	1
vim	NNP	1
vincent	NNP	1
vinegar	NN	1
vintage	NNP	1	NN	1
violations	NNP	1
violence	NN	2	NNP	1
virginia	NNP	1
virtua	NNP	1
virtual	JJ	2
virtue	NN	1
vision	NNP	1
visit	VB	3	NN	3
visiting	VBG	1
visitors	NNS	1
visits	VBZ	1	NNS	1
vista	NN	4	NNP	1
vistronix	NNP	1
visua	NNP	1
visualized	NNP	1
vita	NN	1
vitale	NNP	1
vivisimo	NNP	1
vnc	NNP	1	NN	1
vod	NNP	1
vodpod	NNP	2
vogue	NNP	1
voice	NN	3
voiceless	NNP	1
voices	NNS	1
volpi	NNP	1
volt	NNP	1
vonnie	NNP	1
voor	NN	1
vote	VB	2
votes	NNS	2
votos	NNS	1
vp	NNP	2
vs	NNS	3	NNP	1
vw	NNP	1
w	NN	8	NNP	2
wa	NNP	2	NN	2
waaaaaaaay	NN	1
wabbit	NN	1
wacky	JJ	1
wahm	NNP	1
wahooooo	NN	1
waist	NN	1
wait	VB	5	VBP	2	NN	1
waited	VBD	1
waiting	VBG	8	NNP	6
waitng	NN	1
wake	NN	1
wakeupwithdougk	NNP	1
waking	NNP	1	VBG	1
wales	NNS	1
walgreens	NNS	1
walk	VBP	2	NN	1
walkabout	NN	1
walked	VBD	1
walker	NNP	1
wall	NN	5	NNP	1
wallet	NN	1
walsh	NNP	1
wamu	NNP	1
wandering	VBG	1
wang	NNP	1
wangling	VBG	1
wanna	VB	1
want	VBP	15	VB	4	NNP	1
wanted	VBN	1	VBD	1
wanting	NNP	1	VBG	1
wants	VBZ	7	NNP	3
wardrobe	NNP	1
warga	NN	1
warm	JJ	3	VB	2
warning	NN	2
warped	JJ	1
warren	NNP	1
wars	NNP	1
warzone	NN	1
was	VBD	47
wash	NN	1
washington	NNP	1
waste	NN	1
wasting	NN	2
watch	VB	9	NNP	4
watchdog	NNP	1	NN	1
watched	NNP	1	VBN	1
watchfiremusic	JJ	1
watching	VBG	50	NNP	1
water	NN	3	VB	1
watered	VBD	1
watering	NN	1
watershed	NNP	1
wave	NNP	1
way	NN	23	NNP	3
ways	NNS	1
we	PRP	57
wealth	NN	1
wear	VB	1
wearable	NNP	1
wearing	VBG	2
weasel	NN	1
weather	NNP	7	NN	4
web	NN	18	NNP	11
web-development	JJ	1
webapps	NNS	1
webeo	NNP	1
webex	NN	1
webinar	NN	5	NNP	1
weblog	NNP	1
webpage	NN	1
webpart	NN	1
website	NN	10	NNP	4
websites	NNS	1
wed	NNP	1
wedding	NN	2
wednesday	NNP	1
wee	NN	1
weeee	NN	1
weeeeeeeeeeeeeeeeeeeeeeeeeeeeeeeeeeeeeeeeeeeeeeee	NNP	1
week	NN	12	NNP	1
weekend	NN	7	NNP	2
weekly	NNP	1	JJ	1	NN	1
weeks	NNS	8
weighs	VBZ	1
weight	NNP	2
weird	JJ	1
weirdly	RB	1
wel	NN	2
welcome	VB	5	JJ	2
well	RB	20
welsh	NNP	1	NN	1
wendyshanahan	NNP	1
wenger	NNP	1
went	VBD	8
weqxmusic	JJ	1
were	VBD	8	NNP	1
werner	NN	1
west	NNP	3	NN	2
westchester	NN	1
wet	JJ	1
what	WP	55	WDT	2
whatcha	NN	1
whatever	WDT	1
whats	NNS	2
wheelchair	NN	1
wheels	NNS	1
when	WRB	29
whenever	WRB	3
where	WRB	14
whether	IN	4
whew	NNP	1
which	WDT	7
whil	NN	1
while	IN	5	NN	4
whip	NN	2
whipped	VBN	1
whipping	VBG	1
white	JJ	4	NNP	3
whitneyhess	NNS	1
who	WP	31
whole	JJ	4
wholeheartedly	RB	1
whom	WP	1
whoo	NNP	1
whoops	NNP	1
whos	NNS	1
why	WRB	42
wich	NN	1
wide	NNP	1	JJ	1
widget	NN	1
widgets	NNS	3
wife	NN	1
wifi	NN	3	NNP	2
wii	NNP	6	NN	1
wiimote	NN	1
wikipedia	NNP	1
wild	JJ	3	NNP	2
wildsingapore	NN	1
wilkins	NNP	1
wilkinson	NNP	1
will	MD	59
williamsburg	NNP	1
willy	NNP	1
wimax	NNP	1
win	VB	7	NNP	2	NN	1
wind	NN	1
winding	NNP	1
window	NN	1
windows	NNP	2	NNS	1
windowside	NN	1
winds	NNP	7
windy	NN	1
wine	NN	4
wing	NN	1
wings	NNS	2
wink	NN	2
winner	NN	3
winning	VBG	1
wins	VBZ	2
winter	NNP	2	NN	1
wire	NNP	1
wired	NNP	2
wireframes	NNS	1
wireless	NNP	2	JJ	2
wirelessly	RB	1
wish	VBP	6
wishes	VBZ	1
wishing	NNP	1
wishlist	NNP	1
wisin	NNP	1
wit	NN	1
with	IN	113	RP	1
within	IN	1
without	IN	8
witness	NN	1
wizards	NNP	1
wloszczowa	NNP	1
wnw	NNP	2
wo	MD	3	NNP	1
woes	NNS	1
woke	VBD	2
wolves	NNS	1
woman	NN	4
women	NNS	3	NNP	2
won	VBD	2
wonder	VBP	2
wondering	VBG	9	NNP	3
wonka	NNP	1
wont	NN	1
woo	NNP	1
woodward	NNP	1
woof	NNP	1
wooohooo	NNP	1
woooohooo	NNP	1
woot	NN	1
word	NN	6	NNP	1
wordpress	NNP	2	NNS	1
words	NNS	2
wordt	NN	1
wore	VBD	1
work	NN	43	VB	18	VBP	1
worked	VBD	2	VBN	1
workflows	NNS	1
workforce	NNP	1
working	VBG	33	NNP	13
workout	NN	1
workplace	NNP	1
works	VBZ	7	NNP	1	NNS	1
workshop	NN	1
world	NN	14	NNP	5
world-class	JJ	1
worm	NNP	1
worries	NNS	1
worrying	VBG	1
worse	JJR	1
worship	NN	1
worshiping	VBG	1
worst	JJS	2
worth	JJ	4	NNP	1	NN	1
woud	NN	1
would	MD	22
wow	UH	7	NNP	3
wrapping	VBG	1
wreaking	VBG	1
wrist	NN	2
write	VB	9
writer	NN	1
writes	VBZ	1
writing	VBG	6
written	VBN	1
wrong	JJ	7
wrote	VBD	3
wsj	NNP	1
wtf	NNP	1
wtg	NN	1
wut	NN	1
wuth	NN	1
wwf	NNP	1
www	NN	1
x	SYM	9	NNP	6
xbox	NNP	1
xd	NN	2
xsl	NNP	1	NN	1
xy	NNP	2
y	NNP	4
ya	PRP	4	NNP	2
ya-ha	NNP	1
yaaa	NN	1
yaaaaaaay	NN	1
yaay	NN	2
yahoo	NNP	3
yandel	NNP	1
yang	NN	1
yankee	NNP	1
yankees	NNPS	1
yanni	NNP	1
yard	NN	1
yardwork--	JJ	1
yda-discuss	JJ	1
ye	NN	1
yeah	UH	14
year	NN	16	NNP	2
year-old	JJ	1
yearly	JJ	1
years	NNS	12
yeeeeeeears	NNS	1
yeeha	NNP	1
yeh	NN	1
yell	VB	1
yep	NNP	1
yes	UH	14	NNP	1
yesterday	NN	8
yet	RB	4
yidish	NNP	1
yipeeeeee	NN	1
yoga	NN	1
york	NNP	6
yorkshireman	NNP	1
you	PRP	194
young	NNP	1	JJ	1
your	PRP$	65
yours	NNP	1
yourself	PRP	1
youth	NN	1
youtube	NN	2	NNP	1
youuuu	NN	1
yr	NN	2
yrs	NNS	1
yu	NNP	1
yuletide	NNP	1
yum	NN	2	NNP	1
yuo	NN	1
yup	NN	1
yusuf	NNP	1
z	SYM	1	NNP	1
zac	NNP	1
zappos	NNP	1
zdrowie	NN	1
zealous	JJ	2
zeitgeist	NNP	1
zeropaid	NN	1
zeros	NNS	1
zhena	NNP	1
zig	NNP	1
ziglar	NNP	1
zinc	NN	1
zippys	NNS	1
zoetrope	NN	1
zombiepocalypse	NNP	1
zomg	NNP	1
zoo	NN	1
zooey	NNP	1	NN	1
zoom	NNP	1
zoomi	NNP	2
zootoo	NNP	1
zoya	NNP	1
zzzzzzzzzzzz	NN	1
zzzzzzzzzzzzzzzzz	NN	1
{	(	1
|	NN	35
}	)	1
~	NN	15
£	NN	2
§	NN	4
©	NN	5
ª	NN	7
¬	NN	38
®	NN	5
°	NN	3
±	NN	3
´	NN	1
äã	NN	1
äãjudith	NN	1
äî	NN	2
äôt	NN	1
äû	NN	4
üarkƒ	NN	1
üƒ	NN	1
‚	NN	11
†	NN	9
™	NN	1
∏	NN	8
√	NN	17
∞	NN	4
∫	NN	4
≈	NN	2
≠	NN	1
≥	NN	1
