!	.	23
"	''	89
$	$	2
&	CC	5
'	POS	42	''	40
'd	MD	2	NNP	1
'll	MD	7
'm	VBP	4
're	VBP	4
's	POS	149	VBZ	43	PRP	1
've	VBP	4
(	(	141
)	)	142
+	NN	1
,	,	1471
-	:	19
--	:	10
.	.	1003
/	NN	12
0	CD	1
000	CD	6
01867	CD	1
070	CD	1
1	CD	7	LS	1
10	CD	1
100	CD	4
101	CD	1
11	CD	1
112	CD	1
113	CD	1
114	CD	2
115	CD	1
116	CD	1
12	CD	1
121	CD	1
123	CD	2
14	CD	2
15	CD	4
150	CD	1
151	CD	1
16	CD	2
17	CD	2
1790	CD	1
1832	CD	1
1846	CD	1
1870	CD	1
1873	CD	1
1880	CD	2
1890	CD	1
1898	CD	2
19	CD	4
1904	CD	1
1905	CD	2
1910	CD	1
1914	CD	1
1916	CD	1
1922	CD	1
1930	CD	2
1931	CD	1
1934	CD	3
1936	CD	1
1939	CD	1
1940	CD	3
1945	CD	1
1946	CD	1
1948	CD	2
1956	CD	1
1958	CD	1
1961	CD	1
1962	CD	1
1968	CD	1
1970	CD	1
1971	CD	1
1973	CD	2
1974	CD	1
1975	CD	1
1978	CD	2
1982	CD	1
1983	CD	1
1988	CD	4
1989	CD	1
1992	CD	4
1993	CD	1
2	CD	4	LS	1
2-to-1	CD	1
20	CD	5
200	CD	1
21	CD	2
22	CD	7
23	CD	3
236	CD	1
24	CD	3
25	CD	5
2500	CD	1
2600	CD	1
28	CD	1
2800	CD	1
29	CD	1
30	CD	4
313	CD	1
32	CD	1
33	CD	1
34	CD	1
38	CD	1
39	CD	1
399	CD	1
4	LS	2	CD	1
40	CD	3
42	CD	1
45	CD	1
463	CD	1
470	CD	1
49	CD	2
5	CD	2	LS	1
50	CD	1
500	CD	1
52	CD	1
57	CD	1
5818	CD	1
6	CD	3
60	CD	4
63	CD	1
6500	CD	1
7	CD	4
70	CD	1
78	CD	2
8	CD	2
80	CD	1
800	CD	1
83	CD	1
90	CD	2
:	:	101
;	:	58
=	SYM	3
?	.	37
[	NN	41
]	NN	41
`	``	43
a	DT	489	NNP	1
aa	NN	1
aaf	NNP	1
abbey	NN	1
abc	NNP	2
ability	NN	2
able	JJ	4
abort	NN	1
abortion	NN	17
abortions	NNS	7
abounds	VBZ	1
about	IN	69
abroad	RB	1
absence	NN	3
absent	JJ	2
absentee	NN	1
absolute	JJ	4
abstracts	NNS	1
absurd	JJ	1
absurdly	RB	1
academy	NN	1
académie	NNP	1
accenting	VBG	1
accept	VBP	1	VB	1
acceptance	NN	2
accepted	VBD	1
accepts	VBZ	3
access	NN	2
acclaimed	JJ	1
accommodating	VBG	1
accompanying	VBG	1
accomplish	VB	1
accomplishment	NN	1
accorded	VBD	1
according	VBG	8
account	VB	1	NN	1
accountable	JJ	1
accounts	NNS	2
accuracy	NN	2
accurate	JJ	2
accurately	RB	1
accusation	NN	1
accused	VBN	1
achievements	NNS	1
achilles	NNP	1
acknowledge	VB	3	VBP	1
acknowledged	VBN	2
acquaintance	NN	1
acquire	VB	1	NN	1
acquired	VBN	3	VBD	2
acquisition	NN	3
acrobat	NN	1
across	IN	3
act	NNP	3	NN	1
action	NN	3
activity	NN	2
actual	JJ	1
acute	JJ	1
ad	NNP	2
add	VB	2	VBP	1
adding	VBG	1
addison-	NNP	1
addition	NN	1
additional	JJ	3
addresses	NNS	1
adds	VBZ	1
adherents	NNS	1
adhering	VBG	1
adj	NN	2
adjectives	NNS	2
adjunct	NN	1
admirable	NNP	1	JJ	1
admire	NN	1
admitted	VBD	1	VBN	1
adolescent—and	NN	1
adonais	NNP	1
adopted	VBN	1
adult—	NN	1
advancement	NN	1
advancing	VBG	1
advantageous	JJ	1
adventurous	JJ	1
adverbs	NNS	1
advice	NN	1
advised	VBN	1
advises	VBZ	2
aerial	JJ	1
aesthetics	NNS	1
affairs	NNS	1
affected	VBN	3
affecting	VBG	1
affliction	NN	1
afforded	VBN	1
africa	NNP	2
after	IN	23
afternoon	NN	1
again	RB	11
against	IN	14
age	NN	5
agents	NNPS	1
agnodice	NNP	1
ago	RB	7
agree	VB	3	VBP	1
agreed	VBN	1
agrees	VBZ	1
agricultural	JJ	1
agriculture	NN	2	NNP	1
ah	NN	1
ahead	RB	2
aid	NN	1
aide	NN	1
aided	VBN	1
aim	NN	1
aimed	VBD	1
air	NNP	2	NN	1
airfield	NN	2
airline	NN	1
airplane	NN	1
airways	NNS	1
alan	NNP	2
alas	NNP	1
alba	NNP	1
albanian	NNP	1
albeit	IN	1
albert	NNP	2
albright	NNP	2
alcohol	NN	1
alignment	NN	1
alive	JJ	3
all	DT	45	PDT	12
all-around	JJ	1
allan	NNP	1
allegations	NNP	1	NNS	1
alleging	VBG	1
allegorical	JJ	1
allegorically	RB	1
allen	NNP	2
alleviating	VBG	1
allow	VB	3	VBP	1
allowance	NN	1
allowed	VBD	1	VBN	1
allowing	VBG	1
allows	VBZ	1
allusion	NN	1
almanac	NNP	1	NN	1
almost	RB	6
alone	RB	5
along	IN	4
alongside	IN	1
alphabet	NN	2
alphabets	NNS	1
already	RB	7
also	RB	20
alternating	VBG	1
alternatives	NNS	1
although	IN	11
always	RB	8
am	VBP	13
amazing	JJ	1
ambassador	NN	1
ambushed	VBD	1
amelia	NNP	2
amended	VBN	1
america	NNP	5
american	NNP	12	JJ	9
americans	NNPS	2
ammunition	NN	1
among	IN	12
amount	NN	3
amounts	VBZ	1
ample	JJ	1
amputating	VBG	1
amsel	NNP	1
amusing	JJ	3
an	DT	109
analyses	NNS	1
analyst	NN	1
analyzes	NNP	1
anatolia	NNP	2
anatolian	NNP	1
ancestors	NNS	1
ancient	JJ	9
ancillary	JJ	1
and	CC	479
and--full	JJ	1
andrew	NNP	1
anecdotes	NNP	1
angeles	NNP	2
anglo-	NNP	1
angry	NNP	1
animal	NN	2
annie	NNP	1
annual	JJ	1
another	DT	17
answer	NN	1
antecedent	NN	3
antedates	NNS	1
anterior	NN	1
anthropologist	NN	1
anthropologists	NNS	1
anticipation	NN	1
antipodean	NNP	1
antony	NNP	2
anxious	JJ	1
any	DT	30
anybody	NN	1
anyone	NN	3
anything	NN	4
anyway	RB	1
aol	NNP	6
apart	RB	3
apartheid	NN	1
aphrodisiac	NN	1
apologizes	VBZ	1
apology	NN	1
apparent	JJ	1
apparently	RB	3
appeal	NN	2
appear	VB	4
appearance	NN	2	NNP	1
appeared	VBN	2	VBD	1
appears	VBZ	5
applied	VBN	1
apprehension	NN	1
apprehensive	JJ	1
approached	VBN	1
approaching	VBG	1
approximate	JJ	1
approximately	RB	1
apuleius	NNP	1
arab	JJ	6	NNP	2
arab-manufactured	NNP	1
arab-owned	NNP	1
arabia	NNP	1
arabic-speaking	NNP	1
arabs	NNPS	6	NNS	1
arafat	NNP	3
arch	NN	2
archaelogy	NNP	1
archaeological	JJ	2
archaeologist	NN	1
archaeologists	NNS	1
archaeology	NNP	3	NN	3
archbishop	NNP	1
are	VBP	116	NN	3
area	NN	4
areas	NNS	4
argue	VBP	1
argued	VBD	2
argument	NN	2
arguments	NNS	3
ariel	NNP	1
arise	VBP	1
arises	VBZ	2
armenian	JJ	1
arms	NNS	2
army	NN	2	NNP	1
around	IN	3
arrangement	NN	1
array	NN	1
arresting	VBG	1
arrogance	NN	2
art	NN	1
arthur	NNP	1
article	NN	7
articles	NNS	2
artifact	NN	1
artifacts	NNS	1
artist	NN	1
artist--played	JJ	1
as	IN	118	RB	10	JJ	1
ashcroft	NNP	1
aside	RB	1
ask	VBP	1
asked	VBD	9	VBN	1
asks	VBZ	3
asleep	RB	1
aspect	NN	1
aspects	NNS	2
ass	NNP	1	NNS	1
asses	NNS	1
assess	VBP	1	VB	1
assessing	VBG	1
assigned	VBN	2
assignment	NN	1
assimilable	JJ	1
associate	JJ	1
associated	VBN	3
associations	NNS	1
assume	VB	2	VBP	1
assured	VBN	2
astonishing	JJ	2
astronomer	NN	1
astronomy	NN	1
at	IN	58	NNP	1
ate	VBD	1
atlas	NNP	1
atom	NN	1
attack	NN	1
attacks	NNS	1
attempt	NN	1
attempting	VBG	1
attempts	NNS	1
attend	VB	2
attendant	NN	2
attention	NN	5
attested	JJ	1
attire	NN	1
attitudes	NNS	1
attributable	JJ	1
august	NNP	1
australia	NNP	6
australian	NNP	2	JJ	2
australians	NNPS	1
authentic	JJ	1
author	NN	9
authoritative	JJ	1
authoritatively	RB	1
authority	NNP	3	NN	1
authors	NNS	7	NNP	1
authorship	NNP	1
autumn	NNP	2
available	JJ	5
avena	NNP	1
avoid	VB	2
avowal	NN	1
awake	JJ	1
awakened	VBN	1
awakens	NNS	1
awarded	VBN	1
awarding	VBG	1
aware	JJ	2
away	RB	5
awful	JJ	1
b	NNP	5	NN	1
babies	NNS	5
baby	NN	4
babylon	NNP	1
back	RB	17	VB	1	NN	1
backs	VBZ	1
bad	JJ	6
badge	NN	1
bag	NN	2
bagel	NN	1
bairn	NN	1
balance	NN	2
balanced	JJ	1
balderdash	NN	1
balfour	NNP	1
ball	NN	2
ball-park	JJ	1
ballmer	NNP	1
balls	NNS	5
baltoslavic	NNP	1
ban	NNP	1	NN	1
bandwagon	NN	1
bank	NNP	1
banned	VBN	1
banning	NNP	1	VBG	1
bantu	NNP	1
baptism	NN	2
bard	NNP	1
barely	RB	2
barman	NN	1
barracks	NN	1
barrel	NN	1
barring	VBG	1
barringer	NNP	1
bars	NNS	1
bartenders	NNS	1
base	NN	2	VBP	1	NNP	1
based	VBN	8
bashevis	NNP	1
basic	JJ	2
basis	NN	1
basque	NNP	1
bass	NN	3
basso	NN	1
bathe	NNP	1
bathroom	NN	1
battle	NN	1
bay	NNP	1
bc	NNP	4
be	VB	110
be--certainly	JJ	1
beans	NNS	1
bear	VB	2	NN	2
beasts	NNS	1
beating	NN	2	VBG	1
beautiful	JJ	4
beauty	NN	1
became	VBD	5
because	IN	21	RB	1
beckett	NNP	1
becks	NNS	1
becky	NNP	1
become	VBN	5	VB	3	VBP	1
becomes	VBZ	1
becoming	VBG	1
bed	NN	2
bedclothes	NNS	1
bedside	NN	1
been	VBN	35
befall	VBP	1
before	IN	13	RB	1
began	VBD	2
begin	VB	1
beginning	NN	2	VBG	2
begun	VBN	1
behalf	NN	2
beheld	NN	1
behind	IN	3	RB	1
behold	NN	1
behooves	NNS	2
being	VBG	19
beings	NNS	1
being—a	NN	1
belief	NN	1
belies	NNS	1
believe	VB	4	VBP	3
believed	VBN	1
believers	NNS	1
believes	VBZ	1
bells	NNP	1
belmaine	NNP	2
belong	VBP	1
below	IN	1
ben	NNP	1
benefited	VBD	1	VBN	1
bennett	NNP	1
benny	NNP	1
benson	NNP	1
bent	NN	1
bere	NNP	1
bernice	NNP	1
besides	IN	1
bessie	NNP	3
best	JJS	4
best-known	JJS	1
bestowed	VBN	1
bet	NN	1
beth	NNP	1
betrays	NNS	1
better	JJR	4	NNP	2	RBR	1
better-educated	JJ	1
better-known	JJ	1
between	IN	23
bewail	NN	1
beware	VB	1
bi-unique	JJ	1
bias	NN	1
biased	VBN	1
bible	NNP	2
biblical	NNP	1	JJ	1
bibliography	NNP	2
big	JJ	2	NNP	1
bill	NNP	7	NN	3
billion	CD	2
bills	NNS	1
biographical	JJ	1
biography	NN	1
biological	JJ	1
biology	NN	1
birds	NNS	4
birmingham	NNP	1
birthday—meaning	VBG	1
birthplace	NN	1
bit	NN	4
bitterly	RB	1
blabbermouth	NN	1
black	NNP	6	NN	1
blackest	JJS	1
blair	NNP	1
blame	VBP	1	VB	1	NN	1
blamed	VBN	1
blames	VBZ	1
blasts	NNS	1
blazer	NN	1
bleak	NNP	3
blenkinsop	NNP	1
blithely	RB	1
block	NNP	1
blonde	JJ	1
blood	NN	1
bloom	NN	1
bloomed	JJ	1
bloomfield	NNP	1
bloopers	NNS	1
blows	NNS	1
blues	NNP	3
blurb	NN	2
blush	NN	2
board	NNP	1	NN	1
boardroom	NN	1
boasted	VBD	1
bobbi	NNP	1
bobsleigh	NN	1
bodies	NNS	1
body	NN	3
boldly	RB	1
bolton	NNP	1
bomb	NN	2
bones	NNS	1
bonus	NN	2
book	NN	31	NNP	5
book--it	JJ	1
books	NNS	11
bookstore	NN	1
boosterish	NN	1
boots	NNS	1
booze	NN	1
bordering	VBG	1
bore	VBD	1
born	VBN	7
borne	VBN	1
borrowed	VBN	1
borrowing	NN	1
boss	NNP	1	NN	1
boston	NNP	1
both	DT	7
bottle	NN	1
bottle-shaped	JJ	1
bottom	NN	2
bought	VBD	2
bound	VBN	4
boundaries	NNS	1
boundary	NN	1
box	NN	1
boy	NN	2
boycott	NN	1
boys	NNS	1
brain	NN	1
brain-damaged	JJ	1
brains	NNS	1
brainy	NN	1
branch	NN	1
branches	NNS	1
brand	NN	1
brass	NN	5
breach	NN	1
break-through	JJ	1
breaking	VBG	1
breathe	VB	1
breathing	VBG	1
breathlessly	RB	1
breng	NNP	1
bride	NNP	3	NN	1
brief	JJ	4
bright	JJ	1
brightly	RB	1
brilliant	JJ	1
bring	VB	1
brings	VBZ	1
bristol	NNP	1
britain	NNP	7
british	JJ	7	NNPS	1
british-	NNP	1
british-born	JJ	1
brits	NNP	2
broached	JJ	1
broadcast	NN	3
broadcaster	NN	1
broaddrick	NNP	12
broadest	JJS	1
brook	NN	1
brooke	NNP	1
brooks	NNS	1
brother	NN	1
brothers	NNS	1
brought	VBN	4	NNP	1
brown	NNP	2	JJ	2
browning	NNP	1
browsing—even	NN	1
bruised	VBN	1
bucklaw	NNP	1
buddhism	NNP	1
buddhist	NNP	1
build	VB	1
building	NN	2
buildings	NNS	1
built	VBN	2	VBD	2
bull	NNP	1
bulldozer	NN	1
bullies	VBZ	1
bullshit	NN	1
bully	NN	1
bunched	JJ	1
burden	NN	2
bureau	NN	1
buried	VBD	1	VBN	1
buried—and	NN	1
burned	VBN	1
burr	NN	1
business	NN	2
businesses	NNS	1
but	CC	98
bute	NNP	2
butler	NNP	1
but—what	NN	1
buxom	NN	1
buyers	NNS	1
buying	VBG	1
by	IN	122
bygone	JJ	1
c	NNP	6	SYM	1
ca	MD	2
cabin	NNP	2
cabinet	NNP	1	NN	1
cable	NN	3
cachet	NN	1
cafeteria-style	JJ	1
cajoles	NNS	1
calculated	VBN	1
calculating	VBG	1
calcutta	NNP	1
california	NNP	1
call	NN	4	VB	3
called	VBN	11	VBD	7
caller	NN	1
calling	VBG	1
calls	VBZ	1
calm	NN	1
calvinist	NNP	1
came	VBD	9
campaign	NN	5	VB	1
campbell	NNP	6
can	MD	31
canada	NNP	2
candid	JJ	1
cannon	NN	1
cannons	NNP	1
cannot	NN	6
canon	NN	1
canterbury	NNP	1
canto	NNP	1
capable	JJ	1
capacity	NN	1
capital	NN	3	JJ	1
captivated	JJ	1
captures	NNS	1
card	NN	1
cards	NNS	1
care	VB	1	NN	1
cared	VBD	1
career	NN	1
careful	JJ	1
careless	JJ	1
caressing	VBG	1
carnegie	NNP	4
carol	NNP	1
carriage	NN	1
carried	VBN	2
carrying	VBG	2
carryover	NN	1
carville	NNP	1
case	NN	9	NNP	1	JJ	1
cases	NNS	4
casey	NNP	1
cash	NN	1
cash-crop	JJ	1
cashing	VBG	1
cassio	NNP	1
casterbridge	NNP	1
cat	NN	1
catalogue	NN	1
catch	NN	1
categorize	NN	1
categorizing	VBG	1
category	NN	1
caught	VBD	1	VBN	1
causation	NN	1
cause	VB	3
caused	VBN	1
causes	NNS	1
cavalier	JJ	1
cave	NN	1
caveat	NN	1
celebrated	JJ	1
celebrating	VBG	2
celebration	NN	2
celebrity	NN	1
celtic	NNP	1
central	JJ	2
centre	NNP	1
centuries	NNS	2
century	NN	8	NNP	2
ceremony	NN	1
certain	JJ	10
certainly	RB	7
certify	VB	1
cess	NNS	1
chair	NN	1
challenge	NN	1
chambers	NNP	1
champollion	NNP	1
chance	NN	5
change	NN	2
changed	VBD	2
changes	NNS	1
channel	NN	2
chao	NNP	1
chapter	NNP	18	NN	9
chapters	NNS	2
character	NN	1
characteristic	JJ	2
characterized	VBN	1
characters	NNS	5
charge	NN	3
charges	NNS	2
charity	NN	1
charles	NNP	1
chart	NN	2
charter	NN	1
charts	NNP	1
chat	VB	1
chattel	NN	1
chatterbox	NNP	14
chaucer	NNP	1
cheap	JJ	2
cheapening	VBG	1
cheaply	RB	1
check	NN	1
checkered	JJ	1
checkmate	NN	2
cheek-by-jowl	JJ	1
cheers	NNP	1
cheever	NNP	1
chief	NN	2	JJ	1
chiefly	RB	1
child	NN	3
children	NNS	3
chile	NN	2
chill	NN	1
chimbey	NN	1
chimbley	NN	1
chimdey	NN	1
chimley	NN	1
chimmock	NN	1
chimney	NN	1
chinese	JJ	3	NNP	1
chippy	NN	1
chisholm	NNP	1
choice	NN	2
choices	NNS	1
choosing	VBG	2
chop	VB	1
chosen	VBN	1
christ	NNP	1
christian	NNP	2
christian-	NNP	2
christianity	NNP	1
christmas	NNP	1
christopher	NNP	1
chucked	VBD	1
chuckle	NN	1
chuckled	JJ	1
chuckles	NNP	1
church	NN	3
chutzpa	NNP	1	NN	1
chutzpah	NN	1
chutzpanik	NN	1
circle	NN	4
circulation	NNP	1	NN	1
circumlocution	NN	2
circumstances	NNS	1
cisneros	NNP	1
cities	NNS	4	NNPS	1
citing	VBG	1
citizens	NNS	1
city	NN	2	NNP	1
civil	NNP	1	JJ	1
civil-	NNP	1
civilization	NN	3
civilizations	NNS	1
claiborne	NNP	3
claim	NN	3	VBP	2
claims	VBZ	1
clarinet	NN	1
clarity	NN	1
class	NN	2
classic	JJ	1	NN	1
classical	NNP	2
classification	NN	1
classified	VBN	1
clay	NN	2
clean	VB	1
clear	JJ	9
cleared	VBN	1	VBD	1
clearly	RB	2
clemens	NNP	1
cleopatra	NNP	1
cleveland	NNP	2
clever	JJ	2
clichés	NNS	1
client	NN	1
climax	NN	1
clinton	NNP	23
clinton-	NNP	1
clipping	VBG	1
clocks	NNS	1
close	VB	3	JJ	2
closely	RB	3
closer	JJR	1
closet	NN	1
clothing	NN	2
cloy	NN	1
club	NNP	1	NN	1
clumsy	JJ	1
clusters	NNS	1
co-author	NN	1
co-opting	JJ	1
coalition	NN	1
coast	NN	3
coasts	NNS	1
cock	NN	1
cockamamie	NN	1
cockamamy	NN	1
cocked	JJ	1
cocktails	NNS	1
coffee	NNP	1
coherence	NN	1
cohn	NNP	1
coincide	VB	1
coins	NNS	1
cold	JJ	2
coleridge	NNP	1
coll	NN	1
collaborate	VBP	1
collapsing	VBG	1
colleague	NN	1
collect	JJ	1
collection	NN	2
collections	NNS	1
college	NNP	1	NN	1
colleges	NNS	1
collision	NN	1
colonel	NNP	1
color	NN	1
colorful	JJ	1
column	NN	6
columns	NNS	2
combinations	NNS	1
come	VBP	2	VB	2	VBN	1
comes	VBZ	6
coming	VBG	2
command	VB	1
commanded	VBN	1
commando	NN	1
commands	NNS	2
comment	NN	5	VB	1
commentary	NN	1
commenting	VBG	1
comments	VBZ	1	NNS	1
commerce	NN	1
committed	VBN	1	VBD	1
common	JJ	7	NNP	1
commonly	RB	2
commonsense	NN	1
communication	NN	1
communities	NNS	2
commutative	JJ	1
commuter	NN	1
companies	NNS	5
companion	NNP	1
company	NN	2
company--whether	JJ	1
comparative	JJ	1
compares	VBZ	1
compels	VBZ	1
compensation	NN	1
competing	VBG	1
complaint	NN	1
complaints	NNS	1
complete	JJ	2
complex	JJ	3
complicated	VBN	1
compounds	NNS	2
comprehensible	JJ	1
comprehensive	JJ	1
compromise	NN	1
compuserve	NNP	1
computer	NN	3
computers	NNS	1
conceived	VBD	1
concept	NN	2
concepts	NNS	1
conceptually	RB	1
concern	NN	1
concerned	VBN	1
concerning	VBG	1
concerns	VBZ	1
concluded	VBD	1
concludes	VBZ	2
conclusion	NN	1
conclusions	NNS	1
concocting	VBG	1
condemned	VBN	1
condolence	NN	1
conducted	VBN	2	VBD	1
conference	NN	1
conferred	VBD	1
confession	NN	1
confidentially	RB	1
confides	VBZ	2
confiscated	VBN	1	VBD	1
confucian-	NNP	1
confused	VBN	1
confusion—pronoun-cedly	JJ	1
congeners	NNS	2
congenial	JJ	1
congress	NNP	1
connect	VB	1
connected	VBN	1
connection	NN	1
connotations	NNS	1
conquerors	NNS	1
cons	NNP	1
conscious	JJ	1
consecutive	JJ	1
consider	VB	2
considerable	JJ	2
consideration	NN	1
considered	VBN	1	VBD	1
considering	VBG	1
consisted	VBD	1
consistent	JJ	1
consistently	RB	1
consists	VBZ	2
console	VB	1
consonant	JJ	1
consonants	NNS	1
conspiracy	NN	1
constant	JJ	1
constantly	RB	1
constitutional	JJ	1
construction	NN	1
constructions	NNS	1
consulting	VBG	1
contact	NN	1
contain	VB	2	VBP	1
containing	VBG	2
contains	VBZ	4
contemporary	JJ	4
contends	VBZ	1
content	NN	2
contention	NN	2
context	NN	2
contexts	NNS	1
continually	RB	2
continue	VBP	1	VB	1
continues	VBZ	3
continuing	VBG	1
contractors	NNS	1
contrast	NN	1
contributed	VBN	1
contributing	VBG	1
contribution	NN	1
contributions	NNS	1
contrition	NN	1
control	VB	1
controlling	VBG	1
controversial	JJ	1
controversy	NN	2
convenient	JJ	2
conventional	JJ	3
conversations	NNS	1
convinced	VBN	2
convincing	JJ	1
cooperative	JJ	1
coppices	NNS	1
copy	NN	4
copy-proud	JJ	1
cornell	NNP	1
corner	NN	1
corporate	JJ	1
corps	NN	1
correct	JJ	1
correcting	VBG	1
correlated	JJ	1
correlates	NNS	1
correspondences	NNS	1
correspondent	NN	1
correspondents	NNS	1
corresponding	JJ	1
corroborate	VBP	1
corroborating	VBG	1
corroboration	NN	2
corymbus	NNP	1
costs	NNS	1
could	MD	19
count	NN	2
counted	VBD	2	VBN	1
counter-offers	JJ	1
counting	VBG	1
countless	JJ	1
countries	NNS	3
country	NN	5
countryside	NN	1
couple	NN	4
couplet	NN	1
courage	NN	1
course	NN	8
court	NN	7	NNP	5
coventry	NNP	1
cover	VB	1	NN	1
coverage	NN	4
covered	VBN	2	NNP	1	VBD	1
covers	VBZ	1
cracking	VBG	1
crane	NNP	1
cranking	VBG	1
crash	NN	1
creases	NNS	1
create	VBP	1	VB	1
created	VBN	4
creating	VBG	1
creation	NN	2
creations	NNS	2
creativity	NN	1
credence	NN	1
credit	NN	2
credited	VBN	1
creek	NN	3
creep	NN	1
crete	NNP	1
cried	JJ	1
cries	VBZ	1
crime	NN	3
cringing	VBG	1
cripplegate	NNP	1
crisis	NN	1
crisis--a	JJ	1
criteria	NNS	1
critical	JJ	2
criticism	NN	1
criticize	VB	1
crop	NN	1
crosbie	NNP	1
cross	NN	1
cross-country	JJ	1
cross-eyed	JJ	2
crossword	NN	1
crowd	NN	1
crowded	VBN	1
crucial	JJ	1
cruise	NNP	1
crumb	NN	1
crushed	VBN	1
cry	VBP	2
cryptic	JJ	1
crystallize	NN	1
cuddling	VBG	1
cuddly-feely	JJ	1
cudgelling	VBG	1
culture	NN	3
cultures	NNS	5
culture—	NN	1
cuneiform	NN	1
cure	NN	2
curious	JJ	1
curls	NNS	1
currency	NN	1
current	JJ	5	NNP	2
curse	NN	2
cursor	NN	1
curt	NN	1
cut	NN	1
cute	JJ	1
cutesy	NN	1
cuthbert	NNP	1
cuts	VBZ	1
cutting	VBG	1
cynde	NNP	1
cyrillic	NNP	1
céspedes	NNP	1
d	NNP	4
da-dat-dat-dah	JJ	1
da-de-da-de-da-de-dat-dat-dah	NNP	1	JJ	1
dah	NNP	4
daily	JJ	2
damage	NN	2
dame	NNP	1	NN	1
damned	RB	1
damp	VB	1
dance	NN	1
dances	NNS	1
danger	NN	1
danielides	NNP	1
danish	JJ	2
daschle	NNP	2
date	NN	1
dates	NNS	1
dating	VBG	1
daughter	NN	1
david	NNP	1
davidson	NNP	1
dawn	NN	1
day	NN	12	NNP	1
days	NNS	8
dazzling	JJ	1
dc	NNP	1
de	IN	1
dead	NNP	1	JJ	1
deal	NN	5
dealer	NN	2
dealing	VBG	2
deals	NNS	1
dealt	VBD	1
dear	RB	2
death	NN	2
deaths	NNS	1
debasement	NN	1
debatable	JJ	2
debate	NN	2
decades	NNS	2
decaying	VBG	1
decide	VB	1
decided	VBD	3	VBN	1
decidedly	RB	1
deciphered	JJ	1
deciphering	VBG	1
decision	NN	3
decisions	NNS	1
decisively	RB	1
declaration	NNP	1
declares	VBZ	1
decoded	JJ	1
decree	NN	2
decreed	VBN	1
deep	JJ	1
defeat	NN	2
defendant	NNP	2	NN	1
defenders	NNS	1
defense	NNP	1
defenses	NNS	1
deferred	VBN	1
defined	VBD	1	VBN	1
definition	NN	3
definitions	NNP	1	NNS	1
defy	VBP	1
deliberately	RB	3
delicate	JJ	1
delicately	RB	1
delicious	JJ	1
delight	NN	1
delightful	JJ	1
delivered	VBN	2
delivery	NN	1
deluge	NN	1
demands	NNS	1
democratic	JJ	2
democrats	NNPS	1
demonstrate	VB	1
demonstrating	VBG	1
denies	VBZ	1	NNP	1
denominate	NN	1
dense	JJ	1
department	NNP	1
depend	VBP	1
depends	VBZ	3
deplored	JJ	1
deployment	NN	1
depressions	NNS	2
derivation	NN	1
derivations	NNS	1
derives	VBZ	2
derogatory	JJ	1
des	NNP	1
descended	VBD	1
describe	VB	5
described	VBN	1
described--solemnly--as	JJ	1
describes	VBZ	6
describing	VBG	3
description	NN	3
descriptive	JJ	2
descriptive—of	NN	1
descriptivism	NN	1
desdemona	NNP	2
desert	NN	4
deserts	NNS	1
design	NN	1
designation	NN	3
desired	VBN	1
desk	NN	1
despised	VBN	1
despite	IN	2
destinies	NNS	1
destiny	NN	2	NNP	1
destitute	JJ	1
destroyed	VBD	1	VBN	1
destruction	NN	1
detail	NN	1
detailed	VBN	2	JJ	1
detected	VBD	2
detects	NNS	1
deter	VB	1
deteriorated	VBD	1
deteriorating	VBG	1
determination	NN	1
determine	VB	2
determined	VBN	1
develop	VB	1
developed	VBN	2
developers	NNS	1
developing	VBG	2
development	NN	7
deviation	NN	1
devil	NN	1
devoted	VBN	1
dew	NN	1
di	NNP	1
dialect	NN	8	NNP	2
dialectologists	NNS	1
dialectology	NN	2
dialects	NNS	3	NNP	2
dialogue	NN	3
diamond	NN	4
diana	NNP	4
diary	NNP	1
dick	NNP	3
dickens	NNP	3
dickson	NNP	3
diction	NN	1
dictionaries	NNS	1
dictionaries—inside	NN	1
dictionary	NNP	5	JJ	5
did	VBD	28
die	VBP	1	VB	1
died	VBD	4
differences	NNS	1
different	JJ	7
differential	NN	1
difficult	JJ	5
difficulties	NNS	1
difficulty	NN	2
digerati	NN	1
digging	NN	1
digital	JJ	1
dignity	NN	1
digression	NN	1
digs	VBZ	1
dilation	NN	1
diligently	RB	1
dim	NN	1
dimensions	NNS	1
diminishes--	JJ	1
diminution	NN	1
dinesen	NNP	1
diodorus	NNP	2
direction	NN	2
directly	RB	1
dirk	NN	1
disappeared	VBD	1
disapproval	NN	1
discern	VB	3
disclaimer	NN	1
disclosed	VBD	1
disclosure--	JJ	1
discomfited	JJ	1
discourse	NN	2
discover	VB	1
discovered	VBD	1
discrediting	NN	1
discussed	VBN	1
discussion	NN	1
disease	NN	2
diseases—among	NN	1
disgrace	NN	1
disgruntled	JJ	1
disgusting	JJ	1
dish	NN	1
dishonest	JJ	1
dishonesty	NN	2
disk	NN	2
disks	NNS	1
dislocations	NNS	1
disloyalty	NN	1
dismal	JJ	1
disney--is	NNP	1
disorganized	JJ	1
dispatches	NNS	1
displaced	VBN	2
displacement	NN	1
disposition	NN	1
dissembler	NN	1
dissension	NN	2
distinct	JJ	3
distinction	NN	3
distinctly	RB	1
distinguishes	NNS	1
distortions	NNS	1
distracter	NN	1
distribution	NN	3
disturbing	JJ	1
divergence	NN	1
diverse	JJ	1
divided	VBN	1
divinities	NNS	1
divinity	NN	1
division	NN	2
divulged	JJ	1
do	VBP	26	VB	9
doctor	NN	3	NNP	1
doctors	NNS	7
doctrine	NN	2
documentary	NN	1
documentation	NN	1
documented	VBN	3
documents	VBZ	1
does	VBZ	32
doing	VBG	4
dollars	NNS	3
dominate	VB	1
dominated	VBD	1
domination	NN	3
donaldson	NNP	3
done	VBN	3
donna	NNP	1
door	NN	1
dorothy	NNP	2
dorset	NNP	1
dorsey	NNP	1
double	JJ	2
doubt	NN	3
doubters	NNS	1
dowd	NNP	1
down	RB	5	RP	2
downsizing	NN	1
downward	JJ	1
dozen	NN	1
do—beneath	NN	1
drag	VB	1
dragged	VBN	1
dragging	VBG	1
dragon	NN	2
drainage	NN	1
dramatic	JJ	1
draw	VB	3	VBP	1
drawers	NNS	1
drawn	VBN	4
dread	NN	1
drew	VBD	1
drier	NN	1
drink	NN	2
drinkable	JJ	1
drive	VB	1
driven	VBN	2
driving	VBG	1
drizzle	NN	1
drop	VBP	1
dropped	VBN	1
drove	VBD	1
drunk	JJ	2
drunken	JJ	1
duchess	NNP	2
dug	VBD	1
dull	JJ	2
dunleavy	NNP	3
duped	JJ	1
during	IN	15
dust	NN	2
dutch	JJ	2
duty	NN	2
dwell	NN	1
dyes	NNS	1
dying	VBG	3	NNP	1
dynamic	JJ	1
dynastic	JJ	1
e	NNP	5	SYM	2
e-mail	JJ	1
each	DT	13
eager	JJ	1
earlier	RBR	4	JJR	3
earliest	JJS	2
early	JJ	13	RB	2
ears	NNS	1
earshot	NN	1
earth	NN	2	NNP	1
earthy	JJ	1
easier	JJR	1
easily	RB	3
east	JJ	4	NNP	1
eastern	JJ	1
eastward	RB	1
easy	JJ	3
eaton	NNP	1
economic	JJ	2
economical	JJ	1
economy	NN	1
ed	NNP	1
edgar	NNP	1
edict	NN	1
edit	VB	1
editor	NN	4	NNP	1
editorial	NN	10	JJ	1
editors	NNP	1
education	NN	1
educationalist	NN	1
edward	NNP	2
edwardian	NNP	1
ee	NNP	1	NN	1
effect	NN	2	VB	1
effete	JJ	1
effort	NN	5
efforts	NNS	3
effrontery	NN	1
egerton	NNP	1
egypt	NNP	1
egyptian	JJ	1
egyptians	NNP	1
eight	CD	1
eighteen	NN	1
eighty-seven	JJ	1
eighty-two	JJ	1
einstein	NNP	2
either	CC	8	DT	1
ejaculated	JJ	2
ejaculates	NNS	1
electric	NNP	1
electricity	NN	1
electronic	NNP	1
element	NN	1
elements	NNS	2
eleven	CD	1
eleventh	NN	1
elf	NN	1
eliminated	VBN	1
elite	NN	1
elitist	NN	1
else	RB	7
elsewhere	RB	2
emanate	NN	1
embarrassment	NN	1
embraced	VBN	1
emerged	VBD	2
emergency	NN	1
emerging	VBG	1
emilia	NNP	1
eminent	JJ	1
emotion	NN	2
emotions—some	NN	1
emphasize	VB	1
emphasized	VBN	1	VBD	1
emphasizes	VBZ	1
empire	NNP	2	NN	2
employ	VBP	1
employed	VBN	2
employee	NN	2
employees	NNS	4
employers	NNS	1
employment	NN	1
empty	JJ	1
enabled	VBD	1
enabler	NN	1
enablers	NNS	1
enamored	JJ	1
enchanted	JJ	1
encounter	NN	1
encountered	VBN	1
encourage	VB	1
encourages	VBZ	1
encyclopedia	NN	1
end	NN	5	VB	1
endears	NNS	1
ends	VBZ	1
enemy	NN	1
engage	VB	1
england	NNP	12
english	NNP	34
enjoyed	VBD	1	VBN	1
enjoys	VBZ	2
enliven	NN	2
enormous	JJ	2
enough	RB	5
enshrined	JJ	1
ensuring	VBG	1
entangled	VBN	1
enter	VBP	2
entire	JJ	3
entirely	RB	2
entities	NNS	1
entitled	VBN	1
entrenched	VBN	1
entrepreneur	NNP	1	NN	1
entrepreneurs	NNS	1
entries	NNS	7
entry	NN	12
environment	NN	1
epicurean	NNP	1	NN	1
epipsychidion	NNP	1
epithet	NN	1
eponyms	NNS	1
equal	JJ	3	VB	1
er	UH	1
era	NN	3
erected	VBN	1
erection	NN	2
erections	NNS	1
ernest	NNP	2
erosion	NN	1
error	NN	2
errors	NNS	4
especially	RB	5
espn	NNP	2
espy	NNP	1
essence	NN	1
essential	JJ	3
essentially	RB	4
essentials	NNP	1
establish	VB	2
established	VBN	1	VBD	1
establishment	NN	2
estimate	VB	1	NN	1
estrangement	NN	1
et	CC	1
etc	FW	5
ethelberta	NNP	3
ethicists	NNS	1
etna	NNP	1
etruscan	NNP	1
etymologies	NNS	1
etymology	NN	1
europe	NNP	3
european	JJ	9
even	RB	27
event	NN	1
events	NNS	1
eventually	RB	3
ever	RB	9
everthing	VBG	1
every	DT	9
everyday	JJ	1
everyone	NN	5
everything	NN	1
everywhere	RB	2
evict	NN	1
evicted	JJ	1
evictions	NNS	1
evidence	NN	5
evidently	RB	1
evil	NN	3	JJ	1
evinced	VBN	1
evoke	VBP	1
evolutionary	JJ	1
ex-	NNP	3
exact	JJ	2
exactions	NNS	1
exactly	RB	3
examine	VB	2
examines	VBZ	2
examining	VBG	1
example	NN	7
examples	NNS	10
excavated	VBN	1
excavation	NN	1
except	IN	2
exceptions	NNS	2
exchequer	NNP	1
exciting	JJ	1
exclamation	NN	2
excoriated	VBN	1
excruciating	VBG	1
excuse	VB	1	NN	1
executed	VBN	1
executive	NNP	1
executives	NNS	1
exercise	NN	1
exercised	VBD	1
exercises	NNS	1
exhortation	NN	1
exhortations	NNS	1
exile	NN	1
exist	VB	2
existed	VBD	2	VBN	1
existence	NN	1
existences	NNS	1
expansion	NN	1
expect	VBP	1
expectations	NNS	1
expected	VBD	2	VBN	1
expedition	NN	1
expenses	NNS	2
expensive	JJ	1
experience	NN	3
experiment	NN	1
expert	NN	1
explain	VB	2
explained	VBN	1
explains	VBZ	2
explanation	NN	4
explanations	NNS	1
explode	VB	1
exploration	NN	3
explore	VB	1
explorer	NN	4
explorers	NNS	4
express	VB	1
expresses	VBZ	3
expression	NN	1
expressions	NNS	4
expressive	JJ	1
extant	NN	1
extensive	JJ	2
extent	NN	2
exterior	NN	1
extolling	NNP	1
extortionate	NN	1
extra	JJ	1
extracted	VBN	1
extraction	NN	1
extraterrestrials	NNS	1
extremely	RB	1
exuberance	NN	1
exudes	NNS	1
eyelids	NNS	1
eyes	NNS	2
ezra	NNP	1
f	NN	4
fabiola	NNP	1
face	NN	4
facets	NNS	1
facing	VBG	1
fact	NN	7
fact--and	JJ	1
factor	NN	2
factors	NNS	2
facts	NNS	3
fact—people	NN	1
faculty	NN	1
faerie	NNP	1
fail	VB	1
failed	NNP	1	VBD	1
failing	VBG	1
fails	VBZ	1
fair	NNP	4	JJ	2
fair-sized	JJ	1
fairly	RB	3
falling	VBG	1
falsely	RB	1
fame	NNP	2
familial	NN	1
familiar	JJ	10
familiarity	NN	1
families	NNS	3
family	NN	11	NNP	4
famous	JJ	8
fan	NN	2
fanatics	NNS	1
fanciful	JJ	1
fancy	JJ	1
fangs	NNS	1
fans	NNS	1
fantasy	NN	1
far	RB	10
fare	VB	1
farfrae	NNP	1
farmers	NNS	3
farmland	NN	1
farms	NNS	1
farthest	JJS	1
fascination	NN	1
fashion	NN	1
fashionable	JJ	1
fashioning	NNP	1
fast	RB	2
father	NN	2	NNP	1
fathers	NNS	1
fathima	NNP	1
fatua	NN	2
faults	NNS	1
favor	NN	1
favorite	JJ	3	NNP	1	NN	1
faxed	VBD	1
fear	VBP	1
fears	NNS	1
feature	NN	2
features	NNS	2
feb	NNP	2
feed	VB	1
feeding	NN	1
feel	VBP	1	VB	1
feeling	NN	3
feels	VBZ	6
fees	NNS	2
feet	NNS	1
felicity	NNP	1
felt	VBD	1
female	JJ	4
females	NNS	1
feminist	JJ	4
feminists	NNS	1
fertility	NN	1
fervent	JJ	1
fetal	JJ	3	NNP	1
fetch	VB	1
fetters	NNS	1
fetus	NN	14
fetuses	NNS	4
few	JJ	14
fewer	RBR	1
fiancés	NNS	1
fictional	JJ	1
field	NN	2
fieldworkers	NNS	1
fifteen	NN	1
fifty	NN	1
figaro	NNP	1
fight	VB	2
figurative	JJ	1
figuratively	RB	1
figure	NN	1
figures	NNS	2
fiji	NNP	1
file	NN	1
fill	VB	1
filled	VBD	1
film	NN	1
fin	NN	1
final	JJ	5
finally	RB	4
find	VB	14	VBP	8
findable	JJ	1
finder	NNP	1
finding	VBG	2	NN	1
findings	NNS	1
finds	VBZ	1	NNS	1
finf	NN	1
finger	NN	1
fingers	NNS	1
finishes	VBZ	1
finke	NNP	1
finnish	JJ	1
fire	NN	3
fired	VBD	1
fire—the	NN	1
firing	NN	1
firm	NN	2
first	JJ	22	RB	5
first-aid	JJ	1
fishing	VBG	1
fit	VB	2	NN	1
fits	VBZ	1
five	CD	3
five-dollar	JJ	1
fix	NN	1
flag	NN	1
flail	NN	1
flash	VBP	1
fled	VBD	1
flendish	NN	1
flight	NNP	1	NN	1
flimsy	JJ	1
flit	NN	1
flood	NN	2
floor	NN	2
floppies	NNS	1
floral	JJ	1
florida	NNP	1
flourished	VBN	1	VBD	1
flout	NN	1
flowers	NNPS	3
fluid	JJ	1
focus	NN	3
focuses	VBZ	1
foe	NN	1
foes	NNS	1
follow	VB	2
follow-up	JJ	2
followed	VBN	2
following	VBG	6	JJ	2
follows	VBZ	1
food	NN	3
foods	NNP	1
fool	NN	2
foolish	JJ	1
football	NN	1
for	IN	177	RB	1
force	NNP	2
forced	VBN	3
forces	NNS	1
forcing	VBG	1
forebears	NNS	1
foregoing	VBG	1
foreshadowing	VBG	1
forever	RB	2
foreward	NN	1
foreword	NN	1
forget	VB	1
form	NN	7
formation	NN	1
formed	VBN	4	VBD	1
former	JJ	3
forster	NNP	2
forth	RB	9
forth—to	NN	1
fortunes	NNS	1
forty-one	NNP	2
forty-seven	JJ	1
forward	RB	1
found	VBN	10	VBD	7
founded	VBN	2
four	CD	1
four-letter	JJ	1
fourth	JJ	1
fowlenzia	NNP	1
fowler	NNP	3
fragile	JJ	1
france	NNP	2
francis	NNP	1
francisk	NNP	1
francois	NNP	1
franglais	NNS	1
frantic	JJ	1
française	NNP	1
frauds	NNP	1
fred	NNP	1
free	JJ	1
freely	RB	1
freeze	VB	1
french	JJ	2
frenzied	JJ	1
frenzy	NN	2
frequency	NN	1
frequent	JJ	2
freshman	NN	1
friend	NN	6
frightened	JJ	1
frivolous	JJ	2
frizzy	NN	1
from	IN	103
front	JJ	1	NN	1
frontier	NN	1
frontiers	NNS	1
frosted	JJ	1
frustration	NN	1
fry	NN	1
fu	NN	1
fudge-phrase	JJ	1
fueled	VBN	1
full	JJ	4
fully	RB	3
fun	NN	2	NNP	1
function	NN	1
functional	JJ	1
functioning	VBG	2
fund	NNP	5
furlough	NN	1
furrow-browed	JJ	1
further	RB	2	JJ	2
fuss	NNS	1
futile	JJ	1
future	NNP	1	JJ	1	NN	1
g	NNP	4	SYM	2
gaelic	JJ	2
gainsaying	VBG	1
gall	NN	1
gallerie	NNP	1
gallery	NN	1
gallons	NNS	1
gambler	NNP	1
game	NN	3	NNP	1
games	NNS	1
gamut	NN	1
gap	NN	1
gasped	VBD	1
gates	NNP	2
gathering	NN	1
gave	VBD	2
gay	JJ	5
gene-cloning	JJ	1
general	JJ	6
generalizations	NNS	1
generally	RB	4
generation	NN	2
generations	NNS	1
generic	JJ	1
gennifer	NNP	1
genre	NN	1
genre—a	NN	1
gens	NNS	1
gentle	NNP	1
genuine	JJ	1
geographically	RB	1
geography	NN	3	NNP	1
geophysical	JJ	1
geopolitical	JJ	1
george	NNP	3
georgie	NNP	1
german	JJ	6
germanic	NNP	3
germany	NNP	1
gernisht	NN	1
get	VB	10	VBP	7
gets	VBZ	3
getting	VBG	4
giant	NN	1
gibson	NNP	1
giddy	JJ	1
gift	NN	1
gifts	NNP	1
giggle	NN	2
giggling	VBG	1
gilbert	NNP	3
gilbertian	NNP	1
giles	NNP	5
gilliam	NNP	1
girl	NN	2
girls	NNS	1
giuliani	NNP	6
give	VB	7	VBP	1
given	VBN	11
gives	VBZ	4
giving	VBG	2
gladly	NNP	1
glasses	NNS	1
gleaned	VBN	1
glee	NN	1
glen	NN	1
glenn	NNP	1
glens	NNS	1
glimpses	NNS	1
gloss	VBP	1
glossary	NNP	1
glow	NN	1
go	VB	6	VBP	1
goal	NN	4
god	NNP	1
god-given	NNP	1
goddesses	NNS	1
godlike	NN	1
gods	NNS	1
goes	VBZ	3
goin	NNP	3	NN	1
going	VBG	6
gold	NN	1
golden	NNP	1
gone	VBN	2
gonif	NN	1
good	JJ	20	NNP	1	NN	1
goodman	NNP	1
goods	NNS	2
goodwill	NN	1
gorge	NNP	1
gospel	NNP	1
gossip	NN	2
got	VBD	6	VBN	2
gov	NNP	3
government	NN	6
government-oriented	JJ	1
grabbed	VBD	1
grace	VB	1
graceful	JJ	1
graduated	VBD	1
grammar	NN	1
grammarian	NN	1
grammatical	NNP	2	JJ	1
grand	NNP	1	JJ	1
grandfather	NNP	1
grant	VB	1
grape	NN	2	NNP	1
grapes	NNS	1
graphically	RB	1
gratitude	NN	1
grave	JJ	1
great	JJ	4	NNP	2
greater	JJR	2	NNP	1
greatest	JJS	1
greatly	RB	1
greek	JJ	9
greeks	NNPS	1
green	JJ	1
greene	NNP	1
greenham	NNP	1
gregory	NNP	2
grew	VBD	1
gride	NNP	1
grief	NN	1
grim	JJ	1
grip	NN	1
groan	NN	1
ground	NN	2
groundwork	NN	1
group	NN	4	VB	1
growing	VBG	1
guarantee	VBP	1
guard	NN	1
guerrilla	NN	1
guess	VBP	2	VB	1
guessed	VBD	1
guesses	NNS	1
guests	NNS	1
guffawing	VBG	1
guide	NNP	1
guidelines	NNS	1
guilty	NNP	1	JJ	1
guise	NN	1
gulf	NNP	1
gum-trees	NNP	1
gun	NN	3	NNP	1
gunning	NNP	1
guns	NNS	2
gutters--was	JJ	1
guy	NN	2
gynaecologist	NN	1
h	NNP	2	NN	1
habit	NN	1
habitual	NN	1
had	VBD	48	VBN	1
hailed	VBD	1
hair	NN	1
haley	NNP	2
half	PDT	2	NN	2
half-lies	JJ	1
hall	NNP	2
hamas	NNP	1
hamlet	NNP	1
hampering	VBG	1
hancock	NNP	1
hand	NN	11	NNP	1
hand-writing	JJ	1
handed	VBD	1	VBN	1
handel	NNP	1
handful	NN	3
handle	VB	1
hands	NNS	5
hanover	NNP	7
hans	NNP	1
happen	VBP	1
happens	VBZ	2
happy	JJ	1
hard	JJ	6
hardhearted	JJ	1
hardly	RB	1
hardy	NNP	1
harlem	NNP	1
harness	NN	1
harold	NNP	5
harried	VBN	1
harrods	NNP	1
harsh	JJ	1
harsher	JJR	1
hart	NNP	1
harvest	NN	1
has	VBZ	52
hasten	VB	1
haul	VB	1
have	VBP	47	VB	36
having	VBG	8
hays	NNP	1
he	PRP	81
head	NN	2
headed	VBD	1
heading	VBG	1
headings	NNS	2
headline	NN	3
headlines	NNS	1
health	NN	1
hear	VBP	1	NNP	1
heard	VBN	7	VBD	1
heart	NN	1
heartbroken	NN	1
heaven	NN	1
heavy	JJ	1
hebrew	NNP	4
heel	NN	1
heights	NNS	1
held	VBD	1	VBN	1
helen	NNP	1
helfen	NN	1
hellenic	NNP	1
help	VB	3	NN	3
helped	VBD	7
helps	VBZ	1
hemingway	NNP	1
hence	RB	4
henceforth	NN	1
her	PRP$	31	PRP	6
herder	NNP	2
here	RB	13
hereby	NN	1
herman	NNP	1
heroine	NN	1
herrings	NNP	1	NNS	1
hers	PRP	1
herself	PRP	1
hidden	VBN	1
hieroglyphics	NNS	2
high	JJ	5	NN	2
higher	JJR	2
highlight	VB	1
highlighted	VBD	1
highly	RB	4
hilarity	NN	2
hillary	NNP	5
hills	NNS	1
him	PRP	26
himself	PRP	6
hindi	NNP	1
hinduism	NNP	1
hingis	NNP	1
hint	VB	1
hired	VBN	1
hiroshima	NNP	1
his	PRP$	89
historian	NN	3
historians	NNS	3
historical	JJ	2
history	NN	8
hitchens	NNP	1
hittite	NNP	1
hmmm	NNP	1
hoaxes	NNP	1
hold	NN	1
holding	VBG	1
holds	VBZ	3
hole	NN	3
holes	NNS	2
hollowed	JJ	1
hollowed-out	JJ	1
hollywood	NNP	1
home	NNP	2	NN	2
homeland	NN	1
homeless	JJ	1
homer	NNP	1
homes	NNS	1
hominids	NNS	1
homo	NN	1
honor	NN	1
hootch	NN	1
hope	VBP	1	VB	1	NNP	1
hopeful	JJ	1
hoping	VBG	1
hordes	NNS	1
hormones	NNS	1
horreurs	NNS	1
horse	NN	2
horses	NNS	1
hospital	NN	2
hospitals	NNS	1
hot	JJ	2
hotdog	NN	1
hours	NNS	3
house	NNP	5	NN	1
household	NN	1
housekeeper	NN	2
how	WRB	21
however	RB	10
hud	NNP	1
hues	NNS	1
huge	JJ	2
hugh	NNP	1
human	JJ	7
human-ness	JJ	1
humanity	NN	2
humankind	NN	1
humble	JJ	1
humor	NN	3
hundred	CD	8
hundreds	NNS	2
hungarian	JJ	1
hungry	JJ	1
hunt	VB	1
husband	NN	3	NNP	1
husbands	NNP	1	NNS	1
hymes	NNP	1
hynes	NNP	1
hypercorrection	NNP	1
hyperventilates	NNS	1
hypothetical	JJ	1
i	PRP	165
iago	NNP	1
ibid	NN	2
icons	NNS	1
ide	NNP	2
idea	NN	5
identical	JJ	1
identified	VBN	2	VBD	2
identify	VB	1
identities	NNS	1
identity	NN	2
ideology	NN	1
ides	NNP	2
idiom	NN	1
idiomatic	NNP	1
idioms	NNS	1
ie	NNP	1
if	IN	52
ignorant	NN	1
ignored	VBN	1
ii	NNP	2
iliad	NNP	1
ill	JJ	2
illiterate	JJ	1
illnesses	NNS	1
illustrated	VBN	1
illustration	NN	1
image	NN	6
imaginative	JJ	1
imagine	VB	4	VBP	1
imagined	VBD	1
imcomparable	JJ	1
immigrants	NNS	2
immigrated	VBD	1
imminent	JJ	1
impeachment	NN	1
imperative	JJ	1
importance	NN	3
important	JJ	11
imported	VBN	1
imposing	VBG	1
imposition	NN	1
impossible	JJ	1
impression	NN	1
impropriety	NN	1
improvements	NNS	1
impure	NN	1
in	IN	467
inaugurates	NNS	1
incentives	NNS	1
incidentally	NNP	1
include	VBP	2	VB	1
included	VBD	1	VBN	1
including	VBG	3
inclusion	NN	2
inconsistent	JJ	1
inconvenient	JJ	3
incorrect	JJ	2
incorrectly	RB	1
increase	NN	1
increased	VBD	2	VBN	1
increases	NNS	1
increasingly	RB	4
incredible	JJ	1
incurred	VBD	1
indeed	RB	3
indelicately	RB	1
independence	NNP	1	NN	1
index	NNP	4	NN	4
india	NNP	8
indiana	NNP	1
indians	NNPS	1
indicate	VB	2
indicating	VBG	2
indication	NN	1
indicator	NN	1
indicted	NNP	1
indifferent	JJ	1
indigenous	JJ	1
indis	NNP	6
individual	JJ	2
indo-	NNP	10
indonesian	JJ	1
induced	VBN	1
inducted	JJ	1
indulge	VB	1
indulged	JJ	1
indus	NNP	1
ineffective	JJ	1
ineffectual	JJ	1
ineluctable	JJ	1
ineluctably	RB	1
inevitably	RB	3
inexplicably	RB	1
infant	NN	1
infanticide	NN	1
inferiority	NN	1
infidelity	NN	2
infirmities	NNS	1
inflected—including	VBG	1
inflection	NN	1
influence-	NNP	1
influences	NNS	1
influential	JJ	1
informal	JJ	1
information	NN	12
informative	JJ	1
informed	VBN	2	VBD	1
informing	VBG	1
ingeniously	NNP	1
ingredient	NN	1
inhabit	VBP	1
inhale	NN	1
initial	JJ	4
initiated	VBN	1
injections	NNS	1
inland	RB	1
inner-wards	JJ	1
innerwards	NNS	1
innocent	JJ	3
inscriptions	NNS	3
insensitivity	NN	2
inside	IN	1
insiders	NNS	1
insight	NN	1
inspired	VBN	1
inspiring	JJ	2
install	VB	1
installation	NN	1
installed	VBN	1
instance	NN	10
instances	NNS	2
instead	RB	3
instigation	NN	1
institutions	NNS	1
instructed	VBN	1
instrument	NN	1
insular	NN	1
insularity	NN	1
intact	JJ	2
integrated	VBN	1
intellectual	NNP	1	JJ	1
intellectually	RB	1
intellectuals	NNS	2
intelligence	NN	1
intend	VB	2
intended	VBN	1
intense	JJ	1
intensified	VBN	1
intensive	JJ	1
intensive-care	JJ	1
interaction	NN	1
intercept	NN	1
interconnection	NN	1
intercourse	NN	6
interest	NN	7
interested	JJ	4	VBN	1
interesting	JJ	13
interests	NNS	3
interfere	VB	1
interior	NN	1
interminable	JJ	1
international	NNP	2
internet	NN	3
interpretation	NN	1
interpreted	VBN	1
interrupted	VBN	1
interruptions	NNS	1
interview	NN	6	VB	1
interviewing	VBG	1
interviews	NNS	2
into	IN	28
introduced	VBD	1
introduction	NN	3
invariably	RB	1
invectives	NNS	1
invent	VB	1
investigate	VB	1
investigated	VBN	1
investigates	VBZ	1
investigations	NNS	1
invisible	JJ	1
invoke	VB	1
involved	VBN	3
involves	VBZ	1
iran	NNP	2
iranian	JJ	3
iraq	NNP	1
iron	NN	1
ironic	JJ	1
irrational	JJ	1
irregulars	NNP	1
irrelevant	JJ	1
is	VBZ	307
isaac	NNP	1
isabel	NNP	1
isak	NNP	1
islamic	NNP	1
islamic-	NNP	1
iso	NN	1
isobars	NNS	1
isobaths	NNS	1
isogloss	NNS	2
isoglosses	NNS	2	NNP	1
isotherms	NNS	1
israel	NNP	9
israeli	JJ	7
issue	NN	10
issues	NNS	2
is—the	NN	1
it	PRP	189
it--and	JJ	1
italian	JJ	3
italic	NNP	1
items	NNS	4
its	PRP$	48
itself	PRP	3
iv	NNP	1
ize	NNP	1
jack	NNP	1
jacket	NN	1
jackets	NNS	1
jacob	NNP	1
jaffa	NNP	1
january	NNP	2
japan	NNP	4
japanese	JJ	4	NN	2
japanizing	NNP	1
jaw-dropping	JJ	1
jazz	NN	2
jazzbands—	NN	1
jazz—what	NN	1
jazz—you	NN	1
jean	NNP	1
jeremiad	NN	1
jerk	NN	1
jerry	NNP	1
jerusalem	NNP	4
jesus	NNP	1
jet	NN	1
jew	NNP	1
jewish	JJ	23	NNP	4
jewish-	NNP	1
jews	NNPS	18
jilting	VBG	1
jimmy	NNP	1
joannie	NNP	1
job	NN	3
jodi	NNP	1
joe	NNP	5
jogged	JJ	1
john	NNP	3
johnanes	NNP	1
johns	NNS	1
joining	VBG	1
jones	NNP	4
jonson	NNP	1
joseph	NNP	5
journal	NNP	15	NN	3
journalism	NN	1
journalist	NN	2	NNP	1
journals	NNS	4
joyce	NNP	2
joyous	JJ	1
joyousness	NNS	1
joys	NNP	2
jr	NNP	1
juanita	NNP	3
judaic	NNP	2
judaism	NNP	2
judeo-	NNP	2
judge	VB	1	NN	1
judgment	NN	1
judisch	NN	1
juggernaughty	NNP	1
jump	NN	2	VB	1
jumped	VBD	1
june	NNP	2
junior	JJ	1
jury	NNP	1
just	RB	15
just-concluded	JJ	1
justice	NNP	1
justifying	VBG	1
k	NNP	2
kantor	NNP	1
kara	NNP	1
keep	VB	2	VBP	1
keeping	VBG	2
kelsey	NNP	6
ken	NNP	1
kenneth	NNP	1
kept	VBN	2	VBD	1
ketchup	NN	1
khan	NNP	1
kibitzer	NN	1
kick	VB	1
kid	NNP	4
kids	NNS	2
killed	VBN	3
killer	NN	1
killing	VBG	1
kind	NN	3
kindly	RB	1
kinds	NNS	1
king	NNP	1
kinsley	NNP	1
kipling	NNP	1
kisses	NNP	1	NNS	1
klutz	NN	1
knee	NN	1
knee-	NN	1
knees	NNS	1
knew	VBD	3
knife	NN	4
knight	NNP	1
knock	VB	2
knocked	VBN	1
know	VBP	15	VB	8
knowing	VBG	1
knowledge	NN	4
known	VBN	8
knows	VBZ	1
kohinoor	NNP	1
kubla	NNP	1
kurath	NNP	1
kvell	NN	1
kvetch	NN	1
label	NN	1
labeled	VBN	3
labelled	JJ	1
labor	NNP	2	NN	1
labored	JJ	1
laborers	NNS	2
laboriously	RB	1
labors	NNS	1
labour	NN	1
lack	NN	10
lacking	VBG	1
lad	NN	1
lady	NN	3
lag	NN	1
lake	NN	2
lakes	NNS	1
lambeth	NNP	1
lament	NN	1
laments	VBZ	1
lammermoor	NNP	3
lancaster	NNP	1
lancelot	NNP	1
land	NN	27	NNP	3	VB	2
landlessness	NNS	2
landlords	NNS	1
lands	NNS	1
language	NN	32	NNP	10
languages	NNS	27
languages—all	NN	1
language—a	NN	1
lapis	NNP	1
lappland	NNP	1
larf	NN	1
large	JJ	1
largely	RB	5
larger	JJR	3
large—big	NN	1
last	JJ	14
lasted	VBD	1
lasts	VBZ	1
lat	NNP	3
late	JJ	5
lately	RB	1
later	RB	10	JJ	1
latest	JJS	2
latin	NNP	7
latinate	NNP	1
latter	JJ	2
laughed	VBN	1
laughing--it	JJ	1
laughter	NN	2
laurence	NNP	9
law	NN	3
law-book	JJ	1
laws	NNS	2
lawsuit	NN	1
lawyers	NNS	1
lay	VBP	1
laying	VBG	1
laymen	NN	1
lays	NNP	1
lazuli	NNP	1
le	NNP	1
lead	VB	4
leader	NNP	1	NN	1
leaders	NNS	1
leading	VBG	2
leads	VBZ	3
leaflets	NNS	1
leaning	NNP	1
leans	VBZ	1
leap	NN	3
leaped	VBD	1
leapt	VBD	1
lear	NNP	1
learn	VBP	2	NNP	2
learning	VBG	2
learns	VBZ	1
learnt	NN	1
least	JJS	9
leave	VB	1
leavened	JJ	1
lebanese	JJ	1
lebanon	NNP	2
lecturer	NN	1
led	VBN	3	VBD	1
lederer	NNP	1
lee	NNP	1
leeds	NNP	1
left	VBN	5	VBD	1
leg	NN	1
legal	JJ	2
legalizing	VBG	1
legerdemain	NN	1
leicester	NNP	1
lending	NN	1
length	NN	1
lengthy	JJ	1
leo	NNP	1
leonard	NNP	1
leonsis	NNP	1
less	RBR	4	JJR	2
lessees	NNS	1
lesser	JJR	2
let	VB	5
letter	NN	5	NNP	2
letter-writers	JJ	1
letters	NNS	3
leveled	VBN	1
level—now	NN	1
lewd	NN	1
lewinsky	NNP	2
lex	NNP	1
lexical	JJ	1
lexicographers	NNS	1
lexicographic	NNP	1
lexicon	NN	1
libraries	NNS	3
library	NNP	2	NN	1
lie	NN	1
lies	VBZ	1	NNS	1
life	NN	11	NNP	1
life--nobody	JJ	1
lifetime	NN	1
lifted	VBN	1
light	NNP	2	NN	2
light-headed	JJ	1
lightening	VBG	1
lights	NNP	1
like	IN	27	VB	3
likely	JJ	9
likeness	NN	1
likewise	RB	1
limelight	NN	1
limitation	NN	1
limited	JJ	1
line	NN	10
linear	NNP	1
lines	NNS	5
linguibase	NNP	1
linguist	NN	1
linguistic	JJ	3	NNP	2
linguistic-statistical	JJ	1
linguists	NNS	5	NNP	1
linked	VBD	1
lionizing	NNP	1
lip	NN	1
lipschitz	NNP	5
liquor	NN	3
list	NN	8
listed	VBN	2	VBD	1
listings	NNS	1
lists	VBZ	1	NNS	1
literal	JJ	1
literally	RB	4
literary	NNP	4
literature	NNP	2	NN	1
lithuanian	NNP	1
little	JJ	10	RB	2	NNP	1
liv	NNP	1
live	VB	2	VBP	1
lived	VBD	1
lives	NNS	1
living	VBG	2
lo	NNP	1
load	NN	1
loaded	VBN	1
loanword	NN	1
loanwords	NNS	1
local	JJ	1
localities	NNS	2
location	NN	3
log	VB	1
logistics	NNS	1
logue	NN	2
logue-	NNP	1
logues	NNS	1
london	NNP	2
loner	NN	1
long	JJ	5	RB	3
long-standing	JJ	1
long-term	JJ	1
longish	NN	1
longman	NNP	2
longwinded	JJ	1
look	VB	8	VBP	2	NN	1
looked	VBD	4
looking	VBG	2
looks	VBZ	1
loose	JJ	2	NNP	1
loosen	VB	1
lord	NNP	1
los	NNP	2
loser	NN	1
loss	NN	1
lost	VBN	2	VBD	2
lot	NN	1
love	NN	3
lovely	JJ	1
loves	VBZ	1
low	JJ	2
lower	JJR	1
lubricious	JJ	1
lucia	NNP	1
luck	NN	1
lucky	JJ	2
lucrative	JJ	1
luigi	NNP	3
luke	NNP	2
lunch	NN	1
lungs	NNS	4
lydia	NNP	1
lyric	NN	1
m	NNP	1	NN	1
m-u-s-c-a-t	JJ	1
ma	NNP	1
maccabean	NNP	1
machine	NN	1
macho	JJ	1
made	VBD	9	VBN	7
madonna	NNP	1
madonnas	NNP	1
mador	NNP	1
magazine	NNP	2
magic	NN	1
maimed	JJ	1
main	JJ	4
mainly	RB	1
maintain	VB	2	VBP	1
maintenance	NN	1
major	JJ	3
majority	NNP	1	NN	1
make	VB	15	NN	2
make-overs	JJ	1
makes	VBZ	4
makeup	NN	2
making	VBG	4
malayo-	NNP	1
male	JJ	2	NN	2
males	NNS	2
malice	NN	1
man	NN	11
man--at	JJ	1
managed	VBN	1
manager	NN	1
manchester	NNP	1
mandate	VB	1
mane	NN	1
mania	NN	1
manifest	NNP	1	JJ	1
manifestations	NNS	1
manner	NN	1
manoeuvre	NN	1
mantelshelves	NNS	1
manual	JJ	3
many	JJ	32	DT	1
map	NN	3	NNP	2
maps	NNS	5	NNP	2
march	NN	1
marched	VBD	1
marching	NNP	1
marital	JJ	1
marius	NNP	1
mark	NNP	1
marked	VBN	2	VBD	2
markedly	RB	1
markers	NNS	1
market	NN	5
markets	NNS	1
marriage	NN	5
marsh	NNP	1
marshes	NNS	1
martina	NNP	1
martyrs	NNS	1
marv	NNP	1
marvelous	NNP	1
mary	NNP	2
mass-produced	JJ	1
massive	JJ	1
master	VB	1
mate	NN	1
material	NN	1
materials	NNS	1
mathematical	JJ	1
mathematically	RB	1
mathematician	NN	1
mathematics	NN	1
matriarchies	NNS	1
matter	NN	5	VB	1
mauberley	NNP	1
maugham	NNP	1
maureen	NNP	1
mavin	NN	1
may	MD	16	NNP	2
maybe	RB	1
mayor	NNP	2	NN	1
mazel	NN	1
mazuma	NN	1
mazza	NNP	1
mc	NNP	2	NN	1
mccarthy	NNP	1
mcdavid	NNP	1
mcgraw-hill	NNP	1
mchargue	NNP	1
me	PRP	31
mean	VB	4	VBP	1
meaning	VBG	4
meaningful	JJ	1
meaningless	JJ	1
meanings	NNS	2
means	VBZ	3	NNS	2
measured	VBN	1
media	NNS	3
medical	JJ	3
meet	VB	1
megillah	NN	1
member	NN	1
memory	NN	1
men	NNS	5	NN	1
menagerie	NNP	1
mensch	NN	1
menstruation	NN	1
mentally	RB	1
mention	VB	2	VBP	1	NN	1
merchandise	NN	1
mercy	NN	1
merely	RB	4
merit	VBP	1
meshugga	NN	1
mess	NN	2
message	NN	2
meta-	NN	1
meta-meta-pieces	JJ	1
metal	NN	1
metaphor	NN	1
metaphorical	JJ	1
metaphors	NNP	1
method	NNP	2
methods	NNS	1
mezz	NNP	1
mezzrow	NNP	1
michael	NNP	3
microsoft	NNP	6
mid-	NN	1
middle	NN	2	JJ	1
midway	NN	1
midwesterner	NNP	1
might	MD	26
mildly	RB	2
miles	NNP	10
military	JJ	2
militating	VBG	1
millennia	NN	1
miller	NNP	1
millions	NNS	2
milton	NNP	2
mind	NN	8	VB	2
minds	NNS	1
mine	NN	2	NNP	1
minefield	NN	1
mingled	JJ	1
minimal	JJ	1
minister	NNP	1
minnesota	NNP	1
minutes	NNPS	2	NNS	1
mir	NN	1
mire	NN	1
mirthful	JJ	1
mirthless	JJ	1
misconceived	JJ	1
misguided	JJ	1
mish-mosh	JJ	1
misinterpretation	NN	1
misinterpretations	NNS	1
misleading	JJ	2	VBG	1
misnomer	NN	2
misplaced	VBN	1
miss	NNP	4
missed	VBD	2
missiles	NNS	1
missing	VBG	3
missionary	NNP	1
mississippi	NNP	1
missive	JJ	1
mistake	NN	1
mistaken	VBN	1
mistakes	NNS	3
mistake—	NNP	2
mistress	NNP	1
mistress--he	JJ	1
misunderstanding	VBG	1
misuse	NN	1
mit	NNP	1
mixed	VBN	1
mixed-up	JJ	1
mnemonic	JJ	1
mocked	VBN	1
moderate	JJ	1
modern	JJ	14	NNP	2
modified	VBN	1
modifying	VBG	1
moguls	NNS	1
mohogus	JJ	1
moll	NN	1
molly	NNP	1
moment	NN	1
momentary	JJ	1
moncrieff—	NNP	1
monday	NNP	1
money	NN	4
monic	NNP	1
monkey	NN	4
monkeys	NNS	1
monstrosities	NNS	1
monstrous	JJ	1
months	NNS	1
mood	NN	1
moody	NNP	1
moral	JJ	2
morass	NN	1
more	JJR	27	RBR	25
morning	NN	3	NNP	1
morris	NNP	1
most	JJS	16	RBS	11
mostly	RB	1
mother	NN	4	NNP	1
motions	NNS	1
motives	NNS	2
mount	NNP	1
mountain	NNP	5
mountains	NNS	1
mouth	NN	1
move	VB	2
moved	VBD	1
movement	NN	2	NNP	1
mr	NNP	15
mrs	NNP	5
ms	NNP	8
mscegenations	NNS	1
msleading	VBG	1
msterious	JJ	1
much	JJ	21	RB	7
mudbanks	NNS	1
muffled	VBN	1
mufti	NN	2
muggsy	NNP	1
multiethnic	JJ	1
multilingual	NN	1
multiple	JJ	1
murder	NN	1
murdered	VBN	2
murderer	NN	1
murray	NNP	1
muscadoodle	NN	2
muscat	NN	9	NNP	5
muscatel	NN	2	NNP	1
museum	NN	1
museums	NNS	1
mushy	JJ	1
muskat	NNP	2
muskrat	NNP	8	NN	4
muskrat-kat-cat	NNP	1
muskrat-muskat-muscat	NNP	1
muskrats	NNP	1	NNS	1
muslim	NNP	2
muslims	NNPS	4
must	MD	15
musée	NNP	1
muzzle-loading	JJ	1
my	PRP$	46
myriad	JJ	2
myself	PRP	1
mysterious	JJ	1
mystery	NN	1
mythologies	NNS	2
mythology	NN	1
n	NNP	4
n't	RB	31
naches	NNS	1
nain	NN	1
naked	JJ	1
nakedness	NNS	1
name	NN	4	VB	2
named	VBN	1
namely	RB	1
names	NNS	3
namma-holes	NNP	1	JJ	1
nanosecond	NN	1
napa	NNP	2
narow	NN	1
narrates	NNS	1
narrator	NN	2
nation	NN	4
national	NNP	5	JJ	5
nationhood	NN	1
nations	NNS	1
nationwide	JJ	1
native	JJ	6	NN	2	NNP	1
natives	NNS	1
natural	JJ	2
naturally	RB	2
nature	NN	3
nbc	NNP	3
nd	NN	6
near	IN	9	JJ	1
nearby	JJ	1
nearing	VBG	2
nearly	RB	2
neat	JJ	1
nebbish	NN	1
necessarily	RB	3
necessary	JJ	1
necessities	NNS	1
necessity	NN	1
neck	NN	2
need	VBP	2	VB	2	NN	1
needed	VBN	1
needs	VBZ	2
neghebores	NNS	1
neglectful	NNP	1
neigh	NNP	2
neighborhood	NN	1
neighborhoods	NNS	1
neighbour	NN	1
neither	DT	1
neologisms	NNS	1
neon	NN	1
neonatologists	NNP	1
nerve	NN	1
network	VB	1
never	RB	16
nevertheless	RB	3
new	NNP	20	JJ	13
newborn	JJ	1
newly	RB	3
news	NN	9	NNP	1
newsletter	NNP	1
newspaper	NN	1
newspapers	NNS	3
newsy	NN	1
next	JJ	8	IN	1
nhead	NN	1
nice	NNP	1	JJ	1
nicholas	NNP	1
nichols	NNP	1
nick	NN	1
nickleby	NNP	1
niddah	NN	2
niggardly	RB	1
night	NN	4
nine	CD	1
nine-o	JJ	1
nit	NN	1
nixon	NNP	2
no	DT	35	UH	2
noah	NNP	2
nobel	NNP	1
noble	JJ	1
nobody	NN	4
nomad	NN	1
non-	NN	3
none	NN	3
nonetheless	RB	2
nonexpert	NN	1
nonlinguists	NNS	1
nonlocal	NN	1
nonsense	NN	1
nonspecialist	NN	1
nonsports	NNS	1
nor	CC	3
norma	NNP	3
normal	JJ	1
normally	RB	1
norman	NNP	1
north	RB	4	NNP	1
northern	JJ	1
northward	RB	1
northwestern	NN	1
norwegian	JJ	1
nose	NN	1
nosh	NN	1
nostalgic	JJ	2
not	RB	141
notable	JJ	1
notably	RB	1
note	VB	2	NN	2
noted	VBD	1	VBN	1
notes	NNS	4	NNPS	1
nothing	NN	10
noticed	VBN	1
noting	VBG	1
notion	NN	2
notwithstanding	IN	3
not—but	NN	1
noun	NN	1
novel	NN	1
novelist	NN	1
now	RB	25
nuances	NNS	1
nuclear	JJ	1
nudnik	NN	3
nuggets	NNS	1
number	NN	6
numbers	NNS	1
numerical	JJ	1
numerous	JJ	2
nun	NN	1
nurse	NN	1
nurturing	VBG	1
nuts	NNS	2
nyt	NNP	4
número	NN	1
o	NN	1
o'connor	NNP	1
oats	NNS	2
objects	NNS	2
obscurity	NN	1
observation	NN	1
observations	NNS	1
observe	VBP	1
observed	VBN	1
observes	VBZ	2
observing	VBG	1
obsession	NN	3
obstacle	NN	1
obtains	NNS	1
obtrusive	JJ	1
obvious	JJ	6
obviously	RB	1
occasional	JJ	3
occasionally	RB	1
occasions	NNS	1
occupying	VBG	1
occur	VB	1
occurrences	NNS	1
occurs	VBZ	3
oceans	NNS	1
odd	JJ	4
odd--and	JJ	1
odds	NNS	1
oed	NNP	1
of	IN	707
off	IN	8	RP	7
offense	NN	3
offering	VBG	1
offers	VBZ	7
officer	NN	1
officials	NNS	2
oft-quoted	JJ	1
often	RB	19
oh	UH	3
oi	NN	3	NNP	1
old	JJ	8
old-fashioned	JJ	2
older	JJR	4
olduvai	NNP	1
old—for	NN	1
omission	NN	1
omissions	NNS	1
omnipresent	JJ	1
on	IN	157	RB	1	RP	1
once	RB	9
one	CD	95	PRP	9
ones	NNS	1
onions	NNS	1
only	RB	41	JJ	4
onset	NN	1
onward	NNP	1
op-	NNP	1
open	JJ	2
open--	NNP	1
opened	VBD	1
opening	NN	1
opera	NN	1
opined	JJ	1
opinion	NN	2
opinions	NNS	1
opportunity	NN	1
opposite	NN	1
options	NNS	1
or	CC	82
orchestra—either	NN	1
order	NN	2
ordinary	JJ	3
organised	JJ	1
organization	NN	4
organize	VB	1
origin	NN	4	NNP	1
original	JJ	7
originality	NN	1
originally	RB	2
origins	NNS	3
ornaments	NNS	1
orphan	JJ	1
orton	NNP	2
ory	NNP	5
othello	NNP	3
other	JJ	46
others	NNS	11
ottoman	NNP	2
ought	MD	2
our	PRP$	15
ours	PRP	1
ourselves	PRP	1
out	IN	20	RP	11
outcrop	NN	1
outlaw	NN	1
outlook	NNP	1
outlying	JJ	1
outnumbered	VBD	1
output	NN	1
outrageous	JJ	2
outright	JJ	1
outside	IN	3
over	IN	22
over-blown	JJ	1
over-hasty	JJ	1
overconfident	NN	1
overkill	NN	1
overly	RB	1
own	JJ	14
owned	VBN	2	VBD	2
owners	NNS	1
ownership	NN	1
oxford	NNP	1
oxford-	NNP	1
oxygen	NN	2
oy	NN	3
oys	NNP	1
p	NN	13
package	NN	3
paddling	VBG	1
paganism	NN	1
page	NN	19	NNP	2
pages	NNS	7	NNP	1
paid	VBD	1
pain	NN	1
painful	JJ	1
paint	VB	1
painted	VBN	1
pair	NN	2
pajama	NN	1
pakistan	NNP	1
paleolinguistics	NNS	1
palestine	NNP	9
palestinian	JJ	8	NNP	3
palestinians	NNPS	2
palm	NN	1
pan	NNP	1
pansies	NNS	2
pansy	NN	2
pantheon	NN	1
panting	NNP	1
pants	NNS	5	NNP	4
paper	NN	8
papers	NNS	1
papyrus	JJ	1
paradise	NNP	2
paragraph	NN	1
paragraphs	NNS	1
paramours	NNS	1
parched	VBN	1
pardon	NN	2
pardon--it	JJ	1
pardoned	VBD	2
parent	NN	2
parents	NNS	2
paris	NNP	2
part	NN	10	NNP	1
partial-birth	JJ	2
partially	RB	2
participating	VBG	1
participial	NN	1
particular	JJ	5
particularly	RB	4
parties	NNS	1
parts	NNS	5
party	NN	3	NNP	1
passage	NNP	2	NN	2
passed	VBN	1	VBD	1
passes	VBZ	1
passing	VBG	1
past	JJ	4	RB	2	NN	2
pastime	NN	1
pastoralism	NN	1
pater	NNP	1
pathetic	JJ	1
pathetically	RB	1
patsy	NN	1
pattern	NN	1
paul	NNP	1
paula	NNP	3
pay	VB	2
peace	NN	1
peanuts	NNS	1
peasantry	NN	1
peasants	NNS	4
pecker	NN	3
pedersen	NNP	1
peggy	NNP	1
pejorative	JJ	1
pencil	NN	1
pendlebury	NNP	2
penn	NNP	3
penned	VBN	2
penny	NNP	1
people	NNS	21
peoples	NNS	1
perceived	VBN	1
percent	NN	15
perfect	JJ	1
perfectly	RB	2
perform	VB	4
performed	VBN	2
perhaps	RB	10
period	NN	1
periodically	RB	1
periodicals	NNS	1
permeate—	NN	1
permission—in	NN	1
permit	VB	1
permitted	VBN	1
permutations	NNS	1
perplexed	JJ	1
perrick	NNP	1
persian	NNP	2
person	NN	4
personal	JJ	1
personalities	NNS	1
personally	RB	2
persuasive	JJ	1
perth	NNP	1
pertinent	JJ	1
pest	NN	1
pet	NN	1
peter	NNP	1
petting	NNP	1
ph	NNP	1
phenomenon—only	RB	1
philander-protection	JJ	1
philandering	VBG	3
philippi	NNP	1
philosophical	JJ	1
philosophy	NN	1
phone	NN	1
phonetic	JJ	1
phonograph	NN	2
photographs	NNS	1
phrase	NN	7
phrases	NNS	2
phudnik	NN	1
phylum	NN	1
physically	RB	1
physics	NN	1
pi	NN	1
pick	VB	2
picked	VBD	1	VBN	1
picking	VBG	1
picks	VBZ	1
picture	NN	4	VBP	1
pictures	NNS	1
picturesque	NN	1
piece	NN	4
piecemeal	RB	1
pieces	NNS	2
pilgrims	NNP	1
pin	VB	1
pinter	NNP	1
pip	NN	1
pitch	NN	1
pitiful	JJ	1
pitt	NNP	1
pittman	NNP	1
pizz	NNP	1
pj	NNP	1
place	NN	12	NNP	1	VB	1
place-names	JJ	1
placed	VBN	1	VBD	1
placement	NN	1
places	NNS	3
plagiarism	NNP	1
plain	NNP	1
plainclothes	NNS	1
plaine	NN	1
plains	NNS	1
plaintiffs	NNS	1
plans	VBZ	1
play	VB	1
played	VBD	2	VBN	1
playground	NN	1
playing	VBG	1
plays	VBZ	1
plea	NN	1
pleading	VBG	1
pleads	NNP	1
please	VB	2
pleased	VBN	1
pleasure-plus-pride	JJ	1
pleasures	NNS	1
pledge	NN	1
plethora	NN	1
plots	NNS	1
plows	VBZ	1
ploy	NN	1
plunging	NN	1
plural	NN	1
poe	NNP	2
poem	NN	3
poems	NNP	1	NNS	1
poet	NN	3
poetic	JJ	2
poetry	NN	2	NNP	1
poignant	JJ	1
point	NN	13	VB	2
pointed	VBN	2
points	NNS	5	VBZ	1
poland	NNP	1
police	NN	1
policies	NNS	1
polish	JJ	3	VB	1
political	JJ	2
politically	RB	1
politican	NN	1
politico	NN	1
politics	NNS	3
poll	NN	1
polled	VBN	1
polls	NNS	1
pollsters	NNS	1
pollution	NN	1
polymath	NN	1
polynesian	NNP	1
polytechnic	NNP	1
pom-frit	NNP	1
pompous	JJ	1
ponds	NNS	1
pontefract	NNP	1
pool	NN	3
poor	JJ	3
pop	NN	1
popped	JJ	1
popular	JJ	3
population	NN	3
portrays	VBZ	1
portuguese	NNP	1
poses	VBZ	1
posit	NN	2
posited	JJ	1
position	NNP	1	NN	1
positively	RB	1
possesses	VBZ	1
possibilities	NNS	1
possible	JJ	4
possibly	RB	1
post	NNP	6
post-	NN	1
post-viability	JJ	4
posting	VBG	1
potential	JJ	1
pottery	NNP	1
pound	NNP	1	NN	1
powder	NN	2
powders	NNS	1
power	NN	4	NNP	2
pr	NNP	1
practice	VB	1	NN	1
practitioners	NNS	1
praise	NN	1
praised	VBD	1
praising	VBG	1
prayer	NN	1
prayer—	NNP	1
pre-	NN	1
pre-scripted	JJ	1
pre-viability	JJ	1
pre-viable	JJ	2
precedent	NN	1
preceding	VBG	5
preceeding	VBG	1
precepts	NNS	1
precious	JJ	1
precise	JJ	2
precisely	RB	1
precision	NN	1
predict	VBP	1
predicting	VBG	1
prediction	NN	1
prefer	VBP	1	VB	1
preference	NN	1
preferred	VBN	1
pregnancy	NN	5
pregnant	JJ	1
prehistoric	JJ	1
prehistory	NN	2
premature	JJ	1
prepared	VBD	1	VBN	1
prepense	NN	1
preposition	NN	1
prepositions	NNP	1
preposterous	JJ	1
prescriptive—perhaps	NNS	1
prescriptivism	NN	1
presence	NN	4
present	JJ	6	NN	1
presentation	NN	1
preserve	VB	2
president	NN	4
press	NN	6
prestige	NN	1
presumably	RB	1
pretty	RB	3
pretty-lilly-white	JJ	1
prevailing	VBG	1
prevent	VB	1
previous	JJ	4
price	NN	2
prices	NNS	1
pricking	VBG	1
pricks	NNS	1
pride	NN	1
pried	JJ	1
primary	JJ	1
primitive	JJ	2
princess	NNP	1
principal	JJ	2
principle	NN	1
printed	VBN	1
printer	NN	1
prints	VBZ	1
prior	RB	1
prison	NNP	1
private	JJ	2
prix	NNP	1
prize	NNP	1
pro-choicers	NNP	1
pro-life	JJ	1
probability	NNP	1
probably	RB	15
problem	NN	7
problematic	JJ	1
problems	NNS	4
procedure	NN	5	JJ	1
procedures	NNS	2
proceeded	VBD	2
proceedings	NNS	1
process	NN	1
proclaims	VBZ	1
produce	VBP	1	VB	1
produced	VBD	1	VBN	1
produces	VBZ	1
product-liability	NN	1
productivity	NN	1
profession	NNP	1
progenetic	JJ	1
progeny	NN	1
program	NN	4
programming	NN	1
programs	NNS	1
progress	NN	1
progressed	VBN	1
prohibit	VB	1
proliferating	VBG	1
prologe	NNP	1
prolonged	JJ	1
prominent	JJ	1
promise	NN	1
promised	VBD	1
promises	NNS	1
promulgate	NN	1
promulgated	VBD	1
promulgation	NN	1
pronoun	NNP	1	NN	1
pronounced	VBN	1
pronouns	NNP	2
pronunciation	NN	1
pronunciations	NNS	2
proof	NN	3
proofs	NNS	1
propagate	NN	1
properly	RB	1
property	NN	2	NNP	1
prophet	NN	1
proposal	NN	1
proposed	VBN	1
proposes	VBZ	1
proscriptive	JJ	1
prospect	NN	1
prostate	NN	1
prostrate	NN	2	NNP	1
protective	JJ	1
protest	NN	1
proto-	NNP	6
proto-dialects	JJ	1
prototypes	NNS	1
proud	JJ	1
proust	NNP	1
prove	VB	4
proven	VBN	1
provender	NN	1
provide	VB	4
provided	VBN	4
provides	VBZ	2
providing	VBG	1
proving	NNP	3
proviso	NN	1
proximity	NNP	1	NN	1
prurient	NN	1
pseudonyms	NNP	1
psycholinguistics	NNS	1
public	JJ	3	NN	2
public-opinion	JJ	1
publication	NN	3
publications	NNP	3
publicity	NN	2
publicize	VB	1
publicly	RB	2
published	VBN	6	VBD	2
publisher	NN	2
publishers	NNPS	1
pudd	NNP	1
pulled	VBD	1
pullet	NN	1
punch	NN	1
punctuated	JJ	1
punishment	NN	1
puns	NNS	2
purchase	NN	2	VB	1
purchased	VBN	1
purchases	NNS	2
pure-minded	JJ	1
purism	NN	1
puritan	NNP	1
purity	NN	1
purling	VBG	1
purple	JJ	1
purpose	NN	3
purposes	NNS	1
pursue	VB	1
pursuit	NN	1
push	VB	1
pushing	VBG	1
put	VB	3	VBD	3	VBN	2	NN	1
puts	VBZ	1
putz	NN	1
puzzle	NN	1
puzzling	NNP	3	JJ	1
pyramid	NN	1
pyramids	NNS	3
qualities	NNS	1
quality	NN	4
quantify	VB	1
quantity	NN	1
quarrel	VB	1
quarter	NN	1
queen	NN	1
queene	NNP	1
query	NNP	1
quest	NN	1
question	NN	3
questionable	JJ	1
questioned	VBN	1
questions	NNS	3
quick	JJ	1
quickly	RB	1	NNP	1
quiet	JJ	3	NNP	1
quigly	NNP	1
quipped	VBD	1
quite	RB	13
quixotically	RB	1
quotes	VBZ	1
quoting	VBG	2
r	LS	2	NNP	1	NN	1
rabbi	NNP	1
rabinowitz	NNP	5
race	NN	1
radio	NN	2
radiocarbon	NN	1
rag	NN	1
raid	NN	1
railed	JJ	1
railroad	NN	1
rails	NNS	1
raise	VB	1
raised	VBD	2	VBN	1
raises	VBZ	1
ramble	NNP	11	JJ	4
rambling	VBG	3
ran	VBD	1
randall	NNP	2
random	JJ	2	NNP	1
randomly	RB	1
range	NN	3
rank	NN	2
ranks	NNS	3
rape	NNP	3	NN	2
raped	VBD	1
rapidly	RB	1
rappaport	NNP	1
rare	JJ	1
rarely	RB	2
rates	NNS	2
rather	RB	10
rationale	NN	1
rats	NNS	1
raucous	JJ	1
raven	NNP	1
raw	JJ	2
ray	NNP	2
razor	NN	2
rd	NN	3
re	NNP	1
reached	VBN	2
reaction	NN	1
read	VB	6	VBP	2	NNP	1	VBN	1
readability	NN	1
reader	NN	5
readers	NNS	9
readily	RB	2
readiness	NN	1
reading	NN	6	VBG	5
readings	NNS	1
readme	NNP	1
reads	VBZ	3
ready	JJ	1
real	JJ	5
real-estate	NN	2
reality	NN	1
realizing	VBG	2
really	RB	11
realm	NN	1
reappeared	JJ	1
reason	NN	2
reasonable	JJ	1
reasoned	VBD	1
reasoning	NN	1
reasons	NNS	1
reassure	VB	1
rebecca	NNP	1
rebound	NN	1
recall	VBP	1	VB	1
receive	VB	2
received	VBD	2	VBN	2
receiving	VBG	1
recent	JJ	4
recently	RB	3
receptacle	NN	2
recognition	NN	1
recognizable	JJ	1
recognize	VB	1
recommend	VB	1
reconsideration	NN	1
reconstruction	NN	1
reconstructions	NNS	1
record	NN	1
recorded	VBD	2	VBN	1
recording	NN	3	VBG	1
records	NNS	6
recount	NN	1
recruiting	VBG	1
red	NNP	6	JJ	2
reddened	VB	1
reduced	VBN	1
refer	VBP	3	VB	1
reference	NN	7
references	NNS	3	NNP	1
referred	VBN	2	VBD	1
referring	VBG	3
refers	VBZ	2
refinement	NN	1
reflected	VBD	1
reflection	NN	1
reflects	VBZ	1
reflexes	NNS	1
reformer	NN	1
refractions	NNP	1
refreshing	JJ	1
refugees	NNS	1
refuse	VBP	1
refused	VBD	1	VBN	1
refute	VB	1
regarding	VBG	2
regardless	RB	3
region	NN	2
regis	NNP	1
regrets	VBZ	1
regularly	RB	1
regulate	VB	1
regulation	NN	1
reimburse	VB	1
reinforced	VBN	1
reinforcement	NN	1
reinforcing	VBG	1
rejected	VBD	1	VBN	1
related	VBN	5	NNP	1
relates	VBZ	1
relating	VBG	3
relation	NN	2
relations	NNS	1
relationships	NNS	2
relatively	RB	4
relativity	NNP	1	NN	1
release	NN	1
relevance	NN	2
relevant	JJ	1
relies	VBZ	1
relieved	VBD	1
religion	NN	1
religions	NNS	4
religous	JJ	1
relish	NN	1
reloaded	JJ	1
rely	VB	1
remained	VBN	1
remains	VBZ	1
remarked	VBD	1
remember	VB	3
remembrance	NN	1
reminded	VBN	1
reminds	VBZ	2
remnants	NNS	2
remote	NNP	1	JJ	1
remove	VB	2
renfrew	NNP	6
repeat	VB	1
repeating	VBG	2
repetitious	JJ	1
replaced	VBN	3
replied	VBD	1
report	NN	1
reported	VBN	3	VBD	2
reporter	NN	4
reporters	NNS	2
reporting	VBG	3
reports	NNS	8	VBZ	1
represent	VB	1
representation	NN	1
representing	VBG	2
represents	VBZ	1
reprinted	VBN	1
republican	JJ	1
reputable	JJ	1
require	VB	3	VBP	1
required	VBN	1
requiring	VBG	1
rescued	VBD	2
research	NN	1
researched	VBN	1
researcher	NN	1
resemblance	NN	1
resemblances	NNS	1
resemble	VBP	1	VB	1
resentment	NN	1
reservoir	NN	2
reset	NN	1
residents	NNS	1
resistance	NN	1
resold	VBN	1
resort	VB	1
respect	NN	2
respects	VBZ	2
respiration	NN	1
respirators	NNS	1
respiratory	JJ	1
responds	VBZ	1
responses	NNS	1
responsibility	NN	2
responsible	JJ	5
rest	NN	3
rested	VBD	1
restless	JJ	1
restrict	VBP	1
restricting	VBG	1
restrictions	NNS	2
result	NN	2
resulted	VBD	2	VBN	1
results	NNS	1
retained	VBD	1
retention	NN	1
return	NN	1
returned	VBD	1
reveal	VB	2
revealed	VBD	1
reveals	VBZ	1
revelation	NN	1
revenge	NN	1
review	NN	5	NNP	1	VB	1
reviewed	VBN	1
reviewers	NNP	1
reviews	NNP	1
revise	VB	1
revision	NN	1
revisionists	NNS	1
revolted	JJ	1
rewriting	VBG	2
rexroth	NNP	1
rhymed	VBD	1
rich	JJ	2
richard	NNP	1
rickety	JJ	1
riddled	JJ	1
ride	NNP	1
ridiculous	JJ	1
riding	VBG	1
rifle	NN	1
rifleman—	NN	1
right	NN	8	JJ	3	RB	1
ring	VBP	1
riot	NN	1
riots	NNS	2
rise	NN	1
rising	VBG	1
risk	NN	1
risks	NNS	1
risky	JJ	1
ritual	NN	1
rivalry	NN	1
river	NNP	1
rivulets	NNS	1
roadmapped	JJ	1
rob	NNP	1
robert	NNP	3
rochester	NNP	1
rock	NN	2
rock-hole	JJ	1
rock-holes	JJ	1
rocks	NNS	2
rodale	NNP	1
rodham	NNP	1
roe	NNP	4
role	NN	5
roll	NN	1
rolling	NNP	1
roman	NNP	3
romans	NNP	1
romanticism	NNP	1
room	NNP	2	NN	2
roosevelt	NNP	1
roots	NNP	1	NNS	1
rosalind	NNP	3
rose	VBD	1
rosetta	NNP	1
rosily	RB	1
rosten	NNP	2
rosy	NNP	2
rough	JJ	1
round	NN	3
rounded	JJ	1
routes	NNS	1
rows	NNS	1
roy	NNP	2
rpm	NN	2
rubble	NN	1
rudy	NNP	1
rue	NN	2
ruefully	RB	1
ruins	NNS	2
rule	NN	2	VB	1
ruled	VBD	2
rulers	NNS	1
rules	NNS	1
rumania	NNP	1
rumors	NNS	1
run	VB	5	VBP	1	NN	1
running	VBG	2
runs	VBZ	3
rupert	NNP	1
rural	JJ	2
russia	NNP	1
russian	JJ	3
s	VBZ	9	NNP	5
sacrament	NNP	1
safe	JJ	1
safe-o	JJ	1
safire	NNP	11
said	VBD	20	VBN	2
salaries	NNS	1
sale	NN	2
sales	NNS	4
salesclerk	NN	1
saloons	NNS	2
salt-bogs	JJ	1
salvation--hers	NNP	1
sam	NNP	1
same	JJ	22
sample	NN	1
sampling	VBG	1
samuel	NNP	1
san	NNP	1
sand	NN	3
sandbanks	NNS	1
sanderson	NNP	1
sandra	NNP	1
sanskrit	NNP	1
sapiens	JJ	2
sappho	NNP	1
sauce	NN	1
saudi	NNP	1
savants	NNS	1
saved	VBD	1
saw	VBD	1
sawed	JJ	1
sax	NN	1
say	VB	15	VBP	7
saying	VBG	2
sayings	NNS	1
says	VBZ	10
scaffold	NN	2
scale	NN	1
scan	VB	1
scarce	JJ	1
scarcities	NNS	1
scarely	RB	1
scarus	NNP	1
scene	NNP	3	NN	1
scheme	NNP	1
schenkerman	NNP	1
schlemiel	NN	2
schlep	NN	2
schliemann	NNP	1
schlimazel	NN	2
schlock	NN	1
schlub	NN	1
schmeer	NN	1
schmegegge	NN	1
schmendrik	NN	1
schmidt	NNP	1
schmo	NN	1
schmuck	NN	1
schnook	NN	1
schnoz	NN	1
scholar	NN	2
scholarly	JJ	1
scholars	NNS	1
scholarship	NN	1
school	NN	2
schooldays	NNP	1
schuster	NNP	3
science	NNP	1	NN	1
scientific	NNP	2
score	NN	3
scores	NNS	2
scoring	VBG	1
scotland	NNP	1
scott	NNP	2
scottishness	NNP	1
scrap	NN	1
scrapping	VBG	1
scratched	VBN	1
screen	NN	3
screw	NN	2
screwed	VBN	2	VBD	1
script	NN	1
scripture	NN	1
scroll	NN	1
scrooge	NNP	1
scum	NN	1
sea	NNP	2	NN	1
search	NN	3
sears	NNP	2
season	NN	1
seat	NN	1
second	JJ	4
secret	JJ	1
secretarial	JJ	1
secretary	NNP	4	NN	1
secretly	RB	1
section	NN	4	NNP	1
sector	NN	1
security	NN	3
sedley	NNP	2
see	VB	7	VBP	1
seeds	NNS	1
seeking	VBG	1
seem	VBP	7	VB	4
seemed	VBD	3
seems	VBZ	10
seen	VBN	7
sei	NN	1
seidlitz	NNP	1
seldom	RB	3
select	VB	1
selected	VBN	1
selection	NN	2
self-indexing	JJ	1
self-inflicted	JJ	1
sell	VB	1
seller	NN	1
sellers	NNS	1
selling	VBG	2	NNP	1
selwyn	NNP	1
semantic	JJ	1
semi-serious	JJ	1
semitic	NNP	1
sen	NNP	1
senate	NNP	9
send	VB	1
sends	VBZ	1
senior	JJ	1
sense	NN	6
senses	NNS	1
sense—but	NN	1
sensible	JJ	1
sensitivity	NN	1
sent	VBD	2	VBN	1
sentence	NN	3
sentiment	NN	1
separate	JJ	2
separated	JJ	1
seq	NN	1
sequence	NN	1
series	NN	1
serious	JJ	2
service	NN	4
services	NNS	2
set	VBN	5	NN	1	VBD	1
sets	NNS	2	VBZ	1
settle	VB	2
settlement	NN	2
settlers	NNS	2
seven	CD	2
seven-league	JJ	1
several	JJ	8
sexual	JJ	2
seymour	NNP	1
shakespeare	NNP	1
shall	MD	2
shallow	JJ	2
sham	NN	1
shape	NN	1
share	VB	1	NN	1
sharon	NNP	1
sharp	NNP	1	JJ	1
shaver	NN	1
she	PRP	44
sheath	NN	1
sheer	JJ	1
shelby	NNP	2
shelley	NNP	2
shelter	NN	1
sherry	NN	1
shibboleths	NNS	2
shift	NN	2
shifting	VBG	2
shifts	NNS	3
shining	VBG	1
ship	NN	1
shoddy	JJ	1
shoe-horn	VB	1
shoot	VB	1	NN	1
shopkeepers	NNS	1
shops	NNS	1
short	JJ	5
shortcomings	NNS	1
shortly	RB	1
shot	NN	2
shotglass	NNS	1
should	MD	6
shoulder	NN	2
shouts	VBZ	1
show	NN	2
shower	VB	1
showing	VBG	1
shown	VBN	1
shows	VBZ	5
shuffling	VBG	1
sic	JJ	3
side	NN	2
sidelight	NN	1
sighed	VBD	1
sign	NN	1
significance	NN	2
significant	JJ	4
signs	JJ	1	NNS	1
silent	JJ	1
silently	RB	1
silicon	NNP	1
similar	JJ	5
similarly	RB	2
simon	NNP	3
simple	JJ	5
simply	RB	5
since	IN	16
sincerity	NN	1
sing	VBP	3	NNP	2
singed	JJ	1
singer	NNP	1
single	JJ	3
single-minded	JJ	1
single-shot	JJ	1
singular	NN	1
sino-	NNP	1
sir	NNP	4	NN	2
sister	NN	1
site	NN	4
sites	NNS	2
sitting	VBG	1
situation	NN	2
six	CD	2
six-volume	JJ	1
sixteen	NN	1
sixth	JJ	1
sixty-one	NNP	1
size	NN	1
skid	NN	1
skids	NNS	1
skillfully	RB	1
skin	JJ	1
skins	NNS	2
skull	NN	2
slang	NN	3
slanguist	NN	1
slap-stickish	JJ	1
slaves	NNS	3
slavic	NNP	2
slavish	NN	1
sleep	VB	1
slept	VBD	1
slew	NN	1
slightly	RB	1
slightly--	JJ	1
slipped	VBD	2
slogging	VBG	1
sloguing	VBG	1
slow	JJ	1
slower	JJR	1
slugging	VBG	1
sluggishly	RB	1
smack	RB	2
small	JJ	7
smallweed	NNP	1
smart	JJ	1
smart-boy	JJ	1
smiles	VBZ	1
smith	NNP	2
smithills	NNP	1
smiths	NNP	1
smoke	NN	3
smoking-related	JJ	1
smoothed	VBN	1
smuggle	VB	1
smuggled	JJ	1
snapshot	NN	1
snicker	NN	1
snigger	NN	1
sniggered	JJ	1
snook	NN	1
so	RB	39	IN	6
so--that	NNP	1
so-called	JJ	1
soaks	NNP	1	NNS	1
sober	JJ	1
soberly	RB	1
sobriety—a	NN	1
social	JJ	3
socialist	JJ	1
societies	NNS	2
soft	JJ	2
software	NN	1
sold	VBD	1	VBN	1
soldier	NN	1
soldiers	NNS	2
solicitor	NN	1
solid	JJ	1
some	DT	52
somebody	NN	2
somehow	RB	1
someone	NN	5
somerset	NNP	1
something	NN	6
sometime	RB	1
sometimes	RB	6
somewhat	RB	3
somewhere	RB	2
son	NN	1
song	NN	1
sonograms	NNP	1
soon	RB	3
sooner	RBR	1
sophisticated	JJ	1
sophomore	NN	1
sorely	RB	1
sorry	JJ	1
sort	NN	5	VB	1
sought	VBD	1	VBN	1
soul	NN	1
souls	NNS	1
sound	NN	2	VBP	1
sounds	VBZ	1
soup—all	NN	1
source	NN	4
sources	NNS	5
southern	JJ	2
sovereignty	NN	1
sow	VBP	3
space	NN	2
spanier	NNP	1
spanish	JJ	1
sparse	NN	2
spawned	VBN	1
speak	VBP	2	NNP	1
speaker	NN	1
speakers	NNS	4
speaking	NN	2	VBG	1
speaks	VBZ	1
special	JJ	4
specialist	NN	1
specialized	JJ	1
specializing	VBG	1
specific	JJ	1
specifically	RB	1
specimens	NNS	1
speculate	VB	2
speculation	NN	2
speculative	JJ	2
speech	NN	3	NNP	1
speeding	VBG	1
spelling	VBG	1	NN	1
spelt	NN	3
spend	VB	1
spenser	NNP	1
spent	VBN	1
spill	NN	1
spills	VBZ	1
spinifex	NNP	1
spinner	NN	1
spinning	JJ	1
spirit	NN	1
spiritual	NN	1
spit	NN	2
splash	NN	1
splits	VBZ	1
spoke	VBD	1
spoken	VBN	4
sponsor	NN	1
sponsorisation	NN	1
sponsoriser	NN	1
spoonerisms	NNS	1
sport	NN	2
spot	NN	1
sprang	VBD	1
spread	VBP	1	NN	1	VBD	1
spreads	NNS	1
spring	NN	1
springs	VBZ	2
sprung	VBN	1
spurious	JJ	1
square	VB	2	NN	2	JJ	1
st	NNP	1	NN	1
stab	NN	1
stack	VB	2
stacks	NNS	1
stage	NN	2
stages	NNS	1
stake	VB	2	NN	2
stalemate	NN	2
stalin	NNP	1
stan	NN	1
stand	VBP	1	NN	1
standard	JJ	2
standardization	NN	2
standards	NNS	2
standing	NN	2
standpoint	NN	1
starr	NNP	1
start	VB	1	NN	1
starting	VBG	1
startled	VBD	1
startling	JJ	2
stat	NN	1
state	NN	7	VB	1	NNP	1
states	NNS	11	NNPS	2
static	JJ	1
station	NNP	2
stations	NNPS	1
status	NN	1
stayed	VBD	1
stays	VBZ	1
steeper	JJR	1
steinbeck	NNP	1
stench	NN	1
step	NN	4
stephanopoulos	NNP	18
stephanopoulos--as	NNP	1
stepped	VBD	1
steppes	NNS	1
stepping	VBG	1
stereo	NNP	1
steve	NNP	3
steven	NNP	1
stick	VB	2
sticky	JJ	1
still	RB	13
stimulating	VBG	1
stock	NN	3
stone	NNP	1	NN	1
stones	NNS	2
stony	NN	1
stood	VBD	1
stooge	NN	1
stoop	NN	1
store	NN	3
stories	NNS	2
story	NN	14
story--and	JJ	1
stowe	NNP	2
straddle	NN	2
straddles	NNS	1
straight	JJ	1
straightforward	JJ	1
strange	JJ	3
strategy	NN	1
stream	NN	5	NNP	1
streams	NNS	1
street	NNP	4
stretch	NN	1
stricken	VBN	1
strict	JJ	1
strictly	RB	1
strident	JJ	1
strike	NN	1
strikes	VBZ	1
striking	JJ	1
stroke	NN	1
strong	JJ	1
strongman	NN	1
structural	JJ	1
structure	NN	3
struggle	NN	1
strutting	VBG	1
student	NN	1
studied	VBD	1
studies	NNPS	1
study	NN	6
stuff	NN	1
stupidity	NN	1
style	NN	5
styled	VBN	1
stylistic	JJ	1
stylus	JJ	1
stymied	VBN	1
sub-listings	JJ	1
subfamilies	NNS	1
subject	NN	6	JJ	3
subjected	VBN	1
subjectively	RB	1
subjects	NNS	1
subjugate	NN	1
submitted	NNP	3
subscriber	NN	1
subscribers	NNS	1
subsequent	JJ	1
subside	NN	1
subsistence	NN	1
substance	NN	1
substantial	JJ	1
substantially	RB	1
subtext	NN	1
subtheme	NN	1
subtitling	VBG	1
subtle	JJ	1
suburbs	NNS	1
success	NN	1
successes	NNS	1
successfully	RB	1
such	JJ	24	PDT	1
suctioned	JJ	1
suddenly	RB	1
suffer	VB	1
sufficient	JJ	1
suffuse	NN	1
suggest	VB	2
suggested	VBD	2	VBN	1
suggesting	VBG	2
suggestion	NN	1
suggestions	NNS	1
suggests	VBZ	6
suharto	NNP	1
suicide	NN	2
suitability	NN	1
suitable	JJ	2
suitor	NN	1
suits	NNS	1
sum	NN	1
summarize	VB	1
sun	NNP	1
sunburnt	NN	1
sunday	NNP	1
sundays	NNS	1
sunk	VBN	1
superiority	NN	1
supplement	NNP	1
supplemented	JJ	1
supplies	NNP	1
supplies—powder	NN	1
support	VB	1	NN	1
supported	VBD	1	VBN	1
suppose	VB	2	VBP	1
supposed	VBN	1
supreme	NNP	3
sure	JJ	8
surely	RB	1
surface	NN	2
surgeon	NN	1
surprise	NN	1
surprised	VBN	1
surprises	NNS	1
surprising	JJ	1
survey	NN	7
survival	NN	6
survive	VB	1
survivors	NNS	2
suspect	VBP	1	VB	1
suspicious	JJ	2
sustained	VBN	1
sustaining	VBG	1
sutoraike	NN	1
swedish	JJ	2
sweep	VB	1
sweet	JJ	2
swelled	VBD	1
swimming	NN	1
swinging	VBG	1
sword	NN	2
syllable	NN	1
syllables	NNS	1
symbolic	JJ	1
symbolism	NN	1
symptoms	NNS	1
synonym	NN	5	NNP	2
synonyms	NNS	13	NNP	1
synonymy	NN	1
syrian	JJ	1
system	NN	5
systematic	JJ	1
systems	NNS	1
t	NN	2
tablets	NNS	2
tackle	VB	1
tactics	NNS	1
take	VB	6	NN	1
taken	VBN	8
takes	VBZ	2
taking	VBG	2
tale	NN	1
tales	NNS	1
talk	VB	2
talking	VBG	1
tamerlano	NNP	1
tangles	NNP	1
tank	NN	4
tantamount	JJ	1
tap	VB	1
tape	NN	1
target-accurate	JJ	1
taste	NN	1
taught	VBN	1
taunting	NN	1
tax	NN	1
teaching	VBG	1
team	NN	2
teamwork-oriented	JJ	1
tearing	VBG	1
tease	NN	1
techniques	NNS	2
technologist	NN	1
technology	NN	7
ted	NNP	1
teens	NNS	1
teeth	NNS	2
telegenically	RB	1
telephone	NN	1
television	NN	2
tell	VBP	1	VB	1
telling	VBG	1
tells	VBZ	5
temper	NN	1
temple	NNP	1
ten	CD	4
tenants	NNS	1
tend	VBP	1
tendencies	NNS	1
tendon	NN	1
tennis	NN	1
tenor	NN	1
tens	NNS	2
teresa	NNP	1
term	NN	4
terminology	NN	1
terms	NNS	6
terracotta	NN	1
terribly	RB	1
territory	NN	2
terrorism	NN	1
tests	NNS	2
texas	NNP	4
text	NN	4
th	NN	13
th-century	JJ	1
thackeray	NNP	2
than	IN	32
thanks	NNS	1
that	IN	202	DT	64	WDT	54
the	DT	1260	NULL	1
theft	NN	1
their	PRP$	49
them	PRP	33
theme	NN	2
themes	NNS	1
themselves	PRP	5
then	RB	14
theology	NN	1
theoretical	JJ	1
theorized	VBD	2
theory	NN	7	NNP	1
theory—notwithstanding	VBG	1
there	EX	50	RB	10
thereby	RB	1
therefore	RB	2
thesaurus	NNP	1
these	DT	20
thesis	NN	1
they	PRP	55
thick	JJ	1
thickness	NN	1
thief	NN	3
thing	NN	7
things	NNS	8
think	VBP	16	VB	8
thinking	VBG	3	NN	1
third	JJ	6	NNP	1	NN	1
thirds	NNS	1
thirsty	JJ	3
thirty	CD	1
this	DT	87
thomas	NNP	1
thompson	NNP	2
those	DT	25
thou	NN	1
though	IN	10	RB	1
thought	VBD	13	NULL	1	NN	1	VBN	1
thoughts	NNS	3
thousand	CD	4
thousands	NNS	4
threat	NN	1
threats	NNS	2
three	CD	13
throat	NN	1
through	IN	15
throughout	IN	2
through—so	NN	1
throw	VB	1
thrown	VBN	2	NNP	1
throws	VBZ	1
thus	RB	2
thy	NNP	1
tiberias	NNP	1
tibetan	NNP	1
ticking	VBG	1
tidy	JJ	1
till	IN	1
time	NN	21	NNP	1
timeless	JJ	1
times	NNP	32	NNS	7
timing	NN	1
timothy	NNP	2
tinkering	NN	1
tiny	JJ	2
title	NN	11	NNP	1
to	TO	507
tobacco	NN	1
tocharian	NNP	1
today	NN	17	NNP	2	RB	1
toes	NNS	1
together	RB	4
toilet	NN	1
token	JJ	2
told	VBD	4	VBN	2
tolerate	VB	1
tom	NNP	4
tomb	NN	1
tommy	NNP	1
tomorrow	NN	1
tongue	NN	3	NNP	1
tongues	NNS	1
tonight	NN	1
tony	NNP	1
too	RB	19
too-wicked	JJ	1
took	VBD	5
tools	NNS	1
top	JJ	2	NN	1
top-of-the-front	JJ	1
topic	NN	1
topics	NNS	1
torpenhow	NNP	1
total	NN	4	JJ	1
touch	NN	1
tougher	JJR	1
toward	IN	3
town	NN	1
towns	NNS	1
trace	VB	2
track	NN	2
tracts	NNS	1
trad	NN	1
traded	VBD	1
traditional	JJ	1
traditionally	RB	1
train	NN	1
training	NN	1
trampled	VBN	1
translated	VBN	2
translating	VBG	1
translation	NN	2
transylvania	NNP	1
trappers	NNS	1
traveled	VBN	1
travelers	NNS	1
treachery	NN	1
treading	VBG	1
treads	VBZ	1
treasury	NNP	1
treating	VBG	2
treatment	NN	4
treats	VBZ	1
tree	NN	1
trees	NNS	1
trench	NN	2
trenches	NNS	1
trial	NNP	1	NN	1
trial--	JJ	1
tried	VBD	3	VBN	1
triggered	VBN	1
trimester	NN	2
trip	NN	1
trips	NNS	1
triumph	NN	1
triumphing	VBG	1
trivial	JJ	2
trivialities	NNS	1
trombone	NN	1
trouble	NN	2
troubles	NNS	1
troublesome	NNP	1
trousers	NNS	1
troy	NNP	2
true	JJ	7
truly	RB	1
trumpeters	NNS	1
truth	NN	1
try	VB	2
trying	VBG	2
tsuris	NNS	1
tuesday	NNP	1
tulkinghorn	NNP	1
tune	NN	4
tunes	NNS	1
turkestan	NNP	1
turkmenia	NNP	1
turn	NN	3	VBP	1
turned	VBD	5
turning	NNP	1	VBG	1	NN	1
turns	VBZ	1
turntable	JJ	1
tv	NN	2
twain	NNP	1
twelve	CD	1
twentieth	NNP	1	NN	1
twenty	CD	1
twenty-eight	JJ	1
twice	RB	3
twist	NN	1
two	CD	29
type	NN	2
types	NNS	1
typical	JJ	1
typically	RB	1
typing	VBG	1
typographical	JJ	4
typos—at	NN	1
tyson	NNP	1
u	NNP	6
ultimate	JJ	1
ultimately	RB	2
umpteenth	NN	1
un-	NN	1
unable	JJ	1
unabridged	NNP	1
unaccountably	RB	1
unanimous	JJ	1
unattractive	JJ	1
uncaring	VBG	1
uncle	NNP	2
uncommon	JJ	1
uncorrected	JJ	1
under	IN	8
underground	JJ	1
understand	VBP	1
understandable	JJ	1
understandably	RB	1
understood	VBN	2
undertaken	VBN	1
undeserved	JJ	1
undisciplined	JJ	1
undistinguished	JJ	1
undoubtedly	RB	1
unearths	NNS	1
unembarrassed	JJ	1
unethical	JJ	1
unfair	JJ	1
unfavorable	JJ	1
unfortunate	JJ	1
unfortunately	RB	3
uniform	NN	1
unimportant	JJ	2
uninitiated	JJ	1
union	NN	1
unique	JJ	1
united	NNP	2
units	NNS	1
universities	NNS	1
university	NNP	2	NN	1
unjustifiably	RB	1
unknown	JJ	1
unless	IN	2
unlikely	JJ	2
unload	VB	1
unmentionable	JJ	1
unmistakably	RB	1
unmitigated	JJ	1
uno	NN	1
unpleasant	JJ	1
unrecognizable	JJ	1
unregenerate	NN	1
unrevised	JJ	1
unsuccessful	JJ	1
unsuitable	JJ	1
unsympathetic	JJ	1
until	IN	3
unto	IN	1
untrained	JJ	1
unusual	JJ	1
unusually	RB	1
unwanted	JJ	1
up	RP	22	RB	14	IN	5
update	NNP	1
uphill	JJ	1
upon	IN	5
upper	JJ	1
urban	NNP	1	JJ	1
urdang	NNP	9
urges	VBZ	1
urging	VBG	1
urheimat	NNP	1
ursprache	NNP	1
us	PRP	13
usa	NNP	2
usage	NN	8	NNP	3
usages	NNS	2
usat	NNP	3
use	NN	10	VB	6	VBP	2
used	VBN	17	VBD	4
useful	JJ	9
usefully	RB	1
user	NN	1
uses	VBZ	5
use—his	NNS	1
using	VBG	7
usually	RB	11
utility	NN	1
utmost	JJ	1
uttered	VBD	2
utterly	RB	3
utters	NNS	1
v	NNP	4
vague	JJ	2
validity	NN	2
valley	NNP	3
valuable	JJ	1
vampire	NN	2
vanished	VBN	1
vanity	NNP	4
variance	NN	1
variants	NNS	4
variation	NN	2
varies	VBZ	1
varieties	NNS	1
variety	NN	2
various	JJ	4
variously	RB	2
vary	VBP	1
varying	VBG	1
vast	JJ	3
vaughan	NNP	1
vay	NN	2
vegetable	NN	1
vein	NN	1
ventilator	NN	2
ventilators	NNS	1
ventris	NNP	2
venus	NNP	2
verb	NN	4
verbatim	NNP	6
verifying	VBG	1
vernon	NNP	1
versatile	NN	1
verse	NN	1
version	NN	5
very	RB	17	JJ	1
veteran	NN	1
veterans	NNS	2
vey	NN	1
vi	NNP	4
viability	NN	9	NNP	2
viable	JJ	11
vic	NNP	1
vice	NN	1
victim	NN	1
victorian	JJ	1
victory	NN	1
victrola	NNP	1
view	NN	2
viewed	VBN	1
vii	NNP	2
viii	NNP	1
village	NN	2
vintage	NN	1
violated	VBD	1
violent	JJ	1
virgin	NNP	1	JJ	1
virginia	NNP	2
virtually	RB	1
virtue	NN	1
virtues	NNS	1
visitor	NN	1
visually	RB	1
vituperative	JJ	1
viva	FW	1
vivid	JJ	3
vocabulary	JJ	4
voce	NN	1
vol	NNP	2
volga	NNP	1
voters	NNS	1
vowels	NNS	2
vows	VBZ	1
vs	NNS	4
w	NNP	1
wade	NNP	1
wadi	NNP	1
wait	VB	2
waiting	VBG	1
wales	NNP	1
walked	VBD	1
walker	NNP	1
wall	NNP	4	NN	2
wallowing	VBG	1
wanna	NN	1
want	VBP	1	VB	1
wanted	VBD	1
wants	VBZ	3
war	NNP	8	NN	7
warburton	NNP	2
warfare	NN	1
warns	VBZ	1
warriors	NNS	1
was	VBD	131
wash	NNP	1
washington	NNP	4
wasteful	JJ	1
watch	VB	1
water	NN	21	VB	3
water-courses	JJ	2
water-hole	JJ	1
water-obsessed	JJ	1
waterloo	NNP	1
watery	JJ	1
watson	NNP	1
wave	NN	3
waves	NNS	1
wavy	NN	1
waxing	VBG	1
way	NN	18
ways	NNS	1
we	PRP	50
weakness	NN	1
wealthy	JJ	1
weapon	NN	1
weapons	NNS	1
weapon—could	NN	1
wear	VB	1
weather	VB	1	NN	1
webb	NNP	1
webbed	JJ	1
webster	NNP	4
wed	VBN	1
week	NN	21	NNP	1	JJ	1
weeks	NNS	3
weems	NNP	1
weigh	VBP	1
weight	NN	1
welcomed	VBD	1
welfare	NN	1
well	RB	20
well-off	JJ	1
well-rounded	JJ	1
wells	NNS	4
went	VBD	4
wept	VBD	1
were	VBD	53
wesley	NNP	1
west	NNP	4	NN	1
western	JJ	4
westward	RB	2
what	WP	43
whec	NNP	1
when	WRB	51
whence	NN	1
whenever	WRB	1
where	WRB	34
whether	IN	13
which	WDT	91
while	IN	12
whimsical	JJ	1
whinger	NN	2
whiny	NN	1
whinyard	NN	1
whiskey	NN	1
white	NNP	2	JJ	1
whitman	NNP	2
who	WP	56
whole	JJ	6
whom	WP	1
whopsle	NNP	1
whose	WP$	8
why	WRB	12
widdowson	NNP	1
widely	RB	1
widespread	JJ	2
wif	NN	1
wife	NN	4	NNP	1
wild	JJ	4
wildly	RB	1
will	MD	37	NNP	1
william	NNP	5
williams	NNP	2
wilson	NNP	1
wind	NN	2
windo	NNP	1
wine	NN	2
wines	NNS	1
wino	NN	1
winter	NN	1
wisdom	NN	4
wise	JJ	3
with	IN	131
within	IN	3
without	IN	10
witnesses	NNS	2
witty	JJ	2
wives	NNS	1
wo	MD	2
woe	NN	1
wolves	NNP	1
woman	NN	12
womanhood	NN	1
womb	NN	2
women	NNS	18	NNP	6
wonder	VBP	3	VB	2	NN	2
wondered	VBD	1
wonders	VBZ	2
wooden	JJ	1
woods	NNS	1
word	NN	27	NNP	4
word-borrowing	JJ	1
word-final	JJ	1
word-processing	NN	1
wording	NN	1
words	NNS	34	NNPS	4
wore	VBD	1
work	NN	15	VBP	1	VB	1
worked	VBD	2
working	VBG	2	NN	1
workmen	NNS	1
works	VBZ	4	NNS	4	NNP	1
world	NN	12	NNP	5
worldwide	NN	1
world—	NN	1
worse	JJR	1
would	MD	46
wounded	VBN	1
wp	NNP	3
wreaked	VBD	1
wretched	JJ	1
wriggled	JJ	1
wright	NNP	1
wrinkled	JJ	1
wrist	NN	1
write	VB	5	VBP	1
writer	NN	3
writer-reader	JJ	1
writers	NNS	8	NNPS	2
writes	VBZ	3
writing	VBG	8	NN	1
writings	NNS	2
written	VBN	6
wrong	JJ	6
wrongdoers	NNS	1
wronged	NNP	1
wrote	VBD	4
wsj	NNP	2
wwii	NNP	1
wyf	NNP	1
x	NNP	1	NN	1
xiii	NNP	1
xlvii	NNP	1
xv	NNP	6	NN	1
xvi	NNP	1
xxi	NNP	1
xxiv	NNP	1
xxvii	NNP	1
xxxi	NNP	1
xxxiii	NNP	1
xxxiv	NNP	1
xxxvii	NNP	1
y	NNP	4
yards	NNS	1
yarn	NN	1
yassir	NNP	1
year	NN	3
year-old	JJ	1
years	NNS	22
yeats	NNP	1
yenta	NN	1
yesterday	NN	1
yet	RB	4
yiddish	JJ	22
yield	VB	2	NN	1
yielding	VBG	1
yinglish	NNP	1
yo	NN	2
york	NNP	15
you	PRP	49
young	JJ	2
your	PRP$	9
yours	NNS	1
youth	NN	3
zaftig	NN	1
zdatny	NNP	1
zealand	NNP	1
zero	CD	1
zhao	NNP	1
zie	NNP	1
zionism	NNP	2
zionists	NNP	3
zipper	NN	1
zones	NNS	1
—	NN	10
