!	62
"	403
#	4
$	26
%	7
&	19
'	87
'd	8
'em	1
'll	3
's	63
(	108
)	112
*	6
+	4
,	1619
-	73
--	36
.	1432
..	1
...	65
....	3
.....	1
......	1
/	40
0	2
00	4
000	6
01	10
02	9
03	5
04	8
05	4
06	10
07	5
08	13
09	11
1	18
1,000	1
1,900	3
10	24
100	12
100-level	1
11	19
11th	1
12	15
127	2
13	6
130	1
14	8
14-hour	1
140	1
14th	2
15	2
1500	1
159	1
16	11
16th	2
17	9
1798	1
17th	1
18	6
1805	1
187	2
19	45
1920	1
1968	1
1973	1
1976	1
1979	1
1985	2
1994	1
1996	1
1997	2
1st	2
2	17
2-6	1
2.0	1
20	16
2000	2
2001	2
2002	1
2004	1
2005	4
2006	2
2007	1
2008	6
2009	42
2010	98
2012	1
2014	3
21	6
21st	4
22	5
23	6
24	7
24-hour	1
25	6
26	6
27	13
28	2
29	5
3	25
3,500	1
30	16
300	1
3000	1
31	6
33	1
35	2
36	1
37	2
39	2
3rd	1
4	14
4-part	1
40	4
41	3
42	3
43	3
44	1
45	2
46	2
473	3
48	1
49	2
5	15
50	6
500	1
5034	15
51	1
52	3
53	7
54	2
550	1
56	2
57	3
58	1
59	3
6	7
60	3
600,000	1
66	1
7	11
70	4
75	2
779	1
786	1
79	2
8	6
80	1
8489	1
85	2
86	3
87	1
9	16
90	2
900,000	1
92	1
98	1
982	1
:	344
;	47
=	3
>	4
?	132
???	1
@	5
NULL	22
[	10
]	10
_	8
a	663
a-rod	3
ab	1
abandon	3
abandoned	2
abide	1
ability	8
able	3
about	109
above	11
absolutely	6
abundance	1
academic	12
academics	2
accept	3
access	5
acclaimed	1
accommodate	1
accomplish	4
accord	7
account	2
accrue	1
accumulate	1
accurate	2
accurately	2
accusation	1
acephalous	2
achieve	10
achievement	2
acidic	1
acknowledgement	1
acquired	2
acre	1
across	7
act	7
action	6
active	2
actively	1
activist	1
activity	7
actress	1
actual	7
actually	12
ad	3
ad-lib	1
adam	1
add	12
added	2
addition	3
additionally	2
address	4
adhere	2
adjacent	1
adjudicate	1
adjust	1
administer	2
administration	6
admit	2
adobe	1
adorable	1
adult	4
advantage	2
advice	2
advisor	1
advisory	1
advocate	4
adx	1
affable	1
affect	2
afghanistan	1
aforemention	1
afraid	1
african-	2
after	32
afternoon	4
ag	2
again	12
againand	1
against	19
age	4
agenda	1
agent	3
ago	4
agrarian	1
agree	10
agreement	1
agriculture	2
ahh	1
aim	2
aint	1
air	2
airwave	1
akin	1
al	1
alaska	1
albany	2
alchohol	1
alcohol	30
alcoholic	2
alean	1
alert	5
alex	2
alexander	1
aliens	1
alkau	2
all	113
all-dsy	1
all-encompassing	1
allah	4
allonflum	1
allot	1
allow	9
almost	2
alone	7
alone--a	1
along	5
alongside	1
already	12
also	27
alter	1
alternatively	1
although	5
alum	1
alway	5
always	6
alzheimer	1
am	10
amateur	1
amaze	1
amazing	1
ambience	1
amc	2
amend	3
amendment	20
america	10
american	22
among	6
amount	9
an	105
analysis	2
analytical	1
anarchic	1
anarchically	1
anarchist	1
anarchy	6
and	675
andrew	7
angel	1
anger	3
angle	1
angolini	1
animal	1
animate	1
anirban	1
annarchy	1
anne	2
announce	1
announcement	3
another	13
another--gather	1
answer	6
antagonistic	1
anti-	2
anti-capitalist	1
anti-competition	1
anticipate	1
antipathy	1
anus	5
any	44
anybody	1
anymore	2
anyone	16
anything	15
anyway	4
anywhere	2
apart	1
apartment	2
apeshit	1
apocalypse	1
apocalyptic	3
apparently	4
appeal	2
appear	7
appearance	4
appease	1
appellation	3
appered	1
applaud	1
appliance	2
appreciate	4
appreciative	1
approach	6
appropriate	2
approval	2
approve	6
approximately	2
april	15
apron	1
apt	1
arable	1
archetype	2
architecture	1
archive	3
area	14
arena	2
argue	8
argument	6
arise	1
arlington	1
arm	2
around	19
arrange	2
arrival	1
arrive	2
arson	1
arsonist	1
art	3
arthur	2
article	15
artificial	1
artisan	1
artist	7
as	160
ashame	1
asheville	4
ask	19
asleep	1
aspirations--someone	1
aspire	1
ass	1
assembly	2
assemblywoman	1
assess	4
assessment	4
associate	4
association	8
assume	5
assumption	1
astonished	1
astound	1
astro	2
astute	1
at	234
atheist	1
athenium	1
athlete	11
athletes	1
athletic	2
athletics	7
atop	1
attached	1
attack	16
attain	2
attempt	2
attend	2
attention	3
attest	1
attitude	2
attorney	2
attribute	1
attribution	1
auction	1
audible	1
audibly	1
audience	9
audit	1
audition	1
august	10
aunt	3
aus	1
austin	1
australium	2
authentic	1
author	4
authoress	1
authority	2
automotive	1
ava	9
available	5
avenged	1
average	2
avi-	1
avoid	2
avoidance	1
await	1
awake	3
award	4
aware	2
away	6
awesome	5
awful	2
awfully	1
awkward	1
awn	1
awol	1
ayers-wrote-	1
b	4
baby	2
back	28
background	1
backyard	4
bad	4
badly	2
bag	1
bagpipes	1
balance	7
balanced	1
baldy	1
ball	1
ballot	1
ban	1
banger	1
bankster	1
banner	1
baptist	1
bar	2
bardwell	1
bare-limb	1
barely	1
barlow	1
base	4
baseball	6
basement	2
basic	3
basically	4
basics	1
basis	3
basket	2
basket-handle	1
basketball	2
bat	1
bathroom	1
bathroom-	1
batshit	1
bc	2
be	1315
beach	1
bear	7
beard	1
beat	5
beautiful	5
beauty	1
because	36
beck	1
become	9
bed	3
bedding	1
bedpan	1
bedtime	1
beer	5
before	24
begin	6
behave	1
behavior	2
behind	8
beijing	1
being	2
belief	6
believe	42
believer	1
belle	2
belong	2
below	2
belt	3
bely	1
ben	1
bene	1
beneficial	2
benefit	7
benzodiazepine	1
best	13
bestseller	1
bet	2
better	17
better-establish	1
between	15
beverage	3
beverly	1
beyond	7
bible	3
biblical	1
bicycle	4
bid	5
big	14
biggest	1
bike	41
bikes	1
bill	18
bind	1
bio-chemical	1
biology	1
biped	1
birthday	4
bisni	1
bit	5
bite	2
black	3
black-themed	1
blade	1
blame	1
blanket	1
blatant	1
blather	1
blend	2
blessing	2
blighted	1
blind	1
blither	2
block	1
blog	14
blogger	3
blogs	1
blood	2
bloods	1
blow	1
blue	5
blue-white-red-green-yellow	1
bluff	1
board	1
boarded	1
boat	1
bob	2
body	5
boeing	1
bog	1
bogus	1
bold	2
bomb	1
bombed	1
bombing	1
bonehead	1
bonnet	2
bonus	5
boo	1
book	14
boom	1
boost	1
booster	1
boot	1
booth	1
border	1
bore	2
boston	1
botanical	1
both	13
bothersome	1
bottle	7
bottom	1
bouffant	1
bountiful	1
bout	1
boutique	1
box	1
boxed	1
brad	2
brain	4
brainless	1
brainwash	1
branch	4
brand	13
brave	2
break	5
breakfast	1
breast	1
breathe	1
breed	1
breeze	1
brewer	1
brian	2
brick	1
bridge	1
bright	3
brighter	1
brilliant	1
bring	14
britannica.com	1
british	1
broach	1
broad	2
broadcast	1
broaden	1
broadway	3
broken	1
brother	2
brute	3
btw	1
btyh	1
bubble	1
buddha	3
buddhism	1
buddhist	4
buddy	2
budget	1
buff	1
buffy	4
build	14
building	6
built-in	1
buised	1
bulb	1
bull	1
bullshit	1
bum	1
bunch	3
bunker	1
burden	3
burgeon	1
burger	2
burglar	1
burial	1
burn	4
burned	1
bush	8
bush-love	2
bushco	1
business	9
businessman	1
bust	2
busy	3
but	164
buy	17
buyer	2
buying	1
by	171
bygone	1
c	1
ca	4
cabernet	1
cabin	1
cable	2
cadman	1
cafe	5
caffeinate	2
caffeine	3
café	1
caio	1
calculate	5
calculator	1
calibrate	1
californi	1
california	2
californium	7
call	10
cam	1
camera	4
camera-flash	1
campaign	6
campaigner	1
campus	3
can	110
can't	1
cancell	1
cancer	1
candidate	3
cant	1
canvas	1
cap	9
capability	1
capable	1
cape	9
capitalism	3
car	7
carbon	23
card	1
cardinal	2
care	3
carefully	1
caribbean	1
carl	3
carleen	1
carnage	1
carnero	1
carol	1
carolyn	6
carry	7
carve	1
case	18
cash	1
cashill	1
casing	1
casual	1
catastrophic	1
catcall	1
catch	2
catch-all	1
category	2
catholic	1
cause	6
cautiously	1
cavaliers	1
cave	1
cease	1
celebrity	1
center	4
central	1
certain	2
certainly	6
certainty	2
certificate	1
certified	1
cesca	2
chain	2
challenge	8
champion	1
championship	2
chance	4
change	20
channel	2
character	5
characteristic	1
charade	1
charge	1
charle	1
charleston	1
charm	1
charred	1
chassis	1
cheap	5
cheaper	3
cheapest	1
check	12
checking	1
checkout	1
cheerleader	1
cheers	1
chemical	1
chicago	1
chicken	5
chicken-lady	1
chief	2
child	1
childhood	1
chill	1
china	4
chlorophyll	1
chocolate	1
choice	2
choir	1
choose	11
chop	1
chord	1
chris	1
christ	1
christian	2
christianity	1
christine	8
christmas	1
chronicled	1
chuck	2
chuckle	2
chunk	2
church	11
churn	1
cigarette	1
circadian	11
circle	1
circuit	2
circumstance	1
citizen	3
city	23
civil	1
civilian	2
claim	8
clarification	1
clarify	2
class	5
classic	2
classmate	2
clause	1
claw	1
clay	1
clean	2
cleaner	1
clear	4
clear-head	1
clearance	1
clearly	6
cleveland	3
clicky	2
climate	4
climb	1
cling	2
clip	6
clock	9
close	1
closest	1
club	2
clue	1
clueless	3
cluelessly	1
clutter	1
co-opt	1
co2	2
coach	2
coalition	1
coast	8
cocaine	1
cock	1
cod	3
codify	1
coffee	2
cognitive	2
cohort	1
coincidence	1
collapse	1
collapsed	1
colleague	1
collective	2
college	11
collopy	1
color	4
columbium	1
column	1
com	3
combat	2
combination	1
combine	3
come	31
come-hither	1
comedy	3
comfort	2
comfy	1
comic	5
comical	2
commandment	1
comment	17
commerce	2
commercial	2
commie	1
commitment	4
committed	1
committee	1
common	2
commonsense	1
communication	2
communicator	1
communist	2
community	9
compact	1
companionship	1
company	7
comparable	2
compare	1
comparison	1
compassion	3
compell	2
compensate	1
compete	3
competition	6
complement	1
complete	1
completely	8
complex	2
complexity	2
complicate	3
comply	1
component	1
compose	1
compost	4
composting	1
computer	1
con	5
con-servative	1
concept	3
concern	13
conclude	1
conclusion	2
conclusive	1
condemned	1
condition	1
conduct	2
conference	1
confidence	1
confine	1
conflate	1
conflict	1
confuse	3
confuzzled	1
congress	3
congressional	1
conjunctive	6
connect	1
connection	2
conscription	1
consequence	1
consequences	1
conservative	2
conservativism	1
conservatory	1
consider	4
considerable	1
consideration	1
consistent	2
consistently	1
conspiracy	1
constant	2
constitution	25
constitutional	14
constitutionality	1
construct	1
consultancy	1
consume	4
consumer	17
consuming	2
consumption	1
contain	3
container	3
content	3
contents	1
context	1
contiguous	1
continent	1
continue	10
continuous	1
contradict	1
contrarian	1
contribution	2
control	10
converge	1
conversation	2
convert	1
convince	8
cook	1
cool	2
coon	6
coopts	1
cop	1
copper	1
coppola	1
copyright	2
core	3
corner	4
corporatism	3
corps	1
correct	3
correctly	1
correctly—by	1
correspondent	1
corrupt	2
corruption	2
cosmology	1
cost	10
coterie	1
could	37
count	4
counter	1
counteract	1
counterpoint	1
country	6
county	58
couple	4
coupon	4
courage	1
course	23
coursework	2
court	9
courtesy	1
cousinavus	2
cover	5
cowboys	1
crackhead	1
craft	1
craig	1
cranberry	2
crank	1
cranky	1
crap	2
crappily	2
crazy	3
cream	2
create	12
creation	3
creationism	1
creative	1
creativity	1
credentials	1
credibility	1
credit	17
creek	3
crew	1
cricket	1
crime	4
criminal	1
crisis	3
crisscross	1
critic	1
critical	1
crop	1
cross	2
cross-leg	1
crow	1
crowd	8
crowning	1
cruel	2
cruise	1
crumble	1
crumbly	1
crush	2
cry	1
crypto-fascism	1
crystal	1
ct	1
cue	2
cuisine	1
cultivate	1
culture	8
cure	1
current	4
currently	5
cushion	2
customer	3
customize	1
cut	2
cute	1
cycle	6
cycling	1
d	7
dad	1
daily	5
dale	1
daly	2
damn	5
dan	2
dance	4
danger	2
dangerous	2
dark	3
darkness	1
datapoint	1
date	2
datum	4
davi	1
david	13
dawkin	2
day	25
daylight	2
daytime	6
dazzling	1
dc	1
de	1
de-politicize	1
dead	4
deal	9
dear	1
death	5
debate	9
dec	2
decade	5
decay	2
decaying	2
deceive	1
december	3
decide	6
decision	9
decrease	1
dedicate	3
dedicated	1
deeper	1
deer	1
defeat	2
defend	5
defender	2
defense	1
deficiency	1
deficient	1
defilement	2
define	2
definitely	3
definition	1
definitively	1
degree	3
delegate	1
deliberately	1
delicious	3
delight	1
delightful	1
deliver	2
delivery	2
delta	1
delusion	1
delve	1
dem	1
demand	5
demo	1
democracy	2
democrat	5
democratic	1
demographic	1
demonstrably	2
deny	1
department	1
departure	1
depend	1
dependable	1
depict	2
deplete	1
dept	1
depth	1
deregulate	1
derek	1
derferment	1
derision	2
derive	2
descent	1
describe	5
deserted	2
deserve	2
design	6
designate	1
designation	4
designism	1
desire	1
desired	1
desk	2
desperately	1
despise	2
despite	1
dessert	2
destination	1
destroy	2
detail	3
detain	1
deteriorate	1
determine	6
detroit	36
detroiter	1
devastation	2
develop	1
development	1
devotion	2
dewitt	1
dharma	1
dictate	2
didn't	1
die	4
difference	4
different	6
difficult	2
difficulty	2
dig	3
digg	1
digital	1
dignify	1
dignity	1
dim	1
dim-wit	1
diminish	3
dimmer	1
dining	1
dinner	2
dioxide	1
dip	1
direct	4
direction	2
directly	1
director	3
dirt	3
disaffect	1
disagree	7
disappear	1
disappoint	3
disappointment	2
disaster	1
discontent	1
discount	2
discourage	1
discover	1
discovery	2
discriminate	5
discrimination	3
discuss	11
discussion	3
disease	1
disgruntled	1
disinformation	1
disingenuous	2
dismantle	1
dismiss	2
dispute	2
disruption	1
dissent	1
dissertation	2
dissipate	1
distance	1
distant	1
distinction	2
distinctive	1
distinguish	2
distribute	1
distribution	3
distributor	2
district	1
disturbing	1
dive	1
diverse	1
division	1
do	213
doctor	1
document	3
doe	34
dog	1
dole	1
dollar	1
dollmaker	1
domain	5
domestic	1
don't	1
donate	1
donation	1
donnell	33
dont	1
door	4
dopplr	1
dorthy	1
dose	8
double-post	2
doubt	2
doul	1
dover	1
down	16
downtown	4
dramatically	1
dream	5
drink	1
drive	19
drool	1
drop	3
drug	6
drugstore	2
drum	1
dry	5
dubai	1
duck	2
dude	1
due	8
dueling	1
duh	1
duhan	1
dull	1
dumb	4
dumbass	2
dumpster	2
dumpster-salvaged	1
dunce	1
dune	1
duplicitous	1
during	11
dust	3
dutch	1
dwyane	1
e	4
e-commerce	1
each	12
earlier	4
early	8
earn	3
earp	2
earth	7
easier	1
easily	1
east	2
eastward	1
easy	5
eat	11
echinacea	1
eco	2
eco-friendly	1
economic	4
economics	1
economy	1
edge	2
editor	3
educate	3
educated	1
education	7
eff	1
effect	12
effective	5
effectively	2
effectiveness	2
efficiency	1
effort	11
eight	1
either	9
el	1
elbow	1
eld	8
election	3
electrical	1
electricity	1
element	1
elevate	1
elevator	2
eliminate	2
elite	1
elm	1
else	14
elsewhere	2
elvi	2
email	4
embarrass	1
embrace	2
emerge	1
emerson	2
eminent	3
emission	3
emo	1
emotion	3
employment	1
empty	3
en	1
enact	2
enclave	1
encompass	1
encourage	1
end	15
endevor	1
endgame	1
endorse	2
endy	1
enemy	1
energy	1
engage	2
enjoy	5
enough	17
enricher	1
ensue	1
ensure	1
enter	7
entertain	1
entire	7
entirely	7
entirety	1
entitle	1
entitlement	1
entry	1
environment	3
environmental	1
enzo	1
episode	1
epistemology	1
equal	2
equalizer	1
equation	1
equipment	1
equipped	1
equivalent	3
era	3
eric	2
erin	1
errand	1
erroneous	1
erroneously	1
especially	3
espn	1
essentially	3
establish	5
established	1
establishment	2
estate	7
estefana	1
estimate	2
et	1
etc	3
eternally	1
ethical	2
ethics	1
europe	1
european	1
evan	2
even	37
even-hand	1
evening	2
event	8
eventually	1
ever	14
evergreen	1
every	20
everybody	2
everyone	11
everything	8
everywhere	3
evidence	4
evil	2
evolution	4
evolve	2
ew	3
exactly	10
examine	2
example	12
exceed	1
excellence	1
excellent	2
except	4
exception	2
excerpt	1
excess	1
exchange	1
exciting	1
exclamation	1
excuse	1
exec	1
executive	1
exercise	1
exert	1
exhaustive	1
exhibit	1
exist	5
existence	2
exit	1
expand	1
expansion	1
expect	11
expectation	2
experience	6
experiment	1
experimentation	1
experimenter	1
expert	4
explain	4
explicit	1
explore	2
explorer	1
explosed	1
explosively	1
expose	3
exposure	5
extended	1
extent--only	1
external	1
externality	2
externally	1
extracurricular	5
extraordinarily	1
extreme	2
extremely	1
extremist	2
eye	4
faa	2
fabric	1
fabulously	1
face	5
face-to-face	2
facebook	12
facial	1
facially	1
fact	36
factor	5
factory	3
faculty	2
faculty-supervised	1
fade	1
fail	10
failure	2
fair	5
fairly	1
fairness	1
faith	3
faithful	2
fake	1
fall	7
false	2
falsely	2
fame	1
familiar	1
family	5
famous	2
fan	23
fancy	1
fantastic	1
fanwoody	1
far	10
far-fetched	1
fare	1
farley	1
farm	5
farm-to-fork	1
farmer	5
farming	6
farnsworth	1
fascinating	4
fascination	1
fascism	1
fast	9
fault	1
faulty	1
fauna	1
favor	3
favorite	4
favrd	1
fear	3
feat	1
feature	2
february	2
federal	7
fedex	1
fee	2
feeblest	1
feedback	2
feeding	1
feel	20
feel-good	1
feeling	1
fellow	1
fence	1
fermentation	2
fern	1
fertile	3
fertilization	1
fertilizer	1
few	13
fewer	2
fiction	5
fiddle	1
field	2
fifteen	1
fight	7
figure	1
file	1
fill	6
film	1
filter	1
final	1
finale	1
finally	2
finance	3
financial	2
find	27
fine	2
finger	3
fingernail	1
fingerprint	1
finish	3
finished	1
finite	1
fire	4
fireman	1
firmly	2
first	40
fischer	1
fit	2
five	5
fix	7
fixer	1
flag	5
flair	1
flash	3
flashpoint	1
flavor	1
flesh	1
flick	2
flight	6
flirt	1
flora	1
florida	1
flourishing	1
flow	1
flower	5
fluorescent	1
flutter	1
fly	6
fmlum	1
fnc	1
focus	4
folk	3
folks	3
follow	4
following	2
folly	1
font	2
food	16
foody	1
fool	2
foolish	1
foot	2
footprint	6
for	269
forage	1
forbid	2
force	8
foreceful	1
foreign	2
forests	1
forever	1
forget	10
fork	1
form	6
formal	1
former	2
forte	1
fortune	1
forum	3
forward	4
fossil	2
foster	1
foundation	2
foundational	1
founder	1
four	7
fourteen	1
fourth	1
fraction	2
frame	3
frankly	2
frantic	1
fraud	3
freak	2
freaking	1
fred	1
fredric	2
free	22
free-range	1
free-run	1
freedom	4
freegan	1
freely	1
freeway	1
frequent	1
frequently	3
fresh	3
fresno	1
friday	14
friend	21
friendlier	1
frog	1
from	106
front	7
fruit	2
frustrate	2
frustrating	1
fuck	9
fuckable	1
fuel	2
fulfill	2
full	8
fuller	2
fully	3
fun	8
function	1
fund	1
fundamentally	1
funk	1
funny	2
further	3
furthermore	1
future	9
g	2
g4	1
gaffe	3
gain	4
game	18
gamechanger	1
games	1
gamut	1
gang	4
gangster	1
garden	10
gardener	1
gas	2
gasp	3
gather	2
gathering	1
gay	1
gear	1
geezer	1
gell-	1
general	6
generally	1
generate	3
generation	4
genetic	1
genius	3
genre	3
gentle	1
gently	1
genuinely	1
geography	1
gertie	1
gertrude	1
get	89
ghetto	1
ghost	3
giannini	1
giant	1
gift	5
gig	1
gimmick	1
girl	3
gita	1
give	37
glad	2
gladly	1
gland	1
glass	1
glean	1
glenn	1
global	3
glorify	1
glory	4
glove	1
gmt	1
go	86
goal	22
goal-set	1
god	6
goddamn	1
goddamned	1
gold	2
good	35
goodness	1
goods	1
google	1
goose	1
gop	1
gore	2
gotta	2
government	12
governmental	1
governor	1
govt	2
gozer	1
gpa	1
grab	1
grad	1
grade	6
graduate	1
graduation	1
graffitus	2
grafzeppelin	2
grafzeppellin	1
grammar	2
grand	4
grandfather	2
grandpa	1
granholm	1
granholm-prohibit	1
grant	8
grape	8
grasp	2
grass	1
grassroot	1
grassy	1
gratitude	1
great	31
greater	4
greatest	2
greatness	2
greed	1
green	12
green-at-heart	1
greenback	1
greener	1
greenhouse	1
greenlight	1
grey	2
grievance	2
griffith	2
grilled	1
grimace	1
grin	1
grocery	3
ground	2
group	6
grow	12
grower	1
grumble	1
guarantee	2
guard	1
guess	8
guest	2
guffaw	2
guideline	2
guilty	1
gun	1
gut	2
guy	1
gym	1
h	4
h.r.	11
ha	1
ha-ha	2
habit	1
habitable—provided	1
hail	2
hair	1
half	11
halfway	1
hall	2
halliburton	1
hallway	1
halo	1
hand	5
hand-wash	1
handful	2
handily	1
handlebars	1
handsome	1
handy	1
hang	3
happen	14
happier	2
happily	1
happiness	2
happy	5
happyfeet	2
hard	5
hardly	2
hardy	2
harm	2
harris	1
harvest	2
hashtag	2
haste	1
hate	1
hateful	1
hatr	1
haul	1
haunt	2
havarti	1
havartus	1
have	322
haw	1
hawk	1
hay	10
he	51
head	4
heald	1
health	3
heap	1
hear	10
heart	1
heat	2
heatenfreude	1
heathier	1
heating	1
heaven	1
heavily	1
heavy	3
heck	1
heel	2
heirloom	1
helena	1
hell	3
helm	1
help	16
hem	1
hence	1
henry	2
her	94
here	28
heritage	1
herself	4
hey	2
hiatt	1
hidden	1
high	11
high-efficiency	1
higher	2
highland	1
highlight	1
highly	3
highway	1
hilarious	3
hill	1
hillarious	1
hills	1
him	16
himself	6
hint	1
hip	1
hipster	1
hire	2
his	32
historical	2
history	4
hit	9
hit-or-miss	1
hitherto	1
ho	1
hoax	1
hobby	2
hold	4
hole	3
holiday	1
holiness	1
hollow	1
holocaust	1
holy	4
home	10
homeostatic	5
homeowner	1
homepage	1
homer	1
homestyle	1
homework	1
honda	3
honest	1
honestly	1
honey	8
hong	1
honore	2
hoof	1
hoot	1
hop	2
hope	6
hopeful	1
horde	2
hormone	2
horrendous	1
horrible	2
horror	3
horse	5
horsewhip	1
host	4
hot	2
hotel	2
hour	12
house	31
house-sized	1
housewife	3
how	49
however	9
hp	1
html	2
hubris	2
huffpo	2
huge	6
human	5
humanities	1
humanity	1
humbug	1
hundred	4
hungry	2
hurricane	1
hurt	1
hus	1
hush	1
hvac	1
hype	1
hypnotic	1
hypocrisy	1
hypocritcal	1
hypothesize	1
i	459
ice	2
id	1
idea	13
ideal	1
ideally	1
identify	1
identitarian	1
identity	1
idiocy	1
idiot	2
idyllic	1
ie	1
if	113
ignoramus	2
ignorance	2
ignorant	4
ignore	2
iland	1
ill	1
illegal	1
illegitimate	1
illusion	1
illusions	1
illustrate	1
image	2
imagery	1
imagination	1
imagine	1
imbecility	1
imho	1
immediately	5
imminent	1
immutable	1
impact	2
impart	2
impediment	1
implement	1
importance	1
important	11
importantly	2
importer	1
impossible	3
impression	1
improve	4
in	439
in-county	1
in-depth	1
in-fight	1
in-state	3
in-the-know	2
inch	1
include	9
incompetent	1
inconclusive	1
incorporate	1
increase	6
increasingly	1
incredible	2
incredibly	4
incredulous	2
incredulously	1
incubator	1
indeed	2
independence	1
independent	1
indicate	1
indium	2
individual	8
indivisible	2
indoctrination	1
indulge	1
indulgence	1
industrial	5
industry	11
ineffective	2
inefficient	1
inevitable	1
inexorable	1
infiltrate	1
infinitely	1
inflate	1
influence	3
info	4
inform	2
information	5
informative	1
informed	2
infrastructure	2
ingredient	1
inhabit	1
inherent	1
inherently	1
inhibit	1
initial	1
initiate	1
initiative	2
inject	1
injure	1
injury	1
innocent	2
innovation	1
innuendo	1
input	1
insane	1
inside	4
inside-the-park	5
insight	2
insist	4
insistence	1
insistent	1
insomnia	2
inspire	3
install	2
instance	3
instantly	1
instead	14
instinct	1
institute	1
insufferable	1
insufficient	1
insulate	1
insult	1
insurance	2
int	1
intelligent	3
intend	6
intensity	1
intent	2
intention	1
interact	1
interaction	1
interest	9
interested	2
interesting	1
interfere	1
interference	1
internal	3
internalize	2
internalize-your-externality-sort	1
international	1
internet	4
interpret	3
interpretation	2
interstate	2
interview	1
into	46
intrepid	1
intrigued	1
introduce	3
introduction	1
introductory	2
intuition	1
invariably	1
invasion	1
invention	2
invest	1
investment	3
invisibility	1
invisible	1
invite	3
involve	3
ip	1
iraq	2
ireland	1
irish	3
irritation	1
is--trial	1
islam	2
isle	2
isolate	1
israel	5
israelus	2
issue	4
it	346
it's	1
it-	1
it--you	1
italy	2
item	4
iteration	1
its	31
itself	1
ius	1
jame	1
james	4
jan	1
japan	1
jar	2
jardinero	1
jason	2
jealously	1
jealousy	1
jebus	3
jefe	1
jessica	5
jesus	2
jet	10
jeter	1
jewell	1
jim	1
job	8
joe	2
johar	2
john	6
johnloprestus	7
johnonwine	1
join	4
joke	5
jones	1
joss	1
jostled	1
journal	2
journey	1
joust	1
joyce	1
judd	2
judge	4
judgement	1
judicial	2
juice	1
juicy	1
jul	2
july	13
jump	6
june	3
jungle	1
just	51
justification	5
justified	1
justify	1
jutta	1
k	3
kalsang	4
karen	1
karma	1
kate	2
kathy	1
katrina	1
keep	29
kelly	1
kelo	2
key	2
khenpo	4
kick	1
kid	15
kill	9
kiltman	1
kind	6
kinda	1
king	1
kissinger	1
kitchen	2
knock	1
know	86
knower	2
knowledge	5
knowledgeable	1
ko	1
koeppel	1
kong	1
krause	1
kunchab	1
kunga	5
l	1
l.a.	2
la	2
label	34
labell	1
labels—whether	1
lack	1
ladder	1
lag	10
land	1
landa	1
landscape	1
lane	1
language	5
lap	3
large	6
larger	3
lash	1
last	22
lastly	1
late	5
lately	2
later	11
latest	2
latter	1
laugh	21
laugh-out-loud	1
laughter	5
launch	3
law	66
lawmaker	1
lawrence	2
lawsuit	1
lawyer	3
lazily	1
le	1
lead	7
leader	3
leadership	1
leaf	1
learn	15
least	10
leave	19
lebron	12
leckrone	1
lecture	2
leeway	1
leftovers	1
leg	1
legal	5
legally	1
legislate	1
legislation	1
legislator	1
legislature	9
legitimate	4
lesbian	1
less	20
lesser	1
lessig	4
lesson	4
let	16
letter	1
lettuce	1
level	8
leviathan	1
levon	1
lex	1
lexaburn	5
liable	1
liam	1
liar	2
liberal	2
liberator	1
libertarian	2
library	2
license	1
licensed	1
lie	14
life	29
lifelong	1
lifestyle	3
lifetime	1
lift	1
light	18
lightbulb	1
lighter	1
like	70
likelihood	1
likely	6
limit	9
line	5
ling	1
link	10
liqour	1
list	11
listen	4
listing	1
literally	3
literary	1
litigate	1
litigation	2
little	15
live	20
livernois	1
livestock	1
ll	1
lmao	1
load	5
loam	2
lobbyist	1
local	10
localize	1
locallinksenable	1
locally	1
locally-sourced	1
locate	2
lock	1
loft	3
lol	1
london	1
long	16
long-term	1
longer	5
longest	1
longtime	1
look	35
loonosphere	1
loophole	1
loopier	1
loosely	1
lord	1
lose	16
lot	12
loud	2
louder	1
love	16
loveallpeople.org	2
loved	1
lovely	1
low	4
low-cost	1
low-rent	1
lowden	1
lower	4
loyalty	1
lu	1
luck	2
lucky	1
lump	2
lumpy	5
luna	1
lush	1
lux	2
lynn	1
m	6
macdonald	1
machine	2
macrostie	1
mad	2
magic	1
magistra	2
maher	2
mail	1
main	4
mainland	1
mainly	1
mainstream	1
maintain	5
maintenance	1
major	5
majority	3
make	82
makes	1
mall	1
malleable	6
mamahun	1
man	6
manage	4
mandate	4
mandatory	3
mangle	2
manipulation	1
mann	1
manner	1
manson	1
manufacture	1
manure	1
many	27
mar	2
march	6
marche	1
margaret	1
marginally	1
marinated	1
mark	2
market	18
marketing	2
marketplace	1
marriage	3
marsh	4
mart	1
martin	1
martyr	1
marvel	1
marxist	1
mary	1
massive	3
masterpiece	1
masturbation	1
match	2
material	2
maternity	1
matrix	1
matter	13
matthew	1
mature	1
matzoh-ball	1
maximum	1
may	74
may--if	1
maybe	10
maylasium	1
mayonnaise	1
mccain	2
mccann	1
mccracken	1
mcdougall	1
mcginni	2
mcgrath	1
mcnichols	1
me	63
meadow	1
meal	2
mean	25
meaningful	2
means	9
meantime	1
meanwhile	1
measure	6
measurement	1
mechanism	1
medal	1
media	8
medication	2
medicine	4
meditation	1
meet	3
meister	1
melancholy	1
melatonin	9
melody	1
melt	1
melted	1
member	1
meme	4
memoir	1
memory	5
mention	3
menu	1
mercenary	1
merchant	1
mere	4
merely	5
meridian	1
merit	2
merriment	1
merry-go-round	1
mess	5
message	3
met	4
method	2
meticulousness	1
metro	1
mexico	1
meyer	1
mg	1
miami	1
michael	1
mid	1
middle	1
middleman	1
midnight	1
mien	1
might	1
migrate	1
mile	5
mileage	2
militantly	2
military	2
milk	2
milliliter	2
millimeter	2
million	6
mind	13
mine	3
mini-advertisements	1
minimize	1
minus	2
minute	4
miracle	1
mirth	1
misalign	1
misalignment	1
misappropriate	1
mislead	5
misread	1
misrepresent	1
misrepresentation	4
miss	2
missing	1
mississippi	1
mistake	5
misunderstand	1
mitch	2
mitigate	2
mix	11
mock-up	1
mode	1
model	2
moderate	3
moderator	1
modern	3
mom	3
moment	8
monastery	1
monday	3
money	9
monopoly	3
month	4
monument	1
moral	2
morally	1
moran	1
more	84
moreso	1
moresuccesful	1
morn	6
morning	1
mortal	1
mosquito-vector	1
most	23
mostly	4
mother	2
motivation	8
motor	1
motorized	1
mountain	2
mouth	2
move	10
movement	8
movie	6
mpg	1
mps	1
mrbrink	4
ms	5
mslarry	1
much	40
mucho	1
mudbomb-hurling	1
mukhopadhyay	5
mulch	1
mull	1
murderer	2
murphy	1
murray	1
muscle	1
music	2
muslim	5
must	10
muster	1
mutate	1
mutter	1
my	110
myself	6
myth	2
n't	164
nah	1
naive	2
name	5
nanotyrannus	1
napa	20
napkin	1
narrative	1
nation	5
national	6
native	1
natural	3
nature	4
nazus	1
nb	1
nba	1
nc-17	1
neal	1
near	2
nearby	1
nearly	3
neat	1
necessarily	1
necessary	1
need	29
needlessly	1
negate	1
negative	2
negotiate	1
neighbor	2
neighborhood	8
neo-con	1
neocon	2
network	1
neutralize	2
nevada	1
nevels	1
never	17
new	44
newly	1
news	3
newspaper	2
next	8
nice	7
nicely	1
nicer	1
nick	2
nicole	6
night	9
nine	2
ninja	8
ninjas	4
nl	1
no	57
no-	1
noble	1
nobody	1
nod	1
node	1
noir	3
noise	1
nomenclature	1
nomination	1
nominee	1
non	1
non-	1
non-benzodiazepine	1
non-blurry	1
non-partisan	1
non-trivial	1
noodle	1
nope	1
nor	1
noreen	1
normal	1
normally	2
north	6
northcoast	1
northeastern	1
northern	2
noshin	1
not	168
nota	1
note	8
nothing	17
notice	3
notify	1
notion	2
nouveau	1
nov	5
novel	3
november	1
now	51
nowhere	2
nsfw	1
nuclear	1
number	7
numerous	2
nun	1
nursery	1
nut	2
nutrient	1
ny	1
nyc	1
nyt	2
nytbr	1
o	35
oakland	1
oasis	1
oates	1
obama	4
object	2
objective	1
obligation	4
observation	2
observe	4
observer	1
obstacle	1
obtain	1
obvious	3
obviously	2
occasion	1
occasional	1
occasionally	2
occupy	1
occur	2
occurrence	1
oct	8
october	38
odd	1
odds	1
of	604
off	15
off-session	1
off-topic	2
offchance	1
offend	1
offer	3
office	5
officer	1
official	1
officially	2
offramp	1
offset	16
often	7
oh	8
oh-	1
oh-my-god	1
ohio	2
oil	4
oiv	1
oivv	2
ok	5
okay	2
old	16
older	1
on	230
on-session	1
once	6
one	98
ones	1
ongo	1
ongoing	1
online	2
only	46
onto	1
onward	1
ooo	1
ooze	1
open	3
operate	1
operation	1
opinion	4
opponent	2
opportunity	6
oppose	3
opposition	1
optimal	2
optimistic	2
option	4
optional	1
or	103
orange	1
orange-gold	1
orchestra	1
orcle	1
order	6
oregon	1
organic	2
organization	3
organize	1
originally	2
ornamental	1
ortizz	1
other	45
otherwise	1
otter	1
our	33
out	54
out-of-state	6
outdoor	1
outer	3
outgoing	1
output	1
outside	3
outstand	1
outta	1
over	31
over-reach	1
over-riding	1
overcome	1
overdetermine	1
overdue	1
overjoy	1
overlap	1
overload	2
overnight	3
override	3
oversee	1
overturn	2
own	27
owner	2
oxford	1
oxygen	1
p	2
p.e.	2
pa	1
pack	1
package	1
paddle	1
padraic	2
pagan	1
page	8
pages	1
pain	1
paint	1
painted	1
paiute	1
palestine	1
palestinian	1
palin	14
pamphlet	1
panel	2
pansy	1
pants	1
paper	5
papers	4
paragraph	1
paraphrase	1
parent	3
park	6
parker	1
parlance	1
parody	1
part	14
partial	2
participant	10
participate	6
participation	1
particle	1
particular	4
particularly	2
partier	1
partly	2
partner	2
partnership	1
party	15
pass	10
passage	7
passion	3
passionate	4
passport	1
past	13
paste	1
patch	2
path	2
pathophysiology	2
patient	1
patriot	1
pattern	2
paul	1
pawn	1
pay	11
pb	1
pdf	6
pea	5
peace	2
peaceful	1
pedestrian	1
pendelton	1
pendleton	1
people	43
people--that	1
per	5
perceive	1
perceived	3
perception	1
perdiew	2
perennial	1
perfect	4
perfection	1
perfectionist	1
perfectly	6
perform	3
performance	2
perhap	6
perhaps	3
period	3
perpetual	2
persistence	1
persistence--will	1
person	23
personality	2
personally	6
perspective	3
pervade	1
peter	1
petro	1
pg-13	1
phase	1
pheasant	1
philippine	2
philosophy	4
philsophy	1
phish	1
phone	1
photo	4
photograph	3
photographer	1
phrase	1
physical	2
physics	1
physiologic	1
pick	7
pickle	1
picnic	1
picture	12
piece	4
pile	1
pillow	1
pineal	1
pinot	3
pioneer	2
pioneering	1
pipeline	1
pirate	2
pirates	7
piss	4
pistol	1
pitch	4
pitcher	2
pitiful	1
pittance	1
place	31
place-name	2
placebo	1
plague	1
plain	1
plan	8
plane	1
planet	2
plant	7
plantation	1
plate	1
platform	1
play	11
playbook	2
player	7
playoff	1
please	5
pleasure	4
plentiful	1
plenty	4
plot	3
plow	1
plunge	1
plus	6
pm	87
pmcathy	1
pmyaacov	1
pocket	3
poem	1
poignantly	1
point	27
poke	1
polemic	1
polemics	1
police	2
policy	7
policy-oriented	1
politic	2
political	7
politics	1
poll	5
pollution	1
poof	1
poop	1
poor	2
poorly	2
pop	1
poppy	2
popular	5
popularity	3
population	4
porch	4
portion	1
position	4
positive	2
possess	1
possessed	1
possibility	1
possible	6
possibly	5
post	93
post-valdez	1
pot	1
potato	1
potential	4
pound	2
power	4
powerful	1
practically	1
practice	2
prayer	6
pre-bonus	1
precisely	2
predicate	1
predictable	1
preempt	1
prefer	2
prejudice	1
premier	1
premise	2
premium	2
preparation	1
prepare	1
prescribe	1
presence	1
present	11
presentism	1
preserve	2
president	1
press	2
pressure	2
prestige	4
presumption	1
pretend	1
pretentious	1
pretty	18
prevail	1
prevent	3
previous	2
previously	2
price	1
pride	2
primarily	1
primary	1
prime	1
principal	1
principle	4
prior	1
prism	1
private	2
privilege	1
privy	1
pro	2
pro-cycling	1
probability	1
probably	13
problem	6
process	4
proclaim	2
prodigious	1
produce	10
producer	10
product	3
production	4
productive	1
prof	1
profession	2
professional	1
professor	3
profile	2
profit	3
profitable	1
profoundly	1
program	5
progress	1
progressive	2
prohibit	2
prohibition	1
promise	2
promote	3
promotion	4
promotional	3
proof	3
prop	1
propaganda	3
proper	2
properly	3
property	8
proponent	2
proposal	2
propose	2
proposed	1
prosthetic	1
protect	3
protected	1
protection	3
protectionist	3
protest	1
protocol	1
proud	2
proudly	2
provide	5
provider	1
provincetown	2
provocative	1
pseudo-	1
psychologist	2
psychology	3
pt	1
public	14
publish	7
publisher	1
publishing	2
pull	1
pulverized	1
pun	2
punish	1
punishable	1
punk	1
purchase	4
purpose	3
push	4
put	20
quaint	1
qualification	4
qualitatively	1
quality	11
quant	2
quantity	1
question	18
questioner	2
questionnaire	3
quick	1
quickly	4
quiet	2
quit	3
quite	2
quotation	1
quote	3
qur	1
r	5
race	2
racer	1
racism	1
racist	2
rack	1
radar	1
radical	4
radicalize	2
raffaello	1
raggedy	5
raid	1
rail	1
raina	1
rainy	1
raise	4
rally	3
ramble	1
ranch	1
rang	1
range	1
rank	1
rant	1
rape	1
rare	1
rarely	3
rate	2
rather	7
rationale	1
ravage	1
re	4
re-enacter	1
re-purposing	1
re-submit	1
re-tweeted	1
reach	2
react	2
reaction	2
read	20
reader	7
ready	2
reaffirmation	1
real	22
realign	1
realise	1
realistic	1
reality	3
realization	1
realize	3
really	34
realm	1
realtor	1
reason	17
reassemble	2
reborn	1
rebuild	2
rebut	1
rebuttal	1
recall	5
receipt	2
receive	5
recent	4
recently	3
receptive	1
recess	1
recipient	1
reclaim	1
recognition	2
recognize	3
recoil	1
recommendation	1
reconsider	1
record	1
recording	1
recover	1
recruit	1
red	2
redemption	1
redesign	1
redistribution	1
redneck	1
reduce	9
reeder	3
reek	1
reeve	2
refashion	1
refer	1
reference	1
refresh	2
refuse	2
regain	1
regard	6
regardless	4
region	6
register	1
registrar	1
regret	3
regular	5
regularly	2
regulate	2
regulation	8
regulator	2
regulatory	4
reid	1
reject	4
relate	2
relation	1
relationship	7
relative	1
relatively	2
relentlessly	1
relevant	1
religion	4
religious	1
reluctance	1
remain	1
remainder	1
remains	1
remarkable	1
remember	22
remind	2
reminder	2
remote	1
remove	2
rend	1
render	1
renewal	1
renovate	2
rent	2
rentable	1
repeat	1
repertory	1
replace	4
replacement	1
reply	1
report	3
reporter	2
repository	1
represent	2
representation	1
representative	2
reprimand	1
republican	11
require	11
requirement	6
rescue	7
research	6
reset	9
resident	3
residential	1
resolution	16
resolve	2
resort	2
resource	4
respect	1
respond	2
respondent	1
response	8
responsibility	3
responsible	1
rest	4
restaurant	7
restore	2
result	15
retailer	6
retain	1
reticent	2
retool	1
retreat	2
return	6
returns	1
rev	2
reveal	2
revenue	1
reverse	1
review	4
revise	1
revival	1
revolve	1
reward	2
rhythm	5
rib	1
rice	2
rich	5
richard	2
richest	1
rick	3
rid	1
ride	24
rider	1
ridicule	1
ridiculous	1
riding	1
riff	1
right	26
righteousness	1
rightfully	1
rightly	1
rights	3
rigor	1
rigorous	1
ring	1
riot	1
risk	6
rival	1
river	4
riverfront	1
riverhead	1
road	2
robber	1
robert	3
robust	1
rock	2
rodriguez	2
role	4
roll	1
roller	1
rolling	1
romaine	1
ron	1
room	5
roommate	1
root	2
roughly	3
roundtable	1
route	4
router	1
routinely	1
row	2
rss	1
rte	1
rubbish	1
ruin	2
rule	1
run	18
russell	1
russian	3
russium	2
rust	4
rusted	1
rutherford	2
ryan	1
s	10
sack	2
sacramento	1
sacrifice	1
sad	3
sadly	1
safe	2
safeguard	1
safely	1
safer	4
safety	1
sake	6
sakya	1
sale	3
salmon	2
salsa	1
salt	3
saltine	1
salute	1
salvagable	1
sambito	3
same	20
sample	1
sanction	1
sand	9
sandwich	3
sane	1
saper	1
sarah	8
sassy	1
satire	2
satisfaction	1
satisfy	1
saturday	4
sauvignon	1
save	4
savior	1
savor	1
say	94
scale	1
scan	1
scar	1
scarred	1
scary	1
scene	3
scenery	1
scent	1
schedule	6
scheme	2
schmuck	1
school	16
schooling	1
schulman	2
sci-fi	1
science	5
scientist	2
scooter	1
scop	1
scope	1
score	2
scorn	1
scot	1
scott	2
scratch	1
scream	1
screen	1
screening	1
screw	1
scribble	1
scruffy	1
scrumptious	1
scrutiny	1
scv	1
se	1
sea	2
seamlessly	1
search	2
season	6
seat	5
seatbelt	1
second	9
second-greatest	1
seconds	2
secret	4
secretion	1
see	50
seed	6
seedbomb	7
seedbombing	3
seek	3
seem	17
segway	1
sek	3
selection	3
self	6
self-	1
self-aggrandizing	1
self-control	24
self-defense	1
self-efficacy	11
self-efficacy--people	1
self-esteem	1
self-important	1
self-inflate	1
self-marketing	1
self-preservation	1
self-reliant	1
self-righteousness	1
self-sufficiency	1
sell	10
seltzer	5
semester	6
semus	1
senate	2
send	2
seng	1
sensational	1
sense	9
senses	1
sentient	1
sentiment	1
seo	1
sep	7
separate	3
separated	1
separation	9
september	7
sequestering	1
serendipity	1
series	5
serious	6
seriously	3
serve	5
server	2
service	6
session	6
set	23
settle	1
seven	1
seventeen	1
several	9
severity	1
sexism	1
sexual	1
sexy	1
shades	1
shadow	1
shake	1
shall	2
shallow	1
shame	3
shanghai	1
shape	1
shaq	2
shaquille	1
share	8
shareholder	1
shares	2
sharium	2
shark	1
sharpe	1
sharply	1
she	127
she-	1
shea	1
shed	2
sheep	1
shelf	2
shell	1
shelter	2
shift	3
shiite	1
shinola	1
ship	9
shipper	4
shiran	1
shit	1
shock	2
shocked	1
shockingly	1
shop	6
shopgreen	1
shopping	1
short	5
shortly	1
shotgun	1
should	29
shoulder	1
shouldn	1
shout	1
shovel	1
show	11
shrine	1
shrug	1
shyster	1
side	5
sidewalk	1
sign	4
signal	4
signature	1
significant	3
significantly	1
silently	1
silly	1
similar	3
similarity	1
similarly	1
simple	11
simpler	3
simply	11
simultaneously	1
since	11
single	8
sink	1
sir	1
siren	1
sister	1
sisyphian	1
sit	4
site	4
situate	1
situation	3
six	4
size	4
sjerven	1
skeptical	1
skill	2
skin	1
sky	2
skype	1
skyrocket	1
slam	4
slayer	1
sleep	21
sleep-wake	2
sleepiness	3
sleepless	1
sleepy	3
slight	1
slightly	3
slim	1
sling-shot-pellet	1
sloth	1
slow	1
slow-release	1
slower	2
slowly	4
small	5
small-time	1
smaller	5
smarter	1
smell	1
smile	4
smoke	1
smother	1
smug	1
snap	2
snarky	1
snazzy	1
sneak	1
sniper	1
snooty	1
snowball	1
so	89
so-call	1
social	5
socially	1
society	4
sod	1
softball	1
soften	1
soil	11
solano	2
solar	2
sole	4
solid	4
solidarity	1
solution	3
some	57
somebody	2
someone	15
someplace	1
something	18
sometime	5
sometimes	2
somewhat	2
somewhere	1
son	1
sonoma	63
sonomasonoma	1
soon	6
sooner	1
sophisticated	1
sorely	1
sorry	3
sort	11
sound	7
soundly	1
source	7
sourdough	1
south	2
southern	2
soviet	1
sox	1
space	5
spain	1
spark	1
speak	3
special	4
specialize	1
specialty	2
specific	1
spectacular	1
speech	1
speechless	1
speed	1
spend	14
sperling	1
spike	1
spin	1
spirit	2
spit	1
sponsor	1
spoof	1
sport	13
spot	3
spotlight	1
spray	2
spread	1
spreadsheet	1
spridgen	1
spring	3
springboard	1
sprow	1
spur	1
square	2
squeeze	1
st	1
stack	3
stadium	1
stagger	1
staid	1
stained	1
stake	2
stamp	1
standard	7
standing	1
standpoint	1
star	1
stare	1
starkly	1
start	21
starve	1
starved	1
stash	1
state	70
state-base	3
state-grant	1
statement	3
statistical	1
status	3
stay	6
steady	1
steal	4
stealthily	1
steep	1
stefani	1
stein	1
stellar	1
stem	2
step	3
stephenie	1
sterilize	1
stern	1
steve	3
stick	3
stifle	1
still	22
stimulant	1
stink	1
stint	1
stomp	1
stone	2
stop	13
store	7
storefront	1
story	7
straight	5
strange	1
strategy	2
straw	3
streak	1
street	8
strength	2
strengthen	1
stress	1
strike	3
string	1
strip	2
stripe	1
strive	1
stroh	1
strong	2
stronger	2
structure	1
struggle	2
stubbornly	1
student	20
students--most	1
studio	1
study	19
stuff	9
stuffy	1
stump	1
stun	1
stupid	7
stupidity	2
sub	1
sub-genre	1
subject	7
submit	1
subscription	1
subside	1
substitute	1
suburb	1
suburban	1
succeed	1
success	6
successful	4
successfully	2
such	31
such—in	1
sucker	2
sue	1
suffer	3
suggest	5
suicidal	1
suit	1
sulfur	1
sully	1
sum	1
summation	1
summer	3
sun	2
sunday	5
sunday-at-the-mall	1
sunny	2
sunnydale	1
sunset	1
sunshine	1
superb	1
superior	1
superiority	1
supplement	1
supplemental	1
supply	2
support	16
supporter	9
supporting	1
suppose	4
supposedly	1
suppress	1
supreme	1
sure	13
surely	7
surface	1
surprise	6
surround	3
surrounding	1
surveillance	1
survey	1
survival	1
survive	1
survivor	1
susceptible	1
suspicious	2
sustainable	2
sutra	2
swath	1
swearengen	1
sweep	1
sweet	1
swing	3
sydney	1
sympathizer	1
synergistic	1
system	21
system--work	1
systematic	1
systems--the	1
t	2
t-shirt	2
t-shirts	1
table	2
tactic	1
tada	1
tag	1
take	54
takedown	1
talented	2
tales-from-the-urban-jungle	1
talk	26
tall	1
tame	1
tamp	1
tangible	1
target	4
tart	1
task	2
taste	3
taunt	2
tax	8
tayari	2
taye	1
tbr	6
tea	8
teabagger	4
teach	4
teaching	1
team	8
teammate	2
teamwork	1
teapublican	1
tear	3
technical	1
technically	2
technique	1
technology	2
telecommute	1
televised	1
television	5
tell	34
temple	2
templeton	1
ten	4
tend	4
tendency	1
tenet	1
tennessee	1
tent	2
term	4
terminology	1
terra	1
terrell	1
terrific	2
territorial	2
territory	1
terroir	1
terrorism	18
terrorist	15
terry	1
test	3
teubner	1
texa	1
texas	2
tgi	7
than	56
thank	6
thanks	17
that	419
the	1348
theatre	1
theatrical	1
their	99
them	37
theme	1
themselve	4
then	34
theocracy	1
theory	16
there	84
thereby	1
thermostat	1
these	35
thewe	1
they	159
thibodeau	1
thin	1
thing	42
think	69
third	2
thirty	1
this	179
thoroughly	1
those	42
though	17
thought	2
thousand	5
threat	4
three	12
three-hour	1
three-part	1
three-walled	1
thrift	2
thrift-store	1
through	29
throughout	1
throw	7
thumb	1
thursday	2
thus	5
tibetan	5
ticket	1
tide	2
tidiness	1
tie	1
tiger	1
tighten	1
till	1
time	75
time-travelling	1
timeout	1
timer	1
times	5
timing	1
timor	1
tingly	1
tinker	1
tiny	2
tip	2
tire	1
title	4
to	754
toby	1
today	10
together	5
tom	8
tom--	2
tomcruise-bradpitt	1
tomemo	2
tomer	1
tomorrow	1
ton	1
tone	1
tonight	1
too	24
toodle	1
tool	2
tools	1
tooth	1
top	4
topic	8
torch	1
total	4
totally	5
toto	1
touch	4
tough	2
tour	3
tourism	3
tourist	2
tournament	1
toward	2
towards	2
town	17
toy	1
tper	2
track	3
trade	12
tradition	3
traffic	2
train	2
traipse	1
trait	1
transaction	2
transform	1
transformation	1
transition	1
translate	1
transportation	4
trapped	1
trashed	1
travel	11
treasure	1
treat	1
treatment	1
tree	5
trek	1
tremendous	1
trend	2
triangulate	1
triangulation	1
trick	1
tried	1
trigger	1
trip	2
triple	1
trizin	1
trophy	1
trouble	3
troy	5
truck	3
truckload	1
true	10
truism	1
truly	4
truro	7
trust	3
truth	8
truthfully	1
try	25
tsechen	1
ttb	2
tuesday	1
tun	3
tupelo	7
tupelohoneycafe	1
turf	1
turkmenistan	1
turn	16
turnbull	1
turning	1
tuscany	1
tv	4
twellow	1
twenty	1
twenty-five	1
twenty-somethe	1
twice	7
twilght	1
twilight	3
twist	1
twitter	4
two	27
two-wheeled	1
type	11
types	1
typical	3
typically	1
typify	1
tyranny	1
u	3
u.s.	1
uber-rich	1
uc	1
ucus	1
uh	1
ultimate	1
ultimately	3
um	2
un-fertilized	1
un-greasy	1
unaccustomed	1
unaffect	1
unanimously	2
unaware	1
unbearably	1
unbelievably	1
unchallenge	1
unchallengeable	1
unchange	1
uncle	1
uncomfortable	1
unconsciously	1
under	8
under-60	1
underdog	1
underground	2
underlie	1
undermine	2
underpinning	1
understand	11
understanding	1
understatement	1
undoubtedly	1
unearn	1
uneducate	1
unelect	1
unelectable	1
unemployment	1
unexpected	1
unfamiliar	1
unfortunately	1
ungraded	1
unhappy	2
unincorporated	1
union	2
uniqness	1
unique	3
uniqueness	1
unit	11
united	6
universally	1
university	5
unjustified	1
unleash	1
unless	3
unlimit	7
unmidas	2
unnecessarily	2
unnecessary	1
unprecedent	1
unread	1
unregulate	1
unresolve	1
unsympathetically	1
untended	1
until	5
untouchable	1
unwaver	1
unwitting	1
unyield	2
up	52
update	4
upgrade	1
uphold	4
upland	1
upon	2
upper	1
uprooted	2
upsell	1
upside	1
upstair	1
upward	1
urban	6
urbino	5
urchin	1
urge	1
us	23
usa	5
use	37
useful	1
useless	2
usual	1
usurp	2
utterly	1
v	7
vacant	1
vacation	9
vacuous	1
vague	1
valid	3
validity	1
valley	21
valuable	1
value	10
vampire	7
vampires	6
vandalism	1
vanity	1
varietal	1
variety	1
various	4
varsity	15
vary	1
vassar	2
vast	1
vegetable	1
veggie	1
veggy	1
vehement	1
vehicle	1
venkatarmanus	4
venom	1
venture	2
venue	2
verify	2
version	3
vertically	1
very	16
vetted	1
via	4
vicarious	1
victory	2
video	3
videotape	1
vietnam	1
view	7
vigilance	1
vile	1
village	1
vine	1
vineyard	2
vintage	1
vintner	11
violence	1
virtually	2
virulently	1
virus	1
vis-à-vis	2
visceral	1
vision	3
visit	7
visitor	1
viticultural	3
viticulture	2
vive	2
vividly	1
voice	3
voluntarily	1
voluntary	2
volunteer	2
vote	10
voter	1
w	1
wade	2
wage	1
wait	12
wake	3
wal	1
walk	5
wall	3
wall-	1
wallace	1
wallenbrock	1
wallet	1
walls	1
wander	1
want	26
war	3
wares	1
wark	1
warn	2
warrior	1
washington	1
waste	2
watch	20
watchman	2
water	2
wave	1
way	45
we	86
wealth	2
wear	3
weather	1
website	10
wednesday	10
wee	1
weed	1
week	11
weekend	6
weekly	1
weird	5
welch	1
welcome	2
welfare	3
well	35
well-deserve	1
wesley	1
west	4
what	100
whatever	3
whatsoever	1
whedon	2
wheel	4
when	71
whence	1
where	31
whereas	2
wherein	1
wherever	2
whether	5
which	46
while	20
whisper	1
white	6
who	86
whoever	1
whole	11
wholesale	1
wholesaler	30
wholesaler-sponsor	1
whom	3
whoops	1
whose	5
why	19
wide	1
widener	3
widespread	1
wife	10
wifus	3
wild	2
wildflower	1
will	102
willingness	1
willpower	1
win	21
wind	1
window	6
wine	60
wine-produce	1
winegrape	1
winery	10
wingnut	4
winkler	2
winter	1
wiring	2
wisdom	2
wish	4
wisse	1
wit	1
witch-	1
witchcraft	1
with	188
within	10
without	21
withstand	2
witness	2
wo	8
wolf	1
woman	6
wonder	7
wonderful	2
wonderfully	1
wood	1
woody	2
word	13
work	27
worker	1
workout	3
workshop	3
workspace	1
world	19
world-historical	1
world-wide	1
worldwide	1
worm	1
worry	1
worse	4
worst	2
worth	11
would	74
wow	4
wrap	1
wrestle	1
write	16
writer	5
writing	1
wrong	10
wrong-head	1
wtih	1
wv	1
xander	1
xbox	1
y	1
yada	4
yammer	1
yard	2
yay	1
yeah	5
year	36
year-round	1
yell	1
yes	9
yesterday	1
yet	7
york	4
yorker	1
yorkville	1
you	331
young	7
younger	1
your	92
yourself	11
yourselve	1
yr	1
yuan	1
zen	2
zero	1
zinfandel	2
zinger	1
zombie	3
zombies	9
zone	3
zoo	1
|	22
–	1
—	1
’	10
“	6
”	6
