'd	8
'll	10
's	20
101	1
One	1
a	150
able	2
about	47
act	1
activate	1
actually	3
address	1
administration	1
administrator	1
advantage	1
after	4
afternoon	1
against	2
ago	2
agree	4
ahead	1
all	30
allow	3
almost	1
already	2
also	3
alway	6
amenity	3
american	4
amy	1
an	11
ananimous	1
and	175
another	3
answer	4
antique	1
antler	1
any	11
anybody	2
anything	7
anyway	2
apartment	4
are	1
area	2
army	1
around	7
as	18
ask	5
at	27
author	2
automatic	2
available	1
average	1
award	1
away	2
back	5
background	2
bad	4
bam	2
ban	1
bartman	1
baseball	6
be	397
beat	1
because	17
become	1
bed	1
before	5
believe	6
benz	1
bet	2
better	2
between	1
beyond	1
bid	2
bidder	1
big	4
bigger	1
billboard	1
bit	2
black	2
blank	1
bob	1
book	7
boring	1
boy	2
brake	1
brand	1
break	3
bring	2
brother	1
bsing	1
build	1
bumper	1
bunch	2
bureaucracy	1
burglar	1
but	57
buy	18
by	5
bye	3
bye-bye	4
c	1
ca	5
californium	4
call	14
can	8
cannot	1
car	12
card	1
care	3
carry	3
case	3
cave	1
center	2
certain	2
change	2
chapter	1
charle	1
cheap	1
cheaper	1
child	2
choice	1
choose	2
chop	1
christ	1
city	2
class	1
classroom	2
clean	2
clearer	1
cleveland	2
click	2
close	2
clutch	3
clutches	1
code	1
college	1
color	1
come	17
comment	1
commercial	2
communication	1
community	1
company	1
complex	2
computer	4
conscientious	1
consider	5
consideration	1
control	4
conversation	1
cooking	1
cool	1
cost	3
could	12
country	3
couple	2
course	5
court	1
cover	1
cowboy	1
crawl	1
crazy	4
criminal	4
crowd	1
curriculum	1
dad	2
dalla	4
dance	1
darn	1
daughter	1
day	9
death	1
debbie	1
decent	1
decide	2
decision	4
deer	2
defense	1
definitely	1
dense	1
deserve	3
diaper	1
difference	2
different	2
dinner	1
disposable	4
do	125
dog	1
doggone	1
dollar	4
door	8
door-to-door	2
doubt	1
down	5
drag	2
draw	1
dream	1
drive	1
drug	1
drunk	1
durable	1
during	1
e	1
each	1
earlier	1
early	1
earn	1
easy	2
eight	4
either	12
eleven	1
eleventh	1
eligible	1
ellen	1
else	6
emotional	2
end	2
enemy	1
enjoy	4
enough	1
entirely	1
especially	5
even	19
ever	5
every	6
everybody	4
everyday	2
everyone	1
everything	5
exactly	8
example	1
excellent	1
except	1
exist	1
expect	1
expensive	2
extend	1
extremely	1
fact	1
fame	1
family	3
far	6
father	1
federal	1
feel	6
feeling	1
field	1
fifteen	1
fifty	1
fight	1
figure	1
fill	1
finally	1
find	3
fine	3
first	6
five	2
flip	1
floor	1
florida	1
football	3
for	43
foreign	2
form	1
fort	1
fortune	3
four	3
freedom	1
friend	1
from	12
front	4
frustrating	1
fry	1
fun	4
funny	4
gadget	1
game	2
gang	1
garland	1
gas	3
general	1
generate	2
get	58
ghost	1
give	5
go	66
god	3
gonna	4
good	18
good-bye	2
goodness	3
gosh	4
graduation	1
great	2
group	2
grow	1
guess	11
guide	1
guilty	2
gun	16
guy	6
half	1
hand	4
handy	1
hang	5
hanging	1
happen	2
happy	2
harassment	2
hard	2
harder	1
hardly	1
hate	3
have	135
he	31
hear	12
heated	1
heck	3
hello	2
help	1
her	1
here	6
hero	1
hers	1
hey	2
high	1
highest	2
him	2
his	7
history	1
hm	3
hobby	1
hold	2
holler	1
holly	1
home	4
hope	1
horrifying	1
horror	1
hour	3
house	5
how	21
huge	2
huh	4
huh-uh	1
hundred	1
hunt	1
hunter	3
husband	4
i	285
if	26
illegal	3
impact	1
in	73
incoming	1
inmate	1
instance	1
instead	2
interest	1
interesting	3
intervene	1
into	3
introduce	1
invariably	1
invasion	2
investment	1
issue	1
it	157
itself	1
jail	2
jesus	1
jim	1
job	2
joe	3
join	1
joker	1
judge	8
judicial	1
juror	2
jury	8
just	46
keep	3
kid	5
kill	2
kind	14
know	114
lake	1
lamb	2
language	1
last	9
lately	2
latter	1
laundry	1
law	2
lawyer	1
least	2
leeway	1
lenient	1
less	3
let	16
letter	1
life	8
like	51
likewise	1
limit	1
line	1
liquor	2
list	4
little	5
live	3
living	1
lock	1
long	12
long-term	1
longer	1
look	7
lot	24
love	1
lubbock	1
luxury	3
machine	2
mahal	1
major	3
make	8
maker	1
man	2
management	1
manager	1
manner	1
manson	1
many	4
marge	1
mark	1
massive	1
matter	1
may	1
me	19
mean	14
mercedes	3
message	2
middle	1
might	2
mile	1
mileage	3
million	2
mine	1
minor	1
minute	4
mission	1
missionary	1
mistake	1
mom	3
money	7
month	5
moore	1
mop	1
more	8
most	5
motor	1
move	2
movie	9
much	9
murder	4
murderer	1
music	1
my	30
myself	2
n't	91
name	5
neat	1
neck	1
need	2
nerve	1
network	1
never	9
new	8
news	4
next	3
nice	3
night	13
nine	1
ninja	2
no	26
nobody	1
nolan	1
normally	1
not	33
now	7
number	6
o'clock	1
oakland	1
obviously	1
occurrence	2
of	112
off	7
offer	2
often	1
oh	53
ohio	1
okay	20
oklahoma	1
old	4
on	42
once	1
one	47
only	3
ooh	2
opinion	1
opportunity	1
or	36
organization	2
other	13
otherwise	2
ought	2
our	1
ours	1
out	23
outlaw	1
over	5
own	5
pad	1
pain	1
paper	1
parole	2
paroled	1
part	2
particular	3
particularly	3
party	1
pass	1
pathetic	2
patience	1
pay	2
payoff	1
peddle	1
peer	2
penalty	2
pennant	1
penny	1
people	33
percent	2
percentage	2
period	1
personally	1
phone	6
pick	2
picture	1
pirate	1
place	2
plano	2
plant	1
play	5
player	3
please	1
plug	1
point	1
politics	3
possibly	1
power	1
practically	1
preference	1
preschooler	1
presently	1
pretty	6
prevent	2
price	3
prison	1
privacy	2
probably	5
problem	4
product	3
program	1
prolong	1
public	3
pull	1
purchase	1
pursue	1
put	8
quality	2
question	1
quit	2
quite	3
radical	1
random	1
ranger	3
rapist	1
rather	1
read	8
reading	2
ready	1
real	9
realize	1
really	34
reason	4
reasonable	1
record	1
recording	1
red	1
regular	1
religion	3
religious	4
remember	5
rental	1
replace	2
report	2
reputation	1
request	1
require	4
resolution	1
respect	1
restriction	1
retire	1
retrial	1
reverse	1
ridiculous	1
rifle	1
rig	1
right	24
righty	2
room	2
run	2
ryan	1
saint	1
salesman	2
same	2
sanctity	1
say	33
scale	1
scary	1
school	1
screw	1
search	1
season	1
second	2
seconds	1
sect	1
see	33
seem	6
select	1
sell	4
sense	1
sentence	7
sentencing	2
sequence	1
serial	1
serve	2
service	2
set	1
seventy	1
several	2
sharon	1
she	6
shock	1
shoeless	3
shoot	3
shopping	1
short	1
should	20
show	2
shower	1
side	1
sign	4
silence	2
silver	1
simpson	1
since	2
situation	3
six	1
sixty	4
sleep	4
slow	1
small	1
smaller	2
so	44
softball	1
solicit	3
solicitation	1
some	20
somebody	7
someone	2
something	20
sometime	5
somewhere	1
son	1
soon	1
sorry	1
sort	6
sound	1
speak	2
speech	1
spend	3
spending	1
split	1
sport	1
sporty	2
stadium	6
start	11
starve	2
state	1
stay	2
stick	1
sticker	1
stiff	1
still	5
stop	6
store	2
storm	2
story	1
strongly	1
student	1
stuff	4
stupid	1
subject	1
such	1
sum	1
sun	1
suppose	3
sure	4
system	9
taiwan	1
taj	1
take	9
talk	23
talking	1
taxpayer	1
teach	11
teaching	1
team	3
tear	1
technically	1
teenager	1
telephone	2
tell	8
ten	6
texa	2
than	6
thanks	5
that	193
the	224
their	15
them	35
themselve	1
then	16
there	47
these	11
they	121
thing	18
think	55
thinking	1
this	19
those	11
though	10
thousand	3
three	1
through	7
throw	4
throwing	1
thumb	1
ti	1
tie	1
till	1
time	15
tired	1
to	170
today	1
together	1
tom	1
tonight	4
too	20
topic	3
totally	2
touch	1
tough	1
tougher	1
town	1
toyota	3
trial	2
true	13
try	15
turf	1
turn	2
turtle	2
tv	1
twelve	2
twice	1
two	15
type	2
typical	1
uh	72
uh-huh	16
um	33
um-hum	18
unbelievable	2
unconscious	1
under	2
understand	1
understanding	1
unlisted	2
until	1
up	22
us	2
use	3
useful	1
usually	2
uzi	1
v	1
various	1
verdict	2
very	2
veterinarian	1
victim	1
video	1
voice	2
vote	2
wait	2
walk	4
wall	1
wanna	1
want	14
watch	3
way	10
we	40
weapon	2
weather	1
week	2
weekend	1
weird	1
well	48
what	49
whatever	2
whatsoever	1
when	20
whenever	1
where	9
whether	1
whew	1
which	5
while	1
whim	1
who	10
whole	7
will	2
win	2
wind	1
wish	1
with	26
within	1
wolf	2
woman	2
wonder	2
wonderful	1
wood	1
word	1
work	10
worse	5
worth	1
would	26
wow	1
write	2
wrong	1
wrongly	1
x	1
yankee	1
ye	5
yeah	130
year	23
yep	3
yet	3
you	207
your	10
yours	1
