!	23
"	89
$	2
&	5
'	82
'd	3
'll	7
's	150
(	141
)	142
+	1
,	1471
-	19
--	10
.	1003
/	12
0	1
000	6
01867	1
070	1
1	8
10	1
100	4
101	1
11	1
112	1
113	1
114	2
115	1
116	1
12	1
121	1
123	2
14	2
15	4
150	1
151	1
16	2
17	2
1790	1
1832	1
1846	1
1870	1
1873	1
1880	2
1890	1
1898	2
19	4
1904	1
1905	2
1910	1
1914	1
1916	1
1922	1
1930	2
1931	1
1934	3
1936	1
1939	1
1940	3
1945	1
1946	1
1948	2
1956	1
1958	1
1961	1
1962	1
1968	1
1970	1
1971	1
1973	2
1974	1
1975	1
1978	2
1982	1
1983	1
1988	4
1989	1
1992	4
1993	1
2	5
2-to-1	1
20	5
200	1
21	2
22	7
23	3
236	1
24	3
25	5
2500	1
2600	1
28	1
2800	1
29	1
30	4
313	1
32	1
33	1
34	1
38	1
39	1
399	1
4	3
40	3
42	1
45	1
463	1
470	1
49	2
5	3
50	1
500	1
52	1
57	1
5818	1
6	3
60	4
63	1
6500	1
7	4
70	1
78	2
8	2
80	1
800	1
83	1
90	2
:	101
;	58
=	3
?	37
[	41
]	41
`	43
a	490
aa	1
aaf	1
abbey	1
abc	2
ability	2
able	4
abort	1
abortion	24
abound	1
about	69
abroad	1
absence	3
absent	2
absentee	1
absolute	4
abstract	1
absurd	1
absurdly	1
academy	1
académie	1
accent	1
accept	6
acceptance	2
access	2
acclaimed	1
accommodate	1
accompany	1
accomplish	1
accomplishment	1
accord	9
account	4
accountable	1
accuracy	2
accurate	2
accurately	1
accusation	1
accuse	1
achievement	1
achille	1
acknowledge	6
acquaintance	1
acquire	7
acquisition	3
acrobat	1
across	3
act	4
action	3
activity	2
actual	1
acute	1
ad	2
add	5
addison-	1
addition	1
additional	3
address	1
adhere	1
adherent	1
adj	2
adjective	2
adjunct	1
admirable	2
admire	1
admit	2
adolescent—and	1
adonai	1
adopt	1
adult—	1
advance	1
advancement	1
advantageous	1
adventurous	1
adverb	1
advice	1
advise	3
aerial	1
aesthetics	1
affair	1
affect	4
affliction	1
afford	1
africa	2
after	23
afternoon	1
again	11
against	14
age	5
agent	1
agnodice	1
ago	7
agree	6
agricultural	1
agriculture	3
ah	1
ahead	2
aid	2
aide	1
aim	2
air	3
airfield	2
airline	1
airplane	1
airway	1
ala	1
alan	2
alba	1
albanian	1
albeit	1
albert	2
albright	2
alcohol	1
alignment	1
alive	3
all	57
all-around	1
allan	1
allegation	2
allege	1
allegorical	1
allegorically	1
allen	2
alleviate	1
allow	8
allowance	1
allusion	1
almanac	2
almost	6
alone	5
along	4
alongside	1
alphabet	3
already	7
also	20
alternate	1
alternative	1
although	11
alway	7
always	1
amazing	1
ambassador	1
ambush	1
amelium	2
amend	1
america	5
american	23
ammunition	1
among	12
amount	4
ample	1
amputate	1
amsel	1
amusing	3
an	109
analysis	1
analyst	1
analyze	1
anatolian	1
anatolium	2
ancestor	1
ancient	9
ancillary	1
and	479
and--full	1
andrew	1
anecdote	1
angele	2
anglo-	1
angry	1
animal	2
annie	1
annual	1
another	17
answer	1
antecedent	3
antedate	1
anterior	1
anthropologist	2
anticipation	1
antipodean	1
antony	2
anxious	1
any	30
anybody	1
anyone	3
anything	4
anyway	1
aol	6
apart	3
apartheid	1
aphrodisiac	1
apologize	1
apology	1
apparent	1
apparently	3
appeal	2
appear	12
appearance	3
apply	1
apprehension	1
apprehensive	1
approach	2
approximate	1
approximately	1
apuleius	1
arab	9
arab-manufactured	1
arab-owned	1
arabic-speaking	1
arabium	1
arabs	6
arafat	3
arch	2
archaelogy	1
archaeological	2
archaeologist	2
archaeology	6
archbishop	1
are	3
area	8
argue	3
argument	5
ariel	1
arise	3
arm	2
armenian	1
army	3
around	3
arrangement	1
array	1
arrest	1
arrogance	2
art	1
arthur	1
article	9
artifact	2
artist	1
artist--played	1
as	129
ashcroft	1
aside	1
ask	14
asleep	1
aspect	3
ass	3
assess	3
assign	2
assignment	1
assimilable	1
associate	4
association	1
assume	3
assure	2
astonishing	2
astronomer	1
astronomy	1
at	59
atlas	1
atom	1
attack	2
attempt	3
attend	2
attendant	2
attention	5
attested	1
attire	1
attitude	1
attributable	1
august	1
australian	5
australium	6
authentic	1
author	17
authoritative	1
authoritatively	1
authority	4
authorship	1
autumn	2
available	5
avena	1
avoid	2
avowal	1
awake	1
awaken	2
award	2
aware	2
away	5
awful	1
b	6
baby	9
babylon	1
back	20
bad	6
badge	1
bag	2
bagel	1
bairn	1
balance	2
balanced	1
balderdash	1
balfour	1
ball	7
ball-park	1
ballmer	1
baltoslavic	1
ban	4
bandwagon	1
bank	1
banning	1
bantu	1
baptism	2
bar	2
bard	1
barely	2
barman	1
barracks	1
barrel	1
barringer	1
bartender	1
base	12
bashevi	1
basic	2
basis	1
basque	1
bass	3
basso	1
bathe	1
bathroom	1
battle	1
bay	1
bc	4
be	835
be--certainly	1
bean	1
bear	13
beast	1
beat	1
beating	2
beautiful	4
beauty	1
because	22
beck	1
beckett	1
becky	1
become	16
bed	2
bedclothes	1
bedside	1
befall	1
before	14
begin	6
beginning	2
behalf	2
beheld	1
behind	4
behold	1
behoove	2
being	1
being—a	1
belief	1
believe	9
believer	1
bell	1
belmaine	2
belong	1
below	1
bely	1
ben	1
benefit	2
bennett	1
benny	1
benson	1
bent	1
bere	1
bernice	1
beside	1
bessie	3
best	4
best-known	1
bestow	1
bet	1
beth	1
betray	1
better	7
better-educated	1
better-known	1
between	23
bewail	1
beware	1
bi-unique	1
bias	2
bible	2
biblical	2
bibliography	2
big	3
bill	11
billion	2
bind	4
biographical	1
biography	1
biological	1
biology	1
bird	4
birmingham	1
birthday—meaning	1
birthplace	1
bit	4
bitterly	1
blabbermouth	1
black	7
blackest	1
blair	1
blame	5
blast	1
blazer	1
bleak	3
blenkinsop	1
blithely	1
block	1
blonde	1
blood	1
bloom	1
bloomed	1
bloomfield	1
blooper	1
blow	1
blues	3
blurb	2
blush	2
board	2
boardroom	1
boast	1
bobbus	1
bobsleigh	1
body	4
boldly	1
bolton	1
bomb	2
bone	1
bonus	2
book	47
book--it	1
bookstore	1
boosterish	1
boot	1
booze	1
border	1
borrow	1
borrowing	1
boss	2
boston	1
both	7
bottle	1
bottle-shaped	1
bottom	2
boundary	2
box	1
boy	3
boycott	1
brain	2
brain-damaged	1
brainy	1
branch	2
brand	1
brass	5
breach	1
break	1
break-through	1
breathe	2
breathlessly	1
breng	1
bride	4
brief	4
bright	1
brightly	1
brilliant	1
bring	6
bristol	1
brit	2
britain	7
british	8
british-	1
british-born	1
broached	1
broadcast	3
broadcaster	1
broaddrick	12
broadest	1
brook	2
brooke	1
brother	2
brought	1
brown	4
browning	1
browsing—even	1
bruise	1
bucklaw	1
buddhism	1
buddhist	1
build	5
building	3
bull	1
bulldozer	1
bullshit	1
bully	2
bunched	1
burden	2
bureau	1
buried—and	1
burn	1
burr	1
bury	2
business	3
but	98
bute	2
butler	1
but—what	1
buxom	1
buy	3
buyer	1
by	122
bygone	1
c	7
ca	2
cabin	2
cabinet	2
cable	3
cachet	1
cafeteria-style	1
cajole	1
calculate	2
calcutta	1
californium	1
call	27
caller	1
calm	1
calvinist	1
campaign	6
campbell	6
can	31
canada	2
candid	1
cannon	2
cannot	6
canon	1
canterbury	1
canto	1
capable	1
capacity	1
capital	4
captivated	1
capture	1
card	2
care	3
career	1
careful	1
careless	1
caress	1
carnegie	4
carol	1
carriage	1
carry	4
carryover	1
carville	1
case	15
casey	1
cash	2
cash-crop	1
cassio	1
casterbridge	1
cat	1
catalogue	1
catch	3
categorize	2
category	1
causation	1
cause	5
cavalier	1
cave	1
caveat	1
celebrate	2
celebrated	1
celebration	2
celebrity	1
celtic	1
central	2
centre	1
century	12
ceremony	1
certain	10
certainly	7
certify	1
cess	1
chair	1
challenge	1
chamber	1
champollion	1
chance	5
change	5
channel	2
chao	1
chapter	29
character	6
characteristic	2
characterize	1
charge	5
charity	1
charle	1
chart	3
charter	1
chat	1
chattel	1
chatterbox	14
chaucer	1
cheap	2
cheapen	1
cheaply	1
check	1
checkered	1
checkmate	2
cheek-by-jowl	1
cheer	1
cheever	1
chief	3
chiefly	1
child	6
chile	2
chill	1
chimbey	1
chimbley	1
chimdey	1
chimley	1
chimmock	1
chimney	1
chinese	4
chippy	1
chisholm	1
choice	3
choose	3
chop	1
christ	1
christian	2
christian-	2
christianity	1
christma	1
christopher	1
chuck	1
chuckle	2
chuckled	1
church	3
chutzpa	2
chutzpah	1
chutzpanik	1
circle	4
circulation	2
circumlocution	2
circumstance	1
cisnero	1
cite	1
citizen	1
city	8
civil	2
civil-	1
civilization	4
claiborne	3
claim	6
clarinet	1
clarity	1
class	2
classic	2
classical	2
classification	1
classify	1
clay	2
clean	1
clear	11
clearly	2
clemen	1
cleopatra	1
cleveland	2
clever	2
clichés	1
client	1
climax	1
clinton	23
clinton-	1
clip	1
clock	1
close	5
closely	3
closer	1
closet	1
clothing	2
cloy	1
club	2
clumsy	1
cluster	1
co-author	1
co-opting	1
coalition	1
coast	4
cock	1
cockamamie	1
cockamamy	1
cocked	1
cocktail	1
coffee	1
coherence	1
cohn	1
coin	1
coincide	1
cold	2
coleridge	1
coll	1
collaborate	1
collapse	1
colleague	1
collect	1
collection	3
college	3
collision	1
colonel	1
color	1
colorful	1
column	8
combination	1
come	22
command	4
commando	1
comment	9
commentary	1
commerce	1
commit	2
common	8
commonly	2
commonsense	1
communication	1
community	2
commutative	1
commuter	1
companion	1
company	7
company--whether	1
comparative	1
compare	1
compel	1
compensation	1
compete	1
complaint	2
complete	2
complex	3
complicate	1
compound	2
comprehensible	1
comprehensive	1
compromise	1
compuserve	1
computer	4
con	1
conceive	1
concept	3
conceptually	1
concern	4
conclude	3
conclusion	2
concoct	1
condemn	1
condolence	1
conduct	3
confer	1
conference	1
confession	1
confide	2
confidentially	1
confiscate	2
confucian-	1
confuse	1
confusion—pronoun-cedly	1
congener	2
congenial	1
congress	1
connect	2
connection	1
connotation	1
conqueror	1
conscious	1
consecutive	1
consider	5
considerable	2
consideration	1
consist	3
consistent	1
consistently	1
console	1
consonant	2
conspiracy	1
constant	1
constantly	1
constitutional	1
construction	2
consult	1
contact	1
contain	9
contemporary	4
contend	1
content	2
contention	2
context	3
continually	2
continue	6
contractor	1
contrast	1
contribute	2
contribution	2
contrition	1
control	1
controll	1
controversial	1
controversy	2
convenient	2
conventional	3
conversation	1
convince	2
convincing	1
cooperative	1
coppice	1
copy	4
copy-proud	1
cornell	1
corner	1
corporate	1
corps	1
correct	2
correlate	1
correlated	1
correspondence	1
correspondent	2
corresponding	1
corroborate	2
corroboration	2
corymbus	1
cost	1
could	19
count	6
counter-offer	1
countless	1
country	8
countryside	1
couple	4
couplet	1
courage	1
course	8
court	12
coventry	1
cover	6
coverage	4
covered	1
crack	1
crane	1
crank	1
crash	1
crease	1
create	7
creation	4
creativity	1
credence	1
credit	3
creek	3
creep	1
crete	1
cried	1
crime	3
cringe	1
cripplegate	1
crisis	1
crisis--a	1
criterion	1
critical	2
criticism	1
criticize	1
crop	1
crosbie	1
cross	1
cross-country	1
cross-eyed	2
crossword	1
crowd	2
crucial	1
cruise	1
crumb	1
crush	1
cry	3
cryptic	1
crystallize	1
cuddle	1
cuddly-feely	1
cudgell	1
culture	8
culture—	1
cuneiform	1
cure	2
curious	1
curl	1
currency	1
current	7
curse	2
cursor	1
curt	1
cut	3
cute	1
cutesy	1
cuthbert	1
cynde	1
cyrillic	1
céspedes	1
d	4
da-dat-dat-dah	1
da-de-da-de-da-de-dat-dat-dah	2
dah	4
daily	2
damage	2
dame	2
damned	1
damp	1
dance	2
danger	1
danielide	1
danish	2
daschle	2
date	3
daughter	1
david	1
davidson	1
dawn	1
day	21
dazzling	1
dc	1
de	2
dead	2
deal	9
dealer	2
dear	2
death	3
debasement	1
debatable	2
debate	2
decade	2
decay	1
decide	5
decidedly	1
decipher	1
deciphered	1
decision	4
decisively	1
declaration	1
declare	1
decoded	1
decree	3
deep	1
defeat	2
defendant	3
defender	1
defense	2
defer	1
define	2
definition	5
defy	1
deliberately	3
delicate	1
delicately	1
delicious	1
delight	1
delightful	1
deliver	2
delivery	1
deluge	1
demand	1
democrat	1
democratic	2
demonstrate	2
denominate	1
dense	1
deny	2
department	1
depend	4
deplored	1
deployment	1
depression	2
derivation	2
derive	2
derogatory	1
descend	1
describe	15
described--solemnly--a	1
description	3
descriptive	2
descriptive—of	1
descriptivism	1
desdemona	2
desert	5
design	1
designation	3
desire	1
desk	1
despise	1
despite	2
destiny	4
destitute	1
destroy	2
destruction	1
detail	3
detailed	1
detect	3
deter	1
deteriorate	2
determination	1
determine	3
develop	5
developer	1
development	7
deviation	1
devil	1
devote	1
dew	1
dialect	15
dialectologist	1
dialectology	2
dialogue	3
diamond	4
diana	4
diary	1
dick	3
dickens	3
dickson	3
diction	1
dictionaries—inside	1
dictionary	11
die	9
difference	1
different	7
differential	1
difficult	5
difficulty	3
dig	2
digeratus	1
digging	1
digital	1
dignity	1
digression	1
dilation	1
diligently	1
dim	1
dimension	1
diminishes--	1
diminution	1
dinesen	1
diodorus	2
direction	2
directly	1
dirk	1
disappear	1
disapproval	1
discern	3
disclaimer	1
disclose	1
disclosure--	1
discomfited	1
discourse	2
discover	2
discrediting	1
discuss	1
discussion	1
disease	2
diseases—among	1
disgrace	1
disgruntled	1
disgusting	1
dish	1
dishonest	1
dishonesty	2
disk	3
dislocation	1
disloyalty	1
dismal	1
disney--i	1
disorganized	1
dispatch	1
displace	2
displacement	1
disposition	1
dissembler	1
dissension	2
distinct	3
distinction	3
distinctly	1
distinguish	1
distortion	1
distracter	1
distribution	3
disturbing	1
divergence	1
diverse	1
divide	1
divinity	2
division	2
divulged	1
do	102
doctor	11
doctrine	2
document	4
documentary	1
documentation	1
dollar	3
dominate	2
domination	3
donaldson	3
donna	1
door	1
dorothy	2
dorset	1
dorsey	1
double	2
doubt	3
doubter	1
dowd	1
down	7
downsizing	1
downward	1
dozen	1
do—beneath	1
drag	3
dragon	2
drainage	1
dramatic	1
draw	9
drawer	1
dread	1
drier	1
drink	2
drinkable	1
drive	5
drizzle	1
drop	2
drunk	2
drunken	1
duchess	2
dull	2
dunleavy	3
duped	1
during	15
dus	1
dust	2
dutch	2
duty	2
dwell	1
dye	1
dying	1
dynamic	1
dynastic	1
e	7
e-mail	1
each	13
eager	1
ear	1
earlier	7
earliest	2
early	15
earshot	1
earth	3
earthy	1
easier	1
easily	3
east	5
eastern	1
eastward	1
easy	3
eat	1
eaton	1
economic	2
economical	1
economy	1
ed	1
edgar	1
edict	1
edit	1
editor	6
editorial	11
education	1
educationalist	1
edward	2
edwardian	1
ee	2
effect	3
effete	1
effort	8
effrontery	1
egerton	1
egypt	1
egyptian	2
eight	1
eighteen	1
eighty-seven	1
eighty-two	1
einstein	2
either	9
ejaculate	1
ejaculated	2
electric	1
electricity	1
electronic	1
element	3
eleven	1
eleventh	1
elf	1
eliminate	1
elite	1
elitist	1
else	7
elsewhere	2
emanate	1
embarrassment	1
embrace	1
emerge	3
emergency	1
emilium	1
eminent	1
emotion	2
emotions—some	1
emphasize	4
empire	4
employ	3
employee	6
employer	1
employment	1
empty	1
enable	1
enabler	2
enamored	1
enchanted	1
encounter	2
encourage	2
encyclopedia	1
end	7
endear	1
enemy	1
engage	1
england	12
english	34
enjoy	4
enliven	2
enormous	2
enough	5
enshrined	1
ensure	1
entangle	1
enter	2
entire	3
entirely	2
entitle	1
entity	1
entrench	1
entrepreneur	3
entry	19
environment	1
epicurean	2
epipsychidion	1
epithet	1
eponym	1
equal	4
er	1
era	3
erect	1
erection	3
ernest	2
erosion	1
error	6
especially	5
espn	2
espy	1
essence	1
essential	4
essentially	4
establish	4
establishment	2
estimate	2
estrangement	1
et	1
etc	5
ethelberta	3
ethicist	1
etna	1
etruscan	1
etymology	2
europe	3
european	9
even	27
event	2
eventually	3
ever	9
everthe	1
every	9
everyday	1
everyone	5
everything	1
everywhere	2
evict	1
evicted	1
eviction	1
evidence	5
evidently	1
evil	4
evince	1
evoke	1
evolutionary	1
ex-	3
exact	2
exaction	1
exactly	3
examine	5
example	17
excavate	1
excavation	1
except	2
exception	2
exchequer	1
exciting	1
exclamation	2
excoriate	1
excruciate	1
excuse	2
execute	1
executive	2
exercise	3
exhortation	2
exile	1
exist	5
existence	2
expansion	1
expect	4
expectation	1
expedition	1
expense	2
expensive	1
experience	3
experiment	1
expert	1
explain	5
explanation	5
explode	1
exploration	3
explore	1
explorer	8
express	4
expression	5
expressive	1
extant	1
extensive	2
extent	2
exterior	1
extolling	1
extortionate	1
extra	1
extract	1
extraction	1
extraterrestrial	1
extremely	1
exuberance	1
exude	1
eye	2
eyelid	1
ezra	1
f	4
fabiolum	1
face	5
facet	1
fact	10
fact--and	1
factor	4
fact—people	1
faculty	1
faerie	1
fail	4
failed	1
fair	6
fair-sized	1
fairly	3
fall	1
falsely	1
fame	2
familial	1
familiar	10
familiarity	1
family	18
famous	8
fan	3
fanatic	1
fanciful	1
fancy	1
fang	1
fantasy	1
far	10
fare	1
farfra	1
farm	1
farmer	3
farmland	1
farthest	1
fascination	1
fashion	1
fashionable	1
fashioning	1
fast	2
father	4
fathima	1
fatua	2
fault	1
favor	1
favorite	5
fax	1
fear	2
feature	4
feb	2
fee	3
feeding	1
feel	9
feeling	3
felicity	1
female	5
feminist	5
fertility	1
fervent	1
fetal	4
fetch	1
fetter	1
fetus	18
few	14
fewer	1
fiancés	1
fictional	1
field	2
fieldworker	1
fifteen	1
fifty	1
figaro	1
fight	2
figurative	1
figuratively	1
figure	3
fijus	1
file	1
fill	2
film	1
fin	1
final	5
finally	4
find	43
findable	1
finder	1
finding	2
finf	1
finger	2
finish	1
finke	1
finnish	1
fire	4
fire—the	1
firing	1
firm	2
first	27
first-aid	1
fish	1
fit	4
five	3
five-dollar	1
fix	1
flag	1
flail	1
flash	1
flee	1
flendish	1
flight	2
flimsy	1
flit	1
flood	2
floor	2
floppy	1
floral	1
florida	1
flourish	2
flout	1
flower	3
fluid	1
focus	4
foe	2
follow	11
follow-up	2
following	2
food	4
fool	2
foolish	1
foot	1
football	1
for	178
force	7
forebear	1
forego	1
foreshadow	1
forever	2
foreward	1
foreword	1
forget	1
form	12
formation	1
former	3
forster	2
forth	9
forth—to	1
fortune	1
forty-one	2
forty-seven	1
forward	1
found	2
four	1
four-letter	1
fourth	1
fowlenzium	1
fowler	3
fragile	1
france	2
franci	1
francisk	1
francoi	1
franglai	1
frantic	1
française	1
fraud	1
fred	1
free	1
freely	1
freeze	1
french	2
frenzied	1
frenzy	2
frequency	1
frequent	2
freshman	1
friend	6
frightened	1
frivolous	2
frizzy	1
from	103
front	2
frontier	2
frosted	1
frustration	1
fry	1
fu	1
fudge-phrase	1
fuel	1
full	4
fully	3
fun	3
function	3
functional	1
fund	5
furlough	1
furrow-browed	1
further	4
fuss	1
futile	1
future	3
g	6
gaelic	2
gainsay	1
gall	1
gallerie	1
gallery	1
gallon	1
gambler	1
game	5
gamut	1
gap	1
gasp	1
gate	2
gathering	1
gay	5
gen	1
gene-cloning	1
general	6
generalization	1
generally	4
generation	3
generic	1
gennifer	1
genre	1
genre—a	1
gentle	1
genuine	1
geographically	1
geography	4
geophysical	1
geopolitical	1
george	3
georgie	1
german	6
germanic	3
germany	1
gernisht	1
get	32
giant	1
gibson	1
giddy	1
gift	2
giggle	3
gilbert	3
gilbertian	1
gile	5
gilliam	1
girl	3
giulianus	6
give	27
gladly	1
glass	1
glean	1
glee	1
glen	2
glenn	1
glimpse	1
gloss	1
glossary	1
glow	1
go	22
goal	4
god	2
god-given	1
goddess	1
godlike	1
goin	4
gold	1
golden	1
gonif	1
good	22
goodman	1
goods	2
goodwill	1
gorge	1
gospel	1
gossip	2
gov	3
government	6
government-oriented	1
grab	1
grace	1
graceful	1
graduate	1
grammar	1
grammarian	1
grammatical	3
grand	2
grandfather	1
grant	1
grape	4
graphically	1
gratitude	1
grave	1
great	6
greater	3
greatest	1
greatly	1
greek	10
green	1
greene	1
greenham	1
gregory	2
gride	1
grief	1
grim	1
grip	1
groan	1
ground	2
groundwork	1
group	5
grow	2
guarantee	1
guard	1
guerrilla	1
guess	5
guest	1
guffaw	1
guide	1
guideline	1
guilty	2
guise	1
gulf	1
gum-tree	1
gun	6
gunning	1
gutters--wa	1
guy	2
gynaecologist	1
h	3
habit	1
habitual	1
hail	1
hair	1
haley	2
half	4
half-ly	1
hall	2
hama	1
hamlet	1
hamper	1
han	1
hancock	1
hand	19
hand-writing	1
handel	1
handful	3
handle	1
hanover	7
happen	3
happy	1
hard	6
hardhearted	1
hardly	1
hardy	1
harlem	1
harness	1
harold	5
harrod	1
harry	1
harsh	1
harsher	1
hart	1
harvest	1
hasten	1
haul	1
have	196
hay	1
he	81
head	4
heading	2
headline	4
health	1
hear	10
heart	1
heartbroken	1
heaven	1
heavy	1
hebrew	4
heel	1
height	1
helen	1
helfen	1
hellenic	1
help	14
hemingway	1
hence	4
henceforth	1
her	37
herder	2
here	13
hereby	1
herman	1
heroine	1
herring	2
hers	1
herself	1
hide	1
hieroglyphic	2
high	7
higher	2
highlight	2
highly	4
hilarity	2
hill	1
hillary	5
him	26
himself	6
hinduism	1
hindus	1
hingi	1
hint	1
hire	1
hiroshima	1
his	89
historian	6
historical	2
history	8
hitchen	1
hittite	1
hmmm	1
hoax	1
hold	7
hole	5
hollowed	1
hollowed-out	1
hollywood	1
home	5
homeland	1
homeless	1
homer	1
hominid	1
homo	1
honor	1
hootch	1
hop	1
hope	3
hopeful	1
horde	1
hormone	1
horreur	1
horse	3
hospital	3
hot	2
hotdog	1
hour	3
house	6
household	1
housekeeper	2
how	21
however	10
hud	1
hue	1
huge	2
hugh	1
human	7
human-ness	1
humanity	2
humankind	1
humble	1
humor	3
hundred	10
hungarian	1
hungry	1
hunt	1
husband	6
hyme	1
hyne	1
hypercorrection	1
hyperventilate	1
hypothetical	1
i	165
iago	1
ibid	2
icon	1
ide	2
idea	5
identical	1
identify	5
identity	3
ideology	1
ides	2
idiom	2
idiomatic	1
ie	1
if	52
ignorant	1
ignore	1
iliad	1
ill	2
illiterate	1
illness	1
illustrate	1
illustration	1
image	6
imaginative	1
imagine	6
imcomparable	1
immigrant	2
immigrate	1
imminent	1
impeachment	1
imperative	1
import	1
importance	3
important	11
impose	1
imposition	1
impossible	1
impression	1
impropriety	1
improvement	1
impure	1
in	467
inaugurate	1
incentive	1
incidentally	1
include	8
inclusion	2
inconsistent	1
inconvenient	3
incorrect	2
incorrectly	1
increase	5
increasingly	4
incredible	1
incur	1
indeed	3
indelicately	1
independence	2
index	8
indi	6
indian	1
indiana	1
indicate	4
indication	1
indicator	1
indicted	1
indifferent	1
indigenous	1
indium	8
individual	2
indo-	10
indonesian	1
induce	1
inducted	1
indulge	1
indulged	1
indus	1
ineffective	1
ineffectual	1
ineluctable	1
ineluctably	1
inevitably	3
inexplicably	1
infant	1
infanticide	1
inferiority	1
infidelity	2
infirmity	1
inflected—including	1
inflection	1
influence	1
influence-	1
influential	1
inform	4
informal	1
information	12
informative	1
ingeniously	1
ingredient	1
inhabit	1
inhale	1
initial	4
initiate	1
injection	1
inland	1
inner-ward	1
innerward	1
innocent	3
inscription	3
insensitivity	2
inside	1
insider	1
insight	1
inspire	1
inspiring	2
install	2
installation	1
instance	12
instead	3
instigation	1
institution	1
instruct	1
instrument	1
insular	1
insularity	1
intact	2
integrate	1
intellectual	4
intellectually	1
intelligence	1
intend	3
intense	1
intensify	1
intensive	1
intensive-care	1
interaction	1
intercept	1
interconnection	1
intercourse	6
interest	11
interested	4
interesting	13
interfere	1
interior	1
interminable	1
international	2
internet	3
interpret	1
interpretation	1
interrupt	1
interruption	1
interview	10
into	28
introduce	1
introduction	3
invariably	1
invective	1
invent	1
investigate	3
investigation	1
invisible	1
invoke	1
involve	4
iran	2
iranian	3
iraq	1
iron	1
ironic	1
irrational	1
irregular	1
irrelevant	1
isaac	1
isabel	1
isak	1
islamic	1
islamic-	1
iso	1
isobar	1
isobath	1
isogloss	5
isotherm	1
israel	9
israeli	7
issue	12
is—the	1
it	189
it--and	1
italian	3
italic	1
item	4
its	48
itself	3
ius	2
iv	1
ize	1
jack	1
jacket	2
jacob	1
jaffa	1
january	2
japan	4
japanese	6
japanizing	1
jaw-dropping	1
jazz	2
jazzbands—	1
jazz—what	1
jazz—you	1
jean	1
jeremiad	1
jerk	1
jerry	1
jerusalem	4
jesus	1
jet	1
jew	4
jewish	27
jewish-	1
jews	15
jilt	1
jimmy	1
joannie	1
job	3
jodus	1
joe	5
jogged	1
john	4
johnane	1
join	1
jone	4
jonson	1
joseph	5
journal	22
journalism	1
journalist	3
joy	2
joyce	2
joyous	1
joyousness	1
jr	1
juanita	3
judaic	2
judaism	2
judeo-	2
judge	2
judgment	1
judisch	1
juggernaughty	1
jump	4
june	2
junior	1
jury	1
just	15
just-concluded	1
justice	1
justify	1
k	2
kantor	1
kara	1
keep	8
kelsey	6
ken	1
kenneth	1
ketchup	1
khan	1
kibitzer	1
kick	1
kid	6
kill	4
killer	1
kind	4
kindly	1
king	1
kinsley	1
kipling	1
kiss	2
klutz	1
knee	2
knee-	1
knife	4
knight	1
knock	3
know	36
knowledge	4
kohinoor	1
kublum	1
kurath	1
kvell	1
kvetch	1
label	4
labelled	1
labor	4
labored	1
laborer	2
laboriously	1
labour	1
lack	11
lad	1
lady	3
lag	1
lake	3
lambeth	1
lament	2
lammermoor	3
lancaster	1
lancelot	1
land	33
landlessness	2
landlord	1
language	69
languages—all	1
language—a	1
lapi	1
lappland	1
larf	1
large	1
largely	5
larger	3
large—big	1
last	16
lat	3
late	5
lately	1
later	11
latest	2
latin	7
latinate	1
latter	2
laugh	1
laughing--it	1
laughter	2
laurence	9
law	5
law-book	1
lawsuit	1
lawyer	1
lay	2
layman	1
lazulus	1
le	1
lead	13
leader	3
leaflet	1
lean	1
leaning	1
leap	5
lear	1
learn	7
learnt	1
least	9
leave	7
leavened	1
lebanese	1
lebanon	2
lecturer	1
lederer	1
lee	1
leed	1
leg	1
legal	2
legalize	1
legerdemain	1
leicester	1
lending	1
length	1
lengthy	1
leo	1
leonard	1
leonsis	1
less	6
lessee	1
lesser	2
let	5
letter	10
letter-writer	1
level	1
level—now	1
lewd	1
lewinsky	2
lex	1
lexical	1
lexicographer	1
lexicographic	1
lexicon	1
library	6
lie	4
life	13
life--nobody	1
lifetime	1
lift	1
light	5
light-headed	1
lighten	1
like	30
likely	9
likeness	1
likewise	1
limelight	1
limitation	1
limited	1
line	15
linear	1
linguibase	1
linguist	7
linguistic	5
linguistic-statistical	1
link	1
lionizing	1
lip	1
lipschitz	5
liquor	3
list	13
listing	1
literal	1
literally	4
literary	4
literature	3
lithuanian	1
little	13
liv	1
live	6
lo	3
load	2
loanword	2
local	1
locality	2
location	3
log	1
logistics	1
logue	3
logue-	1
london	2
loner	1
long	8
long-standing	1
long-term	1
longish	1
longman	2
longwinded	1
look	18
loose	3
loosen	1
lord	1
lose	4
loser	1
loss	1
lot	1
love	4
lovely	1
low	2
lower	1
lubricious	1
lucium	1
luck	1
lucky	2
lucrative	1
luigus	3
luke	2
lunch	1
lung	4
lydium	1
lyric	1
m	10
m-u-s-c-a-t	1
ma	1
maccabean	1
machine	1
macho	1
madonna	2
mador	1
magazine	2
magic	1
maimed	1
main	4
mainly	1
maintain	3
maintenance	1
major	3
majority	2
make	41
make-over	1
makeup	2
malayo-	1
male	6
malice	1
man	17
man--at	1
manage	1
manager	1
manchester	1
mandate	1
mane	1
mania	1
manifest	2
manifestation	1
manner	1
manoeuvre	1
mantelshelve	1
manual	3
many	33
map	12
march	2
marching	1
marital	1
marius	1
mark	5
markedly	1
marker	1
market	6
marriage	5
marsh	2
martina	1
martyr	1
marv	1
marvelous	1
mary	2
mass-produced	1
massive	1
master	1
mate	1
material	2
mathematical	1
mathematically	1
mathematician	1
mathematics	1
matriarchy	1
matter	6
mauberley	1
maugham	1
maureen	1
mavin	1
may	18
maybe	1
mayor	3
mazel	1
mazuma	1
mazza	1
mc	3
mccarthy	1
mcdavid	1
mcgraw-hill	1
mchargue	1
me	31
mean	12
meaning	2
meaningful	1
meaningless	1
means	2
measure	1
media	3
medical	3
meet	1
megillah	1
member	1
memory	1
menagerie	1
mensch	1
menstruation	1
mentally	1
mention	4
merchandise	1
mercy	1
merely	4
merit	1
meshugga	1
mess	2
message	2
meta-	1
meta-meta-piece	1
metal	1
metaphor	2
metaphorical	1
method	3
mezz	1
mezzrow	1
michael	3
microsoft	6
mid-	1
middle	3
midway	1
midwesterner	1
might	26
mildly	2
mile	10
military	2
militate	1
millennium	1
miller	1
million	2
milton	2
mind	11
mine	3
minefield	1
mingled	1
minimal	1
minister	1
minnesota	1
minute	3
mir	1
mire	1
mirthful	1
mirthless	1
misconceived	1
misguided	1
mish-mosh	1
misinterpretation	2
mislead	1
misleading	2
misnomer	2
misplace	1
miss	9
missile	1
missionary	1
mississippus	1
missive	1
mistake	5
mistake—	2
mistress	1
mistress--he	1
misunderstand	1
misuse	1
mit	1
mix	1
mixed-up	1
mnemonic	1
mock	1
moderate	1
modern	16
modify	2
mogul	1
mohogus	1
moll	1
molly	1
moment	1
momentary	1
moncrieff—	1
monday	1
money	4
monic	1
monkey	5
monstrosity	1
monstrous	1
month	1
mood	1
moody	1
moral	2
morass	1
more	52
morning	4
morri	1
most	27
mostly	1
mother	5
motions	1
motive	2
mount	1
mountain	6
mouth	1
move	3
movement	3
mr	20
mscegenation	1
mslead	1
msterious	1
much	28
mudbank	1
muffle	1
mufti	2
muggsy	1
multiethnic	1
multilingual	1
multiple	1
murder	3
murderer	1
murray	1
muscadoodle	2
muscat	14
muscatel	3
museum	2
mushy	1
muskat	2
muskrat	14
muskrat-kat-cat	1
muskrat-muskat-muscat	1
muslim	2
muslims	4
must	15
musée	1
muzzle-loading	1
my	46
myriad	2
myself	1
mysterious	1
mystery	1
mythology	3
n	4
n't	31
nach	1
nain	1
naked	1
nakedness	1
name	10
namely	1
namma-hole	2
nanosecond	1
napa	2
narow	1
narrate	1
narrator	2
nation	5
national	10
nationhood	1
nationwide	1
native	10
natural	2
naturally	2
nature	3
nbc	3
nd	6
near	12
nearby	1
nearly	2
neat	1
nebbish	1
necessarily	3
necessary	1
necessity	2
neck	2
need	8
neghebore	1
neglectful	1
neigh	2
neighborhood	2
neighbour	1
neither	1
neologism	1
neon	1
neonatologists	1
nerve	1
network	1
never	16
nevertheless	3
new	33
newborn	1
newly	3
news	10
newsletter	1
newspaper	4
newsy	1
next	9
nhead	1
nice	2
nichol	1
nichola	1
nick	1
nickleby	1
niddah	2
niggardly	1
night	4
nine	1
nine-o	1
nit	1
nixon	2
no	37
noah	2
nobel	1
noble	1
nobody	4
nomad	1
non-	3
none	3
nonetheless	2
nonexpert	1
nonlinguist	1
nonlocal	1
nonsense	1
nonspecialist	1
nonsport	1
nor	3
norma	3
normal	1
normally	1
norman	1
north	5
northern	1
northward	1
northwestern	1
norwegian	1
nose	1
nosh	1
nostalgic	2
not	141
notable	1
notably	1
note	12
nothing	10
notice	1
notion	2
notwithstanding	3
not—but	1
noun	1
novel	1
novelist	1
now	25
nuance	1
nuclear	1
nudnik	3
nugget	1
number	7
numerical	1
numerous	2
nun	1
nurse	1
nurture	1
nut	2
nyt	4
número	1
o	1
o'connor	1
oats	2
object	2
obscurity	1
observation	2
observe	5
obsession	3
obstacle	1
obtain	1
obtrusive	1
obvious	6
obviously	1
occasion	1
occasional	3
occasionally	1
occupy	1
occur	4
occurrence	1
ocean	1
odd	4
odd--and	1
odds	1
oed	1
of	707
off	15
offense	3
offer	8
officer	1
official	2
oft-quoted	1
often	19
oh	3
old	8
old-fashioned	2
older	4
olduvaus	1
old—for	1
omission	2
omnipresent	1
on	159
once	9
one	105
onion	1
only	45
onset	1
onward	1
op-	1
open	3
open--	1
opening	1
opera	1
opined	1
opinion	3
opportunity	1
opposite	1
option	1
or	82
orchestra—either	1
order	2
ordinary	3
organised	1
organization	4
organize	1
origin	8
original	7
originality	1
originally	2
ornament	1
orphan	1
orton	2
ory	5
othello	3
other	57
ottoman	2
ought	2
our	15
ours	1
ourselve	1
ous	4
out	31
outcrop	1
outlaw	1
outlook	1
outlying	1
outnumber	1
output	1
outrageous	2
outright	1
outside	3
over	22
over-blown	1
over-hasty	1
overconfident	1
overkill	1
overly	1
own	18
owner	1
ownership	1
oxford	1
oxford-	1
oxygen	2
oy	4
p	13
package	3
paddle	1
paganism	1
page	29
pain	1
painful	1
paint	2
pair	2
pajama	1
pakistan	1
paleolinguistic	1
palestine	9
palestinian	11
palestinians	2
palm	1
pan	1
pansy	4
pantheon	1
panting	1
pants	9
paper	8
papers	1
papyrus	1
paradise	2
paragraph	2
paramour	1
parch	1
pardon	4
pardon--it	1
parent	4
pari	2
part	16
partial-birth	2
partially	2
participate	1
participial	1
particular	5
particularly	4
party	5
pass	4
passage	4
past	8
pastime	1
pastoralism	1
pater	1
pathetic	1
pathetically	1
patsy	1
pattern	1
paul	1
paulum	3
pay	3
peace	1
peanut	1
peasant	4
peasantry	1
pecker	3
pedersen	1
peggy	1
pejorative	1
pen	2
pencil	1
pendlebury	2
penn	3
penny	1
people	22
perceive	1
percent	15
perfect	1
perfectly	2
perform	6
perhap	10
period	1
periodical	1
periodically	1
permeate—	1
permission—in	1
permit	2
permutation	1
perplexed	1
perrick	1
persian	2
person	4
personal	1
personality	1
personally	2
persuasive	1
perth	1
pertinent	1
pest	1
pet	1
peter	1
petting	1
ph	1
phenomenon—only	1
philander	3
philander-protection	1
philippus	1
philosophical	1
philosophy	1
phone	1
phonetic	1
phonograph	2
photograph	1
phrase	9
phudnik	1
phylum	1
physically	1
physics	1
pi	1
pick	6
picture	6
picturesque	1
piece	6
piecemeal	1
pilgrim	1
pin	1
pinter	1
pip	1
pitch	1
pitiful	1
pitt	1
pittman	1
pizz	1
pj	1
place	19
place-name	1
placement	1
plagiarism	1
plain	2
plainclothes	1
plaine	1
plaintiff	1
plan	1
play	6
playground	1
plea	1
plead	2
please	3
pleasure	1
pleasure-plus-pride	1
pledge	1
plethora	1
plot	1
plow	1
ploy	1
plunging	1
plural	1
poe	2
poem	5
poet	3
poetic	2
poetry	3
poignant	1
point	23
poland	1
police	1
policy	1
polish	4
political	2
politically	1
politican	1
politico	1
politics	3
poll	3
pollster	1
pollution	1
polymath	1
polynesian	1
polytechnic	1
pom-frit	1
pompous	1
pond	1
pontefract	1
pool	3
poor	3
pop	1
popped	1
popular	3
population	3
portray	1
portuguese	1
pose	1
posit	2
posited	1
position	2
positively	1
possess	1
possibility	1
possible	4
possibly	1
post	7
post-	1
post-viability	4
potential	1
pottery	1
pound	2
powder	3
power	6
pr	1
practice	2
practitioner	1
praise	3
prayer	1
prayer—	1
pre-	1
pre-scripted	1
pre-viability	1
pre-viable	2
precede	5
precedent	1
preceed	1
precept	1
precious	1
precise	2
precisely	1
precision	1
predict	2
prediction	1
prefer	3
preference	1
pregnancy	5
pregnant	1
prehistoric	1
prehistory	2
premature	1
prepare	2
prepense	1
preposition	2
preposterous	1
prescriptive—perhaps	1
prescriptivism	1
presence	4
present	7
presentation	1
preserve	2
president	4
press	6
prestige	1
presumably	1
pretty	3
pretty-lilly-white	1
prevail	1
prevent	1
previous	4
price	3
prick	2
pride	1
pried	1
primary	1
primitive	2
princess	1
principal	2
principle	1
print	2
printer	1
prior	1
prison	1
private	2
prix	1
prize	1
pro-choicers	1
pro-life	1
probability	1
probably	15
problem	11
problematic	1
procedure	8
proceed	2
proceedings	1
process	1
proclaim	1
produce	5
product-liability	1
productivity	1
profession	1
progenetic	1
progeny	1
program	5
programming	1
progress	2
prohibit	1
proliferate	1
prologe	1
prolonged	1
prominent	1
promise	3
promulgate	2
promulgation	1
pronoun	4
pronounce	1
pronunciation	3
proof	4
propagate	1
properly	1
property	3
prophet	1
proposal	1
propose	2
proscriptive	1
prospect	1
prostate	1
prostrate	3
protective	1
protest	1
proto-	6
proto-dialect	1
prototype	1
proud	1
proust	1
prove	5
provender	1
provide	11
proving	3
proviso	1
proximity	2
prurient	1
pseudonym	1
psycholinguistic	1
public	5
public-opinion	1
publication	6
publicity	2
publicize	1
publicly	2
publish	8
publisher	3
pudd	1
pull	1
pullet	1
pun	2
punch	1
punctuated	1
punishment	1
purchase	6
pure-minded	1
purism	1
puritan	1
purity	1
purl	1
purple	1
purpose	4
pursue	1
pursuit	1
push	2
put	10
putz	1
puzzle	1
puzzling	4
pyramid	4
quality	5
quantify	1
quantity	1
quarrel	1
quarter	1
queen	1
queene	1
query	1
quest	1
question	7
questionable	1
quick	1
quickly	2
quiet	4
quigly	1
quip	1
quite	13
quixotically	1
quote	3
r	4
rabbi	1
rabinowitz	5
race	1
radio	2
radiocarbon	1
rag	1
raid	1
rail	1
railed	1
railroad	1
raise	5
ramble	18
randall	2
random	3
randomly	1
range	3
rank	5
rap	1
rape	5
rapidly	1
rappaport	1
rare	1
rarely	2
rat	1
rate	2
rather	10
rationale	1
raucous	1
raven	1
raw	2
ray	2
razor	2
rd	3
re	1
reach	2
reaction	1
read	18
readability	1
reader	14
readily	2
readiness	1
reading	7
readme	1
ready	1
real	5
real-estate	2
reality	1
realize	2
really	11
realm	1
reappeared	1
reason	4
reasonable	1
reasoning	1
reassure	1
rebecca	1
rebound	1
recall	2
receive	7
recent	4
recently	3
receptacle	2
recognition	1
recognizable	1
recognize	1
recommend	1
reconsideration	1
reconstruction	2
record	11
recording	3
recount	1
recruit	1
red	8
redden	1
reduce	1
refer	12
reference	11
refinement	1
reflect	2
reflection	1
reflex	1
reformer	1
refraction	1
refreshing	1
refugee	1
refuse	3
refute	1
regard	2
regardless	3
regi	1
region	2
regret	1
regularly	1
regulate	1
regulation	1
reimburse	1
reinforce	2
reinforcement	1
reject	2
relate	9
related	1
relation	3
relationship	2
relatively	4
relativity	2
release	1
relevance	2
relevant	1
relieve	1
religion	5
religous	1
relish	1
reloaded	1
rely	2
remain	2
remark	1
remember	3
remembrance	1
remind	3
remnant	2
remote	2
remove	2
renfrew	6
repeat	3
repetitious	1
replace	3
reply	1
report	18
reporter	6
represent	4
representation	1
reprint	1
republican	1
reputable	1
require	6
rescue	2
research	2
researcher	1
resell	1
resemblance	2
resemble	2
resentment	1
reservoir	2
reset	1
resident	1
resistance	1
resort	1
respect	4
respiration	1
respirator	1
respiratory	1
respond	1
response	1
responsibility	2
responsible	5
rest	4
restless	1
restrict	2
restriction	2
result	6
retain	1
retention	1
return	2
reveal	4
revelation	1
revenge	1
review	9
reviewer	1
revise	1
revision	1
revisionist	1
revolted	1
rewrite	2
rexroth	1
rhyme	1
rich	2
richard	1
rickety	1
riddled	1
ride	2
ridiculous	1
rifle	1
rifleman—	1
right	12
ring	1
riot	3
rise	3
risk	2
risky	1
ritual	1
rivalry	1
river	1
rivulet	1
roadmapped	1
rob	1
robert	3
rochester	1
rock	4
rock-hole	2
rodale	1
rodham	1
roe	4
role	5
roll	1
rolling	1
roman	4
romanticism	1
room	4
roosevelt	1
root	2
rosalind	3
rosetta	1
rosily	1
rosten	2
rosy	2
rough	1
round	3
rounded	1
route	1
row	1
roy	2
rpm	2
rubble	1
rudy	1
rue	2
ruefully	1
ruin	2
rule	6
ruler	1
rumanium	1
rumor	1
run	13
rupert	1
rural	2
russian	3
russium	1
s	14
sacrament	1
safe	1
safe-o	1
safire	11
salary	1
sale	6
salesclerk	1
saloon	2
salt-bog	1
salvation--her	1
sam	1
same	22
sample	2
samuel	1
san	1
sand	3
sandbank	1
sanderson	1
sandra	1
sanskrit	1
sapien	2
sappho	1
sauce	1
saudus	1
savant	1
save	1
sawed	1
sax	1
say	56
saying	1
scaffold	2
scale	1
scan	1
scarce	1
scarcity	1
scarely	1
scarus	1
scene	4
scheme	1
schenkerman	1
schlemiel	2
schlep	2
schliemann	1
schlimazel	2
schlock	1
schlub	1
schmeer	1
schmegegge	1
schmendrik	1
schmidt	1
schmo	1
schmuck	1
schnook	1
schnoz	1
scholar	3
scholarly	1
scholarship	1
school	2
schoolday	1
schuster	3
science	2
scientific	2
score	6
scotland	1
scott	2
scottishness	1
scrap	2
scratch	1
screen	3
screw	5
script	1
scripture	1
scroll	1
scrooge	1
scum	1
sea	3
sear	2
search	3
season	1
seat	1
second	4
secret	1
secretarial	1
secretary	5
secretly	1
section	5
sector	1
security	3
sedley	2
see	16
seed	1
seek	3
seem	24
seidlitz	1
seldom	3
select	2
selection	2
self-indexing	1
self-inflicted	1
sell	5
seller	2
selling	1
selwyn	1
semantic	1
semi-serious	1
semitic	1
sen	1
senate	9
send	5
senior	1
sense	6
senses	1
sense—but	1
sensible	1
sensitivity	1
sentence	3
sentiment	1
separate	2
separated	1
seq	1
sequence	1
series	1
serious	2
service	6
set	10
settle	2
settlement	2
settler	2
seus	1
seven	2
seven-league	1
several	8
sexual	2
seymour	1
shakespeare	1
shall	2
shallow	2
sham	1
shape	1
share	2
sharon	1
sharp	2
shaver	1
she	44
sheath	1
sheer	1
shelby	2
shelley	2
shelter	1
sherry	1
shibboleth	2
shift	7
shine	1
ship	1
shoddy	1
shoe-horn	1
shoot	2
shop	1
shopkeeper	1
short	5
shortcoming	1
shortly	1
shot	2
shotglass	1
should	6
shoulder	2
shout	1
show	9
shower	1
shuffle	1
sic	3
side	2
sidelight	1
sigh	1
sign	2
significance	2
significant	4
signs	1
silent	1
silently	1
silicon	1
similar	5
similarly	2
simon	3
simple	5
simply	5
since	16
sincerity	1
sing	5
singed	1
singer	1
single	3
single-minded	1
single-shot	1
singular	1
sink	1
sino-	1
sir	6
sister	1
sit	1
site	6
situation	2
six	2
six-volume	1
sixteen	1
sixth	1
sixty-one	1
size	1
skid	2
skillfully	1
skin	3
skull	2
slang	3
slanguist	1
slap-stickish	1
slave	3
slavic	2
slavish	1
sleep	2
slew	1
slightly	1
slightly--	1
slip	2
slog	1
slogue	1
slow	1
slower	1
slug	1
sluggishly	1
smack	2
small	7
smallweed	1
smart	1
smart-boy	1
smile	1
smith	3
smithill	1
smoke	3
smoking-related	1
smooth	1
smuggle	1
smuggled	1
snapshot	1
snicker	1
snigger	1
sniggered	1
snook	1
so	45
so--that	1
so-called	1
soak	2
sober	1
soberly	1
sobriety—a	1
social	3
socialist	1
society	2
soft	2
software	1
soldier	3
solicitor	1
solid	1
some	52
somebody	2
somehow	1
someone	5
somerset	1
something	6
sometime	7
somewhat	3
somewhere	2
son	1
song	1
sonograms	1
soon	3
sooner	1
sophisticated	1
sophomore	1
sorely	1
sorry	1
sort	6
soul	2
sound	4
soup—all	1
source	9
southern	2
sovereignty	1
sow	3
space	2
spanier	1
spanish	1
sparse	2
spawn	1
speak	10
speaker	5
speaking	2
special	4
specialist	1
specialize	1
specialized	1
specific	1
specifically	1
specimen	1
speculate	2
speculation	2
speculative	2
speech	4
speed	1
spell	1
spelling	1
spelt	3
spend	2
spenser	1
spill	2
spinifex	1
spinner	1
spinning	1
spirit	1
spiritual	1
spit	2
splash	1
split	1
sponsor	1
sponsorisation	1
sponsoriser	1
spoonerism	1
sport	2
spot	1
spread	4
spring	5
spurious	1
square	5
st	2
stab	1
stack	3
stage	3
stake	4
stalemate	2
stalin	1
stan	1
stand	3
standard	4
standardization	2
standing	2
standpoint	1
starr	1
start	3
startle	1
startling	2
stat	1
state	21
states	1
static	1
station	3
status	1
stay	2
steeper	1
steinbeck	1
stench	1
step	6
stephanopoulo	18
stephanopoulos--a	1
steppe	1
stereo	1
steve	3
steven	1
stick	2
sticky	1
still	13
stimulate	1
stock	3
stone	4
stony	1
stooge	1
stoop	1
store	3
story	16
story--and	1
stowe	2
straddle	3
straight	1
straightforward	1
strange	3
strategy	1
stream	7
street	4
stretch	1
stricken	1
strict	1
strictly	1
strident	1
strike	2
striking	1
stroke	1
strong	1
strongman	1
structural	1
structure	3
struggle	1
strut	1
student	1
study	8
stuff	1
stupidity	1
style	6
stylistic	1
stylus	1
stymie	1
sub-listing	1
subfamily	1
subject	11
subjectively	1
subjugate	1
submitted	3
subscriber	2
subsequent	1
subside	1
subsistence	1
substance	1
substantial	1
substantially	1
subtext	1
subtheme	1
subtitle	1
subtle	1
suburb	1
success	2
successfully	1
such	25
suctioned	1
suddenly	1
suffer	1
sufficient	1
suffuse	1
suggest	13
suggestion	2
suharto	1
suicide	2
suit	1
suitability	1
suitable	2
suitor	1
sum	1
summarize	1
sun	1
sunburnt	1
sunday	2
superiority	1
supplement	1
supplemented	1
supplies	1
supplies—powder	1
support	4
suppose	4
supreme	3
sure	8
surely	1
surface	2
surgeon	1
surprise	3
surprising	1
survey	7
survival	6
survive	1
survivor	2
suspect	2
suspicious	2
sustain	2
sutoraike	1
swedish	2
sweep	1
sweet	2
swell	1
swimming	1
swing	1
sword	2
syllable	2
symbolic	1
symbolism	1
symptom	1
synonym	21
synonymy	1
syrian	1
system	6
systematic	1
t	2
tablet	2
tackle	1
tactic	1
take	24
tale	2
talk	3
tamerlano	1
tangle	1
tank	4
tantamount	1
tap	1
tape	1
target-accurate	1
taste	1
taunting	1
tax	1
teach	2
team	2
teamwork-oriented	1
tear	1
tease	1
technique	2
technologist	1
technology	7
ted	1
teens	1
telegenically	1
telephone	1
television	2
tell	14
temper	1
temple	1
ten	6
tenant	1
tend	1
tendency	1
tendon	1
tennis	1
tenor	1
teresa	1
term	10
terminology	1
terracotta	1
terribly	1
territory	2
terrorism	1
test	2
texa	4
text	4
th	13
th-century	1
thackeray	2
than	32
thanks	1
that	320
the	1261
theft	1
their	49
them	33
theme	3
themselve	3
themselves	2
then	14
theology	1
theoretical	1
theorize	2
theory	8
theory—notwithstanding	1
there	60
thereby	1
therefore	2
thesaurus	1
these	20
thesis	1
they	55
thick	1
thickness	1
thief	3
thing	15
think	42
thinking	1
third	9
thirsty	3
thirty	1
this	87
thoma	1
thompson	2
those	25
thou	1
though	11
thought	4
thousand	8
threat	3
three	13
throat	1
through	15
throughout	2
through—so	1
throw	4
thrown	1
thus	2
thy	1
tiberias	1
tibetan	1
tick	1
tidy	1
till	1
time	61
timeless	1
timing	1
timothy	2
tinkering	1
tiny	2
title	12
to	508
tobacco	1
tocharian	1
today	20
together	4
toilet	1
token	2
tolerate	1
tom	4
tomb	1
tommy	1
tomorrow	1
tongue	5
tonight	1
tony	1
too	19
too-wicked	1
tool	1
tooth	2
top	3
top-of-the-front	1
topic	2
torpenhow	1
total	5
touch	1
tougher	1
toward	3
town	2
trace	2
track	2
tract	1
trad	1
trade	1
traditional	1
traditionally	1
train	1
training	1
trample	1
translate	3
translation	2
transylvanium	1
trapper	1
travel	1
traveler	1
treachery	1
tread	2
treasury	1
treat	3
treatment	4
tree	2
trench	3
trial	2
trial--	1
trigger	1
trimester	2
trip	2
triumph	2
trivial	2
triviality	1
trombone	1
trouble	3
troublesome	1
trousers	1
troy	2
true	7
truly	1
trumpeter	1
truth	1
try	8
tsuri	1
tuesday	1
tulkinghorn	1
tune	5
turkestan	1
turkmenium	1
turn	11
turning	2
turntable	1
tv	2
twain	1
twelve	1
twentieth	2
twenty	1
twenty-eight	1
twice	3
twist	1
two	29
type	4
typical	1
typically	1
typographical	4
typos—at	1
tyson	1
u	6
ultimate	1
ultimately	2
umpteenth	1
un-	1
unable	1
unabridged	1
unaccountably	1
unanimous	1
unattractive	1
uncare	1
uncle	2
uncommon	1
uncorrected	1
under	8
underground	1
understand	3
understandable	1
understandably	1
undertake	1
undeserved	1
undisciplined	1
undistinguished	1
undoubtedly	1
unearth	1
unembarrassed	1
unethical	1
unfair	1
unfavorable	1
unfortunate	1
unfortunately	3
uniform	1
unimportant	2
uninitiated	1
union	1
unique	1
unit	1
united	2
university	4
unjustifiably	1
unknown	1
unless	2
unlikely	2
unload	1
unmentionable	1
unmistakably	1
unmitigated	1
uno	1
unpleasant	1
unrecognizable	1
unregenerate	1
unrevised	1
unsuccessful	1
unsuitable	1
unsympathetic	1
until	3
unto	1
untrained	1
unusual	1
unusually	1
unwanted	1
up	41
update	1
uphill	1
upon	5
upper	1
urban	2
urdang	9
urge	2
urheimat	1
ursprache	1
us	13
usa	2
usage	13
usat	3
use	46
usee	5
useful	9
usefully	1
user	1
use—his	1
usually	11
utility	1
utmost	1
utter	3
utterly	3
v	8
vague	2
validity	2
valley	3
valuable	1
vampire	2
vanish	1
vanity	4
variance	1
variant	4
variation	2
variety	3
various	4
variously	2
vary	3
vast	3
vaughan	1
vay	2
vegetable	1
vein	1
ventilator	3
ventri	2
venus	2
verb	4
verbatim	6
verify	1
vernon	1
versatile	1
verse	1
version	5
very	18
veteran	3
vey	1
viability	11
viable	11
vic	1
vice	1
victim	1
victorian	1
victory	1
victrolum	1
view	3
viius	1
village	2
vintage	1
violate	1
violent	1
virgin	2
virginium	2
virtually	1
virtue	2
visitor	1
visually	1
vituperative	1
vius	2
viva	1
vivid	3
vocabulary	4
voce	1
vol	2
volga	1
voter	1
vow	1
vowel	2
vus	4
w	1
wade	1
wadi	1
wait	3
wale	1
walk	1
walker	1
wall	6
wallow	1
wanna	1
want	6
war	15
warburton	2
warfare	1
warn	1
warrior	1
wash	1
washington	4
wasteful	1
watch	1
water	24
water-course	2
water-hole	1
water-obsessed	1
waterloo	1
watery	1
watson	1
wave	4
wavy	1
wax	1
way	19
we	50
weakness	1
wealthy	1
weapon	2
weapon—could	1
wear	2
weather	2
webb	1
webbed	1
webster	4
wed	1
week	26
weem	1
weep	1
weigh	1
weight	1
welcome	1
welfare	1
well	24
well-off	1
well-rounded	1
wesley	1
west	5
western	4
westward	2
what	43
whec	1
when	51
whence	1
whenever	1
where	34
whether	13
which	91
while	12
whimsical	1
whinger	2
whiny	1
whinyard	1
whiskey	1
white	3
whitman	2
who	56
whole	6
whom	1
whopsle	1
whose	8
why	12
widdowson	1
widely	1
widespread	2
wif	1
wife	6
wild	4
wildly	1
will	38
william	7
wilson	1
wind	2
windo	1
wine	3
wino	1
winter	1
wisdom	4
wise	3
with	131
within	3
without	10
witness	2
witty	2
wo	2
woe	1
wolf	1
woman	36
womanhood	1
womb	2
wonder	10
wood	1
wooden	1
word	69
word-borrowing	1
word-final	1
word-processing	1
wording	1
work	30
working	1
workman	1
world	17
worldwide	1
world—	1
worse	1
would	46
wound	1
wp	3
wreak	1
wretched	1
wriggled	1
wright	1
wrinkled	1
wrist	1
write	27
writer	13
writer-reader	1
writing	1
writings	2
wrong	6
wrongdoer	1
wronged	1
wsj	2
wwius	1
wyf	1
x	2
xiius	1
xlvius	1
xv	7
xvus	1
xxiv	1
xxus	1
xxvius	1
xxxiius	1
xxxiv	1
xxxus	1
xxxvius	1
y	4
yard	1
yarn	1
yassir	1
year	25
year-old	1
yeat	1
yenta	1
yesterday	1
yet	4
yiddish	22
yield	4
yinglish	1
yo	2
york	15
you	49
young	2
your	9
yours	1
youth	3
zaftig	1
zdatny	1
zealand	1
zero	1
zhao	1
zie	1
zionism	2
zionists	3
zipper	1
zone	1
—	10
