!	180
"	499
&	15
'	5
(	40
)	42
*	1
,	1553
-	311
--	4
.	2359
...	118
....	6
.......	1
/	4
00	12
01	3
02	4
03	7
04	8
0477	3
05	6
06	9
07	7
08	7
09	58
1	7
10	80
101	1
11	188
1194	1
12	5
1212	1
13	7
131	1
13th	1
14	19
15	22
16	13
17	9
17th	1
18	24
19	18
19451	1
2	17
20	19
2001	1
20011	1
2008	150
21	24
22	25
225	1
23	14
24	8
25	8
26	15
27	3
27th	1
28	4
29	4
3	3
30	4
3001	1
307	12
31	6
32	2
33	9
330891	1
3333	1
34	9
345	2
35	7
36	6
37	5
38	6
39	6
4	16
40	7
41	7
42	5
42136	1
43	5
43098	1
4351	1
43756	1
43780	1
44	6
44835	1
45	3
45094	3
45287	1
45383	1
45445	1
45451	1
45577	1
45582	1
45585	1
45587	1
45609	1
45610	1
45640	1
45646	1
45653	1
45667	1
45697	1
45700	1
45701	1
45706	1
45714	1
45716	1
45717	4
45719	1
45720	2
45721	2
45722	3
45723	1
45724	1
45725	1
45726	1
45727	1
45728	1
45729	1
45730	1
45731	2
45732	2
45733	1
45734	2
45735	1
45736	1
45737	3
45738	2
45739	2
45740	3
45741	3
45742	3
45743	3
45744	2
45745	3
45746	2
45747	3
45748	3
45749	3
45750	3
45751	2
45752	2
45753	3
45754	3
45755	3
45756	3
45757	2
45758	2
45759	3
45760	3
45761	3
45762	4
45763	2
45764	1
45765	2
45766	2
45767	2
45768	3
45769	3
45770	1
45771	1
45772	2
45773	1
45774	1
45775	2
45776	1
45777	2
45778	2
45779	3
45780	1
45781	3
45782	1
45783	3
45784	2
45785	3
45786	3
45787	2
45788	3
45789	3
45790	3
45791	3
45792	3
45793	3
45795	3
45796	3
45797	3
45798	2
45800	3
45801	2
45803	2
45804	1
45805	1
45806	1
45807	1
45808	1
45809	1
45810	3
45811	1
45812	1
45813	1
45814	1
45815	1
45816	1
45817	1
45818	2
45819	3
45820	3
45821	3
45822	3
45823	2
45824	2
45825	1
45826	1
45827	3
45828	3
45829	3
45831	3
45832	3
45833	2
45834	1
45835	3
45836	3
45837	3
45838	3
45839	2
45840	2
45841	3
45842	3
45843	3
45844	3
45845	2
45846	1
45847	1
45848	3
45849	3
45850	2
45851	2
45852	2
45853	3
45854	3
45855	2
45856	1
45857	1
45858	1
45859	3
45860	3
45861	1
45862	2
45863	2
45864	2
45865	3
45866	1
45867	1
45868	3
45869	1
45870	2
45871	3
45872	2
45873	2
45874	1
45875	1
45876	1
45877	1
45881	1
45884	1
45885	1
45896	1
45905	1
45935	1
45939	1
45940	1
45944	1
45949	1
45952	1
45954	1
46	3
46056	1
46123	1
46160	1
46176	1
46178	1
46316	1
46354	1
46517	1
46623	1
46854	1
47	2
47466	1
48	10
49	6
5	3
50	3
500	2
51	10
52	6
53	4
54	4
55	2
56	3
57	3
58	3
59	3
6	3
6161	1
666	1
7	1
714	1
7th	2
9	2
:	822
;	24
=	4
?	474
[	6
]	6
_	5
a	538
aapr	3
abbey	8
ability	9
able	11
aboard	1
abound	2
about	61
about-	1
above	3
abruptly	2
absent	1
absolutely	3
absolution	3
absorb	1
abstract	1
abuse	2
accent	1
accept	3
accessory	2
accident	1
accidental	1
accumsan	1
ache	1
achieve	1
acknowledgment	1
acquaintance	1
across	7
act	6
action	2
activity	1
actual	1
actually	13
adam	1
add	1
addictive	1
address	2
adelle	10
adipisce	1
adjust	2
admire	1
admit	4
adolescent	1
adore	1
adrift	1
adult	1
advantage	1
adventure	1
advice	1
affect	1
affectionately	1
affliction	1
afford	1
afor	1
afraid	6
after	41
again	37
againbut	1
against	13
againwind	1
age	2
agent	3
agile	1
ago	6
agony	1
agree	3
ah	5
aha	1
ahead	1
ahhh	2
aim	2
air	11
air-ee-el	1
airline	2
akinaxx	1
al	1
albertson-	1
alcohol	1
alex	5
alfr	1
algebra	2
alias	1
alice	9
alike	1
aliquam	3
aliquet	1
alisha	1
alive	1
all	82
alley	2
allow	4
almost	11
alone	12
along	3
alongside	2
alot	1
aloud	2
alpha	1
already	13
alright	3
also	5
although	1
alway	24
amair	1
amaron	1
amaze	7
amber	16
american	1
amet	5
amount	3
amout	1
an	45
ana	1
ana-lyze	1
analyze	1
and	600
andante	2
anderson	1
andiamo	1
andrew	5
android	4
andy	1
and—oh	1
angel	15
angelum	1
anger	4
angle	1
angrier	1
angrily	1
angry	9
animal	2
ankle	1
anna	3
announce	2
announcement	1
annoy	7
anonymous	1
another	19
answer	21
anthony	1
anticipate	1
anxious	2
any	17
anybody	1
anymore	6
anyone	7
anything	26
anyway	7
anywhere	1
apart	1
apartment	3
aphrodite	6
apologize	1
apparently	1
appear	4
appearance	1
apple	1
application	1
appreciate	2
apprehend	1
appropriate	1
approximately	1
arch	1
archie	5
archway	1
area	1
aren	2
arenn	2
arent	1
aretha	1
argh	1
argue	2
argument	1
arm	32
armpit	1
armstrong	1
army	1
arond	1
around	61
arrival	3
arrive	6
arrogance	1
article	1
artist	1
as	157
ascend	1
ashame	1
ashton	7
ashtonishment	1
ask	56
asleep	7
associate	1
assume	1
assumption	1
assure	1
astonish	2
astonishment	1
at	155
attach	1
attack	3
attatch	1
attempt	2
attend	1
attention	8
audition	1
audrey	1
aught	1
august	1
author	1
authority	1
autumn	1
avoid	1
aw	1
await	4
awake	3
awaken	2
aware	3
away	28
awe	1
awesome	4
awful	1
awhile	1
awkward	1
awkwardly	1
aydan	1
b	1
babble	2
baby	10
back	64
background	1
backlit	1
backpack	1
backseat	1
badit	1
badly	2
baffle	1
bag	6
ball	1
ball-point	1
band	24
bandage	1
bank	1
bar	2
baredthey	1
barely	2
barge	2
barrel	1
base	2
basically	2
bathroom	9
bathtub	2
battle	1
bawl	1
be	1047
beach	6
beak	3
beat	4
beatrice	1
beautiful	5
beautifully	2
beauty	4
because	21
beckon	1
become	5
becomelet	1
bed	7
bedroom	6
bedside	1
beefy	1
beenteach	1
beep	1
beer	4
before	41
beg	1
begain	1
begin	19
behavior	2
behind	18
behold	1
being-	1
believe	10
bell	3
bella	1
bellezza	1
bellum	6
below	3
bench	1
bend	2
beneath	4
beside	2
besiege	1
best	4
bet	4
beth	4
better	9
between	5
bewilder	1
beyond	3
bibendum	1
bid	9
big	11
bigger	1
bike	6
billie	1
billionth	1
bind	1
bio	1
biography	1
bird	3
birth	1
birthday	5
bite	6
bitterly	1
black	13
blackness	2
blade	1
blah	2
blahblahblah	1
blandit	2
blanket	1
blare	1
blast	3
bleak	1
bleed	1
blind	8
blindfold	1
blink	2
block	2
blonde	4
blood	4
blood-curdle	1
bloomers	2
bloomfield	3
blouse	2
blow	6
blue	11
blues	1
bluntly	1
blur	1
blush	2
blusparrow	5
board	1
boat	2
boatman	1
bob	1
bobby	2
bodice	1
body	7
bold	2
bolt	1
bone	2
bonesetter	6
bonfire	2
boob	1
book	11
bookcase	1
boom	3
booze	1
bore	7
both	26
bother	4
bottle	2
bottom	4
boulevard	3
bouncy	1
bow	2
bowl	5
box	4
boy	23
boyfriend	3
boyhood	1
boyish	1
bra	1
brace	1
brain	1
brainwash	1
branch	4
bravely	1
braver	1
bravest	1
break	9
breakdown	1
breast	1
breath	16
breathe	8
breathless	1
bree	2
breeze	1
brew	1
brian	1
brief	1
bright	4
brighten	1
brightness	1
brilliant	1
brim	2
bring	5
brisk	1
briskly	1
british	1
broken	2
brother	1
brow	2
brown	5
bruise	1
brunette	1
brush	1
bucholic	2
bucket	1
bud	2
build	6
bulge	1
bull	1
bun	1
burberry	1
burn	9
burst	3
bury	1
bus	1
bush	1
business	2
bust	1
bustle	1
busy	3
but	154
butler	3
butt	1
butterfliessmilescaringwarmhopefulgiddyrelievedamazedexcitedlaughinghappybreathlessheart-	1
button	4
by	58
bye	2
c	1
cab	1
cadelliac	1
cafe	2
cake	3
calculation	1
caligraphy	1
call	18
callouse	1
calm	8
calmly	1
calvin	4
calvin—their	1
cameron	2
camisole	1
can	76
canadianwriter	5
candy	4
canvas	1
cap	2
captivity	1
captor	1
car	23
caravan	3
carb	1
card	1
cardiovascular	1
care	4
carefully	5
carelessly	2
carolina	1
carry	6
carter	2
casar	1
cassie	1
cast	1
casual	1
cat	4
catalogue	1
catch	22
category	1
cause	8
cave	3
cease	1
ceaseala	1
ceil	9
celebrate	1
cell	2
center	3
century	1
cerberus	1
certain	3
certainly	1
cesar	3
cest	1
ch	12
chair	5
challenge	12
chance	1
change	9
character	1
charity	1
charon	1
chase	4
chat	2
chatter	3
check	5
cheek	6
cheer	1
cheerily	1
cheesy	1
cherry	1
chest	11
chicago	2
chicago-base	1
child	14
childishly	1
chill	1
chirp	1
chloe	5
chocolate	2
choice	2
choir	1
choke	1
choose	3
chop	1
chortle	1
chorus	2
chri	13
christina	1
christma	3
chuck	1
circle	3
circuit	1
citation	1
cite	1
city	7
civilization	1
clack	1
claire	1
clam	1
clap	2
class	9
classroom	2
claustrophobia	2
clean	3
clear	1
clearly	1
clench	1
clichã	1
click	5
client	3
cliff	2
climb	5
cling	1
clip	1
clipboard	1
clipping	1
cloak	1
clock	3
clone	2
close	13
closely	1
closer	4
closet	2
cloth	2
clothe	7
cloud	6
cloudy	2
clue	1
clutch	2
clutter	2
coach	1
coat	2
cock	2
cocoon	1
cody	1
coherent	1
coil	1
coin	1
coincidence	1
cold	12
coldly	1
cole	1
collapse	2
collarbone	1
collect	1
college	2
color	9
colorful	3
column	1
combination	1
combine	1
come	73
comfort	1
comfortable	3
comfortably	1
comin	1
commendable	1
comment	4
commodo	1
common	1
communication	1
comon	2
company	3
compilation	5
complain	1
complete	1
completely	2
complex	2
complicate	1
complication	1
comprehension	1
compromise	1
computer	4
concentration	1
concept	1
concern	2
concert	3
conclusion	1
condimentum	1
condition	1
cone	1
confirm	1
confuse	8
confusing--	1
confusion	2
connect	1
connecticut	1
connection	2
conquest	1
conscious	2
consciousness	1
consectetuer	3
consequat	1
consider	3
considerable	1
consolation	1
console	1
conspicuous	1
constantly	2
construction	1
consulation	1
contact	1
contain	2
contemporary	1
contempt	1
content	1
contentment	1
contents	1
continue	6
contort	1
contour	1
contraption	1
contrary	2
control	9
conversation	5
convert	1
conviction	1
conviently	1
convince	2
convulse	1
cood	2
cook	1
cookeher	1
cool	5
cooperate	1
copy	1
core	1
corner	3
corny	1
cosmetic	2
cost	1
couch	4
coudrote	1
could	61
couldn	18
couldnt	1
count	2
counter	3
countless	1
couple	2
courage	3
course	14
cover	3
cozy	1
cra	1
crack	4
craft	1
craiggory	1
cram	1
crap	4
crash	4
crate	1
crawl	1
crazy	9
creak	2
create	4
creature	1
creep	1
creepy	1
crinkle	1
croak	2
cross	1
crowd	2
cruel	1
crumb	3
crumple	1
crunch	2
crunchy-look	1
crush	3
crusty	1
crutch	2
cry	13
cun	1
curiosity	1
curious	1
curiously	1
curl	4
curly	1
cursive	1
cursor	1
cursus	1
curtain	2
curve	2
customary	1
cut	3
cute	6
cw	3
cynthium	1
d	19
daddy	1
dalla	1
dammit	2
damn	3
dance	4
dangle	1
dark	12
darken	1
darkness	3
darn	1
date	7
daughter	4
david	1
dawn	2
day	40
daydream	2
daze	1
dead	4
deada	1
deal	5
decide	10
decision	1
declare	1
decorate	3
deduce	1
deduction	5
deed	1
deem	2
deep	13
deeper	1
deeply	1
defeat	3
defense	1
defiant	1
definetly	2
definitely	1
degree	1
delicate	1
delicious	1
delight	2
delve	1
demeaner	1
demetrium	1
demosthene	13
demus	2
denim	2
deny	2
department	1
deplete	1
depose	1
depress	1
depths	1
descend	5
design	1
desire	1
desk	2
desperate	1
despite	3
destination	3
destroyed	1
destruction	1
detective	1
determination	2
determine	1
detour	1
develop	1
device	3
diagram	1
diam	3
diamond	5
didn	37
didnt	2
die	15
difference	1
different	7
difficult	2
difficulty	2
dig	1
digestive	1
dim	1
dinner	1
direct	1
direction	5
dirty	3
disappear	4
disappoint	2
disapprove	2
disbelief	1
discard	1
discontinue	1
discover	2
discuss	1
discussion	1
disdain	1
disembody	1
disgust	1
dish	1
dismal	1
display	2
disposition	2
disprove	1
distort	1
distract	3
ditch	1
dive	2
divert	1
diviner	4
dizzy	1
do	142
doctor	4
document	1
dodge	1
doe	10
doesn	11
dog	8
dogged	1
dollar	2
dolor	4
dome	1
don	39
donec	2
doneyou	1
door	37
doorbell	1
doorknob	1
doorway	4
dorm	2
dot	1
doubt	3
down	64
downstairs	1
downstream	1
downward	1
dr	1
drag	2
drain	1
drama	1
drape	1
draw	12
drawer	1
dreadful	1
dream	7
dreamer	5
dreary	1
dress	14
drift	2
drink	1
drive	4
driveway	1
drizzle	1
drool	1
drop	3
drug	1
drunken	1
duche	2
duck	1
dull	3
dumpster	1
dunno	2
duo	1
during	2
dus	1
dust	1
dusty	1
e	1
each	11
eachother	1
eaden	2
eagle	3
ear	8
earlier	1
earr	3
earth	7
ease	1
easier	2
easily	3
easy	5
eat	3
ebony	1
echo	2
eclectic	2
economy	1
ecstacy	1
ecstatic	1
edge	2
edward	1
edwin	19
eeedddwwwinnnn	1
eeeerrrrrrrrr	1
effect	1
effort	1
egesta	1
eget	4
ego	1
eight	2
either	6
elbow	1
electricity	1
elementary	2
elementum	1
elevate	1
elevator	1
elinor	1
elit	2
else	15
elsewhere	1
emanate	1
embarrass	3
embarrassment	1
embed	1
embrace	1
embroider	1
emerge	1
emergency	1
emilie	3
emmett	1
emotion	4
emotionless	1
empire	1
empty	3
encase	1
enclose	1
enclude	1
encompass	1
end	14
endlessly	1
enemy	1
enfold	1
engage	1
engagement	1
engine	2
english	2
enim	3
enjoy	2
enough	12
enrage	1
enslave	1
enter	6
entire	1
entirely	2
entourage	1
entrap	1
entry	1
envious	2
environment	1
epic	1
epiphany	1
episode	1
equal	1
er	1
erat	4
erg	1
erickson	1
ero	20
errrrrr	1
escape	7
escort	2
especially	2
essence	1
et	2
etc	1
eternity	2
etiam	1
eu	3
euismod	1
eve	1
evelyn	3
even	32
eventually	1
ever	23
every	8
everyday	2
everyone	12
everything	12
everytime	1
everywhere	1
evidence	1
ex	1
exactly	6
examine	1
except	2
excite	2
excitedly	1
excitement	1
exclaim	3
excuse	3
exhale	1
exhaust	2
exhaustion	2
expect	5
expectation	1
experience	2
experiment	3
expertise	1
explain	8
explanation	2
explore	1
explorer	1
explosion	1
expose	1
expression	1
exquisite	1
extensive	1
extent	1
extinguish	1
extremely	2
eye	64
eyebrow	3
eyelid	2
ezzie	1
fabulous	1
face	45
face-up	1
facilisis	2
facilisus	1
fact	5
fact-	1
fade	2
fail	1
failure	1
failurelimit	1
faintly	1
fair	3
fairly	1
fairy	3
faith	1
faithful	1
fake	1
fall	32
fame	11
family	4
famous	1
fan	1
fanciest	1
fancy	2
fang	1
far	9
faraway	1
farm	1
farther	1
fascinate	1
fast	8
faster	3
fat	1
fate	2
father	6
favorite	3
fear	3
feat	1
feature	2
fee	1
feel	41
feeling	2
fer	1
fermentum	1
feverently	1
feverishly	1
few	26
fiber	1
fibromyalgium	1
ficlet	9
field	3
fiery	1
fifteen	1
fifth	2
fight	2
figment	1
figuratively	1
figure	7
file	2
fill	11
film	1
fin	1
final	1
finally	21
find	23
fine	6
finger	12
finish	4
fire	9
fire-re	1
fireplace	2
firmly	1
first	24
fish	1
fit	3
five	7
fix	6
flame	2
flamehange	1
flannel	1
flap	2
flashlight	1
flat	2
flaw	1
flee	2
flick	1
flight	2
flinch	1
fling	1
flip	1
flirt	1
flit	1
float	5
floodlamp	1
floor	17
florida	1
flow	2
flower	1
fluant	1
fluffy	1
fluster	1
flutter	2
fly	9
focus	7
fog	1
fold	5
follow	21
folly	1
food	2
foolish	2
foot	13
football	4
footstep	2
for	151
for-ti-five	1
force	5
forehead	1
forever	4
forget	8
forgive	1
form	3
formal	2
former	2
forte	1
forty	6
forty-nine	1
forward	3
foul	1
four	5
fours	1
foyer	3
frame	1
franklin	1
frantic	1
freak	3
freckle	2
free	10
freedom	2
freeze	4
frequent	1
freshly	1
frick	1
friction	1
friday	3
friend	24
friendly-game	1
friendship	2
frilly	1
fritter	1
frizzy	1
from	91
front	5
frown	6
frozen	1
fuck	2
fuel	2
full	5
full-out	1
fully	4
fumble	2
fun	11
function	2
funny	4
funny-look	1
furious	1
furiously	1
furrow	2
further	1
fusce	1
futile	1
future	3
fuzzy	2
g	11
gaahhh	1
gabriel	4
gag	1
gail	2
game	9
gap	1
gasp	4
gather	4
gaze	3
geek	14
geez	1
genderless	1
genius	1
gentle	1
gently	4
geography	2
geometry	1
gesture	2
get	100
gianna	14
giant	4
giddy	1
gift	7
gigantic	1
giggle	2
gimmick	1
ginger	1
girl	39
gium	2
give	13
glad	4
gladly	1
glance	8
gland	1
glare	1
glass	5
glee	1
glide	1
glimmer	2
glimpse	2
glint	2
gloomy	1
glory	1
glove	1
glow	2
glowfeed	1
go	123
goal	1
god	16
god-damn	1
god-like	1
goddess	3
gokeep	1
gold	3
good	24
goodbye	5
goodnight	1
googly	1
goose	2
gorgeous	2
grab	13
grace	2
graceful	1
gracefully	1
grade	2
grader	1
grafeteed	1
grandma	2
grandmother	1
grant	5
graphite	1
grasp	2
grass	8
gravida	3
gravity	2
gray	1
great	10
greatest	3
gree	2
greek	2
green	4
greet	3
grey	2
greyhem	6
greyness	1
grief	2
grieve	1
grin	4
grind	15
grip	1
groan	3
grocery	1
group	3
grow	6
growl	2
gruffly	1
guard	2
guess	10
guiltier	1
guilty	1
gulp	1
gum	1
gus	1
gush	1
guy	11
gypsy	1
ha	1
habit	1
hade	1
hadn	4
hail	1
hair	25
haircut	1
hairless	1
half	4
hall	2
halloween	2
hallway	6
halt	1
halter	1
hampshire	1
hampton	2
hand	50
hand-written	1
handle	1
handy	1
hang	9
hansom	1
happen	17
happiest	2
happily	3
happiness	1
happy	7
hard	7
harder	3
hardest	1
hardly	1
harmonica	1
harper	4
harrisford	1
harsh	1
hasn	2
hat	2
hate	10
have	276
haven	3
hawk	1
hazel	6
he	333
head	29
headache	1
heal	2
healthy	3
hear	26
heart	19
hearty	1
heat	4
heave	1
heaven	3
heavily	2
heavy	4
heck	4
heel	1
heh	1
hehe	1
height	2
heir	6
helicopter	2
hell	9
hello	13
help	25
helpless	1
her	264
here	38
here-	1
hers	2
herself	3
hesitantly	4
hesitate	1
hey	9
hi-liter	1
hide	5
hidecautious	1
high	9
highness	2
hill	2
hillside	1
him	105
himself	6
hip	2
his	170
hiss	2
history	2
hit	4
hitchcock	1
hm	3
hoarse	1
hoist	1
hold	16
holiday	1
holler	2
hologram	2
holovision	1
home	24
homeland	1
homeroom	2
homework	2
homey	1
honest	1
honestly	2
honesty	1
honey	1
hoodie	1
hoooo	2
hoooooo	1
hop	1
hope	11
hopeful	1
hopefully	1
hopelessly	2
horrible	2
horribly	1
horridly	2
horrify	1
horror	3
hospital	1
hot	2
hotel	3
hour	7
house	12
household	1
how	65
however	1
hub	1
hubby	1
huff	1
hug	6
huge	8
huh	2
hum	3
human	11
human-like	1
humidity	1
humor	1
hun	1
hundr	2
hundred	2
hundred-fifty	1
hunger	1
hungry	1
hurt	10
hurtle	2
hus	6
husband	3
hush	1
hyperventilate	2
hypnotize	1
hysterically	1
i	953
i-	1
i-in	1
iaculi	1
icy	1
id	153
idea	11
ideal	1
identify	2
idiot	2
idle	1
if	55
igloo	1
ignorant	1
ignore	5
il	3
ill	1
illuminate	1
im	4
imagination	3
imaginatively	1
imagine	6
immediately	5
immediatley	1
immense	2
immerse	1
immortal	1
immortality	2
impatiently	1
impeccably	1
imperial	1
important	8
importantly	1
impossible	2
impression	1
imprisonment	1
impulse	2
in	274
in-door	1
incapable	2
include	2
incoherant	1
incoherent	1
incoherently	1
income	1
incomprehensible	1
inconspicuously	1
incorrect	1
incredible	2
incredulously	1
indeed	2
industrial	1
inferior	1
inflate	1
information	1
infront	2
initial	1
injure	1
injured	1
ink	1
innocence	1
innocent	1
inquisitive	1
insanely	2
inside	18
insist	4
insite	1
inspiration	2
inspire	2
instead	3
instensly	1
instinct	2
instinctively	1
instruct	1
instrument	1
insusceptible	1
intelligent	1
intend	1
intently	4
interact	1
interest	6
interlude	1
internal	1
internet	2
interrupt	1
interval	1
into	67
introduce	1
intrude	1
intuition	2
invaluable	1
invisible	1
invisibly	2
invite	5
invitingly	1
ipsum	5
irlandesa	10
iron	1
irony	1
isabellum	1
isle	1
isn	5
issue	1
it	338
italy	1
its	25
itself	8
itwhen	1
jack	1
jail-like	1
jake	3
jam	1
janice	16
jare	13
jaw	1
jayden	2
jealous	1
jeans	5
jeffery	7
jenna	1
jerk	4
jersey	3
jet	1
jewelry	2
jim	9
job	3
jock	1
join	1
joke	1
jolt	1
jonathon	1
jot	2
journey	2
jubilantly	1
juelus	3
julianne	3
julium	1
julus	2
jumble	1
jump	13
junior	2
just	104
k	5
kaleidoscope	1
kamilum	2
karon	11
karon-	1
kay	2
keep	20
kermitgorf	1
kernel	1
key	1
keyboard	1
kid	8
kiddo	2
kidnap	1
kill	11
killer	5
kind	10
kindergardner	1
kindest	1
kindly	1
king	4
kingdom	1
kirke	1
kiss	11
kitchen	2
kitten	5
kitty	2
knee	5
kneel	1
knife	1
knob	1
knock	4
knocker	1
know	122
knowus	1
kwatz	1
kwon	1
kyle	17
l-	1
la	12
lab	1
label	1
lace	1
lack	2
lacy	2
lady	2
lake	3
lament	2
lamp	1
land	7
landing	1
landscape	1
lane	1
language	4
lap	2
laptop	1
large	3
largely	1
larger	2
larson	1
last	23
late	5
later	9
latte	1
laugh	41
laughter	1
lavender	2
law	1
lay	2
layer	2
lazily	1
lazy	1
lead	3
leader	2
leaf	1
leafless	1
leah	3
lean	6
leap	2
learn	8
leash	1
least	5
leave	41
lectus	1
lefty	1
leg	12
legend	2
leggy	1
lepic	2
less	2
let	29
letter	4
level	4
libero	2
library	1
lie	6
life	20
lifeless	1
lift	7
light	20
lightness	1
lightthat	1
lightus	1
lightwith	1
ligulum	3
like	56
likely	2
likeness	1
likes	2
line	4
linger	3
link	3
lip	2
list	6
listen	12
lit	1
literally	1
litter	1
litterally	1
little	31
live	19
lizzio	1
loathsome	1
local	1
lock	2
locker	3
lodge	1
log	1
logic	1
lol	1
loll	1
london	1
loneliness	1
lonely	1
long	24
longer	6
longhorn	1
look	88
lookin	1
loom	1
loose	1
lorem	3
lose	19
loss	2
lot	10
loud	8
louder	1
loudly	1
loui	1
lounge	1
love	31
lovebird	1
lovely	2
lover	1
lovinglife	12
low	1
lower	2
luck	1
lucky	5
lucy	5
lullaby	1
lunch	1
lung	4
lurch	1
lust	1
luv	4
m	1
ma'am	1
mable	1
machine	2
mackizme	8
mad	2
madam	6
madness	1
maecena	1
magazine	1
magic	1
magna	3
magnificently	1
main	2
maintain	1
maisie	2
makatrice	2
make	56
make-up	1
malesuada	1
malicious	1
maliciously	1
mall	1
man	24
manage	4
maneuver	1
maniacal	1
manifest	1
manner	1
mannerism	1
mansion	2
mantlepiece	1
manwhore	1
many	27
map	1
maple	3
marble	3
mariano	2
marie	4
mark	1
marraige	1
married	1
marry	1
marz	1
marzark	4
mass	1
massa	1
massachusett	1
massage	1
master	1
match	3
material	1
mathematics	1
matt	1
matter	11
maver	1
may	25
maybe	15
me	230
meadow	1
mean	14
meaness	1
means	2
measure	1
mebane	1
mechanical	2
mechanically	1
meek	1
meet	9
melodious	1
melody	16
melt	2
memorize	1
memory	12
menial	1
ment	1
mental	1
mentally	1
mention	1
mere	1
mess	7
message	3
messy	1
metal	6
metallic	2
method	1
meus	1
microwave	1
mid	1
mid-air	1
mid-dance	1
mid-run	1
middle	8
midnight	6
mijo	1
milady	1
mile	3
mile-a-minute	1
mile-per-hour	1
milimeter	1
milkweed	1
millicent	1
million	2
mind	12
mind-twisting	1
mine	5
miniscule	1
minus	2
minute	13
miracle	1
miranda	1
mirror	9
mischevious	2
mismatch	1
miss	13
mission	1
mistake	4
mistakes-	1
mister	1
misunderstand	2
mix	1
mo-ove	1
moan	4
mock	1
mold	2
molecular	1
molestie	1
mom	2
moment	12
momentarily	1
momentum	1
mon	1
money	3
monkey	5
monotonous	1
month	4
montier	2
moon	5
morbus	1
more	39
morgage	1
morn	9
morph	1
mortal	4
most	19
mostly	1
mother	9
motion	2
motions	1
mourn	1
mouse	5
mouth	6
move	25
movement	1
movie	3
mr	19
much	23
muffle	2
multitude	2
mum	1
mumble	4
murmur	7
muscle	1
muscular	1
music	11
music-	5
musical	1
muss	1
must	13
mustn	1
musty	1
mutter	4
my	272
myself	15
myselflike	1
myspace	1
mysterious	1
myth	3
mythbuster	1
mythology	2
n't	56
naive	1
nam	3
name	23
nanowrimo	12
nap	1
napkin	1
nasty	1
nat	1
natural	1
naturally	2
nature	2
naw	1
near	2
nearby	2
nearer	1
nearly	5
nebraska	2
necessarily	1
necessary-	1
neck	8
necklace	2
need	20
needle	1
negative	1
neighbor	3
neighborhood	2
neither	2
neque	1
nerve	1
nervous	6
nervously	5
never	30
new	26
newmatter	2
news	3
newspaper	1
next	15
nibh	2
nice	7
nick	1
nickname	1
night	19
nightim	1
nine	5
ninth	1
nj	1
no	86
nobody	3
nocturnal	1
nod	11
noir	2
noise	4
non	2
none	82
nonetheless	1
nonsense	3
noodle	1
noon	4
noooo	1
nope	1
normal	3
normally	1
north	1
nose	4
not	108
note	9
notebook	3
nothing	35
nothingness	1
notice	10
nov	2
novel	12
november	4
now	56
nullam	1
nullum	4
number	6
nunc	2
o	3
oak	2
obama	1
oblige	1
oblivious	1
obscure	1
observant	1
observe	2
obsession	4
obvious	1
obviously	1
occasionally	4
occupy	2
odd	3
odio	2
of	421
off	41
off-key	1
offer	1
office	1
official	2
oh	45
ohh	1
ok	7
okay	15
old	10
old-fashion	1
older	2
ombra	1
omg	1
omgitsbeckius	1
on	178
once	20
once-colorful	1
one	96
online	2
onlooker	1
only	44
onto	10
oo	1
oooooo	1
oop	2
opal	1
open	32
operation	1
opportunity	3
opposite	1
optimistically	1
option	2
or	49
orange	2
orcus	2
order	6
ordinary	2
organize	1
original	1
ornament	2
ornare	2
other	35
our	34
out	138
outburst	1
outfit	1
outgo	1
outrageously	1
outside	7
over	62
overall	1
overflow	1
overhead	1
overhear	1
overpower	1
overtime	1
overturn	1
overwhelm	1
ow	1
owen	11
own	15
p	1
pace	4
paga	1
page	8
paige	9
pain	8
painful	1
painin	1
paint	2
pair	6
pal	1
palace	3
pale	1
palm	1
panic	2
panties	2
pants	2
paper	5
papers	1
paradoxical	2
paralee	1
parallel	1
parent	5
parenthetical	1
park	4
part	17
part-robot	1
participate	1
particular	3
partly	1
partner	1
party	6
pass	13
passerby	1
passion	1
past	10
pat	1
path	3
pathetic	1
pathway	2
patience	3
patron	1
pattern	1
pattern-base	1
pause	2
pay	8
peace	1
peanut	1
pearl	1
peddle	2
pede	2
pen	2
pencil	2
pendant	2
penetrate	1
penguin	2
penguincaptain	7
pennsylvanium	1
penny	2
people	41
people-who-shouldn	1
per	1
percent	1
perfect	7
perfecter	1
perfection	1
perfectly	2
perfume	1
perk	1
persephone	1
persistent	2
person	9
personal	2
pester	1
pet	1
petition	1
peyton	3
pharetra	2
phi	1
phone	3
phrase	1
physical	2
physically	2
physics	1
pianista	10
piano	1
pianoman	1
pick	19
picture	3
piece	5
pierce	2
pierre	1
pile	3
pillow	2
pillowcase	2
pink	5
pipe	1
pit	2
pitifully	1
pizza	1
place	7
plaid	1
plain	1
plan	5
plane	1
planet	1
plaster	1
plastic-type	1
plate	1
plausible	1
play	15
player	2
playground	1
playsam	1
pleasantry	1
please	15
pleasure	3
plenty	2
plop	3
plot	1
plug	3
plumb	1
plunder	2
plunge	1
plus	3
plywood	1
pm	1
pocket	4
pod	2
poem	1
poetry	1
point	6
poke	1
pole	1
police	1
politely	1
pond	1
ponytail	1
pooch	1
pool	1
poor	3
pop	2
popcorn	3
popular	2
porcelain	1
porch	1
porta	1
portal	1
porttitor	1
pose	1
position	2
possess	1
possession	1
possible	2
poster	1
posuere	1
potato	1
pottery	1
pound	2
pour	1
pout	1
powell	1
power	5
practical	1
practically	2
pray	3
prayer	1
pre-record	1
precious	1
precise	1
predict	1
prepare	2
prequel	150
present	1
presentable	1
president-elect	1
press	3
pressure	1
pretend	2
prettiest	2
pretty	7
prevent	1
previously	1
prey	1
preybefore	1
prick	1
pride	1
print	1
priscillum	3
private	1
probably	15
problem	7
procedure	1
process	2
procrastination	1
profession	1
professional	1
professionally	1
professor	1
profile	1
program	4
progress	1
proin	1
project	2
promise	4
promptly	1
proper	1
properly	1
proposal	1
prose	1
protect	2
protector	2
prove	4
psyche	24
pt	1
public	1
puddle	1
puke	1
pull	24
pulse	1
pulvinar	1
pumpkin	3
punch	3
pure	2
purest	1
purple	2
purr	3
push	12
put	17
quarter	1
quartz	2
queen	4
question	17
qui	1
quick	2
quickly	16
quiet	2
quietly	3
quietus	1
quilt	1
quirky	1
quisque	1
quite	7
quote	1
rabbit	1
race	3
racingdreamingwishingwantingall	1
racket	1
radio	3
radius	1
rage	1
rail	2
rain	6
rainbow	1
raindance	1
rainy	1
raise	4
rampage	1
random	1
rant	1
rap	3
rat	2
rather	4
rave	1
raven	2
rbmus	1
re	1
reach	16
react	3
reaction	2
read	7
ready	9
real	7
reality	3
realization	3
realize	10
really	43
realm	4
reappear	2
reason	16
reawaken	1
rebel	2
rebellious	1
rebuild	1
recall	1
receive	1
recent	1
recieve	1
reckon	1
recognize	1
recoil	1
record	2
recover	1
recruit	1
red	10
redder	1
redhead	1
rediscover	1
reference	1
reflect	2
reflex	1
refocus	1
refrain	1
refuge	3
regain	1
regan	6
regan-	2
regard	1
regret	4
regular	4
reject	1
relate	1
relative	1
relax	2
relaxation	1
release	2
relief	4
relinquish	1
reluctantly	1
remain	1
remark	1
remember	22
remind	3
repeat	4
reply	12
report	1
reporter	1
reprimand	1
request	2
rescue	3
research	3
resist	1
resolutely	1
respirator	1
respond	2
response	2
rest	8
restaurant	4
restraint	1
retaliate	2
retract	2
retreat	1
return	6
reunion	1
reveal	1
reverse	1
rhoncus	2
rhythm	2
rich	2
ride	3
ridiculously	1
right	30
rightly	1
rights	1
rim	1
ring	8
rip	2
ripple	1
rise	4
ritalin	1
rival	1
river	6
road	6
rob	1
robe	2
robert	3
robot	3
robotic	2
rock	4
rocket	2
role	1
rolex	1
roll	11
romance	2
romp	1
roof	1
room	30
room-	1
roommate	3
root	1
rope	1
rosalie	1
rose	1
rough	2
round	1
route	1
routine	1
rouvelin	2
row	1
royal	2
rub	5
rude	1
rudely	1
ruin	3
rule	3
run	37
run-on	1
rundown	1
rush	4
russet	1
rust	1
s	74
sac	1
sad	2
sadness	3
safe	5
safer	1
sag	1
saint	3
sake	2
salute	1
salvation	1
same	11
sand	2
sandallow	2
sandra	1
sapien	2
sariah	1
satisfaction	1
saturn	1
save	4
savetheunicorn	1
say	146
sayin	1
scald	1
scamper	1
scar	1
scare	10
scarf	1
scene	5
scenery	1
scent	1
schedule	1
school	27
schoolwork	1
science	1
scissors	1
scoop	1
scrap	2
scrape	1
scratch	3
scrawl	1
scream	10
screech	1
screen	6
scribble	1
scruff	1
scrunch	1
scurry	2
sea	1
seamless	1
sear	1
search	7
seat	4
sec	1
second	8
seconds	2
secret	1
secretive	2
section	2
secure	1
sed	4
see	70
seed	1
seem	20
seep	2
select	1
self	1
self-esteem	1
selfconsciencely	1
sem	1
semblance	1
send	7
senior	1
sense	5
senses	1
sensitive	1
sentence	2
separate	1
seperate	2
sequel	155
sequele	2
serenity	2
serial	3
series	1
serious	1
seriously	1
servant	1
serve	1
set	10
seth	12
settle	3
seven	1
several	3
sex	1
sha	1
shadow	4
shadowsit	1
shake	13
shaky	1
shall	1
shallow	1
shame	1
shameyou	1
shape	3
shard	1
share	2
sharp	3
sharply	2
sharpy	1
shay	2
she	250
sheepish	1
sheepishly	2
sheila	2
shell	1
shelter	1
shift	4
shimmer	1
shine	3
shiny	1
shirt	3
shiver	3
shivers	1
shock	6
shoe	3
shoot	3
shop	3
shore	4
short	3
should	21
shoulder	16
shouldn	2
shout	3
shove	1
show	14
shower	1
shred	1
shriek	2
shrink	2
shrivel	2
shrug	4
shuffle	2
shut	7
side	14
side-effect	1
sidelong	1
sidewalk	2
sift	1
sigh	8
sight	4
sign	2
silence	11
silent	1
silently	5
silhouette	1
silver	1
similar	2
simple	1
simply	3
simulate	1
simultaneously	1
sin	1
since	9
sing	10
singular	1
sinknow	1
sir	2
siren	1
sista	1
sister	4
sit	36
situation	2
six	3
sixteen	1
sixth	1
sixty	1
size	4
skc	1
skid	1
skill	1
skin	5
skip	1
skirt	4
sky	4
skyline	1
slack	1
slam	3
slavery	1
sleep	8
slice	1
slick	1
slide	4
slightest	1
slime	1
sling	1
slip	3
sliver	1
sloppily	1
slow	2
slower	1
slowly	10
slump	1
sly	3
small	9
smarty	1
smell	3
smile	38
smirk	2
smoke	3
smolder	1
smooth	2
smoothly	1
snake	1
snap	10
snarl	2
snatch	1
sneak	1
sneer	2
sniffle	2
snip	1
snippet	1
snooty	1
snore	1
snort	1
snow	6
snow-fall	1
snow-man	1
snowflake	1
snuck	1
so	99
soak	1
soap	1
soapy	1
sob	2
soda	2
sofium	4
soft	7
softly	5
soil	1
soldier	2
sole	1
solution	1
some	31
somebody	7
someday	1
somehow	2
someone	13
something	37
sometime	3
somewhere	5
son	5
song	9
soon	13
sooner	2
soothe	1
sophomore	1
sorry	13
sort	8
soul	5
sound	15
soundless	1
sour-face	1
source	2
south	1
space	2
spaceship	2
spanish	1
spare	1
spark	2
sparkle	2
sparrow	1
speak	6
special	1
speck	1
speed	6
speggettus	1
spell	1
spencer	1
spend	5
spice	1
spill	2
spin	8
spinaddiction	1
spine	2
spiral	1
spirit	1
splash	2
splendid	1
splint	1
splinter	1
split	1
splutter	1
spoil	1
spot	5
spout	1
sprawl	1
spread	1
spur	1
square	1
squeal	1
squeeze	1
stage	2
stain	5
stair	5
stake	2
stalk	1
stammer	1
stand	29
stand-up	1
standback	2
stanford	1
star	4
starbuck	1
stare	18
stark	1
start	28
startle	2
startlingly	1
state	4
statement	1
station	3
status	3
stay	13
steal	1
stealth	5
step	15
stereo	1
sternly	1
stick	5
stiffen	1
stifle	2
still	31
stimulate	1
sting	1
stink	1
stock	1
stomach	7
stone	5
stop	31
stopthe	1
store	2
storm	4
story	28
stovohobo	7
straddle	1
straight	1
straighten	1
straightener	2
straighter	1
strand	1
strange	6
strap	2
straw-hair	1
stream	2
street	2
strength	1
stretch	3
strict	1
stride	4
strider	1
strike	1
strikemy	1
string	2
strip	1
strive	2
stroke	1
stroll	1
strong	3
struggle	2
strut	1
stubborn	1
student	2
student-council	1
study	2
stuff	5
stump	1
stun	1
stupid	7
stylish	2
styx	2
subject	3
substitute	1
subtle	1
sucessful	1
such	8
suck	2
sudden	2
suddenly	18
suddenly-	1
suffer	3
suggest	2
suggestive	1
suit	2
suitcase	1
sun	6
sun-rise	1
sunglass	1
sunlight	1
sunny	2
sunset	1
super	1
supervise	1
support	1
suppose	6
sure	33
surely	3
surface	2
surprise	6
surround	4
surroundings	1
survey	1
survive	3
suspect	3
suspendisse	1
suspiciously	1
sussex	1
swat	1
swear	1
sweat	1
sweater	1
swedish	1
sweep	2
sweet	2
sweetest	3
sweetly	2
swiftly	2
swim	2
swing	6
swirl	1
switch	3
switchblade	2
sydney	2
system	4
t	333
t-care	1
t-shirt	2
table	8
tad	2
tag	21
take	37
tale	2
talent	3
talk	25
talker	1
tall	4
tan	2
tangerine	1
tangled	1
tank	1
tap	3
tape	2
tapestry	1
taunt	1
taus	1
tcha	1
tea	1
teach	2
teacher	6
tear	13
tease	4
technical	1
technically	1
teenager	4
tell	38
tempation	1
temper	1
tempermental	2
tempt	2
ten	2
tentatively	1
tenure	1
term	1
terrible	2
terribly	1
terrified	1
terrify	3
test	3
testify	1
text	1
textual	1
than	23
thank	7
thankfull	1
thankfully	1
thanks	7
thanksgive	1
that	221
the	1111
theater	1
their	40
them	44
them-	1
themoon	2
themselve	5
then	61
theo	14
theodore	2
theoretical	2
theory	3
there	73
these	14
thesis	3
they	99
thick	2
thief	1
thigh	1
thin	1
thing	43
think	76
third	4
thirteen	1
thirty	3
this	75
this-	1
thornbush	1
those	12
though	14
thought	6
thousand	1
thread	1
threadsand	1
threat	1
threaten	2
three	13
thrill	1
throat	4
throb	1
throne	3
through	37
throw	5
thrust	1
thug	2
thumb	2
thump	1
thx	3
thyme	10
tick	3
ticket	6
tickle	1
tie	1
tight	3
tighten	2
tightly	1
tile	3
time	48
timethen	1
time—not	1
tincidunt	1
tip	3
tire	6
to	612
to-	1
today	12
todd	9
together	10
told-ya-so	1
tom	8
tommy	1
tomorrow	5
ton	2
tone	2
tongue	2
tonight	2
too	35
tool	1
tooth	3
top	13
torrent	1
torso	1
toss	3
total	1
totally	5
touch	10
toughened	1
tougher	1
tow	1
toward	13
towel	1
tower	3
town	6
trail	2
trailer	1
train	3
trainer	2
trait	1
trample	1
trap	1
travel	5
treachery	1
treat	3
treatise	1
tree	15
tremble	1
trendy	1
trepidation	1
trial	1
trick	4
trip	2
tristan	2
tristique	1
trouble	1
truck	1
true	2
trump	1
trust	5
trusty	1
truth	2
try	34
tube	1
tuck	1
tug	2
tun	1
turbulent	1
turn	27
turpi	1
tv	1
twain	1
twelve	1
twenty	2
twenty-two	2
twig	1
twin	1
twirl	1
twist	6
twisting	1
two	36
type	2
typical	1
u	1
ugly	2
uh	3
uhh	1
uhhhhhhh	1
ullamcorper	2
um	11
un	1
un-delight	1
unaccount	1
unattainableyet	1
unbearable	1
unbroken	1
uncertainly	1
uncomfortable	1
uncover	1
under	9
underneath	3
understand	11
underworld	3
undies	2
undo	1
undoubtably	1
unexpect	1
unfathomable	1
unfortunately	1
unhealthily	1
unimportant	1
unique	1
unison	1
unit	3
universe	1
unlatch	1
unless	2
unlikely	1
unplug	1
unpopular	1
unpredictable	1
unpreventable	1
unravel	1
unscrew	1
unsuccessful	1
until	14
unusual	1
up	125
upon	5
upright	1
upstair	4
upsweep	1
upward	1
urge	1
urna	1
us	26
use	12
useful	3
uselessly	1
user	1
usher	1
usual	1
usually	3
utter	1
utterly	3
v	1
vacation	1
vacuum	1
vainly	1
valor	1
value	1
vamp	1
vandal	1
vanity	1
various	3
varsity	1
vast	1
veer	4
vegetable	1
vehiculum	1
vel	1
velit	3
venenati	1
venture	1
verbal	1
version	2
very	24
vg	1
vial	1
vibrant	1
vibrate	1
vibration	1
victory	1
video	1
vie	1
view	3
village	1
violently	2
viper	1
virginium	1
virtue	2
visit	1
vita	2
vivamus	1
viverra	1
vocal	2
voice	29
volumes	1
volunteer	1
volutpat	2
vonster	1
w	1
waddle	1
waist	4
wait	14
waiter	2
wake	5
walk	46
wall	13
wallet	1
wander	1
wane	1
wanna	1
want	51
war	2
warble	1
warily	1
warm	7
warmth	2
warn	2
warren	1
wash	1
wasn	21
wasnt	2
wasp	1
waste	2
watch	18
water	14
waters	1
wave	2
wax	1
way	29
waythat	1
wayward	3
we	94
weakly	1
wealthy	1
wear	11
weather	2
weave	1
website	2
wed	1
week	7
weekend	1
weight	2
weird	10
weirdo	1
welcome	3
well	29
well-love	2
weren	5
westward	1
wet	3
wetness	1
wha	1
wha-huh	1
what	125
whatever	5
whatever-it-wa	1
wheedle	1
wheel	3
when	58
whenever	2
where	42
which	14
while	13
whimper	2
whir	2
whiskey	1
whisper	6
white	8
whites	1
who	45
whoever	1
whole	13
whoop	1
why	38
wich	2
wide	3
widen	3
wider	1
widler	2
wife	5
wikipedium	1
wilber	5
wildly	1
will	69
willingly	1
win	16
wince	1
wind	14
window	14
window—	1
wing	6
wingspan	1
wink	2
winner	2
winslow	2
winter	4
wipe	5
wisconsin	1
wiser	2
wish	10
wit	1
with	157
withdraw	1
withdrawl	1
within	5
without	6
witrsf2vytc	1
wo	2
woman	11
wonder	6
wonderful	4
wont	2
wood	6
woohoo	1
wooooo	1
woozy	1
word	9
work	12
workable	1
worker	1
workman	1
world	12
worriedly	1
worry	7
worse	1
worst	2
worth	2
would	50
woulda	1
wouldn	7
wrap	9
wring	1
wrinkle	1
wrist	1
write	18
writer	3
wrong	14
wry	1
wuh	1
wuite	1
wyatt	3
wyrmtongue	1
xxjerseyxgirlxx	2
ya	5
yah	1
yahoo	1
yank	1
yard	2
yay	1
ye	1
yea	1
yeah	20
year	17
yearbook	1
yearn	1
yeeeaaaaaahh	1
yeeeee	1
yell	12
yellow	1
yep	2
yes	14
yesterday	1
yet	11
yo	1
you	362
you-	1
youin	1
youmake	1
young	3
youngest	1
your	104
yours	3
yourself	8
youth	4
z	150
zap	1
zeal	1
zen	2
zeus	4
~	2
¦	22
©	1
˜	2
–	10
‘	9
’	296
“	365
”	380
