!	434
"	29
#	48
&	13
'	87
'cause	1
'd	23
'em	2
'll	35
'n'	1
's	132
'til	2
(	72
)	73
*	223
,	1178
-	190
.	1327
...	148
/	20
1923	1
1997	1
2	1
2004	1
50	1
:	918
;	2
>	21
?	326
B.	3
I.	1
I.V.	2
NULL	55
No.	5
Q3	1
U.S.	1
[	643
]	643
a	568
abandon	5
abdomen	1
able	4
aboard	14
about	38
above	3
abruptly	1
absurd	1
abyss	1
accept	4
access	1
accident	2
accidentally	2
accord	1
accordion	1
account	1
acquaintance	1
across	12
act	7
actin	1
actually	8
add	1
admire	1
admit	1
adrift	1
adult	1
advance	2
advantage	1
advice	1
advocate	1
aerial	5
aforementioned	1
afoul	2
afraid	7
after	13
afterlife	2
afterwards	1
again	11
against	16
agent	1
agh	4
ago	4
agree	3
agreement	1
aground	1
ah	14
aha	1
ahead	1
ahhh	3
ahold	1
aim	1
air	1
akkk	1
ala	1
alan	59
alas	1
alike	2
alive	3
all	72
allow	1
almighty	1
almost	5
alone	10
along	6
alongside	5
already	8
alright	1
also	7
altercation	1
alum	3
always	8
amateur	2
amazing	1
amazon	1
ambiguous	1
ambition	1
amen	3
america	1
american	1
amok	1
among	4
amongst	1
amount	2
amy	6
an	41
anchor	4
anchorman	1
and	372
angel	1
anger	1
angry	1
animal	9
annoying	1
another	12
answer	4
anti-material	1
any	16
anybody	1
anymore	3
anyone	3
anything	8
anyway	2
anywhere	2
apart	1
apiece	1
apologize	2
apparantly	1
apparently	2
appear	5
apple	1
apprise	1
approach	7
approaching	1
arc	1
area	13
argh	1
argue	1
arise	2
arm	7
armored	3
armpit	2
army	2
around	24
arrest	5
arrive	13
arrow	1
as	124
ashore	5
aside	4
ask	9
asleep	1
ass	1
asset	2
assume	1
assure	1
astounded	1
at	115
atlantic	1
atop	2
attach	2
attack	14
attempt	9
attention	3
attract	1
audience	1
aunido	4
authority	1
authorize	1
avail	1
avais	1
average	1
await	2
away	21
awful	1
awk	4
awn	1
ax	1
axe	2
axed	1
axle	1
aye	21
aztec	1
b	1
baby	2
back	78
background	7
backwards	3
bad	7
badly	2
bag	6
bagpiper	1
balance	1
balanced	1
balcony	4
ball	7
bamboo	9
banana	1
bandage	1
bang	1
bar	5
bar-*baric	1
barbossa	3
bare	2
barely	1
bargain	1
bark	4
barn	1
barnacle	1
barrel	7
barter	1
base	2
battle	1
bay	1
bayonette	1
bayou	3
be	895
beach	29
bead	1
beam	2
bear	1
beard	1
bearded	1
beast	5
beastie	3
beat	1
beating	1
beats	1
beautiful	1
because	10
beckett	56
beckon	2
become	3
bed	3
bedpost	1
bedroom	1
before	15
begin	14
beginning	1
behalf	1
behave	1
behavior	1
behind	34
bein	1
being	1
believe	9
bell	5
bellamy	16
belle	1
beloved	2
below	5
bend	1
beneath	1
berth	1
beside	1
best	6
bet	2
betrothed	1
better	6
between	9
beyond	3
bible	4
bidding	1
big	5
bigger	2
bill	2
bind	1
bird	3
bit	9
bite	5
black	52
blackhawk	1
blade	1
blame	1
blank	1
blast	3
blaze	1
bleat	1
bless	1
blind	1
block	4
blonde	1
blood	1
blooded	1
bloody	5
blow	6
blowgun	1
bo	9
board	6
boat	14
bob	1
bode	3
body	10
boil	2
boilerplate	1
boldy	1
bolt	1
bon	2
bone	2
bonfire	1
bonnie	1
boogie	1
book	2
bookcases	1
boom	6
boot	1
bootstrap	22
border	2
both	8
bother	1
bottle	29
bottom	5
bougeais	1
bounce	1
bouquet	3
bow	3
box	2
boy	13
brace	1
brain	1
branch	1
brand	1
brannigan	7
brave	2
bravery	1
brawl	1
break	19
breath	3
breathe	1
breed	3
bride	1
bridge	14
brief	1
bright	2
bring	19
broadcast	1
brother	5
brown	1
brush	1
bubble	1
bugger	10
build	2
building	2
bulge	1
bullet	1
bum	1
bunch	2
bunt	1
burden	1
burn	1
burning	1
bursar	8
bury	1
bus	2
bush	3
business	4
busy	2
but	73
button	1
buy	3
buzz	1
by	58
c	2
ca	15
cabin	6
cable	1
cage	33
calculation	2
caliber	1
california	1
caliper	1
call	9
camera	11
cameraman	1
camouflage	2
can	42
canal	1
candidate	1
candle	1
candleholder	2
cannibal	56
cannon	8
cannonade	2
cannonball	1
cannot	7
canteen	2
canvas	1
cap	4
capable	1
capsize	1
capsized	1
captain	36
captive	1
capture	3
car	2
carbuncle	1
card	1
care	4
careful	2
caretaker	1
cargo	1
carriage	7
carribean	1
carruthers	2
carry	19
carryin	1
carve	1
cary	1
case	3
casket	7
cast	6
casually	2
casualty	1
cat	1
catch	11
category	1
catfish	1
cause	6
cautiously	1
cease	1
cell	2
cemetery	3
center	1
certain	4
certainly	2
chain	1
chained	1
chair	5
challenge	2
chance	9
chandelier	2
change	1
chant	1
chaplain	5
chapter	1
charge	8
chariot	1
charity	1
charlatan	1
chart	1
chase	9
chasm	9
chatter	4
cheer	3
chest	52
chicken	1
chief	6
child	3
chin	1
chinese	1
choice	2
choose	1
chop	1
chopper	2
chris	1
chuckling	1
church	2
circle	1
circumstance	2
circus	1
city	1
civillian	1
claim	5
clark	78
claw	5
clean	2
clear	9
clearly	4
clench	1
clever	2
cliff	8
climb	7
clock	1
clone	2
close	5
closed	1
closely	1
closer	2
closure	1
cloth	7
clothes	1
cloud	1
clown	1
cnn	6
coast	3
coastal	1
coat	4
coaxed	1
cock	2
coconut	10
coffin	2
coil	1
cold	3
colors	1
come	58
comin	1
command	2
commission	2
commodore	4
commotion	1
communication	2
company	7
compass	26
compassion	1
compensation	1
competent	1
completely	1
complications	1
compromise	1
conch	2
conclusion	2
condemn	1
condition	3
confront	1
congregation	2
connect	1
conscience	1
consciousness	1
consider	8
considerably	1
consult	2
cont'd	19
contact	2
contain	5
contemplate	1
contents	1
contingency	1
continue	6
contradictory	1
contrary	1
control	3
conversation	2
convince	2
copy	1
coral	1
coral-encrusted	1
corner	1
corporal	2
corpse	2
cost	2
costa	9
cotton	16
cough	2
could	18
coulda	1
counsel	1
courageous	1
course	7
cover	4
covering	1
coward	1
cower	2
cpl	10
crab	9
crackle	1
craggy	1
crash	4
crate	1
crawl	2
create	6
creation	1
creator	1
creature	8
credibility	1
credit	2
credits	1
crew	46
crewman	24
crewmate	1
crewmember	16
cross	4
crouching	1
crow	7
crowd	14
cruces	5
cruel	2
crunch	1
crush	1
cuffed	1
cupped	1
curiosity	1
curious	2
curl	2
currency	3
curse	2
cut	7
cutlass	1
cutler	35
d	1
da	5
daga	1
dah	1
dalma	29
damn	1
dance	1
danger	2
dangereux	2
dangerous	2
dangle	3
dark	3
darkened	1
darkness	2
darling	1
dart	1
dat	1
datelined	1
daughter	1
davy	58
dawn	3
day	18
de	13
dead	8
deadman	1
deal	2
dealings	1
dear	3
dearie	1
dearly	1
death	8
debark	1
debate	1
debris	3
debt	6
decade	1
decency	1
decent	1
deception	1
decide	2
decidedly	1
decision	1
deck	44
deckhand	1
deed	1
deep	2
deeply	1
deer	2
defend	1
defense	2
deficient	1
define	1
deflect	1
deftly	1
delay	2
delicate	1
delicious	1
deliver	1
demand	1
den	1
dense	1
depart	4
depths	3
dere	2
descend	2
describe	1
desert	1
designate	1
desire	2
desk	7
desperate	1
desperately	1
despite	1
destiny	2
destroy	1
detail	1
detect	1
devastate	1
devastating	1
develop	1
device	3
devil	5
di	1
dial	1
diamond	1
dice	3
dichotomy	1
die	8
diego	6
difference	1
different	3
difficulty	1
dig	1
digging	2
dilapidated	1
dinner	1
dinosaur	20
dip	1
direction	5
directly	3
dirt	16
disappear	3
disaster	3
discomfort	1
discover	3
disembark	1
disinterest	1
disinterested	2
dislike	1
dispense	1
display	1
distance	9
distant	1
distasteful	1
disturb	1
disturbance	1
dit	1
divide	1
divine	2
division	1
dizziness	1
do	198
dock	6
doctor	3
document	4
dog	12
doggie	2
dollar	1
dolly	1
don	1
doom	1
door	18
doorway	5
dose	1
dotty	1
doubt	2
dous	3
douse	1
down	49
downstairs	1
downtown	1
downward	2
dozen	2
dr	40
drag	6
drape	1
draw	9
drawing	1
dream	1
dress	17
drink	6
drinking	2
drip	1
dripple	1
drop	16
drown	1
drum	5
drunk	2
dubloon	1
duck	3
ducked	1
due	1
duel	7
dueling	2
duelist	2
duffel	1
dump	1
dune	1
dunked	1
duo	1
dutchman	39
dutchmen	1
duty	1
dya	1
e	2
each	14
eager	1
ear	1
early	1
earshot	1
eart	1
earth	3
easily	1
east	5
easy	7
eat	7
edge	7
edinburgh	6
een	1
eensy	1
eerie	1
eeseepi	2
effect	2
effort	2
eh	4
eight	1
eitc	6
either	6
elbow	1
elderly	1
elect	1
element	1
elephant	1
elizabeth	165
ellen	1
ellie	20
elliott	1
else	1
embed	1
emerge	5
employ	1
employment	1
empty	2
empty-handed	1
encounter	2
encrust	1
end	15
engage	3
engineer	1
england	2
english	2
enhance	1
enough	14
enrich	1
ensue	3
ensure	2
enter	6
entertainment	1
enthusiastically	1
entire	3
entirely	2
entrails	1
envelope	2
environment	1
enzyme	1
equal	1
equipment	1
er	7
eradicated	1
erally	1
ernst	13
eroro	1
escapade	1
escape	8
escapee	1
escorted	1
est	2
establish	1
estate	1
estimate	1
etc.	1
eternal	1
eternity	2
etora	1
euh	6
eunuchy	2
even	6
evening	2
eventually	1
ever	3
every	8
everyday	1
everyone	3
everything	4
evidence	1
evil	2
evolve	1
exact	1
exactly	2
exacty	1
examine	3
exasperation	2
excellent	2
except	4
exchange	1
excitedly	1
excuse	2
executor	1
exhaustion	1
exist	1
exit	4
expect	3
explain	1
explode	1
expose	1
ext	6
extend	1
extinction	1
extremely	1
eye	15
eyeball	1
eyelid	1
eyesight	1
face	34
face-down	1
facility	2
fact	3
fadder	1
fade	4
fail	2
faint	1
faintly	1
fair	3
faith	5
fall	33
falling	1
falter	1
familiar	2
family	2
fan	1
fancy	2
far	4
farewell	1
fast	4
faster	1
fate	5
father	7
fault	2
fear	4
fearsome	1
feast	1
fee	1
feed	1
feeder	1
feel	9
feeling	3
female	2
fence	1
ferinte	1
festoon	1
fetch	1
fetsoran	1
few	7
fiancè	1
fiancèe	1
fiasco	1
field	1
fiery	1
fifteen	3
fifty	3
fight	8
figuratively	1
figure	4
fill	4
filter	1
final	4
finally	7
find	55
fine	2
finger	4
finish	4
fire	14
firefly	2
firepower	1
firm	1
first	15
firsthand	1
fish	1
fisherman	4
fishface	1
fishing	2
fishnet	1
fist	1
fit	1
five	5
fives	2
flag	1
flame	1
flat	1
flatter	1
flattered	1
flee	3
fleeting	2
fleshy	1
flight	1
fling	2
flintlock	1
flip	1
float	9
flock	1
floor	2
flung	3
flutter	1
fly	8
flyin	1
flying	38
fo	1
focus	1
foggy	1
follow	12
food	3
fool	2
foolish	2
foot	17
footage	2
footprint	4
footstep	1
for	117
forestall	1
forever	2
foreyard	2
forget	1
forgive	2
fork	1
form	3
formation	1
former	2
forth	1
fortuitous	1
fortunately	1
fortune	2
forty	1
forty-five	2
forward	2
fossil	1
foul	1
four	7
fours	1
fourteen	1
fr	1
frame	1
frankly	1
frantic	1
frantically	1
free	14
freedom	5
freeze	1
frequent	1
friend	4
friendly	1
fright	3
from	116
frond	2
front	8
fruit	5
frustrate	1
fugitive	1
full	4
fund	3
funeral	1
funny	2
further	1
futilely	1
fye	6
g	1
gain	1
gait	1
gallows	1
gambling	1
game	2
gaping	1
garret	1
gasket	1
gasp	1
gather	1
geev	1
gen	40
general	13
geneticorp	1
gent	1
gentleman	2
gentlemen	3
get	48
ghille	1
ghost	2
giant	1
gibbs	113
gigantic	2
giggle	2
girl	1
giselle	4
git	1
give	20
glad	1
glance	1
glass	1
glean	1
globe	1
glow	1
glue	1
go	78
goat	3
god	10
goin	3
gold	2
gonna	3
good	25
goodbye	3
gooseneck	1
gotta	1
government	1
governor	12
grab	26
grace	1
grainy	1
grand	1
grandchild	1
grandfather	1
grandpa	1
grant	86
grass	1
grate	2
grave	2
graveyard	1
great	4
greek	3
green	2
greenbeard	2
greet	1
grief	1
grim	1
grip	1
groan	1
groom	1
ground	10
group	5
grow	1
grunt	1
guard	5
guardian	1
guess	2
guest	1
guitar	1
gun	8
gunblast	1
gunpoint	1
gunpowder	8
h	2
ha	52
habit	1
hadrus	17
haggle	1
hah	2
hair	1
hairy	1
half	7
hall	1
hallway	2
halt	7
hammer	1
hammock	1
hammond	16
hand	45
handful	2
handle	2
handling	1
hands	1
hang	17
hangman	1
happen	15
happy	1
harbor	1
hard	10
harding	1
hardly	1
hardship	1
harm	1
harsh	1
hartman	1
harvest	1
haste	2
hat	17
hatch	2
hatchet	1
hate	3
haul	2
haunt	2
have	189
hawkins	1
hay	3
he	104
head	36
headin	1
headless	1
headquarters	4
headstone	1
hear	13
heart	16
heartbeat	2
heat	1
heave	9
heaven	2
heavily	1
heavy	3
heck	1
heh	17
height	1
helicopter	6
hell	5
hello	3
helmsman	1
help	18
helpful	1
her	38
here	44
hermit	4
hero	1
heroic	1
herself	1
hesitate	1
hey	12
hi	1
hidden	2
hide	3
high	2
higher	1
highest	1
hill	6
hilltop	1
him	67
himself	3
hire	2
his	173
hisself	2
history	1
hit	8
hitch	1
hmm	1
hmmm	4
ho	5
hoist	1
hold	39
holding	2
hole	4
holy	1
home	2
honest	3
honestly	1
honor	5
hook	1
hop	1
hope	12
horatio	40
horizon	1
horn	1
horrible	1
horror	3
horse	4
horseback	1
hospital	1
hour	8
hourglass	1
house	1
hovaya	1
how	40
huge	1
huh	8
hull	2
human	6
humility	1
humvee	1
humvees	1
hundred	3
hunt	10
hunter	1
hunting	4
hurricane	2
hurry	5
hurt	4
husband	2
husk	1
hut	3
hygiene	1
i	382
ian	56
idea	3
identification	1
idiot	1
if	55
ignite	2
ignore	1
iguana	2
ill	4
illegitimatized	1
illustrate	1
im	4
imagine	4
imitation	1
immediately	4
immortal	2
impact	1
impaled	1
impeding	1
impression	1
impulse	1
in	261
incapacitorially	1
inch	1
incident	4
include	4
including	1
inconspicuous	1
increasingly	1
indeed	1
indefinitly	1
india	5
indicate	3
individual	2
inevitable	1
infant	1
infest	2
influence	2
inform	1
information	1
ingen	4
inhabitant	1
injure	1
ink	1
inking	1
innocent	1
inquire	1
inseparable	1
inside	22
insignia	1
insofar	1
inspire	1
instead	2
instinct	1
int	5
intact	1
intend	5
intent	1
intention	1
intently	1
interact	1
intercept	1
interest	1
interested	1
interim	1
interior	3
interjection	1
interrupt	4
intervene	1
into	61
introduce	1
intuitive	1
inturrupted	1
invade	1
invader	2
investigate	1
ipito	1
is	3
isla	16
island	39
issue	1
it	282
item	1
its	13
itself	3
iv	1
j	1
jack	470
jacket	1
jail	1
james	2
jar	13
jarred	1
jaw	3
je	1
jeffery	61
jeffrey	1
jesus	2
jewel	1
jilted	1
jog	1
john	13
join	5
jokingly	1
jonathon	2
jones	90
joy	1
joyful	1
judgment	2
juice	1
jump	5
jungle	4
jurassic	1
jurisdiction	1
just	41
justice	2
justmy	1
ka	1
kapazun	1
kapitan	2
kay	1
keep	12
keg	1
kenya	1
key	45
khaki	3
kick	3
kill	12
kilometer	1
kind	3
king	3
kirbys	1
kiss	5
knee	1
knife	7
knock	10
know	73
knowledge	1
kohn	1
koleniko	4
koo	1
kowmpenay	1
kraken	24
l.a.	1
la	2
lab	2
lachay	1
lack	1
lad	3
lady	2
lah	1
lam	5
lama	1
lamp	4
land	14
lands	1
language	1
lantern	7
lapel	1
large	16
lash	2
lass	1
last	4
latazo	1
lately	1
later	1
latest	1
laugh	4
lawyer	1
lax	1
lay	3
le	1
lead	7
leading	1
league	1
lean	2
least	1
leather	1
leave	33
ledge	1
leech	5
leeech	1
left	11
leg	13
legal	1
legged	1
length	2
less	3
let	26
letter	10
level	1
leverage	2
liar	5
liberty	1
licky	6
lie	10
lieutenant	3
life	13
lifetime	1
lift	8
light	8
lights	1
like	36
likely	1
line	13
lion	2
lip	1
liquor	1
listen	5
literally	1
litozo	3
little	9
live	9
livestock	1
liz	1
lizard	1
lizzy	1
load	3
loading	3
loathe	1
lobster	2
locate	2
location	1
lock	3
locket	2
logo	2
london	1
long	18
longboat	17
longer	5
look	59
lookin	1
loose	5
lord	41
lose	7
lot	6
lotus	1
loud	2
loudly	1
love	12
loving	1
low	4
lower	1
loyalty	2
lt	6
luck	2
lucky	1
lunatic	2
lus	1
lysine	3
maboogie	1
maccus	8
mad	1
magnitude	1
main	2
mainland	3
make	40
malcolm	65
malcom	3
male	3
man	86
manacle	4
manage	4
maneuver	1
manila	1
manner	2
many	11
map	3
march	1
marine	4
marines	7
mark	6
market	1
marque	4
marriage	3
marrowbone	1
marry	4
marty	16
mask	4
mast	8
master	5
match	2
mate	8
matrimony	1
matter	5
may	6
maybe	7
me	78
mean	12
meaning	2
meaningful	1
meat	1
meet	3
meeting	1
megaphone	2
melina	6
member	1
mend	1
mention	3
mercer	15
merciful	1
message	2
messenger	2
metal	2
method	1
mezande	1
microphone	1
midday	2
middle	1
might	10
mildly	1
mile	3
military	3
mill	1
mind	13
mine	1
minute	5
misadventure	1
misfire	1
misfortune	1
miss	4
mistake	4
mister	15
mix	1
mm	3
mmm	2
mobile	1
mom	2
mombasa	1
moment	10
momentarily	1
money	2
mongrel	1
monitor	1
monkey	20
monsieur	1
montana	2
month	2
moon	2
moor	3
moral	1
more	26
morning	4
most	7
mother	3
motion	7
motioning	1
motions	2
mount	1
mountaintop	1
mourn	1
mourner	1
mouth	8
move	13
movement	2
movie	2
mr	15
much	25
mud	1
muerta	3
mug	4
mule	1
mum	1
mural	1
music	11
musician	1
must	15
mute	1
mutinied	1
mutter	2
mutual	1
my	74
myself	6
mythological	1
n	4
n't	124
nail	2
naked	1
name	4
native	2
nature	1
navigational	1
navy	1
ne	2
near	10
nearby	5
nearly	3
necessary	3
neck	5
necklace	2
nee	1
need	34
needle	1
negative	1
negotiate	3
neigh	1
neighborhood	1
neither	2
nephew	1
nervously	1
nest	2
net	4
neutralize	2
never	13
new	1
newcomer	1
newfound	1
news	5
next	13
nice	2
nigh	1
night	7
nighttime	1
nine	3
ninety	3
no	90
noble	1
nod	2
nodding	1
noise	2
non-lysine	1
nondescript	1
none	1
nonetheless	1
noose	1
nor	1
norm	1
normal	1
norrington	74
north	1
nosara	2
nose	1
nosra	1
not	80
note	1
nothing	7
notice	5
notify	1
notion	1
notorious	1
now	30
nowhere	1
nublar	1
nuisance	1
numerous	2
nut	1
o	4
o.s.	2
oar	4
oath	1
object	2
objection	1
oblivious	1
observe	1
obstacle	2
obviously	1
occasion	1
occasionally	1
occur	2
ocean	4
odd	2
odor	1
of	388
off	70
offer	8
office	6
officer	2
official	1
offscreen	2
offshore	1
oh	35
oil	2
okay	2
ol	1
old	3
omen	1
on	237
once	4
one	82
only	31
onto	12
ooh	3
open	29
opposite	1
optimistic	2
or	24
orchid	1
order	9
orderly	1
organ	8
origin	2
original	2
ortega	5
other	24
oup	1
our	21
ours	1
out	63
outrage	1
outrun	1
outside	6
outward	1
over	44
overboard	5
overcome	2
overhead	1
overhear	1
owe	5
own	8
owner	1
oy	6
p	2
p.	1
paddle	1
page	1
pain	2
paint	2
painter	1
pair	2
paka	1
paleontology	1
palm	9
pan	6
panama	2
pant	2
pantano	2
paper	1
papers	1
paperwork	1
paprika	2
paralyze	1
pardon	3
parenting	1
park	4
parker	2
parrot	8
part	7
partially	1
particularly	1
partly	1
pas	1
pass	6
passionately	1
past	6
path	3
pause	4
pay	4
payment	5
pear	1
pearl	48
peck	2
peer	1
peg	2
pelegostos	2
pen	1
penguin	1
penny	1
pentagon	2
people	15
per	2
perfect	3
perform	1
perhaps	4
perish	1
perkins	23
person	5
personal	1
personally	1
persuade	2
persuasion	1
pes	1
peux	1
philosophical	1
phone	1
pick	12
picture	2
piece	5
pierce	1
pig	1
piki	2
pile	3
pilot	2
pilotage	1
pinnacle	1
pintel	66
pipe	3
pirate	12
pirates	2
pistol	12
place	6
plague	1
plan	3
plane	1
plank	2
plant	1
platform	1
play	9
please	7
pleasure	2
plenty	1
pocket	1
point	26
poker	2
pole	16
police	1
pony	1
poochie	1
poor	2
pop	3
poppet	1
population	1
pork	1
port	21
position	6
positions	1
positive	1
possess	3
possession	1
possibility	1
possible	7
post	1
postpone	1
pound	4
pour	3
powder	1
power	1
praise	1
pray	1
prayer	2
pre-dawn	1
precious	1
predator	1
prefer	1
presence	1
present	1
preserve	2
press	2
press-ganged	1
pretend	2
pretending	1
pretty	1
previous	1
prey	1
price	4
principle	1
print	2
prison	7
prisoner	8
prisoners	1
privateer	2
prize	1
probably	2
problem	1
proceed	1
proceededly	1
profit	1
program	1
progress	1
promise	5
prompt	1
pronounce	1
proped	1
proper	1
properly	1
property	3
proposal	1
protect	2
prototype	1
protrude	2
proud	1
provide	5
providence	2
provincial	1
prow	1
pry	2
pttt	1
public	3
puckered	1
pull	20
pulley	1
pullin	1
punish	2
punishment	2
purpose	3
pursue	1
pursuit	2
push	6
put	28
quality	1
quartermaster	7
question	7
quick	3
quickly	5
quietly	1
quill	1
quite	5
quiver	1
race	1
rack	3
radio	1
ragetti	60
rail	1
railing	8
rain	5
raise	3
rampage	1
ranch	2
range	2
rapidly	1
rat	1
ravaged	1
rawk	1
re	1
re-supply	1
reach	10
read	10
ready	6
real	4
realize	1
really	10
realm	2
rear	1
reason	6
receed	1
receive	1
recently	1
reclaim	1
recline	1
recognize	1
recoil	1
reconciliatory	1
record	2
recording	1
recover	2
red	1
redemption	1
redhead	1
reef	4
reek	1
reexamine	1
reflect	1
regain	2
regardless	1
regret	3
regrettably	1
regular	1
rejoice	1
relationship	2
release	3
reluctantly	1
remain	8
remember	5
remind	1
remorseless	1
remove	6
render	2
repetitiously	1
replace	1
report	1
reporter	1
request	2
research	3
researcher	1
resist	2
resolute	1
resonate	1
resource	1
respect	1
respirator	1
respond	1
responsibility	2
responsible	2
rest	9
restore	1
restrain	1
result	1
resume	3
retain	1
retract	2
retreat	1
retrieve	1
retrospect	1
return	7
reunit	1
reveal	6
revelation	1
revenge	1
revulsion	1
reward	1
rex	26
rhythmically	1
rica	9
richochet	1
rick	10
ride	2
rifle	6
rig	7
right	33
rights	2
ring	5
rise	10
risk	1
ritual	1
river	4
rives	1
roam	1
roap	1
roar	3
roast	1
rob	2
robe	1
rock	6
rocky	2
roland	33
roll	17
romantic	2
roof	2
rooftop	1
room	10
root	2
rope	22
rossio	1
roster	1
rot	1
rotate	1
row	5
rowboat	5
rower	1
rowing	7
royal	12
rub	1
rudder	2
ruin	1
rum	10
rumble	1
run	37
rush	4
s	3
sa	1
sacrifice	1
sadness	1
safari	2
safe	5
safely	2
safety	1
sail	11
sailor	18
salvagin	2
salvation	1
samara	2
same	11
sample	1
samuel	14
san	6
sanchez	55
sand	11
sandy	1
sarah	1
sarcastically	1
satisfy	1
sattler	30
save	15
savin	1
savvy	2
sawfish	1
say	45
scamper	2
scandinavian	1
scandinavians	1
scare	1
scared	1
scarlett	2
scene	44
scoop	1
scourge	1
scowl	1
scream	8
screen	5
screw	1
screwy	1
scrub	1
scurry	3
scuttle	9
sea	24
seal	4
search	7
searching	2
season	1
seated	1
seattle	3
seaweed	2
second	5
secure	2
security	2
see	78
seech	1
seek	1
seem	12
seize	3
selfish	1
sell	1
send	10
sense	5
separate	1
series	1
serious	2
serve	6
service	4
servitude	2
set	14
setting	1
settle	6
seven	2
sever	3
several	4
severe	1
sha	1
shack	8
shackle	3
shadow	1
shadowy	1
shaft	1
shake	3
shall	6
shallow	1
shallows	3
shame	3
shanghaied	1
shape	3
share	2
she	23
sheet	1
shell	3
shhh	4
shift	1
shine	1
shiny	4
ship	57
shirt	4
shish	1
shock	3
shoe	1
shoo	4
shoop	2
shoot	8
shore	6
shoreline	1
short	3
shorts	1
shot	4
should	14
shoulder	6
shout	8
shouting	2
shovel	3
show	18
shrimper	6
shrink	2
shrug	1
shuffling	1
shut	3
side	21
sideways	4
sigh	2
sight	1
sightseeing	1
sign	10
signal	1
signature	1
silence	1
silent	3
silently	5
silver	1
simple	1
simultanenously	1
sin	1
since	7
sing	1
singapore	2
single	2
sink	2
sir	24
sire	1
sister	1
sit	24
site	5
situation	1
six	5
size	3
skeleton	4
skill	1
skin	3
skirt	1
skull	1
sky	2
skyward	1
slam	1
slap	2
slash	1
slave	1
sleep	5
slice	1
slide	6
slightly	1
slime	4
slimy	1
slip	4
slit	1
slope	1
slow	6
slowly	9
slug	1
slurp	1
smalay	1
small	13
smaller	3
smash	2
smell	3
smile	3
smirk	1
snake	3
snap	2
snare	1
snarl	4
sneak	3
snickel	2
snip	2
snore	2
so	55
soldier	2
solve	1
some	23
somehow	1
someone	5
somersault	1
something	22
sometime	1
somewhere	2
son	4
song	1
sonny	1
soon	9
soprano	1
sorely	1
sorna	7
sorrow	1
sorry	14
sort	2
soul	13
sound	16
south	3
spare	1
sparrow	227
speak	5
speaker	1
spear	3
species	1
specific	1
specimen	1
speck	1
speed	3
spell	1
spend	1
spherical	1
spice	1
spill	4
spin	1
spino	4
spinosaur	16
spinosaurus	3
spirit	5
spit	5
splash	2
spot	13
spout	1
spray	1
sprinkle	1
spyglass	4
square	3
squishy	1
stab	3
stabilize	1
stagger	1
stair	3
stake	3
stand	20
standard	1
standing	7
starboard	5
stare	4
start	13
state	1
static	1
station	1
stave	1
stay	6
stead	1
steady	2
steal	2
stealin	2
steam	1
stench	2
step	16
stern	1
stethoscope	1
steward	1
stick	1
stiffly	1
still	19
still-beating	1
sting	1
stirring	1
stock	1
stomach	1
stomp	3
stone	3
stoop	2
stop	21
store	1
stormy	1
story	5
stowaway	2
straight	1
straightforward	1
strait	1
strand	1
strange	3
strap	1
strategy	1
streak	2
streaming	1
strength	1
strike	2
string	2
strong	1
strug	1
struggle	3
strut	1
stuff	1
stumble	1
stump	1
stun	1
stupid	1
style	1
subdue	1
submerge	2
substantially	1
such	6
suction	1
sudden	1
suddenly	9
suffer	1
suggest	1
suggestion	1
suit	1
suite	1
sullied	1
sum	1
summon	1
sun	9
sunlight	1
sunrise	1
superstitious	1
supplemental	1
supplies	2
suppose	2
sure	5
surface	6
surprise	1
surround	3
survive	1
survivor	4
swab	1
swam	2
swampy	1
swann	96
swap	1
swear	1
sweep	1
swell	1
swiftly	1
swim	5
swing	3
sword	33
swordfight	5
synchrony	1
system	2
t	16
t-rex	2
table	11
tackle	1
tail	1
take	42
talk	7
tambala	10
tan	1
tank	1
tap	1
tape	3
tariff	1
tarp	1
taste	3
tavern	2
teach	2
teaching	2
teacup	1
tear	2
technical	1
technically	2
ted	1
teleported	1
telescope	1
tell	21
tembo	25
tempt	1
temptation	2
ten	4
tend	1
tent	2
tentacle	24
term	1
terrible	3
terrific	1
territorial	1
terry	1
testing	1
than	14
thank	10
thanks	4
that	157
that-	1
the	1408
their	35
them	42
themselves	1
then	46
there	62
these	19
they	51
thick	1
thief	3
thieve	1
thin	1
thing	18
think	39
third	1
thirteen	1
thirty	1
this	89
those	9
thought	2
thousand	2
threat	3
threateningly	1
three	19
throat	2
throne	8
through	24
throughout	1
throw	18
thud	1
thump	7
thunder	2
thunderstorm	1
tia	44
tide	6
tie	5
tight	1
tilt	1
tilted	2
time	30
tink	1
tiny	1
tip	1
to	544
toast	1
today	1
toe	2
together	6
toll	2
tomorrow	1
tongue	1
too	11
tooth	1
top	15
torch	2
torso	1
tortuga	9
toss	4
total	2
totter	1
touch	4
tour	2
tourist	1
tout	1
toward	27
towards	3
townsend	12
track	6
trackway	1
trade	5
trader	6
trading	6
trail	1
trailer	1
training	1
transaction	1
trauma	1
travel	1
tray	1
treasure	2
tree	6
tremendous	2
trespassing	1
trial	1
tribe	2
tricked	1
trifle	2
trim	1
trip	1
triple	1
tripoli	1
trop	2
trophy	3
trouble	3
troubled	1
trousers	1
true	3
truly	3
trunk	2
trust	5
truth	4
try	11
tryna	3
tsk	3
tuck	3
tumble	1
tupayhey	1
turkish	3
turn	38
turner	149
turning	1
turtle	1
tv	9
twelve	3
twenty	2
twice	1
twisted	1
twixt	1
two	35
tyrannosaur	2
tyrannosaurus	1
ugly	1
uh	18
uhhh	1
umbrella	2
unable	2
unaware	1
unbroken	1
uncertain	1
uncle	18
unconscious	1
undead	1
under	12
underestimate	2
underneath	1
understand	2
understanding	1
underwater	7
undo	1
unexpectedly	1
unforeseeable	1
unfortunate	1
unfortunately	1
unh	8
unhappy	1
unharmed	1
unidentifed	1
unidentified	2
unique	3
uniquely	1
unit	1
universal	1
unknown	1
unless	3
unlike	1
unlock	9
unloose	2
unresolved	1
unseen	1
untamable	1
until	10
untouched	1
unusual	1
unwrap	1
unyield	1
up	95
uphold	1
upon	4
upriver	1
upside	4
upstair	1
upward	2
urban	1
us	43
use	16
usually	1
valid	1
valuable	3
value	1
vangas	1
various	3
vase	1
vault	1
vehicle	3
vehicles	1
vengo	1
version	1
vertical	1
very	15
vessel	3
vest	3
vex	2
vexed	1
vhs	1
viciously	1
video	3
view	15
village	4
villager	1
vine	2
violate	1
virgin	1
visit	1
visitor	1
voice	3
vomit	3
voyage	2
vulnerable	1
wa	3
wade	2
wager	2
wagering	1
waist	2
waistband	1
wait	12
wake	4
walk	44
walking	1
wall	9
wallow	1
walls	1
wander	1
wandered	1
wang	4
want	48
warm	1
warn	1
warning	1
warrant	1
washington	1
wasn	1
waste	1
watch	8
watchful	1
water	8
waters	6
waterwheel	3
wave	4
wax	1
way	24
we	140
weakly	1
weapon	3
wear	7
wearing	1
weather	2
weatherby	1
weathered	1
wedding	5
week	2
weensy	1
weevil	1
weigh	1
weight	1
weird	1
welcome	5
welfare	1
well	32
west	1
western	1
wet	1
wharf	1
what	135
whatever	8
whatsoever	1
wheel	13
when	30
where	32
whereabouts	1
whether	1
which	17
while	20
whimper	2
whip	5
whirl	1
whisper	4
whistle	3
white	9
who	42
whoever	1
whole	1
whose	3
why	19
wid	4
wide	2
widow	1
wield	1
wife	1
wig	1
wildly	2
will	298
william	8
willing	2
willingly	1
win	3
wind	5
window	6
windows	1
wine	1
wipe	2
wish	5
wit	1
with	129
withdraw	1
within	3
without	7
witness	3
witty	1
wo	9
woah	1
wobble	1
woman	10
wonder	2
wood	10
wooden	5
word	9
work	13
world	14
worry	3
worse	3
wort	1
worth	4
worthy	3
would	27
wound	2
wounded	4
wrap	1
wreck	1
wrist	1
wrong	1
wyvern	9
ya	5
yank	1
ye	1
yeah	3
year	10
yep	1
yes	19
yet	4
yo	2
you	415
young	3
your	78
yours	3
yourself	4
yourselves	1
zone	2
zoom	2
’	2
