!	476
!!!!!!!!!!!!!!!!!!!!!!!	1
"	221
#-Adwords	1
#13	1
#2	1
#40dn	1
#6	1
#7	1
#8	1
#ActivistJudges	1
#BBB	1
#Christian	1
#DWTS	2
#FAIL	1
#Homophobia	1
#MLB	2
#Maddie	1
#Mormon	1
#NASCAR	1
#NEWS	1
#NOM	1
#Obama	1
#PALM	1
#PKS	1
#RT	1
#Rush	1
#TCOT	5
#TeaParty	1
#Twitter	1
#amazonfail	3
#aprendiz	1
#ariels	1
#badnamesformonstertrucks	1
#cites	1
#college	1
#ctbo	1
#dailyshow	1
#education	1
#faculty	1
#fb	1
#ghostbusters3	1
#glitchmyass	1
#growth	1
#guns	1
#hhrs	1
#hubspot	2
#idol	1
#indycar	1
#jobs	1
#malartic	2
#msm	1
#music	2
#mylifeissohard	1
#nascar	2
#numberplates	1
#oncology	1
#onlinemarketing	1
#p2	2
#postrank	1
#pray4	1
#properties	1
#quote	1
#radio3	1
#royals	1
#scholarly	1
#sgp	1
#startup	1
#susanboyle	1
#taxes	1
#tcot	14
#teabagging	1
#teaching	1
#teaparty	9
#tlot	2
#tpds	2
#twitter	1
#uie	1
#wa	2
#webpart	1
#x2013	2
$	10
$15	1
$2.00	1
$470	1
$6.80	1
$850m	1
%	20
&	43
&#39;s	1
&#39;v	1
'	95
'd	1
'em	3
'm	1
's	101
'til	1
(	117
)	167
*	31
+	10
,	619
-	215
--	31
---	1
.	1413
..	1
...	246
....	6
.....	2
......	1
.......	1
........	1
.........	1
.08	5
/	62
0	5
0.2	2
004	1
007	1
01..24	1
01.21	1
01.22	1
01.23	1
01.29	1
04	1
0430	1
0730	1
08	1
0900008774	1
1	25
1.1400	1
1.4	1
1.65	1
1.7	1
1/2	1
10	12
10.30	1
100	8
1000	4
10000	2
101	1
102	1
10:05	1
10:35	1
11	4
110	1
1100	1
11:11	1
12	4
120	1
125th	1
13	5
13th	1
14	6
140	1
14:36	1
14th	3
15	3
15.5	1
150	1
16	2
1621	1
17	2
18	1
19	3
1921	1
1988	1
1st	3
2	43
2.0	4
2/3	1
20	10
200	1
2007	6
2009	14
2009-04-14	1
2010	2
2011	1
207	1
21	2
21st	1
23	2
24	3
243	1
247267102	1
25	3
28	2
29	1
29th	1
2:30	1
2nd	4
3	23
3.0	3
3/4	1
30	8
3000	1
322	1
3301	1
3318	1
340	1
35	1
360	3
386	1
4	19
4.3	1
4.9	1
4/14	1
4/15	1
4/9	1
40	4
401	1
404	1
4040	1
405	1
4100	1
450	2
47	3
48	1
5	18
5.1	1
50	7
500	1
506	1
52	1
543.5	1
55	1
58	1
5:45	1
6	6
6.170	1
60	1
69	1
6:30	1
7	6
70	3
73	1
74	1
7571	1
76	1
79	1
7:30	4
7th	1
8	11
8.6	1
80	1
800	1
808	3
84	1
87	1
8:30	1
9	6
9.30	1
9/10	1
9091	1
9127	1
9156	1
9185	1
93	3
933	1
93rd	1
984	1
:	574
;	42
<	6
=	9
>	22
?	212
??????????	1
????????????	1
?????????????????	1
?????????????????????????????????????????	1
@	9
@12C4	1
@37celsius	2
@ARDELLd	2
@BBHLabs	1
@BuzzEdition	1
@Candice_Jo	1
@CourtneyCooper	1
@DesignNewz	1
@DiabetesSupport	2
@Drupal	1
@EleART	1
@Eric_Holdeman	2
@EwasteSuzie25	1
@Faithable	1
@Figliuolo	1
@FreedomRing	1
@GospelChick	1
@HCAN	1
@HotRodGyrl	1
@JustTravlin	1
@LaneKiffinUT	1
@LayneM	2
@MaraBG	1
@MartyNeumeier	1
@McCainBlogette	1
@MeanBot	1
@MegFitz	1
@Oblique_Chirps	1
@PeteCarroll	1
@PeterSantilli	1
@ProsperbyDesign	1
@RedBull	1
@Republicander	1
@RightGirl	1
@SarcasticMomLC	1
@TechMechanic	1
@TheWorkBuzz	1
@ToddSchager	1
@TonyLoyd	1
@Trish_HR	1
@Twitalyzer	1
@ValerieStevens	1
@WakeUpwithDougK	1
@WendyShanahan	1
@abbyharenberg	1
@airamericamedia	1
@alapoet	2
@alexalbrecht	1
@aplusk	2
@asheresque	1
@auctionwally	1
@bjbyrne	1
@brainpicker	1
@briannack	1
@carogonza	1
@chrisbrogan	2
@chrisonhismac	1
@christianpior	1
@cleshen	1
@cleshen:	1
@corvanleeuwen	1
@creattica	1
@danielshea	1
@danwarp	1
@darylhunter	1
@dmscott	1
@drupal	1
@ecrabb	1
@emmaguy	1
@ericgrant	1
@ericjodom	1
@explorechicago	1
@frugaldougal	1
@getdowntown	1
@groupY	1
@gymicrae	1
@ibored	1
@infidelsarecool	1
@insurgent	1
@itsawomansworld	1
@j_ro	1
@jcran	1
@joe_carney	1
@joeciarallo	1
@junie12e	1
@justincutroni	1
@kansasjackass	1
@kayakforacure	1
@kbondelli	1
@kdwashburn	1
@libertyrant	1
@livedesk	1
@lizziegolightly	1
@lynngg	1
@mamasource	1
@mashable	1
@massgovernor	1
@mattcanale	1
@maudnewton	1
@meanbot	1
@michellemalkin	1
@mike_elgan	1
@mikedish	1
@mtlb	1
@munckytown	1
@myrnaslist	1
@mysolarenergy	1
@neverbloomer	1
@nickroshon	1
@ninjen	1
@om	1
@onlygators	1
@paustin110	1
@pbeaulieu	1
@pgillin	1
@physorg_com	1
@pistachio	1
@ponet	1
@redeyechicago	1
@rhpritchard	1
@ryanaraine	1
@sanuzis	1
@securitytwits	1
@sethisis	1
@shellyroche	1
@skitzzo	1
@starandbucwild	1
@staroflondon	1
@straydog9	1
@technolene	1
@thehillers	1
@themediaisdying	1
@thenascarfiles	3
@turbotax	1
@tweetmeme	1
@watchfiremusic	1
@whitneyhess	1
A.	1
AT&T	2
B2	1
C.	1
Carrot2	1
D.M.C.	1
DS-10	2
E5	1
Fr..	1
Frank	1
G.	1
Hendrix6406	6
I.V.	1
J.	1
K750i	1
KBCUBS10	1
KGCUBS10	5
L.A.	1
M.	1
M5	1
MICKEY3	5
Mr.	1
Music2home.com	1
N.	5
N.Y.	1
N95	1
NULL	489
O.	1
Passenger57	1
Rathman44	8
U.S.	3
W.	2
Web2.0	1
X3	1
[	21
\	25
]	21
^	4
_	26
`	1
a	491
aaaw	1
aan	1
aaround	1
aaw	1
abc	1
able	2
abort	1
abortion	1
about	83
above	1
abu	1
ac	3
accept	2
access	2
accessible	1
accident	1
accidentally	1
accord	1
account	6
acct	1
accusation	1
accuse	1
acemoney	1
acham	1
achieve	1
achievement	1
ack	1
acre	1
across	5
acrylic	1
acs	2
act	5
action	2
activist	1
actress	1
actu	3
actual	1
actually	9
acumen	1
ad	6
adam	3
add	15
additional	1
address	1
addy	1
adelaide	1
adidas	1
admin	2
administrator	2
admits	1
ado	1
adobe	2
adobo	1
adopt	1
adopter	1
adotas	1
adready	1
adust	1
advance	1
advert	1
advertise	1
advertising	4
advice	2
advise	1
advisor	1
adword	2
aerial	1
aeronave	1
aerosmith	1
affect	2
affiliate	8
affiliates	1
affinity	2
afghan	1
afraid	1
africa	1
african	1
after	26
afternoon	4
ag	1
again	25
against	3
age	3
agency	3
agenda	2
agent	4
agents	1
ages	1
aggregator	1
ago	7
agre	1
agree	10
agresso	2
ahahhaha	1
ahead	1
ahem	1
aid	1
aig	2
aim	1
air	7
aircard	1
airport	2
airpuffer	1
aj	1
ajax	1
ajmal	1
ak-	1
aka	2
akin	1
al	4
alan	2
albeit	1
album	6
alert	3
alex	1
alexandria	1
alexis	1
alienating	1
alive	1
all	59
all-time	1
allegation	1
alley	1
alliance	1
allison	4
allow	7
almighty	1
almost	5
aloha	1
alone	1
along	2
already	6
alright	2
also	13
alternate	1
alternatives	1
although	2
alto	1
aluminum	1
alvin	1
always	13
am	4
amazing	7
amazon	6
ambek	1
ambiguous	1
ambrose	1
america	2
american	9
american-flagged	1
americans	1
amerlegion	1
amid	1
amidst	1
amigo	1
amira	1
among	1
amount	1
amy	1
an	51
ana	1
analogue	1
analogy	1
analyst	4
analytic	1
analytics	4
and	313
andar	1
anderson	4
andrews	1
android	1
anesthesiologist	2
angel	1
angeles	2
angry	1
anhttp	1
animal	2
animatronic	1
anipal	1
anjali	1
ann	2
anna	1
announce	4
announcement	2
announces	1
annoying	1
annual	2
anonmous	1
anonymous	3
anoop	1
another	22
anoushka	1
answer	4
ant	1
antenna	1
anthology	1
anthrax	1
anti-	1
anti-bikie	1
antibiotic	1
antipathy	1
antique	1
antojo	1
any	16
anybody	1
anymore	3
anyone	10
anything	5
anytime	1
anyway	3
aol	1
aorn	1
ap	2
apart	1
apartheid	1
apartment	1
apic	1
apologise	1
app	12
apparel	1
apparently	2
appear	3
appetite	1
apple	5
application	3
apply	3
appreciation	3
approach	1
approaching	1
approved	1
appstore	5
appt	2
aprendiz	1
april	10
apus	1
aqua	1
aquarium	1
aquatic	1
arabic	1
arare	1
arbor	1
arcade	3
archimedes	1
architecture	3
archive	1
arctic	1
are	2
area	2
areif	1
arguably	1
argue	3
arm	2
armageddon	1
armaggedon	1
armin	2
armstrong	1
around	9
arrest	5
arrests	1
arrival	1
arrive	5
arsenal	2
arsene	1
art	5
arthur	1
article	7
articles	2
artisan	1
artist	1
arwah	1
as	47
asap	2
ase	1
ash	1
asher	1
ashton	1
asian	2
ask	5
asla	3
aspect	1
ass	4
assesory	1
asshole	2
assistance	1
assistant	5
associate	4
associated	1
assumption	1
assure	1
astonished	1
astroturf	1
at	149
ata	1
atap	2
atb	2
atl	2
atlanta	4
atlas	1
atleast	1
atonement	1
atop	1
attack	3
attacker	1
attempt	2
attempting	1
attend	5
attendance	1
attention	1
attorney	1
attract	2
attraction	1
auct	1
auction	2
auctionwally	1
audi	3
audience	2
audio	5
aug	1
august	1
augusta	1
augusten	1
augusto	1
auriemma	1
austin	1
authenticated	2
authentication	1
authority	1
auto	1
autobloggreen	3
automatic	1
automatically	1
autopia	1
autopilot	1
available	5
awaiting	2
awake	1
award	1
awards	3
aware	1
awareness	1
away	8
aweful	1
awesome	9
awkward	2
awry	1
awsome	1
aww	3
awww	1
b	8
ba	1
ba-k-	1
babble	1
babbling	1
baboon	1
babushka	1
baby	8
back	46
backdrop	1
background	1
backseat	1
backstage	1
backyard	2
bacon	1
bad	10
badly	2
bag	6
bags	1
baiki	1
bailout	2
bake	1
baking	1
balance	2
ball	2
ballast	1
bambino	1
ban	4
band	4
bandwidth	1
bank	3
bankrupt	1
bankston	1
bankwest	1
banpuppymills	1
bar	1
barack	2
barbecue	1
barcelona	1
baroness	1
bart	1
baru	1
base	3
bash---looking	1
basically	1
basketball	2
bass	1
batphone	1
battery	2
battle	1
battlemodo	1
bauer	1
bay	1
bb	1
bbc	1
bbcworld	1
bberry	1
bc-stv	1
bck	1
be	794
beach	5
bean	1
beantownie	1
bear	1
beard	2
beater	1
beating	1
beats	1
beautiful	6
beauty	3
beca	1
because	12
beck	1
beckett	1
become	7
becomes	1
becomingwhoyouwanttobe	1
bed	18
bedroom	1
beebs32	2
been	1
beer	2
before	9
begin	1
begining	1
behavior	2
behind	4
belah	1
beli	1
believe	5
belive	1
belize	6
bell	1
bellevue	1
below	3
bem	2
ben	1
benedict	1
benefit	1
benefits	2
berkeley	1
beside	1
best	20
bestfriend	1
bet	1
beta	5
beta-test	1
bethany	1
bethenny	1
better	12
between	4
beverly	1
beyond	3
bias	1
bid	2
big	9
bigger	2
biggest	2
bigot	1
bik	1
bike	2
biker	1
bikini	2
bill	3
billboards	1
billion	1
billy	1
bin	1
bingo	1
biodynamic	1
biofuels	1
biomed	1
birch	1
bird	1
birdhouse	1
birthday	3
birtish	1
bishop	1
bit	8
bite	1
bitly	1
bittorrent	1
bizarre	3
black	5
blackdress	1
blahblahblahblahsicksicksicksick	1
blame	2
blast	1
bldg	1
bleh	1
blend	3
bless	6
bleugh	1
blind	1
blip	10
bloated	1
block	3
blog	37
blogged	1
blogger	1
bloggers	2
blogging	2
blogpost	1
blogs	1
blood	2
bloody	1
bloom	1
bloomberg	1
blow	3
blowin	1
blue	3
blues	1
bmw	1
bn	1
bo	1
boa	1
board	1
boat	1
bobbejaanland	1
bobcat	2
bocor	2
bodily	1
bofa	1
boffin	1
boggling	1
bomb	1
bon	1
boner	1
bones	1
bongo	1
bonus	1
book	19
bookcase	1
booking	3
bookstore-loving	1
boosh	1
boost	1
boosting	1
boot	1
booty	1
bor	1
bore	4
borg	1
boring	4
bork	3
boss	2
bosslady	1
boston	2
both	6
botha	1
bother	4
botti	1
bottom	1
boucle	1
bought	2
bouncy	1
boundaries	1
bourbon	1
bourdain	1
bourrough	1
bout	2
bowel	1
bowlus	1
box	4
boy	3
boyle	9
boys	1
br	4
bradley	1
brady	2
brain	4
brainstorm	1
branch	1
branche	1
brand	8
branding	1
brands	1
bras	1
bratz	1
brcs	2
brea	1
break	11
breakfast	4
breaking	1
breakthematrix	1
breakthrough	2
breast	1
breath	2
breather	1
brent	1
brian	3
bricks	1
bridgetoward	1
brief	1
briefing	1
briefly	1
brighton	1
brilliant	2
bring	6
brit	1
britain	2
britains	2
british	4
brixton	1
brl	1
broadband	1
broadcasting	1
brooklyn	1
brother	4
brown	4
brownie	1
browse	1
browsing	5
brunch	1
brush	2
brutha	1
bubble	1
bucket	1
buckhead	1
bud	1
buddhist	1
buddy	2
budget	2
budweiser	1
buffet	1
bug	1
bugdave	1
bugger	1
buggy	1
buick	1
build	5
building	5
built-in	1
bulb	2
bulky	1
bull	2
bullets	1
bulls	1
bumbung	2
bump	1
bunch	2
bunny	1
bur	1
burberry	1
burger	1
burglary	1
burn	1
burnett	2
burning	1
burrrrned	1
burton	1
bus	5
bush	1
busier	1
business	22
bust	1
bust-	1
busy	6
but	57
but--hope	1
butchered	1
butler	1
butterfly	1
buuren	2
buy	13
buyer	1
buzz	1
buzzkill	1
by	57
byd	1
byk	1
byu	1
c	13
ca	4
cable	4
cactus	1
cadaver	1
cadillac	1
caesar	1
cafe	2
cake	3
calendar	1
cali	1
caliber	1
calibre	1
california	2
caligraphic	1
call	12
calm	1
calming	1
cam	1
camera	6
cameron	1
camp	5
campbell	1
campus	1
can	71
canadian	1
canal	1
canberra	1
cancel	1
candidate	1
candidate-centric	1
candidates	1
candy	1
cannes	1
cant	1
cantina	1
canvas	1
cap	1
capability	1
cape	1
capital	1
capitalize	1
capitol	1
capture	1
car	10
cara	1
caramel	2
card	5
care	5
career	5
carey	1
carmen	1
carnivore	1
carpet	1
carrie	1
carrol	1
carry	2
carter	3
cartoon	1
case	6
cash	4
casino	2
caspian	1
castro	2
casts	1
cat	1
catapult	2
catch	4
category	1
catherine	1
catholic	2
cathy	1
catwalk	2
caught	1
cause	3
causing	1
cd	2
cease	1
cecarian	1
cecerian	1
celeb	2
celebrate	2
celebrity	2
cellebrating	1
cellphone	2
celtic	1
cement	1
cent	1
center	8
central	1
centres	1
ceo	5
cert	2
certain	1
ch	1
chabli	1
chad	1
chage	1
chainsaw	1
chair	2
challenge	1
challenger	1
champions	1
chan	1
chance	1
chanel	1
change	14
changecamp	1
changs	1
channel	1
chanteloup-les-	1
chaperm	1
chaperon	1
chapter	1
chardonnay	1
charge	2
charger	2
chariot	1
charity	2
charles	2
charm	1
chase	3
chat	2
cheap	1
check	19
checkin	1
checking	9
checkout	1
checkstand	1
cheer	1
cheerio	1
cheese	2
cheesecake	2
chem	3
chesapeake	1
chese	1
chevy	1
chf	1
chic	1
chick	1
chief	1
child	3
childbirth	1
childhood	1
chile	1
chili	3
chill	1
chillen	1
chillin	1
chillout	1
chin	1
chinatown	1
chip	2
chipmunks	1
chipotle	1
chocolate	1
choice	2
choinka	1
choix	1
chomp	1
choose	1
choosing	1
chop	1
choppers	1
choppy	1
chore	1
chosen	1
chris	2
christ	2
christian	5
christine	1
christmahannakwanzaa	1
christmas	11
chrome	1
chronicle	1
chrysler	1
chuan-	1
chubby	1
chuck	2
church	5
cia	1
cider	1
cigarette	1
cincinnati	1
cinder-block	1
cindy	2
circa	1
circles	1
circling	1
cite	1
city	7
civility	1
cjw	3
cl	2
claim	1
class	3
classic	1
classroom	1
clean	5
cleaned	1
clear	2
clearinghouse	1
clears	1
cleary	1
clerk	1
cleveland	1
clever	1
client	2
climate	1
climb	3
clinic	2
clinton	1
clir	1
close	3
closer	1
closet	1
clothes	1
cloud	1
cloudy	3
club	2
clue	2
clustering	1
clusty	1
cmo	1
cms	1
cn	1
cnbc	1
cnn	7
cno	1
co	1
coach	4
coast	1
coaster	1
cobo	1
coco	1
cod4	16
code	9
coffee	14
coffeebreak	1
cogdogroo	1
cogitator	1
colbert	2
cold	12
coleman	1
collaboration	4
collar	3
collect	2
collection	2
college	4
colonic	1
color	4
colorful	1
columbine	1
com	33
combination	2
come	31
comfortable	2
comic	4
comma	1
command-line	1
command-lines	1
comme	1
comment	6
commercial	3
common	1
communicate	1
communication	1
community	4
comodo	1
companies	1
company	6
comparison	3
compel	1
competition	2
compile	1
complain	3
complaint	3
complete	1
completely	2
compose	1
composing	1
compress	1
compressed-air	1
computer	7
comrade	1
con	2
concentrate	2
concept	5
concern	2
concert	4
conclude	1
conclustion	1
concrete	1
condemn	1
condition	1
condo	1
conduct	1
conduit	1
conference	10
confess	1
conficker	1
confidence	2
confidential	1
configuration	1
configure	1
confine	1
confirm	2
confirmed	1
confront	1
congestive	1
congrat	3
congrats	3
congress	2
connect	2
connecticut	1
connection	3
connex	1
conservative	1
consider	3
consignment	1
consistency	1
constant	2
construction	1
consultate	1
consumer	1
consy	1
cont	1
conta	1
contact	2
contacts	1
contemplating	2
content	2
contention	1
contentious	1
contents	1
contest	2
continue	1
continues	1
control	3
controll	1
controlled	1
converj	1
conversation	3
coo	1
cook	2
cookie	1
cooking	3
cookoff	1
cool	22
cooper	1
coordinate	1
copter	1
copy	7
core	2
corgi	1
corn	2
corporate	11
correct	1
correspondent	1
cosmetic	1
cost	4
costa	1
couch	2
cougar	1
could	14
council	1
count	2
counteract	1
counterform	1
country	2
county	1
coupez	1
couple	5
courage	1
course	4
court	1
cousin	1
cover	6
coverage	1
covina	1
cowboys	1
coworking	1
coz	2
cphq	1
crack	2
cracked	1
craft	1
craig	2
craigslist	1
cranky	2
crap	2
crappy	1
crash	3
crated	1
craving	1
crayon	1
crazy	6
cream	3
create	6
creating	2
creative	2
creativecrowdscolleague	1
creativity	1
creativos	1
credits	1
creepy	1
cregg	1
crew	1
cried	1
crime	3
crisis	1
criterion	1
crm	1
croissant	1
croix	1
cross	11
crosses	1
crossover	1
crossword	1
crouch	1
crowd	2
crowds	1
crowdsourcing	1
crucial	1
cruel	2
crunch	1
crush	2
crutch	1
crying	1
crystal	1
csny-carry	1
csr	1
css	2
cuba	2
culprit	1
cundall	2
cup	2
cup-ha-soup	1
cupcake	1
curb	1
cure	1
cures--	1
current	1
currently	5
curse	1
cursing	1
custom	2
customer	7
cut	3
cute	1
cv	5
cy	1
cylinder	1
cyrus	1
cystic	1
d	13
d-i	1
da	3
dad	1
dahh	1
daily	1
dale	1
daley	1
dallas	2
dam	1
damaged	2
damn	8
dan	3
dance	1
danger	2
danica	1
danielle	1
danity	1
danmccauley.wordpress.com/2009/04/10/easy-eater-dessert/	1
danville	1
dargens	1
dark	1
darn	1
dat	2
database	2
date	8
dateline	3
datum	4
daughter	3
david	2
dawn	1
day	82
daytona	1
dba	1
dc	1
ddus	1
de	5
dead	3
dead-tree	1
deadline	1
deaf	1
deal	2
dear	3
death	1
deathbed	1
debate	2
debating	1
debtholder	1
decapitation	1
decide	7
decided	3
decision	4
deck	1
decker	1
declare	1
deconstructing	1
dedicate	1
deep	1
deeply	1
def	1
default	1
defend	1
defense	1
define	1
definitely	4
degree	1
del	1
delicate	1
deliver	1
dell	1
delta	1
delve	1
demand	1
demande	1
demi	1
demo	1
demonstrate	2
denver	1
departed	1
depend	2
depress	2
dequacaine	1
derangement	1
derivative	1
descri	1
describe	1
description	2
desert	1
design	14
designer	5
designers	1
desire	1
desk	1
desktop	1
desperate	1
desperation	1
despite	1
dess	1
dessert	2
destroy	1
desus	2
detail	4
determine	1
detroit	3
deux	1
deve	1
develop	3
developer	4
developers	1
development	2
device	2
dewey	1
dh	1
dhhqtf	1
dhs	2
dia	1
diagnostic	1
dialect	1
diallo	8
diaper	1
diapers	1
diarrhea	1
didn	1
didnt	1
die	5
diego	1
diff	1
difference	1
difficulty	1
dig	1
digg	2
diggbar	1
digital	6
diid	1
dilbert	1
dinner	6
dinosaur	1
dioscrimination	1
direct	2
direction	1
director	1
directories	1
directors	1
dirty	2
disabled	1
disappear	2
disappointed	1
disaster	1
disavow	1
disc	1
disclaimer	1
disconcert	1
discover	1
discovering	1
discredit	1
discrimination	2
discuss	4
discussion	5
disease	1
disgusting	2
dishnetwork	1
dismiss	1
dispatch	2
display	2
distinctive	1
distract	1
distraction	2
district	1
disturbingly	1
ditch	1
div	1
diving	1
divorce	1
divorcee	1
dixon	1
diy	1
dizer	1
dj	2
django	1
djtiesto	1
dlf	1
dm	2
dmv	1
dns	1
do	170
doc	3
dock	1
doctor	6
dodge	1
does	1
dog	11
doggie	1
doh	1
doin	1
dojo	1
doll	1
dollar	1
dolphin	1
dolphins	1
domain	2
domestic	1
dominant	1
dominate	1
domino	1
dominos	1
don	2
done-	1
dont	2
donuts	1
door	1
doorbell	1
doors	1
dot	1
double	2
doublecheck	1
doubleheader	1
doubt	1
dow	1
down	13
download	3
downloaded	1
downloading	1
downs	2
downtime	1
downtown	1
doze	1
dozen	2
dr	3
draft	1
drain	1
draw	4
dread	1
dreadful	1
dream	4
dreamed	1
dreamer	1
dress	2
dresser	1
drink	6
drinking	3
drip	1
drive	9
driven	1
driver	2
driving	2
drop	6
dropout	1
droppin	1
drought	1
drudgery	1
drug	3
drukpa	1
drummer	1
drums	1
drupal	1
dry	3
ds	2
dual-screen	1
dubai	1
ducks	1
dude	4
due	3
duh	1
dump	2
dumped	1
dunk	1
dunno	1
durden	1
during	2
dusk	2
dust	2
dusty	2
dvd	2
dwiggin	1
dynamic	1
dynamite	2
dƒ	1
e	4
e-	2
e-commerce	1
e-ink	1
e-rev	1
eagle	1
ear	2
earlier	2
early	7
earned	1
earnhardt	1
earnings	1
earplug	2
earth	1
earthquake	2
ease	1
easier	1
easiest	1
easily	2
eastbay	1
easter	3
easy	6
eat	9
eati	1
eating	4
ebay	5
ebook	1
ec	1
echo	1
eco	1
economics	2
economy	5
ecrm	1
ed	2
edelman	1
eden	1
edge	1
edic	1
editing	2
edition	1
editor	1
edmonton	1
educate	2
edward	1
edwards	1
effec	1
effectiveness	2
effort	1
efron	1
eg	1
egg	1
ego	3
eh	1
eicu	1
eid	2
ein	1
either	4
ej	1
el	1
ele	1
elearn	1
elect	1
election	1
elective	2
electric	2
electrical	1
electronics	1
element	2
elenco	1
elmwood	1
else	7
elvis	1
email	21
emailed	1
emarketer	1
embark	1
embarrassing	1
emily	2
emitter	1
emmby	1
emote	1
empire	1
employee	2
encourager	1
encyclopedia	1
end	14
enegetic	1
energy	8
enewsletter	1
engagement	2
engaging	1
engine	9
engineer	1
engines	2
english	1
enhances	1
enjoy	11
enough	10
enriquez	2
enrollment	1
enron	1
ensure	1
enter	3
enterprise	3
entertain	1
entertainment	1
entire	1
entitle	1
entry	3
environment	2
eod	1
ep	1
epeat	2
epicenter	1
episode	5
epithelium	1
equal	1
equipe	1
equipment	1
er	3
era	1
erhead	1
eric	2
erickson	1
erm	2
erp	1
error	3
errrrr	1
escape	2
escrow	1
especially	2
espn	2
espresso	2
esse	1
essential	2
essentials	1
est	4
esta	1
estate	1
et	1
etc	3
eternal	1
ethical	1
ethnic	1
etrade	1
eu	1
eurchf	1
eurgbp	1
euro	1
europe	2
eurovision	1
eustacian	1
evaluate	1
eve	1
even	10
event	2
event-	1
ever	12
everest	2
evernote	1
every	7
every-other-day	1
everybuddy	1
everyday	2
everyone	15
everything	10
everywhere	1
evicted	1
evidence	1
evil	3
evoluti	1
evolution	1
evolve	1
evry	1
eww	1
ex	1
exact	1
exam	2
example	1
excelerator	2
excellence	1
excellent	4
except	2
exchange	1
excite	6
exclaimed	1
exclusion	1
exclusive	1
excuse	1
execute	2
executive	1
exhibit	1
exhibits	2
exile	1
exit	1
exmouth	1
expect	3
expedition	1
expel	1
expensive	1
experience	1
experiment	2
expert	1
expired	1
explain	2
explorer	2
expo	1
expose	1
express	1
expression	2
extend	1
extends	2
extension	3
external	1
extinct	1
extra	2
extraordinaire	1
extremism	2
extremist	1
eye	5
eziyetus	1
f	1
f-ing	2
fab	2
fabulous	1
face	7
facebook	18
faceboook	1
facility	1
fact	9
faction	1
factor	1
factory	1
fagan	1
fail	8
failure	4
fainted	1
fair	3
fake	2
fall	5
falum	1
family	7
famous	1
fan	7
faneca	1
fanhouse	2
fantastic-	1
fantasy	1
far	9
farce	1
farther	1
fascinate	1
fashion	2
fast	7
fat	2
faux	1
fav	4
fave	1
favor	1
favorite	2
fb	3
fbc	1
fbi	2
fe	1
fear	3
feast	1
feather	1
feature	6
feb	2
fed	3
federal	2
federated	1
fee	1
feed	3
feeding	3
feeds	1
feel	28
feelin	1
feeling	7
feinstein	1
feist	1
feld	1
fellow	2
feminino	1
fenton	1
fentonite	1
fenway	1
ferry	1
fertilizer	1
fest	1
festival	1
festivity	1
festmob	1
fev	1
few	6
fiancé	1
fibrosis	1
ficam	1
fickle	1
fidi	1
fidm	1
fido	1
fielding	1
fiend	1
fierce	1
fifteen	1
fight	5
figure	2
file	3
files	1
filing	1
fillmore	1
film	3
filmmaker	1
filmmakers	1
filter	4
final	4
finally	18
finalsiteu	1
finance	1
finances	1
financing	1
find	27
finds	1
fine	4
finest	1
finger	2
finish	18
finished	3
finnish	1
fire	13
fired	1
firefox	7
firings	1
firm	2
first	20
fish	5
fisherman	1
fist	1
fit	2
fitch	2
fitting	1
five	1
fix	2
fixed	1
fixing	1
fl	1
flash	1
flashback	1
flesh	1
flicker	1
flickr	4
flight	7
fling	1
flip	1
float	1
flock	2
flood	3
florida	2
flow	2
flower	1
floyd	1
flu	1
fluid	1
flute	1
fly	4
flyer	1
flying	1
flylip	1
fns	1
focus	3
fog	1
foggy	1
fold	2
folks	2
follow	16
follower	7
followers	1
follows-	1
food	9
foods	1
fook	1
fool	3
foot	2
football	8
for	309
forcast	1
forecast	1
foreign	1
forensic	1
foresight	1
forever	4
forex	9
forget	10
forgive	1
form	3
format	1
formation	1
former	1
formula	1
forrester	1
forthcoming	1
forum	4
forward	8
foul	1
found	1
foundation	1
founder	1
fountain	1
four	4
fox	5
foxes	1
foxx	1
fr	1
fragile	2
frame	3
framework	1
fran	1
france	1
francisco	2
franken	2
frankfort	1
frappaccino	1
frapuccino	1
fratr	2
freak	1
freazer	1
free	14
freedom	2
freelance	2
freeman	1
freestyle	1
freezing	1
french	3
frenchman	1
frequency	2
frequently	1
fresh	1
freshman	1
freyja	1
friday	1
fridge	1
friend	28
friends	1
fring	1
frite	1
froggy	1
frogtown	1
from	86
fron	1
front	4
frus	1
frustrating	1
fry	1
ft	2
ftc	2
ftl	1
fu	1
fuck	4
fuckyeahalltimelow	1
fuckyeahjohnohhh	1
fuel	2
fulfil	1
full	10
fumus	1
fun	17
function	1
functionality	1
fund	2
fundraiser	1
funeral	1
funk	1
funniest	1
funny	6
furever	1
furikake	1
furious	1
furniture	2
furry	2
further	1
fus	1
future	1
futurenow	1
fuus	1
fuzzier	1
fwiw	1
fxstreet	1
fyi	3
g	2
ga	2
gaan	1
gadget	2
gadgetwise	1
gael	1
gaga	1
gagn	1
gah	1
gain	2
gal	1
gala	1
gallagher	1
game	14
gamer	1
games	1
gang	1
garage	1
garbage	1
garden	5
garmin	4
gary	1
gather	1
gators	1
gay	9
gaydar	1
gdp	1
gee	1
geek	1
geeking	1
geeks	1
geez	1
gellar	1
general	1
generate	1
generation	2
generations	1
genetic	2
genetics	2
geneva	1
genius	2
geno	1
gentile	1
geoff	1
geographic	1
geophoto	1
george	2
georgia	1
geothermal	2
get	108
get-rich-quick	1
gettin	3
gezellig	1
ghraib	1
giant	2
giants	1
gibbs-	2
giblet	1
giddy	1
gift	4
gig	1
gigantic	2
gigaom-twitters	1
gigs	1
gin	1
ginseng	1
girl	5
girlfriend	2
give	16
giveaway	2
gizmodo	1
glad	4
glamorous	1
glass	3
glassware	1
glenn	1
glitch	1
global	2
globe	1
glossette	1
gloucester	1
glover	2
gm	2
gm-volt	1
gmail	1
go	123
goal	1
god	15
goddess	1
godzillum	1
goer	1
going	1
goingto	1
gold	2
goldie	2
goldman	1
golf	3
gonna	3
gonzales	1
good	49
goodnight	2
google	10
googled	1
googletalk	1
gooooool	1
gop	1
gorgeous	2
gossip	2
got	7
got2b	1
gothic	1
goto	1
gotsta	1
gotta	3
gov	4
government	4
gps	3
graag	1
grad	1
graham	2
grainy	1
grammar	1
gran	3
grand	1
grans	1
grant	1
grants	1
graph	1
graphic	2
graphics	1
grass	1
grass-roots	1
grassley	1
gravy	1
great	33
greek	1
green	5
greenback	1
greet	1
greg	1
gregg	1
grill	1
grillin	1
grilling	1
grin	1
grokdotcom	1
groove	1
grotesque	1
ground	3
group	10
grow	2
growth	1
gta	1
gtalk	2
guarantee	1
guard	1
guerrilla	1
guess	6
guest	3
guide	3
guided	1
guilt	1
guilty	1
guitar	3
gumtree	1
gun	1
guns	1
gurl	1
gushy	1
gust	1
guus	1
guy	17
gym	5
gypsy	1
h	4
ha	2
haaaaa	1
hackable	1
haha	6
hahaha	1
hahahahahaha	1
hair	5
haircut	1
hairpsray	1
hairspray	1
hairy	2
half	3
halfway	1
hall	1
halloween	2
ham	1
hamburgefonsiv	1
hamilton	1
hammer	1
hammock	1
hand	7
hand-watered	1
handel	1
handy	1
hang	3
hangover	2
hannity	1
happen	5
happy	12
happyhappyjoyjoy	1
hard	7
hardcore	1
harder	3
hardly	1
haribo	1
harlem	1
harris	1
harry	1
harus	1
harvest	2
hashtag	2
hat	1
hate	14
haters	1
haute	1
have	189
haven	1
havoc	2
hawaii	1
hazy	1
hbo	1
hca	4
hdh	1
he	35
head	12
headscarf	1
headset	1
headtrack	1
health	2
healthcare	1
hear	16
hearing	1
heart	7
heavily	1
heavy	5
heck	2
heckler	1
heel	1
heir	1
helft	2
hell	3
hello	3
hellyeahdude	1
helmet	1
help	14
helsinki	4
henderson-based	1
hendrix6406	1
henrico	1
her	26
herbert	1
here	32
heritage	1
hermannsburg	1
herndon	1
hero	1
heroes	3
heroin	1
herself	1
het	1
hewitt	2
hey	7
hfo	1
hho	2
hi	3
hide	1
high	5
higher	1
highland	1
highly	1
highsmith	1
hija	1
hike	1
hiking	1
hill	2
hillary	1
him	9
himself	2
hinder	1
hing	1
hip	4
hip-	1
hippo	1
hire	1
hiring	1
his	15
historicity	1
history	4
hit	6
hitch	1
hmm	1
ho	1
hockey	1
hog	1
hold	4
holdeman	1
holder	2
hole	2
holiday	4
hollaback	1
holler	1
hollywood	2
holy	3
holycow	1
home	22
homecoming	1
homeless	1
homer	1
hometown	3
homework	2
homie	1
homo	1
homogenous	1
homosexual	1
honest	2
honor	1
hoo	1
hook	2
hoop-spanner	1
hooray	1
hoozie	1
hop	4
hope	19
hopefully	4
horn	3
hornby	1
horrible	1
horror	1
horse	1
hospital	9
hospitalized	1
host	9
hostel	1
hosts	1
hot	9
hotel	1
hotels	1
hottie	1
hotty	1
hour	10
hourse	1
house	13
houses	1
housewife	1
housing	1
how	59
howard	2
hp	1
hq	2
hr	9
html	1
http	3
hub	2
hubby	1
huckabee	2
hudsucker	1
huell	2
hug	3
huge	5
huh	3
human	4
humans	2
humbolt	1
humidity	7
humored	1
hump	1
hundred	1
hunger	1
hungry	1
hunt	1
hunter	1
hunting	2
hurdle	1
hurt	1
hus	1
husband	3
huskies	1
huxley	1
hybrid	1
hydration	2
hydrogen	1
hype	2
i	489
i.e.	1
ia	6
iain	1
ian	1
ians	1
ibm	1
ibook	1
ice	2
iced	1
iconic	1
idea	14
identifiespriority	1
identity	1
idiot	1
idol	7
ie	1
if	45
ignorance	1
ignore	1
ii	1
ijustine	1
ikan	3
ikea	1
il	2
ilbryneeliteee	3
ill	4
illbyrneeliteee	2
illegal	1
illinois	1
illness	1
illustration	1
im	16
imac	1
image	2
imagine	2
imasu	1
imediately	1
iming	1
imma	1
immediate	1
immigration	1
immoral	1
impairment	1
impatient	1
imperator	1
imperfection	1
implant	1
implement	1
implementation	1
import	1
importance	2
important	5
importer	1
impossible	1
impress	1
impression	1
improve	5
improvement	1
in	289
in-depth	1
in-laws	1
inaba	1
inability	2
inappropriate	1
inbound	1
inc	1
inch	1
include	6
incompetent	1
increase	1
indeed	1
independent	2
india	2
indian	1
indiana	1
indians	3
indie	1
individual	2
indoors	1
industrial	1
industry	1
ineffective	1
ines	1
infamous	1
inflation	1
influence	1
info	3
information	2
informative	1
infrastructure	1
ing	1
inherit	1
inhospitable	1
injured	1
innapropriate	1
innards	1
innocent	1
innovation	1
input	1
insane	1
insanely	1
insanity	1
insert	1
inside	2
insight	3
inspector	3
inspiration	2
inspiring	4
instability	1
install	5
installed	1
installing	1
instance	1
instead	4
instruction	1
instrument	1
insult	1
insurance	1
integrate	1
integration	1
intention	1
interaction	1
interactive	1
interest	3
interested	3
interesting	13
interface	3
interim	1
interiore	1
international	1
internet	11
interpretation	2
intervew	1
interview	6
interweb	1
intimate	1
into	17
intraffic	1
introduce	2
invent	1
invest	2
investigate	3
investigator	1
investments	1
investor	3
invitational	1
invite	2
invoice	1
iowans	1
ip	2
iphone	15
ipo	2
ipod	6
ipray	1
iraheta	1
irate	2
irish	1
irrigation	2
irritate	1
is	1
isaac	1
isiah	2
island	2
islands	1
isnt	1
israel	1
issue	7
it	209
italy	1
item	2
ithink	1
its	20
iv	1
ive	2
j	3
jabez	1
jack	1
jacket	2
jacket--crazy	1
jackson	2
jacqueline	1
jahit	2
jaiku	1
jam	1
james	2
jamie	3
jamming	1
janelle	2
janet	1
japan	2
japanese	1
jason	3
java	1
jaw	1
jay	1
jay-z	1
jazz	2
jealous	1
jeff	1
jefferson	1
jennifer	2
jerk	1
jesse	1
jessica	2
jesus	2
jet	3
jewelry	1
jewish	1
jiggle	1
jill	1
jim	1
jimmy	1
jmho	1
jo	2
job	29
joe	3
john	4
johnny	1
johns	1
johnson	1
johnston	3
join	5
joined	1
joins	1
joke	1
jokng	1
joltid	1
jon	1
jonathan	2
jones	2
jonesin	1
joost	1
jordan	2
jorja	1
journal	3
journey	2
journos	1
jovi	1
joy	2
jrmc	1
jsut	1
juan	2
judge	5
juice	1
juiced	1
julia	1
julie	1
juliette	1
jump	1
jumpa	1
junie	1
junior	1
junker	1
just	98
justice	1
justin	1
k	5
kaboodle	1
kahuna	1
kajaani	1
kalama	1
kami	1
kane	1
kasab	1
kat	1
kata	1
kate	4
kathmandu	1
keen	2
keep	13
kejiranan	1
keli	1
kelley	1
kelly	7
kellys	1
kelus	1
ken	1
kenny	1
kent	1
kepada	1
kerjodando	8
ketchup	2
kettle	2
kevin	2
key	1
keyboard	2
keyword	1
kffl	1
kick	1
kid	13
kidd	1
kiddo	1
kill	5
killa	1
killed	1
killer	3
killing	1
kilogram	1
kim	1
kind	1
kinda	2
kindle	1
kindness	1
king	3
kiosko	1
kirk	1
kirkland	1
kiss	2
kit	1
kite	1
kiteboard	1
kiwi	1
kl	1
km	8
knackered	1
knee	1
knicks	1
knit	1
kno	1
know	37
knowledge	2
knoxville	1
ko	1
koala	1
konu	1
korea	4
korg	2
krk	2
kudos	2
kumar	1
kumparak	1
kutcher	1
kvue	1
kyte	1
l	6
la	9
lab	1
lack	2
lacrosse	1
lactose	1
laden	1
lady	6
lag	2
lake	1
lama	1
lambert	2
lame	1
lamontagna	1
lancashire	1
lance	1
lane	2
language	3
lappeenranta	1
laptop	2
lar	1
large	4
larry	2
laryngitis	1
las	6
lasetjet	1
lash	1
last	23
late	7
latency	1
later	3
latest	5
latin	1
latte	2
latter	1
laugh	3
launch	2
launching	1
launchy	2
laundry	2
law	6
lawn	1
lawsuit	1
lawyer	2
lay	1
layoffs	1
lazy	1
le	1
lead	5
leader	1
leadership	1
league	1
leapord	1
lear	1
learn	11
learning	2
learningtrends	1
least	6
leather	1
leave	14
lecture	2
lecturing	2
lederman	1
lee	1
left	2
left-especially	1
left-handed	1
left-over	1
leftover	1
leg	1
legal	1
legislator	1
leicester	1
leif	1
lemonade	2
lender	2
leno	1
les	1
less	6
lesson	2
let	17
letter	1
lettuce	1
level	1
levine	2
lewi	1
lgbt	2
liar	1
lib	1
liberal	1
liberty	1
libraries	1
library	1
license	2
licensing	1
liderzinho	1
lie	3
life	17
lifehacker	1
lifesize	1
lift	5
liftoff	1
light	4
lightroom	1
like	57
liked	1
likely	2
lil	2
lilac	2
limit	1
limits	1
limo	1
lin	1
lindsay	2
lindsey	1
line	6
lineage	1
linei	1
linen	1
lines	1
link	9
linkedin	2
linux	2
lion	1
liquor	1
lisamac	1
list	9
listen	12
listening	7
listing	1
lit	1
little	11
live	15
livescience	1
ll	4
lmao	3
lmfao	1
lo	1
load	2
loan	2
lobbyists	1
lobster	2
local	2
locate	2
location	1
lock	2
locked	1
log	1
logies	1
logo	2
lohan	4
lol	18
loled	1
london	3
lonely	2
long	21
long-term	1
longer	2
longggggggggggg	1
longing	1
look	46
look-see	1
lookin	1
looks	2
looms	2
loooong	1
lopez	1
lord	3
los	2
lose	7
losing	1
loss	1
lost	1
lot	12
lotsa	1
lotta	1
louisiana	1
love	31
loved	1
lovely	2
loving	3
low	2
lpt	1
lsu	2
luce	1
luck	2
luigus	1
luke	1
lunch	14
lunchbox	1
lunchtime	1
lus	1
lw	1
ly	1
lymph	1
lyricist	1
m	7
ma	2
maar	1
mac	5
macbook	4
macbreak	1
macciato	1
machine	3
macrumor	1
macs	1
madam	1
maddow	1
madness	1
madoff	1
madwoman	1
mag	1
magazine	3
maggie	1
magnet	4
magnetic	1
magnolia	1
magsulat	1
maher	1
mail	3
mailbag	1
mailer	1
main	1
mainstream	1
maintain	1
major	3
majority	1
make	64
makeover	1
makers	1
makes	1
malama	1
malfunction	1
malicious	1
malkin	1
malouf	2
man	16
man-fish	1
mana	1
manage	1
management	2
manager	1
manchester	1
mango	1
manufacturer	2
many	11
map	2
mapquest	1
marathon	1
marc	1
march	3
marcos	1
marcus	1
mariehamn	1
marijuana	1
marilynmonroe	1
marine	1
marist	1
mark	2
mark-to-market	1
market	4
marketer	4
marketers	2
marketing	16
marketing-search-engines	1
marriage	1
marry	3
martha	2
mary	1
mascara	1
mash	1
mashed	1
mashup	1
mask	1
mason	1
massage	2
massive	1
master	4
masterpiece	1
mat---first	1
mateo	2
matress	1
matrix	1
matrixx	1
matt	2
matter	3
mauboy	1
maui	2
maxim	2
maxthon	1
may	28
maybe	11
maybelline	1
mayor	2
mazak	2
mc	1
mcd	1
mchale	1
mclaren	1
mclean	1
md	1
me	76
meal	2
meals	1
mean	13
meaningless	1
means	1
meant	1
measure	1
meat	1
meathead	2
mechagodzillum	1
med	1
media	20
medical	5
medium	2
medpacs	1
meet	6
meeting	5
mega	1
meghan	1
melhor	1
membekal	1
membekalkan	1
member	3
memorial	1
memory	2
memory-whore	1
menace	1
mental	1
mentally	1
mention	3
mentor	1
menyediakan	1
merchan	1
merchant	1
mercus	1
meredith	1
merges	1
merry	2
mesin	2
mess	3
message	6
messed	2
messiah	1
messin	1
messy	2
meta	1
metal	1
metamucil	1
metrics	1
metro	1
mets	1
mexican	1
meyer	1
mgmt	1
miami	2
miamiherald	1
miamus	2
mice	1
michael	7
michelle	2
michigan	2
microblog	1
microsite	1
microsoft	5
mid	2
mid-	1
midatlanticdog	1
middle	1
middleaged	1
midnight	2
mighty	1
miguel	2
mike	3
mikkeli	1
miley	2
miliband	1
milk	3
millennium	1
million	8
millville	1
mime	1
min	5
mind	5
mindboggle	1
mindbus	1
mine	5
mini	1
mini-oatcakes---verily	1
mining	1
minneapolis	1
minnesota	2
minta	1
minus	1
minute	5
minutes	4
mio	1
mipcom	1
misdemeanors	1
misguided	1
misnomer	1
miss	6
mission	1
mistake	3
mistical	16
misty	1
misunderstand	1
miva	1
mix	4
mixed	1
mizrahi	1
mlb	3
mlm	2
mmh	1
mmm	1
mmmm	1
mmmmm	1
mmmmmm	1
mmmmmmmmmmmmmmmmdairyqueen	1
mnpublius	1
mobile	6
mobilecrunch	1
mobuzz	1
mocha	1
mock	1
mode	1
model	2
modem	1
moderator	1
modern	2
moderncat	1
modification	1
modify	2
module	1
moennig	1
mohammad	1
molly	1
mom	6
moment	2
moments	1
momif	1
moms	1
monae	1
monday	5
money	5
monica	1
monitor	1
monitoring	1
monk	1
monkey	1
monkeys	1
monster	1
month	12
mood	1
moons	1
moore	1
moquerie	1
morass	1
moratorium	1
more	59
morning	11
mornington	1
moron	3
morrow	2
mort	1
mortgage	2
moseley	1
mosley	1
mossberg	1
most	17
mostly	3
moteur	1
mother	3
motherfucker	1
motion	1
motionplus	3
motivation	2
motorized	1
move	6
movement	3
movie	12
moving	1
mow	1
mozilla	1
mp	1
mp4	1
mpg	2
mpre	1
mrs	1
mrsa	1
ms	2
msn	1
mtn	2
much	17
mucho	1
muddy	1
muffin	2
mujeres	1
mull	1
mullins	1
multi-tasks	1
multi-venti	1
multiplayer	1
multipoint	1
multus	1
mum	1
murder	1
murfreesboro	1
murray	1
muse	1
museglobal	1
museum	1
music	16
musical	1
musician	1
must	13
mute	1
mutt	1
my	207
myself	5
myspace	2
mysql	1
mysterious	1
myteamrivals	1
mythbusters	2
n	2
n't	89
n95	1
na	1
nada	1
nagawa	1
nahq	1
nail	1
nairns	1
nak	4
nambu	1
name	2
names	1
nap	1
narnia	1
nasa	2
nashviille	1
nashvillians	1
nat	1
nate	1
national	4
nature	1
nc	2
near	3
nearly	2
nectar	1
need	32
needin	1
neg-	1
negative	1
negotiation	1
neighbor	1
neighborhood	2
neil	1
neither	1
nelson	1
nenek	1
neo	5
nervouse	1
net	8
netherlands	1
network	7
networking	6
networks	1
never	10
neverland	1
new	95
newbies	1
newborn	1
newlands	1
news	38
news-	1
newscenter	1
newsday	1
newsletter	1
newspaper	2
newsweek	1
next	16
next-reserve	1
nfca	1
nfl	1
ng	3
nha	1
nice	14
nice-	1
nicely	1
nicer	2
nick	1
nickname	2
night	20
nightmare	1
nihili	1
nik	1
nikita	1
nikki	1
nils	1
nine	1
nintendo	4
nipple	1
nishimoto	2
nit-picki	1
nj	3
nl	1
nne	1
no	33
no-no	2
nobody	1
noerr	1
noite	1
nokium	2
nominate	1
nondenominational	1
none	2
nonsense	1
noobz	1
nop	1
nope	1
nope-	1
norbert	1
norm	1
normal	1
north	3
norway	1
norwegian	1
nossa	1
nostalgia	1
nostalgic	1
not	86
notch	1
note	4
notebook	1
nothin	1
nothing	2
notice	1
novel	1
november	2
novia	1
novogratz	1
novos	1
now	64
np	1
npr	2
nra	1
nsw	1
nuclear	2
nude	1
nueva	1
nuke	3
number	6
nurse	2
nurses	3
nursing	5
nurture	1
nut	1
nutrition	1
nw	1
ny	1
nyt	1
nytimes	1
o	16
o-	1
obama	8
obvious	2
obviously	2
occupy	1
occur	1
october	1
odd	1
oddly	1
odyssey	1
of	294
off	33
offense	1
offer	4
offering	1
offers	2
offertrax	1
office	16
officer	3
official	4
officially	4
offspring	1
often	2
oh	19
oil	2
oiled	1
ok	10
okay	2
oklahoma	1
old	17
olgas	1
olhando	1
omg	3
on	250
once	11
oncology	1
one	46
one-	1
onion	1
online	10
onlinechristianshopper	1
onlus	1
only	27
ont	1
onto	2
onw	1
oohh	1
oop	2
oopps	1
oops	1
open	5
opener	1
openers---already	1
opening	1
opensim	1
opensource	1
operational	1
operations	2
opinion	4
opportunities	2
opportunity	2
opposite	1
opposition	1
optimization	8
option	1
options	1
or	57
oracle	2
orange	1
orate	1
ord	1
order	7
oregon	3
oreille	1
org	4
organic	1
organisation	1
organize	3
orig	2
original	1
orleans	3
orlewicz	1
orphaned	1
os	2
osama	1
oscars	1
other	19
otherwise	2
ought	3
oulu	1
our	22
ourselves	1
oust	1
ousts	1
out	78
outage	1
outback	1
outdoor	2
outdoors	2
outlet	1
outline	1
outlook	1
outside	4
outstanding	1
outta	2
outweighs	1
oven	1
over	20
overall	1
overground	1
overheard	1
overlap	1
overly	1
overplay	1
overreact	1
overwhelm	1
overwhelmed	1
ovuleus	1
owe	1
own	5
owned	1
owner	4
p	12
p..	1
p.m.	1
p2	8
pa	2
pablo	1
pac	1
pace	2
pacific	1
pack	3
package	1
packaging	2
packed	1
pacman	1
page	12
pain	2
paint	1
painting	3
paire	1
pakistan	1
pal	1
palo	1
pan	1
panamera	1
panda	1
panel	3
panic	1
pants	1
papa	1
paper	6
papers	1
par	1
parent	7
paris	3
park	8
parmesean	1
parrot	1
part	8
parteibuch	1
particip	1
partner	1
party	15
pass	5
passion	3
past	4
paste	1
pasture	1
patch	1
path	1
pathology	1
patience	1
patient	4
patrick	1
patriots	1
pats	1
paul	2
pause	1
paw	1
pay	2
pc	3
pcm	1
pda	1
peace	5
peak	1
peek	2
peer	1
pen	1
penis	1
pensando	1
people	23
people-strategist	1
pepper	1
per	2
perception	1
perennial	4
perfect	7
performance	3
perhaps	2
periodic	1
perkhidmatan	1
perlin	2
person	5
personal	2
personality	2
perspective	1
persuade	1
perv	1
pesce	1
pet	1
peta	2
peter	2
petrol	1
pettersen	1
pf	1
pfpfpf	1
pharmacy	1
phb	1
phenomenally	1
phenomenology	1
phew	1
phil	2
philad	1
philippines	1
philly	3
philo	1
phish	1
phoenix	3
phone	8
photo	8
photograph	1
photoimpact	1
photomatix	1
photoshop	1
php	1
physically	1
piano	1
pic	3
pick	7
picket	1
pickup	1
pickups	1
pict	1
picture	7
pictures	1
pie	1
piece	2
piehole	1
pigtailed	1
pijacych	1
pill	1
pillow	2
pillowfight	1
pin	1
pink	1
pirate	2
pirates	3
piratpartiet	2
pistachio	1
pit	1
pizossibly	1
pizza	5
place	11
placer	1
places	1
plan	10
plane	1
planet	1
planning	2
plans	2
plant	2
plate	2
platform	3
platinum	1
play	41
player	2
playin	1
playing	1
playlist	1
plea	1
plead	1
pleasant	1
please	9
pleased	1
pleasure	1
pleaze	1
plenty	3
pls	2
plug-in	1
pluge	1
pluggin	1
plugin	3
plugins	1
plum	1
plus	2
plw	1
plz	1
pm	14
pms	1
pocast	1
pocket	1
podcast	5
podcasts	1
poetic	1
poetry	1
point	4
points	1
poison	1
pol	1
police	4
policeman	1
policy	1
political	1
politics	2
poll	1
pond	7
ponder	2
pono	1
pontificator	1
pool	3
pooped	1
poor	1
pop	1
pope	1
popular	1
popularity	2
pori	1
pork	4
porsche	1
portable	1
pos	1
pose	3
position	1
positive	1
poss	1
possible	3
post	40
post-	1
poster	2
postmark	1
potato	1
potential	1
potluck	1
potter	2
potts	1
pound	1
pour	1
poverty	1
powell	1
power	9
powerful	1
powertwitter	1
pownce	1
pozytywce	1
pp	1
ppb	1
ppl	2
pr	6
practical	1
practice	4
prank	1
prawn	2
pray	1
prayer	1
pre-pay	1
preach	1
predict	1
predictably	1
prediction	2
prefer	1
preferably	1
pregnant	1
preictably	1
premarital	2
premiere	1
prentice	1
prep	1
prepare	3
prescott	1
preseason	1
present	2
presentation	3
presently	1
presidency	1
president	4
press	5
pressured	1
presumed	1
pretty	11
prevail	1
preview	1
previous	1
previously	2
price	5
primarily	1
prince	1
principles	1
print	2
printer	2
prints	1
priore	1
prism	1
privacy	1
pro	2
probably	7
problem	4
process	2
procrastinate	1
procreate	1
produce	1
product	4
production	2
productive	1
prof	1
professional	1
professor	2
profile	5
profit	1
profound	1
proftpd	1
program	4
programs	1
progress	2
progressive	1
prohiphop	1
proiud	1
project	13
projection	1
prom	1
promise	3
promo	1
proof-of-work	1
properly	2
property	2
proposal	1
protest	5
protesters	1
proud	1
prove	2
proven	1
proverb	1
proverbial	1
provocative	1
pseudo	1
psychotic	1
pt	1
pti	1
pts	1
pub	2
public	4
publication	1
publish	1
puke	2
pulaski	1
pulled	1
pumkin	1
pump	1
pun	1
punishment	1
punk	1
puppy	2
purge	1
purple	3
push	2
pussycat	1
put	11
putra	3
putrid	1
puzzle	1
pwnd	1
q	1
qb	1
qedwikus	1
qotd	1
qs	1
quad	1
quality	2
quantum	1
quarter	2
quarter-final	1
quartet	1
que	1
quebec	1
quentin	2
quesadilla	1
question	3
quick	1
quickest	1
quicksilver	2
quid	1
quietly	1
quinoa	1
quit	4
quite	3
quiz	1
quote	3
r	7
race	1
rachel	1
racial	2
racism	2
racketball	1
racquetball	1
rad	1
radicals	1
radio	2
radiohead	1
radiology	1
rag	1
rail	4
rails	6
rain	10
rainy	1
raise	3
raisin	1
rake	1
raley	1
rally	1
ram	1
ramsey	1
randolph	1
random	2
randomly	1
randomness	1
rangers	1
rank	1
rant	1
rapid	1
rascal	1
raser	1
rate	3
rather	5
rating	1
rationalize	1
ravi	1
raw	1
ray	1
razor	1
rca	1
re	6
re--	1
re-formating	1
re-learning	1
reach	3
reaction	1
read	45
reader	3
reading	8
readme	1
ready	10
reagan	2
real	17
real-time	1
realise	1
reality	1
realization	1
really	30
realm	1
realness	1
realtime	2
reason	7
reasor	1
rebels	2
rebuild	1
rec	1
receive	3
recent	4
recession	2
recessionary	2
recipe	2
reckon	1
recliner	1
recognize	1
recommendation	2
recommended	1
reconnect	1
record	2
recording	1
recover	3
recovery	2
recruit	5
recycle	1
recycling	1
red	17
redirect	1
redman	1
reference	2
references	1
reflect	1
reform	1
refuse	2
reg	1
regan	1
regardless	1
regents	2
reggae	1
regional	1
regionalism	1
register	2
registration	1
regret	1
regretting	1
regularly	1
rehearsal	1
relate	2
relation	1
relationship	8
relative	2
relax	4
relay	1
release	8
releno	1
relent	1
relevant	1
relief	1
religion	1
religious	1
remain	1
remake	1
remark	1
remember	8
rememvberd	1
remind	1
reminder	2
remixes	1
remodel	1
remote	1
remove	2
removing	1
renaissance	1
rename	1
rental	1
renunciando	1
repair	1
repeat	1
replace	1
reply	2
report	9
reporter	3
reporting	1
reports	1
repository	1
repot	1
repressed	1
reps	1
reptile	1
reputation	1
reqcode	1
request	1
require	2
required	2
requisition	1
rerun	1
rescession	1
rescue	1
rese	1
research	13
researcher	2
researching	1
resend	1
reset	1
residency	1
resistance	1
resolution	1
resort	2
resorts	1
resource	1
resp	1
response	2
responsibility	1
rest	5
resting	1
reston	3
restriction	1
result	7
results	1
resume	1
resurrect	1
retarded	1
retention	1
retention-	1
retreat	1
retro	2
retromodo	1
return	2
retweet	3
reunion	1
reunit	1
reuters	1
revelation	1
reverse	1
revert	1
review	3
revive	1
revolutionary	1
reward	1
reyes	1
rhino	1
richard	1
richmond	3
rid	2
ride	7
ridiculous	2
rifkind	1
righ	1
right	19
right-wing	3
rights	3
rightw	1
rihanna	1
ring	2
ringing	1
ringl	1
ringtone	1
rio	2
ripple	1
rise	2
risk	3
rn	2
roadhouse	1
roadmap	1
roadtrip	1
roanoke	1
robber	1
robert	1
robinson	1
robot	1
rock	6
rocker	1
rocketboom	1
rockin	2
roi	1
roky	1
roll	1
rollingstone	1
romania	2
romanus	1
rome	2
ron	1
room	7
root	2
rory	2
rosanne	1
rose	1
rospars	1
rotate	1
roth	1
round	3
rovaniemi	1
row	1
rowland	2
royals	1
rspec-installed	1
rss	6
rt	94
rub	1
ruby	7
rugby	2
rule	2
rum	1
rumor	3
run	13
run-	1
runner	1
runway	2
rural	1
rus	1
russell	1
russian	1
rwanda	1
ryukyu	1
s	11
sa	2
sabrina	2
sachs	1
sack	1
sad	1
saddest	2
sadistic	1
sadly	1
sae	1
safari	1
safe	2
safest	1
safety	1
sahabat	1
sailing	1
saints	3
saja	1
salad	1
salam	2
sale	3
salem	1
salesforce	1
salvador	1
salvage	1
sam	1
same	6
sami	1
sammi	2
sample	1
san	8
sanction	1
sand	1
sandwich	5
sanjay	1
sans	1
santa	2
sar	1
sara	1
sarah	1
sarcasm	1
sarcastic	1
sassy	1
satc	1
saturda	1
saturday	4
sauce	1
save	2
savin	1
savonlinna	1
saw	1
say	38
saya	2
sb	1
sbs	3
sc	1
sc-talk-show	1
scaffold	1
scalp	1
scare	1
scenario	1
sched	1
schedule	4
schedule-makers	1
schmidt	1
scholarly	1
scholarship	1
school	12
sci-fi	1
science	5
scintillate	1
scorch	1
scotland	1
scrabulous	2
scramble	2
scratch	1
scream	1
screen	1
screening	2
screenings	1
screenplay	2
screwdriver	1
screwup	1
script	1
scripting	1
scrivere	1
sd	1
sdk	1
se	2
sea	1
seamlessly	1
sean	1
search	18
searchlight	1
season	7
seat	1
seaweed	1
second	5
secondary	1
secondlife	1
secret	4
secretly	1
secrets	1
section	2
secure	1
securely	1
security	1
sedar	1
see	47
seek	4
seem	13
seemingly	1
sega	1
seize	1
select	3
selection	1
self	2
self-interest	1
sell	2
seller	1
sem	1
semanar	2
semester	1
semi-manual	1
seminar	3
semua	1
senate	4
senator	1
send	20
sending	4
senior	2
sense	3
seo	3
separate	2
ser	1
serendipitous	1
sergeant	1
serial	2
series	1
serious	3
seriously	4
serve	1
server	4
servers	1
service	4
services	1
servitude	1
sesame-street	1
session	5
sessions	1
set	14
seto	1
setting	1
settle	2
setup	1
several	1
severe	2
sex	2
sexuality	1
sexxy	1
sexy	1
sf	1
shade	1
shake	4
shakeup	1
shall	3
shame	1
shankar	1
shape	2
share	5
shared	1
sharepoint	1
shares	1
sharks	1
sharma	1
sharon	1
shave	3
shaw	1
shawl	1
she	12
sheeeeeesh	1
sheep	2
shepard	1
sheree	1
sherk	1
shift	1
shine	2
shirt	7
shirted	1
shit	8
shiv	1
shoe	2
shoot	1
shooting	1
shop	2
shopping	8
short	4
shortage	2
shorten	3
shorter	2
shortly	1
shot	2
shotted	1
should	23
shoulda	1
show	19
shower	1
showered	1
showing	1
shoyu	1
shrek	1
shrug	1
shut	6
sibling	1
sick	7
sickness	1
siebel	1
sigh	2
sight	2
sign	11
signage	1
signal	2
signals	1
significant	2
signing	5
silence	1
silent	1
silky	1
silver	1
silversun	1
similar	1
simon	3
simple	4
simply	2
simpson	1
since	6
sincerely	1
sing	6
singapore	2
singer	2
singing	1
single	2
sissor	1
sister	2
sit	16
site	13
sites	2
six	3
size	1
skate	1
sked	1
sketchy	2
skid	1
skill	3
skilled	1
skip	1
skips	1
skoll	1
skrocki	3
skulduggery	1
skull	1
sky	1
skydrive	1
skype	5
slab	1
slam	1
slay	1
sleek	1
sleep	15
sleepy	2
sleet	1
slip	1
slipping	1
sloppy	1
slot	1
sloth	1
slow	3
slowly	1
slows	1
sluggish	1
sm	1
small	6
smart	1
smeargate	1
smile	1
smith	2
smoke	1
smoooooth	1
smooth	2
smoothie	1
sms	2
snaek	1
snicker	1
sniffle	1
snort	1
snow	4
snug	1
so	76
soak	1
sobule	1
soc	1
soccer	1
social	22
socialize	1
societal	1
society	1
sofa	2
soft	2
softball	2
software	3
sol	1
solar	2
soldier	2
solid	1
solo	1
solution	2
somali	1
somalia	1
some	44
somebody	3
somehow	1
someone	10
something	11
sometimes	1
somewhere	1
son	1
song	13
songsmith	1
sony	1
soo	2
soon	9
soothing	1
soprano	1
soros	1
sorry	11
sort	4
sound	7
soundscan	1
source	5
sourceforge	1
sources-	1
sourcing	3
south	4
southoz	1
sox	2
space	6
spacey	1
spare	1
sparse	1
sparta	1
speachless	1
speak	3
speakerphone	2
special	6
specially	1
specifically	1
spector	1
speech	3
speed	1
speier	1
spell	2
spellbind	1
spelt	1
spend	5
spending	1
spent	1
spiced	1
spin	1
spindaily	1
spine-tingling	1
spinning	3
spirall	1
spirit	3
split	1
spm	1
spock	1
spoil	2
spongebob	1
sponsor	1
sporadically	1
sport	5
sports	1
spot	4
sprain	1
spread	3
spreadsheet	3
spree	1
spring	7
springfield	1
sprint	1
sqeuaze	1
sql	1
square	2
squash	1
stab	1
stacey	1
stadium	2
staffer	1
stage	4
stainless	1
stalk	1
stalker	1
stall	1
stand	3
stander	1
stanger	1
star	8
starbuck	1
starbucks	4
starby	1
start	11
starter	1
startup	1
state	8
statehood	1
states	9
station	2
statue	1
status	3
stay	8
ste-	1
steal	1
steel	1
stelde	1
step	7
stephanie	1
stephen	2
steve	3
stewart	1
stick	5
stijn	1
stiletto	1
still	23
sting	1
stink	1
stock	2
stone	1
stop	7
stopthepikehike	1
storage	1
store	4
stories	1
storm	2
story	8
story-telling	1
straight	2
strain	1
strange	5
stranger	1
strategic	1
strategy	2
strawberry	1
streamline	1
street	4
streetlight	2
streets	1
strength	1
stress	2
stretched-out	1
strike	2
string	1
strip	1
stroke	1
strom	1
struggling	1
stubby	1
stuck	2
student	5
studio	3
study	10
studyin	1
studying	3
stuff	13
stumble	1
stumbled	1
stupid	2
style	6
stylehive	1
stylist	1
stylus-	1
subject	1
submarino	1
submerged	1
submission	1
submit	1
subscribe	3
success	1
successful	1
such	6
suck	1
sucker	1
suckin	1
sucks	1
sudafed-still	1
sudbury	1
sudden	1
sue	1
sugar	2
suggest	2
suggestion	1
suhweet	1
suit	3
suite	1
sulk	1
summer	4
summit	1
summits	1
sums	1
sun	9
sundance	2
sunday	3
sunny	3
sunshine	5
super	6
superbug	1
supper	2
support	15
suppose	1
supposedly	1
supreme	1
supreme-host	1
suprise	1
sur	1
sure	9
surf	3
surfboard	1
surfin	1
surgeon	1
surgery	1
surprise	2
surprisingly	1
surrounds	1
survey	1
surveyors	1
susan	9
sushi	1
suspend	1
suspension	1
suv	1
svn	1
swahili	1
swam	2
swarm	1
sweat	1
sweaty	1
sweden	1
sweet	6
sweetie	2
swimming	3
switch	7
sydney	1
syndrome	1
synth	1
system	5
systems	3
t	10
t-	1
t-shirt	2
t-shirts	1
table	2
tablet	1
tacate	1
tag	3
tahu	1
tail	1
tak	1
take	41
talent	6
talk	20
tally	1
tamworth	1
tank	1
taptcp	1
tapus	1
tarantino	2
tarde	1
target	4
tarp	1
task	1
taste	4
tasty	1
tate	1
tatiana	1
tattoo	2
tax	11
taxation	1
tb	1
tbd	4
tea	12
teabag	4
teacher	3
team	9
tearing	1
teaser	1
teasers	1
tebow	1
tech	2
technical	2
techniques	1
technologies	1
technology	1
ted	1
tedious	1
tedtalks	1
teen	1
teenage	1
teenager	1
teksystems	2
telapia	1
teleconf	2
tell	15
tells	1
telstra	1
temperature	1
ten	2
tennant	1
tennessee	1
tennis	1
teraace	1
term	1
terrace	1
terrible	2
terrify	1
test	16
tested	1
testimonial	1
testing	11
tevee	1
tevin	1
texas	3
text	2
th	3
tha	1
thailand	1
than	22
thank	7
thankful	1
thanks	21
thanx	3
that	143
thats	1
the	692
theatre	1
thecrowds	1
their	12
them	21
theme	2
themselves	1
then	21
theology	1
theonion	1
theory	2
therapy	1
there	36
therock878	13
these	10
thesis	1
they	35
thing	30
think	57
thinkgeek	1
thinkig	1
thinking	6
third	1
this	97
thisis	3
thissss	1
thom	1
thomas	4
those	12
though	5
thought	2
thoughts	3
threat	2
three	11
thriller	1
thro	1
throat	2
through	10
throw	3
thru	2
thu	1
thundercats	1
thursday	3
thus	1
thx	2
ti	2
tibet	1
tibetan	1
tibetans	1
ticket	3
tie	1
tiger	1
til	1
tim	1
timbaland	1
time	50
timer	1
times	4
timetoast	1
tingle	1
tiny	1
tinyurl	1
tips	1
tired	7
tissue	1
tivoed	2
tix	2
tm	1
to	615
tobacco	1
today	45
todoist	1
toed	1
tof	1
tofu	1
together	5
toilet	2
tolong	1
tomorrow	20
ton	1
tonig	1
tonight	19
tonite	3
too	31
took	1
tool	6
toolkit	1
top	8
topic	5
torrent	1
torrentfreak	1
torture	1
toshiba	1
totally	4
touch	1
tough	2
tour	7
tourism	1
towards	1
tower	1
town	1
toxic	1
tra	1
track	8
tracking	1
trade	3
trader	1
trading	6
traffic	7
trafficker	1
trail	1
trailer	2
trailers	1
train	8
training	12
trait	1
trance	5
transfer	2
transit	2
transition	2
transpo	1
travel	10
travels	1
traversal	1
treadmill	1
treasury	1
treat	3
treatment	1
treats	1
tree	2
trek	1
tremor	1
trench-evrythng	1
trend	1
tribune	1
tribute	1
trick	1
tried	1
trip	8
trips	1
trouble	3
trout	4
truck	1
true	3
truly	2
trump	1
trust	1
truste	1
trusty	1
truth	2
try	33
tu	1
tube	1
tuesday	4
tuesdays	1
tuition	1
tumblr	1
tuna	1
tuned	1
tuning	1
turkey	6
turn	11
turner	1
turnpike	1
tv	27
tv-turner	1
tweens	1
tweet	18
tweetdeck	5
tweets	2
twenty	1
twhirl	1
twiiter	1
twirl	1
twist	2
twit	1
twitbin	1
twitpic	1
twitted	1
twitter	100
twitter-fam	1
twitterholic	1
twitterim	1
twitterlings	2
twitters	1
twittersphere	1
twitting	1
twittr	1
twizzler	1
two	14
two-day	1
twttr	1
ty	1
tyler	1
type	10
typeface	3
typical	1
typically	1
typo	1
tyranny	2
u	12
uae	1
ub	2
ubuntu	1
uf	1
ug	1
ugh	2
uh	2
uh-oh	1
ui	1
uk	1
ulster	1
ultimate	2
ultimately	1
ultra-skinny	1
um	1
umbrella	1
un	2
una	1
unacceptable	1
unanimous	1
unbelievable	1
uncensoring	1
uncle	2
unconfirmed	1
under	2
underestimate	1
underground	1
undersea	1
understand	4
undignified	1
une	2
unemployment	2
unfamiliar	1
unfollow	2
unfortunately	1
unhappiness	1
union	1
unique	1
unit	2
united	10
unity	1
univ	1
universal	1
universe	2
univesit	1
unknown	1
unleash	1
unlike	1
unlikely	1
unm	1
unplugged	1
unreliable	1
unscientific	1
unsuccessful	1
unsuccessfully	1
untested	1
until	4
up	85
upa	1
upcom	1
update	22
updated	1
updates	2
updating	1
upon	2
uppercut	1
uproariously	1
ups	1
upside	1
ur	1
urban	1
urge	1
url	108
us	16
usa	1
usability	1
usb	1
usd	1
use	27
user	4
usual	1
usually	1
utah	1
utility	2
utterly	1
utube	1
v	3
v-box	1
v-machine	1
v-rack	1
va	8
vacation	1
vachon	1
vague	1
valentine	3
validate	1
valley	1
valleywag	1
value	1
valve	1
vampire	1
van	3
vanilla	1
variety	2
vatican	1
vb	1
ve	1
vegas	8
vegetarian	1
vehicle	1
vei	1
velocity	1
vencedores	1
vene	1
venho	1
venti	1
venture	1
ventus	2
venue	1
venus	1
verdade	1
verizon	1
vernal	1
verry	1
version	2
vertigo	1
very	23
vessel	1
vest	1
veut	1
vhqc	1
via	15
vibrator	1
victor	5
video	24
videos	2
view	1
viewer	1
vignes	1
vim	1
vincent	1
vinegar	1
vintage	2
violations	1
violence	3
virginia	1
virtua	1
virtual	2
virtue	1
vision	1
visit	9
visitor	1
vista	5
vistronix	1
visua	1
visualized	1
vita	1
vitale	1
vivisimo	1
vnc	2
vod	1
vodpod	2
vogue	1
voice	4
voiceless	1
volpi	1
volt	1
vonnie	1
voor	1
vote	4
voto	1
vp	2
vs	1
vw	1
w	7
w00t	2
wa	2
waaaaaaaay	1
wabbit	1
wacky	1
wahm	1
wahooooo	1
waist	1
wait	17
waiting	6
waitng	1
wake	4
waking	1
wale	1
walgreen	1
walk	4
walkabout	1
walker	1
wall	6
wallet	1
walsh	1
wamu	1
wander	1
wang	1
wangle	1
want	31
wanting	1
wants	3
wardrobe	1
warga	1
warm	5
warning	2
warped	1
warren	1
wars	1
warzone	1
wash	1
washington	1
waste	1
wasting	2
watch	64
watchdog	2
watched	1
watching	1
water	5
watering	1
watershed	1
wave	1
way	27
we	57
wealth	1
wear	4
wearable	1
weasel	1
weather	11
web	27
web-development	1
web2.0	1
webapp	1
webeo	1
webex	1
webinar	6
weblog	1
webpage	1
website	15
wed	1
wedding	2
wednesday	1
wee	1
weeee	1
weeeeeeeeeeeeeeeeeeeeeeeeeeeeeeeeeeeeeeeeeeeeeeee	1
week	21
weekend	9
weekly	3
weigh	1
weight	2
weird	1
weirdly	1
wel	2
welcome	7
well	20
welsh	2
wenger	1
weqxmusic	1
were	1
werner	1
west	5
westchester	1
wet	1
what	59
whatcha	1
whatever	1
wheel	1
wheelchair	1
when	29
whenever	3
where	14
whether	4
whew	1
which	7
whil	1
while	9
whip	4
white	7
who	32
whole	4
wholeheartedly	1
whom	1
whoo	1
whoops	1
why	42
wich	1
wide	2
widget	4
wife	1
wifi	2
wifus	3
wii	6
wiimote	1
wikipedia	1
wild	5
wildsingapore	1
wilkins	1
wilkinson	1
will	74
williamsburg	1
willy	1
wimax	1
win	15
wind	1
winding	1
window	2
windows	2
windowside	1
winds	7
windy	1
wine	4
wing	3
wink	2
winner	3
winter	3
wire	1
wired	2
wireframe	1
wireless	4
wirelessly	1
wish	7
wishing	1
wishlist	1
wisin	1
wit	1
with	114
within	1
without	8
witness	1
wius	1
wizards	1
wloszczowa	1
wnw	2
wo	4
woe	1
wolf	1
woman	7
women	2
wonder	11
wondering	3
wonka	1
wont	1
woo	1
woodward	1
woof	1
wooohooo	1
woooohooo	1
woot	1
word	9
wordpress	2
wordt	1
work	107
workflow	1
workforce	1
working	13
workout	1
workplace	1
works	1
workshop	1
world	19
world-class	1
worm	1
worry	2
worse	1
worship	2
worst	2
worth	6
woud	1
would	22
wow	10
wrap	1
wreak	1
wrist	2
write	20
writer	1
wrong	7
wsj	1
wtf	1
wtg	1
wut	1
wuth	1
wwf	1
www	1
x	12
xbox	1
xd	2
xsl	2
xy	2
y	3
ya	6
ya-ha	1
yaaa	1
yaaaaaaay	1
yaay	2
yahoo	3
yandel	1
yang	1
yankee	1
yankees	1
yanni	1
yard	1
yardwork--	1
yda-discuss	1
ye	1
yeah	14
year	30
year-old	1
yearly	1
yeeeeeeear	1
yeeha	1
yeh	1
yell	1
yep	1
yes	15
yesterday	8
yet	4
yidish	1
yipeeeeee	1
yoga	1
york	6
yorkshireman	1
you	194
young	2
your	65
yours	1
yourself	1
youth	1
youtube	3
youuuu	1
yr	2
yrs.	1
yu	1
yuletide	1
yum	3
yuo	1
yup	1
yusuf	1
z	2
zac	1
zappos	1
zdrowie	1
zealous	2
zeitgeist	1
zero	1
zeropaid	1
zhena	1
zig	1
ziglar	1
zinc	1
zippy	1
zoetrope	1
zombiepocalypse	1
zomg	1
zoo	1
zooey	2
zoom	1
zoomi	2
zootoo	1
zoya	1
zzzzzzzzzzzz	1
zzzzzzzzzzzzzzzzz	1
{	1
|	35
}	1
~	15
£	1
£3.90	1
£350	1
£8.10	1
§	4
©	5
ª	7
¬	38
®	5
°	3
±	3
´	1
äã	1
äãjudith	1
äî	2
äôt	1
äû	4
üarkƒ	1
üƒ	1
‚	11
†	9
™	1
∏	8
√	17
∞	4
∫	4
≈	2
≠	1
≥	1
