!	1
"	20
$	16
&	2
(	152
)	152
,	1587
-	53
.	1321
/	4
000	21
020	1
064	1
095	1
1	10
10	29
100	3
1000	1
109	1
1099	1
11	2
1108	1
113	3
1150	1
116	1
1187	1
12	5
120-passenger	1
1200	1
1204	1
122	1
1228	1
1229	1
1234	2
1244	1
1279	1
13	2
1300	1
1309	1
1368	1
1380	1
14	2
140	1
1453	1
1480	1
149	1
14th	1
15	4
150	3
1500	2
1513	1
1517	1
1522	1
1524	1
1557	1
1566	1
1576	1
1580	1
16	3
1622	1
1644	1
165	1
167	1
17	4
1715	1
1770	1
1774	1
1783	1
17th	4
17th-century	1
18	3
18-hole	1
1800	1
1821	1
1829	1
1835	1
1844	2
1847	1
1849	1
1855	1
1858	1
1860	1
1865	2
1866	1
1870	1
1874	1
1888	1
1890	1
19	5
1903	1
1904	2
1905	3
1906	1
1909	1
191	1
1912	1
1915	1
1917	3
1920	1
1922	1
1923	1
1925	1
1926	1
1930	1
1931	3
1933	1
1935	2
1940	3
1941	1
1943	1
1945	2
1946	2
1947	2
1948	1
1949	2
1950	1
1952	1
1957	1
1958	1
1960	3
1966	1
1967	2
1970	1
1974	1
1975	1
1980	1
1982	1
1990	1
1990s	2
1995	1
1997	1
1998	1
1999	3
19th	5
19th-century	1
2	11
20	5
200	5
2000	2
2001	1
2058	1
20th	1
21	3
2180	1
22	2
220	1
221	1
23	2
230	1
2317	1
235	1
23rd	1
24	3
24-hectare	1
244	1
247	1
25	5
250	1
2508	1
2525	1
2542	1
2570	1
260	1
268	1
2700	2
2812	1
2817	1
2832	1
2859	1
288	1
29	1
2987	1
3	7
30	13
30-ft	1
30-year-long	1
300	2
3000	3
305	1
3081	1
31	1
32	2
326	1
330	1
332	1
3333	1
336	1
34	2
35	1
3500	1
36	1
37	1
398	1
4	6
40	4
400	2
4000	1
401	1
423	1
43-mile	1
431	1
45	3
45-minute	1
450	1
454	1
47	1
475	1
480	1
490	1
5	13
50	4
500	1
5000	1
515	1
52-story	1
539	1
54	2
55	4
587	1
6	21
60	3
60-acre	1
600	1
614	1
6168	1
627	1
629	1
63	1
638	1
640	1
65	1
66	3
68	2
69-km	1
691	1
7	7
70	4
700	1
7000	1
701	1
7070	1
71	1
715	1
72	4
7273	1
74-story	1
75	1
76	1
77	1
776	1
7777	1
78	1
8	5
80	5
800	2
810	1
8188	1
82	1
83	1
8350	1
86	1
88	2
89	1
9	7
9-hole	1
92	1
934	1
94	1
95	1
957	1
960	2
97	1
98	1
99	1
:	36
;	103
?	2
a	550
a-ma	3
abandon	2
abbey	1
aberdeen	3
ability	1
able	3
aboard	3
abound	1
about	22
above	5
abraham	2
absorb	2
abstemious	1
absurd	1
academy	3
accept	1
access	3
accessible	2
accessory	1
accident	1
acclaimed	1
accommodate	2
accommodation	2
accompany	1
accomplishment	1
accord	2
account	2
accustomed	1
achieve	5
acoustic	1
acquire	1
acquisitive	1
acre	6
across	18
act	1
action	5
activity	4
actual	1
actually	3
add	4
addition	3
additional	3
additionally	2
address	1
adept	1
adjacent	3
adjoining	1
administer	2
administration	1
administrative	1
administratively	1
admiralty	1
admire	2
admission	11
adobe	1
adorn	3
adult	6
advance	4
advanced	1
advancement	1
adversary	1
advisable	1
advise	1
aegean	22
aelium	2
aerial	1
afford	1
afloat	1
africa	2
african	1
after	17
afternoon	2
again	6
against	10
age	14
ages	1
aggravate	1
ago	3
agree	1
agreement	2
agricultural	2
agriculture	1
agular	1
aid	2
aim	2
air	4
air-conditioned	2
airfield	1
airline	1
airmail	1
airman	1
airport	4
akrotirus	3
aksa	1
aladdin	2
albert	2
alcohol	1
alertness	1
alexander	4
alike	1
alive	3
all	61
all-night	1
all-risk	1
allegiance	1
alleviate	1
alley	1
alleyway	1
alliance	2
allotted	1
allow	3
alluring	1
ally	2
almei­da	1
almost	16
alone	1
along	23
alongside	2
already	4
also	53
altar	2
alternate	1
alternative	1
alternatively	1
although	13
alvares	1
alway	2
always	10
amah	1
amalgam	1
amateur	1
ambience	1
ambition	2
ambitious	1
amenity	2
america	4
american	5
amid	2
amizade	1
among	10
ample	2
am–	21
am–midnight	1
an	100
anasazi	5
anatolium	1
anatural	1
ancestral	4
anchor	1
ancient	9
and	754
andrea	1
andro	1
angeles	4
angeles–	2
anger	1
angle	1
anglican	1
animal	1
animosity	1
announce	1
annual	2
another	10
answer	1
antenna	1
anti-historical	1
antiparo	2
antique	11
antiques	2
antiquity	2
antonium	1
antony	1
anxious	1
any	14
anyone	2
anything	5
anywhere	2
ap	1
apart	1
apartment	6
apermake	1
aphrodite	1
apologize	1
appallingly	1
appeal	4
appear	2
appetite	1
appreciate	1
approach	6
appropriate	1
approximately	2
april	4
aptly	1
aquarium	1
arab	6
arabic	2
archaeological	1
archaeologist	1
archaeologists	1
archaeology	1
archaic	1
archaics	2
arched	1
archibald	1
archilocho	1
architect	1
architectural	3
architecture	7
archway	1
area	32
arena	1
argument	1
ark	2
arm	2
armenian	1
armistice	2
armory	1
army	4
around	27
arouse	1
arrange	1
array	1
arrest	1
arrival	2
arrive	12
arriving	2
art	20
artesian	1
article	1
artifact	3
artificial	1
artisan	2
artist	4
artistic	3
arts	8
as	126
ascend	1
ascended	2
ash	1
ashley	1
ashore	1
asia	5
asian	3
asium	4
ask	8
aspect	1
aspiration	1
assemble	1
assist	1
associate	2
association	2
assortment	1
assume	2
assure	2
assyrian	1
astrologer	1
astronomical	1
at	118
ataturk	1
athen	12
athenian	1
atherton	1
athletic	1
atmosphere	4
atrium	1
attack	3
attempt	5
attend	2
attention	1
attitude	3
attract	6
attraction	11
attractive	3
attribute	2
auction	3
audio	1
audio-visual	2
auditorium	1
august	2
aussie	1
austin	1
australian	1
australium	1
authentic	1
authentication	1
authenticity	1
authority	7
authorize	1
automatic	1
autonomous	1
autumn	2
available	7
avenida	4
avenue	2
average	1
aviary	1
avoid	2
aw	2
awaken	1
award	1
aware	2
away	8
azalea	1
azulejo	1
b	35
baby	1
babylon	2
babylonian	1
bacalhao	1
baccarat	1
back	5
backlash	1
backwater	2
baked	1
balance	1
balcony	1
balfour	1
balkan	1
ball	1
ballet	1
ballet-like	1
balloon	1
balm	2
balustrade	1
bamboo	4
bamboo-and-paper	1
banana	1
bananas	1
band	1
bank	4
banquet	1
banyan	4
bar	14
barb	1
barbaric	1
bargain	10
bargaining	2
baroque	1
baroque-style	1
barra	1
barracks	1
barrel-vaulted	1
barrier	1
barrow	1
bars	1
base	8
basement	1
basic	2
basque	1
bastion	1
bat	1
battery	1
battle	1
bauhinium	1
bay	30
be	822
beach	12
beaches	1
bear	5
beaten	1
beautiful	8
beautifully	2
beauty	2
because	7
beckett	2
become	34
before	19
begin	30
beginning	5
behind	7
beijing	2
believe	3
bell	1
bellagio	3
belong	4
beloved	1
bench	2
benchmark	1
beneath	1
benefactor	1
beneficial	1
benefit	2
benjamin	1
bent	1
beside	2
besiege	1
best	7
best-known	1
bestowed	1
bet	4
beth	1
better	6
betting	1
between	13
beware	1
beyond	3
bible	5
biblical	4
bid	1
big	9
big-city	1
bigger	1
biggest	3
billion	1
billionaire	1
bingo	1
binoculars	1
bird	4
birds	1
birdwatch	1
birthday	1
birthplace	1
bishop	1
bit	2
bite	1
bitterly	1
black	2
blackjack	1
blatant	1
blend	2
bless	1
bling	1
block	11
blood	2
bloody	1
bloom	2
blouse	1
blow	1
blue	5
board	3
boat	12
bob	1
body	2
bolster	1
bone	1
bonham	3
bonsaus	1
bonus	1
book	3
boom	1
boombox	1
booming	1
boomtown	2
boon	2
boost	1
border	4
boss	2
botanical	1
both	19
bouillon	1
boulder	1
boule	1
boulevard	2
bounce	1
boundary	9
boutique	3
bowen	1
box	4
branch	1
brand	1
brave	1
brazil	1
bread	1
break	3
breathtaking	1
breed	1
breeze	1
brew	1
brick	2
bridge	5
bridges	1
brief	3
briefly	1
brigham	1
brightly	1
bring	11
bristle	1
british	11
broad	1
brocades	1
brochure	1
bronze	9
brother	1
browse	1
browsing	1
brutal	1
bubbled	1
bubonic	1
buddha	6
buddhas	1
buddhist	5
budget	1
buff	2
buffalo	1
buffet-style	1
bugsy	1
build	39
builder	1
building	39
bullet	1
bun	3
burgeon	2
burial	1
burn	4
burner	1
burning	1
bus	10
busily	1
business	11
businessman	1
busy	7
but	80
button	1
buy	23
buyer	1
buzz	3
by	154
bypassed	1
byway	1
byzantine	7
byzantium	2
c	36
cable-car	1
cafe	1
cafés	3
cage	2
caine	1
calendar	1
caliber	1
california	2
call	13
calligraphy	2
camera	3
cameras	1
cameron	1
camp	1
campaign	3
campus	2
camões	3
can	52
canaanite	2
canals	1
cani­drome	1
cannot	1
canton	9
cantonese	5
cantonese-speaking	1
canyon	1
capital	9
capitalist	1
capitolina	2
captivated	1
captivity	1
capture	3
car	2
car-racing	1
caravan	1
caravel	1
card	4
care	1
career	1
carefully	3
cargo	1
carnival	1
carpet	2
carpets	1
carry	4
carthage	1
carve	3
carving	5
casa	1
cash	4
cashmere	1
casino	15
castaways	1
castle	3
castletown	1
cat	5
catalyst	1
catch	2
catchment	1
cater	3
cathedral	1
cathe­dral	1
cattle	1
cause	2
causeway	14
cave	3
cd	1
cedar	1
ceiling	3
celebrate	1
celebrated	1
celebration	1
celestial	1
celtic	1
cemetery	1
center	39
centerpiece	1
central	24
centre	6
century	32
ceramic	5
cerco	1
ceremony	2
certain	1
certainly	1
certificate	2
chai	11
chaim	1
chain	3
chair	2
challenge	2
chamber	1
chance	1
chanel	1
change	22
changeable	1
channel	2
chapel	3
chapelwa	1
chapter	1
characterize	3
charge	4
charm	4
chater	1
chatham	2
chatter	1
chau	8
cheap	3
cheaper	4
check	3
checkered	1
checkpoint	1
cheerful	1
chek	1
chen	2
cheng	1
cheoc	1
cheung	8
chi	1
chicken	1
chief	1
child	13
children	2
china	51
chinese	58
chinese-product	1
ching	1
chio	5
chkc	2
choice	3
choose	5
chop	1
chora	1
christ	1
christendom	1
christian	14
christianity	3
chronicled	1
chug	1
chung	4
chuppy	1
church	10
ci	1
cidade	1
cinema	2
circuit	1
circular	2
circumstance	2
citadel	1
citibus	1
city	109
city-state	3
citywide	1
civil	2
civilian	2
civilization	2
claim	3
clan	5
clans	1
clark	1
clash	1
class	1
classic	2
classical	4
classical-style	1
cleanse	1
clear	1
clearly	1
cleopatra	1
cleverly	1
clientele	1
climate	1
climb	4
climber	1
clock	4
clockwise	2
cloistered	1
close	10
closed	1
closely	1
closer	1
clothes	4
clothing	6
cloud	1
club	17
cluster	1
co	1
coast	20
coastal	2
coastline	1
coat	1
coathanger	1
cod	1
coffee	2
coil	2
coin	1
coinage	1
colares	1
cold	1
coliseum	1
collapse	2
collection	17
college	3
coloane	3
colonel	1
colonial	10
colony	4
color	1
colorado	2
colorful	1
col­­o­n­na­­ded	1
combat	1
combination	1
combine	4
come	35
comfortable	3
commanding	1
commemorate	3
commence	1
commerce	2
commercial	2
commodities	1
common	3
commonwealth	1
commotion	1
communist	1
community	7
commuter	4
comp	1
company	12
comparable	1
compare	3
compatibility	1
competition	2
competitive	2
complaint	1
complete	2
completely	3
complex	10
complimentary	1
composer	1
comprehensive	1
computer	1
computer-controlled	1
conceivable	2
concentration	1
concept	1
concern	2
concert	9
concession	1
conclude	1
concourse	1
condemn	1
conducive	1
conduct	1
conductor	1
conflict	1
confront	1
confucian	2
confuse	1
congested	1
connaught	2
connect	4
connection	2
conquer	2
conquered	3
conservative	1
consider	2
considerable	1
consignment	1
consolidated	2
constant	1
constantine	2
constantinople	3
constantly	2
consternation	1
constitute	1
construct	4
constructed	1
construction	11
consulate	1
consult	1
consumer	1
contact	1
contain	13
container	1
contemporary	2
content	2
continue	14
contrast	3
contribute	2
contribution	1
control	9
controll	4
controversy	1
convene	1
convenience	1
convention	3
conversation	1
convert	2
cookery	1
cooking	1
cool	4
copper	1
copy	2
copying	1
corner	1
coronel	1
corporate	2
corporation	2
corridor	1
cost	3
costume	2
cotton	1
could	7
council	2
count	2
counter	3
counter-clockwise	1
counterfeit	1
country	11
countryside	4
county	1
couple	2
course	7
court	3
courtyard	1
cove	1
covenant	1
cover	8
coward	1
craft	6
crafts	1
craftsmanship	1
craftspeople	1
crane	1
crap	1
crawford	1
crc	1
create	14
creative	1
credit	2
creek	1
crescent	1
crete	3
crew	1
cricket	2
crime	1
criminal	1
criticize	3
crop	2
cross	1
cross-country	1
cross-harbor	1
crossroads	1
crosswalk	1
croupier	1
crowd	11
crowded	1
crown	1
crucial	1
crucifixion	4
cruelty	1
cruise	3
crusade	2
crusader	7
cry	1
crème	2
cuisine	2
cul-de-sac	1
cultural	11
culturally	1
culture	15
cultured	1
cup	1
cure	1
curio	2
curiosity	2
curious	2
currency	5
curtain	1
curve	2
custody	1
custom	3
custom-made	1
custom-tailored	1
customer	1
cut	3
cutting	1
cy	1
cyber	1
cyclade	5
cycladic	2
cymbal	1
cyrano	1
d	12
da	3
dai-	1
daily	13
dam	7
damascus	1
damp	1
dance	7
dancing	4
daring	1
dark	2
dart	1
date	5
dave	1
david	8
davidic	1
davis	1
dawn	2
day	24
day-trip	1
daytime	1
de	5
deal	1
dealer	2
dean	1
death	3
debacle	1
decade	2
decatur	1
december	1
deceptively	1
decision	2
deck	1
deckhand	1
declaration	1
declare	2
decline	3
decorate	1
decrease	1
dedicate	9
dedication	3
deem	1
deep	3
default	1
defeat	4
defend	2
defender	2
defense	3
defensive	2
define	1
definitely	2
deity	1
delaney	1
delian	1
delicacy	1
delicate	1
delicious	2
delo	4
deluxe	1
demand	1
demolish	4
demolition	2
demonstration	1
demoralize	1
dense	1
density	2
depart	3
department	8
departures	1
depend	1
dependable	1
depopulated	1
deposit	1
depot	1
des	1
descendant	1
describe	7
desert	11
design	9
designated	1
designer	4
despite	6
destination	5
destine	1
destroy	5
destruction	2
detail	1
determination	1
determine	2
determinedly	1
detour	2
deus	1
devastating	1
devastation	1
develop	5
developed	1
development	8
devote	1
devotions	1
devout	1
dialogue	1
diamond	1
diary	1
diate	1
dice	2
dictate	1
didn	2
die	3
different	4
difficult	1
difficulty	1
diligently	1
diminish	1
dine	3
dining	3
dinner	5
diocese	1
diplomacy	1
direct	2
direction	3
directly	2
directory	1
disappear	1
disastrous	1
discipline	1
disco	1
discount	2
discover	4
discovery	5
discreetly	1
discrimination	1
discussion	1
disease	1
disembark	1
dish	1
disparate	1
display	5
displeased	1
dispute	1
disrupt	1
dissatisfy	2
dissident	1
distance	2
distant	1
distinction	1
distinctive	1
distinctly	1
district	8
divide	7
divorce	1
dizzying	1
do	26
dock	1
document	2
dodecanese	6
dog	3
dollar	4
dollymount	1
dolphin	2
dome	3
dominant	1
dominate	2
domination	1
don	2
donation	1
door	4
doorway	1
dorian	1
dose	2
double-decker	2
down	10
downhill	1
downs	1
downtown	2
dr	3
dragon	1
drain	2
drama	3
dramatic	2
dramatically	2
draw	5
dream	2
dress	1
drink	3
drive	3
driver	3
driveway	1
drown	1
drum	1
dry	4
dub	2
dublin	29
dubliner	1
dubliners	1
duck	2
duck-breeding	1
due	2
duly	1
dunes	1
during	20
dusk	1
dutch	2
duty	3
duty-free	5
dynasty	12
dyna­sty	1
dão	1
each	6
eager	2
ear	1
earlier	1
earliest	3
early	18
earn	1
earring	1
earth	2
earthquake	1
ease	1
easier	1
easiest	2
easily	1
east	34
easter	1
eastern	8
east–	1
easy	6
eat	2
ebb	1
eccentric	1
economic	5
economy	5
edge	1
education	1
edward	2
edwardian	3
effect	3
effective	1
efficient	1
effort	2
egypt	4
egyptian	2
eight	3
eight-day	1
either	1
eject	1
el	1
el-	1
el-aksa	1
elaborate	3
elbow	1
elderly	1
electric	1
electricity	1
electronic	3
electronics	7
elegant	3
elegantly	1
element	2
elgin	1
eliminate	1
elizabeth	2
else	3
elsewhere	6
embalmed	1
embattled	1
embroidered	1
embroidery	1
emerald-green	1
emerge	3
emperor	4
emphasis	1
empire	23
employment	1
enclave	4
enclosure	1
end	23
endeavor	1
endure	2
enemy	1
energy	1
enforce	1
english	5
english-language	2
englishmen	1
enjoy	6
enlai	1
enlist	1
enlivened	1
enormous	5
enough	5
ensure	1
ensured	2
enter	7
enterprise	1
entertain	1
entertainment	10
enthrall	1
entire	1
entirely	1
entrance	2
entry	3
enveloped	1
environment	3
epic	3
equip	1
equipment	7
equivalent	2
era	8
erect	2
erupt	1
eruption	1
escalate	1
escalator	4
escape	5
especially	11
essential	2
establish	3
establishment	3
establishments	1
estate	1
estimate	1
estuary	1
ethnic	1
ethos	1
eu	1
eurasia	1
europe	4
european	14
european-style	1
evacuate	1
evaporate	1
even	14
evening	2
event	4
eventually	4
ever	5
ever-changing	1
every	12
everyone	3
everything	2
everywhere	5
evidence	2
evident	1
evocative	1
evoked	1
evolve	1
ex-pats	3
exact	1
exactly	3
examine	1
example	5
exam­inations	1
excalibur	1
excavate	2
excel	1
excellent	2
excelsior	1
except	1
exception	3
excess	2
exchange	3
excitement	3
exciting	4
exclusive	2
exclusively	1
excursion	6
execute	1
execution	2
exercise	2
exhibit	5
exhibition	6
exhibits	1
exhilarating	2
exile	2
exist	3
existence	2
exotic	4
expand	8
expansion	1
expect	1
expectation	3
expensive	6
experience	4
expert	5
expertise	1
explain	1
exploration	1
explore	2
explored	1
explorer	3
explosive	1
export	1
exporter	1
exposure	1
express	2
expressway	1
extension	1
extensive	1
extent	1
extraordinarily	1
extravagant	1
extravaganza	1
extremely	3
eye	2
eye-popping	1
f	1
fabled	1
fabric	2
fabrics	1
face	3
facility	5
fact	5
factor	1
factory	10
failing	1
faint	1
fair	4
faith	4
faithful	1
fake	2
fall	4
familiar	2
family	8
family-owned	1
famous	11
fan	1
fancifully	1
fancy	1
fanling	3
fantan	1
fantasy	1
far	7
farm	3
farmed	1
farmer	1
farming	1
farmland	3
farther	6
farthest	1
fascinate	1
fascinating	2
fashion	3
fashionable	2
fast	1
fat	1
fate	2
favorite	3
façade	3
feast	1
feature	5
february	2
fed	1
feed	2
feel	3
feng	3
ferried	1
ferries	1
ferry	28
ferryboat	2
fertile	1
festival	7
feudal	1
feverish	1
few	9
fewer	1
fiefdom	1
field	1
fierce	1
fifteen	1
fifth	2
fifty	1
fight	4
fighting	1
figure	6
fill	1
film	6
films	1
final	4
finally	7
finance	2
financial	2
financially	1
find	27
fine	4
finely	1
finest	1
finish	3
fire	4
first	19
first-ever	1
first-rate	1
fish	8
fished	1
fisherman	3
fishing	5
fit	1
fitted	1
five	6
five-story	1
fix	1
flag	2
flagstaff	1
flagstoned	1
flair	1
flamingo	3
flank	1
flanked	1
flare	1
flash	2
flat	1
flavor	3
flea	1
flee	3
fleet	1
flight	1
float	4
flood	1
floor	5
flotilla	1
flourish	5
flow	4
flower	5
flowered	1
focal	1
focus	2
foe	1
fold	1
folk	3
folklore	2
folksong	1
follow	11
follower	1
folly	1
fong	2
food	11
food-processing	1
foot	3
foothold	2
for	213
force	17
forcefully	1
ford	1
forefather	1
foreign	4
foreigner	1
forever	1
forget	1
form	9
formal	4
formation	2
former	4
formerly	3
formidable	4
fort	5
fortification	1
fortify	2
fortress	4
fortress-like	1
fortuitous	1
fortune	3
fortune-tellers	1
forty	2
foshan	5
fossils	1
foster	1
found	7
foundation	3
founder	3
founding	2
fountain	4
four	7
four-level	1
four-story	1
fourth	1
fraction	1
fragile	1
fragment	1
frame	1
francis	1
frank	2
fray	1
frederick	1
free	9
freedom	1
freely	2
freeway	1
freighter	2
fremont	2
french	1
frenetic	1
fresco	1
fresh	4
freshwater	2
friday	3
friday–	1
friend	1
friendly	2
friendship	1
frieze	1
frin	1
fringe	1
frolic	1
from	146
front	3
frontier	2
frontón	1
fruit	1
ft	6
ft-	1
fu	3
fulfillment	1
full	3
full-size	1
fully	1
fun	3
function	1
fund	1
funeral	1
funerary	1
fung	1
funicular	1
furnishings	1
furniture	9
further	1
fury	1
fusion	1
future	5
futuristic	1
gadget	2
gain	1
galilee	5
galleria	1
gallery	6
galore	1
gam	1
gambler	1
gambling	11
game	4
gaming	4
gangplank	1
garden	20
gardens	3
garish	1
garment	4
gass	5
gate	9
gateway	2
gather	1
gatherer	1
gathering	3
gau	1
ge	1
gear	1
geldof	1
gemstone	1
general	4
generally	2
generation	2
generator	1
genesis	1
genoese	3
genuine	1
geographic	1
geographical	1
geography	2
georgian	1
german	2
germany	1
get	16
getaway	2
giant	3
gift	3
gigantic	1
gihon	1
gilt	1
give	5
glacier	1
glamorous	2
glass	5
glimpse	6
glitter	2
glory	1
gloucester	2
go	27
goat	1
god	8
goddess	4
godfrey	2
gold	6
gold-plated	1
golden	5
goldfish	1
golf	7
golgotha	1
good	18
goods	11
gourmets	1
gout	1
government	13
governor	3
grace	1
gracefully	1
gracious	1
gradually	1
graduate	1
graffitus	1
grafton	1
grain	1
gram	1
grand	9
grande	1
grandeur	1
grandstand	1
grant	2
grass	1
graveyard	1
great	20
greater	3
greatest	1
greatness	1
greece	14
greek	24
greek-ruled	1
green	6
green-and-white	1
greenhouse	1
greet	1
gregory	1
greyhound-racing	1
gross	1
grotto	1
ground	2
grounds	1
group	3
grow	14
growth	4
guangdong	1
guangzhou	24
guarantee	6
guard	1
guards	1
guess	1
guest	1
guide	7
guided	1
gull	1
gun	3
gunboat	1
gunnery	1
gunwale	2
ha	1
habitation	1
hac	1
hadrian	1
haggle	1
hai	1
hakka	2
half	5
half-hour	1
halfway	1
hall	15
halt	4
hamlet	1
han	3
hand	8
hand-carved	1
hand-knotted	1
hand-painted	1
handed	1
handful	1
handicraft	2
handiest	1
handmade	1
handover	3
hang	7
hanukkah	1
happen	4
happily	1
happy	3
harbor	18
harbour	3
hard	2
hardship	1
hardworking	1
harlech	1
harmony	1
harness-racing	1
harsh	1
harshness	1
harvest	2
hasmonean	3
hat	1
hate	1
hau	6
haunt	1
haunting	1
have	178
haven	1
haw	2
hawser	1
hazor	1
he	25
head	5
headache	1
headquarters	1
heady	1
health	2
hear	3
heart	1
hearty	2
heaven	5
heavily	2
heavy	3
hebrew	2
hectare	5
heirloom	1
helen	3
helena	1
hellenistic	5
hello	1
help	7
helpful	1
henderson	1
hennessy	1
henrique	1
her	5
herald	2
herb	2
herbalist	1
here	40
heritage	3
herod	6
herodian	1
heroic	1
herzl	2
hew	1
hezekiah	1
hide	1
high	11
high-diving	1
high-rise	2
high-tech	1
highest	3
highland	2
highlight	2
highly	3
highrise	1
highway	5
hike	3
hiker	1
hiking	5
hill	6
hillside	3
hilltop	2
hilly	1
hilton	1
him	2
himself	2
hing	4
hinterland	1
his	37
historic	9
historical	3
historically	2
history	23
hk	13
hkta	7
hoi	1
hold	16
hole	2
holiday	1
holiest	1
hollywood	13
holy	11
hom	1
home	18
homeland	1
homer	2
homestyle	1
honeychurch	1
hong	167
hongkong	1
honor	2
hoover	4
hope	2
horde	1
horizon	1
horn	1
horse	5
horseracing	2
hospital	2
hospitality	2
host	2
hostess	1
hot	1
hotel	24
hotels	1
hour	13
house	23
houseboat	2
housing	5
how	8
howard	1
however	18
huaisheng	1
huge	2
hughes	7
human	3
humor	1
hundred	4
hung	2
hungry	2
hunt	1
hunter	1
hunting	1
husband	2
hyatt	1
i	5
i.m.	1
iam	1
iberian	1
idea	3
ideal	2
identify	4
identity	1
idol	1
idumea	1
idyllic	1
ieoc	1
if	20
ii	4
iliad	1
illegal	2
illuminated	1
im	1
image	2
imaginable	1
imagination	1
imaginative	1
imagine	1
imax	1
immediate	2
immediately	2
immigrant	1
immigration	1
immortalized	1
impact	1
imperial	1
impiety	1
import	4
importance	1
important	13
imported	1
impose	2
impoverish	1
impression	1
impressive	5
improve	1
in	509
inauguration	1
incense	4
incensed	1
inch	1
incident	1
incline	1
include	28
increase	4
increasingly	2
indefatigable	1
independence	2
independent	2
indians	2
indicate	1
indigenous	1
indium	1
individual	1
industrial	4
industry	5
inevitably	1
inexpensive	2
inexpensively	1
infant	2
infante	1
infighting	1
infiltrate	1
infiltration	2
inflation	1
influence	13
influx	2
information	4
infrastructure	1
ingenious	1
ingredient	2
inhabit	4
inhabitant	3
inherent	1
inheritance	1
initial	2
inland	5
inlet	2
inn	4
innocuous	1
innovative	1
inquire	1
inroad	1
inscription	1
inscrutable	1
insect	1
inside	6
install	2
instant	1
instinct	1
institute	6
institution	3
instruct	1
instrument	1
insurance	2
insurrection	1
intact	3
intensive	1
intent	1
interactive	3
interest	3
interesting	9
interestingly	1
interior	1
internal	1
international	13
international-style	1
interpret	1
intersperse	1
intimate	1
into	29
intoxicate	1
intricate	1
intrigue	1
intriguing	1
introduce	1
invade	1
invader	3
invaluable	1
invasion	4
investigate	1
investigation	1
investment	4
invite	1
iran	1
ireland	4
irish	7
iron	3
ironic	1
ironmonger	1
irreverent	1
irrigate	1
irrigated	1
irrigation	1
is	1
isaac	1
islam	2
islamic	4
island	97
islander	2
islands	1
isolate	1
isolation	1
israel	5
israeli	4
israelite	2
issue	1
istanbul	1
it	117
italian	2
italy	1
item	4
its	104
itself	3
ius	3
iv	1
ivory	1
jack	1
jacket	1
jade	11
jaffa	2
jaffe	1
jai-alai	2
james	2
january	2
japan	2
japanese	7
jardine	3
jazz	5
jebusite	1
jerusalem	56
jesuit	1
jesuits	1
jesus	8
jetfoil	1
jetfoils	1
jew	10
jewellery	1
jewelry	6
jewish	17
jia	1
job	1
jockey	3
joe	1
joey	1
jogging	2
john	6
join	2
jones	1
jordan	2
jordanian	1
jorge	1
joseph	2
joss	2
journey	2
joy	1
joyce	2
jr	2
judah	3
judaism	1
judea	3
july	1
junction	1
june	3
jungle	2
junk	8
jupiter	1
just	27
justice	1
juxtaposition	1
kafeneion	1
kam	1
kansu	2
karaoke	1
kat	2
kcr	3
keep	4
kelly	1
kemal	1
keno	1
kid	1
killer	1
killiney	1
kind	10
king	6
kingdom	9
kingdoms	1
kings	1
kitchen	2
km	9
knell	1
knight	3
knock	1
knock-off	1
know	23
know-how	1
knowle­dgeable	1
known	1
knowth	1
ko	2
kochba	1
kok	2
kollek	1
kong	167
koon	1
koran	1
kowloon	20
kowloon-	2
kowloon–	1
kun	2
kung	3
kwai	4
kwu	1
l	1
la	4
label	1
laboratory	1
labyrinth	1
lack	1
lacquerware	1
ladder	1
laid-back	1
lair	1
lake	12
lamma	7
lamp	1
lan	2
land	31
landlord	1
landmark	2
landscape	1
landscaped	2
lane	7
lantau	13
lantern	1
lap	1
large	16
largely	4
larger	2
largest	12
largo	1
las	61
lascar	1
last	9
lasting	2
late	6
later	9
latest	4
latin	1
launch	1
law	2
lawford	1
lay	2
lead	14
leader	5
leaf	1
league	5
leal	2
learn	1
least	3
leather	4
leave	16
lebanon	1
lecture	1
lee	1
left-hand	1
leftovers	1
leg	1
legacy	1
legal	1
legalization	1
legalize	1
legation	1
legend	4
legendary	3
legion	1
legislative	1
legislator	2
legislature	2
legitimacy	2
legitimate	2
legitimization	1
lei	2
leisure	1
lengthiest	1
leopold	1
less	8
lesson	1
lesvo	3
lethargy	1
level	4
levels	1
liberate	1
library	1
license	1
lie	9
life	18
lifeguard	2
lifestyle	1
liffey	4
light	5
lightning-fast	1
like	8
likely	2
likes	1
lim	1
limit	1
lin	1
line	13
ling	1
linguado	1
lining	1
link	3
lion	3
lisboa	1
list	2
listing	1
literally	3
literary	1
literature	6
little	6
liu	2
live	23
liveliest	2
lively	2
ll	1
lo	4
loan	1
lobby	2
local	19
locally	3
locate	3
location	1
lodge	1
logo	1
lok	1
long	15
long-burning	1
long-time	1
longer	13
longest	1
look	18
lookout	3
loose	1
los	6
lose	4
loss	1
lot	3
lottery	1
lou	1
loud	1
louis	1
lounge	1
love	3
lovely	1
lover	1
low	3
lower	7
lowland	2
loyal	3
ltd	1
luard	1
luck	4
lucky	2
lugard	1
luhu	1
lunch	1
lure	1
lush	1
lusíadas	1
luxor	1
luxurious	2
luxury	6
luís	1
lygdami	1
lyndhurst	1
lyrical	1
m	7
m-	1
ma	4
macabbee	1
macanese	3
macau	53
macau-	1
maccabee	2
macedon	1
macedonium	2
machine	3
maclehose	1
mad	1
made-to-measure	1
madeira	1
mafia	1
magic	2
magical	2
magnesium	1
magnificent	2
mah-jong	3
mai	1
maiden	2
mail	2
mailmen	1
main	13
mainland	6
mainly	2
mainstay	1
mainstream	1
maintain	4
major	18
majority	1
make	52
maker	2
malahide	1
malarial	1
male	1
mall	8
malls	1
mameluke	3
mammal	1
man	15
manage	2
management	1
managerial	1
mandalay	1
mandarian	1
mandarin	3
mandate	2
manipulate	1
mansion	4
manufacturer	2
manufacturing	2
manuscript	1
many	59
manyof	1
mao	1
map	4
maps	1
marathon	1
marble	2
march	1
marco	1
marine	1
marionette	1
maritime	1
mark	7
marked	1
market	30
marketplace	1
markets	2
marks	1
marque	1
marriage	1
marry	1
martin	1
martyr	1
mary	1
mar­ket	1
masada	1
mass	1
massacre	2
massive	6
mast	1
masterwork	1
match	4
material	2
matheson	1
matter	2
matthew	1
may	23
mayor	1
maze	1
me	1
mead	1
meadow	1
meager	1
meal	3
mean	3
means	1
measure	1
meat	1
mecca	3
mechanical	1
medical	1
medicinal	1
medicine	2
medina	1
mediocre	1
mediocrity	1
mediterranean	7
medit­er­ranean	1
meet	1
megalopoli	1
megiddo	1
melchzedik	1
melted	1
member	9
membership	3
memorabilia	1
memorable	1
memorial	2
mention	2
merchandise	2
merchant	2
merrion	1
mesopotamium	1
mesquita	1
messiah	1
metal	1
metamorphosis	1
metropolis	3
mexican	1
mgm	1
miao	1
mid	3
mid-	1
mid-levels	3
midday	1
middle	7
middleman	1
midnight	1
might	4
migrated	1
migration	1
mildly	1
mile	13
mile-post	1
milepost	1
military	3
millennium	5
million	7
millionaire	1
milo	2
minaret	1
mind	1
miner	1
mineral	1
ming	1
mining	1
minister	3
minoan	3
minor	6
minute	7
mirage	3
mirs	1
miserable	1
miss	4
mission	1
missionary	4
mithradate	1
mitsukoshi	1
mix	2
mixture	1
mo	4
moat	1
mob	9
mobsters	1
model	4
moderately	1
modern	29
modernism	1
modernize	1
modest	2
moment	1
momentous	1
monarchist	1
monastery	9
monday	5
monday–	2
monetary	1
money	2
mongol	1
monkey	2
monte	1
month	3
monument	6
mood	1
moon	2
moored	1
more	52
moriah	2
mormon	3
mormons	2
morning	2
morrison	1
mosaic	1
mosque	3
mosquito	1
most	48
mostly	2
mother	1
motion	1
motorist	1
mount	9
mountain	5
mountainous	1
mountains	2
mountainside	1
move	10
movement	5
mt	2
mtr	3
much	22
muhammad	1
mui	1
multinational	2
mun	3
murder	1
museu	1
museum	33
music	8
musical	2
musician	1
muslim	9
muslims	1
mussolinus	1
must	4
mus­eum	1
mutual	1
mutuel	2
mycenaean	3
mycenean	1
mysterious	1
mysteriously	1
mystery	1
mystique	1
myth	1
mythology	1
naked	1
name	15
narrow	7
narrowly	1
natau	1
nathan	11
nation	6
national	6
nationalism	1
nationality	2
nationhood	1
native	2
nato	1
natural	5
nature	5
nautical	1
naval	1
naxo	4
nazareth	1
near	10
near-monopoly	1
nearby	10
nearer	1
nearest	1
nearly	5
nebuchadnezzar	1
necessarily	2
neck	1
ned	1
need	8
needless	1
negev	1
negotiation	2
neighbor	2
neighborhood	3
neither	1
nellis	1
neon	1
nestorian	1
network	2
neutral	2
neutrality	1
nevada	5
never	6
nevertheless	1
new	79
new-born	1
newer	3
newest	1
newgrange	1
newly	2
news	1
newton	1
next	18
nice	1
night	15
night-and-day	2
nightclub	3
nightlife	6
nightmare	1
nine-meter	1
nine-story	1
nineteenth	1
ninety	1
no	23
nobel	1
nobleman	2
noel	1
nome	1
non-	1
non-native	1
non-stop	2
none	1
nonetheless	1
noodle	1
noon	1
noonday	1
norman	1
north	13
northern	9
northernmost	2
northwest	2
nostalgic	1
not	49
notable	1
note	7
nothing	2
notice	1
november	2
now	29
nowhere	1
nugget	1
number	10
numerous	3
nurture	1
nuttgens	1
não	1
o	2
o'connell	2
oasis	3
object	1
obligation	1
obscure	1
observe	2
obsidian	3
obstacle	1
obvious	1
occasional	3
occupation	1
occupied	1
occupy	1
ocean	6
oceanarium	1
octavius	1
october	2
odd	1
odds	1
odyssey	2
of	794
off	10
off-track	1
offer	16
offering	1
office	7
officer	1
official	5
officially	2
offshore	1
often	6
often-restored	1
old	21
older	3
oldest	11
olympic	1
omnimax	1
on	198
once	17
once-glorious	1
one	60
one-hour	2
one-third	1
ongoing	1
only	22
open	37
open-air	3
opening	1
opera	7
operate	1
operation	3
operator	2
opportunist	1
opportunity	5
opposite	4
opposition	1
optical	1
optional	2
opulent	1
or	65
orchestra	3
orchestrate	1
order	6
organize	1
organized	1
oriental	1
orientation	1
original	4
originally	4
originate	1
ornamental	1
ornate	1
orthodox	2
os	1
other	32
otherwise	1
ottoman	13
ounce	1
oust	1
out	28
outbreak	1
outcry	1
outdoor	1
outfitted	1
outing	1
outlaw	3
outlet	5
outlets	1
outlying	6
outpost	1
outra	1
outrage	1
outside	5
outstanding	1
over	28
overhead	1
overjoy	1
overland	1
overlook	3
overnight	1
overpass	1
overran	1
overrun	1
overseas	1
overthrow	1
overtook	1
overview	1
own	14
owner	2
owning	1
p	1
pace	3
pacific	6
pack	5
package	3
packers	1
padded	1
pagan	2
page	21
pagoda	7
pai	1
paint	2
painting	5
paiutes	3
pak	1
palace	7
palestine	5
palestinian	2
pall	1
palm	1
panda	1
panorama	1
panoramic	2
pants	1
papandreou	1
paper	2
par	1
paradise	1
parallel	2
paranoia	1
parent	1
park	32
parkland	1
parnell	1
paro	3
part	20
participant	1
particularly	3
partition	1
partitioned	1
party	4
parus	2
pass	1
passenger	2
passengers	1
passion	1
passover	2
passport	1
past	14
paste	1
pastime	1
pataca	1
path	4
pathological	1
patmo	2
patriot	1
patron	1
patroness	1
pattern	2
paul	2
paulo	1
pavilion	3
pawn	1
pay	6
payable	1
peace	3
peaceably	1
peaceful	1
peacefully	2
peak	20
pearl	5
peasant	1
peasantry	1
peculiar	1
pedder	2
peddler	1
pedestrian	1
pedicab	2
pedicabs	1
pedro	1
peg	1
pei	2
peking	1
pelican	1
peloponnese	1
pendant	1
peninsula	13
penthouse	1
people	35
per	2
percent	5
perennial	1
perfect	3
perform	9
performance	7
performer	1
perhap	3
perhaps	3
period	11
permanent	3
permit	3
persecute	1
persian	8
pertain	1
pet	1
peter	1
pharmacology	1
philatelic	1
philharmonic	1
philip	1
phoenician	2
phoenicium	1
phoenix	1
photo	4
photograph	1
photographic	2
photos	1
physical	1
physically	2
physician-revolutionary-statesman	1
pick	5
picnic	1
picture	1
picturesque	5
piece	3
pier	2
pile	2
pilgrim	4
pilgrimage	2
pines	1
ping	3
pink	2
pioneer	2
pioneering	1
pira	1
pirate	2
place	42
plague	1
plain	1
plan	7
plant	2
plantation	1
plate	1
play	11
player	4
playground	2
plaza	2
pleasant	2
pleasantly	1
pleasurable	1
pleasure	2
plenipotentiary	1
plentiful	1
plenty	2
plight	1
plot	1
plover	1
plumage	1
plus	1
pm	29
po	5
pocket	1
poem	1
poet	4
poetry	2
point	13
policy	1
polite	1
political	6
politically	2
pollution	1
polycrate	1
pompey	1
pond	3
pool	1
poop	1
pop	3
pope	1
popular	18
popularly	1
populate	1
population	23
porcelain	9
port	7
portable	1
portas	1
portent	1
porthole-shaped	1
portugal	8
portuguese	13
position	1
possess	1
possibility	1
possible	1
possibly	1
post	3
post-mob	1
pot	1
potent	1
potential	1
pottery	3
pour	1
poverty	1
power	10
powerful	4
powerless	1
powerscourt	1
practically	2
practice	1
pragmatic	1
praia	1
praise	1
pray	1
praya	1
prayer	1
pre-dawn	1
precarious	1
predict	1
preeminent	1
prehistoric	2
premier	1
premise	1
prepare	2
presence	3
present	11
present-day	1
presently	1
preservation	3
preservationist	1
preserve	4
preside	1
president	1
pressure	3
prevent	1
price	19
pricey	1
priest	3
prima	1
primacy	1
primarily	2
prime	1
primitive	2
prince	1
princess	1
principal	2
principally	1
principle	2
prism	1
prisoner	1
private	4
prix	1
prize	2
probably	2
problem	4
procedure	1
process	3
procession	1
produce	8
product	2
production	2
professional	2
profit	1
program	2
progress	3
progressive	1
project	8
projected	1
projection	1
promenade	5
promise	4
promising	1
promote	3
promoter	1
promptly	1
propel	1
properly	1
property	5
prophet	3
proportion	1
prospector	1
prospects	1
prosperity	7
prosperous	2
prostitution	1
protect	2
protection	1
protest	2
protestant	2
proudly	1
prove	1
proverbial	1
provide	13
providing	1
province	2
prowess	1
proximity	1
ptolemy	1
ptolomey	1
pub	3
public	7
publications	1
publish	3
pubs	1
pumice	1
punish	1
puppet	4
purchase	6
purport	1
push	3
push-carts	1
put	8
qing	2
quaint	1
quality	5
quantity	1
quarter	3
queen	6
queensway	2
question	1
quickly	2
quiet	3
quirk	1
quite	4
race	3
racecourse	2
racetrack	3
radio	1
rafael	1
raid	4
rail	4
railroad	9
railway	7
rain	2
raise	5
rampant	3
rams	1
ranch	9
rancher	1
rancho	1
rang	1
range	4
ranger	1
rank	1
rapid	2
rare	2
rat	3
rather	4
rattan	1
raunchy	1
ravage	1
raw	1
raze	1
re-created	1
reach	12
read	1
reader	1
reading	1
ready	2
ready-to-wear	1
real	8
really	3
realm	1
reappraise	1
reasonable	1
reassess	1
rebel	1
rebellion	1
rebuild	7
rebuilt	1
recaptured	1
receipt	1
receive	1
recent	2
recently	1
recital	1
reclaim	3
reclamation	4
reclusive	1
recognizable	1
recognize	1
recommend	1
record	4
recovery	1
recreated	1
recreation	1
recycle	1
red	4
redevelopment	1
redirect	1
redress	1
reduce	1
reel	1
reference	1
reflect	1
refreshingly	1
refugee	2
regain	1
regency	1
regime	2
regiment	1
region	6
regular	1
regularly	2
reign	2
rein	2
reinforce	1
reinvent	1
reinvigorate	1
relation	1
relatively	1
relax	3
relaxation	1
release	1
relegate	1
reliable	1
relic	1
religion	7
religious	11
relinquish	1
remain	13
remainder	1
remains	5
remark	1
remarkable	1
remind	1
reminder	1
remote	1
removal	1
rename	3
renew	1
renown	1
rent	4
repair	3
repercussion	1
repertory	1
replace	7
replica	2
replicate	1
repopulated	1
report	2
represent	2
repressive	1
reproduce	1
reproduction	1
republic	3
republican	1
repulse	3
reputable	1
reputation	3
repute	1
require	2
resemble	3
reservation	1
reserve	1
reservoir	2
reside	1
residence	2
resident	6
residential	3
resistance	1
resolve	1
resort	13
resource	1
respect	2
respectable	1
respectively	1
respond	1
response	1
rest	6
restaurant	20
restoration	2
restore	5
restored	1
restriction	1
result	12
retail	3
retain	2
retake	1
retaliation	1
retreat	2
return	7
reunit	1
reveal	1
revelation	1
revenue	2
revered	1
revert	1
revisit	1
revival	1
revive	1
revolt	2
revolution	4
rheumatism	1
rhode	1
ribeiro	1
rice	2
rich	2
rick	1
rickety	1
rickshaw	2
ride	10
ridgepole	1
rife	1
right	5
right-of-way	1
rights	2
rigor	1
ring	1
riotous	1
ripley	1
rise	11
ritual	1
rival	2
rivalry	1
river	9
rivera	1
riviera	1
rmb	1
road	52
roadblock	1
roar	1
robert	1
rock	15
rocky	1
rod	1
role	3
roll	1
roller	1
roller-coaster	2
roman	20
romance	1
rome	5
roof	1
rooftop	1
room	4
roomy	1
rosewood	1
roulette	1
round	3
round-trips	1
route	7
routine	1
rove	1
row	1
royal	5
rua	1
rub	1
rubble	1
rug	1
rugby	2
rugged	1
rugs	1
ruin	6
rule	15
ruler	5
ruling	2
run	11
rural	2
rush	2
russian	1
russium	2
s	231
sa	1
sacramental	1
sacred	3
sacrifice	2
saga	1
sahara	1
sai	3
sailing	2
sailor	2
saint	4
salaam	1
saladin	1
salami	1
sale	6
salem	1
salisbury	1
salt	5
salute	1
salvo	1
sam	1
same	8
sammy	1
samo	4
sampan	2
sample	1
san	2
sand	3
sands	4
sandy	1
sandymount	1
santiago	1
santorinus	2
sanudo	1
sappho	1
saracen	1
satirical	1
saturday	4
saturdays	1
sat­ur­day	1
save	1
say	7
scaled-down	1
scarce	1
scarf	1
scary	1
scene	9
scenic	2
schedule	1
scholar	1
school	5
science	1
sciences	1
scientific	1
scientist	1
scien­ce	1
scion	1
scorpion	1
scout	1
screen	4
screening	1
scroll	1
scrub	1
sculpted	1
sculptural	1
sculpture	3
sea	18
seaborne	1
seac	1
seafare	1
seafarer	2
seafood	4
seal	3
seam	1
seaport	1
search	1
seaside	1
season	1
seasons	1
seat	2
seattle	1
seaworthy	1
second	5
secondary	1
secret	1
secretly	1
section	4
secular	2
secure	3
sedan	2
sedate	1
see	38
seedy	1
seek	2
seem	8
segment	1
seibu	1
selection	1
seleucid	2
self	1
self-governing	1
sell	11
semi-nomadic	1
semitic	1
senado	2
senate	2
send	5
send-off	1
seng	1
sennacherib	1
sense	3
separate	2
separated	1
september	2
september-to-	1
series	4
serious	2
seriously	1
serve	4
service	5
servicemen	1
set	13
settlement	10
settler	3
seven	1
seven-minute	1
sevens	1
several	17
sewage	1
sha	23
shaded	2
shadow	1
shaft	1
shalim	3
shalom	1
sham	1
shamian	1
shan	3
shanghai	1
shangri-	2
shape	1
share	1
sharp	1
shaw	1
she	2
shean	1
shechem	2
shek	2
shekou	2
shelter	2
shenzhen	9
sheraton	1
sheung	2
shift	1
shine	1
shing	3
ship	4
shipment	2
shipping	2
shoot	1
shop	35
shopping	24
shops	2
shore	2
shored	1
shoreline	2
short	8
should	5
shoulder	1
show	15
showcase	1
shower	1
showroom	2
shrimp	1
shrine	2
shue	2
shui	3
shun	1
shuus	3
side	10
sidewalk	2
siege	4
siegel	4
sight	7
sights	3
sightseeing	3
sign	6
signal	2
signatory	1
signature	2
significant	5
silent	1
silhouette	1
silk	5
silk-weaving	2
silks	1
silver	3
silvermine	3
similar	1
simon	1
simply	3
simultaneously	1
sinatra	2
sinaus	1
since	8
sinful	1
sing	3
single	2
sink	1
sir	1
sit	4
site	19
situate	6
situation	4
siu	1
six	4
sixth	1
size	2
skalum	1
skill	1
skillful	1
skim	1
sky	4
skyline	2
skyrocket	1
skyscraper	7
slaughter	3
slavery	1
slay	1
sleazy	1
sleep	1
sleepy	1
slender	1
slightly	1
sling	1
slip	1
slipper	1
slop	1
slot	1
slow	3
slowly	2
small	24
smaller	4
smashing	1
smile	1
smoke	1
smooth	1
smuggling	1
snack	1
snake	2
sniping	1
so	15
soar	2
sobo	1
social	1
society	5
soho	2
sok	1
soldier	4
sole	2
solidify	1
solomon	5
some	28
something	4
sometimes	8
somewhat	1
son	3
song	3
songbird	2
soon	2
sophisticated	1
sophistication	1
sort	1
sound	3
source	3
south	20
southeast	1
southern	7
southward	1
southwest	2
southwestern	1
souvenir	6
sovereignty	1
spa	1
space	6
spacious	2
spain	1
spanish	2
sparkling	1
sparsely	1
sparta	1
speak	6
speaker	1
special	6
specialty	1
species	2
specification	1
spectacle	1
spectacular	1
spectator	2
speculate	1
speculation	1
speculator	1
speed	3
spencer	1
spend	5
spin-off	1
spirit	5
spiritual	2
splendid	2
splendor	1
spode	1
sponsor	1
sporade	1
sporadic	1
sport	3
sports	3
spot	8
spotlight	1
spout	1
sprawl	1
spread	5
spree	1
spring	10
springs	1
spy	1
square	19
st	11
stab	1
stability	1
stable	2
stadium	1
stage	2
stained	2
staircase	1
stall	4
stamped	1
stand	11
standard	4
stanley	6
star	13
starbuck	1
start	8
startlingly	1
starve	1
state	13
state-of-the-art	2
stately	2
states	2
statesmanship	1
station	10
statue	14
stature	1
status	2
stauton	1
stay	5
steady	2
steam-powered	1
steep	1
steeped	1
step	7
stephen	2
stereotype	1
steve	2
stewart	6
stick	4
sticky	1
still	26
stilt	1
stir	2
stock	2
stone	9
stop	7
stopover	1
store	15
stores	2
story	9
storytelling	1
straddle	1
strain	1
strand	2
strange	1
stranger	1
strategist	1
straw	1
stream	1
street	43
street-side	1
strength	2
strengthen	1
stretch	8
strictly	1
strife	2
striking	4
strip	6
stroke	1
stroller	1
strong	4
stronghold	1
structure	5
struggle	4
student	3
studies	1
studio	1
stunning	1
style	3
subdivided	1
subdivision	1
subject	4
submit	1
subsequent	1
subsequently	2
subsidy	1
substantial	1
substantially	1
subtitles	3
subtle	1
subtropical	2
suburban	1
subway	1
succeed	1
success	4
successful	2
successor	2
such	15
sudden	1
suddenly	1
suit	4
suleiman	2
summer	7
summerlin	1
summit	2
sun	4
sunbather	1
sunday	8
sung	1
sunny	2
sunset	1
sunshine	2
superpower	1
supplies	2
supply	1
support	5
sure	12
surface	2
surprise	3
surprising	1
surround	9
surroundings	1
survive	3
survivor	2
sustain	1
suzy	1
swallow	1
swampland	1
swarm	1
sway	2
sweep	3
sweeping	2
swift	1
swim	2
swimming	2
sword	1
symbol	2
syndicate	1
syrian	1
system	8
são	1
t	9
tabernacle	1
table	4
tablet	1
tael	1
tai	11
tai-chi	1
taijiquan	1
tailor	4
tailor-made	1
tailoring	1
taipa	8
taipan	1
tak	1
take	40
taking	1
tale	1
talent	1
talented	1
tallest	1
tancred	1
tang	3
tank	1
tanker	1
taoist	5
tap	1
tara	1
task	1
taste	2
taus	1
tax	5
taxi	2
tea	10
teach	2
teaching	1
teak	1
team	2
technique	2
technology	2
teddy	1
tei	2
tel	10
telephone	1
tell	5
teller	1
temple	56
temporary	1
ten	1
tend	2
tennis	2
tension	1
tent	2
term	2
terminal	18
terminus	2
terra-cotta	1
terrace	1
terrifying	1
territorial	1
territories	19
territory	7
terror	1
terrorism	1
test	2
testament	1
th	6
th-	1
th-century	6
than	39
thanks	2
that	114
the	1900
theater	13
theatre	6
theatrical	1
thee	1
theimpressive	1
their	67
theirs	1
them	16
theme	4
themselve	1
themselves	3
then	8
theodor	1
there	61
these	18
they	51
thing	5
thira	2
third	3
third-tallest	1
this	76
thomas	1
thoroughfare	1
those	7
though	7
thought	1
thousand	8
threat	2
threaten	2
three	10
three-week	1
thrill	1
thrive	4
throng	2
through	21
throughout	8
throw	1
thunderbird	1
thursday	1
thus	5
tiantan	1
tickets	1
tidal	1
tie	1
tiger	5
tightly	2
tile	2
time	34
timeless	1
times	1
tin	15
tino	2
tip	3
tired	1
tirelessly	1
titus	1
to	511
tobacco	1
today	14
together	4
toilet	1
tolerant	1
toll	3
tolo	1
tomb	4
tong	2
tonkin	1
too	1
tool	1
toothache	1
top	5
top-end	1
top-line	1
topic	1
topless	1
torpor	1
tortured	1
toss	1
total	3
totally	1
tott	1
touch	2
tour	13
tourism	3
tourist	20
toward	2
tower	16
towers	1
town	29
toy	2
trace	3
track	5
tracks	1
tracts	1
trade	15
trader	3
trading	3
tradition	5
traditional	20
traditionally	3
traffic	7
trail	9
train	9
tram	10
transfer	4
transform	1
transit	2
transition	1
translate	1
transport	6
transportation	2
trappist	1
travel	6
traveler	3
treasure	1
treasury	2
treat	1
treaty	1
treaty-signing	1
tree	6
tree-lined	1
trees	1
trek	1
tremendous	1
trend	2
trendy	2
trent	1
trial	1
triangular	1
tribe	3
tricycle	1
trinity	1
trip	8
triumph	1
triumphantly	1
troops	2
tropical	2
troupe	1
true	4
try	9
tseun	1
tsim	14
tsuen	2
tsui	14
tuck	1
tuen	2
tuesday	2
tuesday–	4
tug	2
tung	2
tunnel	4
turbo	2
turbojet	1
turk	5
turkey	4
turkish	3
turn	9
turning	1
turquoise	1
turtle	2
twelve	1
twentieth	1
twenty	1
twice	3
two	33
two-hour	1
two-man	1
two-week	1
tycoon	1
typhoon	2
typhoon-fanned	1
typical	1
tyrant	1
u	1
ubiquitous	1
uk	2
ultimate	1
ultimately	1
ulysses	2
unable	2
unaccustomed	1
unbridled	1
undecided	1
under	23
underfoot	1
undergo	1
underground	1
understand	2
understandably	1
understanding	1
undertake	1
undeveloped	1
unemployment	1
unequaled	1
unexpected	2
unexplored	1
unfold	1
unfortunate	1
unfortunately	1
uniform	1
unify	1
unimaginative	1
union	5
unique	3
unit	1
united	4
university	9
unless	1
unlinked	1
unparalled	1
unrest	1
unrivaled	1
unsuccessful	2
until	18
unworthy	1
up	46
up-to-date	1
upheaval	1
uphill	1
upon	2
upper	1
upscale	3
upset	1
ur	1
us	4
usalim	1
use	14
usher	2
usual	3
usually	6
utilized	1
vacate	1
valiantly	1
valley	16
valuable	2
value	3
van	2
vanish	3
variation	1
varied	1
variety	7
various	2
vary	1
vast	7
vault	1
vaz	1
vegas	63
vegetable	1
vegetarian	2
vehicle	1
venetian	4
venice	1
venue	4
venues	1
verde	1
version	2
very	13
vessel	2
vibrant	3
vibrantly	1
viceroy	1
vices	1
victim	1
victor	1
victoria	11
victory	2
video	2
vienna	1
vietnam	1
vietnamese	1
view	12
village	20
vinho	1
violate	1
violence	1
violently	1
visa	2
visible	3
vision	2
visionary	1
visit	16
visitation	1
visitor	25
vista	1
visual	2
vitreous	1
voeux	1
voice	1
volatile	1
volcanic	2
vote	1
wa	1
wah	1
wai	5
wait	2
wake	2
walk	16
walker	1
walks	1
walkway	1
wall	14
walled	5
wan	18
wanchai	1
wander	1
want	5
war	26
ware	1
warfare	1
warm	1
warn	2
warning	1
warren	1
warring	1
warrior	3
wash	1
wasn	1
watch	9
watches	1
water	19
waterfront	8
waters	1
waterway	2
wave	4
way	23
wayne	1
we	1
weaken	3
wealthy	1
wear	1
weave	1
web	2
wedgwood	1
wednesday	1
wednesday–	1
wed­nesday–	1
week	6
weekday	1
weekend	4
weekly	1
weightlessness	1
weird	1
weizmann	2
welcome	6
well	22
well-fortified	1
well-known	3
well-made	2
well-protected	1
west	30
western	18
west­ern	1
whale	1
wharf	1
what	14
whatever	1
wheel	2
when	35
where	27
whereupon	1
whether	5
which	56
while	11
white	1
whitewash	1
who	26
whole	6
wholesale	2
whom	2
whose	3
wicklow	3
wide	3
widely	1
wife	3
wild	2
wilderness	1
wildlife	2
wildly	1
will	51
win	3
wind	3
window	5
windowless	1
windsurf	1
wine	4
wing	1
winged	1
winner	1
wire	1
wise	1
wit	1
with	164
withdraw	1
within	5
without	2
wo	1
woks	1
woman	8
wonder	2
wonderful	4
wondrous	1
wong	2
wood	2
wooden	2
wool	1
word	3
work	17
workaday	1
worker	2
workings	1
world	32
world-class	1
worldwide	1
worship	2
worshiper	2
worshipped	1
worth	4
would	17
wrangle	1
wrap	1
wrest	1
write	6
wu	1
wynn	5
xavier	1
xian	2
xiii	1
xing	1
xubaizhi	1
yacht	4
yat-sen	3
yau	2
ye	1
year	41
year-old	1
yeats	1
yellow	1
yet	6
ying	1
york	2
you	117
young	9
younger	2
your	15
yourself	1
yuan	2
yuen	2
yuexiu	1
yung	2
yuppie	1
zeal	1
zealot	2
zedong	1
zhenhai	1
zhou	1
zhuhai	1
zionism	1
zone	3
zoo	3
zoological	1
zu	1
­	1
–	14
—	72
’	213
“	43
”	43
