"	8
%	125
'	23
's	3
(	295
(cox)-2	1
)	299
+	95
,	905
-	104
.	997
/	64
0	73
0.59	1
00	1
000	2
001	1
007	1
01	1
02	1
025	2
028	1
04	1
045	1
048	2
05	4
06	1
08	3
086	1
09	3
1	222
1.5	2
1.8	1
10	45
10.35	1
10.51	2
100	5
1000	1
102	1
11	18
115	1
12	27
120	3
1200	1
124	1
13	14
135	1
137	1
14	20
142	1
15	20
150	1
16	19
17	14
174	2
18	19
187	1
19	13
1960	2
1970	1
1986	1
1989	1
1990	7
1995	4
1997	7
1998	4
2	258
2.47	2
2.84	1
20	37
200	1
2000	5
2001	10
2002	6
2003	2
201	1
2041	1
21	22
213	2
218	5
219	2
22	12
221	1
23	7
23.33	1
24	18
247	1
25	26
26	9
260	1
27	11
27.96	1
270	1
28	7
29	13
3	55
3-hydroxy-3-methylgluatryl	1
3.28	1
3.3	1
3.31	1
3.4	1
30	26
300	1
31	5
313	1
32	4
33	4
34	3
35	5
36	3
36.6	1
37	6
37.5	1
38	2
39	63
4	68
40	11
4000	1
41	4
42	3
43	2
438	1
44	5
45	1
459	1
46	1
4742	1
486	1
489	2
49	1
490	1
5	107
5.2	1
5.3	1
5.45	1
50	14
500	1
504	2
51	4
52	2
521	1
524	1
528	1
53	3
54	1
55	1
569	1
57	3
573	1
58	4
59	4
59173	1
6	48
6-keto-PGF	7
6.8	1
60	6
61	2
614	1
618	1
62	4
63	1
64	3
65	7
67	3
68	1
687	1
69	1
697	1
7	42
70	12
71	1
72	2
73	6
74	1
75	4
77	1
78	2
79	2
8	31
80	5
81	1
82	2
84	5
86	1
878	1
88	1
888	1
89	2
9	28
90	3
92	3
93	4
937	1
9410	2
9435	1
9455	2
946	1
95	8
96	2
99	1
:	25
;	65
<	5
=	45
>	2
?	11
[	197
]	198
a	285
a-	5
a-d	1
a-sepharose	1
aand	2
abbreviation	2
abbreviations	1
aberrant	1
ability	1
able	2
abnormal	18
abnormality	14
about	25
above	7
absence	8
absolute	2
absorbance	1
abundance	1
abuse	1
ac	2
accept	1
accession	1
accident	1
accompany	1
accomplish	1
accord	4
accordance	1
account	14
accrue	2
accumulate	1
accuracy	1
acetate	3
acetonitrile	1
achieve	1
acid	5
acidification	1
acr	18
across	3
act	3
actin	1
activate	5
activation	3
active	6
activity	25
activity-dependent	1
actual	1
actually	4
acute	18
add	8
addition	7
additional	10
address	7
adenosylmethionine	1
adenylyl	1
adhesion	1
adjacent	4
adjust	17
adjusted	2
adjustment	5
admission	4
adomet	1
adp	27
adpase	4
adpnp	9
adrenal	1
adult	22
advance	5
advanced	1
adverse	7
advisory	1
aer	7
affect	10
affiliate	1
affinity	3
afford	1
aforemention	1
african	3
after	29
again	1
against	4
agarose	1
age	29
agency	1
agenda	2
agent	6
aggrastat	2
aggressive	5
ago	1
ahead	1
aid	1
al	8
albornoz	2
albumin	1
alcohol	2
alcoholic	1
aldolase	1
aliquot	1
all	30
allay	1
allison	1
allocate	1
allow	1
almost	1
alone	1
along	1
alonso	1
already	1
also	44
alt	2
alter	3
alteration	4
alternate	1
alternative	2
alternatively	1
although	16
ama	3
america	31
american	13
americas	5
amersham	3
amino	7
amino-transferase	1
ammonium	1
among	14
amongst	1
amount	12
amp	2
ampcp	11
amppnp	4
an	69
analog	7
analysis	28
analytical	1
analyze	3
and	590
andr	1
angina	3
angioplasty	2
anion	1
anlagen	1
ann	1
annan	8
annual	2
annually	2
another	5
answer	2
antagonistic	1
antedate	1
anterior	2
anthony	1
anti-	10
anti-mitochondrial	2
anti-smooth	1
antibody	6
anticipate	1
antifibrogenic	1
antifibrotic	2
antigen	2
antisense	1
any	9
ap	2
apical	2
apparent	1
appear	7
apply	3
approach	3
appropriate	2
approximately	4
apyrase	2
aqueous	1
arachidonic	1
arbor	1
arch	1
area	6
argue	2
argument	1
arm	1
aronow	1
around	6
arrangement	1
arrhythmia	1
arrive	1
artery	3
arthritis	2
article	1
as	127
ascertain	1
ascertainment	1
ashow	1
asia	2
asma	2
aspartate	2
aspirated	1
assay	3
assert	1
assess	5
assign	2
assist	1
associate	20
association	16
ast	2
at	95
atherosclerosis	1
atmosphere	1
atorvastatin	12
atorvastatin-treat	2
atp	29
atpase	10
atpases	2
attack	1
attain	1
attend	1
attention	4
attributable	1
attribute	2
author	6
autoantibody	1
autocrine	1
autoimmune	9
autoimmunity	3
autopsy	1
autoregulate	1
availability	1
available	5
average	11
avoid	1
away	1
axial	1
axis	2
b	27
back	1
background	3
balance	3
balart	1
band	1
bar	3
base	12
baseline	24
basic	2
be	742
because	17
become	7
before	13
begin	2
beginning	1
behavior	1
believe	1
below	3
beneficial	1
benefit	14
best	6
betaprost	1
better	2
between	31
bfgf	2
bias	2
bibliometric	1
biggest	1
biliary	5
bilirubin	2
bind	39
binding	9
bio-rad	1
biochemical	1
biodiversity	2
biology	3
biomedical	1
biopsy	8
biosynthesis	1
biotech	1
black	12
blank	1
blindness	1
block	1
blood	5
blot	2
blue	2
bmus	36
board	1
body	4
boil	1
bond	4
boston	1
both	24
bovine	1
brain	1
brazil	2
bridge	2
brief	1
briefly	2
bring	3
broad	1
bromide	1
bromophenol	2
brown	1
bruker	1
bsa	1
bud	10
buffer	6
build	1
building	1
burden	10
but	34
butyric	1
bx	1
by	101
bypass	3
c	29
c-18	1
c-fos	1
c-myc	1
ca	1
cabg	2
calc	1
calculate	13
calculation	1
call	6
camera	2
camp	1
can	33
canada	13
cancer	1
cand	1
capable	1
capacity	2
capillary	1
capture	1
carboxyl	16
carboxypeptidase	2
cardiac	5
cardiology	1
cardiovascular	9
care	4
carlsbad	1
carotid	1
carry	5
case	20
castro	1
catalysis	5
catalytic	16
catalyze	1
categoric	1
category	8
cation	6
caucasian	1
caudal	1
causally	1
cause	3
caveat	1
cavity	1
cayman	1
cd	25
cd-epr	1
cdna	1
cell	47
center	7
central	5
centricon	1
centrifuged	1
cerebrovascular	1
certain	2
certainly	1
cesd	2
cf	1
ch	3
challenge	2
change	20
changed	1
characteristic	3
characterization	3
characterize	7
chart	1
cheaper	1
chelator	2
chemical	3
chemiluminescence	1
chemokine	1
chen	1
chicken	1
child	3
childbirth	1
childhood	2
chile	2
china	1
chloride	1
chloroform	1
cholangitis	2
cholestatic	4
cholesterol	15
choose	1
chromatography	2
chronic	6
ciencia	1
circulate	1
cirrhosis	8
citation	2
cite	3
class	1
classify	3
clear	3
clearly	2
cleavage	1
cleave	4
cleaved	1
climate	2
clinic	1
clinical	27
clinically	1
clone	1
close	1
closer	2
closure	1
cm	1
cn	11
co	1
co-existence	1
co-worker	1
coa	2
code	1
codon	1
coenzyme	2
cofactor	6
cohort	7
collaboration	1
collaborator	1
collagen	7
collagenase	1
colleague	2
collect	9
collection	1
college	1
column	9
combination	4
combine	3
come	1
common	4
community	6
comparable	1
comparative	1
compare	27
comparison	6
comparisons	1
compell	1
compelling	1
compete	3
compile	1
complaint	1
complete	4
completely	1
complex	11
complexed	1
complication	4
compose	1
composite	2
comprehensive	1
comprise	1
computer	1
concanavalin	1
concentration	8
concentrations	1
concept	2
concern	2
conclude	1
conclusion	7
conclusions	1
condition	6
conduct	3
confer	2
confidence	6
confirm	4
confirmation	1
confirmatory	1
confirms—and	1
conflict	1
confluency	1
confluent	1
conformation	14
confound	1
consequently	2
conservation	1
conserved	3
consider	13
consideration	1
consistent	6
conspiracy	1
constant	3
consumption	1
contain	9
continue	1
continuous	2
contraindication	1
contrast	3
contribute	11
contribution	9
control	2
controll	3
controversial	1
conversely	1
convert	4
cooperation	2
coordinate	1
coordination	3
cord	1
coronary	40
corp	1
correct	5
correlate	2
correspond	7
corresponding	4
cortex	2
cost	3
costa	1
costly	1
could	26
counsel	1
counteract	1
country	17
county	1
coupling	3
course	1
covariate	12
cox	2
cox-2	23
cpk	1
cranial	1
creatinine	1
credit	2
crescent	1
crest	1
criterion	4
critical	2
critically	1
criticize	1
crosslink	1
cryostat	1
cryptogenic	1
cuba	3
cultural	1
culture	3
cultured	7
current	3
currently	1
curve	1
cus	4
cut	1
cw-epr	3
cyanol	1
cyclase	1
cycle	1
cyclooxygenase	3
cytokine	6
d	54
daily	7
dalys—the	1
damage	7
dand	1
database	4
date	3
datum	32
day	3
de	2
dead	1
death	17
decade	2
decarboxylase	2
declare	1
decline	1
decrease	27
defect	2
defective	1
define	9
definition	4
definitive	1
degradation	1
degree	5
delay	1
deletion	1
demonstrate	9
denatured	1
denko	1
density	4
depend	1
dependent	3
deposition	1
depress	1
depression	3
derivative	4
derivatization	1
derive	12
describe	12
description	1
descriptive	2
design	4
desirable	4
despite	7
destabilize	1
destruction	1
detail	5
detect	28
detectable	3
detection	1
determinant	2
determination	2
determine	10
deuterium	1
deuterium-labeled	1
develop	40
developed	6
developing	5
development	34
developmental	4
deviation	3
diabetes	2
diagnosis	6
diagnostic	2
diarrhea	1
die	1
diet	1
diethyldithiocarbamic	1
differ	5
difference	27
different	36
differentiate	1
differentiation	2
difficult	3
diffuse	4
digital	2
digoxygenin	1
digoxygenin-	1
diligent	1
dilution	3
dimethylformamide	1
diminish	1
diphosphohydrolase	1
direct	4
direction	3
disability	1
disability-adjusted	1
disappear	1
discharge	2
discipline	1
disclose	1
discourage	1
discrepancy	2
discriminate	1
discuss	2
discussion	5
disease	56
dismal	1
disopropylethylamine	1
disorder	2
disparate	1
disparity	3
display	1
dissect	2
dissolved	1
distinctive	1
distinguish	2
distort	1
distribution	6
divalent	5
divide	3
division	1
dl	4
dmem	5
dmso	1
dna	1
dnase	1
do	32
document	3
doe	1
dollar	4
domain	1
domestic	1
dominant	1
dominate	3
donor	2
dorsal	2
double-bounded	1
dr	1
dramatic	1
dramatically	2
draw	2
drawback	1
drive	1
drug	4
dry	3
due	8
dupont	1
duration	2
during	17
dynamic	2
dysfunction	1
díaz-	1
e	53
e-ntpdase	4
e-ntpdases	1
each	18
earlier	6
early	12
easily	1
ecg	2
echo	1
ecl	1
ecological	6
ecology	3
economic	1
ecto-	3
ecto-mesenchyme	1
ectoderm	4
ectodermal	9
ectokinase	1
edta	1
education	3
educational	1
eecc	2
effect	33
effective	3
effectiveness	1
effector	3
efficacy	6
efficient	1
efficiently	1
effort	3
eg	1
egr-1	1
eicosanoid	4
eicosanoids	1
eight	1
either	9
elderly	2
electrocardiogram	2
electrocardiographic	1
electrophoresis	2
electrophoretically	1
elevate	1
elevated	2
elevation	2
elicit	1
eligibility	1
eligible	2
elsewhere	2
eluted	1
embed	1
embryo	24
embryogenesis	1
embryonic	5
emergent	2
emphasize	2
ena	5
ena-negative	1
ena-positive	1
encode	3
end	6
endoderm	4
endpoint	10
energy	1
enough	2
enroll	2
enrollment	2
ensure	1
entire	3
entry	1
envelope	1
environmental	1
enzymatic	2
enzyme	15
epidemiologic	1
epidemiological	1
epidemiologist	1
epidermal	1
episode	1
epithelial	5
epithelium	3
epr	32
eq	4
equal	2
equally	2
equation	1
equatorial	26
equilibrated	1
equilibration	1
equitable	1
equivalent	1
error	1
especially	4
essential	1
est	1
establish	5
ester	1
estimate	10
estimation	1
et	8
etc	1
ethanol	1
ether	1
ethyl	3
etiopathogenesis	1
europe	5
european	2
evaluate	4
evaluation	6
evaporation	3
even	9
event	16
every	5
evgfp	10
evidence	19
evident	2
evolutionary	1
evolve	1
exact	1
exactly	1
examination	2
examine	10
example	11
example—the	1
excellent	5
except	6
exception	1
excess	2
exchange	1
excise	1
exclude	7
exclusion	1
exclusive	1
exercise	1
exert	1
exist	3
exocrine	3
exocrinopathy	2
exon	1
expect	1
expectancy	2
experience	1
experiment	7
experimental	1
experimentally	1
explain	8
explanation	3
explore	1
expose	4
exposure	2
express	13
expression	57
extend	3
extensive	2
extensively	1
extra	1
extracellular	2
extract	4
extraction	2
extrapolate	1
extremely	2
eye	1
f	9
f-	1
fact	8
factor	31
fade	1
fail	1
failure	4
faintly	1
fair	7
fairly	1
fall	1
family	1
far	2
fashion	1
fatal	1
fbs	3
fear	1
feature	15
feel	3
female	1
fernández-	1
fetal	1
few	2
fewer	2
fewest	2
fiber	2
fibroblast	46
fibroblasts	2
fibrogenesis	1
fibrosis	4
fibrotic	5
field	5
fig	16
figure	43
film	1
filter	2
filtration	1
final	4
finally	2
financial	1
find	32
finding	18
finely	1
first	16
fisher	2
fit	5
fitted	1
five	4
fix	2
flat	1
floor	1
flow	2
fluoride	1
focus	2
fold	3
follow	17
follow-up	7
for	239
forelimb	6
foremost	1
form	2
formaldehyde	2
formamide	5
formation	4
former	5
formerly	1
forum	1
four	6
fourth	2
fraction	1
fractioned	1
framework	1
free	9
freeze	4
frequently	1
fresh	1
from	132
fruitless	2
fulfill	2
function	23
functional	1
functionally	3
fund	2
funding	5
further	13
furthermore	5
future	5
g	27
gaba	18
gaba-mediate	2
gabaergic	1
gad	61
gain	3
gap	2
gas	2
gastrointestinal	1
gdp	4
gel	5
gender	3
gene	7
general	6
generalizability	1
generate	6
genetic	2
geoffrey	1
geographic	1
germ	2
gestation	1
ghz	1
gibbs	3
give	7
gizzard	1
glamorous	1
gland	8
global	10
glomerular	2
glutamate	5
glycerol	2
glycoprotein	2
glycosaminoglycane	1
go	1
goal	2
goldemberg	3
good	9
gradient	1
gradual	2
graft	3
grand	1
gravity	1
greater	13
greatest	2
greatly	1
gross	1
group	70
growth	6
guide	2
guideline	6
guidotti	1
h	7
half	1
hamamatsu	1
hamper	1
hand	1
hard	1
harm	2
harmful	1
hartwick	1
harvest	3
have	145
hb	1
hcl	2
hcv	6
hcv-infection	1
hcv-patient	1
hdl	4
head	1
heal	1
health	33
health-relate	1
healthier	1
healthy	18
heart	9
heat	1
height	1
help	2
hematological	1
hemostasis	1
hence	4
heparin	1
hepatic	4
hepatitis	19
hepatocellular	3
hepatomegaly	2
hepatosplenomegaly	1
hepatotoxic	1
hepes	1
hepes-tris	1
here	10
herein	1
heterogeneous	1
hf	1
hf-ipf	18
hf-nl	17
high	18
high-	1
high-dose	1
high-profile	1
higher	11
highest	1
highfive	1
highlight	1
highly	3
highway	1
hindgut	1
hindlimb	2
hint	1
his	1
histopathologic	1
histopathological	1
history	2
hlum	1
hmg	2
hold	1
home	1
honorarium	1
horseradish	1
hospital	2
hospitalization	2
hour	7
houseman	1
how	1
however	18
hplc	2
hr	1
huge	1
human	4
humidified	1
hundred	1
hyb	1
hybond-	1
hybridization	16
hybridize	3
hydrochloride	1
hydrogen	2
hydrolysis	5
hydrolyze	8
hydroxy-	1
hydroxyl	7
hyperfine	3
hyperplasium	1
hypertension	1
hypofunction	1
hypothesize	2
i	13
iberoamericana	1
ice	3
identical	1
identify	4
idiopathic	2
ie	2
if	15
ifn	1
ifn-γ	1
ignore	1
iib	2
iii	1
iium	2
iius	1
il	1
il-1β	13
il-1β-stimulated	2
immediately	4
immune	2
immunobe	1
immunohistochemistry	1
immunosuppressant	1
immunosuppressive	2
impact	9
implicate	1
implication	1
imply	3
importance	1
important	26
impressive	1
improve	5
improvement	1
in	559
in-hospital	1
inappropriately	1
inc	1
incidence	6
include	22
inclusion	1
income	3
incomplete	1
inconsistent	1
increase	30
increased	2
increment	1
incremental	4
incubate	1
incubated	10
incubation	7
indeed	4
independent	1
independently	1
index	5
indicadores	1
indicate	10
indicator	2
individual	3
induce	1
inducer	1
inducible	1
induction	2
industrial	1
industrialized	1
inequality	2
infarction	14
infection	4
infiltrate	1
infiltration	1
inflammation	4
inflammatory	4
influence	2
information	4
infra-orbital	1
inherent	1
inhibit	2
inhibition	2
inhibitor	4
inhibitory	1
initially	2
initiate	8
initiation	2
injury	1
innovation	1
inpatient	1
input	4
insect	2
insensitive	1
insert	1
insight	1
instead	1
institute	2
institution	3
instruction	1
instrument	1
instrumental	1
instruments	1
intact	2
intake	1
intense	1
intensifier	1
intensity	19
intention	1
interact	1
interaction	5
interest	6
interesting	1
interestingly	2
interferon	1
interferon-alpha	1
interleukin	1
intermediate	6
intermediate-term	1
intermittent	2
internal	3
international	7
interpolation	1
interval	6
intervention	8
interview	2
into	8
intrigue	1
introduce	1
introduction	2
invaginate	1
invasive	1
inverse	1
invest	8
investigate	2
investigator	1
investment	8
invitrogen	1
involve	6
involvement	7
ion	2
ionization	1
ipf	24
irreversible	1
ischemic	1
ischemium	6
isi	3
islet	1
isoform	3
isopropyl	2
isotope	1
issue	1
it	55
its	11
itself	2
ius	3
iv	1
j	2
journal	22
juricic	1
just	2
k	1
kcl	3
kda	1
keerthisingam	2
keratoconjunctivitis	2
key	1
kidney	4
kilogram	1
kinase	3
knockout	1
know	8
knowledge	1
kodak	1
kofi	1
kumar	1
la	2
label	2
labial	4
laboratory	2
lachrymal	1
lack	4
lacz	1
lane	1
large	11
largely	2
larger	1
largest	1
last	3
late	1
later	4
lateral	3
latest	1
latin	32
latter	1
lawn	1
layer	2
ldl	6
lead	2
least	3
leave	3
leica	1
lengthy	1
lens	3
lesion	2
less	4
leupeptin	1
level	22
level—previous	1
lft	10
life	19
life-year	2
life—they	1
ligand	21
light	3
like	7
likely	16
limb	9
limit	3
limitation	6
limited	2
line	2
linear	2
link	4
lion	1
lipid	5
lipid-low	1
lipid-lower	9
lipoprotein	4
liquid	3
list	5
little	5
live	4
liver	62
load	1
loading	3
local	1
localize	6
locally	1
long	3
long-term	2
longer	5
longitudinal	1
look	3
lose	11
loss	11
louis	1
low	14
lower	21
lowermost	1
luminol	1
lung	33
lymphocyte	3
lymphocytic	2
lysine	2
lyzed	2
m	6
ma	1
macroscopically	1
magnetic	2
magnitude	1
mail	1
main	1
mainly	1
mainstream	1
maintain	2
major	5
majority	2
make	13
male	2
malnutrition	1
mammal	1
man	21
manifestation	4
mann	1
manner	2
manthorpe	1
manufacturer	2
many	19
marginally	1
marker	8
mass	4
match	1
material	5
matrix	2
mature	1
maxillary	3
maximal	1
maximum	2
may	41
mean	21
means	2
measure	32
measurement	4
mechanical	1
mechanism	10
media	3
median	2
mediate	1
medicare	1
medication	3
medium	3
meet	1
meeting	2
megaprime	1
member	2
membrane	6
mention	8
merck	2
merely	2
mesangial	2
mesenchymal	1
mesenchyme	11
mesoderm	2
metabolite	6
metal	9
metal-	2
metal-ligands	1
meter	1
methanol	1
method	10
methodology	1
methods	1
methoxamine	1
methoxime	1
methylgluatryl	1
mg	17
mhz	8
mi	1
microscope	1
microscopically	1
might	1
migration	1
milk	1
million	1
millipore	1
min	16
minimal	1
minor	1
minus	3
minute	8
miracl	11
miracle	1
miraculous	2
misinterpret	1
miss	3
mitogenic	3
mix	4
mixed	3
mixture	1
ml	9
mm	21
mn	1
mo	1
model	4
moderately	3
modestly	1
modification	4
modify	2
modulate	3
molar	3
molecular	1
molecule	8
money	5
monomer	1
month	9
mops	2
morbidity	3
more	43
moreover	1
morn	1
morphogenesis	1
mortality	10
most	18
most-cited	1
motility	1
mount	6
mouse	15
mouth	1
mr	5
mrna	8
much	9
much-quoted	1
multiple	3
muscle	9
must	1
mutagenesis	1
mutant	2
mutate	1
mutation	4
mutations	1
mutually	1
myocardial	19
mystacial	2
mzfl	1
n	12
n,o-bis	2
nacl	3
nasal	3
nation	3
national	2
nations	3
nature	7
nearly	2
necessarily	1
need	9
negative	1
neglect	1
nen	1
neocortex	1
nervous	4
neural	4
neuron	3
neuronal	1
neurotransmitter	1
neutral	1
never	3
nevertheless	2
new	1
newer	2
next	2
nf-κb	2
ng	7
nh	2
nhlbus	2
nickel	1
nitrocellulose	1
nitrogen	7
nj	1
nl	1
nm	1
no	25
nodular	1
nomenclature	1
non-	9
non-exocrine	8
non-fatal	3
non-hydrolysable	2
non-hydrolyzable	1
non-neural	5
non-pharmacologic	1
non-significant	1
non-smoke	1
nondeuterated	1
none	4
nonfatal	1
nonfibrotic	1
nonsynaptic	1
normal	38
normal-weight	1
normalized	1
normative	1
north	6
northern	2
nose	1
not	93
notable	1
note	4
noteworthy	1
notochord	2
notoriously	1
novel	3
now	1
nsaid	1
ntpdases	8
nucleoside	1
nucleotidase	4
nucleotide	16
nucleotide-binding	1
nucleotides	1
null	1
number	43
numerous	1
nylon	1
o	3
obese	10
obesity	8
objective	4
observational	1
observe	11
obstacle	1
obtain	8
obvious	1
occasion	1
occupy	1
occur	7
occurrence	2
of	747
offset	1
often	4
oh	1
old	1
older	23
olfactory	3
olympus	1
on	67
once	5
oncogene	1
one	40
ongo	1
only	39
onset	2
open	3
openlab	1
operate	1
opportunity	1
oppose	2
optimal	2
optimistic	2
or	103
oral	1
order	4
organ	3
organization	2
orient	2
origin	1
osteo-arthritis	1
otc	1
other	46
otherwise	1
our	19
ours	1
out	9
out-published	1
outcome	7
outgrowth	1
outpace	1
output	4
outside	7
outstanding	1
over	12
over-adjustment	2
over-the-counter	1
overall	3
overhead	1
overlap	3
overlook	1
overnight	5
overweight	13
overwhelm	1
overwhelming	2
oviduct	1
oxygen	13
p	13
p-	1
pain	1
palate	6
panama	1
pancreatic	1
paper	2
papers	1
paracrine	1
paraformaldehyde	1
parallel	7
parameter	1
paraxial	2
part	3
partial	1
partially	2
participant	2
particular	2
particularly	10
pass	2
passage	5
passive	1
past	1
pathogenesis	4
pathologic	1
pathology	2
pathway	2
patient	93
pattern	12
pb	1
pbc	2
pbc-type	1
pbs	1
pdgf	1
peak	4
peer	2
pellet	2
penicillin	1
pentafluorobenzyl	2
people	3
pepstatin	1
per	10
percent	2
percentage	3
perception	2
perchloroacetic	1
percutaneous	3
perform	11
perhap	1
pericholangial	1
period	4
peripheral	1
permit	1
peroxidase	1
perpendicular	2
perpetuate	1
persist	1
persistent	2
person	22
pfizer	1
pg	4
pge	17
pgf	6
pgi	13
pgs	3
ph	16
pharmacia	2
pharmacologic	1
pharyngeal	9
phase	2
phenomenon	1
phenotype	3
phenotypic	3
phenotypical	2
phenotypically	1
phenylmethylsulphonyl	1
phosphate	13
phosphorylated	1
photograph	1
phtotograph	1
physiologic	1
physiological	2
pi	1
pick	1
picture	1
pioneering	1
pit	2
place	1
placebo	6
placebo-controll	3
placebo-treat	2
placode	7
plan	2
plaque	1
plastic	1
plasticity	1
plate	4
platelet	3
play	2
please	1
plot	3
plug	1
plus	3
po	2
point	4
policy	1
polyclonal	1
polyscience	1
pool	1
poor	6
population	11
population-base	2
portion	3
positive	8
positively	1
positivity	1
possibility	6
possible	12
post-oral	1
post-transcriptional	2
post-viral	2
posterior	3
postnatal	1
potato	1
potent	1
potential	5
potentially	1
potentiated	1
pouch	5
pound	3
powdered	1
power	2
powerful	1
practice	1
pravastatin	3
pre-	2
pre-apical	2
precipitate	2
precipitation	1
preconditioned	1
predict	1
predictive	1
prednisone	1
predominance	1
predominant	2
prehybridization	1
preliminary	1
premature	1
preparation	2
prepare	1
prepsep	1
presence	19
present	21
pressure	1
presumably	3
prevalence	10
prevalent	3
prevent	2
prevention	6
previous	11
previously	7
prewarm	1
primarily	2
primary	16
prime	1
prior	1
priority	1
probable	1
probably	8
probe	10
problem	3
procedure	1
proceed	1
process	9
procollagen	1
produce	12
product	4
production	25
productive	1
productivity	9
products	1
profibrotic	2
profile	1
progenitor	4
prognostic	1
program	4
progression	1
proinflammatory	1
proliferation	13
prolonged	2
prominence	1
prominent	1
promote	2
pronounced	1
properly	1
property	2
proportion	11
proportional	3
proportionally	1
propose	6
prostacyclin	3
prostaglandin	2
prostanoid	2
prostanoids	2
protection	1
protein	17
prothrombotic	1
proto	1
protocol	2
prove	4
provide	8
proximal	4
ptca	2
publication	46
publish	6
publishing	5
pulmonary	3
purchase	2
purge	1
purified	7
push	1
pyridine	3
pyruvate	2
q	1
q-	6
qaly	1
qiagen	1
qpowa	2
quality	3
quality-adjust	2
quantification	1
quantify	2
quaternary	1
question	6
questionnaire	1
quick	1
quiescent	1
quite	1
quo	1
rabbit	1
race	5
rainin	1
random	2
randomize	6
rang	2
range	9
rapid	1
rapidly	1
rare	1
rarely	1
rat	1
rate	7
rather	11
ratio	18
reach	4
reaction	4
read	1
readily	2
reagent	2
reagents	1
realize	1
reason	8
reasonably	1
receive	7
recent	9
recently	8
receptor	7
recombinant	1
recommend	2
recommendation	2
recruit	3
rectangular	1
recurrent	3
red	1
reduce	5
reductase	1
reduction	8
refer	1
reference	2
referral	1
reflect	3
regard	2
regardless	1
regenerative	1
region	30
regional	2
register	1
regress	1
regression	2
regulate	3
regulation	3
regulator	2
rehospitalization	4
relate	5
relation	2
relationship	4
relative	11
relatively	5
release	7
relevant	2
remain	4
remains	2
remarkable	1
remove	5
renal	1
render	1
renewable	1
repair	1
repeat	3
replace	4
report	29
represent	6
require	14
research	26
researcher	11
resemble	1
residual	1
residue	4
residues	1
resin	1
resolve	1
resource	2
respect	1
respectively	19
respond	2
response	3
rest	3
restenosis	1
result	54
resuscitate	3
resuspended	3
retrospective	1
revascularization	8
reveal	6
reversible	1
review	4
rheumatoid	1
rhinal	2
rica	1
richer	1
ricyt	4
riddoch	1
ridge	3
right	2
rise	2
risk	34
risk-factor-attributable	1
rna	14
rnase	3
rneasy	1
rnp	2
ro	3
road	2
robust	2
rodent	1
rodger	2
role	11
room	7
rose	1
row	4
rr	5
s	7
s-	1
safe	1
safety	3
salary	1
saline	1
salivary	7
salt	1
same	6
sample	17
save	1
sax	1
saying	1
scale	2
scd	36
scheduled	1
sci	6
science	21
scientific	45
scientist	9
scissors	1
sclerose	1
sclerosis	1
scope	1
score	2
screen	1
sd	1
sds	2
sds-page	1
search	1
second	8
secondary	12
seconds	1
secretary-	1
secretion	2
section	10
sedimentation	2
see	13
seek	5
selection	2
self-image	1
self-rate	2
self-report	1
senescence	1
sense	4
sensitive	4
sensitivity	1
sentiment	1
separate	5
separately	2
separation	1
sequence	2
series	1
serious	3
serological	4
serum	10
serve	7
set	19
seven	3
several	11
severe	1
severely	1
severity	2
sex	6
share	4
shift	2
shock	1
short	2
short-term	3
shorter	2
shortly	1
should	10
show	52
shy	1
sialadenitis	1
sicca	4
side-chain	1
sigma	2
sign	1
signal	19
significance	2
significant	20
significantly	20
similar	31
similarity	1
simple	2
simpler	1
simulation	1
simulations	1
simultaneously	1
simvastatin	5
since	24
single	3
site	20
situ	9
situation	1
six	3
sixth	1
size	20
sjögren	6
slightly	2
slowly	1
small	10
smaller	2
smoke	6
smoker	2
smooth	7
so	8
social	1
sodium	1
software	1
solubilization	1
soluble	10
solution	8
solve	1
solvent	2
some	14
sometime	1
somewhat	3
sonicated	1
soon	2
sort	1
source	4
south	1
speaker	2
specialize	2
species	50
specific	4
specifically	5
spectrometer	1
spectrometry	1
spectroscopic	1
spectrum	20
speed	1
spend	1
spinal	1
splice	2
split	1
splitting	2
spot	1
square	2
squared	1
ss	41
ssc	5
st	2
stability	1
stable	11
stack	1
stage	7
stain	3
standard	8
start	1
state	1
states	18
statin	18
statin-mediate	1
statistical	4
statistically	5
statistics	1
status	3
stem	3
sterile	1
still	5
stimulate	13
stimulation	4
stimulus	3
stir	1
stock	1
stop	2
store	1
strand	2
stratagene	1
stratalinker	1
strategy	3
streptomycin	1
stress	1
strikingly	1
stringency	2
stringent	1
stripe	2
stroke	3
strong	5
strongest	1
strongly	2
structure	8
study	74
sub	1
subclinical	1
subcontinent	1
subgroup	4
subject	15
submental	2
subregion	1
subsequent	2
subset	1
substantial	4
substantive	1
substantively	1
substitute	2
substitution	1
substrate	4
subunit	3
subventricular	1
successful	1
successfully	1
such	18
sudden	3
sugar	1
suggest	33
sulfate	1
summarize	1
superfamily	1
superiority	2
supernatant	4
superose-	1
support	3
supra-orbital	1
surely	1
surface	5
surgery	1
surgical	1
surprise	2
surprising	1
surprisingly	1
surround	1
survey	1
survival	5
survive	1
swap	1
swinbanks	1
swiss	1
symptom	1
symptomatic	2
syndrome	22
synthesis	6
synthetase	2
system	5
systemic	6
systolic	1
t	15
t-test	2
table	13
tail	6
tailbud	4
take	4
target	8
tbs	1
te	1
technical	2
technology	1
tecnología	1
telephone	1
tell	1
temperature	7
temporal	1
ten	2
tend	2
tendency	1
tensor	4
term	1
tertiary	3
test	25
testis	1
tgfβ	4
than	47
that	203
thawed	3
the	1037
their	18
them	6
themselves	1
then	14
theoretical	2
therapy	21
there	28
thereafter	1
therefore	2
these	60
they	12
thickness	1
think	2
third	7
this	73
thoroughly	1
those	31
though	2
thousand	1
three	16
thromboxane	4
through	7
throughout	7
thus	7
thyroid	1
time	14
tissue	20
tlc	1
tnf-α	2
tnf-α-stimulated	1
to	327
tobacco	3
together	1
too	1
top	20
top-ranked	1
torulum	1
total	10
tough	1
toward	1
towards	2
toxic	1
toxicity	1
traditional	1
transaminase	1
transbronchial	1
transcript	10
transcription	1
transfected	1
transfer	6
transform	1
transgene	1
transgenic	1
transient	1
transition	6
translation	1
translational	1
translocation	1
transluminal	2
transplant	3
transplantation	3
travel	2
treat	6
treatment	14
trend	6
trends	1
tri	1
trial	33
trifluoroacetamide	2
triglyceride	1
trimethylsilyl	4
triphosphate	1
tris	2
tris-	2
tris-hcl	1
trouble	1
true	2
truncate	1
trypsin	1
tsiano	1
tube	4
turn	1
tween	3
twice	2
two	48
two-third	1
tx	2
txa	13
txb	11
type	14
typically	1
ultimately	1
unbalanced	1
unbiase	1
uncertain	1
unchanged	2
unclear	2
uncommon	1
unconcerned	1
under	4
undergo	5
underlie	2
underrepresented	1
understand	1
understanding	1
undertake	2
underweight	17
undetectable	1
undoubtedly	1
unequivocally	1
unesco	4
unethical	1
unexplain	1
unfortunately	1
unhealthy	5
unintend	4
unintentionally	1
unique	2
unit	3
united	21
universal	1
universally	1
unlike	1
unlikely	3
unpublish	1
unreliable	1
unsafe	1
unspecific	1
unstable	9
unstimulated	3
until	3
unusual	1
up	5
upon	1
upper	1
uppermost	1
upregulate	1
upregulated	1
upregulation	2
upward	1
urgently	2
ursodeoxycolic	1
uruguay	1
us	2
use	52
utilization	2
utp	1
uv	1
v	13
v-	1
vaginal	1
validate	1
value	12
vanadate	1
vanadyl	6
vancheri	1
variability	1
variable	7
variance	1
variety	1
various	2
vary	2
vascular	5
vasculature	1
ventral	1
ventrally	1
ventricular	3
versus	11
very	14
vessel	2
via	2
vibrissa	12
vibrissal	3
vigorous	1
viral	4
virtually	2
virus	7
visit	1
visual	1
vitro	4
vivo	3
vo	72
vohora	2
vol	4
volume	1
w	3
warrant	1
wash	13
water	7
wave	7
way	3
we	65
weak	2
webster	1
week	7
weight	31
weight-loss	1
well	14
well-establish	1
well-known	1
western	2
westmoreland	1
whaley	1
what	2
when	33
where	3
whereas	2
whether	9
which	39
while	22
white	5
whites	6
whitney	1
who	31
whole	8
whom	5
whose	2
why	3
wide	1
widely	2
wider	1
wilborn	1
will	16
with	217
withhold	2
within	10
without	10
woman	34
work	4
world	22
worldwide	5
worse	1
worsen	4
worth	2
would	28
wrap	2
write	1
x	8
x-	1
xerostomium	1
xr	1
xylene	1
y	1
year	60
yet	2
yhl	63
yield	2
ym	1
yol	50
your	2
z	8
zeocin	1
zero	3
zocor	2
zone	2
|	64
®	3
°	46
±	4
×	1
α	13
β	3
β-	1
β-mercaptoethanol	1
β-phosphate	1
γ-	1
γ-amino	1
γ-phosphate	3
ε-amino	1
μg	6
μj	1
μl	2
μm	2
σ	1
–	7
“	1
”	1
™	1
≥	1
⊥	2
