  	2
    	1
 Ber	1
 a	1
 h	1
"	508
#	11
$	8
$1	5
$1,590	1
$1.125	1
$1.24	1
$1.35	1
$1.4	1
$1.5	3
$1.55	1
$1.61	1
$1.65	3
$1.76	2
$1.9	1
$1.92	1
$1.99	1
$10	4
$10,000	1
$100	2
$113.2	1
$12	1
$12.09	1
$12.5	1
$12.97	1
$13.625	1
$13.65	2
$132,000	1
$14.75	1
$141.9	1
$149.9	1
$150	1
$153.3	1
$155	1
$158,666	1
$16	1
$169.9	1
$17	2
$17.3	1
$18	1
$19	1
$19.50	1
$195	1
$2	6
$2.1	1
$2.3	2
$2.5	3
$2.50	1
$2.75	1
$2.8	1
$2.9	1
$20	2
$200	2
$212	1
$22,000	1
$225,000	1
$23.25	1
$23.5	2
$24	1
$24.95	1
$25	1
$250	1
$26	1
$26,956	1
$27	2
$28.25	1
$29	1
$3	5
$3,816	1
$3.2	2
$3.5	1
$3.55	1
$3.625	1
$3.8	1
$300	1
$300,000	1
$306	1
$31	1
$35.2	1
$352.9	1
$361.8	1
$37.3	1
$38.875	1
$387.8	1
$396,000	1
$4	3
$4.14	1
$4.5	1
$4.55	1
$4.7	1
$4.9	1
$40	1
$400,000	1
$415	1
$422.5	1
$43.875	1
$430	1
$45.2	1
$45.75	1
$472	1
$492	1
$5	1
$5.3	1
$5.5	1
$5.63	1
$5.8	1
$50	1
$500	2
$500,000	2
$53,700	1
$55	1
$57.50	1
$576	1
$6	2
$6,000	1
$6,500	1
$6.1	1
$6.44	1
$6.6	4
$600	1
$608,413	1
$62	1
$62.1	1
$65	1
$7	1
$7.2	1
$7.5	1
$7.59	3
$7.8	1
$70.2	1
$70.7	1
$71	1
$8,100	1
$8.2	1
$8.5	1
$8.9	1
$80.50	1
$84.9	1
$85	1
$85.7	1
$89.9	1
$9	1
$9.8	1
$9.9	2
$92	1
$93.3	1
$94.2	1
$967,809	1
$992,000	1
%	43
&	23
'	50
'd	2
'll	4
's	223
(	64
)	64
,	1546
-	336
--	13
.	1311
...	3
.193	1
.208	1
.256	1
.281	1
.287	1
.304	1
.316	1
/	8
0	1
0.82	1
000	1
01	1
02	8
0408	1
05	1
0671	1
07	9
0711	1
0925	1
0945	1
1	8
1,000	4
1,100	2
1,200	2
1,500	1
1,800	1
1,890	1
1.125	1
1.26	1
1.64	1
1.8	1
1/2	1
10	13
10,000	1
10.2	1
10.3	1
100	2
103	2
105	1
11	9
11.5	1
1111	1
1112	1
118	1
11:11	1
11:12	1
12	7
12.5	3
1259	1
128	1
12th	1
13	7
13.5	1
13.73	1
130	1
130.6	1
133	2
1346	1
1347	1
135	1
13:46	1
13:47	1
14	6
14.43	1
140,000	2
144	1
148.9	1
15	14
1501	1
155	1
16	4
16,000	1
16.125	1
16.2	1
16.7	1
1600	1
17	1
17.3	1
170	1
175	1
1792	1
18	10
180	1
1804	1
1808	1
1845	1
1850	1
1892	1
18:45	1
19	2
1907	1
1933	5
1937	1
1940s	1
1944	2
1945	2
1950s	1
1954	1
1960	1
1961	1
1962	1
1963	1
1970	1
1973	2
1980	1
1980s	2
1981	2
1983	1
1984	1
1985	1
1986	2
1988	9
1989	6
1990	6
1990s	2
1991	2
1992	4
1993	2
1995	6
1996	3
1997	4
1998	4
1999	4
1st	2
2	3
2.1	1
2.2	1
2.35	1
2.42	1
2.46	1
2.7	1
20	9
20,000	1
200	2
2000	5
2001	3
2002	6
2002-07-31	9
2008	1
2018	1
21	4
21,000	1
212	1
2130	1
21:30	1
22	5
220	1
23	2
23.5	1
2338	1
235	1
2353	1
23:38	1
23:52	1
23:53	1
24	4
24,000	1
25	3
259	1
260	1
27	2
275	1
28	1
29	9
2:45	1
3	1
3.33	1
3.6	1
3.69	1
3.7	1
30	11
300	5
30233331	1
31	22
32	2
32,000	1
33	3
3333	1
34	2
35	6
350	1
37	1
37.5	2
38.5	1
388	1
39	1
390	2
4	3
4.10	1
4.6	1
40	2
41	1
427	1
43	1
44	1
4480	1
45	3
450	2
45th	1
46	2
4697	1
47	3
499	1
5	5
50	8
50.1	1
500	2
509th	15
51	2
52	2
53	2
530	1
534	1
54	2
55	3
56	2
57	1
57.6	1
57th	1
58	2
59	1
6	7
6.70	1
60	1
600,000	1
62	2
63	2
64	1
65	1
660	1
672	1
68	2
7	3
70	3
70,000	1
707	1
71	1
72	1
722	1
732	2
75	1
750,000	2
76	1
79	1
8	2
8.9	1
80	2
800	1
82	1
83	1
85,000	1
87	3
87.5	1
89	1
89.7	1
8:15	1
9	5
9.625	1
90	4
900	6
90th	2
913	1
94.8	1
95	1
950	1
99.3	1
:	66
;	19
>	1
?	12
A.	2
A.L.	2
A4250	1
A4345	1
A4346	1
A4537	1
A4696	1
A4917	1
A4928	1
A4931	1
AT&T	4
B-29	1
B.	1
BC-ATOMIC-BOMB-0801	2
BC-FBC-SEC-NOTES-0801	2
BC-FIG-OLY-ARREST-1	2
BC-IBM-CHIPS-1	2
C.	2
Co.	9
Conn.	1
Cx1	8
D.	4
D.C.	2
E.	1
G.	4
H.	1
Inc.	22
J.	2
K.	2
L.	1
M.	3
M.D.	1
N.C.	1
N.J.	4
N.V.	3
N.Y.	4
NULL	11
NYT-07	8
NYT20020731.0049	1
NYT20020731.0050	1
NYT20020731.0077	1
NYT20020731.0078	1
NYT20020731.0191	1
NYT20020731.0312	1
NYT20020731.0371	1
NYT20020731.0375	1
NYT20020731.0376	1
No.	3
O.	1
One	2
Q2420	1
R.	3
S.	2
T	1
T.	1
They	1
U.N.	6
U.S.	42
W.	1
_	1
`	6
a	664
a.m.	3
abandon	2
abdulwahab	1
abello	1
ability	3
able	4
abortion	1
about	62
above	3
abrogation	1
absorb	1
abundant	1
abuse	3
accept	6
acceptable	1
acceptance	4
access	2
accessory	2
accompany	1
accord	10
account	5
accountable	1
accrue	1
accuracy	1
accurate	1
accusation	1
accuse	2
accuser	1
achieve	4
acid	1
ackerman	4
acknowledge	1
acquire	4
acquisition	12
across	1
act	10
action	17
activate	1
active	5
activism	1
activist	3
activity	5
actual	1
actually	2
acute	1
ad	1
adam	1
adapt	1
add	14
addition	7
additional	3
address	2
adequately	1
adjustment	1
adjutant	2
administration	3
administrative	3
administrator	1
admire	1
admit	1
admonished	3
admonishes	1
admonition	1
adopt	4
adulthood	1
advance	7
advanced	1
advantage	5
adventures	1
advertise	1
advertisement	3
advertising	3
adviser	1
affair	3
affect	4
affidavit	2
affiliate	1
afford	1
affordable	1
affront	1
afloat	1
afp	1
afraid	1
after	50
after-tax	1
afternoon	1
again	5
against	13
age	5
agency	5
agenda	3
agent	7
aggravating	1
aggressive	1
ago	13
agree	7
agreement	2
agriculture	1
ahead	3
aid	4
aide	4
ail	1
aim	4
air	12
airfield	1
airman	2
airtight	1
ajc	1
ak-47	1
akerfeldt	1
akroyd	1
al	3
al-	1
ala	1
alabama	2
alan	1
albar	1
alex	1
alfred	2
alice	1
align	1
alimzhan	1
alive	1
all	40
all-day	1
allegation	2
allege	4
allen	1
allocate	1
allow	7
ally	1
almost	5
alone	1
along	5
alongside	1
already	14
also	50
alternative	1
although	2
altos	1
alus	2
always	6
amateur	1
amazing	1
ambassador	3
ambiguity	1
ambiguous	1
ambitious	1
ambush	1
america	20
american	32
americans	1
americas	2
amicable	1
amid	1
amman	2
among	8
amorim	1
amortization	1
amount	7
amplifier	1
an	121
ana	1
anaheim	3
analysis	3
analyst	7
and	615
andersson	1
andre	1
andrea	1
andrew	1
anecdotal	1
angela	1
angels	11
anissina	13
ann	2
anniversary	1
announce	6
announcement	1
annual	5
annulled	1
anonymous	2
another	18
answer	2
antarctic	1
anti-	2
anti-aircraft	1
anti-democratic	1
anti-takeover	1
anticipate	1
anticipation	1
antidepressant	1
antique	1
antiterrorism	1
anton	1
antonio	1
anwar	3
anxious	1
any	20
anything	5
ap	2
apa	8
apiece	2
apologize	2
appall	1
apparently	1
appeal	1
appear	10
appearance	2
appetite	1
applause	1
appliance	1
application	1
applied	1
appoint	2
appointment	2
approach	4
appropriate	2
approval	2
approve	3
april	2
aquarium	4
arab	3
area	14
argue	2
argument	3
arise	1
arizona	1
arm	3
armed	1
army	5
arnold	2
around	10
arrange	1
arrangement	1
arrest	10
arrive	8
art	4
article	4
arts	1
artwork	1
as	120
aseltine	1
asher	1
asia	4
asian	7
ask	8
asman	1
assassination	2
assemble	4
assembly	1
assess	4
asset	5
assignment	1
assist	2
assistance	1
assistant	4
associate	1
associated	3
associates	1
association	17
assume	4
assure	4
astonishing	1
astoria	1
at	130
atlanta	2
atlantic	2
atom	1
atomic	4
atrocity	1
attack	6
attain	1
attempt	9
attend	2
attendance	1
attention	4
attorney	4
attract	2
attribute	2
au	1
auburn	1
auction	13
auctioneer	1
audience	2
aug	4
august	2
augustus	1
austin	4
author	2
authority	10
auto	3
autograph	2
automate	1
automatic-teller	1
automatically	1
automotive	5
available	6
avert	1
avon	1
award	4
aware	1
awareness	2
awash	1
away	3
awesome	1
azizah	1
b	7
back	17
background	1
backlash	1
backlog	1
backup	2
bad	4
badly	1
baghdad	3
bakery	2
baking	1
balaban	2
balance	1
ballot	6
ban	1
bandar	1
bank	11
banker	1
banking	1
bankrupt	1
bankruptcy	5
bar	2
barb	1
barbara	1
barco	3
barely	1
bargain	1
barrage	1
barrier	1
barron	1
barth	1
bartolo	1
base	25
baseball	2
baserunner	1
bash	1
basic	1
basis	2
basra	1
bat	2
bated	1
battalion	1
battery	4
battle	2
bay	5
bc-bba-angnote-ladn	2
bc-chefs-savingfish-nns	2
bc-juliachild-sf	1
bc-juliachild-sfchron	1
bc-producebin-sf	1
bc-producebin-sfchron	1
bc-psychologists-drugs-s	1
bc-psychologists-drugs-sciam-art-nytsf	1
be	833
beach	1
bean	1
bear	5
beat	1
beautiful	2
because	26
beck	1
become	13
bed	3
before	25
begawan	1
begin	11
beginning	1
behavior	4
behind	2
behring	1
belief	2
believe	10
below	5
bench	2
bend	1
beneficiary	1
benefit	9
bengie	5
berezhnaya	2
bernardin	2
bertholle	1
besides	1
best	8
best-known	1
best-selling	1
bet	2
beth	3
betrayal	1
better	5
between	13
beyond	1
bid	5
bidder	6
bidding	1
big	9
bigger	1
biggest	4
bilingual	1
bill	7
billboard	2
billion	24
billy	1
bin	3
biology	1
biomedical	1
birmingham	2
birthday	7
bit	1
bitter	9
bitterness	1
black	5
blackmail	1
blame	1
blanched	1
bleed	1
blessing	3
bleu	1
blind	3
block	3
blockbuster	1
blood	1
bloodthirsty	1
bloomberg	1
blow	1
blue	1
blunder	1
board	10
boast	1
boat	1
bob	1
bobby	1
body	2
bogota	2
bolivia	1
bolster	1
bomb	18
bomber	2
bombing	5
bonanza	1
bond	1
bonneville	1
bonus	1
book	6
bookkeeper	1
boom	1
boost	1
boot	1
boot-straps	1
border	2
borge	1
boss	1
boston	3
botanically	1
both	11
bottle	1
bottom	1
bounce	1
bound	1
bowls	1
boy	3
boycott	4
brace	1
bradley	1
braised	1
bread	1
break	3
breast	1
breeze	1
brewers	2
bribery	1
brief	3
brigham	1
bright	1
brilla	1
bring	4
britain	1
british	1
broadcast	2
broadcasting	1
broader	1
bronco	1
bronze	3
brother	5
brunei	2
bubble	2
buchanan	1
budget	1
buell	1
build	6
building	2
bulk	1
bullpen	1
bully	1
bunch	1
bunk	1
buoyancy	1
burlington	1
burst	1
bus	2
bush	15
business	22
businessman	2
buster	1
but	100
butter	3
buy	10
buyer	5
by	138
c	6
c.2002	5
cabbage	1
cable	2
cadmium	1
cairo	2
cajole	1
cake	2
calendar	2
calif	4
california	8
call	25
caller	2
cambridge	1
camden	1
camera	1
campaign	17
campbell	1
can	21
canada	4
canadian	5
canadians	2
cancel	1
candid	1
candidate	5
canine	1
cannot	6
cano	1
cap	1
capability	2
capacity	3
cape	1
capital	13
captain	1
capture	1
car	1
cara	2
carbon	2
card	3
care	5
career	6
cargo	1
caribbean	1
carl	4
carla	1
carnival	2
carpet	1
carrier	3
carry	3
cartel	4
case	15
cash	12
cash-flow	1
cast	1
castro	4
casualty	5
cataloged	1
catch	8
catcher	3
category	1
catering	1
cause	3
caviar	2
cd	3
cease	1
celebrate	2
celebration	2
celebrity	2
cell	3
cellophane	1
censorship	1
censure	1
cent	32
center	11
central	4
centralize	1
cereal	1
ceremony	6
certain	5
certainly	2
certificate	1
certify	1
chabon	1
chain	3
chair	1
chairman	8
chamber	1
champion	1
championship	1
chance	4
chang	38
change	15
changed	1
chapatus	1
chapter	1
charantium	1
charge	27
charity	1
charles	1
chassis	3
chastise	1
chatter	1
check	2
chef	17
chefs	2
chemical	3
chief	13
chiefly	1
child	26
childs	1
chilean	14
chilling	1
china	1
chinese	4
chip	13
chocolat	1
chocolate	2
choice	2
chok	1
cholesterol	1
choose	5
chop	1
christian	2
christie	1
christine	1
christmas	3
chron	1
chronic	1
chronicle	6
chuck	1
cincinnati	1
circuit	1
circuitry	1
circulation	2
circumstance	4
citadel	3
cite	7
cites	1
citibank	1
citizen	6
citizenship	2
citrus	1
city	20
civilian	3
claim	9
claire	1
class	8
classic	1
classification	2
classroom	1
clay	1
clean	5
clear	9
clearly	1
cleave	1
cleveland	2
client	7
cliff	1
climate	1
climb	3
clinical	3
clock	1
clone	1
close	22
closely	3
closer	1
closing	3
cloth	2
cloud	1
clout	1
club	5
co	1
co-authors	1
co-conspirator	1
co-conspirators	1
co-found	2
coach	2
coaching	1
coast	1
coastal	1
cobra	1
cocaine-connected	1
cockcroft	1
cocoa	1
code	2
coffee	1
coin	29
coincide	2
coins	1
col	1
cole	3
coleco	3
colin	2
collaboration	1
collapse	2
collect	1
collecting	1
collection	1
collector	6
college	4
colombia	6
colombian	3
colon	2
color	3
columbia	8
columbus	2
com	7
combat	2
come	27
comeback	1
comedian	1
comey	4
command	2
commander	2
commanding	1
comment	5
commercial	2
commercially	1
commission	2
commit	4
commitment	2
committee	34
commodity	1
commodores	1
common	18
commonly	1
communication	5
communications	2
communique	1
community	5
compact-disc	2
company	80
compare	11
comparison	2
compel	2
compensation	1
compete	3
competition	3
competitive	3
competitor	2
complaint	6
complement	1
complete	7
completion	2
complex	1
compliance	2
complicate	2
complicity	1
compose	1
composite	7
comptroller	3
computer	12
computer-maintenance	1
computer-security	1
concede	1
conceive	1
concentrate	1
concern	20
conclude	3
condiment	1
condition	1
conditional	1
condominium	1
conduct	5
conference	7
confidence	1
confident	1
confirm	3
conflict	2
conflicting	1
confuse	1
confusing	1
congress	4
congressional	3
congressman	3
conn	1
connect	4
connection	2
conscience	1
consequently	3
conservation	6
consider	8
consistent	2
console	1
conspiracy	5
conspirator	1
conspire	1
constituency	1
constitute	1
constitution	1
constraint	1
constrict	1
construction	3
constructive	1
consulting	1
consumer	4
consuming	1
contact	9
contain	1
container	1
contemporary	1
contemptuous	1
contend	2
contender	1
contention	1
contents	1
contest	2
continental	1
continuation	1
continue	12
continuously	1
contra	1
contract	5
contractor	2
contrary	1
contrast	1
contribute	2
contribution	1
contributor	1
control	3
controll	1
controversy	1
convention	2
conversation	4
conversion	2
convert	1
convertible	3
convict	6
conviction	2
convince	1
cook	5
cooking	7
cooper	1
cooperate	3
cooperation	5
coordinate	2
coordinator	1
copia	3
copium	1
coppola	1
coptic	1
copy	1
copyright	1
cord	1
cordon	1
core	2
corn	2
corp	22
corporate	6
corporation	1
corps	1
correct	1
correction	1
corrupt	1
corruptly	1
cosmetic	2
cost	22
cost-control	1
cost-cutting	1
costly	3
could	30
count	1
counter	4
counterpart	2
counterterrorism	2
countless	1
country	17
county	2
couple	2
coupon	1
courage	1
court	23
cover	6
coverall	1
covering	1
cox	8
cq	1
crabmeat	1
crack	4
crawfish	1
craze	1
crazy	1
create	5
creation	2
credibility	3
credible	2
credit	3
creditor	4
crescent	1
crew	10
crime	7
criminal	6
crimson	1
crippling	1
crisis	2
crispy	1
critic	2
critical	2
criticize	4
cronyism	1
crop	1
cross	1
crowd	3
crown	3
crucial	1
crude	1
crudest	1
cruel	1
cruise	2
crum	3
crust	1
cry	1
cryptographer	1
cuba	2
cuban	1
cue	1
cuisine	2
culinary	5
cultivate	1
cuomo	1
curb	1
currency	1
current	7
currently	7
curriculum	1
curry	1
curtail	1
custom	2
customary	1
customer	8
customize	1
cut	9
cutcliffe	4
cutthroat	1
cutting	1
cycle	1
cyclical	1
cyst	1
d	2
d-hawaii	1
d-n.j	1
d-ohio	2
d-s.d	1
dad	1
dakota	1
damage	2
damages	1
dame	1
dan	1
dancer	8
dancing	5
danger	1
daniel	1
dark	2
daschle	1
datapoint	1
date	1
datum	2
daughter	1
daunting	1
david	11
davison	3
day	23
dayton	1
dd	4
de	1
dead	1
deadline	4
deal	11
dealer	3
dealership	1
dealings	2
death	14
debate	3
debenture	1
deborah	1
debra	2
debt	5
debut	1
dec	2
decade	4
deceit	1
decide	6
decision	3
declaration	1
declare	4
decline	8
decorate	1
dedicate	1
dedication	1
deem	2
deepens	1
deere	1
defeat	2
defence	1
defend	1
defender	1
defense	5
definition	1
degree	2
dei	2
deisher	2
delaware	1
delay	1
deliberation	1
delist	1
deliver	3
delivery	1
deliveryman	1
deluge	1
demand	9
democracy	5
democrat	2
democratic	4
democrats	1
demonstrate	2
demonstration	1
denise	3
denton	1
deny	1
department	8
departure	6
depend	3
depiction	1
deplete	1
depletion	1
depose	1
depositary	1
depot	1
depreciation	1
depth	2
deputy	3
derive	1
descend	1
describe	3
description	2
desert	3
deserving	1
deshong	1
design	9
designation	1
designer	2
desire	1
desk	2
desktop	2
despite	3
dessert	1
destiny	2
destroy	5
destruction	4
detail	3
detailed	1
detention	1
deter	1
determination	1
determine	1
detonation	1
devastation	1
develop	7
developer	1
developing	1
development	7
device	3
devices	1
devoid	1
dewan	1
dgamino	1
dial	2
diamond	1
dianto	1
diaper	8
dictatorship	1
didier	1
die	3
diet	1
differ	1
difference	4
different	11
differently	1
difficult	2
digging	1
dignity	1
dilute	1
diner	1
dining	1
dinner	6
dioxide	2
diploma	1
diplomatic	3
diplomatically	1
dire	1
direct	4
director	15
directorship	1
disabled	1
disagreement	1
disappear	2
disappoint	2
disappointing	1
disappointment	1
disaster	2
discipline	1
disclose	3
disclosure	3
discontinue	2
discount	1
discover	1
discuss	5
discussion	2
disgruntled	1
dish	1
disk	1
dismantle	1
dismay	1
dismissal	1
disorganized	1
display	7
disposable	1
disposal	3
dispute	2
disregard	1
dissent	1
distanced	1
distinguished	1
distribute	4
distributor	1
district	5
disturbance	1
disturbing	1
diversity	1
dividend	7
division	4
do	77
doctor	1
doctorate	1
document	7
doherty	1
doll	1
dollar	9
dollop	1
dominate	3
donaldson	1
donor	1
donut	1
donuts	1
door	2
double	10
doubt	2
douglas	1
dow	4
down	20
downtown	3
downturn	2
dozen	3
draft	1
drag	1
drain	1
drama	1
dramatic	1
draw	1
drawer	1
dream	3
drew	1
drift	2
drink	1
drive	6
driver	1
drop	11
drug	14
drug-financed	1
dry	1
dsm	3
dual	1
dubaus	20
duck	2
due	7
duluth	1
dunkin	5
duplicate	1
during	14
dutch	2
duty	8
dwell	2
dydee	1
dynamite	1
dynasty	1
e-	2
e-commerce	4
e-mail	3
e-trade	1
each	23
eager	1
eagle	10
ear	1
earlier	11
early	14
earn	9
earning	9
earnings	6
earring	4
earth	2
earthquake	2
ease	2
east	14
easterling	3
eastward	1
easy	1
eat	3
eavesdropping	1
ebay	1
ebullient	1
economic	6
economy	2
ecosystem	2
ecuador	1
ed it.	1
eddin	1
edelman	4
edge	1
edition	2
editor	5
editorial	8
editors	3
eds	1
edt	9
educate	1
education	6
edward	2
effect	2
effective	4
efficacy	1
efficiency	2
efficient	1
effort	11
egg	1
egoless	1
egypt	6
egyptian	2
egyptians	1
eight	6
eighth	1
either	3
el	4
elaine	1
elco	2
election	8
electronic	10
electronics	3
eli	2
eligible	2
eliminate	7
elisa	1
elite	1
else	1
elsewhere	1
embargo	1
embark	1
embarrassing	1
embarrassment	1
embrace	1
emirate	1
emission	4
emory	1
emotional	1
emphasis	2
emphasize	3
empirically	1
employ	2
employe	1
employee	12
employment	1
en	1
enclose	2
encrypt	1
end	21
endanger	1
endorse	2
endure	1
enemy	1
energize	1
energy	2
enforcement	1
engage	2
engineering	2
england	1
english	1
engulf	1
enhance	1
enjoy	2
enola	4
enormous	1
enormously	1
enough	5
enrich	1
enriched	1
enroll	1
enshrined	1
ensue	1
ensure	1
enter	2
enterprise	1
entertaining	1
entertainment	2
enthusiast	1
entirely	1
entitle	1
environment	2
environmental	5
environmentalist	1
environmentally	1
envisioneering	1
episode	1
equal	1
equip	1
equipment	2
equivalency	1
equivalent	2
equus	4
era	1
erase	2
erbamont	2
eric	1
erode	1
erroneous	1
error	1
escape	1
especially	4
espectador	3
espionage	2
esplanade	1
esprit	1
essential	1
essentially	2
est	1
establish	1
estate	2
estimate	11
etc.	1
etched	1
ethics	16
ethnic	1
eurasian	1
european	2
evaluate	1
evaluation	1
eve	1
even	20
evening	2
event	3
eventually	1
ever	6
eveready	1
every	10
everybody	2
everyone	1
everything	7
everywhere	1
evidence	9
evident	1
ex-hog	1
exactly	2
examine	1
example	5
exasperation	1
exceed	1
excel	2
excellence	1
except	2
exception	1
excerpt	2
excess	2
exchange	10
excite	2
exciting	1
exclusive	1
execute	1
execution	1
executive	19
exempt	1
exercise	4
exhaustively	1
exhibit	1
exhibition	1
exile	1
exist	5
existence	1
exodus	1
exotic	1
expand	1
expansion	1
expect	26
expectation	2
expel	1
expenditure	1
expense	1
expensive	5
experience	5
experiment	1
expert	6
expire	5
explain	3
explanation	2
explicit	1
explode	2
exploit	2
exploration	2
explore	1
explosion	1
export	3
expos	6
expose	1
express	4
expression	1
expulsion	1
extend	5
extension	3
extensive	2
extinction	1
extort	1
extradite	1
extradition	2
extraordinary	4
eye	2
f	11
fab	1
fabregas	5
fabricate	1
fabrication	1
face	8
facility	8
fact	2
factor	4
factory	12
fad	1
fail	4
failed	1
failure	3
fair	6
fairly	1
faith	1
fake	1
falconesque	1
fall	20
falloff	1
false	1
familiar	3
familiarity	1
family	8
famous	4
far	7
farmer	2
farouk	1
fasano	1
fascinating	1
fashion	1
fast	2
fastener	2
father	1
favor	1
favorite	5
fax	1
fbi	6
fear	2
feature	1
features	1
feb	3
february	1
federal	20
federation	9
fee	2
feel	11
feeling	1
feline	1
fellow	2
fellowship	1
felony	1
female	1
feniger	1
fenton	3
festered	1
fetch	1
fetches	1
few	10
fiasco	1
fiber	2
fibrous	1
fidel	1
fidelity	1
field	7
fielder	1
fiercely	1
fifth	2
fight	3
figure	6
file	5
filed	3
fill	2
filling	1
film	1
final	3
finalize	1
finally	3
finance	4
financial	11
financial-disclosure	1
financing	3
find	15
finding	2
fine	3
finger	1
finish	4
finland	1
finnish	2
fire	3
firm	7
first	33
fiscal	6
fish	3
fished	1
fisheries	3
fishery	8
fishing	2
fishkill	3
fitness	2
five	10
five-year	1
fix	2
fixed	1
fla	1
flap	1
flash	1
flat	2
flats	1
flavor	1
flavored	1
flaw	1
flecked	1
fleet	1
flesh	1
flexibly	1
flight	6
floor	4
florida	5
flour	1
flow	2
floyd	9
fluctuation	1
fluke	1
fly	5
flying	1
focal	1
focus	2
folio	1
follow	10
follows	1
food	10
foods	1
foot	4
footage	1
football	2
for	308
forbid	1
forbidden	1
force	9
forces	1
forcesin	1
ford	2
fore	3
foreign	11
foreigner	1
forever	1
forge	1
forget	1
form	5
formal	2
formally	1
format	1
former	13
forrester	2
forster	3
forte	2
fortune	1
forty	1
forum	1
forward	2
forwarded	1
foster	1
foundation	5
founder	1
four	14
fourth	2
fourth-quarter	3
fourth-ranking	1
fp	1
fr	1
france	3
francis	1
francisco	14
frank	1
franklin	1
fraud	1
free	18
freedom	3
freer	1
french	18
frequently	1
fresh	3
freud	1
freudtoy	1
friday	2
fried	1
friend	8
friendly	1
friendship	1
from	138
front	1
fruit	2
frustrate	1
fry	2
fuel	1
full	7
full-fledged	1
full-time	1
fully	5
fully-owned	1
function	1
fund	7
fund-raising	1
fundamental	1
furman	1
further	5
future	3
ga	1
gabriel	2
gailhaguet	11
gain	11
galley	1
gambling	1
game	14
games	1
gamino	2
gang	1
gaping	1
garcia	1
garden	1
garlic	1
gas	2
gates	1
gather	2
gathering	1
gators	2
gaudens	1
gavel	2
gay	4
gear	1
ged	1
gelles	1
gen	2
general	13
generalized	1
generally	2
generate	3
generation	2
george	6
georgia	2
gerald	2
get	49
getix	1
giant	1
gibbs	1
gift	17
gifts	4
gingl	1
girlfriend	2
gitex	1
give	32
glasnost	1
glass	3
glee	1
glenn	1
glitch	1
global	4
glorious	1
go	38
go-go	1
goal	4
god	1
goh	1
gold	11
good	16
goode	2
goodwill	1
goody	1
gorbachev	2
gougne	4
gourd	2
gov	2
govern	4
governance	1
government	29
governor	6
graf	1
grande	1
grandfather	1
grant	4
gras	2
grateful	1
gray	1
great	5
greater	2
greatest	4
greatly	1
green	2
greenville	1
grim	1
gross	1
grossman	2
ground	4
grounds	2
groundswell	1
group	25
grow	9
growth	7
guam	1
guber	3
guerrilla	2
guest	1
guidance	1
guide	1
guilder	9
guillermo	1
guilty	2
gulf	5
gun	2
guy	5
gwendal	1
haakenson	1
habitat	1
haddon	1
haden	1
hadson	2
hahn	1
hair	4
hale	1
half	4
halibut	1
hall	13
hallwood	2
halve	1
hamid	1
hammacher	1
hand	7
handball	1
handful	1
handle	3
hang	1
hap	1
happen	6
hard	6
harder	1
hardly	2
hardship	2
harry	1
harsh	1
harvest	1
hasbrouk	1
hassan	1
hate	2
have	312
hawaii	2
he	207
head	8
headcount-control	1
headquarters	3
health	8
healthy	1
hear	2
hearing	1
heart	1
heavily	1
heavy	4
heiby	1
heights	2
heisman	3
hell	1
help	19
helping	1
helps	1
helsinki	1
hemisphere	2
henrietta	1
her	51
herb	1
here	17
hereby	1
heritage	6
herself	2
hersh	3
hew	1
high	12
high-level	1
high-ranking	1
higher	7
highest-level	1
highlight	1
highly	2
hill	1
hills	1
him	31
himself	3
hint	1
hire	2
hiroshima	8
his	125
historian	1
historic	2
history	11
hit	11
hitachi	1
hitech	1
hitter	2
hmong	1
hockey	1
hog	1
hold	13
holder	3
holding	2
holdings	1
hole	2
holland	1
hollis	1
holloway	1
hollywood	2
holsman	1
home	20
homeless	1
homer	3
honesty	1
honor	1
honorary	1
honoree	2
hoopla	1
hope	3
horoscope	1
horrified	1
hosni	1
hospital	5
host	2
hostess	1
hostile	1
hot	2
hotel	6
hottest	1
hour	13
house	7
housing	1
houston	1
how	18
howard	2
however	4
http	1
hudson	1
huge	4
hugo	3
human	11
humanitarian	5
hundred	5
hurricane	4
hurricanes	1
hurt	5
husband	2
hut	1
i	87
i-aa	1
i.e.	1
ibm	12
ibrahim	7
ice	11
icon	2
idea	9
identify	2
identity	1
if	25
ignore	1
ii	4
ill	2
illegal	1
illegally	1
illinois	1
image	5
imagine	1
immediate	1
immediately	2
impact	4
impatient	1
implement	1
implementation	1
implicate	2
import	6
important	10
impose	2
imprisonment	1
improper	1
impropriety	2
improve	2
improvement	1
in	552
inadequate	2
inaugurate	1
inauguration	3
include	31
income	14
income-tax	1
incomplete	1
incongruity	2
inconsistency	2
inconsistent	1
incorporate	1
increase	9
increasingly	1
indeed	1
independence	1
independent	4
independently	1
indian	5
indicate	2
indictment	1
indirect	1
individual	4
indonesia	7
indonesian	1
industrial	4
industries	4
industry	9
industry-government	1
ineffective	1
inevitably	1
inexcusable	1
inexperienced	1
infant	1
infielder	1
infiltrate	2
influence	1
influential	1
influx	1
inform	2
information	29
infrastructure	1
ingratiate	2
ingredient	1
initial	1
initiative	4
inject	1
injure	1
injury	1
inmate	1
innocent	2
innovate	1
innovation	1
inoculation	1
inouye	2
inquiry	6
inscribed	1
insert	1
insist	2
inspector	2
install	2
installation	1
instance	1
instantly	1
institute	5
institution	5
instruction	4
instrument	1
insufficient	1
insulate	1
insulation	1
insurance	8
insurer	1
intact	1
integra	3
intel	1
intelogic	5
intend	1
intending	1
intensify	1
intention	1
inter	1
inter-	1
interest	10
interim	1
international	15
internationally	3
internet	6
intertwine	1
interval	1
intervention	2
interview	4
into	34
intricacy	1
intriguing	1
introduction	4
invaluable	1
invasion	2
invest	1
investigate	1
investigation	5
investigator	6
investment	7
invite	1
involve	10
iran-	1
iraq	21
iraq-poverty	1
iraqi	8
irrelevant	1
isabel	1
islamic	1
island	5
islands	2
ismail	1
isolation	2
israel	3
israeli	1
issue	21
isu	2
it	191
italian	8
italian-made	1
italy	3
item	7
its	81
itself	3
jabal	1
jack	3
jacques	1
jail	2
jaime	1
jakarta	2
jake	1
james	7
jamie	1
jan	1
january	2
japan	8
japanese	4
jealous	1
jeanminette	2
jebel	1
jeep	2
jeffords	4
jennifer	1
jenrette	1
jeopardize	1
jersey	8
jeweler	2
jewell	1
jiffy	1
jl	1
job	19
joe	3
joel	1
john	3
johnson	6
join	8
joint	2
jointly	2
jolly	1
jon	1
jonathan	1
jones	4
jordan	5
jorge	2
jose	7
journal	4
journalist	4
journey	1
joy	1
jr	1
jubilant	1
judah	1
judge	15
judging	1
judgment	8
judy	1
julia	14
july	8
jump	2
jump-start	1
jun-song	1
june	3
jury	6
just	16
justice	10
kalamazoo	1
kane	1
karen	2
karnes	36
karola	2
kavalier	1
kearny	1
keep	9
keith	1
kelly	5
key	1
kick	1
kickoff	1
kid	6
kidnap	1
kiffer	1
kill	8
killing	1
kim	2
kind	7
kindred	1
king	3
kingsbridge	1
kitchen	10
know	25
knowledgeable	1
korea	2
korean	3
koskovich	1
krosen	1
kuwait	2
la	1
lab	2
laboratory	1
lack	4
lake	7
lama	5
land	1
landfill	1
landing	1
landmark	2
lanka	1
large	3
large-screen	2
largely	2
largest	5
lassen	2
last	22
late	6
later	21
latest	6
latin	4
laugh	1
launch	6
launching	2
laura	1
laurent	1
law	8
lawless	1
lawmaker	3
lawmakers	1
lawrence	1
lawyer	2
lay	2
layer	2
le	6
lead	16
leader	3
leadership	3
league	12
lean	1
leape	2
learn	3
lease	2
leaseholder	1
least	6
leather	1
leave	9
left-wing	1
leftist	1
leg	1
legacy	1
legal	4
legally	4
legation	1
legend	2
legislation	3
legislator	1
legislature	1
legitimate	1
legwork	1
leisurely	1
lend	1
lengthwise	1
lengthy	1
leone	1
leonidas	1
leslie	1
less	7
let	4
letter	10
level	5
liability	1
library	1
license	3
lie	1
lieutenant	2
life	9
lifetime	1
lift	1
lifting	1
light	10
lightly	2
like	32
likely	4
likeness	1
lilienfeld	2
limit	6
limited	2
line	10
lines	1
lineup	1
link	4
liquidation	1
lisa	1
list	8
listen	1
literature	1
litigation	1
little	11
live	17
lives	1
liza	1
lloyd	1
load	2
loan	11
lobby	2
lobster	1
local	3
locate	1
lock	1
logical	1
lohr	1
london	9
lone	1
long	20
long-awaited	1
long-range	1
long-term	1
longer	1
longstanding	1
longtime	1
look	13
lopez	1
lord	2
lorenzo	1
los	1
lose	5
loss	20
lot	10
louder	1
loughlin	1
louis	1
louisette	1
love	4
low	2
lower	10
lowering	1
lowest	1
ltd	2
lube	1
lucile	1
lucky	1
lufkin	1
luis	1
lunch	2
luz	1
m-	1
macerate	1
machine	3
machinery	1
maclellan	1
magazine	4
magleby	1
magna	8
magnify	1
mahathir	3
mail	4
main	3
maine	3
mainframe	1
mainly	1
maintain	3
major	13
majority	4
make	60
maker	7
maktoom	1
maktoum	1
malaysia	4
malaysian	3
male	1
malnourishment	1
malnutrition	2
maltese	1
man	16
manage	3
manageable	1
management	9
manager	12
manfred	1
manhattan	13
manipulate	1
manning	1
mannix	1
mansnerus	1
manuel	1
manufacture	5
manufacturer	1
many	23
march	6
margin	2
maria	1
marie	1
marina	1
marine	13
marjolaine	2
mark	5
market	27
market-based	1
marketing	1
marketplace	1
markets	2
markka	3
marlin	1
marlins	2
marmi	2
marquis	1
marriott	1
marshall	3
martin	4
marty	1
mary	1
masa	2
mass	5
master	2
mastering	3
match	2
matchett	2
material	6
materialize	1
matter	6
maturity	1
maudlin	1
maximize	1
maximum	3
maxwell	1
may	19
mayor	2
mcalpine	8
mccall	8
mcginniss	1
mcguigan	2
md	1
me	18
meal	2
mean	5
means	1
measure	2
meat	2
mechanic	1
mechanism	1
medal	5
medellin	3
media	4
medical	8
medicalization	1
medication	2
medicine	4
medium-range	1
meet	7
meeting	8
megawati	2
melon	8
melted	2
member	16
memoir	1
memory	3
mental	1
mention	1
menu	3
merchandise	1
merchant	1
mercury	1
merge	1
meridian	7
meringue	1
merit	1
merkel	1
mess	1
message	4
metal	1
methodology	1
mexico	6
miami	3
mich	1
michael	4
michelle	3
michellecole	1
micronyx	1
microsoft	11
microsoft-	1
microwave	1
mid	1
mid-	1
middle	7
midsized	1
midwest	4
midwestern	1
might	7
migrate	1
miguel	1
mikhail	1
milan	1
mild	1
mile	2
miles	1
militant	2
military	10
millennium	1
miller	1
millimeter	1
million	140
milwaukee	2
mina	1
minaya	4
minceur	1
mind	7
mine	2
minister	9
minnelli	1
minor	2
minority	2
mint	5
minute	7
miraculously	1
mirror	1
miscalculate	1
misconduct	1
misinformation	1
miss	1
missile	1
mission	7
mistake	1
mitigating	1
mix	2
mixture	2
mmm-mm	1
mob	1
mobile	1
mobster	7
mock	1
model	1
moderate	1
modern	2
modest	1
modify	1
mogavero	1
mohamad	1
mohamed	2
mohammed	2
molina	4
momordica	1
mona	1
monday	3
monetized	1
money	5
monitor	3
montedison	3
monterey	1
monterrey	3
montgomery	1
month	22
montreal	2
mood	1
moore	2
moral	1
morality	1
more	53
moreover	1
morning	1
mortality	1
mortgage	1
most	29
mother	8
motivation	1
motivational	1
motor	2
mountain	1
mousse	2
mouth	1
move	26
movement	2
movie	3
mr	34
mrs	1
ms	1
mubarak	6
much	13
multinational	1
murder	5
museum	3
mushroom	2
music	1
muslim	1
must	9
my	14
mysterious	1
n	1
n't	54
naan	1
nafis	1
nagano	1
nagasaki	2
nam	1
name	17
napa	1
narrow	1
narrowly	1
nation	13
national	17
nations	5
nationwide	5
native	2
natural	4
naturally	1
nature	1
navy	1
near	10
nearby	1
nearly	5
need	27
needy	1
negotiation	1
neither	5
nelson	11
nephew	1
net	23
netherlands	1
network	3
neuroscience	1
nevada	1
never	11
new	84
newhouse	2
news	25
newspaper	7
next	13
nicaragua	3
nice	2
nickel	1
nickname	1
nicoise	2
niece	1
nieves	1
nigel	1
night	16
nightclub	1
nine	5
nine-minute	1
ninety	1
nitrogen	1
nl	1
nmfs	1
no	27
noel	1
nokia	1
nomination	1
noncommittal	1
none	1
nonmedically	1
nonrecur	1
nonsense	1
nonsubscribers	1
nonwaiver	1
noodle	1
nor	8
noriega	3
norm	2
normal	2
north	10
not	75
notable	1
note	8
nothing	4
notion	1
notoriety	1
nov	6
november	1
now	17
number	5
numerous	2
numismatic	3
nurse	1
nuys	1
nylon	1
nyt	1
nytime	3
nytimes	1
o	1
oats	1
objection	1
obligation	3
observance	1
observer	1
obtain	2
obvious	1
obviously	1
occasionally	1
ocean	5
ochoa	8
oct	1
odd	3
of	732
off	18
offense	2
offensive	1
offer	32
offering	2
offers	1
office	19
officer	14
official	35
officially	1
offset	4
offspring	1
often	7
ohio	6
oil	3
oil-for-food	1
oil-producing	1
oilman	1
ok	1
oklahoma	2
old	8
older	3
ole	1
oliver	1
olympic	3
olympics	4
omar	1
omission	1
on	177
once	8
one	58
one-lot	1
one-time	1
onion	1
only	36
open	13
opening	3
openly	3
openness	1
opens	1
operate	8
operating	6
operation	10
operations	1
operator	4
opinion	3
opponent	5
opportunity	5
oppose	1
opposition	1
optic	1
option	5
optional	4
or	97
orange	2
order	11
ordinary	2
ordnance	1
ore	2
oregon	1
oregonian	2
orellana	2
org	1
organic	1
organization	9
organize	8
oriental	1
original	3
orlando	2
ortega	1
oshkosh	3
other	48
our	9
ours	2
oust	1
out	32
outbid	1
outcome	1
outfield	2
outfielder	9
outfit	1
outgoing	1
outlay	1
outrage	1
outside	4
outstanding	11
over	31
overdue	1
overexploited	1
overfish	2
overfished	1
overhead	3
overland	1
overnight	1
overturn	3
overturns	1
owe	3
own	29
owner	1
ownership	4
oxide	1
oy	3
p.	1
p.m.	2
pa	1
pacific	3
package	3
packaging	1
packard	3
packwood	2
paek	1
page	2
painting	1
pair	7
pale	1
palestinians	1
pallid	1
palm	1
palmeiro	2
palmisano	1
panama	3
pancake	1
pancetta	1
panel	13
pantry	1
paper	4
papers	1
paperwork	1
parboiled	1
pardee	1
pared-down	1
parent	4
paris	4
park	2
parkway	1
parliament	1
part	20
partial	3
participant	1
participate	3
particular	5
particularly	5
partly	3
partner	6
partnership	5
pasadena	1
pascoe	2
paso	1
pass	2
past	13
pastry	2
patagonian	1
pataki	5
patch	1
path	1
patient	4
patrick	2
patrolman	1
patted	1
pattern	2
paul	6
paulo	1
pay	21
payable	1
payment	7
paz	1
pc	1
pcs	1
peace	3
peak	1
pecan	3
peculiar	1
peg	1
peizerat	2
pelletier	2
pena	1
penalty	3
pend	1
pennant	2
penny	10
pension	1
pentagon	1
people	21
peoria	1
pepin	1
per	2
percent	10
perfect	1
perfection	1
performance	1
perhaps	1
period	8
permission	1
permit	1
perpetual	2
perry	1
persian	1
persistent	1
persky	1
person	8
personal	11
personality	1
personally	2
personnel	1
persuade	2
peru	1
pet	4
peter	4
peters	3
petition	3
peyton	3
pharmaceutical	2
pharmacology	1
phase	1
phase-out	1
philadelphia	2
philanthropy	1
philip	1
philippines	3
phillips	1
philosophical	1
phone	8
photo	1
photograph	6
photography	1
phrased	1
phyllis	1
physics	1
physiology	1
pick	5
pickled	1
picnic	1
picture	1
pictures	1
piece	3
pill	3
pillow	2
pilot	5
pin	2
pinch	1
pipe	1
pirate	2
piscataway	1
pitcher	3
pitchers	1
pivotal	1
pizza	2
place	11
placement	1
plague	1
plan	28
plane	4
planner	1
planning	2
plant	10
plastic	2
play	18
player	12
playful	1
playoff	1
playwright	1
plc	4
plea	1
plead	1
please	2
pleased	1
plenty	1
plight	1
plot	1
plug	1
plunge	2
plus	1
pneumatic	1
pod	1
podium	1
point	5
poison	2
police	2
policy	6
political	9
politically	2
politician	1
politics	1
poll	1
pollutant	2
pollution	3
pool	1
poor	10
poorly	1
pop	5
popular	1
popularity	1
population	2
populous	1
poritz	1
pork	2
port	3
portion	1
portland	2
position	5
possession	1
possibility	2
possible	6
possibly	1
post	6
poster	2
postseason	1
potent	1
potential	6
potentially	1
pound	7
powell	14
power	4
powerful	1
powerhouse	1
practice	4
practitioner	1
praise	1
pre-tax	1
precaution	1
predecessor	1
predict	1
prefer	3
preference	2
preferences	1
preferred	6
preliminary	1
prepare	8
prescribe	3
prescriber	2
prescription	9
prescriptive	2
presence	1
present	6
preservation	1
preserve	1
president	33
presidential	1
press	12
pressure	7
pressured	1
presumably	2
pretax	2
pretend	1
pretty	2
prevent	5
preventative	1
preventive	1
previous	3
previously	5
price	20
pricing	1
primarily	1
prime	2
primerica	4
prince	3
principal	4
principle	1
print	3
prior	1
priority	2
prison	2
private	6
privelege	2
privilege	4
privileges	1
prize	1
probably	3
problem	11
procedure	1
proceedings	1
proceeds	1
process	7
processing	3
processors	1
produce	11
producer	4
product	7
production	4
products	1
profession	1
professional	4
professor	1
proficient	1
profit	10
program	17
progress	1
progressive	1
progressively	1
project	7
prominently	1
promise	2
promising	1
promote	3
promotion	3
promotional	1
prompt	2
promptly	1
propaganda	1
property	3
proposal	7
propose	3
prosecution	2
prosecutor	6
protection	1
protege	1
protest	1
protocol	1
proud	1
prove	2
provide	13
provider	1
provision	2
provisions	1
prudent	1
pry	1
psychiatrist	1
psychological	7
psychologist	9
psychologists	1
psychology	8
psychopharmacology	1
psychotherapeutic	1
psychotropic	2
public	14
publication	1
publicize	1
publicly	3
publish	1
publisher	4
publishing	1
pulitzer	1
pull	3
pulp	1
punish	1
punishment	2
purchase	2
purina	1
purple	1
purpose	1
pursuant	1
pursue	3
pusan	1
push	7
put	10
qaida	1
quality	2
quantity	2
quarter	18
quarterback	2
quarterly	2
question	10
quickly	2
quiet	1
quinine	1
quite	1
quonset	1
quotation	1
quote	1
r	6
race	1
radiation	1
radical	1
radio	5
rain	1
raise	7
raising	1
ralston	6
randolph	1
rang	1
range	2
ranger	1
rank	1
rapidly	1
rare	2
rarity	1
rashid	2
ratchet	1
rate	9
rather	3
ratner	1
ratners	7
ray	1
rbi	3
re-election	1
re-sentencing	1
reach	10
read	3
reader	1
ready	1
reaffirm	1
real	4
realestate	1
realistic	2
reality	1
realization	1
realize	3
really	3
rear	1
reason	6
reassurance	1
rebuild	4
rebuilding	2
recall	2
recant	1
receipt	2
receive	12
receiver	2
recent	12
recently	7
receptive	1
rechargeable	1
recipe	1
reclusive	1
recognition	1
recognize	3
recommend	1
record	18
recorder	1
recover	3
recovery	1
red	11
redden	2
redeem	2
redesign	1
reds	1
redskin	2
redskins	3
reduce	6
reduction	3
reed	3
refer	2
reference	1
referendum	2
reflect	4
reform	2
refugee	1
refuse	3
regard	4
region	4
regional	4
register	1
registration	1
regular	1
regulate	1
regulation	4
regulator	2
regulatory	3
reimburse	2
reine	1
reinstall	2
reject	2
rejoin	1
relate	5
related	1
relationship	3
relative	2
relatively	4
release	3
relentlessly	1
reliance	1
relief	3
reliever	1
reluctant	1
remain	2
remains	2
remark	2
remedy	1
remember	1
remind	1
reminisced	1
remote	1
remove	3
renegotiating	1
renew	1
reorganization	1
reorganize	1
rep	4
repair	2
repay	1
repayment	2
repeatedly	2
replace	3
report	24
reporter	4
represent	3
representative	9
repression	1
reproduce	1
republican	3
republicans	1
reputation	1
request	3
require	2
requirement	3
research	6
resemble	1
resent	2
resentence	1
reservation	1
reserve	8
residence	1
resign	5
resist	1
resort	1
resource	2
resources	1
respond	2
response	2
responsibility	3
responsible	2
rest	3
restaurant	14
restrict	1
restructuring	6
result	17
resume	5
retail	4
retailer	8
retain	1
retell	1
rethink	1
retire	2
retirement	10
retractable	1
retrieve	1
return	11
returns	1
reunion	2
reupke	6
reuters	9
reveal	1
revenue	6
review	11
revisionist	1
revive	1
revolution	1
revolutionize	1
reward	1
rewrite	1
rex	1
rhythm	1
ribbon	1
ribbon-cutting	1
rice	1
rich	1
richard	3
richardson	3
rid	1
ride	1
rifle	1
rig	1
right	16
right-handed	1
right-hander	1
rights	11
rinsed	1
ripen	2
ripert	3
rise	10
risk	2
risky	1
rival	2
river	1
rms	3
road	1
robert	5
roberta	1
rochelle	1
rockford	1
rod	1
rogers	2
role	5
rolex	1
roll	4
rom	1
romance	1
rome	1
ron	2
rookie	1
room	2
roosevelt	2
rosen	2
roster	4
rouen	1
roughy	1
round	1
route	1
routine	1
routinely	2
row	2
royal	2
rub	1
rule	25
rules	1
ruling	2
rumor	1
run	10
runner	1
rush	1
russia	2
russian	24
rxp	7
s	11
saad	1
sacrifice	1
sadat	1
saddest	1
saekel	2
safe	1
safety	2
saint	2
saint-	2
saint-andre	1
saipan	1
sal	1
salad	1
salade	1
sale	31
salmon	1
salt	9
same	12
samuel	1
san	16
sanction	8
sandinista	1
sandinistas	1
sandomir	1
santa	1
sao	1
satellite	1
satisfaction	1
satisfactory	1
satisfy	1
saturday	4
sauce	2
save	2
savin	3
savings	3
savory	1
say	297
scandal	3
scapegoat	1
scare	2
schedule	9
scheme	3
schlemmer	1
schmidt	1
scholarship	1
school	15
schroder	1
sciam	1
science	7
scientific	5
scientist	1
score	2
scorecard	1
scott	2
screen	4
script	1
scrutinize	1
sculptor	1
seabass	15
seabees	2
seafood	14
search	1
season	17
seasoned	1
seat	2
seattle	2
sec	1
second	12
second-largest	1
seconds	3
secrecy	3
secret	12
secretary	3
section	1
sector	3
secure	1
security	9
see	20
seed	3
seek	8
seem	7
seemingly	1
seep	1
segment	3
seize	3
selby	1
select	2
self	2
selfish	1
sell	12
seller	1
semiconductor	8
seminal	1
semitic	1
semus	1
sen	4
senate	28
senator	9
send	7
senior	7
sense	2
sensitive	1
sentence	13
sentencing	1
seoul	1
separate	4
separately	1
separation	1
sept	7
sergeant	1
seri	1
series	5
serious	7
serve	7
service	45
serviceman	1
services	5
servicing	1
set	13
settle	2
settlement	1
seung	1
seven	2
seventy	1
several	6
severance	1
severe	1
severely	2
severson	1
sex	1
sexual	1
shaila	1
shake	1
shame	1
share	78
shareholder	14
shareholder-rights	1
shares	24
shark	1
shatter	2
she	45
sheathed	1
sheet	1
sheikh	4
shell	1
shepperd	1
shift	4
ship	4
shipbuilding	1
shipping	1
shipyard	5
shirt	1
shock	2
shocking	1
shoe	1
shoot	3
shop	1
shopping	1
short	2
short-term	2
shortage	2
should	11
show	17
shrink	1
shuttle	1
sicheium	1
sicherle	1
side	1
siegel	2
sierra	1
sigmund	1
sign	13
signal	1
significant	2
significantly	1
sikharulidze	3
silicon	1
silva	1
silver	3
silverplate	2
similar	1
simon	2
simone	1
simplify	1
simply	2
simulate	1
since	20
singapore	3
single	5
singular	1
sister	4
sit	2
site	8
situate	2
situation	3
six	19
sizable	1
size	4
skate	4
skated	1
skater	1
skating	7
skies	2
skill	2
skilled	2
skimmed	1
skin	1
skirt	1
slaughter	1
sledgehammer	1
sleep	1
sliced	3
slightly	3
slip	4
slow	1
slowly	1
slump	3
small	6
smart	2
smithsonian	3
smog	1
smuggling	1
snack	1
snapshot	1
so	25
so-called	1
soares	1
social	2
socialite	1
society	3
sociologist	1
sodomy	1
soften	1
softening	1
softer	1
software	7
sold	2
soler	1
solidify	1
solution	1
some	36
somebody	2
somehow	1
someone	2
something	6
sometimes	1
song	1
sonoma	1
sony	5
soon	2
sooner	1
sophisticated	1
sophomore	1
sorbet	1
sort	2
sotheby	5
sound	1
soup	2
sour	2
source	8
south	3
southeast	2
southern	2
soviet	4
sown	1
sox	8
spaatz	1
space	1
spade	1
spark	2
speak	8
speaker	2
special	6
specialized	1
specialty	2
species	6
specific	1
specification	1
specify	2
spectacular	1
speculation	2
speech	1
speed	1
spencer	1
spend	12
spending	3
spice	1
spinal	1
spirduso	1
spirit	1
spite	1
split	3
spokesman	11
spokeswoman	3
sponsor	2
sport	5
spot	2
sprawl	1
spread	2
spring	4
springfield	1
sprint	2
spur	2
spurn	1
spy	3
squander	1
square	2
squash	1
squeeze	1
sri	1
sscp	2
st	1
stability	2
stabilize	1
stable	1
stack	3
staff	12
staff-reduction	1
staffer	1
stage	3
staging	1
stainless	1
stake	2
stall	1
stamford	1
stance	1
stand	1
standard	5
standing	2
standoff	1
standpoint	1
stanford	2
staple	1
star	1
starke	14
start	8
starvation	1
state	31
state-of-the-art	1
statement	7
states	19
statesman	2
station	2
statue	4
stature	1
status	3
statute	3
stay	4
steady	2
steal	7
steel	1
stem	4
step	5
stephanie	1
stephen	2
stepmother	1
stereo	2
stern	2
steve	4
stick	1
stieglitz	2
stifled	1
still	9
sting	1
stir	1
stld-	1
stld-write	1
stld-writethru-	1
stld-writethru-nyt	1
stock	28
stockholder	1
stoneman	1
stop	5
storage	1
store	7
stork	1
story	8
stove	1
straightforward	2
strategic	2
strategy	9
streamline	1
street	4
strengthen	1
stress	1
string	1
stronach	5
strong	4
strong-arm	1
stronger	1
stronghold	1
strongly	1
structure	2
struggle	4
student	7
studio	2
study	3
stuff	3
stun	2
subcontractor	1
subject	5
submit	2
subordinated	1
subs	2
subscribe	3
subsidiary	3
subsidy	1
substantial	4
substantially	3
suburban	1
subway	2
succeed	4
success	1
successful	1
successor	1
such	16
suffer	3
sufficient	1
suggest	4
suggestion	1
suit	4
suitor	1
sukarnoputri	1
sulfur	1
sultanate	1
summation	1
summer	4
sun	2
sunday	2
super	2
supervised	1
supplier	1
supplies	4
supply	1
support	6
supporter	2
suppose	1
supreme	3
sure	8
surely	1
surface	1
surge	2
surgery	2
surprise	3
surprising	1
surrender	2
surrey	1
surround	3
survival	1
survive	1
susan	2
susie	1
suspect	2
suspend	3
suspension	1
sustainability	1
swap	2
swear	1
swearing-in	1
sweep	1
sweet	1
sweeten	1
swell	1
swift	1
swiss	2
swordfish	2
sworn	1
syed	1
syndicate	6
syracuse	1
system	6
tab-z	2
table	1
tablecloth	1
tackle	2
tactic	1
tad-z	2
taf-z	2
taint	1
taivanchik	1
taiwanese	1
take	41
takeover	3
tale	1
talk	9
tame	1
tanker	1
tap	1
tar	1
target	3
tariff	2
tashkent	1
task	1
tass	1
taste	1
tasted	1
taunt	1
tax	5
taylor	2
teach	2
teacher	2
teaching	1
team	22
teammate	1
teams	1
tech	1
tech-	1
technical	1
technician	4
technological	1
technology	14
telecommunications	1
telegraph	1
telephone	8
telerate	6
television	10
telex	1
tell	21
tempo	1
ten	1
tender	7
tennessee	2
tension	1
tent	1
tenth	2
tenure	1
term	9
terminate	1
terrible	1
terrify	1
territory	1
terror	1
terrorism	8
terrorist	1
test	1
testament	1
testimony	5
texa	1
texas	4
text	1
thailand	1
than	41
thank	1
thanks	3
that	282
the	1563
theft	2
their	41
them	18
themselve	1
themselves	1
then	12
then-	1
theodore	2
therapy	1
there	24
therefore	1
these	9
they	85
thick	1
thief	1
thing	8
think	20
third	8
third-quarter	1
this	76
thomas	2
thor	1
thorough	1
thoroughly	1
those	12
though	12
thoughtful	1
thousand	5
thousandth	1
threat	4
threaten	2
three	32
three-page	1
thrift	4
thrill	2
thrive	1
throaty	1
through	15
throughout	6
throw	1
thumbed	1
thursday	4
thus	1
thwart	3
tibbets	29
tie	1
tigers	1
tight	1
tighten	1
tim	1
time	37
times	13
timetable	1
timex	3
timing	1
timor	1
tingled	1
tinian	8
tiny	1
tired	3
title	1
tnt	1
to	713
to-	1
toad	1
today	9
together	2
tokhtakhounov	24
tokio	1
toledo	1
tolerant	1
tom	4
tomorrow	1
tompkins	1
toms	1
ton	3
tong	1
tonight	1
tony	10
too	6
tool	2
tooth	2
toothfish	1
toothpick	1
top	8
topic	2
torchbearer	1
toronto	4
torricelli	39
tortured	1
total	7
totally	1
tots	1
touch	3
tough	3
tour	1
toward	1
town	1
toy	1
trace	2
track	2
trade	20
trader	2
trades	2
trading	14
traditional	1
trafficker	4
trafficking	1
train	3
training	4
transaction	6
transcript	1
transfer	4
transit	2
transition	2
translucent	1
transmit	1
transnational	1
transplant	1
transport	1
transportation	1
transsexual	2
travel	4
travelers	3
treasury	3
treatment	7
treaty	3
tree	2
trend	2
trenton	1
trial	6
tribune	1
trim	8
trip	5
triple	2
troops	1
troopship	1
trophy	1
tropical	1
trouble	3
troubled	2
truck	3
true	1
trust	4
trustco	1
try	11
ttc-z	1
ttd-z	2
tuesday	23
tulane	1
tune	1
turkey	2
turn	11
tutorial	1
tv	2
tweaking	1
twelve	1
twice	1
twist	1
two	32
two-year	3
type	4
typically	1
u	4
ua	1
ubs	1
ukrainian	1
ultimately	1
unable	1
unaffiliated	1
unbelievable	1
uncertain	2
unchanged	1
unconvinced	1
undated	1
undelivered	1
under	30
undercover	1
undergo	1
underground	2
undermine	1
underperform	1
understand	4
understanding	1
undertake	1
undervalue	1
undistinguished	1
undoubtedly	1
unearth	1
uneasiness	1
unfairly	1
unicorp	2
uniform	3
union	3
unique	2
unit	12
united	31
universal	1
university	10
unknown	1
unnamed	1
unprecedented	1
unresolved	1
unsecured	2
unshakable	1
unspecified	1
unsuccessful	1
unsuccessfully	1
unsuspecting	1
untangle	1
until	9
unusual	6
unveil	2
unwanted	1
up	49
upcoming	1
upgrade	1
uphold	2
upjohn	9
upon	2
upstate	3
uranium	1
urban	1
urge	1
urgent	1
us	12
use	25
uses	1
utah	1
ute	1
utility	1
uzbekistan	1
vacate	1
validity	1
valley	7
valuable	1
valuation	1
value	15
van	2
vanderbilt	2
vandy	1
vanish	1
vargas	1
variable	1
variety	1
various	2
vast	2
vastly	1
vault	1
vcr	1
vegetable	2
vehicle	2
vein	1
velcro	1
venture	1
venue	1
verdict	2
verizon	1
vermont	1
verniero	1
version	2
versus	1
very	13
veteran	1
via	1
vice	6
vichyssoise	2
victim	1
victimize	1
victory	3
video	1
vietnam	1
vietnamese	1
viewership	1
vindicate	1
vine	1
violate	3
violation	10
violence	2
virgilia	1
virgin	2
virginia	2
virtually	1
visa	3
visibility	1
vision	2
visit	8
visitor	2
visual	1
vivid	2
vocal	1
vogue	1
voice	2
volume	2
voluminous	1
vote	8
voter	4
vt	1
wade	1
waertsilae	10
wafer	3
wait	1
waiver	3
wake	1
walbrecher	1
waldorf-	1
walk	4
wall	4
wallet	1
wallow	1
wan	2
want	24
war	16
ward	2
warm	2
warming	1
warner	2
warrant	3
warren	1
wartenberg	1
wartime	1
washington	16
wasover	1
watch	14
watcher	1
watching	1
water	1
waters	2
wave	2
way	11
we	46
weapon	6
wear	3
weary	1
weather	2
web	5
website	2
wednesday	12
week	26
weeklong	1
weekly	1
weigh	2
weighs	1
weight	2
weisfield	3
welfare	1
well	13
wendover	7
wendy	1
were	1
wertheim	1
west	4
westchester	1
western	2
weyded	1
weydert	1
what	29
whatever	2
when	34
whence	1
whenever	1
where	17
wherever	1
whether	4
which	76
while	19
white	6
who	76
whole	1
wholesale	1
wholly	1
whom	3
whose	7
why	4
wide	1
wider	1
width	1
wife	5
wild	2
will	103
william	2
williams	8
win	12
window	1
windows	1
wine	2
wing	2
winner	2
winter	4
wire	3
wireless	8
wiretap	3
wis	1
wisdom	2
wish	3
with	192
withdrawal	3
within	8
without	8
witness	8
wo	3
wolin	1
woman	4
woo-kim	1
wood	1
word	8
words	1
work	14
worker	3
workshop	1
world	20
world-wide	1
worry	1
worse	1
worst	1
worth	2
would	54
wound	1
wrangle	1
write	17
writer	3
wrong	2
www	3
x1	1
xerox	3
yankees	2
yeah	1
year	98
year-earlier	2
year-old	4
yearning	1
yearof	1
yelena	1
yellow	1
yes	1
yesterday	13
yet	4
yogurt	1
york	37
yorkers	1
you	48
young	9
your	20
yourself	1
zalkin	1
zamora	1
zazzali	3
zero	2
zimbardo	1
zinc	1
zone	10
zook	2
