you	know	70
do	n't	63
it	's	55
that	's	50
i	do	35
they	're	27
and	i	26
i	think	25
i	'm	24
yeah	i	23
going	to	23
a	lot	22
of	the	22
yeah	yeah	20
n't	know	19
but	i	18
in	the	18
they	do	17
i	've	17
to	be	16
and	you	15
it	was	14
i	mean	14
and	they	13
about	the	13
there	's	13
's	a	13
on	the	13
think	it	12
yeah	that	12
you	do	12
have	to	12
kind	of	12
that	i	12
i	would	11
's	not	11
lot	of	11
that	that	11
i	know	10
's	just	10
that	they	10
i	i	10
you	're	10
do	you	10
know	what	10
's	true	10
n't	have	10
i	guess	10
have	a	9
some	of	9
and	uh	9
and	it	9
to	have	9
yeah	well	9
let	's	9
i	was	9
out	there	9
n't	even	8
what	i	8
that	was	8
n't	think	8
've	got	8
with	the	8
of	a	8
're	going	8
so	i	8
about	that	8
want	to	8
one	of	8
at	the	7
have	you	7
oh	yeah	7
like	that	7
know	i	7
and	then	7
i	have	7
to	the	7
should	be	7
and	and	7
have	the	7
's	going	7
no	i	7
uh	you	7
that	are	7
to	go	7
talking	about	6
got	a	6
of	them	6
'm	not	6
know	it	6
if	it	6
to	buy	6
the	other	6
on	a	6
did	n't	6
i	really	6
sort	of	6
at	all	6
um	i	6
's	good	6
to	you	6
people	that	6
like	the	6
in	a	6
oh	you	6
all	the	6
or	you	6
got	to	6
yeah	oh	6
the	ones	5
the	guy	5
they	go	5
these	people	5
ca	n't	5
the	time	5
know	you	5
the	first	5
i	'll	5
because	they	5
oh	i	5
i	did	5
if	you	5
and	a	5
the	system	5
are	you	5
years	and	5
to	make	5
you	've	5
the	way	5
's	the	5
ones	that	5
he	's	5
so	yeah	5
and	the	5
of	those	5
when	i	5
yeah	but	5
right	yeah	5
's	see	5
well	that	5
i	like	5
you	said	5
i	thought	5
's	it	5
we	've	5
that	you	5
to	get	5
which	is	5
what	was	5
trying	to	5
when	you	5
two	years	5
to	me	4
one	i	4
when	they	4
talked	about	4
of	course	4
about	it	4
it	to	4
know	how	4
it	and	4
's	that	4
you	just	4
i	heard	4
if	i	4
the	news	4
or	something	4
be	in	4
they	just	4
you	are	4
but	they	4
is	that	4
that	have	4
get	them	4
's	uh	4
i	had	4
of	people	4
people	coming	4
know	who	4
was	n't	4
mean	it	4
a	good	4
be	the	4
know	that	4
uh	i	4
i	agree	4
you	could	4
think	we	4
you	can	4
up	to	4
gun	control	4
but	uh	4
how	long	4
yeah	no	4
well	i	4
know	and	4
even	know	4
okay	i	4
it	is	4
think	that	4
he	was	4
they	'll	4
yeah	you	4
okay	thanks	4
far	as	4
you	go	4
that	would	4
think	about	4
i	saw	4
but	you	4
you	hear	4
of	these	4
a	list	4
the	people	4
to	see	4
for	them	4
do	i	4
though	they	4
had	to	4
they	should	4
yeah	they	4
a	computer	4
this	is	4
we	should	4
the	phone	4
and	get	4
in	there	4
're	trying	4
go	on	3
you	get	3
what	kind	3
to	keep	3
i	want	3
them	and	3
it	should	3
anything	about	3
was	that	3
judge	that	3
uh-huh	and	3
a	fortune	3
they	want	3
have	n't	3
n't	believe	3
be	a	3
's	i	3
the	the	3
i	said	3
oh	how	3
you	seen	3
to	my	3
the	book	3
with	you	3
it	so	3
what	they	3
he	he	3
know	but	3
well	what	3
before	they	3
are	gonna	3
something	else	3
but	it	3
let	me	3
have	it	3
go	see	3
n't	really	3
see	that	3
seems	like	3
we	do	3
'd	have	3
agree	with	3
things	like	3
and	that	3
tell	you	3
's	what	3
car	it	3
know	they	3
my	mom	3
oh	gosh	3
months	and	3
that	the	3
as	far	3
that	new	3
even	though	3
i	could	3
if	they	3
to	know	3
i	just	3
on	that	3
okay	well	3
time	i	3
last	year	3
's	like	3
know	the	3
suppose	to	3
you	were	3
that	there	3
like	to	3
go	out	3
to	sell	3
know	anything	3
for	a	3
oh	goodness	3
in	and	3
would	be	3
what	's	3
just	go	3
because	i	3
always	have	3
them	to	3
the	judge	3
there	for	3
go	through	3
know	where	3
what	you	3
was	the	3
so	that	3
people	i	3
really	really	3
what	do	3
last	night	3
back	to	3
is	worse	3
enjoyed	it	3
go	to	3
should	have	3
was	a	3
to	teach	3
he	said	3
one	is	3
see	the	3
yeah	so	3
i	go	3
really	do	3
the	only	3
looking	at	3
do	is	3
've	been	3
shoeless	joe	3
yeah	exactly	3
yeah	it	3
know	if	3
my	husband	3
in	it	3
was	it	3
they	have	3
know	which	3
have	been	3
how	to	3
that	yeah	3
yeah	we	3
two	months	3
they	've	3
to	do	3
at	night	3
of	my	3
them	are	3
's	got	3
who	's	3
know	a	3
think	they	3
a	car	3
the	last	3
when	there	3
now	i	3
'm	going	3
well	yeah	3
the	jury	3
heard	that	3
in	an	3
that	particular	3
's	one	3
they	they	3
by	the	3
you	ever	3
in	this	3
see	i	3
know	we	3
try	and	3
how	funny	3
that	says	3
would	have	3
a	whole	3
gas	mileage	3
a	life	3
of	that	3
the	front	3
there	that	3
a	gun	3
you	think	3
are	the	3
to	to	3
talking	to	3
for	some	3
uh	that	3
so	what	3
'd	be	3
said	well	3
think	the	3
and	years	3
you	have	3
as	they	3
the	big	3
to	try	3
well	you	3
a	judge	3
uh	he	2
have	gun	2
uh	go	2
uh	but	2
is	true	2
i	believe	2
could	you	2
n't	allow	2
for	you	2
those	calls	2
say	no	2
look	at	2
to	it	2
one	and	2
thanks	bye	2
talk	to	2
other	night	2
've	read	2
what	we	2
the	uh	2
it	for	2
eight	to	2
take	it	2
my	door	2
for	people	2
talk	for	2
one	that	2
you	never	2
probably	a	2
's	in	2
there	and	2
the	politics	2
a	way	2
i	still	2
required	required	2
have	some	2
cleaning	and	2
to	sleep	2
hate	that	2
the	clutch	2
's	life	2
they	ought	2
like	in	2
we	know	2
in	their	2
uh-huh	yeah	2
with	a	2
we	just	2
on	my	2
apartment	complex	2
's	given	2
better	than	2
ninja	turtles	2
uh	if	2
hang	up	2
was	too	2
to	think	2
said	the	2
lot	more	2
and	how	2
had	some	2
luxury	cars	2
even	heard	2
them	all	2
carrying	guns	2
guess	i	2
're	either	2
smaller	ones	2
say	hello	2
silence	of	2
mean	you	2
is	like	2
it	really	2
a	little	2
was	kind	2
or	they	2
oh	it	2
was	just	2
buy	a	2
i	bet	2
's	either	2
they	try	2
is	in	2
n't	like	2
soliciting	i	2
most	of	2
that	we	2
says	no	2
we	did	2
list	of	2
are	so	2
you	in	2
the	money	2
to	say	2
you	to	2
to	stop	2
thanks	bye-bye	2
uh-huh	uh-huh	2
n't	want	2
storm	door	2
's	pathetic	2
people	who	2
i	never	2
particularly	care	2
joe	was	2
need	to	2
happy	with	2
uh-huh	but	2
n't	particularly	2
like	everybody	2
kinds	of	2
a	's	2
the	less	2
i	yeah	2
the	same	2
and	two	2
it	in	2
n't	be	2
a	new	2
yep	that	2
here	in	2
would	n't	2
the	a	2
system	does	2
judge	i	2
jury	system	2
me	see	2
he	did	2
know	in	2
worse	in	2
that	one	2
a	mercedes	2
them	yeah	2
by	a	2
exactly	right	2
my	uh	2
i	teach	2
the	answer	2
there	well	2
one	you	2
say	good-bye	2
are	your	2
them	there	2
no	but	2
the	next	2
i	ca	2
of	uh	2
we	could	2
care	for	2
did	she	2
night	yeah	2
are	going	2
stuff	like	2
teach	and	2
's	so	2
good	night	2
work	done	2
i	get	2
n't	it	2
so	he	2
the	years	2
true	that	2
coming	around	2
just	say	2
up	signs	2
door	and	2
n't	uh	2
criminal	cases	2
you	they	2
have	any	2
hear	the	2
another	one	2
'm	probably	2
all	righty	2
right	to	2
talk	about	2
and	we	2
worked	with	2
are	disposable	2
couple	of	2
done	on	2
much	more	2
was	um	2
and	do	2
bid	on	2
um-hum	yeah	2
buy	one	2
me	the	2
or	the	2
oh	and	2
it	seems	2
teams	that	2
really	hate	2
not	too	2
might	be	2
put	that	2
my	privacy	2
years	before	2
good	to	2
they	said	2
and	he	2
a	hunter	2
out	tonight	2
would	sort	2
like	a	2
all	those	2
never	even	2
sell	it	2
um	well	2
like	you	2
seem	to	2
them	on	2
and	all	2
everybody	else	2
you	and	2
new	stadium	2
oh	really	2
to	take	2
to	four	2
yeah	and	2
we	had	2
too	and	2
too	long	2
in	in	2
consider	you	2
have	had	2
she	was	2
they	get	2
yeah	there	2
not	to	2
at	least	2
the	highest	2
their	religion	2
i	got	2
like	your	2
every	year	2
the	wolves	2
percent	of	2
on	one	2
things	are	2
'm	trying	2
that	but	2
about	um	2
're	getting	2
it	yeah	2
instead	of	2
thinking	about	2
okay	right	2
for	that	2
watch	them	2
said	something	2
well	well	2
me	too	2
is	my	2
a	couple	2
're	a	2
be	it	2
all	of	2
really	is	2
up	yeah	2
on	and	2
we	talked	2
could	have	2
'd	say	2
a	on	2
what	to	2
the	door	2
i	'd	2
to	where	2
getting	a	2
just	really	2
'll	call	2
for	years	2
that	oh	2
two	a	2
we	bought	2
yeah	or	2
sentencing	by	2
would	consider	2
public	places	2
n't	do	2
they	come	2
first	one	2
feel	like	2
sixty	thousand	2
no	soliciting	2
to	put	2
about	something	2
to	replace	2
to	ten	2
on	it	2
all	kinds	2
go	and	2
up	on	2
saw	on	2
if	if	2
a	jury	2
the	rangers	2
has	been	2
front	door	2
still	get	2
in	plano	2
yeah	see	2
oh	god	2
's	fun	2
this	woman	2
my	job	2
and	stuff	2
me	in	2
play	a	2
the	car	2
where	you	2
's	if	2
them	you	2
the	house	2
a	storm	2
a	heck	2
are	and	2
you	would	2
it	all	2
to	come	2
n't	you	2
uh	uh	2
the	whole	2
's	about	2
able	to	2
but	then	2
replace	the	2
oh	what	2
right	it	2
is	uh	2
mean	i	2
baseball	i	2
and	just	2
football	players	2
do	it	2
call	them	2
oh	oh	2
there	but	2
a	deer	2
think	you	2
because	of	2
from	california	2
quite	a	2
he	just	2
real	good	2
invasion	of	2
we	got	2
they	think	2
as	the	2
house	or	2
you	talked	2
it	would	2
this	country	2
at	home	2
with	it	2
not	be	2
be	some	2
emotional	about	2
the	movie	2
ten	minutes	2
that	a	2
have	have	2
well	it	2
way	to	2
really	was	2
you	say	2
uh	yeah	2
was	talking	2
was	i	2
bunch	of	2
for	parole	2
um	yeah	2
be	able	2
there	are	2
somebody	from	2
so	many	2
that	far	2
people	out	2
um-hum	and	2
the	teams	2
it	just	2
i	enjoyed	2
so	okay	2
true	yeah	2
i	should	2
's	my	2
that	he	2
pretty	close	2
to	talk	2
um-hum	i	2
an	apartment	2
go	okay	2
come	up	2
and	everything	2
ought	to	2
know	yeah	2
okay	okay	2
had	n't	2
you	what	2
she	did	2
several	things	2
bought	the	2
something	and	2
the	lambs	2
the	smaller	2
then	they	2
gonna	get	2
was	real	2
not	very	2
generated	by	2
right	right	2
let	you	2
like	uh	2
well	and	2
the	topic	2
yeah	okay	2
about	uh	2
n't	seem	2
of	like	2
out	of	2
where	i	2
year	to	2
n't	remember	2
uh	um	2
would	've	2
try	to	2
not	just	2
they	play	2
then	he	2
yeah	um	2
n't	ask	2
think	so	2
then	i	2
put	a	2
that	it	2
are	n't	2
how	much	2
but	the	2
in	dallas	2
i	remember	2
people	do	2
you	'd	2
the	click	2
in	public	2
a	year	2
make	it	2
for	my	2
in	my	2
you	ca	2
how	old	2
're	not	2
's	great	2
and	let	2
n't	they	2
we	're	2
to	uh	2
big	one	2
just	a	2
too	yeah	2
well	have	2
the	apartment	2
presently	has	1
that	whatever	1
wait	of	1
'm	talking	1
peers	or	1
no	you	1
like	it	1
out	front	1
would	love	1
'll	do	1
go	with	1
um	uh	1
good	i	1
some	forms	1
a	percentage	1
paid	off	1
i	felt	1
durable	yeah	1
topic	in	1
the	average	1
stores	yeah	1
are	yeah	1
hope	they	1
were	a	1
his	name	1
really	what	1
thing	uh	1
n't	see	1
fact	i	1
say	we	1
see	it	1
cities	than	1
and	ninja	1
community	center	1
regular	vote	1
one	in	1
well	but	1
pennant	last	1
uh	oh	1
on	them	1
of	slow	1
ghost	of	1
every	college	1
whole	thing	1
right	rather	1
law	reads	1
holler	there	1
at	a	1
the	talk	1
try	every	1
privacy	yeah	1
things	oh	1
you	buy	1
like	he	1
talked	long	1
all	and	1
uh	a	1
whole	whole	1
far	with	1
with	gun	1
that	much	1
of	their	1
're	illegal	1
clutch	oh	1
holly	turn	1
one	state	1
real	illegal	1
door-to-door	and	1
well	even	1
been	kind	1
is	and	1
the	issue	1
penny	of	1
those	things	1
know	he	1
it	'll	1
sequence	of	1
the	video	1
be	frustrating	1
he	wanted	1
sometimes	when	1
get	that	1
of	right	1
car	do	1
about	though	1
oh	shoeless	1
something	right	1
weather	man	1
know	or	1
um-hum	or	1
computer	it	1
understanding	when	1
miles	on	1
know	to	1
cheaper	then	1
patience	to	1
most	lenient	1
defense	against	1
all	i	1
though	is	1
ban	all	1
while	i	1
bad	no	1
that	if	1
seen	all	1
remember	oh	1
are	we	1
like	we	1
it	you	1
been	entirely	1
the	second	1
joker	in	1
people	um-hum	1
like	what	1
was	somebody	1
a	family	1
the	program	1
be	more	1
new	car	1
the	murders	1
two	weeks	1
is	eight	1
like	an	1
everyday	you	1
manner	they	1
was	good	1
to	consider	1
you	saw	1
how	are	1
softball	well	1
the	part	1
really	ask	1
for	their	1
oh	hold	1
they	cost	1
that	huge	1
quit	uh	1
me	now	1
done	to	1
walk	out	1
turning	on	1
the	recording	1
bam	the	1
uh	various	1
were	from	1
whatever	manner	1
sixty	dollars	1
's	suppose	1
're	coming	1
somebody	come	1
like	for	1
as	any	1
n't	use	1
read	see	1
well	we	1
or	i	1
off	how	1
number	unlisted	1
to	outlaw	1
own	them	1
that	hardly	1
the	taxpayers	1
disposable	yeah	1
other	people	1
my	class	1
yeah	sometimes	1
uh	my	1
end	up	1
around	so	1
or	she	1
some	work	1
tough	system	1
time	to	1
have	no	1
those	awards	1
messages	and	1
doggone	good	1
would	definitely	1
she	just	1
uh-huh	so	1
lenient	you	1
one	how	1
think	he	1
seem	like	1
went	over	1
they	he	1
thousand	times	1
about	this	1
people	through	1
buy	them	1
um-hum	hangings	1
machine	at	1
know	become	1
it	easy	1
really	we	1
more	what	1
am	locked	1
tried	to	1
fun	yeah	1
each	other	1
that	me	1
so	ooh	1
if	there	1
one	instance	1
it	'd	1
under	two	1
at	is	1
know	from	1
um	several	1
diapers	and	1
since	there	1
about	movies	1
them	um-hum	1
it	dragged	1
new	product	1
coming	and	1
or	moving	1
believe	from	1
judicial	system	1
see	you	1
uh	we	1
about	criminals	1
you	wanted	1
vote	eight	1
expected	it	1
thing	in	1
first	hour	1
they	call	1
investment	yeah	1
just	random	1
you	on	1
mileage	in	1
anything	uh-huh	1
hm	it	1
store	to	1
system	yeah	1
all	they	1
be	really	1
money	they	1
just	more	1
pictures	that	1
for	starving	1
a	real	1
tonight	i	1
a	it	1
there	early	1
was	american	1
book	but	1
cost	us	1
've	covered	1
part	about	1
some	way	1
them	otherwise	1
murderer	you	1
just	prolongs	1
buy	something	1
we	go	1
of	speech	1
been	just	1
teach	c	1
their	phone	1
stuck	working	1
many	of	1
's	because	1
the	sanctity	1
otherwise	i	1
freedom	of	1
lambs	no	1
'm	sure	1
average	time	1
choose	that	1
color	tvs	1
earn	a	1
become	interested	1
purchased	a	1
player	to	1
it	that	1
others	um	1
something	about	1
the	about	1
and	most	1
they	will	1
to	talking	1
car	we	1
not	talk	1
trials	that	1
around	you	1
tom	thumb	1
come	to	1
machine	guns	1
easy	now	1
exactly	because	1
they	gave	1
than	a	1
hand	i	1
these	uh	1
the	woods	1
the	telephone	1
um	bought	1
getting	to	1
feel	that	1
people	there	1
like	yeah	1
lot	they	1
remember	what	1
house	and	1
been	murdered	1
actually	it	1
center	out	1
an	interesting	1
i	work	1
number	of	1
as	much	1
uh	mercedes	1
other	day	1
gun	because	1
not	a	1
and	buy	1
be	around	1
public	and	1
are	i	1
or	somebody	1
he	thought	1
worth	two	1
recording	coming	1
n't	um	1
been	cowboys	1
you	taken	1
spend	that	1
ask	anything	1
bet	they	1
dallas	oh	1
something	running	1
changing	diapers	1
drag	me	1
hate	too	1
exactly	so	1
course	you	1
would	you	1
wanted	to	1
something	but	1
and	nobody	1
lawyers	and	1
because	it	1
book	like	1
billboards	yeah	1
shower	or	1
see	silence	1
whim	to	1
see	any	1
down	a	1
cool	for	1
numbers	and	1
things	would	1
drugs	they	1
there	last	1
as	high	1
long	as	1
come	in	1
a	holler	1
you	did	1
the	commercials	1
oh	yes	1
whatsoever	no	1
the	decision	1
problem	yeah	1
a	a	1
heck	that	1
heck	of	1
the	most	1
wolves	yeah	1
a	harassment	1
either	generated	1
'll	let	1
california	i	1
everything	but	1
reverse	it	1
comes	on	1
funny	you	1
tell	him	1
gun	my	1
think	some	1
the	reasons	1
well	is	1
to	some	1
is	sleeping	1
up	i	1
get	back	1
administrator	from	1
the	show	1
technically	illegal	1
especially	do	1
cave	not	1
huh	that	1
me	or	1
it	went	1
ellen	what	1
graduation	god	1
so	choose	1
known	that	1
reading	off	1
time	do	1
and	on	1
and	now	1
interesting	conversation	1
just	that	1
've	taken	1
the	enemy	1
that	does	1
something	in	1
reasons	we	1
a	matter	1
day	in	1
sure	uh	1
state	that	1
for	him	1
're	never	1
buy	well	1
course	sign	1
101	right	1
years	like	1
stupid	because	1
movies	well	1
in	cleveland	1
the	middle	1
know	about	1
never	think	1
make	another	1
ever	played	1
mark	with	1
under	the	1
more	useful	1
started	cleaning	1
a	cave	1
these	recorded	1
that	kind	1
in	of	1
the	automatic	1
jury	of	1
's	and	1
through	a	1
know	gadgets	1
they	exist	1
there	though	1
to	your	1
you	found	1
i	tried	1
amenities	amenities	1
stuff	yeah	1
a	stop	1
take	care	1
yes	when	1
long	it	1
them	but	1
may	i	1
dinner	party	1
nerve	right	1
please	say	1
a	million	1
was	no	1
out	is	1
of	one	1
illegal	you	1
network	or	1
turn	it	1
about	you	1
yeah	darn	1
to	earn	1
gangs	you	1
interesting	so	1
telling	me	1
like	they	1
illegal	it	1
opportunity	to	1
you	anyway	1
million	other	1
held	up	1
mean	there	1
enemy	uh-huh	1
time	the	1
's	such	1
cars	even	1
bad	weather	1
have	as	1
took	the	1
he	started	1
normally	when	1
door	about	1
you	cannot	1
but	yeah	1
feel	really	1
would	really	1
my	afternoon	1
me	other	1
sentence	for	1
's	guilty	1
first	baseball	1
gun	home	1
just	should	1
fighting	a	1
i	say	1
it	practically	1
that	to	1
any	kind	1
over	others	1
come	out	1
that	money	1
to	watch	1
do	us	1
for	dallas	1
ever	got	1
've	worked	1
still	they	1
door	you	1
black	okay	1
field	of	1
have	my	1
privacy	i	1
sometimes	i	1
good	impact	1
do	want	1
call	earlier	1
name	either	1
now	the	1
was	getting	1
true	we	1
was	black	1
good	who	1
big	throwing	1
hear	that	1
could	go	1
a	split	1
other	the	1
a	thing	1
another	they	1
they	see	1
year	they	1
they	ca	1
uh	ten	1
's	easy	1
you	all	1
just	massive	1
got	them	1
time	really	1
made	a	1
dad	's	1
my	second	1
that	do	1
much	of	1
it	like	1
they	usually	1
and	little	1
definitely	not	1
touched	a	1
day	saints	1
um	especially	1
bye-bye	oh	1
baseball	's	1
time	well	1
deer	bob	1
screwing	up	1
call	the	1
good	and	1
hello	you	1
or	twelve	1
wanted	like	1
're	doing	1
the	simpsons	1
a	house	1
parole	so	1
kids	waiting	1
feelings	yeah	1
one	too	1
lot	cheaper	1
much	no	1
very	much	1
because	you	1
uzis	either	1
or	in	1
or	like	1
a	big	1
allow	you	1
course	they	1
only	problem	1
kids	one	1
murder	situations	1
wow	and	1
ago	yeah	1
the	company	1
commercials	are	1
kids	turning	1
only	people	1
go	wrong	1
and	soliciting	1
right	exactly	1
live	uh	1
real	nice	1
guess	so	1
you	serve	1
year	ooh	1
down	and	1
sixty	percent	1
've	had	1
seventy	percent	1
afternoon	from	1
car	that	1
be	your	1
classroom	for	1
true	hm	1
do	them	1
if	somebody	1
on	you	1
the	ghost	1
it	away	1
any	resolution	1
fortune	you	1
he	teach	1
's	fine	1
some	um	1
hanging	them	1
last	time	1
sell	something	1
or	yeah	1
going	down	1
right	he	1
second	request	1
know	yankees	1
schools	uh	1
tonight	uh-huh	1
signs	that	1
it	gets	1
this	retired	1
was	because	1
murders	that	1
dad	read	1
something	down	1
room	in	1
yeah	a	1
heard	they	1
go	like	1
do	have	1
through	so	1
of	gotten	1
it	out	1
they	might	1
uh	they	1
really	yeah	1
small	towns	1
decision	yeah	1
jury	because	1
them	as	1
what	would	1
more	background	1
play	was	1
great	that	1
stay	away	1
are	starving	1
okay	so	1
fun	when	1
but	if	1
we	watch	1
it	there	1
have	his	1
ryan	being	1
where	any	1
sanctity	of	1
the	one	1
just	saw	1
antlers	i	1
the	dog	1
to	set	1
offer	these	1
cities	that	1
a	lots	1
liquor	in	1
but	in	1
advantages	but	1
go	instead	1
guide	you	1
massive	rental	1
you	started	1
products	i	1
it	but	1
the	quality	1
get	me	1
people	not	1
were	eight	1
with	their	1
movie	yes	1
just	have	1
up	something	1
so	far	1
them	one	1
their	addresses	1
a	friend	1
's	getting	1
should	n't	1
just	everyday	1
be	considered	1
's	now	1
news	of	1
frustrating	oh	1
doing	missionary	1
good	movie	1
's	called	1
after	two	1
more	expensive	1
if	the	1
about	things	1
went	up	1
a	verdict	1
threw	it	1
were	there	1
with	them	1
think	if	1
minutes	but	1
invariably	just	1
one	was	1
of	games	1
a	father	1
was	thinking	1
see	all	1
excellent	gas	1
that	long	1
son	okay	1
all	not	1
the	lawyers	1
that	paper	1
guns	are	1
veterinarian	and	1
we	um	1
weapons	i	1
say	i	1
passed	to	1
car	are	1
right	there	1
bob	sorry	1
bring	that	1
yeah	wonder	1
walks	in	1
people	in	1
gotten	all	1
see	done	1
buy	guns	1
come	i	1
the	pirates	1
sometimes	they	1
if	used	1
played	baseball	1
got	uh	1
everyday	occurrences	1
something	it	1
long	time	1
expensive	like	1
amenities	and	1
give	a	1
show	going	1
,	okay	1
lubbock	or	1
has	owned	1
teenagers	serving	1
except	how	1
like	like	1
four	tells	1
calls	the	1
mileage	and	1
good	um	1
as	long	1
off	a	1
red	sign	1
there	're	1
the	dreams	1
much	summed	1
n't	in	1
dollar	movie	1
saw	that	1
mean	the	1
automatic	sentences	1
.	here	1
harder	to	1
make	a	1
they	can	1
program	yeah	1
so	right	1
them	or	1
it	i	1
um	oh	1
hobby	too	1
your	you	1
my	dad	1
you	you	1
expensive	but	1
spend	on	1
especially	religious	1
lately	though	1
n't	try	1
decision	um	1
real	often	1
around	long	1
woods	well	1
four	and	1
dollars	that	1
clearer	it	1
gonna	kill	1
god	i	1
sport	uh-huh	1
moving	it	1
nights	you	1
simpsons	oh	1
a	hard	1
usually	pick	1
could	bid	1
no	let	1
get	yeah	1
laundry	room	1
too	to	1
too	it	1
go	in	1
oh	right	1
jury	and	1
good	a	1
good	much	1
stop	all	1
something	american	1
the	work	1
who	are	1
off	the	1
called	have	1
right	yep	1
even	if	1
said	since	1
otherwise	because	1
request	we	1
was	deserved	1
blacks	uh	1
resolution	exactly	1
'm	chapter	1
does	something	1
highest	number	1
difference	there	1
're	talking	1
so	emotional	1
author	so	1
or	help	1
pretty	much	1
that	in	1
them	for	1
anyway	i	1
that	um	1
name	anything	1
good	when	1
is	not	1
always	sort	1
through	them	1
me	that	1
um-hum	um-hum	1
home	with	1
go	for	1
joe	oh	1
this	uh-huh	1
i	consider	1
of	we	1
those	stores	1
should	start	1
an	army	1
me	to	1
a	service	1
his	watch	1
um	quality	1
american	because	1
shock	oh	1
people	from	1
oh	so	1
death	penalty	1
buy	american	1
had	a	1
they	actually	1
know	because	1
yeah	uh	1
opinion	on	1
not	the	1
spend	all	1
eligible	for	1
's	bad	1
wonder	because	1
getting	less	1
people	to	1
some	restrictions	1
all	what	1
taxpayers	a	1
same	problem	1
manson	case	1
of	what	1
the	um	1
put	up	1
not	bad	1
ready	to	1
kill	you	1
hunt	and	1
man	but	1
long	enough	1
the	death	1
we	suppose	1
the	laundry	1
drove	for	1
put	in	1
either	you	1
money	you	1
your	what	1
's	well	1
not	ready	1
thing	and	1
uh-huh	because	1
hours	and	1
and	mopping	1
look	for	1
see	a	1
we	end	1
the	yeah	1
teach	people	1
uh	worked	1
their	names	1
know	took	1
somebody	already	1
that	point	1
decision	uh	1
waiting	here	1
just	them	1
course	what	1
anybody	at	1
should	that	1
gave	one	1
'll	know	1
though	i	1
life	sentence	1
life	for	1
old	you	1
of	breaking	1
have	thought	1
unconscious	sleep	1
thought	i	1
not	much	1
particular	subject	1
with	um	1
see	rangers	1
an	ananimous	1
yeah	not	1
time	that	1
totally	i	1
get	anything	1
course	i	1
area	and	1
true	i	1
and	wanting	1
restrictions	when	1
or	these	1
get	out	1
think	of	1
just	never	1
long	at	1
toyota	that	1
started	talking	1
his	whim	1
two	little	1
all	these	1
think	are	1
stadium	's	1
darn	i	1
or	know	1
in	garland	1
way	out	1
doing	that	1
've	enjoyed	1
you	either	1
speak	about	1
or	people	1
of	ours	1
around	one	1
it	sounds	1
and	sixty	1
oh	man	1
getting	just	1
their	name	1
huge	stadium	1
horrifying	some	1
been	asked	1
choice	in	1
uh	building	1
neat	that	1
answering	machine	1
lot	longer	1
ever	go	1
day	they	1
what	uh	1
in	going	1
minor	things	1
the	small	1
oh	all	1
random	people	1
have	owned	1
fun	i	1
i	expected	1
do	for	1
help	it	1
fry	under	1
go	we	1
decision	to	1
deserve	the	1
sporty	car	1
huh-uh	that	1
taken	this	1
because	football	1
are	getting	1
're	in	1
extremely	happy	1
of	all	1
know	for	1
you	kind	1
system	yes	1
gone	so	1
know	people	1
so	and	1
family	up	1
any	problems	1
two	different	1
like	i	1
but	still	1
how	about	1
be	carrying	1
start	the	1
then	um	1
tvs	and	1
high	as	1
federal	money	1
sleeping	with	1
's	exactly	1
me	one	1
book	and	1
bumper	sticker	1
exactly	before	1
in	jail	1
you	read	1
news	i	1
then	you	1
's	time	1
murders	and	1
services	or	1
could	i	1
either	till	1
fort	worth	1
on	weekends	1
that	some	1
me	all	1
through	the	1
're	introducing	1
no	huh-uh	1
to	fill	1
about	gangs	1
uh	whenever	1
even	understand	1
goes	sharon	1
just	major	1
so	at	1
this	year	1
and	um	1
as	i	1
uh	horrifying	1
for	is	1
had	them	1
of	liked	1
wish	i	1
eleven	you	1
of	federal	1
make	myself	1
he	had	1
a	four	1
around	and	1
everything	they	1
like	people	1
answer	the	1
the	day	1
has	an	1
right	you	1
motors	a	1
do	they	1
hour	he	1
know	had	1
pretty	dense	1
though	and	1
them	walk	1
also	heard	1
either	and	1
it	does	1
yes	yeah	1
way	of	1
numbers	for	1
movie	the	1
're	there	1
hard	decision	1
there	with	1
they	look	1
unlisted	um-hum	1
i	talked	1
yeah	let	1
but	we	1
for	ten	1
president	have	1
were	having	1
well	of	1
far	but	1
a	huge	1
unbelievable	that	1
chopped	off	1
i	wanted	1
it	costs	1
work	and	1
trying	i	1
um	that	1
thinking	they	1
not	totally	1
your	husband	1
totally	hung	1
think	a	1
people	how	1
mom	was	1
us	any	1
what	day	1
telling	you	1
make	the	1
just	um	1
they	you	1
night	too	1
enjoyed	talking	1
million	dollars	1
throwing	threw	1
whole	different	1
read	probably	1
've	put	1
silver	letters	1
you	there	1
control	is	1
solicitations	uh	1
the	wall	1
not	any	1
their	house	1
especially	not	1
go	door-to-door	1
sure	i	1
lots	of	1
children	that	1
uh	was	1
not	been	1
or	for	1
started	teaching	1
well	if	1
um	about	1
too	even	1
music	let	1
know	yep	1
found	that	1
stadium	have	1
but	there	1
somebody	has	1
year	the	1
twelve	million	1
given	me	1
the	radicals	1
rangers	have	1
garland	oh	1
brake	pads	1
a	hand	1
it	had	1
that	as	1
then	tonight	1
one	when	1
interested	in	1
it	down	1
kids	preschoolers	1
that	should	1
really	handy	1
a	murder	1
an	opportunity	1
got	gotten	1
in	with	1
sentences	are	1
them	yet	1
hundred	jurors	1
out	in	1
think	i	1
so	usually	1
letters	saying	1
you	take	1
go	it	1
're	called	1
the	sentencing	1
him	to	1
rifle	for	1
would	they	1
've	even	1
lot	over	1
and	she	1
um	makers	1
mine	yeah	1
clutch	in	1
toyotas	have	1
life	i	1
have	those	1
buying	something	1
oh	the	1
jail	is	1
n't	realize	1
system	uh	1
are	uh	1
of	difference	1
uh	teenagers	1
x	number	1
to	taiwan	1
also	should	1
know	two	1
shooting	do	1
never	see	1
he	lived	1
is	quite	1
were	talking	1
spending	sixty	1
uh	people	1
within	the	1
guess	too	1
well	the	1
they	let	1
even	put	1
particularly	for	1
so	wonderful	1
um	and	1
groups	or	1
in	uh-huh	1
there	really	1
no	communication	1
bye-bye	all	1
sure	so	1
of	fact	1
yet	you	1
things	at	1
they	throw	1
to	pay	1
outlaw	them	1
and	yet	1
teach	but	1
them	that	1
saints	and	1
away	from	1
reputation	of	1
minutes	up	1
with	silver	1
uh-huh	i	1
uh	silence	1
baseball	well	1
n't	a	1
my	classroom	1
just	worse	1
that	word	1
go	ahead	1
incoming	calls	1
for	example	1
some	you	1
i	personally	1
whole	bunch	1
case	i	1
only	thing	1
for	uh	1
the	plant	1
of	but	1
different	ones	1
radicals	wanna	1
guess	there	1
home	whether	1
being	told	1
up	uh	1
written	something	1
one	right	1
lot	yeah	1
the	public	1
of	miles	1
see	is	1
automatic	weapons	1
toyota	commercials	1
is	breaks	1
finally	got	1
more	fun	1
you	always	1
rental	oh	1
system	and	1
that	stadium	1
shoot	each	1
california	baseball	1
we	started	1
a	rapists	1
and	say	1
have	but	1
plano	oh	1
coming	on	1
something	to	1
ahead	um	1
locked	up	1
around	even	1
because	a	1
on	about	1
they	shoot	1
anything	i	1
sentenced	murderer	1
dollars	sixty	1
the	bartman	1
do	especially	1
just	ten	1
our	five	1
it	hope	1
as	soon	1
manager	and	1
you	had	1
less	you	1
players	play	1
should	respect	1
gonna	be	1
country	you	1
whenever	you	1
heck	or	1
a	mark	1
ooh	neat	1
close	to	1
politics	gets	1
split	decision	1
day	yeah	1
stadium	and	1
the	toyota	1
into	those	1
murdered	they	1
lot	to	1
stuff	that	1
dragged	on	1
life	we	1
second	one	1
running	through	1
the	trial	1
like	football	1
and	bam	1
yeah	my	1
products	if	1
has	just	1
that	out	1
or	another	1
good	it	1
any	of	1
to	has	1
door	especially	1
problems	and	1
's	interesting	1
movie	in	1
once	in	1
with	sixty	1
obviously	the	1
the	gun	1
whole	family	1
handy	what	1
liquor	that	1
price	um	1
you	knew	1
more	games	1
a	book	1
did	what	1
just	fry	1
who	do	1
children	at	1
call	for	1
they	tell	1
be	oh	1
even	live	1
set	a	1
should	bring	1
teach	for	1
n't	go	1
puts	up	1
thanks	a	1
do	that	1
stadium	to	1
all	yeah	1
to	um	1
wrongly	so	1
of	it	1
know	decent	1
and	take	1
eleventh	year	1
through	it	1
oh	that	1
to	court	1
uh	on	1
well	under	1
tells	me	1
probably	do	1
code	and	1
always	the	1
righty	thanks	1
is	teach	1
's	people	1
having	to	1
think	machine	1
here	goes	1
thought	so	1
their	own	1
cases	requiring	1
the	liquor	1
other	everyday	1
say	oklahoma	1
a	curriculum	1
where	are	1
being	the	1
oh	she	1
you	spend	1
sign	with	1
too	whew	1
where	one	1
their	music	1
curriculum	guide	1
talked	to	1
preschoolers	my	1
that	movie	1
know	may	1
was	disposable	1
true	or	1
husband	he	1
about	nine	1
my	my	1
turtles	yeah	1
religion	then	1
wanna	ban	1
for	it	1
much	money	1
just	extremely	1
but	for	1
a	shock	1
bsing	with	1
language	that	1
law	should	1
a	bunch	1
the	juries	1
work	weird	1
in	i	1
was	paid	1
the	family	1
topic	was	1
an	invasion	1
start	off	1
them	real	1
no	yeah	1
figured	out	1
questions	when	1
entirely	happy	1
if	a	1
real	community	1
preferences	for	1
was	dances	1
never	came	1
going	what	1
reading	the	1
guess	you	1
parts	and	1
major	major	1
get	their	1
doubt	they	1
does	have	1
well	or	1
things	minor	1
sticker	it	1
ago	and	1
for	life	1
to	speak	1
too	cool	1
thumb	though	1
computer	or	1
that	everyone	1
it	kind	1
think	let	1
so	everybody	1
there	is	1
nice	and	1
for	well	1
whatever	reasons	1
's	quit	1
to	tom	1
the	patience	1
plano	okay	1
i	started	1
dances	of	1
get	i	1
ooh	that	1
than	some	1
goodness	wonder	1
felt	like	1
i	put	1
already	that	1
victims	you	1
well	do	1
either	gone	1
have	preferences	1
up	my	1
on	this	1
plant	oh	1
yankees	have	1
lot	um-hum	1
the	start	1
those	it	1
thought	what	1
sleep	at	1
for	kids	1
and	not	1
old	charles	1
be	technically	1
prevent	that	1
product	in	1
a	lake	1
had	toyotas	1
usually	what	1
the	with	1
is	two	1
i	found	1
crawl	out	1
every	penny	1
mercedes	and	1
paroled	and	1
man	just	1
army	and	1
we	quit	1
mom	and	1
'm	drawing	1
tougher	i	1
uh	price	1
or	if	1
issue	about	1
should	not	1
number	and	1
the	hands	1
all	right	1
well	let	1
was	fun	1
or	working	1
them	too	1
but	what	1
me	think	1
next	time	1
bed	and	1
and	every	1
about	two	1
yeah	what	1
stop	everything	1
my	opinion	1
got	off	1
to	payoff	1
name	of	1
paper	i	1
they	so	1
uh	things	1
a	week	1
really	getting	1
either	offering	1
area	code	1
baseball	player	1
a	sentenced	1
guilty	exactly	1
of	power	1
not	so	1
offering	a	1
i	feel	1
like	purchased	1
religious	or	1
woman	judge	1
disposable	and	1
to	let	1
over	on	1
games	through	1
uh	texas	1
hour	it	1
yeah	um-hum	1
i	ask	1
he	uh	1
was	conscientious	1
personally	think	1
you	probably	1
the	judicial	1
agree	that	1
instance	or	1
here	yeah	1
think	to	1
blank	oh	1
click	of	1
that	on	1
no	it	1
their	reputation	1
one	so	1
even	gone	1
really	strongly	1
major	serial	1
people	carrying	1
the	cities	1
was	boy	1
has	a	1
night	i	1
hear	on	1
a	veterinarian	1
power	you	1
a	foreign	1
n't	from	1
director	all	1
various	years	1
to	join	1
are	on	1
but	has	1
did	too	1
was	okay	1
it	um-hum	1
judge	has	1
called	shoeless	1
out	into	1
is	n't	1
on	for	1
you	talk	1
it	do	1
especially	when	1
sometimes	most	1
a	hobby	1
way	the	1
get	all	1
system	to	1
do	well	1
news	yeah	1
search	on	1
play	softball	1
most	criminal	1
guy	this	1
somewhere	possibly	1
guilty	he	1
they	'd	1
else	that	1
gosh	let	1
are	just	1
old	are	1
movies	it	1
new	guy	1
said	i	1
though	you	1
door	on	1
uh	sort	1
about	buying	1
ti	oh	1
tired	of	1
yet	unbelievable	1
boring	i	1
either	do	1
ones	i	1
just	as	1
yeah	plug	1
and	one	1
uh	see	1
florida	and	1
administration	there	1
how	come	1
been	an	1
oh	but	1
consider	invasion	1
awards	he	1
way	or	1
never	goes	1
gun	gun	1
time	a	1
reading	reading	1
throwing	cards	1
looked	like	1
possibly	is	1
saw	report	1
to	prevent	1
it	funny	1
that	stuff	1
many	no	1
room	okay	1
of	this	1
no	time	1
just	buying	1
at	drugs	1
though	we	1
been	right	1
who	what	1
a	dollar	1
all	together	1
no	wait	1
system	well	1
the	bumper	1
but	have	1
well	this	1
years	uh	1
really	a	1
of	um	1
are	crazy	1
did	you	1
uh	how	1
considered	disposable	1
a	law	1
shows	this	1
o'clock	at	1
keep	doing	1
baseball	teams	1
was	about	1
worse	yeah	1
that	comes	1
wall	uh-huh	1
phone	book	1
hunter	but	1
be	any	1
extended	your	1
voice	activated	1
got	it	1
up	okay	1
of	choice	1
right	a	1
often	which	1
've	always	1
a	son	1
oklahoma	i	1
years	no	1
liked	general	1
there	i	1
it	oh	1
a	situation	1
pirates	will	1
pretty	expensive	1
will	go	1
get	there	1
they	put	1
have	not	1
where	the	1
just	uh	1
so	stupid	1
guy	i	1
and	but	1
answer	um	1
hello	twice	1
changed	a	1
judge	yeah	1
been	talking	1
number	but	1
too	well	1
parole	if	1
would	go	1
it	last	1
bigger	cities	1
than	like	1
of	touched	1
uh	about	1
very	many	1
night	was	1
be	harassment	1
that	still	1
ridiculous	to	1
to	but	1
it	be	1
saw	was	1
did	when	1
me	if	1
coming	how	1
too	because	1
for	whatever	1
think	there	1
they	always	1
the	shower	1
huh	the	1
and	tell	1
you	going	1
'll	start	1
mean	yeah	1
from	florida	1
to	i	1
that	so	1
the	door-to-door	1
signs	out	1
it	about	1
are	in	1
of	got	1
there	were	1
pick	these	1
summed	everything	1
whole	lot	1
thought	you	1
to	shoot	1
and	pull	1
down	oh	1
the	flip	1
saw	um	1
any	where	1
conscientious	and	1
ones	um-hum	1
have	with	1
of	because	1
would	oh	1
these	jurors	1
in	itself	1
back	looked	1
get	so	1
it	with	1
's	nice	1
twelve	people	1
flip	side	1
to	crawl	1
dense	yeah	1
plug	it	1
speaking	in	1
real	emotional	1
others	out	1
well	he	1
to	own	1
of	nights	1
do	come	1
home	until	1
you	walk	1
for	this	1
about	nolan	1
dollars	a	1
move	it	1
uh-huh	they	1
people	said	1
an	antique	1
for	juries	1
as	a	1
really	because	1
found	out	1
wrong	would	1
well	where	1
bring	back	1
first	twelve	1
line	those	1
shoot	them	1
just	has	1
the	bigger	1
n't	buy	1
coming	to	1
stay	with	1
a	reasonable	1
break	you	1
're	cheap	1
fine	fine	1
really	drove	1
be	yeah	1
towns	sometimes	1
to	intervene	1
know	sometimes	1
when	it	1
that	by	1
rig	up	1
up	costing	1
um	heroes	1
something	that	1
work	themselves	1
be	passed	1
report	or	1
games	right	1
communication	whatsoever	1
because	that	1
my	eleventh	1
thing	that	1
has	n't	1
speech	in	1
something	you	1
juries	are	1
the	history	1
just	screwing	1
can	bid	1
um	pursue	1
right	and	1
control	it	1
heard	about	1
peddling	products	1
scale	they	1
they	ever	1
that	when	1
owned	two	1
my	understanding	1
the	area	1
it	they	1
drawing	the	1
he	'd	1
the	oakland	1
down	every	1
's	typical	1
the	they	1
really	durable	1
practically	this	1
religion	because	1
clutches	are	1
all	day	1
your	kids	1
enough	i	1
put	out	1
was	so	1
gosh	but	1
seen	like	1
class	and	1
home	so	1
said	okay	1
on	with	1
so	you	1
've	known	1
i	if	1
one	night	1
they	would	1
going	on	1
you	too	1
country	so	1
organization	and	1
respect	the	1
house	if	1
can	i	1
with	two	1
this	and	1
to	give	1
type	work	1
but	sometimes	1
california	my	1
be	though	1
read	all	1
then	reverse	1
the	jails	1
uh	answering	1
stop	those	1
it	held	1
teaching	oh	1
because	we	1
the	foreign	1
penalties	and	1
itself	yeah	1
was	an	1
that	reason	1
computer	to	1
hard	uh-huh	1
american	or	1
like	antlers	1
there	during	1
either	in	1
latter	day	1
that	sometimes	1
something	like	1
uh	um-hum	1
never	thought	1
join	or	1
well	really	1
new	things	1
be	two	1
in	eight	1
have	an	1
be	stuck	1
thought	it	1
than	it	1
out	yeah	1
rapists	is	1
that	exactly	1
nine	o'clock	1
get	on	1
had	made	1
take	them	1
um-hum	my	1
's	his	1
to	vote	1
this	author	1
since	when	1
well	as	1
long	but	1
of	having	1
you	pretty	1
system	you	1
is	pretty	1
know	so	1
apartment	um-hum	1
first	started	1
that	decision	1
money	i	1
the	pains	1
really	oh	1
that	well	1
party	oh	1
uh	an	1
foreign	language	1
sentence	we	1
thousand	a	1
yeah	being	1
long	well	1
goes	he	1
list	and	1
what	brand	1
beyond	a	1
places	there	1
in	that	1
a	rifle	1
a	select	1
beats	me	1
topic	at	1
pathetic	that	1
rangers	need	1
mahals	with	1
good	old	1
be	pretty	1
be	or	1
these	services	1
decided	well	1
conversation	yeah	1
door-to-door	either	1
started	looking	1
things	you	1
a	sporty	1
reason	one	1
the	background	1
really	you	1
a	heated	1
whew	yeah	1
to	move	1
see	yeah	1
did	so	1
click	as	1
were	in	1
yes	that	1
allow	them	1
it	almost	1
harassment	oh	1
cooking	something	1
run	to	1
of	messages	1
do	yeah	1
one	okay	1
cars	they	1
're	writing	1
of	latter	1
where	they	1
many	just	1
was	growing	1
two	day	1
well	they	1
here	something	1
do	oh	1
it	hm	1
quality	um-hum	1
nice	at	1
teams	and	1
you	call	1
especially	if	1
have	little	1
but	most	1
certain	percentage	1
the	i	1
requiring	an	1
situations	they	1
money	um	1
bit	better	1
salesman	to	1
too	you	1
've	i	1
almost	should	1
uh	criminals	1
goodness	well	1
lot	about	1
'll	tell	1
uh	pretty	1
dallas	schools	1
get	gas	1
interesting	huh	1
scary	i	1
after	um	1
politics	just	1
how	we	1
is	because	1
before	graduation	1
not	say	1
stop	to	1
should	of	1
living	in	1
of	amenities	1
not	after	1
what	period	1
sentence	someone	1
through	and	1
names	their	1
choose	and	1
of	months	1
the	and	1
like	two	1
to	lubbock	1
and	please	1
crazy	too	1
over	with	1
but	she	1
criminals	criminal	1
season	too	1
dreams	right	1
thought	a	1
give	me	1
been	through	1
go	back	1
that	could	1
take	the	1
when	he	1
sorry	my	1
been	it	1
to	retrial	1
your	phone	1
um-hum	the	1
retired	administrator	1
that	hunt	1
and	talk	1
night	that	1
politics	the	1
go	that	1
i	probably	1
little	bit	1
reads	uh	1
gets	back	1
inmate	in	1
someone	for	1
than	have	1
from	then	1
them	the	1
organizations	and	1
turtles	got	1
twice	before	1
antique	one	1
saw	field	1
what	it	1
going	around	1
management	101	1
today	fine	1
me	a	1
'm	i	1
seconds	oh	1
to	never	1
the	reason	1
less	than	1
what	can	1
pathetic	it	1
cheap	and	1
ananimous	verdict	1
is	eleven	1
can	yeah	1
of	numbers	1
to	choose	1
owned	uh	1
anything	and	1
um	he	1
or	things	1
ours	had	1
the	old	1
they	sentence	1
had	good	1
're	really	1
guy	is	1
right	now	1
's	sort	1
come	over	1
about	i	1
chapter	one	1
crowd	yeah	1
who	to	1
husband	works	1
what	about	1
the	victims	1
hands	of	1
else	instead	1
has	leeway	1
typical	bureaucracy	1
selling	things	1
some	others	1
car	new	1
uh	and	1
who	won	1
just	get	1
even	what	1
hung	jury	1
long	have	1
that	believes	1
does	n't	1
less	actually	1
certain	area	1
general	motors	1
i	first	1
in	things	1
money	yeah	1
bidder	oh	1
ever	talked	1
for	every	1
's	advantages	1
jurors	that	1
the	occurrence	1
family	hour	1
time	no	1
for	ti	1
oh	they	1
um	gosh	1
believe	we	1
any	not	1
get	thrown	1
half	unconscious	1
a	thousand	1
to	run	1
and	people	1
it	or	1
same	thing	1
from	them	1
burglar	is	1
time	oh	1
cannot	take	1
he	deserves	1
the	nights	1
talking	with	1
so	hers	1
problems	at	1
's	their	1
growing	up	1
just	let	1
of	gets	1
drunk	and	1
matter	of	1
a	luxury	1
amy	how	1
this	certain	1
watch	huh	1
the	store	1
else	you	1
telephone	calls	1
weird	hours	1
down	or	1
could	rig	1
night	okay	1
was	and	1
different	sport	1
no	solicitations	1
it	it	1
stop	people	1
to	price	1
um	kind	1
the	billboards	1
to	call	1
are	for	1
else	and	1
gone	to	1
really	stiff	1
ask	who	1
highest	bidder	1
everything	up	1
as	bad	1
and	things	1
n't	sure	1
could	spend	1
start	hanging	1
though	that	1
god	gun	1
fortune	to	1
somebody	going	1
do	this	1
i	stay	1
taken	any	1
could	be	1
it	says	1
would	stop	1
nights	when	1
student	oh	1
likewise	you	1
taking	them	1
hand	gun	1
list	are	1
fame	you	1
right	around	1
yeah	something	1
good-bye	and	1
husband	my	1
hand	pick	1
know	go	1
want	a	1
movie	too	1
really	gotten	1
uh-huh	real	1
people	when	1
of	car	1
that	is	1
their	mission	1
'll	report	1
what	now	1
it	well	1
it	either	1
consideration	but	1
makers	over	1
walk	into	1
but	oh	1
it	at	1
voice	that	1
the	yours	1
activated	and	1
day	you	1
your	gas	1
the	price	1
cleveland	yeah	1
the	horror	1
too	bad	1
all	well	1
read	a	1
my	own	1
okay	ellen	1
have	on	1
the	law	1
their	salesman	1
get	these	1
new	um-hum	1
else	how	1
says	religious	1
get	something	1
in	fort	1
that	since	1
you	well	1
brand	of	1
a	e	1
you	doing	1
they	also	1
calls	and	1
how	do	1
percentage	certain	1
can	have	1
'm	on	1
five	seconds	1
guess	uh	1
about	where	1
be	be	1
gosh	what	1
wonder	if	1
lives	in	1
is	you	1
rangers	every	1
teach	reading	1
stop	oh	1
like	luxury	1
get	drunk	1
that	happens	1
good	so	1
see	but	1
really	it	1
this	has	1
no	they	1
the	blank	1
the	classroom	1
a	really	1
bought	was	1
heated	topic	1
day	already	1
your	feelings	1
still	has	1
little	shopping	1
of	his	1
missionary	type	1
and	normally	1
their	products	1
an	all	1
but	not	1
just	they	1
and	doing	1
has	always	1
the	others	1
nolan	ryan	1
yeah	marge	1
um-hum	oh	1
'm	suppose	1
believes	that	1
've	never	1
mileage	yeah	1
a	while	1
all	figured	1
available	for	1
computer	voice	1
'm	at	1
cases	that	1
quality	is	1
now	my	1
price	's	1
to	look	1
and	answer	1
required	for	1
's	kind	1
real	hard	1
be	like	1
really	make	1
what	are	1
through	like	1
one	time	1
everybody	i	1
bartman	the	1
would	never	1
seen	at	1
tonight	oh	1
so	totally	1
his	short	1
buying	the	1
uh	let	1
uh	for	1
out	to	1
uh	daughter	1
weekends	in	1
still	come	1
teaches	in	1
uh	the	1
for	what	1
hunter	so	1
um-hum	peddling	1
religious	organization	1
months	that	1
doing	today	1
word	and	1
sharon	okay	1
end	you	1
strongly	about	1
getting	well	1
for	between	1
just	like	1
's	ridiculous	1
in	administration	1
front	that	1
a	sentence	1
house	you	1
already	starting	1
get	tired	1
other	hand	1
just	looking	1
but	likewise	1
uh	like	1
phone	tears	1
probably	real	1
of	stop	1
coming	up	1
religion	of	1
texas	stadium	1
you	bring	1
price	is	1
other	one	1
from	changing	1
yeah	ninja	1
about	gun	1
and	after	1
um-hum	so	1
at	that	1
sentences	if	1
uh	taking	1
or	required	1
doing	they	1
yeah	sure	1
what	happened	1
know	fifteen	1
are	speaking	1
football	and	1
out	um-hum	1
they	the	1
off	uh	1
do	as	1
american	yeah	1
hey	there	1
clutch	was	1
happens	a	1
just	it	1
me	i	1
an	unlisted	1
that	can	1
as	to	1
much	they	1
pads	are	1
of	scary	1
short	stories	1
bad	yeah	1
lake	or	1
is	oh	1
teaching	i	1
then	of	1
um	what	1
is	one	1
this	i	1
e	uh-huh	1
horror	movies	1
not	sure	1
my	mistake	1
costs	a	1
author	do	1
ones	and	1
the	sentences	1
side	and	1
okay	you	1
vote	against	1
is	really	1
thing	i	1
court	and	1
yes	quite	1
a	regular	1
.	uh	1
boy	network	1
other	things	1
ever	get	1
do	a	1
of	cooking	1
fortune	really	1
know	carrying	1
prison	then	1
easy	to	1
gets	worse	1
over	the	1
know	especially	1
time	you	1
yeah	uh-huh	1
answer	yeah	1
some	new	1
is	is	1
what	is	1
starving	children	1
sentence	you	1
is	obviously	1
minutes	did	1
love	to	1
know	let	1
their	peers	1
worse	what	1
say	there	1
pains	to	1
at	one	1
sleep	and	1
well	no	1
week	so	1
something	the	1
boy	it	1
book	oh	1
and	throwing	1
have	one	1
years	yeah	1
had	had	1
come	into	1
occurrences	i	1
i	see	1
ten	children	1
well	um	1
long	are	1
it	prevents	1
new	and	1
they	are	1
to	act	1
uh-huh	we	1
phone	you	1
one	but	1
much	better	1
know	joker	1
a	nerve	1
did	but	1
you	at	1
like	this	1
be	harder	1
pursue	their	1
with	me	1
uh	this	1
off	at	1
see	at	1
salesman	salesman	1
for	right	1
always	been	1
and	try	1
long	yeah	1
middle	of	1
can	be	1
six	months	1
fine	with	1
writing	the	1
will	always	1
mom	the	1
's	were	1
sure	did	1
it	could	1
up	the	1
complex	puts	1
really	up	1
wolves	of	1
they	buy	1
anybody	out	1
fill	out	1
useful	than	1
calls	people	1
had	been	1
then	that	1
a	long	1
the	right	1
've	talked	1
not	fighting	1
got	his	1
point	they	1
know	start	1
act	around	1
it	bye-bye	1
he	would	1
um	but	1
and	have	1
try	something	1
little	more	1
with	buying	1
is	always	1
even	bought	1
to	feel	1
about	sentencing	1
carrying	uzis	1
that	go	1
group	it	1
out	some	1
you	need	1
of	using	1
to	this	1
car	yet	1
so	true	1
those	people	1
shopping	centers	1
see	somebody	1
are	generated	1
gadgets	and	1
out	and	1
four	i	1
um	you	1
are	are	1
then	some	1
mission	as	1
in	really	1
foreign	ones	1
just	hang	1
old	boy	1
'm	in	1
fifteen	minutes	1
one	to	1
ten	then	1
job	's	1
gets	excellent	1
lot	bye-bye	1
okay	it	1
remember	you	1
a	burglar	1
nobody	's	1
whether	it	1
my	kids	1
american	home	1
you	oh	1
not	eligible	1
not	going	1
well	enjoyed	1
you	taught	1
bureaucracy	though	1
movies	you	1
um-hum	even	1
a	religious	1
there	not	1
back	um-hum	1
who	you	1
lot	too	1
talk	shows	1
than	that	1
lambs	it	1
percentage	of	1
know	clutches	1
remember	i	1
understand	so	1
stories	and	1
just	yeah	1
probably	could	1
serve	uh	1
god	and	1
it	changed	1
read	not	1
not	it	1
and	um-hum	1
'll	try	1
know	beyond	1
exactly	yeah	1
or	or	1
us	money	1
a	bit	1
any	blacks	1
of	questions	1
day	then	1
either	no	1
there	they	1
and	hang	1
what	the	1
i	even	1
years	in	1
well	heck	1
was	nice	1
phone	number	1
particular	religion	1
a	quite	1
them	i	1
early	if	1
own	now	1
go	down	1
taught	dallas	1
're	gonna	1
people	get	1
're	telling	1
actually	the	1
like	some	1
up	here	1
could	get	1
dallas	you	1
's	crazy	1
history	of	1
pull	me	1
huge	it	1
the	football	1
there	in	1
asked	to	1
about	when	1
it	bye	1
winds	up	1
gosh	it	1
reasons	you	1
v	a	1
uh	baseball	1
yeah	really	1
believe	in	1
guessed	i	1
they	know	1
this	get	1
a	hung	1
retrial	the	1
guess	the	1
husband	teaches	1
keep	an	1
of	weapons	1
not	one	1
turf	if	1
lately	and	1
apartment	manager	1
on	um-hum	1
any	other	1
problem	i	1
and	start	1
serving	two	1
up	pretty	1
start	shooting	1
things	they	1
mercedes	no	1
's	paroled	1
players	would	1
all	california	1
door	but	1
said	hey	1
've	also	1
mercedes	benz	1
reading	all	1
to	decide	1
marge	i	1
night	about	1
a	crowd	1
type	sporty	1
just	about	1
and	their	1
know	as	1
from	um	1
sense	in	1
disposable	you	1
in	texas	1
using	a	1
it	yep	1
taj	mahals	1
would	say	1
jim	and	1
was	like	1
the	american	1
uh	book	1
on	trials	1
earlier	uh-huh	1
n't	either	1
uh	when	1
hunters	they	1
in	have	1
debbie	moore	1
killed	two	1
things	about	1
but	as	1
car	but	1
is	for	1
around	here	1
control	uh	1
year	and	1
get	any	1
had	any	1
the	situation	1
payoff	huh	1
daughter	has	1
fine	oh	1
is	x	1
been	real	1
're	voice	1
ten	i	1
get	real	1
's	he	1
your	really	1
kids	they	1
allowed	to	1
even	had	1
lived	way	1
that	were	1
buy	your	1
the	well	1
in	prison	1
job	and	1
two	kids	1
from	a	1
guy	got	1
together	no	1
they	seem	1
know	freedom	1
or	somewhere	1
also	i	1
those	are	1
walk	around	1
used	wrongly	1
least	the	1
floors	i	1
i	hate	1
situation	like	1
worse	um-hum	1
on	or	1
background	but	1
throw	it	1
there	let	1
either	hear	1
try	new	1
buying	or	1
most	the	1
working	with	1
dog	and	1
he	put	1
book	huh	1
no	no	1
my	turf	1
all	at	1
the	country	1
him	hey	1
mopping	floors	1
these	taj	1
disposable	right	1
too	many	1
be	real	1
it	over	1
she	would	1
all	her	1
way	we	1
deserved	it	1
thought	yeah	1
make	that	1
longer	season	1
away	oh	1
there	uh-huh	1
can	talk	1
during	the	1
years	we	1
any	incoming	1
some	judge	1
cleveland	ohio	1
do	anything	1
limit	and	1
charles	manson	1
long-term	investment	1
you	want	1
at	his	1
whole	time	1
knew	it	1
what	have	1
oh	my	1
against	that	1
the	line	1
it	anyway	1
money	too	1
juries	who	1
bye	i	1
talked	that	1
others	but	1
religious	organizations	1
is	our	1
one	difference	1
if	we	1
won	a	1
guns	automatic	1
have	got	1
then	the	1
should	i	1
a	red	1
given	it	1
from	his	1
mean	what	1
um-hum	you	1
for	me	1
you	feel	1
it	can	1
the	sun	1
anything	except	1
leeway	on	1
c	v	1
stadium	last	1
california	might	1
um	their	1
occurrence	you	1
the	pennant	1
have	guessed	1
to	stay	1
way	look	1
with	that	1
was	uh	1
uh	fifty	1
illegal	so	1
to	read	1
forms	but	1
benz	they	1
here	i	1
gun	in	1
next	five	1
last	car	1
bet	you	1
at	well	1
places	in	1
year	i	1
um	tell	1
get	it	1
they	hand	1
intervene	uh	1
to	oh	1
even	even	1
it	the	1
when	brake	1
in	no	1
never	going	1
starting	reading	1
got	chopped	1
before	he	1
their	right	1
of	crazy	1
is	i	1
you	looking	1
's	available	1
other	thinking	1
a	half	1
're	much	1
righty	i	1
really	stop	1
we	are	1
one	thing	1
hm	they	1
myself	my	1
are	some	1
actually	have	1
off	and	1
life	you	1
now	good	1
just	you	1
hm	well	1
her	problems	1
the	stadium	1
minutes	of	1
mean	somebody	1
times	that	1
in	uh	1
true	well	1
time	ago	1
then	just	1
exactly	and	1
more	right	1
family	of	1
costing	the	1
building	these	1
believe	they	1
works	for	1
quit	bsing	1
life	in	1
phone	yes	1
weapons	and	1
your	limit	1
there	should	1
many	people	1
reason	but	1
them	out	1
fifty	years	1
them	it	1
on	what	1
yeah	wow	1
heroes	has	1
father	and	1
till	last	1
pretty	doggone	1
after	you	1
a	break	1
wanting	to	1
a	uh	1
wonderful	and	1
hold	it	1
way	yeah	1
um	just	1
else	i	1
let	all	1
my	brother	1
said	amenities	1
one	like	1
but	um	1
a	tough	1
it	one	1
exist	right	1
service	or	1
're	from	1
'm	debbie	1
n't	feel	1
say	their	1
said	after	1
i	am	1
thousand	dollars	1
know	politics	1
could	do	1
a	clutch	1
oakland	a	1
so	either	1
cowboys	tonight	1
judge	presently	1
unlisted	telephone	1
gun	management	1
some	major	1
it	um	1
recorded	message	1
message	everything	1
just	said	1
not	next	1
i	wish	1
i	decided	1
call	you	1
should	make	1
see	holly	1
either	yeah	1
ask	a	1
like	one	1
calls	that	1
crazy	people	1
hers	was	1
not	lately	1
either	religious	1
right	that	1
video	do	1
uh	think	1
not	you	1
some	people	1
life	and	1
taught	taught	1
verdict	and	1
sporty	one	1
keep	some	1
how	's	1
a	toyota	1
i	especially	1
says	uh	1
well	give	1
day	and	1
're	at	1
an	inmate	1
the	parts	1
told	what	1
brother	that	1
too	but	1
cards	for	1
and	uh-huh	1
and	spend	1
got	one	1
guy	's	1
because	several	1
book	tied	1
too	uh	1
sect	and	1
um	the	1
yep	oh	1
to	bought	1
serial	murders	1
like	three	1
gun	myself	1
day	long	1
next	day	1
stadium	where	1
are	here	1
of	fame	1
is	to	1
jury	here	1
breaks	up	1
too	jim	1
big	consideration	1
jurors	before	1
would	think	1
okay	is	1
there	on	1
huh	i	1
everything	to	1
heard	a	1
amenities	that	1
crazies	out	1
say	oh	1
've	pretty	1
the	movies	1
those	movies	1
i	play	1
came	back	1
consider	to	1
night	one	1
starving	or	1
neck	of	1
want	them	1
've	uh	1
telephone	number	1
quite	as	1
comment	when	1
years	teaching	1
themselves	then	1
long	and	1
is	most	1
after	about	1
do	the	1
christ	of	1
bad	and	1
commercials	and	1
major	work	1
any	sense	1
like	just	1
your	house	1
gotten	that	1
yours	is	1
movie	um-hum	1
eight	and	1
pick	their	1
all	um	1
like	six	1
ask	me	1
happened	to	1
and	dad	1
the	author	1
hey	right	1
saying	no	1
from	coming	1
uh-huh	it	1
the	scale	1
situation	that	1
this	course	1
a	long-term	1
door	i	1
true	and	1
found	guilty	1
were	see	1
one	way	1
every	once	1
those	pictures	1
named	after	1
what	things	1
right	amy	1
'll	be	1
hear	somebody	1
was	boring	1
any	good	1
on	their	1
classroom	and	1
last	one	1
but	on	1
funny	how	1
little	kids	1
ones	are	1
guns	but	1
was	telling	1
harassment	in	1
um	a	1
soliciting	selling	1
myself	go	1
gun	have	1
there	was	1
was	found	1
something	yeah	1
sounds	like	1
up	in	1
or	otherwise	1
in	people	1
can	just	1
um-hum	that	1
and	killed	1
said	you	1
no	if	1
decide	it	1
of	crazies	1
too	how	1
good	that	1
own	i	1
and	what	1
had	somebody	1
's	when	1
start	going	1
of	shoeless	1
my	money	1
the	color	1
thrown	out	1
huh	and	1
of	gun	1
hangings	on	1
true	living	1
pay	on	1
really	good	1
we	saw	1
rather	than	1
does	that	1
bought	it	1
tonight	this	1
really	this	1
funny	and	1
n't	ever	1
it	a	1
tears	off	1
much	clearer	1
said	he	1
they	were	1
're	you	1
true	so	1
i	also	1
wanted	their	1
his	whole	1
book	of	1
more	for	1
sun	yeah	1
prolongs	the	1
feel	about	1
exactly	you	1
until	you	1
now	they	1
're	hunters	1
a	dinner	1
someone	's	1
just	and	1
and	no	1
got	the	1
decent	well	1
you	thinking	1
weeks	ago	1
sleep	the	1
heard	on	1
he	lives	1
a	time	1
called	for	1
do	more	1
ohio	we	1
soon	as	1
to	bed	1
what	he	1
life	like	1
as	you	1
know	is	1
phone	numbers	1
mean	they	1
i	finally	1
have	won	1
the	name	1
real	interesting	1
so	unbelievable	1
guns	that	1
things	sort	1
and	invariably	1
the	who	1
and	call	1
into	your	1
they	still	1
there	it	1
know	sentence	1
hung	up	1
was	reading	1
goodness	okay	1
anyway	like	1
's	been	1
called	luxury	1
friend	of	1
religious	groups	1
country	and	1
oh	well	1
but	seems	1
use	it	1
've	either	1
money	for	1
has	life	1
uh	seventy	1
's	comment	1
difference	i	1
from	cleveland	1
stiff	penalties	1
never	know	1
criminals	are	1
background	search	1
having	a	1
and	drag	1
somebody	walks	1
even	mine	1
know	particularly	1
night	on	1
funny	he	1
yet	but	1
know	oh	1
control	but	1
five	minutes	1
texas	it	1
woman	called	1
these	really	1
know	walk	1
or	someone	1
is	how	1
taiwan	for	1
introducing	some	1
there	'd	1
it	named	1
working	in	1
started	off	1
fun	that	1
prevents	it	1
moore	you	1
so	how	1
and	everybody	1
news	last	1
something	or	1
crazy	life	1
guess	california	1
would	do	1
people	hm	1
deserves	every	1
can	uh	1
should	do	1
have	your	1
remember	his	1
just	cleaning	1
three	hundred	1
jails	for	1
thought	they	1
've	called	1
of	another	1
every	sequence	1
long	they	1
say	like	1
peers	at	1
year	beats	1
i	let	1
trial	which	1
gotten	and	1
no	room	1
eight	there	1
this	car	1
way	that	1
to	offer	1
college	student	1
yes	yes	1
just	winds	1
slow	and	1
between	you	1
know	when	1
um-hum	well	1
believe	deserve	1
close	well	1
guy	was	1
example	there	1
won	the	1
we	have	1
sign	up	1
against	these	1
the	end	1
be	tougher	1
off	or	1
uh	jesus	1
such	a	1
company	or	1
tied	in	1
to	remember	1
i	went	1
dallas	so	1
and	really	1
up	there	1
that	day	1
with	and	1
of	stuff	1
addresses	and	1
mistake	yeah	1
a	day	1
guess	that	1
so	to	1
what	else	1
jesus	christ	1
no	defense	1
just	do	1
centers	in	1
deer	yeah	1
front	of	1
luxury	type	1
my	book	1
good	because	1
impact	but	1
reasonable	doubt	1
penalty	yeah	1
that	really	1
from	anybody	1
subject	there	1
into	the	1
everyone	should	1
bam	bam	1
year	were	1
bit	but	1
go	all	1
no	actually	1
you	no	1
be	allowed	1
over	ten	1
complex	though	1
everything	is	1
verdict	the	1
not	anybody	1
that	at	1
good-bye	within	1
've	written	1
really	feel	1
great	i	1
realize	there	1
to	even	1
select	group	1
unbelievable	i	1
'm	from	1
out	it	1
breaking	down	1
right	uh-huh	1
up	spending	1
report	something	1
care	of	1
people	uh	1
bought	a	1
his	peers	1
not	at	1
then	uh	1
ten	too	1
movies	lately	1
sometimes	the	1
let	liquor	1
covered	baseball	1
who	have	1
months	this	1
everybody	's	1
little	like	1
particular	sect	1
hardly	had	1
have	i	1
've	extended	1
period	yeah	1
true	they	1
his	neck	1
how	baseball	1
least	two	1
nice	talking	1
those	but	1
